2.606615	1.822491	
2.606197	1.822491	
2.606197	1.804303	
2.606197	1.804303	
2.606197	1.804303	
2.606197	1.804303	
2.606197	1.804303	
2.606197	1.804303	
2.606197	1.804303	
2.606450	1.804303	
2.606450	1.804725	
2.606450	1.804725	
2.606450	1.804725	
2.606450	1.804725	
2.606450	1.804725	
2.606450	1.804725	
2.606450	1.804725	
2.606476	1.804725	
2.606476	1.814868	
2.606476	1.814868	
2.606476	1.814868	
2.606476	1.814868	
2.606476	1.814868	
2.606476	1.814868	
2.606476	1.814868	
2.606676	1.814868	
2.606676	1.817716	
2.606676	1.817716	
2.606676	1.817716	
2.606676	1.817716	
2.606676	1.817716	
2.606676	1.817716	
2.606676	1.817716	
2.606760	1.817716	
2.606760	1.809484	
2.606760	1.809484	
2.606760	1.809484	
2.606760	1.809484	
2.606760	1.809484	
2.606760	1.809484	
2.606760	1.809484	
2.606611	1.809484	
2.606611	1.802491	
2.606611	1.802491	
2.606611	1.802491	
2.606611	1.802491	
2.606611	1.802491	
2.606611	1.802491	
2.606611	1.802491	
2.606633	1.802491	
2.606633	1.810898	
2.606633	1.810898	
2.606633	1.810898	
2.606633	1.810898	
2.606633	1.810898	
2.606633	1.810898	
2.606633	1.810898	
2.606286	1.810898	
2.606286	1.818934	
2.606286	1.818934	
2.606286	1.818934	
2.606286	1.818934	
2.606286	1.818934	
2.606286	1.818934	
2.606286	1.818934	
2.606428	1.818934	
2.606428	1.820061	
2.606428	1.820061	
2.606428	1.820061	
2.606428	1.820061	
2.606428	1.820061	
2.606428	1.820061	
2.606428	1.820061	
2.606538	1.820061	
2.606538	1.805633	
2.606538	1.805633	
2.606538	1.805633	
2.606538	1.805633	
2.606538	1.805633	
2.606538	1.805633	
2.606538	1.805633	
2.606308	1.805633	
2.606308	1.801916	
2.606308	1.801916	
2.606308	1.801916	
2.606308	1.801916	
2.606308	1.801916	
2.606308	1.801916	
2.606308	1.801916	
2.606285	1.801916	
2.606285	1.818149	
2.606285	1.818149	
2.606285	1.818149	
2.606285	1.818149	
2.606285	1.818149	
2.606285	1.818149	
2.606285	1.818149	
2.606294	1.818149	
2.606294	1.826710	
2.606294	1.826710	
2.606294	1.826710	
2.606294	1.826710	
2.606294	1.826710	
2.606294	1.826710	
2.606294	1.826710	
2.606173	1.826710	
2.606173	1.808442	
2.606173	1.808442	
2.606173	1.808442	
2.606173	1.808442	
2.606173	1.808442	
2.606173	1.808442	
2.606173	1.808442	
2.606174	1.808442	
2.606174	1.798481	
2.606174	1.798481	
2.606174	1.798481	
2.606174	1.798481	
2.606174	1.798481	
2.606174	1.798481	
2.606174	1.798481	
2.605940	1.798481	
2.605940	1.814090	
2.605940	1.814090	
2.605940	1.814090	
2.605940	1.814090	
2.605940	1.814090	
2.605940	1.814090	
2.605940	1.814090	
2.605879	1.814090	
2.605879	1.819792	
2.605879	1.819792	
2.605879	1.819792	
2.605879	1.819792	
2.605879	1.819792	
2.605879	1.819792	
2.605879	1.819792	
2.605585	1.819792	
2.605585	1.809855	
2.605585	1.809855	
2.605585	1.809855	
2.605585	1.809855	
2.605585	1.809855	
2.605585	1.809855	
2.605585	1.809855	
2.605758	1.809855	
2.605758	1.804691	
2.605758	1.804691	
2.605758	1.804691	
2.605758	1.804691	
2.605758	1.804691	
2.605758	1.804691	
2.605758	1.804691	
2.605661	1.804691	
2.605661	1.811522	
2.605661	1.811522	
2.605661	1.811522	
2.605661	1.811522	
2.605661	1.811522	
2.605661	1.811522	
2.605661	1.811522	
2.605360	1.811522	
2.605360	1.818504	
2.605360	1.818504	
2.605360	1.818504	
2.605360	1.818504	
2.605360	1.818504	
2.605360	1.818504	
2.605360	1.818504	
2.605389	1.818504	
2.605389	1.814639	
2.605389	1.814639	
2.605389	1.814639	
2.605389	1.814639	
2.605389	1.814639	
2.605389	1.814639	
2.605389	1.814639	
2.604958	1.814639	
2.604958	1.806559	
2.604958	1.806559	
2.604958	1.806559	
2.604958	1.806559	
2.604958	1.806559	
2.604958	1.806559	
2.604958	1.806559	
2.605180	1.806559	
2.605180	1.801204	
2.605180	1.801204	
2.605180	1.801204	
2.605180	1.801204	
2.605180	1.801204	
2.605180	1.801204	
2.605180	1.801204	
2.604755	1.801204	
2.604755	1.818765	
2.604755	1.818765	
2.604755	1.818765	
2.604755	1.818765	
2.604755	1.818765	
2.604755	1.818765	
2.604755	1.818765	
2.604776	1.818765	
2.604776	1.829737	
2.604776	1.829737	
2.604776	1.829737	
2.604776	1.829737	
2.604776	1.829737	
2.604776	1.829737	
2.604776	1.829737	
2.604859	1.829737	
2.604859	1.806244	
2.604859	1.806244	
2.604859	1.806244	
2.604859	1.806244	
2.604859	1.806244	
2.604859	1.806244	
2.604859	1.806244	
2.604647	1.806244	
2.604647	1.800547	
2.604647	1.800547	
2.604647	1.800547	
2.604647	1.800547	
2.604647	1.800547	
2.604647	1.800547	
2.604647	1.800547	
2.604761	1.800547	
2.604761	1.818537	
2.604761	1.818537	
2.604761	1.818537	
2.604761	1.818537	
2.604761	1.818537	
2.604761	1.818537	
2.604761	1.818537	
2.604657	1.818537	
2.604657	1.824396	
2.604657	1.824396	
2.604657	1.824396	
2.604657	1.824396	
2.604657	1.824396	
2.604657	1.824396	
2.604657	1.824396	
2.604299	1.824396	
2.604299	1.809367	
2.604299	1.809367	
2.604299	1.809367	
2.604299	1.809367	
2.604299	1.809367	
2.604299	1.809367	
2.604299	1.809367	
2.604241	1.809367	
2.604241	1.809528	
2.604241	1.809528	
2.604241	1.809528	
2.604241	1.809528	
2.604241	1.809528	
2.604241	1.809528	
2.604241	1.809528	
2.604159	1.809528	
2.604159	1.817011	
2.604159	1.817011	
2.604159	1.817011	
2.604159	1.817011	
2.604159	1.817011	
2.604159	1.817011	
2.604159	1.817011	
2.603891	1.817011	
2.603891	1.818836	
2.603891	1.818836	
2.603891	1.818836	
2.603891	1.818836	
2.603891	1.818836	
2.603891	1.818836	
2.603891	1.818836	
2.603726	1.818836	
2.603726	1.812416	
2.603726	1.812416	
2.603726	1.812416	
2.603726	1.812416	
2.603726	1.812416	
2.603726	1.812416	
2.603726	1.812416	
2.603637	1.812416	
2.603637	1.808202	
2.603637	1.808202	
2.603637	1.808202	
2.603637	1.808202	
2.603637	1.808202	
2.603637	1.808202	
2.603637	1.808202	
2.603453	1.808202	
2.603453	1.809586	
2.603453	1.809586	
2.603453	1.809586	
2.603453	1.809586	
2.603453	1.809586	
2.603453	1.809586	
2.603453	1.809586	
2.603137	1.809586	
2.603137	1.820200	
2.603137	1.820200	
2.603137	1.820200	
2.603137	1.820200	
2.603137	1.820200	
2.603137	1.820200	
2.603137	1.820200	
2.603363	1.820200	
2.603363	1.825967	
2.603363	1.825967	
2.603363	1.825967	
2.603363	1.825967	
2.603363	1.825967	
2.603363	1.825967	
2.603363	1.825967	
2.603112	1.825967	
2.603112	1.806385	
2.603112	1.806385	
2.603112	1.806385	
2.603112	1.806385	
2.603112	1.806385	
2.603112	1.806385	
2.603112	1.806385	
2.602567	1.806385	
2.602567	1.793759	
2.602567	1.793759	
2.602567	1.793759	
2.602567	1.793759	
2.602567	1.793759	
2.602567	1.793759	
2.602567	1.793759	
2.602514	1.793759	
2.602514	1.820637	
2.602514	1.820637	
2.602514	1.820637	
2.602514	1.820637	
2.602514	1.820637	
2.602514	1.820637	
2.602514	1.820637	
2.602488	1.820637	
2.602488	1.824016	
2.602488	1.824016	
2.602488	1.824016	
2.602488	1.824016	
2.602488	1.824016	
2.602488	1.824016	
2.602488	1.824016	
2.601970	1.824016	
2.601970	1.803859	
2.601970	1.803859	
2.601970	1.803859	
2.601970	1.803859	
2.601970	1.803859	
2.601970	1.803859	
2.601970	1.803859	
2.602205	1.803859	
2.602205	1.802970	
2.602205	1.802970	
2.602205	1.802970	
2.602205	1.802970	
2.602205	1.802970	
2.602205	1.802970	
2.602205	1.802970	
2.601865	1.802970	
2.601865	1.811949	
2.601865	1.811949	
2.601865	1.811949	
2.601865	1.811949	
2.601865	1.811949	
2.601865	1.811949	
2.601865	1.811949	
2.601917	1.811949	
2.601917	1.818411	
2.601917	1.818411	
2.601917	1.818411	
2.601917	1.818411	
2.601917	1.818411	
2.601917	1.818411	
2.601917	1.818411	
2.601690	1.818411	
2.601690	1.809410	
2.601690	1.809410	
2.601690	1.809410	
2.601690	1.809410	
2.601690	1.809410	
2.601690	1.809410	
2.601690	1.809410	
2.601386	1.809410	
2.601386	1.804808	
2.601386	1.804808	
2.601386	1.804808	
2.601386	1.804808	
2.601386	1.804808	
2.601386	1.804808	
2.601386	1.804808	
2.601025	1.804808	
2.601025	1.809859	
2.601025	1.809859	
2.601025	1.809859	
2.601025	1.809859	
2.601025	1.809859	
2.601025	1.809859	
2.601025	1.809859	
2.601082	1.809859	
2.601082	1.815984	
2.601082	1.815984	
2.601082	1.815984	
2.601082	1.815984	
2.601082	1.815984	
2.601082	1.815984	
2.601082	1.815984	
2.600840	1.815984	
2.600840	1.818392	
2.600840	1.818392	
2.600840	1.818392	
2.600840	1.818392	
2.600840	1.818392	
2.600840	1.818392	
2.600840	1.818392	
2.600829	1.818392	
2.600829	1.807983	
2.600829	1.807983	
2.600829	1.807983	
2.600829	1.807983	
2.600829	1.807983	
2.600829	1.807983	
2.600829	1.807983	
2.600256	1.807983	
2.600256	1.804738	
2.600256	1.804738	
2.600256	1.804738	
2.600256	1.804738	
2.600256	1.804738	
2.600256	1.804738	
2.600256	1.804738	
2.599886	1.804738	
2.599886	1.820029	
2.599886	1.820029	
2.599886	1.820029	
2.599886	1.820029	
2.599886	1.820029	
2.599886	1.820029	
2.599886	1.820029	
2.600148	1.820029	
2.600148	1.827940	
2.600148	1.827940	
2.600148	1.827940	
2.600148	1.827940	
2.600148	1.827940	
2.600148	1.827940	
2.600148	1.827940	
2.599875	1.827940	
2.599875	1.805282	
2.599875	1.805282	
2.599875	1.805282	
2.599875	1.805282	
2.599875	1.805282	
2.599875	1.805282	
2.599875	1.805282	
2.599526	1.805282	
2.599526	1.799182	
2.599526	1.799182	
2.599526	1.799182	
2.599526	1.799182	
2.599526	1.799182	
2.599526	1.799182	
2.599526	1.799182	
2.599278	1.799182	
2.599278	1.818178	
2.599278	1.818178	
2.599278	1.818178	
2.599278	1.818178	
2.599278	1.818178	
2.599278	1.818178	
2.599278	1.818178	
2.598314	1.818178	
2.598314	1.818950	
2.598314	1.818950	
2.598314	1.818950	
2.598314	1.818950	
2.598314	1.818950	
2.598314	1.818950	
2.598314	1.818950	
2.598465	1.818950	
2.598465	1.811652	
2.598465	1.811652	
2.598465	1.811652	
2.598465	1.811652	
2.598465	1.811652	
2.598465	1.811652	
2.598465	1.811652	
2.598838	1.811652	
2.598838	1.808883	
2.598838	1.808883	
2.598838	1.808883	
2.598838	1.808883	
2.598838	1.808883	
2.598838	1.808883	
2.598838	1.808883	
2.598161	1.808883	
2.598161	1.816698	
2.598161	1.816698	
2.598161	1.816698	
2.598161	1.816698	
2.598161	1.816698	
2.598161	1.816698	
2.598161	1.816698	
2.598641	1.816698	
2.598641	1.829178	
2.598641	1.829178	
2.598641	1.829178	
2.598641	1.829178	
2.598641	1.829178	
2.598641	1.829178	
2.598641	1.829178	
2.599138	1.829178	
2.599138	1.820289	
2.599138	1.820289	
2.599138	1.820289	
2.599138	1.820289	
2.599138	1.820289	
2.599138	1.820289	
2.599138	1.820289	
2.598573	1.820289	
2.598573	1.808833	
2.598573	1.808833	
2.598573	1.808833	
2.598573	1.808833	
2.598573	1.808833	
2.598573	1.808833	
2.598573	1.808833	
2.598325	1.808833	
2.598325	1.809300	
2.598325	1.809300	
2.598325	1.809300	
2.598325	1.809300	
2.598325	1.809300	
2.598325	1.809300	
2.598325	1.809300	
2.598377	1.809300	
2.598377	1.817898	
2.598377	1.817898	
2.598377	1.817898	
2.598377	1.817898	
2.598377	1.817898	
2.598377	1.817898	
2.598377	1.817898	
2.596636	1.817898	
2.596636	1.828278	
2.596636	1.828278	
2.596636	1.828278	
2.596636	1.828278	
2.596636	1.828278	
2.596636	1.828278	
2.596636	1.828278	
2.593464	1.828278	
2.593464	1.806734	
2.593464	1.806734	
2.593464	1.806734	
2.593464	1.806734	
2.593464	1.806734	
2.593464	1.806734	
2.593464	1.806734	
2.590896	1.806734	
2.590896	1.802868	
2.590896	1.802868	
2.590896	1.802868	
2.590896	1.802868	
2.590896	1.802868	
2.590896	1.802868	
2.590896	1.802868	
2.588066	1.802868	
2.588066	1.822754	
2.588066	1.822754	
2.588066	1.822754	
2.588066	1.822754	
2.588066	1.822754	
2.588066	1.822754	
2.588066	1.822754	
2.584491	1.822754	
2.584491	1.822265	
2.584491	1.822265	
2.584491	1.822265	
2.584491	1.822265	
2.584491	1.822265	
2.584491	1.822265	
2.584491	1.822265	
2.581730	1.822265	
2.581730	1.805580	
2.581730	1.805580	
2.581730	1.805580	
2.581730	1.805580	
2.581730	1.805580	
2.581730	1.805580	
2.581730	1.805580	
2.578816	1.805580	
2.578816	1.804050	
2.578816	1.804050	
2.578816	1.804050	
2.578816	1.804050	
2.578816	1.804050	
2.578816	1.804050	
2.578816	1.804050	
2.575608	1.804050	
2.575608	1.814317	
2.575608	1.814317	
2.575608	1.814317	
2.575608	1.814317	
2.575608	1.814317	
2.575608	1.814317	
2.575608	1.814317	
2.572693	1.814317	
2.572693	1.821513	
2.572693	1.821513	
2.572693	1.821513	
2.572693	1.821513	
2.572693	1.821513	
2.572693	1.821513	
2.572693	1.821513	
2.570073	1.821513	
2.570073	1.816652	
2.570073	1.816652	
2.570073	1.816652	
2.570073	1.816652	
2.570073	1.816652	
2.570073	1.816652	
2.570073	1.816652	
2.566587	1.816652	
2.566587	1.807425	
2.566587	1.807425	
2.566587	1.807425	
2.566587	1.807425	
2.566587	1.807425	
2.566587	1.807425	
2.566587	1.807425	
2.563177	1.807425	
2.563177	1.811277	
2.563177	1.811277	
2.563177	1.811277	
2.563177	1.811277	
2.563177	1.811277	
2.563177	1.811277	
2.563177	1.811277	
2.560820	1.811277	
2.560820	1.819825	
2.560820	1.819825	
2.560820	1.819825	
2.560820	1.819825	
2.560820	1.819825	
2.560820	1.819825	
2.560820	1.819825	
2.557565	1.819825	
2.557565	1.822902	
2.557565	1.822902	
2.557565	1.822902	
2.557565	1.822902	
2.557565	1.822902	
2.557565	1.822902	
2.557565	1.822902	
2.554650	1.822902	
2.554650	1.790135	
2.554650	1.790135	
2.554650	1.790135	
2.554650	1.790135	
2.554650	1.790135	
2.554650	1.790135	
2.554650	1.790135	
2.551856	1.790135	
2.551856	1.795656	
2.551856	1.795656	
2.551856	1.795656	
2.551856	1.795656	
2.551856	1.795656	
2.551856	1.795656	
2.551856	1.795656	
2.549223	1.795656	
2.549223	1.819261	
2.549223	1.819261	
2.549223	1.819261	
2.549223	1.819261	
2.549223	1.819261	
2.549223	1.819261	
2.549223	1.819261	
2.546092	1.819261	
2.546092	1.825198	
2.546092	1.825198	
2.546092	1.825198	
2.546092	1.825198	
2.546092	1.825198	
2.546092	1.825198	
2.546092	1.825198	
2.542948	1.825198	
2.542948	1.804309	
2.542948	1.804309	
2.542948	1.804309	
2.542948	1.804309	
2.542948	1.804309	
2.542948	1.804309	
2.542948	1.804309	
2.540320	1.804309	
2.540320	1.803415	
2.540320	1.803415	
2.540320	1.803415	
2.540320	1.803415	
2.540320	1.803415	
2.540320	1.803415	
2.540320	1.803415	
2.537238	1.803415	
2.537238	1.814859	
2.537238	1.814859	
2.537238	1.814859	
2.537238	1.814859	
2.537238	1.814859	
2.537238	1.814859	
2.537238	1.814859	
2.534734	1.814859	
2.534734	1.818608	
2.534734	1.818608	
2.534734	1.818608	
2.534734	1.818608	
2.534734	1.818608	
2.534734	1.818608	
2.534734	1.818608	
2.532149	1.818608	
2.532149	1.812182	
2.532149	1.812182	
2.532149	1.812182	
2.532149	1.812182	
2.532149	1.812182	
2.532149	1.812182	
2.532149	1.812182	
2.529407	1.812182	
2.529407	1.806998	
2.529407	1.806998	
2.529407	1.806998	
2.529407	1.806998	
2.529407	1.806998	
2.529407	1.806998	
2.529407	1.806998	
2.526745	1.806998	
2.526745	1.814986	
2.526745	1.814986	
2.526745	1.814986	
2.526745	1.814986	
2.526745	1.814986	
2.526745	1.814986	
2.526745	1.814986	
2.524239	1.814986	
2.524239	1.818327	
2.524239	1.818327	
2.524239	1.818327	
2.524239	1.818327	
2.524239	1.818327	
2.524239	1.818327	
2.524239	1.818327	
2.521425	1.818327	
2.521425	1.814771	
2.521425	1.814771	
2.521425	1.814771	
2.521425	1.814771	
2.521425	1.814771	
2.521425	1.814771	
2.521425	1.814771	
2.518546	1.814771	
2.518546	1.809105	
2.518546	1.809105	
2.518546	1.809105	
2.518546	1.809105	
2.518546	1.809105	
2.518546	1.809105	
2.518546	1.809105	
2.516360	1.809105	
2.516360	1.802485	
2.516360	1.802485	
2.516360	1.802485	
2.516360	1.802485	
2.516360	1.802485	
2.516360	1.802485	
2.516360	1.802485	
2.513828	1.802485	
2.513828	1.822529	
2.513828	1.822529	
2.513828	1.822529	
2.513828	1.822529	
2.513828	1.822529	
2.513828	1.822529	
2.513828	1.822529	
2.511608	1.822529	
2.511608	1.828164	
2.511608	1.828164	
2.511608	1.828164	
2.511608	1.828164	
2.511608	1.828164	
2.511608	1.828164	
2.511608	1.828164	
2.509003	1.828164	
2.509003	1.811402	
2.509003	1.811402	
2.509003	1.811402	
2.509003	1.811402	
2.509003	1.811402	
2.509003	1.811402	
2.509003	1.811402	
2.506965	1.811402	
2.506965	1.799698	
2.506965	1.799698	
2.506965	1.799698	
2.506965	1.799698	
2.506965	1.799698	
2.506965	1.799698	
2.506965	1.799698	
2.509034	1.799698	
2.509034	1.821707	
2.509034	1.821707	
2.509034	1.821707	
2.509034	1.821707	
2.509034	1.821707	
2.509034	1.821707	
2.509034	1.821707	
2.511339	1.821707	
2.511339	1.819665	
2.511339	1.819665	
2.511339	1.819665	
2.511339	1.819665	
2.511339	1.819665	
2.511339	1.819665	
2.511339	1.819665	
2.513522	1.819665	
2.513522	1.809800	
2.513522	1.809800	
2.513522	1.809800	
2.513522	1.809800	
2.513522	1.809800	
2.513522	1.809800	
2.513522	1.809800	
2.515841	1.809800	
2.515841	1.805773	
2.515841	1.805773	
2.515841	1.805773	
2.515841	1.805773	
2.515841	1.805773	
2.515841	1.805773	
2.515841	1.805773	
2.518795	1.805773	
2.518795	1.815875	
2.518795	1.815875	
2.518795	1.815875	
2.518795	1.815875	
2.518795	1.815875	
2.518795	1.815875	
2.518795	1.815875	
2.521175	1.815875	
2.521175	1.823477	
2.521175	1.823477	
2.521175	1.823477	
2.521175	1.823477	
2.521175	1.823477	
2.521175	1.823477	
2.521175	1.823477	
2.523413	1.823477	
2.523413	1.816459	
2.523413	1.816459	
2.523413	1.816459	
2.523413	1.816459	
2.523413	1.816459	
2.523413	1.816459	
2.523413	1.816459	
2.526205	1.816459	
2.526205	1.811295	
2.526205	1.811295	
2.526205	1.811295	
2.526205	1.811295	
2.526205	1.811295	
2.526205	1.811295	
2.526205	1.811295	
2.528904	1.811295	
2.528904	1.807885	
2.528904	1.807885	
2.528904	1.807885	
2.528904	1.807885	
2.528904	1.807885	
2.528904	1.807885	
2.528904	1.807885	
2.531589	1.807885	
2.531589	1.821178	
2.531589	1.821178	
2.531589	1.821178	
2.531589	1.821178	
2.531589	1.821178	
2.531589	1.821178	
2.531589	1.821178	
2.534297	1.821178	
2.534297	1.830141	
2.534297	1.830141	
2.534297	1.830141	
2.534297	1.830141	
2.534297	1.830141	
2.534297	1.830141	
2.534297	1.830141	
2.537000	1.830141	
2.537000	1.810244	
2.537000	1.810244	
2.537000	1.810244	
2.537000	1.810244	
2.537000	1.810244	
2.537000	1.810244	
2.537000	1.810244	
2.539634	1.810244	
2.539634	1.800930	
2.539634	1.800930	
2.539634	1.800930	
2.539634	1.800930	
2.539634	1.800930	
2.539634	1.800930	
2.539634	1.800930	
2.542333	1.800930	
2.542333	1.824849	
2.542333	1.824849	
2.542333	1.824849	
2.542333	1.824849	
2.542333	1.824849	
2.542333	1.824849	
2.542333	1.824849	
2.545398	1.824849	
2.545398	1.820673	
2.545398	1.820673	
2.545398	1.820673	
2.545398	1.820673	
2.545398	1.820673	
2.545398	1.820673	
2.545398	1.820673	
2.548077	1.820673	
2.548077	1.809460	
2.548077	1.809460	
2.548077	1.809460	
2.548077	1.809460	
2.548077	1.809460	
2.548077	1.809460	
2.548077	1.809460	
2.551470	1.809460	
2.551470	1.806911	
2.551470	1.806911	
2.551470	1.806911	
2.551470	1.806911	
2.551470	1.806911	
2.551470	1.806911	
2.551470	1.806911	
2.554273	1.806911	
2.554273	1.813422	
2.554273	1.813422	
2.554273	1.813422	
2.554273	1.813422	
2.554273	1.813422	
2.554273	1.813422	
2.554273	1.813422	
2.557168	1.813422	
2.557168	1.820832	
2.557168	1.820832	
2.557168	1.820832	
2.557168	1.820832	
2.557168	1.820832	
2.557168	1.820832	
2.557168	1.820832	
2.560144	1.820832	
2.560144	1.814174	
2.560144	1.814174	
2.560144	1.814174	
2.560144	1.814174	
2.560144	1.814174	
2.560144	1.814174	
2.560144	1.814174	
2.563113	1.814174	
2.563113	1.802811	
2.563113	1.802811	
2.563113	1.802811	
2.563113	1.802811	
2.563113	1.802811	
2.563113	1.802811	
2.563113	1.802811	
2.565728	1.802811	
2.565728	1.811725	
2.565728	1.811725	
2.565728	1.811725	
2.565728	1.811725	
2.565728	1.811725	
2.565728	1.811725	
2.565728	1.811725	
2.568765	1.811725	
2.568765	1.828194	
2.568765	1.828194	
2.568765	1.828194	
2.568765	1.828194	
2.568765	1.828194	
2.568765	1.828194	
2.568765	1.828194	
2.571893	1.828194	
2.571893	1.832540	
2.571893	1.832540	
2.571893	1.832540	
2.571893	1.832540	
2.571893	1.832540	
2.571893	1.832540	
2.571893	1.832540	
2.574818	1.832540	
2.574818	1.816285	
2.574818	1.816285	
2.574818	1.816285	
2.574818	1.816285	
2.574818	1.816285	
2.574818	1.816285	
2.574818	1.816285	
2.577810	1.816285	
2.577810	1.810084	
2.577810	1.810084	
2.577810	1.810084	
2.577810	1.810084	
2.577810	1.810084	
2.577810	1.810084	
2.577810	1.810084	
2.581074	1.810084	
2.581074	1.832052	
2.581074	1.832052	
2.581074	1.832052	
2.581074	1.832052	
2.581074	1.832052	
2.581074	1.832052	
2.581074	1.832052	
2.584164	1.832052	
2.584164	1.816112	
2.584164	1.816112	
2.584164	1.816112	
2.584164	1.816112	
2.584164	1.816112	
2.584164	1.816112	
2.584164	1.816112	
2.587037	1.816112	
2.587037	1.803061	
2.587037	1.803061	
2.587037	1.803061	
2.587037	1.803061	
2.587037	1.803061	
2.587037	1.803061	
2.587037	1.803061	
2.590086	1.803061	
2.590086	1.804404	
2.590086	1.804404	
2.590086	1.804404	
2.590086	1.804404	
2.590086	1.804404	
2.590086	1.804404	
2.590086	1.804404	
2.593067	1.804404	
2.593067	1.824325	
2.593067	1.824325	
2.593067	1.824325	
2.593067	1.824325	
2.593067	1.824325	
2.593067	1.824325	
2.593067	1.824325	
2.596268	1.824325	
2.596268	1.827420	
2.596268	1.827420	
2.596268	1.827420	
2.596268	1.827420	
2.596268	1.827420	
2.596268	1.827420	
2.596268	1.827420	
2.598255	1.827420	
2.598255	1.815778	
2.598255	1.815778	
2.598255	1.815778	
2.598255	1.815778	
2.598255	1.815778	
2.598255	1.815778	
2.598255	1.815778	
2.598571	1.815778	
2.598571	1.810237	
2.598571	1.810237	
2.598571	1.810237	
2.598571	1.810237	
2.598571	1.810237	
2.598571	1.810237	
2.598571	1.810237	
2.598523	1.810237	
2.598523	1.821080	
2.598523	1.821080	
2.598523	1.821080	
2.598523	1.821080	
2.598523	1.821080	
2.598523	1.821080	
2.598523	1.821080	
2.598896	1.821080	
2.598896	1.826646	
2.598896	1.826646	
2.598896	1.826646	
2.598896	1.826646	
2.598896	1.826646	
2.598896	1.826646	
2.598896	1.826646	
2.598714	1.826646	
2.598714	1.822835	
2.598714	1.822835	
2.598714	1.822835	
2.598714	1.822835	
2.598714	1.822835	
2.598714	1.822835	
2.598714	1.822835	
2.598528	1.822835	
2.598528	1.812405	
2.598528	1.812405	
2.598528	1.812405	
2.598528	1.812405	
2.598528	1.812405	
2.598528	1.812405	
2.598528	1.812405	
2.598874	1.812405	
2.598874	1.809690	
2.598874	1.809690	
2.598874	1.809690	
2.598874	1.809690	
2.598874	1.809690	
2.598874	1.809690	
2.598874	1.809690	
2.599114	1.809690	
2.599114	1.823483	
2.599114	1.823483	
2.599114	1.823483	
2.599114	1.823483	
2.599114	1.823483	
2.599114	1.823483	
2.599114	1.823483	
2.598746	1.823483	
2.598746	1.834871	
2.598746	1.834871	
2.598746	1.834871	
2.598746	1.834871	
2.598746	1.834871	
2.598746	1.834871	
2.598746	1.834871	
2.599088	1.834871	
2.599088	1.810803	
2.599088	1.810803	
2.599088	1.810803	
2.599088	1.810803	
2.599088	1.810803	
2.599088	1.810803	
2.599088	1.810803	
2.599277	1.810803	
2.599277	1.802277	
2.599277	1.802277	
2.599277	1.802277	
2.599277	1.802277	
2.599277	1.802277	
2.599277	1.802277	
2.599277	1.802277	
2.599988	1.802277	
2.599988	1.823750	
2.599988	1.823750	
2.599988	1.823750	
2.599988	1.823750	
2.599988	1.823750	
2.599988	1.823750	
2.599988	1.823750	
2.599950	1.823750	
2.599950	1.821238	
2.599950	1.821238	
2.599950	1.821238	
2.599950	1.821238	
2.599950	1.821238	
2.599950	1.821238	
2.599950	1.821238	
2.600347	1.821238	
2.600347	1.812041	
2.600347	1.812041	
2.600347	1.812041	
2.600347	1.812041	
2.600347	1.812041	
2.600347	1.812041	
2.600347	1.812041	
2.600108	1.812041	
2.600108	1.804908	
2.600108	1.804908	
2.600108	1.804908	
2.600108	1.804908	
2.600108	1.804908	
2.600108	1.804908	
2.600108	1.804908	
2.600402	1.804908	
2.600402	1.817550	
2.600402	1.817550	
2.600402	1.817550	
2.600402	1.817550	
2.600402	1.817550	
2.600402	1.817550	
2.600402	1.817550	
2.600851	1.817550	
2.600851	1.820198	
2.600851	1.820198	
2.600851	1.820198	
2.600851	1.820198	
2.600851	1.820198	
2.600851	1.820198	
2.600851	1.820198	
2.600825	1.820198	
2.600825	1.813509	
2.600825	1.813509	
2.600825	1.813509	
2.600825	1.813509	
2.600825	1.813509	
2.600825	1.813509	
2.600825	1.813509	
2.601135	1.813509	
2.601135	1.807011	
2.601135	1.807011	
2.601135	1.807011	
2.601135	1.807011	
2.601135	1.807011	
2.601135	1.807011	
2.601135	1.807011	
2.601646	1.807011	
2.601646	1.807568	
2.601646	1.807568	
2.601646	1.807568	
2.601646	1.807568	
2.601646	1.807568	
2.601646	1.807568	
2.601646	1.807568	
2.601589	1.807568	
2.601589	1.816871	
2.601589	1.816871	
2.601589	1.816871	
2.601589	1.816871	
2.601589	1.816871	
2.601589	1.816871	
2.601589	1.816871	
2.601937	1.816871	
2.601937	1.828213	
2.601937	1.828213	
2.601937	1.828213	
2.601937	1.828213	
2.601937	1.828213	
2.601937	1.828213	
2.601937	1.828213	
2.602440	1.828213	
2.602440	1.809195	
2.602440	1.809195	
2.602440	1.809195	
2.602440	1.809195	
2.602440	1.809195	
2.602440	1.809195	
2.602440	1.809195	
2.602061	1.809195	
2.602061	1.804014	
2.602061	1.804014	
2.602061	1.804014	
2.602061	1.804014	
2.602061	1.804014	
2.602061	1.804014	
2.602061	1.804014	
2.602465	1.804014	
2.602465	1.818444	
2.602465	1.818444	
2.602465	1.818444	
2.602465	1.818444	
2.602465	1.818444	
2.602465	1.818444	
2.602465	1.818444	
2.602747	1.818444	
2.602747	1.816385	
2.602747	1.816385	
2.602747	1.816385	
2.602747	1.816385	
2.602747	1.816385	
2.602747	1.816385	
2.602747	1.816385	
2.602452	1.816385	
2.602452	1.803611	
2.602452	1.803611	
2.602452	1.803611	
2.602452	1.803611	
2.602452	1.803611	
2.602452	1.803611	
2.602452	1.803611	
2.602614	1.803611	
2.602614	1.803425	
2.602614	1.803425	
2.602614	1.803425	
2.602614	1.803425	
2.602614	1.803425	
2.602614	1.803425	
2.602614	1.803425	
2.603070	1.803425	
2.603070	1.816617	
2.603070	1.816617	
2.603070	1.816617	
2.603070	1.816617	
2.603070	1.816617	
2.603070	1.816617	
2.603070	1.816617	
2.603313	1.816617	
2.603313	1.822017	
2.603313	1.822017	
2.603313	1.822017	
2.603313	1.822017	
2.603313	1.822017	
2.603313	1.822017	
2.603313	1.822017	
2.603507	1.822017	
2.603507	1.818456	
2.603507	1.818456	
2.603507	1.818456	
2.603507	1.818456	
2.603507	1.818456	
2.603507	1.818456	
2.603507	1.818456	
2.603683	1.818456	
2.603683	1.808569	
2.603683	1.808569	
2.603683	1.808569	
2.603683	1.808569	
2.603683	1.808569	
2.603683	1.808569	
2.603683	1.808569	
2.603671	1.808569	
2.603671	1.812328	
2.603671	1.812328	
2.603671	1.812328	
2.603671	1.812328	
2.603671	1.812328	
2.603671	1.812328	
2.603671	1.812328	
2.603710	1.812328	
2.603710	1.824231	
2.603710	1.824231	
2.603710	1.824231	
2.603710	1.824231	
2.603710	1.824231	
2.603710	1.824231	
2.603710	1.824231	
2.603934	1.824231	
2.603934	1.828328	
2.603934	1.828328	
2.603934	1.828328	
2.603934	1.828328	
2.603934	1.828328	
2.603934	1.828328	
2.603934	1.828328	
2.603884	1.828328	
2.603884	1.806691	
2.603884	1.806691	
2.603884	1.806691	
2.603884	1.806691	
2.603884	1.806691	
2.603884	1.806691	
2.603884	1.806691	
2.604352	1.806691	
2.604352	1.796961	
2.604352	1.796961	
2.604352	1.796961	
2.604352	1.796961	
2.604352	1.796961	
2.604352	1.796961	
2.604352	1.796961	
2.604194	1.796961	
2.604194	1.818192	
2.604194	1.818192	
2.604194	1.818192	
2.604194	1.818192	
2.604194	1.818192	
2.604194	1.818192	
2.604194	1.818192	
2.604310	1.818192	
2.604310	1.826158	
2.604310	1.826158	
2.604310	1.826158	
2.604310	1.826158	
2.604310	1.826158	
2.604310	1.826158	
2.604310	1.826158	
2.604442	1.826158	
2.604442	1.811610	
2.604442	1.811610	
2.604442	1.811610	
2.604442	1.811610	
2.604442	1.811610	
2.604442	1.811610	
2.604442	1.811610	
2.604950	1.811610	
2.604950	1.816957	
2.604950	1.816957	
2.604950	1.816957	
2.604950	1.816957	
2.604950	1.816957	
2.604950	1.816957	
2.604950	1.816957	
2.604965	1.816957	
2.604965	1.801737	
2.604965	1.801737	
2.604965	1.801737	
2.604965	1.801737	
2.604965	1.801737	
2.604965	1.801737	
2.604965	1.801737	
2.605255	1.801737	
2.605255	1.806510	
2.605255	1.806510	
2.605255	1.806510	
2.605255	1.806510	
2.605255	1.806510	
2.605255	1.806510	
2.605255	1.806510	
2.605305	1.806510	
2.605305	1.810631	
2.605305	1.810631	
2.605305	1.810631	
2.605305	1.810631	
2.605305	1.810631	
2.605305	1.810631	
2.605305	1.810631	
2.605470	1.810631	
2.605470	1.797871	
2.605470	1.797871	
2.605470	1.797871	
2.605470	1.797871	
2.605470	1.797871	
2.605470	1.797871	
2.605470	1.797871	
2.605340	1.797871	
2.605340	1.806964	
2.605340	1.806964	
2.605340	1.806964	
2.605340	1.806964	
2.605340	1.806964	
2.605340	1.806964	
2.605340	1.806964	
2.605527	1.806964	
2.605527	1.814900	
2.605527	1.814900	
2.605527	1.814900	
2.605527	1.814900	
2.605527	1.814900	
2.605527	1.814900	
2.605527	1.814900	
2.605258	1.814900	
2.605258	1.817435	
2.605258	1.817435	
2.605258	1.817435	
2.605258	1.817435	
2.605258	1.817435	
2.605258	1.817435	
2.605258	1.817435	
2.605594	1.817435	
2.605594	1.804776	
2.605594	1.804776	
2.605594	1.804776	
2.605594	1.804776	
2.605594	1.804776	
2.605594	1.804776	
2.605594	1.804776	
2.606024	1.804776	
2.606024	1.801405	
2.606024	1.801405	
2.606024	1.801405	
2.606024	1.801405	
2.606024	1.801405	
2.606024	1.801405	
2.606024	1.801405	
2.605661	1.801405	
2.605661	1.818584	
2.605661	1.818584	
2.605661	1.818584	
2.605661	1.818584	
2.605661	1.818584	
2.605661	1.818584	
2.605661	1.818584	
2.605572	1.818584	
2.605572	1.829879	
2.605572	1.829879	
2.605572	1.829879	
2.605572	1.829879	
2.605572	1.829879	
2.605572	1.829879	
2.605572	1.829879	
2.605737	1.829879	
2.605737	1.807341	
2.605737	1.807341	
2.605737	1.807341	
2.605737	1.807341	
2.605737	1.807341	
2.605737	1.807341	
2.605737	1.807341	
2.606102	1.807341	
2.606102	1.798558	
2.606102	1.798558	
2.606102	1.798558	
2.606102	1.798558	
2.606102	1.798558	
2.606102	1.798558	
2.606102	1.798558	
2.606430	1.798558	
2.606430	1.821871	
2.606430	1.821871	
2.606430	1.821871	
2.606430	1.821871	
2.606430	1.821871	
2.606430	1.821871	
2.606430	1.821871	
2.606128	1.821871	
2.606128	1.825761	
2.606128	1.825761	
2.606128	1.825761	
2.606128	1.825761	
2.606128	1.825761	
2.606128	1.825761	
2.606128	1.825761	
2.606156	1.825761	
2.606156	1.817193	
2.606156	1.817193	
2.606156	1.817193	
2.606156	1.817193	
2.606156	1.817193	
2.606156	1.817193	
2.606156	1.817193	
2.606309	1.817193	
2.606309	1.812247	
2.606309	1.812247	
2.606309	1.812247	
2.606309	1.812247	
2.606309	1.812247	
2.606309	1.812247	
2.606309	1.812247	
2.606326	1.812247	
2.606326	1.818494	
2.606326	1.818494	
2.606326	1.818494	
2.606326	1.818494	
2.606326	1.818494	
2.606326	1.818494	
2.606326	1.818494	
2.606300	1.818494	
2.606300	1.828539	
2.606300	1.828539	
2.606300	1.828539	
2.606300	1.828539	
2.606300	1.828539	
2.606300	1.828539	
2.606300	1.828539	
2.606367	1.828539	
2.606367	1.824958	
2.606367	1.824958	
2.606367	1.824958	
2.606367	1.824958	
2.606367	1.824958	
2.606367	1.824958	
2.606367	1.824958	
2.606474	1.824958	
2.606474	1.812953	
2.606474	1.812953	
2.606474	1.812953	
2.606474	1.812953	
2.606474	1.812953	
2.606474	1.812953	
2.606474	1.812953	
2.606374	1.812953	
2.606374	1.812176	
2.606374	1.812176	
2.606374	1.812176	
2.606374	1.812176	
2.606374	1.812176	
2.606374	1.812176	
2.606374	1.812176	
2.606186	1.812176	
2.606186	1.825718	
2.606186	1.825718	
2.606186	1.825718	
2.606186	1.825718	
2.606186	1.825718	
2.606186	1.825718	
2.606186	1.825718	
2.606553	1.825718	
2.606553	1.837398	
2.606553	1.837398	
2.606553	1.837398	
2.606553	1.837398	
2.606553	1.837398	
2.606553	1.837398	
2.606553	1.837398	
2.606496	1.837398	
2.606496	1.811320	
2.606496	1.811320	
2.606496	1.811320	
2.606496	1.811320	
2.606496	1.811320	
2.606496	1.811320	
2.606496	1.811320	
2.606528	1.811320	
2.606528	1.805068	
2.606528	1.805068	
2.606528	1.805068	
2.606528	1.805068	
2.606528	1.805068	
2.606528	1.805068	
2.606528	1.805068	
2.606597	1.805068	
2.606597	1.824533	
2.606597	1.824533	
2.606597	1.824533	
2.606597	1.824533	
2.606597	1.824533	
2.606597	1.824533	
2.606597	1.824533	
2.606528	1.824533	
2.606528	1.821062	
2.606528	1.821062	
2.606528	1.821062	
2.606528	1.821062	
2.606528	1.821062	
2.606528	1.821062	
2.606528	1.821062	
2.606801	1.821062	
2.606801	1.809944	
2.606801	1.809944	
2.606801	1.809944	
2.606801	1.809944	
2.606801	1.809944	
2.606801	1.809944	
2.606801	1.809944	
2.606425	1.809944	
2.606425	1.808578	
2.606425	1.808578	
2.606425	1.808578	
2.606425	1.808578	
2.606425	1.808578	
2.606425	1.808578	
2.606425	1.808578	
2.606800	1.808578	
2.606800	1.818000	
2.606800	1.818000	
2.606800	1.818000	
2.606800	1.818000	
2.606800	1.818000	
2.606800	1.818000	
2.606800	1.818000	
2.606677	1.818000	
2.606677	1.827759	
2.606677	1.827759	
2.606677	1.827759	
2.606677	1.827759	
2.606677	1.827759	
2.606677	1.827759	
2.606677	1.827759	
2.606423	1.827759	
2.606423	1.826201	
2.606423	1.826201	
2.606423	1.826201	
2.606423	1.826201	
2.606423	1.826201	
2.606423	1.826201	
2.606423	1.826201	
2.606643	1.826201	
2.606643	1.792646	
2.606643	1.792646	
2.606643	1.792646	
2.606643	1.792646	
2.606643	1.792646	
2.606643	1.792646	
2.606643	1.792646	
2.606797	1.792646	
2.606797	1.795655	
2.606797	1.795655	
2.606797	1.795655	
2.606797	1.795655	
2.606797	1.795655	
2.606797	1.795655	
2.606797	1.795655	
2.606847	1.795655	
2.606847	1.805906	
2.606847	1.805906	
2.606847	1.805906	
2.606847	1.805906	
2.606847	1.805906	
2.606847	1.805906	
2.606847	1.805906	
2.606973	1.805906	
2.606973	1.806102	
2.606973	1.806102	
2.606973	1.806102	
2.606973	1.806102	
2.606973	1.806102	
2.606973	1.806102	
2.606973	1.806102	
2.606679	1.806102	
2.606679	1.801023	
2.606679	1.801023	
2.606679	1.801023	
2.606679	1.801023	
2.606679	1.801023	
2.606679	1.801023	
2.606679	1.801023	
2.606999	1.801023	
2.606999	1.792822	
2.606999	1.792822	
2.606999	1.792822	
2.606999	1.792822	
2.606999	1.792822	
2.606999	1.792822	
2.606999	1.792822	
2.606950	1.792822	
2.606950	1.818149	
2.606950	1.818149	
2.606950	1.818149	
2.606950	1.818149	
2.606950	1.818149	
2.606950	1.818149	
2.606950	1.818149	
2.607250	1.818149	
2.607250	1.824066	
2.607250	1.824066	
2.607250	1.824066	
2.607250	1.824066	
2.607250	1.824066	
2.607250	1.824066	
2.607250	1.824066	
2.607569	1.824066	
2.607569	1.797480	
2.607569	1.797480	
2.607569	1.797480	
2.607569	1.797480	
2.607569	1.797480	
2.607569	1.797480	
2.607569	1.797480	
2.607396	1.797480	
2.607396	1.797721	
2.607396	1.797721	
2.607396	1.797721	
2.607396	1.797721	
2.607396	1.797721	
2.607396	1.797721	
2.607396	1.797721	
2.607474	1.797721	
2.607474	1.810062	
2.607474	1.810062	
2.607474	1.810062	
2.607474	1.810062	
2.607474	1.810062	
2.607474	1.810062	
2.607474	1.810062	
2.607252	1.810062	
2.607252	1.820964	
2.607252	1.820964	
2.607252	1.820964	
2.607252	1.820964	
2.607252	1.820964	
2.607252	1.820964	
2.607252	1.820964	
2.607309	1.820964	
2.607309	1.809870	
2.607309	1.809870	
2.607309	1.809870	
2.607309	1.809870	
2.607309	1.809870	
2.607309	1.809870	
2.607309	1.809870	
2.607682	1.809870	
2.607682	1.804023	
2.607682	1.804023	
2.607682	1.804023	
2.607682	1.804023	
2.607682	1.804023	
2.607682	1.804023	
2.607682	1.804023	
2.608040	1.804023	
2.608040	1.808263	
2.608040	1.808263	
2.608040	1.808263	
2.608040	1.808263	
2.608040	1.808263	
2.608040	1.808263	
2.608040	1.808263	
2.608014	1.808263	
2.608014	1.817930	
2.608014	1.817930	
2.608014	1.817930	
2.608014	1.817930	
2.608014	1.817930	
2.608014	1.817930	
2.608014	1.817930	
2.607722	1.817930	
2.607722	1.816498	
2.607722	1.816498	
2.607722	1.816498	
2.607722	1.816498	
2.607722	1.816498	
2.607722	1.816498	
2.607722	1.816498	
2.607987	1.816498	
2.607987	1.804556	
2.607987	1.804556	
2.607987	1.804556	
2.607987	1.804556	
2.607987	1.804556	
2.607987	1.804556	
2.607987	1.804556	
2.607910	1.804556	
2.607910	1.799252	
2.607910	1.799252	
2.607910	1.799252	
2.607910	1.799252	
2.607910	1.799252	
2.607910	1.799252	
2.607910	1.799252	
2.608137	1.799252	
2.608137	1.813356	
2.608137	1.813356	
2.608137	1.813356	
2.608137	1.813356	
2.608137	1.813356	
2.608137	1.813356	
2.608137	1.813356	
2.608567	1.813356	
2.608567	1.822987	
2.608567	1.822987	
2.608567	1.822987	
2.608567	1.822987	
2.608567	1.822987	
2.608567	1.822987	
2.608567	1.822987	
2.608857	1.822987	
2.608857	1.803967	
2.608857	1.803967	
2.608857	1.803967	
2.608857	1.803967	
2.608857	1.803967	
2.608857	1.803967	
2.608857	1.803967	
2.608703	1.803967	
2.608703	1.797141	
2.608703	1.797141	
2.608703	1.797141	
2.608703	1.797141	
2.608703	1.797141	
2.608703	1.797141	
2.608703	1.797141	
2.608794	1.797141	
2.608794	1.816296	
2.608794	1.816296	
2.608794	1.816296	
2.608794	1.816296	
2.608794	1.816296	
2.608794	1.816296	
2.608794	1.816296	
2.608962	1.816296	
2.608962	1.818573	
2.608962	1.818573	
2.608962	1.818573	
2.608962	1.818573	
2.608962	1.818573	
2.608962	1.818573	
2.608962	1.818573	
2.608755	1.818573	
2.608755	1.807028	
2.608755	1.807028	
2.608755	1.807028	
2.608755	1.807028	
2.608755	1.807028	
2.608755	1.807028	
2.608755	1.807028	
2.609147	1.807028	
2.609147	1.802769	
2.609147	1.802769	
2.609147	1.802769	
2.609147	1.802769	
2.609147	1.802769	
2.609147	1.802769	
2.609147	1.802769	
2.609316	1.802769	
2.609316	1.809898	
2.609316	1.809898	
2.609316	1.809898	
2.609316	1.809898	
2.609316	1.809898	
2.609316	1.809898	
2.609316	1.809898	
2.609683	1.809898	
2.609683	1.818254	
2.609683	1.818254	
2.609683	1.818254	
2.609683	1.818254	
2.609683	1.818254	
2.609683	1.818254	
2.609683	1.818254	
2.609720	1.818254	
2.609720	1.807127	
2.609720	1.807127	
2.609720	1.807127	
2.609720	1.807127	
2.609720	1.807127	
2.609720	1.807127	
2.609720	1.807127	
2.609741	1.807127	
2.609741	1.800392	
2.609741	1.800392	
2.609741	1.800392	
2.609741	1.800392	
2.609741	1.800392	
2.609741	1.800392	
2.609741	1.800392	
2.609958	1.800392	
2.609958	1.800985	
2.609958	1.800985	
2.609958	1.800985	
2.609958	1.800985	
2.609958	1.800985	
2.609958	1.800985	
2.609958	1.800985	
2.610114	1.800985	
2.610114	1.817135	
2.610114	1.817135	
2.610114	1.817135	
2.610114	1.817135	
2.610114	1.817135	
2.610114	1.817135	
2.610114	1.817135	
2.610350	1.817135	
2.610350	1.821708	
2.610350	1.821708	
2.610350	1.821708	
2.610350	1.821708	
2.610350	1.821708	
2.610350	1.821708	
2.610350	1.821708	
2.610271	1.821708	
2.610271	1.804039	
2.610271	1.804039	
2.610271	1.804039	
2.610271	1.804039	
2.610271	1.804039	
2.610271	1.804039	
2.610271	1.804039	
2.610251	1.804039	
2.610251	1.793369	
2.610251	1.793369	
2.610251	1.793369	
2.610251	1.793369	
2.610251	1.793369	
2.610251	1.793369	
2.610251	1.793369	
2.610982	1.793369	
2.610982	1.812455	
2.610982	1.812455	
2.610982	1.812455	
2.610982	1.812455	
2.610982	1.812455	
2.610982	1.812455	
2.610982	1.812455	
2.610822	1.812455	
2.610822	1.817877	
2.610822	1.817877	
2.610822	1.817877	
2.610822	1.817877	
2.610822	1.817877	
2.610822	1.817877	
2.610822	1.817877	
2.611277	1.817877	
2.611277	1.807571	
2.611277	1.807571	
2.611277	1.807571	
2.611277	1.807571	
2.611277	1.807571	
2.611277	1.807571	
2.611277	1.807571	
2.611612	1.807571	
2.611612	1.802776	
2.611612	1.802776	
2.611612	1.802776	
2.611612	1.802776	
2.611612	1.802776	
2.611612	1.802776	
2.611612	1.802776	
2.611311	1.802776	
2.611311	1.812586	
2.611311	1.812586	
2.611311	1.812586	
2.611311	1.812586	
2.611311	1.812586	
2.611311	1.812586	
2.611311	1.812586	
2.611656	1.812586	
2.611656	1.815402	
2.611656	1.815402	
2.611656	1.815402	
2.611656	1.815402	
2.611656	1.815402	
2.611656	1.815402	
2.611656	1.815402	
2.612143	1.815402	
2.612143	1.807283	
2.612143	1.807283	
2.612143	1.807283	
2.612143	1.807283	
2.612143	1.807283	
2.612143	1.807283	
2.612143	1.807283	
2.612031	1.807283	
2.612031	1.800616	
2.612031	1.800616	
2.612031	1.800616	
2.612031	1.800616	
2.612031	1.800616	
2.612031	1.800616	
2.612031	1.800616	
2.612244	1.800616	
2.612244	1.804531	
2.612244	1.804531	
2.612244	1.804531	
2.612244	1.804531	
2.612244	1.804531	
2.612244	1.804531	
2.612244	1.804531	
2.612385	1.804531	
2.612385	1.814469	
2.612385	1.814469	
2.612385	1.814469	
2.612385	1.814469	
2.612385	1.814469	
2.612385	1.814469	
2.612385	1.814469	
2.612891	1.814469	
2.612891	1.815795	
2.612891	1.815795	
2.612891	1.815795	
2.612891	1.815795	
2.612891	1.815795	
2.612891	1.815795	
2.612891	1.815795	
2.612728	1.815795	
2.612728	1.801841	
2.612728	1.801841	
2.612728	1.801841	
2.612728	1.801841	
2.612728	1.801841	
2.612728	1.801841	
2.612728	1.801841	
2.613155	1.801841	
2.613155	1.791798	
2.613155	1.791798	
2.613155	1.791798	
2.613155	1.791798	
2.613155	1.791798	
2.613155	1.791798	
2.613155	1.791798	
2.613270	1.791798	
2.613270	1.809854	
2.613270	1.809854	
2.613270	1.809854	
2.613270	1.809854	
2.613270	1.809854	
2.613270	1.809854	
2.613270	1.809854	
2.613289	1.809854	
2.613289	1.819341	
2.613289	1.819341	
2.613289	1.819341	
2.613289	1.819341	
2.613289	1.819341	
2.613289	1.819341	
2.613289	1.819341	
2.613776	1.819341	
2.613776	1.797895	
2.613776	1.797895	
2.613776	1.797895	
2.613776	1.797895	
2.613776	1.797895	
2.613776	1.797895	
2.613776	1.797895	
2.614402	1.797895	
2.614402	1.792729	
2.614402	1.792729	
2.614402	1.792729	
2.614402	1.792729	
2.614402	1.792729	
2.614402	1.792729	
2.614402	1.792729	
2.614328	1.792729	
2.614328	1.806201	
2.614328	1.806201	
2.614328	1.806201	
2.614328	1.806201	
2.614328	1.806201	
2.614328	1.806201	
2.614328	1.806201	
2.614023	1.806201	
2.614023	1.808067	
2.614023	1.808067	
2.614023	1.808067	
2.614023	1.808067	
2.614023	1.808067	
2.614023	1.808067	
2.614023	1.808067	
2.614740	1.808067	
2.614740	1.802142	
2.614740	1.802142	
2.614740	1.802142	
2.614740	1.802142	
2.614740	1.802142	
2.614740	1.802142	
2.614740	1.802142	
2.614579	1.802142	
2.614579	1.798328	
2.614579	1.798328	
2.614579	1.798328	
2.614579	1.798328	
2.614579	1.798328	
2.614579	1.798328	
2.614579	1.798328	
2.614349	1.798328	
2.614349	1.805358	
2.614349	1.805358	
2.614349	1.805358	
2.614349	1.805358	
2.614349	1.805358	
2.614349	1.805358	
2.614349	1.805358	
2.614141	1.805358	
2.614141	1.812787	
2.614141	1.812787	
2.614141	1.812787	
2.614141	1.812787	
2.614141	1.812787	
2.614141	1.812787	
2.614141	1.812787	
2.614407	1.812787	
2.614407	1.806446	
2.614407	1.806446	
2.614407	1.806446	
2.614407	1.806446	
2.614407	1.806446	
2.614407	1.806446	
2.614407	1.806446	
2.614476	1.806446	
2.614476	1.797727	
2.614476	1.797727	
2.614476	1.797727	
2.614476	1.797727	
2.614476	1.797727	
2.614476	1.797727	
2.614476	1.797727	
2.617145	1.797727	
2.617145	1.792216	
2.617145	1.792216	
2.617145	1.792216	
2.617145	1.792216	
2.617145	1.792216	
2.617145	1.792216	
2.617145	1.792216	
2.619617	1.792216	
2.619617	1.461210	
2.619617	1.461210	
2.619617	1.461210	
2.619617	1.461210	
2.619617	1.461210	
2.619617	1.461210	
2.619617	1.461210	
2.622672	1.461210	
2.622672	1.468682	
2.622672	1.468682	
2.622672	1.468682	
2.622672	1.468682	
2.622672	1.468682	
2.622672	1.468682	
2.622672	1.468682	
2.625538	1.468682	
2.625538	1.444968	
2.625538	1.444968	
2.625538	1.444968	
2.625538	1.444968	
2.625538	1.444968	
2.625538	1.444968	
2.625538	1.444968	
2.628610	1.444968	
2.628610	1.436449	
2.628610	1.436449	
2.628610	1.436449	
2.628610	1.436449	
2.628610	1.436449	
2.628610	1.436449	
2.628610	1.436449	
2.631530	1.436449	
2.631530	1.456819	
2.631530	1.456819	
2.631530	1.456819	
2.631530	1.456819	
2.631530	1.456819	
2.631530	1.456819	
2.631530	1.456819	
2.634979	1.456819	
2.634979	1.459928	
2.634979	1.459928	
2.634979	1.459928	
2.634979	1.459928	
2.634979	1.459928	
2.634979	1.459928	
2.634979	1.459928	
2.638219	1.459928	
2.638219	1.444392	
2.638219	1.444392	
2.638219	1.444392	
2.638219	1.444392	
2.638219	1.444392	
2.638219	1.444392	
2.638219	1.444392	
2.640911	1.444392	
2.640911	1.441643	
2.640911	1.441643	
2.640911	1.441643	
2.640911	1.441643	
2.640911	1.441643	
2.640911	1.441643	
2.640911	1.441643	
2.644065	1.441643	
2.644065	1.450450	
2.644065	1.450450	
2.644065	1.450450	
2.644065	1.450450	
2.644065	1.450450	
2.644065	1.450450	
2.644065	1.450450	
2.647229	1.450450	
2.647229	1.457312	
2.647229	1.457312	
2.647229	1.457312	
2.647229	1.457312	
2.647229	1.457312	
2.647229	1.457312	
2.647229	1.457312	
2.650174	1.457312	
2.650174	1.449628	
2.650174	1.449628	
2.650174	1.449628	
2.650174	1.449628	
2.650174	1.449628	
2.650174	1.449628	
2.650174	1.449628	
2.652877	1.449628	
2.652877	1.441425	
2.652877	1.441425	
2.652877	1.441425	
2.652877	1.441425	
2.652877	1.441425	
2.652877	1.441425	
2.652877	1.441425	
2.656229	1.441425	
2.656229	1.442125	
2.656229	1.442125	
2.656229	1.442125	
2.656229	1.442125	
2.656229	1.442125	
2.656229	1.442125	
2.656229	1.442125	
2.659142	1.442125	
2.659142	1.453451	
2.659142	1.453451	
2.659142	1.453451	
2.659142	1.453451	
2.659142	1.453451	
2.659142	1.453451	
2.659142	1.453451	
2.662360	1.453451	
2.662360	1.459711	
2.662360	1.459711	
2.662360	1.459711	
2.662360	1.459711	
2.662360	1.459711	
2.662360	1.459711	
2.662360	1.459711	
2.665233	1.459711	
2.665233	1.439195	
2.665233	1.439195	
2.665233	1.439195	
2.665233	1.439195	
2.665233	1.439195	
2.665233	1.439195	
2.665233	1.439195	
2.667888	1.439195	
2.667888	1.432568	
2.667888	1.432568	
2.667888	1.432568	
2.667888	1.432568	
2.667888	1.432568	
2.667888	1.432568	
2.667888	1.432568	
2.671116	1.432568	
2.671116	1.455637	
2.671116	1.455637	
2.671116	1.455637	
2.671116	1.455637	
2.671116	1.455637	
2.671116	1.455637	
2.671116	1.455637	
2.674068	1.455637	
2.674068	1.455777	
2.674068	1.455777	
2.674068	1.455777	
2.674068	1.455777	
2.674068	1.455777	
2.674068	1.455777	
2.674068	1.455777	
2.676656	1.455777	
2.676656	1.443705	
2.676656	1.443705	
2.676656	1.443705	
2.676656	1.443705	
2.676656	1.443705	
2.676656	1.443705	
2.676656	1.443705	
2.679332	1.443705	
2.679332	1.442613	
2.679332	1.442613	
2.679332	1.442613	
2.679332	1.442613	
2.679332	1.442613	
2.679332	1.442613	
2.679332	1.442613	
2.682544	1.442613	
2.682544	1.453123	
2.682544	1.453123	
2.682544	1.453123	
2.682544	1.453123	
2.682544	1.453123	
2.682544	1.453123	
2.682544	1.453123	
2.685006	1.453123	
2.685006	1.456508	
2.685006	1.456508	
2.685006	1.456508	
2.685006	1.456508	
2.685006	1.456508	
2.685006	1.456508	
2.685006	1.456508	
2.687759	1.456508	
2.687759	1.448616	
2.687759	1.448616	
2.687759	1.448616	
2.687759	1.448616	
2.687759	1.448616	
2.687759	1.448616	
2.687759	1.448616	
2.690358	1.448616	
2.690358	1.445313	
2.690358	1.445313	
2.690358	1.445313	
2.690358	1.445313	
2.690358	1.445313	
2.690358	1.445313	
2.690358	1.445313	
2.693021	1.445313	
2.693021	1.450402	
2.693021	1.450402	
2.693021	1.450402	
2.693021	1.450402	
2.693021	1.450402	
2.693021	1.450402	
2.693021	1.450402	
2.695983	1.450402	
2.695983	1.459031	
2.695983	1.459031	
2.695983	1.459031	
2.695983	1.459031	
2.695983	1.459031	
2.695983	1.459031	
2.695983	1.459031	
2.698443	1.459031	
2.698443	1.463955	
2.698443	1.463955	
2.698443	1.463955	
2.698443	1.463955	
2.698443	1.463955	
2.698443	1.463955	
2.698443	1.463955	
2.700998	1.463955	
2.700998	1.446083	
2.700998	1.446083	
2.700998	1.446083	
2.700998	1.446083	
2.700998	1.446083	
2.700998	1.446083	
2.700998	1.446083	
2.703628	1.446083	
2.703628	1.434625	
2.703628	1.434625	
2.703628	1.434625	
2.703628	1.434625	
2.703628	1.434625	
2.703628	1.434625	
2.703628	1.434625	
2.706281	1.434625	
2.706281	1.456792	
2.706281	1.456792	
2.706281	1.456792	
2.706281	1.456792	
2.706281	1.456792	
2.706281	1.456792	
2.706281	1.456792	
2.708322	1.456792	
2.708322	1.467110	
2.708322	1.467110	
2.708322	1.467110	
2.708322	1.467110	
2.708322	1.467110	
2.708322	1.467110	
2.708322	1.467110	
2.705285	1.467110	
2.705285	1.445358	
2.705285	1.445358	
2.705285	1.445358	
2.705285	1.445358	
2.705285	1.445358	
2.705285	1.445358	
2.705285	1.445358	
2.703035	1.445358	
2.703035	1.445079	
2.703035	1.445079	
2.703035	1.445079	
2.703035	1.445079	
2.703035	1.445079	
2.703035	1.445079	
2.703035	1.445079	
2.701516	1.445079	
2.701516	1.455190	
2.701516	1.455190	
2.701516	1.455190	
2.701516	1.455190	
2.701516	1.455190	
2.701516	1.455190	
2.701516	1.455190	
2.699060	1.455190	
2.699060	1.460564	
2.699060	1.460564	
2.699060	1.460564	
2.699060	1.460564	
2.699060	1.460564	
2.699060	1.460564	
2.699060	1.460564	
2.696459	1.460564	
2.696459	1.460888	
2.696459	1.460888	
2.696459	1.460888	
2.696459	1.460888	
2.696459	1.460888	
2.696459	1.460888	
2.696459	1.460888	
2.693999	1.460888	
2.693999	1.448650	
2.693999	1.448650	
2.693999	1.448650	
2.693999	1.448650	
2.693999	1.448650	
2.693999	1.448650	
2.693999	1.448650	
2.691187	1.448650	
2.691187	1.440208	
2.691187	1.440208	
2.691187	1.440208	
2.691187	1.440208	
2.691187	1.440208	
2.691187	1.440208	
2.691187	1.440208	
2.688422	1.440208	
2.688422	1.452785	
2.688422	1.452785	
2.688422	1.452785	
2.688422	1.452785	
2.688422	1.452785	
2.688422	1.452785	
2.688422	1.452785	
2.686207	1.452785	
2.686207	1.450985	
2.686207	1.450985	
2.686207	1.450985	
2.686207	1.450985	
2.686207	1.450985	
2.686207	1.450985	
2.686207	1.450985	
2.682970	1.450985	
2.682970	1.441102	
2.682970	1.441102	
2.682970	1.441102	
2.682970	1.441102	
2.682970	1.441102	
2.682970	1.441102	
2.682970	1.441102	
2.679940	1.441102	
2.679940	1.438203	
2.679940	1.438203	
2.679940	1.438203	
2.679940	1.438203	
2.679940	1.438203	
2.679940	1.438203	
2.679940	1.438203	
2.677429	1.438203	
2.677429	1.455656	
2.677429	1.455656	
2.677429	1.455656	
2.677429	1.455656	
2.677429	1.455656	
2.677429	1.455656	
2.677429	1.455656	
2.674980	1.455656	
2.674980	1.462359	
2.674980	1.462359	
2.674980	1.462359	
2.674980	1.462359	
2.674980	1.462359	
2.674980	1.462359	
2.674980	1.462359	
2.671877	1.462359	
2.671877	1.441417	
2.671877	1.441417	
2.671877	1.441417	
2.671877	1.441417	
2.671877	1.441417	
2.671877	1.441417	
2.671877	1.441417	
2.668831	1.441417	
2.668831	1.435082	
2.668831	1.435082	
2.668831	1.435082	
2.668831	1.435082	
2.668831	1.435082	
2.668831	1.435082	
2.668831	1.435082	
2.666073	1.435082	
2.666073	1.454271	
2.666073	1.454271	
2.666073	1.454271	
2.666073	1.454271	
2.666073	1.454271	
2.666073	1.454271	
2.666073	1.454271	
2.662828	1.454271	
2.662828	1.455228	
2.662828	1.455228	
2.662828	1.455228	
2.662828	1.455228	
2.662828	1.455228	
2.662828	1.455228	
2.662828	1.455228	
2.659820	1.455228	
2.659820	1.444852	
2.659820	1.444852	
2.659820	1.444852	
2.659820	1.444852	
2.659820	1.444852	
2.659820	1.444852	
2.659820	1.444852	
2.656976	1.444852	
2.656976	1.439760	
2.656976	1.439760	
2.656976	1.439760	
2.656976	1.439760	
2.656976	1.439760	
2.656976	1.439760	
2.656976	1.439760	
2.653753	1.439760	
2.653753	1.447195	
2.653753	1.447195	
2.653753	1.447195	
2.653753	1.447195	
2.653753	1.447195	
2.653753	1.447195	
2.653753	1.447195	
2.651084	1.447195	
2.651084	1.456571	
2.651084	1.456571	
2.651084	1.456571	
2.651084	1.456571	
2.651084	1.456571	
2.651084	1.456571	
2.651084	1.456571	
2.647958	1.456571	
2.647958	1.446585	
2.647958	1.446585	
2.647958	1.446585	
2.647958	1.446585	
2.647958	1.446585	
2.647958	1.446585	
2.647958	1.446585	
2.644861	1.446585	
2.644861	1.438227	
2.644861	1.438227	
2.644861	1.438227	
2.644861	1.438227	
2.644861	1.438227	
2.644861	1.438227	
2.644861	1.438227	
2.641703	1.438227	
2.641703	1.438461	
2.641703	1.438461	
2.641703	1.438461	
2.641703	1.438461	
2.641703	1.438461	
2.641703	1.438461	
2.641703	1.438461	
2.638775	1.438461	
2.638775	1.448480	
2.638775	1.448480	
2.638775	1.448480	
2.638775	1.448480	
2.638775	1.448480	
2.638775	1.448480	
2.638775	1.448480	
2.635958	1.448480	
2.635958	1.460826	
2.635958	1.460826	
2.635958	1.460826	
2.635958	1.460826	
2.635958	1.460826	
2.635958	1.460826	
2.635958	1.460826	
2.632416	1.460826	
2.632416	1.441951	
2.632416	1.441951	
2.632416	1.441951	
2.632416	1.441951	
2.632416	1.441951	
2.632416	1.441951	
2.632416	1.441951	
2.629479	1.441951	
2.629479	1.432957	
2.629479	1.432957	
2.629479	1.432957	
2.629479	1.432957	
2.629479	1.432957	
2.629479	1.432957	
2.629479	1.432957	
2.626801	1.432957	
2.626801	1.449918	
2.626801	1.449918	
2.626801	1.449918	
2.626801	1.449918	
2.626801	1.449918	
2.626801	1.449918	
2.626801	1.449918	
2.623298	1.449918	
2.623298	1.453112	
2.623298	1.453112	
2.623298	1.453112	
2.623298	1.453112	
2.623298	1.453112	
2.623298	1.453112	
2.623298	1.453112	
2.620116	1.453112	
2.620116	1.441497	
2.620116	1.441497	
2.620116	1.441497	
2.620116	1.441497	
2.620116	1.441497	
2.620116	1.441497	
2.620116	1.441497	
2.617511	1.441497	
2.617511	1.435520	
2.617511	1.435520	
2.617511	1.435520	
2.617511	1.435520	
2.617511	1.435520	
2.617511	1.435520	
2.617511	1.435520	
2.614686	1.435520	
2.614686	1.446600	
2.614686	1.446600	
2.614686	1.446600	
2.614686	1.446600	
2.614686	1.446600	
2.614686	1.446600	
2.614686	1.446600	
2.614407	1.446600	
2.614407	1.455749	
2.614407	1.455749	
2.614407	1.455749	
2.614407	1.455749	
2.614407	1.455749	
2.614407	1.455749	
2.614407	1.455749	
2.614643	1.455749	
2.614643	1.447571	
2.614643	1.447571	
2.614643	1.447571	
2.614643	1.447571	
2.614643	1.447571	
2.614643	1.447571	
2.614643	1.447571	
2.614208	1.447571	
2.614208	1.442272	
2.614208	1.442272	
2.614208	1.442272	
2.614208	1.442272	
2.614208	1.442272	
2.614208	1.442272	
2.614208	1.442272	
2.614264	1.442272	
2.614264	1.445165	
2.614264	1.445165	
2.614264	1.445165	
2.614264	1.445165	
2.614264	1.445165	
2.614264	1.445165	
2.614264	1.445165	
2.614462	1.445165	
2.614462	1.457480	
2.614462	1.457480	
2.614462	1.457480	
2.614462	1.457480	
2.614462	1.457480	
2.614462	1.457480	
2.614462	1.457480	
2.614508	1.457480	
2.614508	1.457633	
2.614508	1.457633	
2.614508	1.457633	
2.614508	1.457633	
2.614508	1.457633	
2.614508	1.457633	
2.614508	1.457633	
2.614642	1.457633	
2.614642	1.444898	
2.614642	1.444898	
2.614642	1.444898	
2.614642	1.444898	
2.614642	1.444898	
2.614642	1.444898	
2.614642	1.444898	
2.614610	1.444898	
2.614610	1.432920	
2.614610	1.432920	
2.614610	1.432920	
2.614610	1.432920	
2.614610	1.432920	
2.614610	1.432920	
2.614610	1.432920	
2.614265	1.432920	
2.614265	1.455045	
2.614265	1.455045	
2.614265	1.455045	
2.614265	1.455045	
2.614265	1.455045	
2.614265	1.455045	
2.614265	1.455045	
2.613566	1.455045	
2.613566	1.465283	
2.613566	1.465283	
2.613566	1.465283	
2.613566	1.465283	
2.613566	1.465283	
2.613566	1.465283	
2.613566	1.465283	
2.613487	1.465283	
2.613487	1.437294	
2.613487	1.437294	
2.613487	1.437294	
2.613487	1.437294	
2.613487	1.437294	
2.613487	1.437294	
2.613487	1.437294	
2.613246	1.437294	
2.613246	1.434483	
2.613246	1.434483	
2.613246	1.434483	
2.613246	1.434483	
2.613246	1.434483	
2.613246	1.434483	
2.613246	1.434483	
2.612942	1.434483	
2.612942	1.449944	
2.612942	1.449944	
2.612942	1.449944	
2.612942	1.449944	
2.612942	1.449944	
2.612942	1.449944	
2.612942	1.449944	
2.612556	1.449944	
2.612556	1.454397	
2.612556	1.454397	
2.612556	1.454397	
2.612556	1.454397	
2.612556	1.454397	
2.612556	1.454397	
2.612556	1.454397	
2.612383	1.454397	
2.612383	1.446252	
2.612383	1.446252	
2.612383	1.446252	
2.612383	1.446252	
2.612383	1.446252	
2.612383	1.446252	
2.612383	1.446252	
2.612538	1.446252	
2.612538	1.441819	
2.612538	1.441819	
2.612538	1.441819	
2.612538	1.441819	
2.612538	1.441819	
2.612538	1.441819	
2.612538	1.441819	
2.611911	1.441819	
2.611911	1.446055	
2.611911	1.446055	
2.611911	1.446055	
2.611911	1.446055	
2.611911	1.446055	
2.611911	1.446055	
2.611911	1.446055	
2.611760	1.446055	
2.611760	1.458198	
2.611760	1.458198	
2.611760	1.458198	
2.611760	1.458198	
2.611760	1.458198	
2.611760	1.458198	
2.611760	1.458198	
2.611818	1.458198	
2.611818	1.452564	
2.611818	1.452564	
2.611818	1.452564	
2.611818	1.452564	
2.611818	1.452564	
2.611818	1.452564	
2.611818	1.452564	
2.611477	1.452564	
2.611477	1.440107	
2.611477	1.440107	
2.611477	1.440107	
2.611477	1.440107	
2.611477	1.440107	
2.611477	1.440107	
2.611477	1.440107	
2.611172	1.440107	
2.611172	1.437320	
2.611172	1.437320	
2.611172	1.437320	
2.611172	1.437320	
2.611172	1.437320	
2.611172	1.437320	
2.611172	1.437320	
2.611491	1.437320	
2.611491	1.454213	
2.611491	1.454213	
2.611491	1.454213	
2.611491	1.454213	
2.611491	1.454213	
2.611491	1.454213	
2.611491	1.454213	
2.610765	1.454213	
2.610765	1.461132	
2.610765	1.461132	
2.610765	1.461132	
2.610765	1.461132	
2.610765	1.461132	
2.610765	1.461132	
2.610765	1.461132	
2.610691	1.461132	
2.610691	1.442338	
2.610691	1.442338	
2.610691	1.442338	
2.610691	1.442338	
2.610691	1.442338	
2.610691	1.442338	
2.610691	1.442338	
2.610650	1.442338	
2.610650	1.433998	
2.610650	1.433998	
2.610650	1.433998	
2.610650	1.433998	
2.610650	1.433998	
2.610650	1.433998	
2.610650	1.433998	
2.610595	1.433998	
2.610595	1.455494	
2.610595	1.455494	
2.610595	1.455494	
2.610595	1.455494	
2.610595	1.455494	
2.610595	1.455494	
2.610595	1.455494	
2.609888	1.455494	
2.609888	1.456401	
2.609888	1.456401	
2.609888	1.456401	
2.609888	1.456401	
2.609888	1.456401	
2.609888	1.456401	
2.609888	1.456401	
2.610100	1.456401	
2.610100	1.442758	
2.610100	1.442758	
2.610100	1.442758	
2.610100	1.442758	
2.610100	1.442758	
2.610100	1.442758	
2.610100	1.442758	
2.610188	1.442758	
2.610188	1.444023	
2.610188	1.444023	
2.610188	1.444023	
2.610188	1.444023	
2.610188	1.444023	
2.610188	1.444023	
2.610188	1.444023	
2.609661	1.444023	
2.609661	1.450282	
2.609661	1.450282	
2.609661	1.450282	
2.609661	1.450282	
2.609661	1.450282	
2.609661	1.450282	
2.609661	1.450282	
2.609943	1.450282	
2.609943	1.454807	
2.609943	1.454807	
2.609943	1.454807	
2.609943	1.454807	
2.609943	1.454807	
2.609943	1.454807	
2.609943	1.454807	
2.609505	1.454807	
2.609505	1.445324	
2.609505	1.445324	
2.609505	1.445324	
2.609505	1.445324	
2.609505	1.445324	
2.609505	1.445324	
2.609505	1.445324	
2.609620	1.445324	
2.609620	1.439286	
2.609620	1.439286	
2.609620	1.439286	
2.609620	1.439286	
2.609620	1.439286	
2.609620	1.439286	
2.609620	1.439286	
2.609225	1.439286	
2.609225	1.440288	
2.609225	1.440288	
2.609225	1.440288	
2.609225	1.440288	
2.609225	1.440288	
2.609225	1.440288	
2.609225	1.440288	
2.609116	1.440288	
2.609116	1.454859	
2.609116	1.454859	
2.609116	1.454859	
2.609116	1.454859	
2.609116	1.454859	
2.609116	1.454859	
2.609116	1.454859	
2.608856	1.454859	
2.608856	1.461482	
2.608856	1.461482	
2.608856	1.461482	
2.608856	1.461482	
2.608856	1.461482	
2.608856	1.461482	
2.608856	1.461482	
2.608944	1.461482	
2.608944	1.443277	
2.608944	1.443277	
2.608944	1.443277	
2.608944	1.443277	
2.608944	1.443277	
2.608944	1.443277	
2.608944	1.443277	
2.608667	1.443277	
2.608667	1.436179	
2.608667	1.436179	
2.608667	1.436179	
2.608667	1.436179	
2.608667	1.436179	
2.608667	1.436179	
2.608667	1.436179	
2.608568	1.436179	
2.608568	1.455090	
2.608568	1.455090	
2.608568	1.455090	
2.608568	1.455090	
2.608568	1.455090	
2.608568	1.455090	
2.608568	1.455090	
2.608341	1.455090	
2.608341	1.455637	
2.608341	1.455637	
2.608341	1.455637	
2.608341	1.455637	
2.608341	1.455637	
2.608341	1.455637	
2.608341	1.455637	
2.608296	1.455637	
2.608296	1.443750	
2.608296	1.443750	
2.608296	1.443750	
2.608296	1.443750	
2.608296	1.443750	
2.608296	1.443750	
2.608296	1.443750	
2.608327	1.443750	
2.608327	1.441202	
2.608327	1.441202	
2.608327	1.441202	
2.608327	1.441202	
2.608327	1.441202	
2.608327	1.441202	
2.608327	1.441202	
2.607894	1.441202	
2.607894	1.449544	
2.607894	1.449544	
2.607894	1.449544	
2.607894	1.449544	
2.607894	1.449544	
2.607894	1.449544	
2.607894	1.449544	
2.607797	1.449544	
2.607797	1.454311	
2.607797	1.454311	
2.607797	1.454311	
2.607797	1.454311	
2.607797	1.454311	
2.607797	1.454311	
2.607797	1.454311	
2.607689	1.454311	
2.607689	1.446716	
2.607689	1.446716	
2.607689	1.446716	
2.607689	1.446716	
2.607689	1.446716	
2.607689	1.446716	
2.607689	1.446716	
2.607502	1.446716	
2.607502	1.438706	
2.607502	1.438706	
2.607502	1.438706	
2.607502	1.438706	
2.607502	1.438706	
2.607502	1.438706	
2.607502	1.438706	
2.607789	1.438706	
2.607789	1.445938	
2.607789	1.445938	
2.607789	1.445938	
2.607789	1.445938	
2.607789	1.445938	
2.607789	1.445938	
2.607789	1.445938	
2.607513	1.445938	
2.607513	1.453159	
2.607513	1.453159	
2.607513	1.453159	
2.607513	1.453159	
2.607513	1.453159	
2.607513	1.453159	
2.607513	1.453159	
2.607537	1.453159	
2.607537	1.456289	
2.607537	1.456289	
2.607537	1.456289	
2.607537	1.456289	
2.607537	1.456289	
2.607537	1.456289	
2.607537	1.456289	
2.607758	1.456289	
2.607758	1.440586	
2.607758	1.440586	
2.607758	1.440586	
2.607758	1.440586	
2.607758	1.440586	
2.607758	1.440586	
2.607758	1.440586	
2.607456	1.440586	
2.607456	1.428138	
2.607456	1.428138	
2.607456	1.428138	
2.607456	1.428138	
2.607456	1.428138	
2.607456	1.428138	
2.607456	1.428138	
2.607204	1.428138	
2.607204	1.451907	
2.607204	1.451907	
2.607204	1.451907	
2.607204	1.451907	
2.607204	1.451907	
2.607204	1.451907	
2.607204	1.451907	
2.607356	1.451907	
2.607356	1.458504	
2.607356	1.458504	
2.607356	1.458504	
2.607356	1.458504	
2.607356	1.458504	
2.607356	1.458504	
2.607356	1.458504	
2.607109	1.458504	
2.607109	1.437925	
2.607109	1.437925	
2.607109	1.437925	
2.607109	1.437925	
2.607109	1.437925	
2.607109	1.437925	
2.607109	1.437925	
2.606917	1.437925	
2.606917	1.435243	
2.606917	1.435243	
2.606917	1.435243	
2.606917	1.435243	
2.606917	1.435243	
2.606917	1.435243	
2.606917	1.435243	
2.607073	1.435243	
2.607073	1.447528	
2.607073	1.447528	
2.607073	1.447528	
2.607073	1.447528	
2.607073	1.447528	
2.607073	1.447528	
2.607073	1.447528	
2.607097	1.447528	
2.607097	1.451688	
2.607097	1.451688	
2.607097	1.451688	
2.607097	1.451688	
2.607097	1.451688	
2.607097	1.451688	
2.607097	1.451688	
2.606891	1.451688	
2.606891	1.442828	
2.606891	1.442828	
2.606891	1.442828	
2.606891	1.442828	
2.606891	1.442828	
2.606891	1.442828	
2.606891	1.442828	
2.606855	1.442828	
2.606855	1.439899	
2.606855	1.439899	
2.606855	1.439899	
2.606855	1.439899	
2.606855	1.439899	
2.606855	1.439899	
2.606855	1.439899	
2.606830	1.439899	
2.606830	1.449816	
2.606830	1.449816	
2.606830	1.449816	
2.606830	1.449816	
2.606830	1.449816	
2.606830	1.449816	
2.606830	1.449816	
2.606859	1.449816	
2.606859	1.453010	
2.606859	1.453010	
2.606859	1.453010	
2.606859	1.453010	
2.606859	1.453010	
2.606859	1.453010	
2.606859	1.453010	
2.606621	1.453010	
2.606621	1.452182	
2.606621	1.452182	
2.606621	1.452182	
2.606621	1.452182	
2.606621	1.452182	
2.606621	1.452182	
2.606621	1.452182	
2.606584	1.452182	
2.606584	1.441486	
2.606584	1.441486	
2.606584	1.441486	
2.606584	1.441486	
2.606584	1.441486	
2.606584	1.441486	
2.606584	1.441486	
2.606623	1.441486	
2.606623	1.436123	
2.606623	1.436123	
2.606623	1.436123	
2.606623	1.436123	
2.606623	1.436123	
2.606623	1.436123	
2.606623	1.436123	
2.606522	1.436123	
2.606522	1.455169	
2.606522	1.455169	
2.606522	1.455169	
2.606522	1.455169	
2.606522	1.455169	
2.606522	1.455169	
2.606522	1.455169	
2.606790	1.455169	
2.606790	1.463899	
2.606790	1.463899	
2.606790	1.463899	
2.606790	1.463899	
2.606790	1.463899	
2.606790	1.463899	
2.606790	1.463899	
2.606494	1.463899	
2.606494	1.439346	
2.606494	1.439346	
2.606494	1.439346	
2.606494	1.439346	
2.606494	1.439346	
2.606494	1.439346	
2.606494	1.439346	
2.606351	1.439346	
2.606351	1.431471	
2.606351	1.431471	
2.606351	1.431471	
2.606351	1.431471	
2.606351	1.431471	
2.606351	1.431471	
2.606351	1.431471	
2.606289	1.431471	
2.606289	1.454607	
2.606289	1.454607	
2.606289	1.454607	
2.606289	1.454607	
2.606289	1.454607	
2.606289	1.454607	
2.606289	1.454607	
2.606677	1.454607	
2.606677	1.455279	
2.606677	1.455279	
2.606677	1.455279	
2.606677	1.455279	
2.606677	1.455279	
2.606677	1.455279	
2.606677	1.455279	
2.606417	1.455279	
2.606417	1.445330	
2.606417	1.445330	
2.606417	1.445330	
2.606417	1.445330	
2.606417	1.445330	
2.606417	1.445330	
2.606417	1.445330	
2.606505	1.445330	
2.606505	1.438712	
2.606505	1.438712	
2.606505	1.438712	
2.606505	1.438712	
2.606505	1.438712	
2.606505	1.438712	
2.606505	1.438712	
2.606311	1.438712	
2.606311	1.460068	
2.606311	1.460068	
2.606311	1.460068	
2.606311	1.460068	
2.606311	1.460068	
2.606311	1.460068	
2.606311	1.460068	
2.606473	1.460068	
2.606473	1.446633	
2.606473	1.446633	
2.606473	1.446633	
2.606473	1.446633	
2.606473	1.446633	
2.606473	1.446633	
2.606473	1.446633	
2.606393	1.446633	
2.606393	1.442980	
2.606393	1.442980	
2.606393	1.442980	
2.606393	1.442980	
2.606393	1.442980	
2.606393	1.442980	
2.606393	1.442980	
2.606435	1.442980	
2.606435	1.436440	
2.606435	1.436440	
2.606435	1.436440	
2.606435	1.436440	
2.606435	1.436440	
2.606435	1.436440	
2.606435	1.436440	
2.606522	1.436440	
2.606522	1.440026	
2.606522	1.440026	
2.606522	1.440026	
2.606522	1.440026	
2.606522	1.440026	
2.606522	1.440026	
2.606522	1.440026	
2.606095	1.440026	
2.606095	1.453225	
2.606095	1.453225	
2.606095	1.453225	
2.606095	1.453225	
2.606095	1.453225	
2.606095	1.453225	
2.606095	1.453225	
2.606026	1.453225	
2.606026	1.463005	
2.606026	1.463005	
2.606026	1.463005	
2.606026	1.463005	
2.606026	1.463005	
2.606026	1.463005	
2.606026	1.463005	
2.606177	1.463005	
2.606177	1.440691	
2.606177	1.440691	
2.606177	1.440691	
2.606177	1.440691	
2.606177	1.440691	
2.606177	1.440691	
2.606177	1.440691	
2.606334	1.440691	
2.606334	1.435251	
2.606334	1.435251	
2.606334	1.435251	
2.606334	1.435251	
2.606334	1.435251	
2.606334	1.435251	
2.606334	1.435251	
2.605856	1.435251	
2.605856	1.455010	
2.605856	1.455010	
2.605856	1.455010	
2.605856	1.455010	
2.605856	1.455010	
2.605856	1.455010	
2.605856	1.455010	
2.605931	1.455010	
2.605931	1.453774	
2.605931	1.453774	
2.605931	1.453774	
2.605931	1.453774	
2.605931	1.453774	
2.605931	1.453774	
2.605931	1.453774	
2.605716	1.453774	
2.605716	1.444157	
2.605716	1.444157	
2.605716	1.444157	
2.605716	1.444157	
2.605716	1.444157	
2.605716	1.444157	
2.605716	1.444157	
2.605940	1.444157	
2.605940	1.444562	
2.605940	1.444562	
2.605940	1.444562	
2.605940	1.444562	
2.605940	1.444562	
2.605940	1.444562	
2.605940	1.444562	
2.605829	1.444562	
2.605829	1.454732	
2.605829	1.454732	
2.605829	1.454732	
2.605829	1.454732	
2.605829	1.454732	
2.605829	1.454732	
2.605829	1.454732	
2.605579	1.454732	
2.605579	1.455676	
2.605579	1.455676	
2.605579	1.455676	
2.605579	1.455676	
2.605579	1.455676	
2.605579	1.455676	
2.605579	1.455676	
2.605304	1.455676	
2.605304	1.445698	
2.605304	1.445698	
2.605304	1.445698	
2.605304	1.445698	
2.605304	1.445698	
2.605304	1.445698	
2.605304	1.445698	
2.605291	1.445698	
2.605291	1.440875	
2.605291	1.440875	
2.605291	1.440875	
2.605291	1.440875	
2.605291	1.440875	
2.605291	1.440875	
2.605291	1.440875	
2.605195	1.440875	
2.605195	1.446574	
2.605195	1.446574	
2.605195	1.446574	
2.605195	1.446574	
2.605195	1.446574	
2.605195	1.446574	
2.605195	1.446574	
2.605149	1.446574	
2.605149	1.457658	
2.605149	1.457658	
2.605149	1.457658	
2.605149	1.457658	
2.605149	1.457658	
2.605149	1.457658	
2.605149	1.457658	
2.605102	1.457658	
2.605102	1.465183	
2.605102	1.465183	
2.605102	1.465183	
2.605102	1.465183	
2.605102	1.465183	
2.605102	1.465183	
2.605102	1.465183	
2.604595	1.465183	
2.604595	1.445402	
2.604595	1.445402	
2.604595	1.445402	
2.604595	1.445402	
2.604595	1.445402	
2.604595	1.445402	
2.604595	1.445402	
2.604459	1.445402	
2.604459	1.437382	
2.604459	1.437382	
2.604459	1.437382	
2.604459	1.437382	
2.604459	1.437382	
2.604459	1.437382	
2.604459	1.437382	
2.604721	1.437382	
2.604721	1.458044	
2.604721	1.458044	
2.604721	1.458044	
2.604721	1.458044	
2.604721	1.458044	
2.604721	1.458044	
2.604721	1.458044	
2.604529	1.458044	
2.604529	1.447875	
2.604529	1.447875	
2.604529	1.447875	
2.604529	1.447875	
2.604529	1.447875	
2.604529	1.447875	
2.604529	1.447875	
2.603934	1.447875	
2.603934	1.434999	
2.603934	1.434999	
2.603934	1.434999	
2.603934	1.434999	
2.603934	1.434999	
2.603934	1.434999	
2.603934	1.434999	
2.604357	1.434999	
2.604357	1.439431	
2.604357	1.439431	
2.604357	1.439431	
2.604357	1.439431	
2.604357	1.439431	
2.604357	1.439431	
2.604357	1.439431	
2.604209	1.439431	
2.604209	1.453476	
2.604209	1.453476	
2.604209	1.453476	
2.604209	1.453476	
2.604209	1.453476	
2.604209	1.453476	
2.604209	1.453476	
2.604258	1.453476	
2.604258	1.458141	
2.604258	1.458141	
2.604258	1.458141	
2.604258	1.458141	
2.604258	1.458141	
2.604258	1.458141	
2.604258	1.458141	
2.604000	1.458141	
2.604000	1.450508	
2.604000	1.450508	
2.604000	1.450508	
2.604000	1.450508	
2.604000	1.450508	
2.604000	1.450508	
2.604000	1.450508	
2.603720	1.450508	
2.603720	1.440820	
2.603720	1.440820	
2.603720	1.440820	
2.603720	1.440820	
2.603720	1.440820	
2.603720	1.440820	
2.603720	1.440820	
2.603488	1.440820	
2.603488	1.450459	
2.603488	1.450459	
2.603488	1.450459	
2.603488	1.450459	
2.603488	1.450459	
2.603488	1.450459	
2.603488	1.450459	
2.603116	1.450459	
2.603116	1.454937	
2.603116	1.454937	
2.603116	1.454937	
2.603116	1.454937	
2.603116	1.454937	
2.603116	1.454937	
2.603116	1.454937	
2.603258	1.454937	
2.603258	1.455241	
2.603258	1.455241	
2.603258	1.455241	
2.603258	1.455241	
2.603258	1.455241	
2.603258	1.455241	
2.603258	1.455241	
2.603016	1.455241	
2.603016	1.442608	
2.603016	1.442608	
2.603016	1.442608	
2.603016	1.442608	
2.603016	1.442608	
2.603016	1.442608	
2.603016	1.442608	
2.602603	1.442608	
2.602603	1.436974	
2.602603	1.436974	
2.602603	1.436974	
2.602603	1.436974	
2.602603	1.436974	
2.602603	1.436974	
2.602603	1.436974	
2.602676	1.436974	
2.602676	1.455712	
2.602676	1.455712	
2.602676	1.455712	
2.602676	1.455712	
2.602676	1.455712	
2.602676	1.455712	
2.602676	1.455712	
2.602368	1.455712	
2.602368	1.462358	
2.602368	1.462358	
2.602368	1.462358	
2.602368	1.462358	
2.602368	1.462358	
2.602368	1.462358	
2.602368	1.462358	
2.602073	1.462358	
2.602073	1.444046	
2.602073	1.444046	
2.602073	1.444046	
2.602073	1.444046	
2.602073	1.444046	
2.602073	1.444046	
2.602073	1.444046	
2.602234	1.444046	
2.602234	1.437635	
2.602234	1.437635	
2.602234	1.437635	
2.602234	1.437635	
2.602234	1.437635	
2.602234	1.437635	
2.602234	1.437635	
2.601676	1.437635	
2.601676	1.455854	
2.601676	1.455854	
2.601676	1.455854	
2.601676	1.455854	
2.601676	1.455854	
2.601676	1.455854	
2.601676	1.455854	
2.601564	1.455854	
2.601564	1.458201	
2.601564	1.458201	
2.601564	1.458201	
2.601564	1.458201	
2.601564	1.458201	
2.601564	1.458201	
2.601564	1.458201	
2.601773	1.458201	
2.601773	1.445416	
2.601773	1.445416	
2.601773	1.445416	
2.601773	1.445416	
2.601773	1.445416	
2.601773	1.445416	
2.601773	1.445416	
2.601306	1.445416	
2.601306	1.445144	
2.601306	1.445144	
2.601306	1.445144	
2.601306	1.445144	
2.601306	1.445144	
2.601306	1.445144	
2.601306	1.445144	
2.601138	1.445144	
2.601138	1.455383	
2.601138	1.455383	
2.601138	1.455383	
2.601138	1.455383	
2.601138	1.455383	
2.601138	1.455383	
2.601138	1.455383	
2.600994	1.455383	
2.600994	1.463811	
2.600994	1.463811	
2.600994	1.463811	
2.600994	1.463811	
2.600994	1.463811	
2.600994	1.463811	
2.600994	1.463811	
2.601241	1.463811	
2.601241	1.454898	
2.601241	1.454898	
2.601241	1.454898	
2.601241	1.454898	
2.601241	1.454898	
2.601241	1.454898	
2.601241	1.454898	
2.600327	1.454898	
2.600327	1.445950	
2.600327	1.445950	
2.600327	1.445950	
2.600327	1.445950	
2.600327	1.445950	
2.600327	1.445950	
2.600327	1.445950	
2.600378	1.445950	
2.600378	1.445843	
2.600378	1.445843	
2.600378	1.445843	
2.600378	1.445843	
2.600378	1.445843	
2.600378	1.445843	
2.600378	1.445843	
2.600056	1.445843	
2.600056	1.461705	
2.600056	1.461705	
2.600056	1.461705	
2.600056	1.461705	
2.600056	1.461705	
2.600056	1.461705	
2.600056	1.461705	
2.599855	1.461705	
2.599855	1.463179	
2.599855	1.463179	
2.599855	1.463179	
2.599855	1.463179	
2.599855	1.463179	
2.599855	1.463179	
2.599855	1.463179	
2.599683	1.463179	
2.599683	1.445553	
2.599683	1.445553	
2.599683	1.445553	
2.599683	1.445553	
2.599683	1.445553	
2.599683	1.445553	
2.599683	1.445553	
2.599521	1.445553	
2.599521	1.435728	
2.599521	1.435728	
2.599521	1.435728	
2.599521	1.435728	
2.599521	1.435728	
2.599521	1.435728	
2.599521	1.435728	
2.598703	1.435728	
2.598703	1.454283	
2.598703	1.454283	
2.598703	1.454283	
2.598703	1.454283	
2.598703	1.454283	
2.598703	1.454283	
2.598703	1.454283	
2.598593	1.454283	
2.598593	1.460979	
2.598593	1.460979	
2.598593	1.460979	
2.598593	1.460979	
2.598593	1.460979	
2.598593	1.460979	
2.598593	1.460979	
2.599124	1.460979	
2.599124	1.441669	
2.599124	1.441669	
2.599124	1.441669	
2.599124	1.441669	
2.599124	1.441669	
2.599124	1.441669	
2.599124	1.441669	
2.598819	1.441669	
2.598819	1.439472	
2.598819	1.439472	
2.598819	1.439472	
2.598819	1.439472	
2.598819	1.439472	
2.598819	1.439472	
2.598819	1.439472	
2.598644	1.439472	
2.598644	1.453078	
2.598644	1.453078	
2.598644	1.453078	
2.598644	1.453078	
2.598644	1.453078	
2.598644	1.453078	
2.598644	1.453078	
2.598737	1.453078	
2.598737	1.460845	
2.598737	1.460845	
2.598737	1.460845	
2.598737	1.460845	
2.598737	1.460845	
2.598737	1.460845	
2.598737	1.460845	
2.598767	1.460845	
2.598767	1.451758	
2.598767	1.451758	
2.598767	1.451758	
2.598767	1.451758	
2.598767	1.451758	
2.598767	1.451758	
2.598767	1.451758	
2.598500	1.451758	
2.598500	1.443568	
2.598500	1.443568	
2.598500	1.443568	
2.598500	1.443568	
2.598500	1.443568	
2.598500	1.443568	
2.598500	1.443568	
2.598605	1.443568	
2.598605	1.446964	
2.598605	1.446964	
2.598605	1.446964	
2.598605	1.446964	
2.598605	1.446964	
2.598605	1.446964	
2.598605	1.446964	
2.598435	1.446964	
2.598435	1.454005	
2.598435	1.454005	
2.598435	1.454005	
2.598435	1.454005	
2.598435	1.454005	
2.598435	1.454005	
2.598435	1.454005	
2.596601	1.454005	
2.596601	1.573443	
2.596601	1.573443	
2.596601	1.573443	
2.596601	1.573443	
2.596601	1.573443	
2.596601	1.573443	
2.596601	1.573443	
2.593301	1.573443	
2.593301	1.796175	
2.593301	1.796175	
2.593301	1.796175	
2.593301	1.796175	
2.593301	1.796175	
2.593301	1.796175	
2.593301	1.796175	
2.590971	1.796175	
2.590971	1.789898	
2.590971	1.789898	
2.590971	1.789898	
2.590971	1.789898	
2.590971	1.789898	
2.590971	1.789898	
2.590971	1.789898	
2.587851	1.789898	
2.587851	1.812051	
2.587851	1.812051	
2.587851	1.812051	
2.587851	1.812051	
2.587851	1.812051	
2.587851	1.812051	
2.587851	1.812051	
2.584373	1.812051	
2.584373	1.818815	
2.584373	1.818815	
2.584373	1.818815	
2.584373	1.818815	
2.584373	1.818815	
2.584373	1.818815	
2.584373	1.818815	
2.581819	1.818815	
2.581819	1.796943	
2.581819	1.796943	
2.581819	1.796943	
2.581819	1.796943	
2.581819	1.796943	
2.581819	1.796943	
2.581819	1.796943	
2.578349	1.796943	
2.578349	1.798415	
2.578349	1.798415	
2.578349	1.798415	
2.578349	1.798415	
2.578349	1.798415	
2.578349	1.798415	
2.578349	1.798415	
2.575450	1.798415	
2.575450	1.809675	
2.575450	1.809675	
2.575450	1.809675	
2.575450	1.809675	
2.575450	1.809675	
2.575450	1.809675	
2.575450	1.809675	
2.572405	1.809675	
2.572405	1.818873	
2.572405	1.818873	
2.572405	1.818873	
2.572405	1.818873	
2.572405	1.818873	
2.572405	1.818873	
2.572405	1.818873	
2.569705	1.818873	
2.569705	1.808531	
2.569705	1.808531	
2.569705	1.808531	
2.569705	1.808531	
2.569705	1.808531	
2.569705	1.808531	
2.569705	1.808531	
2.566122	1.808531	
2.566122	1.802612	
2.566122	1.802612	
2.566122	1.802612	
2.566122	1.802612	
2.566122	1.802612	
2.566122	1.802612	
2.566122	1.802612	
2.563649	1.802612	
2.563649	1.810318	
2.563649	1.810318	
2.563649	1.810318	
2.563649	1.810318	
2.563649	1.810318	
2.563649	1.810318	
2.563649	1.810318	
2.560652	1.810318	
2.560652	1.818350	
2.560652	1.818350	
2.560652	1.818350	
2.560652	1.818350	
2.560652	1.818350	
2.560652	1.818350	
2.560652	1.818350	
2.557705	1.818350	
2.557705	1.815899	
2.557705	1.815899	
2.557705	1.815899	
2.557705	1.815899	
2.557705	1.815899	
2.557705	1.815899	
2.557705	1.815899	
2.554800	1.815899	
2.554800	1.803807	
2.554800	1.803807	
2.554800	1.803807	
2.554800	1.803807	
2.554800	1.803807	
2.554800	1.803807	
2.554800	1.803807	
2.551880	1.803807	
2.551880	1.801707	
2.551880	1.801707	
2.551880	1.801707	
2.551880	1.801707	
2.551880	1.801707	
2.551880	1.801707	
2.551880	1.801707	
2.548702	1.801707	
2.548702	1.816130	
2.548702	1.816130	
2.548702	1.816130	
2.548702	1.816130	
2.548702	1.816130	
2.548702	1.816130	
2.548702	1.816130	
2.545995	1.816130	
2.545995	1.821632	
2.545995	1.821632	
2.545995	1.821632	
2.545995	1.821632	
2.545995	1.821632	
2.545995	1.821632	
2.545995	1.821632	
2.543250	1.821632	
2.543250	1.799883	
2.543250	1.799883	
2.543250	1.799883	
2.543250	1.799883	
2.543250	1.799883	
2.543250	1.799883	
2.543250	1.799883	
2.540333	1.799883	
2.540333	1.784476	
2.540333	1.784476	
2.540333	1.784476	
2.540333	1.784476	
2.540333	1.784476	
2.540333	1.784476	
2.540333	1.784476	
2.537622	1.784476	
2.537622	1.805461	
2.537622	1.805461	
2.537622	1.805461	
2.537622	1.805461	
2.537622	1.805461	
2.537622	1.805461	
2.537622	1.805461	
2.534591	1.805461	
2.534591	1.811213	
2.534591	1.811213	
2.534591	1.811213	
2.534591	1.811213	
2.534591	1.811213	
2.534591	1.811213	
2.534591	1.811213	
2.532053	1.811213	
2.532053	1.800876	
2.532053	1.800876	
2.532053	1.800876	
2.532053	1.800876	
2.532053	1.800876	
2.532053	1.800876	
2.532053	1.800876	
2.529269	1.800876	
2.529269	1.794952	
2.529269	1.794952	
2.529269	1.794952	
2.529269	1.794952	
2.529269	1.794952	
2.529269	1.794952	
2.529269	1.794952	
2.526530	1.794952	
2.526530	1.805120	
2.526530	1.805120	
2.526530	1.805120	
2.526530	1.805120	
2.526530	1.805120	
2.526530	1.805120	
2.526530	1.805120	
2.523982	1.805120	
2.523982	1.809695	
2.523982	1.809695	
2.523982	1.809695	
2.523982	1.809695	
2.523982	1.809695	
2.523982	1.809695	
2.523982	1.809695	
2.521456	1.809695	
2.521456	1.804150	
2.521456	1.804150	
2.521456	1.804150	
2.521456	1.804150	
2.521456	1.804150	
2.521456	1.804150	
2.521456	1.804150	
2.519234	1.804150	
2.519234	1.795614	
2.519234	1.795614	
2.519234	1.795614	
2.519234	1.795614	
2.519234	1.795614	
2.519234	1.795614	
2.519234	1.795614	
2.516359	1.795614	
2.516359	1.802659	
2.516359	1.802659	
2.516359	1.802659	
2.516359	1.802659	
2.516359	1.802659	
2.516359	1.802659	
2.516359	1.802659	
2.514128	1.802659	
2.514128	1.810482	
2.514128	1.810482	
2.514128	1.810482	
2.514128	1.810482	
2.514128	1.810482	
2.514128	1.810482	
2.514128	1.810482	
2.511579	1.810482	
2.511579	1.814844	
2.511579	1.814844	
2.511579	1.814844	
2.511579	1.814844	
2.511579	1.814844	
2.511579	1.814844	
2.511579	1.814844	
2.509392	1.814844	
2.509392	1.798832	
2.509392	1.798832	
2.509392	1.798832	
2.509392	1.798832	
2.509392	1.798832	
2.509392	1.798832	