
2.506282	1.141372	
2.598719	1.141372	
2.598719	1.145729	
2.598719	1.145729	
2.598719	1.145729	
2.598719	1.145729	
2.598719	1.145729	
2.598719	1.145729	
2.598719	1.145729	
2.604757	1.145729	
2.604757	1.144209	
2.604757	1.144209	
2.604757	1.144209	
2.604757	1.144209	
2.604757	1.144209	
2.604757	1.144209	
2.604757	1.144209	
2.604524	1.144209	
2.604524	1.142743	
2.604524	1.142743	
2.604524	1.142743	
2.604524	1.142743	
2.604524	1.142743	
2.604524	1.142743	
2.604524	1.142743	
2.604361	1.142743	
2.604361	1.145641	
2.604361	1.145641	
2.604361	1.145641	
2.604361	1.145641	
2.604361	1.145641	
2.604361	1.145641	
2.604361	1.145641	
2.604437	1.145641	
2.604437	1.146251	
2.604437	1.146251	
2.604437	1.146251	
2.604437	1.146251	
2.604437	1.146251	
2.604437	1.146251	
2.604437	1.146251	
2.604910	1.146251	
2.604910	1.145066	
2.604910	1.145066	
2.604910	1.145066	
2.604910	1.145066	
2.604910	1.145066	
2.604910	1.145066	
2.604910	1.145066	
2.604292	1.145066	
2.604292	1.143682	
2.604292	1.143682	
2.604292	1.143682	
2.604292	1.143682	
2.604292	1.143682	
2.604292	1.143682	
2.604292	1.143682	
2.604470	1.143682	
2.604470	1.145119	
2.604470	1.145119	
2.604470	1.145119	
2.604470	1.145119	
2.604470	1.145119	
2.604470	1.145119	
2.604470	1.145119	
2.604302	1.145119	
2.604302	1.146943	
2.604302	1.146943	
2.604302	1.146943	
2.604302	1.146943	
2.604302	1.146943	
2.604302	1.146943	
2.604302	1.146943	
2.604355	1.146943	
2.604355	1.146147	
2.604355	1.146147	
2.604355	1.146147	
2.604355	1.146147	
2.604355	1.146147	
2.604355	1.146147	
2.604355	1.146147	
2.604288	1.146147	
2.604288	1.144079	
2.604288	1.144079	
2.604288	1.144079	
2.604288	1.144079	
2.604288	1.144079	
2.604288	1.144079	
2.604288	1.144079	
2.604389	1.144079	
2.604389	1.143899	
2.604389	1.143899	
2.604389	1.143899	
2.604389	1.143899	
2.604389	1.143899	
2.604389	1.143899	
2.604389	1.143899	
2.603937	1.143899	
2.603937	1.145602	
2.603937	1.145602	
2.603937	1.145602	
2.603937	1.145602	
2.603937	1.145602	
2.603937	1.145602	
2.603937	1.145602	
2.604025	1.145602	
2.604025	1.146031	
2.604025	1.146031	
2.604025	1.146031	
2.604025	1.146031	
2.604025	1.146031	
2.604025	1.146031	
2.604025	1.146031	
2.604241	1.146031	
2.604241	1.144482	
2.604241	1.144482	
2.604241	1.144482	
2.604241	1.144482	
2.604241	1.144482	
2.604241	1.144482	
2.604241	1.144482	
2.603910	1.144482	
2.603910	1.143192	
2.603910	1.143192	
2.603910	1.143192	
2.603910	1.143192	
2.603910	1.143192	
2.603910	1.143192	
2.603910	1.143192	
2.603944	1.143192	
2.603944	1.145319	
2.603944	1.145319	
2.603944	1.145319	
2.603944	1.145319	
2.603944	1.145319	
2.603944	1.145319	
2.603944	1.145319	
2.603842	1.145319	
2.603842	1.146701	
2.603842	1.146701	
2.603842	1.146701	
2.603842	1.146701	
2.603842	1.146701	
2.603842	1.146701	
2.603842	1.146701	
2.603989	1.146701	
2.603989	1.145491	
2.603989	1.145491	
2.603989	1.145491	
2.603989	1.145491	
2.603989	1.145491	
2.603989	1.145491	
2.603989	1.145491	
2.603643	1.145491	
2.603643	1.143034	
2.603643	1.143034	
2.603643	1.143034	
2.603643	1.143034	
2.603643	1.143034	
2.603643	1.143034	
2.603643	1.143034	
2.603483	1.143034	
2.603483	1.145338	
2.603483	1.145338	
2.603483	1.145338	
2.603483	1.145338	
2.603483	1.145338	
2.603483	1.145338	
2.603483	1.145338	
2.603544	1.145338	
2.603544	1.144786	
2.603544	1.144786	
2.603544	1.144786	
2.603544	1.144786	
2.603544	1.144786	
2.603544	1.144786	
2.603544	1.144786	
2.603500	1.144786	
2.603500	1.144782	
2.603500	1.144782	
2.603500	1.144782	
2.603500	1.144782	
2.603500	1.144782	
2.603500	1.144782	
2.603500	1.144782	
2.603240	1.144782	
2.603240	1.143157	
2.603240	1.143157	
2.603240	1.143157	
2.603240	1.143157	
2.603240	1.143157	
2.603240	1.143157	
2.603240	1.143157	
2.603219	1.143157	
2.603219	1.144440	
2.603219	1.144440	
2.603219	1.144440	
2.603219	1.144440	
2.603219	1.144440	
2.603219	1.144440	
2.603219	1.144440	
2.602966	1.144440	
2.602966	1.145135	
2.602966	1.145135	
2.602966	1.145135	
2.602966	1.145135	
2.602966	1.145135	
2.602966	1.145135	
2.602966	1.145135	
2.603014	1.145135	
2.603014	1.145255	
2.603014	1.145255	
2.603014	1.145255	
2.603014	1.145255	
2.603014	1.145255	
2.603014	1.145255	
2.603014	1.145255	
2.602711	1.145255	
2.602711	1.142860	
2.602711	1.142860	
2.602711	1.142860	
2.602711	1.142860	
2.602711	1.142860	
2.602711	1.142860	
2.602711	1.142860	
2.602803	1.142860	
2.602803	1.143136	
2.602803	1.143136	
2.602803	1.143136	
2.602803	1.143136	
2.602803	1.143136	
2.602803	1.143136	
2.602803	1.143136	
2.602429	1.143136	
2.602429	1.145358	
2.602429	1.145358	
2.602429	1.145358	
2.602429	1.145358	
2.602429	1.145358	
2.602429	1.145358	
2.602429	1.145358	
2.602673	1.145358	
2.602673	1.145398	
2.602673	1.145398	
2.602673	1.145398	
2.602673	1.145398	
2.602673	1.145398	
2.602673	1.145398	
2.602673	1.145398	
2.602389	1.145398	
2.602389	1.144667	
2.602389	1.144667	
2.602389	1.144667	
2.602389	1.144667	
2.602389	1.144667	
2.602389	1.144667	
2.602389	1.144667	
2.602494	1.144667	
2.602494	1.142955	
2.602494	1.142955	
2.602494	1.142955	
2.602494	1.142955	
2.602494	1.142955	
2.602494	1.142955	
2.602494	1.142955	
2.602279	1.142955	
2.602279	1.145010	
2.602279	1.145010	
2.602279	1.145010	
2.602279	1.145010	
2.602279	1.145010	
2.602279	1.145010	
2.602279	1.145010	
2.601794	1.145010	
2.601794	1.145075	
2.601794	1.145075	
2.601794	1.145075	
2.601794	1.145075	
2.601794	1.145075	
2.601794	1.145075	
2.601794	1.145075	
2.601619	1.145075	
2.601619	1.144272	
2.601619	1.144272	
2.601619	1.144272	
2.601619	1.144272	
2.601619	1.144272	
2.601619	1.144272	
2.601619	1.144272	
2.601555	1.144272	
2.601555	1.142823	
2.601555	1.142823	
2.601555	1.142823	
2.601555	1.142823	
2.601555	1.142823	
2.601555	1.142823	
2.601555	1.142823	
2.601612	1.142823	
2.601612	1.144120	
2.601612	1.144120	
2.601612	1.144120	
2.601612	1.144120	
2.601612	1.144120	
2.601612	1.144120	
2.601612	1.144120	
2.601281	1.144120	
2.601281	1.145428	
2.601281	1.145428	
2.601281	1.145428	
2.601281	1.145428	
2.601281	1.145428	
2.601281	1.145428	
2.601281	1.145428	
2.601193	1.145428	
2.601193	1.144643	
2.601193	1.144643	
2.601193	1.144643	
2.601193	1.144643	
2.601193	1.144643	
2.601193	1.144643	
2.601193	1.144643	
2.601022	1.144643	
2.601022	1.143567	
2.601022	1.143567	
2.601022	1.143567	
2.601022	1.143567	
2.601022	1.143567	
2.601022	1.143567	
2.601022	1.143567	
2.600344	1.143567	
2.600344	1.142720	
2.600344	1.142720	
2.600344	1.142720	
2.600344	1.142720	
2.600344	1.142720	
2.600344	1.142720	
2.600344	1.142720	
2.600637	1.142720	
2.600637	1.145479	
2.600637	1.145479	
2.600637	1.145479	
2.600637	1.145479	
2.600637	1.145479	
2.600637	1.145479	
2.600637	1.145479	
2.600736	1.145479	
2.600736	1.145643	
2.600736	1.145643	
2.600736	1.145643	
2.600736	1.145643	
2.600736	1.145643	
2.600736	1.145643	
2.600736	1.145643	
2.600062	1.145643	
2.600062	1.144046	
2.600062	1.144046	
2.600062	1.144046	
2.600062	1.144046	
2.600062	1.144046	
2.600062	1.144046	
2.600062	1.144046	
2.600038	1.144046	
2.600038	1.141625	
2.600038	1.141625	
2.600038	1.141625	
2.600038	1.141625	
2.600038	1.141625	
2.600038	1.141625	
2.600038	1.141625	
2.599971	1.141625	
2.599971	1.144279	
2.599971	1.144279	
2.599971	1.144279	
2.599971	1.144279	
2.599971	1.144279	
2.599971	1.144279	
2.599971	1.144279	
2.599343	1.144279	
2.599343	1.145656	
2.599343	1.145656	
2.599343	1.145656	
2.599343	1.145656	
2.599343	1.145656	
2.599343	1.145656	
2.599343	1.145656	
2.599471	1.145656	
2.599471	1.144473	
2.599471	1.144473	
2.599471	1.144473	
2.599471	1.144473	
2.599471	1.144473	
2.599471	1.144473	
2.599471	1.144473	
2.599452	1.144473	
2.599452	1.142896	
2.599452	1.142896	
2.599452	1.142896	
2.599452	1.142896	
2.599452	1.142896	
2.599452	1.142896	
2.599452	1.142896	
2.599014	1.142896	
2.599014	1.143902	
2.599014	1.143902	
2.599014	1.143902	
2.599014	1.143902	
2.599014	1.143902	
2.599014	1.143902	
2.599014	1.143902	
2.598694	1.143902	
2.598694	1.145270	
2.598694	1.145270	
2.598694	1.145270	
2.598694	1.145270	
2.598694	1.145270	
2.598694	1.145270	
2.598694	1.145270	
2.598874	1.145270	
2.598874	1.143941	
2.598874	1.143941	
2.598874	1.143941	
2.598874	1.143941	
2.598874	1.143941	
2.598874	1.143941	
2.598874	1.143941	
2.598240	1.143941	
2.598240	1.143108	
2.598240	1.143108	
2.598240	1.143108	
2.598240	1.143108	
2.598240	1.143108	
2.598240	1.143108	
2.598240	1.143108	
2.598164	1.143108	
2.598164	1.143956	
2.598164	1.143956	
2.598164	1.143956	
2.598164	1.143956	
2.598164	1.143956	
2.598164	1.143956	
2.598164	1.143956	
2.597215	1.143956	
2.597215	1.144592	
2.597215	1.144592	
2.597215	1.144592	
2.597215	1.144592	
2.597215	1.144592	
2.597215	1.144592	
2.597215	1.144592	
2.596838	1.144592	
2.596838	1.144940	
2.596838	1.144940	
2.596838	1.144940	
2.596838	1.144940	
2.596838	1.144940	
2.596838	1.144940	
2.596838	1.144940	
2.596887	1.144940	
2.596887	1.143562	
2.596887	1.143562	
2.596887	1.143562	
2.596887	1.143562	
2.596887	1.143562	
2.596887	1.143562	
2.596887	1.143562	
2.597456	1.143562	
2.597456	1.143169	
2.597456	1.143169	
2.597456	1.143169	
2.597456	1.143169	
2.597456	1.143169	
2.597456	1.143169	
2.597456	1.143169	
2.597102	1.143169	
2.597102	1.144658	
2.597102	1.144658	
2.597102	1.144658	
2.597102	1.144658	
2.597102	1.144658	
2.597102	1.144658	
2.597102	1.144658	
2.597149	1.144658	
2.597149	1.144731	
2.597149	1.144731	
2.597149	1.144731	
2.597149	1.144731	
2.597149	1.144731	
2.597149	1.144731	
2.597149	1.144731	
2.597128	1.144731	
2.597128	1.143441	
2.597128	1.143441	
2.597128	1.143441	
2.597128	1.143441	
2.597128	1.143441	
2.597128	1.143441	
2.597128	1.143441	
2.596971	1.143441	
2.596971	1.142495	
2.596971	1.142495	
2.596971	1.142495	
2.596971	1.142495	
2.596971	1.142495	
2.596971	1.142495	
2.596971	1.142495	
2.597039	1.142495	
2.597039	1.144483	
2.597039	1.144483	
2.597039	1.144483	
2.597039	1.144483	
2.597039	1.144483	
2.597039	1.144483	
2.597039	1.144483	
2.596916	1.144483	
2.596916	1.145010	
2.596916	1.145010	
2.596916	1.145010	
2.596916	1.145010	
2.596916	1.145010	
2.596916	1.145010	
2.596916	1.145010	
2.596461	1.145010	
2.596461	1.144160	
2.596461	1.144160	
2.596461	1.144160	
2.596461	1.144160	
2.596461	1.144160	
2.596461	1.144160	
2.596461	1.144160	
2.596067	1.144160	
2.596067	1.142659	
2.596067	1.142659	
2.596067	1.142659	
2.596067	1.142659	
2.596067	1.142659	
2.596067	1.142659	
2.596067	1.142659	
2.595449	1.142659	
2.595449	1.142814	
2.595449	1.142814	
2.595449	1.142814	
2.595449	1.142814	
2.595449	1.142814	
2.595449	1.142814	
2.595449	1.142814	
2.592207	1.142814	
2.592207	1.143950	
2.592207	1.143950	
2.592207	1.143950	
2.592207	1.143950	
2.592207	1.143950	
2.592207	1.143950	
2.592207	1.143950	
2.589589	1.143950	
2.589589	1.143537	
2.589589	1.143537	
2.589589	1.143537	
2.589589	1.143537	
2.589589	1.143537	
2.589589	1.143537	
2.589589	1.143537	
2.586528	1.143537	
2.586528	1.141646	
2.586528	1.141646	
2.586528	1.141646	
2.586528	1.141646	
2.586528	1.141646	
2.586528	1.141646	
2.586528	1.141646	
2.583272	1.141646	
2.583272	1.140970	
2.583272	1.140970	
2.583272	1.140970	
2.583272	1.140970	
2.583272	1.140970	
2.583272	1.140970	
2.583272	1.140970	
2.580271	1.140970	
2.580271	1.142404	
2.580271	1.142404	
2.580271	1.142404	
2.580271	1.142404	
2.580271	1.142404	
2.580271	1.142404	
2.580271	1.142404	
2.577571	1.142404	
2.577571	1.142482	
2.577571	1.142482	
2.577571	1.142482	
2.577571	1.142482	
2.577571	1.142482	
2.577571	1.142482	
2.577571	1.142482	
2.574185	1.142482	
2.574185	1.140361	
2.574185	1.140361	
2.574185	1.140361	
2.574185	1.140361	
2.574185	1.140361	
2.574185	1.140361	
2.574185	1.140361	
2.571413	1.140361	
2.571413	1.139350	
2.571413	1.139350	
2.571413	1.139350	
2.571413	1.139350	
2.571413	1.139350	
2.571413	1.139350	
2.571413	1.139350	
2.568820	1.139350	
2.568820	1.141393	
2.568820	1.141393	
2.568820	1.141393	
2.568820	1.141393	
2.568820	1.141393	
2.568820	1.141393	
2.568820	1.141393	
2.565434	1.141393	
2.565434	1.141979	
2.565434	1.141979	
2.565434	1.141979	
2.565434	1.141979	
2.565434	1.141979	
2.565434	1.141979	
2.565434	1.141979	
2.562707	1.141979	
2.562707	1.140942	
2.562707	1.140942	
2.562707	1.140942	
2.562707	1.140942	
2.562707	1.140942	
2.562707	1.140942	
2.562707	1.140942	
2.559533	1.140942	
2.559533	1.139638	
2.559533	1.139638	
2.559533	1.139638	
2.559533	1.139638	
2.559533	1.139638	
2.559533	1.139638	
2.559533	1.139638	
2.556638	1.139638	
2.556638	1.140394	
2.556638	1.140394	
2.556638	1.140394	
2.556638	1.140394	
2.556638	1.140394	
2.556638	1.140394	
2.556638	1.140394	
2.553585	1.140394	
2.553585	1.140688	
2.553585	1.140688	
2.553585	1.140688	
2.553585	1.140688	
2.553585	1.140688	
2.553585	1.140688	
2.553585	1.140688	
2.550835	1.140688	
2.550835	1.140087	
2.550835	1.140087	
2.550835	1.140087	
2.550835	1.140087	
2.550835	1.140087	
2.550835	1.140087	
2.550835	1.140087	
2.547982	1.140087	
2.547982	1.138431	
2.547982	1.138431	
2.547982	1.138431	
2.547982	1.138431	
2.547982	1.138431	
2.547982	1.138431	
2.547982	1.138431	
2.545270	1.138431	
2.545270	1.138176	
2.545270	1.138176	
2.545270	1.138176	
2.545270	1.138176	
2.545270	1.138176	
2.545270	1.138176	
2.545270	1.138176	
2.542262	1.138176	
2.542262	1.139970	
2.542262	1.139970	
2.542262	1.139970	
2.542262	1.139970	
2.542262	1.139970	
2.542262	1.139970	
2.542262	1.139970	
2.539610	1.139970	
2.539610	1.139515	
2.539610	1.139515	
2.539610	1.139515	
2.539610	1.139515	
2.539610	1.139515	
2.539610	1.139515	
2.539610	1.139515	
2.536895	1.139515	
2.536895	1.138252	
2.536895	1.138252	
2.536895	1.138252	
2.536895	1.138252	
2.536895	1.138252	
2.536895	1.138252	
2.536895	1.138252	
2.534353	1.138252	
2.534353	1.138453	
2.534353	1.138453	
2.534353	1.138453	
2.534353	1.138453	
2.534353	1.138453	
2.534353	1.138453	
2.534353	1.138453	
2.531474	1.138453	
2.531474	1.139914	
2.531474	1.139914	
2.531474	1.139914	
2.531474	1.139914	
2.531474	1.139914	
2.531474	1.139914	
2.531474	1.139914	
2.528440	1.139914	
2.528440	1.141319	
2.528440	1.141319	
2.528440	1.141319	
2.528440	1.141319	
2.528440	1.141319	
2.528440	1.141319	
2.528440	1.141319	
2.525816	1.141319	
2.525816	1.139871	
2.525816	1.139871	
2.525816	1.139871	
2.525816	1.139871	
2.525816	1.139871	
2.525816	1.139871	
2.525816	1.139871	
2.523182	1.139871	
2.523182	1.138124	
2.523182	1.138124	
2.523182	1.138124	
2.523182	1.138124	
2.523182	1.138124	
2.523182	1.138124	
2.523182	1.138124	
2.520733	1.138124	
2.520733	1.138945	
2.520733	1.138945	
2.520733	1.138945	
2.520733	1.138945	
2.520733	1.138945	
2.520733	1.138945	
2.520733	1.138945	
2.518326	1.138945	
2.518326	1.139952	
2.518326	1.139952	
2.518326	1.139952	
2.518326	1.139952	
2.518326	1.139952	
2.518326	1.139952	
2.518326	1.139952	
2.515837	1.139952	
2.515837	1.138842	
2.515837	1.138842	
2.515837	1.138842	
2.515837	1.138842	
2.515837	1.138842	
2.515837	1.138842	
2.515837	1.138842	
2.513220	1.138842	
2.513220	1.138060	
2.513220	1.138060	
2.513220	1.138060	
2.513220	1.138060	
2.513220	1.138060	
2.513220	1.138060	
2.513220	1.138060	
2.510912	1.138060	
2.510912	1.138191	
2.510912	1.138191	
2.510912	1.138191	
2.510912	1.138191	
2.510912	1.138191	
2.510912	1.138191	
2.510912	1.138191	
2.508557	1.138191	
2.508557	1.139685	
2.508557	1.139685	
2.508557	1.139685	
2.508557	1.139685	
2.508557	1.139685	
2.508557	1.139685	
2.508557	1.139685	
2.506307	1.139685	
2.506307	1.139961	
2.506307	1.139961	
2.506307	1.139961	
2.506307	1.139961	
2.506307	1.139961	
2.506307	1.139961	
2.506307	1.139961	
2.504111	1.139961	
2.504111	1.138698	
2.504111	1.138698	
2.504111	1.138698	
2.504111	1.138698	
2.504111	1.138698	
2.504111	1.138698	
2.504111	1.138698	
2.506016	1.138698	
2.506016	1.137065	
2.506016	1.137065	
2.506016	1.137065	
2.506016	1.137065	
2.506016	1.137065	
2.506016	1.137065	
2.506016	1.137065	
2.507852	1.137065	
2.507852	1.139616	
2.507852	1.139616	
2.507852	1.139616	
2.507852	1.139616	
2.507852	1.139616	
2.507852	1.139616	
2.507852	1.139616	
2.510676	1.139616	
2.510676	1.140714	
2.510676	1.140714	
2.510676	1.140714	
2.510676	1.140714	
2.510676	1.140714	
2.510676	1.140714	
2.510676	1.140714	
2.512746	1.140714	
2.512746	1.140498	
2.512746	1.140498	
2.512746	1.140498	
2.512746	1.140498	
2.512746	1.140498	
2.512746	1.140498	
2.512746	1.140498	
2.515173	1.140498	
2.515173	1.138253	
2.515173	1.138253	
2.515173	1.138253	
2.515173	1.138253	
2.515173	1.138253	
2.515173	1.138253	
2.515173	1.138253	
2.517900	1.138253	
2.517900	1.139219	
2.517900	1.139219	
2.517900	1.139219	
2.517900	1.139219	
2.517900	1.139219	
2.517900	1.139219	
2.517900	1.139219	
2.520526	1.139219	
2.520526	1.140853	
2.520526	1.140853	
2.520526	1.140853	
2.520526	1.140853	
2.520526	1.140853	
2.520526	1.140853	
2.520526	1.140853	
2.522636	1.140853	
2.522636	1.139577	
2.522636	1.139577	
2.522636	1.139577	
2.522636	1.139577	
2.522636	1.139577	
2.522636	1.139577	
2.522636	1.139577	
2.525499	1.139577	
2.525499	1.137034	
2.525499	1.137034	
2.525499	1.137034	
2.525499	1.137034	
2.525499	1.137034	
2.525499	1.137034	
2.525499	1.137034	
2.528437	1.137034	
2.528437	1.137764	
2.528437	1.137764	
2.528437	1.137764	
2.528437	1.137764	
2.528437	1.137764	
2.528437	1.137764	
2.528437	1.137764	
2.530921	1.137764	
2.530921	1.139274	
2.530921	1.139274	
2.530921	1.139274	
2.530921	1.139274	
2.530921	1.139274	
2.530921	1.139274	
2.530921	1.139274	
2.533471	1.139274	
2.533471	1.139014	
2.533471	1.139014	
2.533471	1.139014	
2.533471	1.139014	
2.533471	1.139014	
2.533471	1.139014	
2.533471	1.139014	
2.536307	1.139014	
2.536307	1.139221	
2.536307	1.139221	
2.536307	1.139221	
2.536307	1.139221	
2.536307	1.139221	
2.536307	1.139221	
2.536307	1.139221	
2.539052	1.139221	
2.539052	1.138255	
2.539052	1.138255	
2.539052	1.138255	
2.539052	1.138255	
2.539052	1.138255	
2.539052	1.138255	
2.539052	1.138255	
2.541965	1.138255	
2.541965	1.140325	
2.541965	1.140325	
2.541965	1.140325	
2.541965	1.140325	
2.541965	1.140325	
2.541965	1.140325	
2.541965	1.140325	
2.545134	1.140325	
2.545134	1.139816	
2.545134	1.139816	
2.545134	1.139816	
2.545134	1.139816	
2.545134	1.139816	
2.545134	1.139816	
2.545134	1.139816	
2.547120	1.139816	
2.547120	1.139391	
2.547120	1.139391	
2.547120	1.139391	
2.547120	1.139391	
2.547120	1.139391	
2.547120	1.139391	
2.547120	1.139391	
2.550359	1.139391	
2.550359	1.138286	
2.550359	1.138286	
2.550359	1.138286	
2.550359	1.138286	
2.550359	1.138286	
2.550359	1.138286	
2.550359	1.138286	
2.553301	1.138286	
2.553301	1.140449	
2.553301	1.140449	
2.553301	1.140449	
2.553301	1.140449	
2.553301	1.140449	
2.553301	1.140449	
2.553301	1.140449	
2.556153	1.140449	
2.556153	1.141376	
2.556153	1.141376	
2.556153	1.141376	
2.556153	1.141376	
2.556153	1.141376	
2.556153	1.141376	
2.556153	1.141376	
2.558961	1.141376	
2.558961	1.140157	
2.558961	1.140157	
2.558961	1.140157	
2.558961	1.140157	
2.558961	1.140157	
2.558961	1.140157	
2.558961	1.140157	
2.562032	1.140157	
2.562032	1.139220	
2.562032	1.139220	
2.562032	1.139220	
2.562032	1.139220	
2.562032	1.139220	
2.562032	1.139220	
2.562032	1.139220	
2.564751	1.139220	
2.564751	1.140073	
2.564751	1.140073	
2.564751	1.140073	
2.564751	1.140073	
2.564751	1.140073	
2.564751	1.140073	
2.564751	1.140073	
2.567968	1.140073	
2.567968	1.140822	
2.567968	1.140822	
2.567968	1.140822	
2.567968	1.140822	
2.567968	1.140822	
2.567968	1.140822	
2.567968	1.140822	
2.570773	1.140822	
2.570773	1.140372	
2.570773	1.140372	
2.570773	1.140372	
2.570773	1.140372	
2.570773	1.140372	
2.570773	1.140372	
2.570773	1.140372	
2.573405	1.140372	
2.573405	1.138977	
2.573405	1.138977	
2.573405	1.138977	
2.573405	1.138977	
2.573405	1.138977	
2.573405	1.138977	
2.573405	1.138977	
2.576547	1.138977	
2.576547	1.140056	
2.576547	1.140056	
2.576547	1.140056	
2.576547	1.140056	
2.576547	1.140056	
2.576547	1.140056	
2.576547	1.140056	
2.579773	1.140056	
2.579773	1.142216	
2.579773	1.142216	
2.579773	1.142216	
2.579773	1.142216	
2.579773	1.142216	
2.579773	1.142216	
2.579773	1.142216	
2.582652	1.142216	
2.582652	1.143456	
2.582652	1.143456	
2.582652	1.143456	
2.582652	1.143456	
2.582652	1.143456	
2.582652	1.143456	
2.582652	1.143456	
2.585574	1.143456	
2.585574	1.141307	
2.585574	1.141307	
2.585574	1.141307	
2.585574	1.141307	
2.585574	1.141307	
2.585574	1.141307	
2.585574	1.141307	
2.588922	1.141307	
2.588922	1.140888	
2.588922	1.140888	
2.588922	1.140888	
2.588922	1.140888	
2.588922	1.140888	
2.588922	1.140888	
2.588922	1.140888	
2.591392	1.140888	
2.591392	1.143165	
2.591392	1.143165	
2.591392	1.143165	
2.591392	1.143165	
2.591392	1.143165	
2.591392	1.143165	
2.591392	1.143165	
2.594544	1.143165	
2.594544	1.144805	
2.594544	1.144805	
2.594544	1.144805	
2.594544	1.144805	
2.594544	1.144805	
2.594544	1.144805	
2.594544	1.144805	
2.596488	1.144805	
2.596488	1.143776	
2.596488	1.143776	
2.596488	1.143776	
2.596488	1.143776	
2.596488	1.143776	
2.596488	1.143776	
2.596488	1.143776	
2.596970	1.143776	
2.596970	1.142552	
2.596970	1.142552	
2.596970	1.142552	
2.596970	1.142552	
2.596970	1.142552	
2.596970	1.142552	
2.596970	1.142552	
2.596908	1.142552	
2.596908	1.143743	
2.596908	1.143743	
2.596908	1.143743	
2.596908	1.143743	
2.596908	1.143743	
2.596908	1.143743	
2.596908	1.143743	
2.597208	1.143743	
2.597208	1.144819	
2.597208	1.144819	
2.597208	1.144819	
2.597208	1.144819	
2.597208	1.144819	
2.597208	1.144819	
2.597208	1.144819	
2.596956	1.144819	
2.596956	1.144246	
2.596956	1.144246	
2.596956	1.144246	
2.596956	1.144246	
2.596956	1.144246	
2.596956	1.144246	
2.596956	1.144246	
2.597271	1.144246	
2.597271	1.143637	
2.597271	1.143637	
2.597271	1.143637	
2.597271	1.143637	
2.597271	1.143637	
2.597271	1.143637	
2.597271	1.143637	
2.596985	1.143637	
2.596985	1.143437	
2.596985	1.143437	
2.596985	1.143437	
2.596985	1.143437	
2.596985	1.143437	
2.596985	1.143437	
2.596985	1.143437	
2.597325	1.143437	
2.597325	1.144185	
2.597325	1.144185	
2.597325	1.144185	
2.597325	1.144185	
2.597325	1.144185	
2.597325	1.144185	
2.597325	1.144185	
2.596958	1.144185	
2.596958	1.145156	
2.596958	1.145156	
2.596958	1.145156	
2.596958	1.145156	
2.596958	1.145156	
2.596958	1.145156	
2.596958	1.145156	
2.596888	1.145156	
2.596888	1.143380	
2.596888	1.143380	
2.596888	1.143380	
2.596888	1.143380	
2.596888	1.143380	
2.596888	1.143380	
2.596888	1.143380	
2.597053	1.143380	
2.597053	1.142232	
2.597053	1.142232	
2.597053	1.142232	
2.597053	1.142232	
2.597053	1.142232	
2.597053	1.142232	
2.597053	1.142232	
2.597399	1.142232	
2.597399	1.145296	
2.597399	1.145296	
2.597399	1.145296	
2.597399	1.145296	
2.597399	1.145296	
2.597399	1.145296	
2.597399	1.145296	
2.598483	1.145296	
2.598483	1.145444	
2.598483	1.145444	
2.598483	1.145444	
2.598483	1.145444	
2.598483	1.145444	
2.598483	1.145444	
2.598483	1.145444	
2.598428	1.145444	
2.598428	1.143186	
2.598428	1.143186	
2.598428	1.143186	
2.598428	1.143186	
2.598428	1.143186	
2.598428	1.143186	
2.598428	1.143186	
2.598551	1.143186	
2.598551	1.142841	
2.598551	1.142841	
2.598551	1.142841	
2.598551	1.142841	
2.598551	1.142841	
2.598551	1.142841	
2.598551	1.142841	
2.598855	1.142841	
2.598855	1.144986	
2.598855	1.144986	
2.598855	1.144986	
2.598855	1.144986	
2.598855	1.144986	
2.598855	1.144986	
2.598855	1.144986	
2.598861	1.144986	
2.598861	1.144114	
2.598861	1.144114	
2.598861	1.144114	
2.598861	1.144114	
2.598861	1.144114	
2.598861	1.144114	
2.598861	1.144114	
2.599173	1.144114	
2.599173	1.144659	
2.599173	1.144659	
2.599173	1.144659	
2.599173	1.144659	
2.599173	1.144659	
2.599173	1.144659	
2.599173	1.144659	
2.599284	1.144659	
2.599284	1.142662	
2.599284	1.142662	
2.599284	1.142662	
2.599284	1.142662	
2.599284	1.142662	
2.599284	1.142662	
2.599284	1.142662	
2.599288	1.142662	
2.599288	1.143547	
2.599288	1.143547	
2.599288	1.143547	
2.599288	1.143547	
2.599288	1.143547	
2.599288	1.143547	
2.599288	1.143547	
2.599846	1.143547	
2.599846	1.144292	
2.599846	1.144292	
2.599846	1.144292	
2.599846	1.144292	
2.599846	1.144292	
2.599846	1.144292	
2.599846	1.144292	
2.599976	1.144292	
2.599976	1.144862	
2.599976	1.144862	
2.599976	1.144862	
2.599976	1.144862	
2.599976	1.144862	
2.599976	1.144862	
2.599976	1.144862	
2.600153	1.144862	
2.600153	1.142804	
2.600153	1.142804	
2.600153	1.142804	
2.600153	1.142804	
2.600153	1.142804	
2.600153	1.142804	
2.600153	1.142804	
2.600503	1.142804	
2.600503	1.143498	
2.600503	1.143498	
2.600503	1.143498	
2.600503	1.143498	
2.600503	1.143498	
2.600503	1.143498	
2.600503	1.143498	
2.600485	1.143498	
2.600485	1.145233	
2.600485	1.145233	
2.600485	1.145233	
2.600485	1.145233	
2.600485	1.145233	
2.600485	1.145233	
2.600485	1.145233	
2.600559	1.145233	
2.600559	1.144063	
2.600559	1.144063	
2.600559	1.144063	
2.600559	1.144063	
2.600559	1.144063	
2.600559	1.144063	
2.600559	1.144063	
2.600905	1.144063	
2.600905	1.143200	
2.600905	1.143200	
2.600905	1.143200	
2.600905	1.143200	
2.600905	1.143200	
2.600905	1.143200	
2.600905	1.143200	
2.601026	1.143200	
2.601026	1.143082	
2.601026	1.143082	
2.601026	1.143082	
2.601026	1.143082	
2.601026	1.143082	
2.601026	1.143082	
2.601026	1.143082	
2.601239	1.143082	
2.601239	1.144980	
2.601239	1.144980	
2.601239	1.144980	
2.601239	1.144980	
2.601239	1.144980	
2.601239	1.144980	
2.601239	1.144980	
2.601443	1.144980	
2.601443	1.144897	
2.601443	1.144897	
2.601443	1.144897	
2.601443	1.144897	
2.601443	1.144897	
2.601443	1.144897	
2.601443	1.144897	
2.601374	1.144897	
2.601374	1.145148	
2.601374	1.145148	
2.601374	1.145148	
2.601374	1.145148	
2.601374	1.145148	
2.601374	1.145148	
2.601374	1.145148	
2.601740	1.145148	
2.601740	1.143838	
2.601740	1.143838	
2.601740	1.143838	
2.601740	1.143838	
2.601740	1.143838	
2.601740	1.143838	
2.601740	1.143838	
2.601814	1.143838	
2.601814	1.144846	
2.601814	1.144846	
2.601814	1.144846	
2.601814	1.144846	
2.601814	1.144846	
2.601814	1.144846	
2.601814	1.144846	
2.601775	1.144846	
2.601775	1.146105	
2.601775	1.146105	
2.601775	1.146105	
2.601775	1.146105	
2.601775	1.146105	
2.601775	1.146105	
2.601775	1.146105	
2.601997	1.146105	
2.601997	1.144808	
2.601997	1.144808	
2.601997	1.144808	
2.601997	1.144808	
2.601997	1.144808	
2.601997	1.144808	
2.601997	1.144808	
2.602163	1.144808	
2.602163	1.143065	
2.602163	1.143065	
2.602163	1.143065	
2.602163	1.143065	
2.602163	1.143065	
2.602163	1.143065	
2.602163	1.143065	
2.602458	1.143065	
2.602458	1.144270	
2.602458	1.144270	
2.602458	1.144270	
2.602458	1.144270	
2.602458	1.144270	
2.602458	1.144270	
2.602458	1.144270	
2.602316	1.144270	
2.602316	1.145652	
2.602316	1.145652	
2.602316	1.145652	
2.602316	1.145652	
2.602316	1.145652	
2.602316	1.145652	
2.602316	1.145652	
2.602597	1.145652	
2.602597	1.145274	
2.602597	1.145274	
2.602597	1.145274	
2.602597	1.145274	
2.602597	1.145274	
2.602597	1.145274	
2.602597	1.145274	
2.602840	1.145274	
2.602840	1.143674	
2.602840	1.143674	
2.602840	1.143674	
2.602840	1.143674	
2.602840	1.143674	
2.602840	1.143674	
2.602840	1.143674	
2.602771	1.143674	
2.602771	1.141944	
2.602771	1.141944	
2.602771	1.141944	
2.602771	1.141944	
2.602771	1.141944	
2.602771	1.141944	
2.602771	1.141944	
2.603338	1.141944	
2.603338	1.145208	
2.603338	1.145208	
2.603338	1.145208	
2.603338	1.145208	
2.603338	1.145208	
2.603338	1.145208	
2.603338	1.145208	
2.603294	1.145208	
2.603294	1.146186	
2.603294	1.146186	
2.603294	1.146186	
2.603294	1.146186	
2.603294	1.146186	
2.603294	1.146186	
2.603294	1.146186	
2.603305	1.146186	
2.603305	1.144547	
2.603305	1.144547	
2.603305	1.144547	
2.603305	1.144547	
2.603305	1.144547	
2.603305	1.144547	
2.603305	1.144547	
2.603308	1.144547	
2.603308	1.144061	
2.603308	1.144061	
2.603308	1.144061	
2.603308	1.144061	
2.603308	1.144061	
2.603308	1.144061	
2.603308	1.144061	
2.603483	1.144061	
2.603483	1.143970	
2.603483	1.143970	
2.603483	1.143970	
2.603483	1.143970	
2.603483	1.143970	
2.603483	1.143970	
2.603483	1.143970	
2.603623	1.143970	
2.603623	1.145200	
2.603623	1.145200	
2.603623	1.145200	
2.603623	1.145200	
2.603623	1.145200	
2.603623	1.145200	
2.603623	1.145200	
2.603640	1.145200	
2.603640	1.144650	
2.603640	1.144650	
2.603640	1.144650	
2.603640	1.144650	
2.603640	1.144650	
2.603640	1.144650	
2.603640	1.144650	
2.603745	1.144650	
2.603745	1.142637	
2.603745	1.142637	
2.603745	1.142637	
2.603745	1.142637	
2.603745	1.142637	
2.603745	1.142637	
2.603745	1.142637	
2.603871	1.142637	
2.603871	1.144562	
2.603871	1.144562	
2.603871	1.144562	
2.603871	1.144562	
2.603871	1.144562	
2.603871	1.144562	
2.603871	1.144562	
2.603889	1.144562	
2.603889	1.145143	
2.603889	1.145143	
2.603889	1.145143	
2.603889	1.145143	
2.603889	1.145143	
2.603889	1.145143	
2.603889	1.145143	
2.603886	1.145143	
2.603886	1.145204	
2.603886	1.145204	
2.603886	1.145204	
2.603886	1.145204	
2.603886	1.145204	
2.603886	1.145204	
2.603886	1.145204	
2.604156	1.145204	
2.604156	1.143890	
2.604156	1.143890	
2.604156	1.143890	
2.604156	1.143890	
2.604156	1.143890	
2.604156	1.143890	
2.604156	1.143890	
2.604347	1.143890	
2.604347	1.144381	
2.604347	1.144381	
2.604347	1.144381	
2.604347	1.144381	
2.604347	1.144381	
2.604347	1.144381	
2.604347	1.144381	
2.604120	1.144381	
2.604120	1.145267	
2.604120	1.145267	
2.604120	1.145267	
2.604120	1.145267	
2.604120	1.145267	
2.604120	1.145267	
2.604120	1.145267	
2.604282	1.145267	
2.604282	1.146254	
2.604282	1.146254	
2.604282	1.146254	
2.604282	1.146254	
2.604282	1.146254	
2.604282	1.146254	
2.604282	1.146254	
2.604238	1.146254	
2.604238	1.143929	
2.604238	1.143929	
2.604238	1.143929	
2.604238	1.143929	
2.604238	1.143929	
2.604238	1.143929	
2.604238	1.143929	
2.604468	1.143929	
2.604468	1.143762	
2.604468	1.143762	
2.604468	1.143762	
2.604468	1.143762	
2.604468	1.143762	
2.604468	1.143762	
2.604468	1.143762	
2.604410	1.143762	
2.604410	1.144828	
2.604410	1.144828	
2.604410	1.144828	
2.604410	1.144828	
2.604410	1.144828	
2.604410	1.144828	
2.604410	1.144828	
2.604753	1.144828	
2.604753	1.145617	
2.604753	1.145617	
2.604753	1.145617	
2.604753	1.145617	
2.604753	1.145617	
2.604753	1.145617	
2.604753	1.145617	
2.604355	1.145617	
2.604355	1.144074	
2.604355	1.144074	
2.604355	1.144074	
2.604355	1.144074	
2.604355	1.144074	
2.604355	1.144074	
2.604355	1.144074	
2.604616	1.144074	
2.604616	1.144448	
2.604616	1.144448	
2.604616	1.144448	
2.604616	1.144448	
2.604616	1.144448	
2.604616	1.144448	
2.604616	1.144448	
2.604655	1.144448	
2.604655	1.144254	
2.604655	1.144254	
2.604655	1.144254	
2.604655	1.144254	
2.604655	1.144254	
2.604655	1.144254	
2.604655	1.144254	
2.604671	1.144254	
2.604671	1.145028	
2.604671	1.145028	
2.604671	1.145028	
2.604671	1.145028	
2.604671	1.145028	
2.604671	1.145028	
2.604671	1.145028	
2.604416	1.145028	
2.604416	1.144456	
2.604416	1.144456	
2.604416	1.144456	
2.604416	1.144456	
2.604416	1.144456	
2.604416	1.144456	
2.604416	1.144456	
2.604859	1.144456	
2.604859	1.143186	
2.604859	1.143186	
2.604859	1.143186	
2.604859	1.143186	
2.604859	1.143186	
2.604859	1.143186	
2.604859	1.143186	
2.604831	1.143186	
2.604831	1.145130	
2.604831	1.145130	
2.604831	1.145130	
2.604831	1.145130	
2.604831	1.145130	
2.604831	1.145130	
2.604831	1.145130	
2.604795	1.145130	
2.604795	1.145180	
2.604795	1.145180	
2.604795	1.145180	
2.604795	1.145180	
2.604795	1.145180	
2.604795	1.145180	
2.604795	1.145180	
2.604820	1.145180	
2.604820	1.146023	
2.604820	1.146023	
2.604820	1.146023	
2.604820	1.146023	
2.604820	1.146023	
2.604820	1.146023	
2.604820	1.146023	
2.604776	1.146023	
2.604776	1.143834	
2.604776	1.143834	
2.604776	1.143834	
2.604776	1.143834	
2.604776	1.143834	
2.604776	1.143834	
2.604776	1.143834	
2.604951	1.143834	
2.604951	1.142398	
2.604951	1.142398	
2.604951	1.142398	
2.604951	1.142398	
2.604951	1.142398	
2.604951	1.142398	
2.604951	1.142398	
2.604773	1.142398	
2.604773	1.144731	
2.604773	1.144731	
2.604773	1.144731	
2.604773	1.144731	
2.604773	1.144731	
2.604773	1.144731	
2.604773	1.144731	
2.604894	1.144731	
2.604894	1.145438	
2.604894	1.145438	
2.604894	1.145438	
2.604894	1.145438	
2.604894	1.145438	
2.604894	1.145438	
2.604894	1.145438	
2.605059	1.145438	
2.605059	1.145223	
2.605059	1.145223	
2.605059	1.145223	
2.605059	1.145223	
2.605059	1.145223	
2.605059	1.145223	
2.605059	1.145223	
2.605211	1.145223	
2.605211	1.144480	
2.605211	1.144480	
2.605211	1.144480	
2.605211	1.144480	
2.605211	1.144480	
2.605211	1.144480	
2.605211	1.144480	
2.605125	1.144480	
2.605125	1.144825	
2.605125	1.144825	
2.605125	1.144825	
2.605125	1.144825	
2.605125	1.144825	
2.605125	1.144825	
2.605125	1.144825	
2.605246	1.144825	
2.605246	1.146216	
2.605246	1.146216	
2.605246	1.146216	
2.605246	1.146216	
2.605246	1.146216	
2.605246	1.146216	
2.605246	1.146216	
2.605059	1.146216	
2.605059	1.145783	
2.605059	1.145783	
2.605059	1.145783	
2.605059	1.145783	
2.605059	1.145783	
2.605059	1.145783	
2.605059	1.145783	
2.605158	1.145783	
2.605158	1.144240	
2.605158	1.144240	
2.605158	1.144240	
2.605158	1.144240	
2.605158	1.144240	
2.605158	1.144240	
2.605158	1.144240	
2.605178	1.144240	
2.605178	1.144616	
2.605178	1.144616	
2.605178	1.144616	
2.605178	1.144616	
2.605178	1.144616	
2.605178	1.144616	
2.605178	1.144616	
2.605277	1.144616	
2.605277	1.145970	
2.605277	1.145970	
2.605277	1.145970	
2.605277	1.145970	
2.605277	1.145970	
2.605277	1.145970	
2.605277	1.145970	
2.605610	1.145970	
2.605610	1.145411	
2.605610	1.145411	
2.605610	1.145411	
2.605610	1.145411	
2.605610	1.145411	
2.605610	1.145411	
2.605610	1.145411	
2.605464	1.145411	
2.605464	1.144270	
2.605464	1.144270	
2.605464	1.144270	
2.605464	1.144270	
2.605464	1.144270	
2.605464	1.144270	
2.605464	1.144270	
2.605622	1.144270	
2.605622	1.144305	
2.605622	1.144305	
2.605622	1.144305	
2.605622	1.144305	
2.605622	1.144305	
2.605622	1.144305	
2.605622	1.144305	
2.605799	1.144305	
2.605799	1.145275	
2.605799	1.145275	
2.605799	1.145275	
2.605799	1.145275	
2.605799	1.145275	
2.605799	1.145275	
2.605799	1.145275	
2.605632	1.145275	
2.605632	1.147608	
2.605632	1.147608	
2.605632	1.147608	
2.605632	1.147608	
2.605632	1.147608	
2.605632	1.147608	
2.605632	1.147608	
2.605810	1.147608	
2.605810	1.145853	
2.605810	1.145853	
2.605810	1.145853	
2.605810	1.145853	
2.605810	1.145853	
2.605810	1.145853	
2.605810	1.145853	
2.606071	1.145853	
2.606071	1.144483	
2.606071	1.144483	
2.606071	1.144483	
2.606071	1.144483	
2.606071	1.144483	
2.606071	1.144483	
2.606071	1.144483	
2.606258	1.144483	
2.606258	1.146672	
2.606258	1.146672	
2.606258	1.146672	
2.606258	1.146672	
2.606258	1.146672	
2.606258	1.146672	
2.606258	1.146672	
2.606055	1.146672	
2.606055	1.147311	
2.606055	1.147311	
2.606055	1.147311	
2.606055	1.147311	
2.606055	1.147311	
2.606055	1.147311	
2.606055	1.147311	
2.606641	1.147311	
2.606641	1.146226	
2.606641	1.146226	
2.606641	1.146226	
2.606641	1.146226	
2.606641	1.146226	
2.606641	1.146226	
2.606641	1.146226	
2.606672	1.146226	
2.606672	1.144906	
2.606672	1.144906	
2.606672	1.144906	
2.606672	1.144906	
2.606672	1.144906	
2.606672	1.144906	
2.606672	1.144906	
2.606452	1.144906	
2.606452	1.145836	
2.606452	1.145836	
2.606452	1.145836	
2.606452	1.145836	
2.606452	1.145836	
2.606452	1.145836	
2.606452	1.145836	
2.606880	1.145836	
2.606880	1.146844	
2.606880	1.146844	
2.606880	1.146844	
2.606880	1.146844	
2.606880	1.146844	
2.606880	1.146844	
2.606880	1.146844	
2.606598	1.146844	
2.606598	1.147607	
2.606598	1.147607	
2.606598	1.147607	
2.606598	1.147607	
2.606598	1.147607	
2.606598	1.147607	
2.606598	1.147607	
2.607037	1.147607	
2.607037	1.146200	
2.607037	1.146200	
2.607037	1.146200	
2.607037	1.146200	
2.607037	1.146200	
2.607037	1.146200	
2.607037	1.146200	
2.606981	1.146200	
2.606981	1.145906	
2.606981	1.145906	
2.606981	1.145906	
2.606981	1.145906	
2.606981	1.145906	
2.606981	1.145906	
2.606981	1.145906	
2.607199	1.145906	
2.607199	1.148283	
2.607199	1.148283	
2.607199	1.148283	
2.607199	1.148283	
2.607199	1.148283	
2.607199	1.148283	
2.607199	1.148283	
2.607212	1.148283	
2.607212	1.149454	
2.607212	1.149454	
2.607212	1.149454	
2.607212	1.149454	
2.607212	1.149454	
2.607212	1.149454	
2.607212	1.149454	
2.607689	1.149454	
2.607689	1.149402	
2.607689	1.149402	
2.607689	1.149402	
2.607689	1.149402	
2.607689	1.149402	
2.607689	1.149402	
2.607689	1.149402	
2.607846	1.149402	
2.607846	1.153909	
2.607846	1.153909	
2.607846	1.153909	
2.607846	1.153909	
2.607846	1.153909	
2.607846	1.153909	
2.607846	1.153909	
2.607826	1.153909	
2.607826	1.160964	
2.607826	1.160964	
2.607826	1.160964	
2.607826	1.160964	
2.607826	1.160964	
2.607826	1.160964	
2.607826	1.160964	
2.607829	1.160964	
2.607829	1.162516	
2.607829	1.162516	
2.607829	1.162516	
2.607829	1.162516	
2.607829	1.162516	
2.607829	1.162516	
2.607829	1.162516	
2.608062	1.162516	
2.608062	1.161826	
2.608062	1.161826	
2.608062	1.161826	
2.608062	1.161826	
2.608062	1.161826	
2.608062	1.161826	
2.608062	1.161826	
2.608159	1.161826	
2.608159	1.174870	
2.608159	1.174870	
2.608159	1.174870	
2.608159	1.174870	
2.608159	1.174870	
2.608159	1.174870	
2.608159	1.174870	
2.608410	1.174870	
2.608410	1.266337	
2.608410	1.266337	
2.608410	1.266337	
2.608410	1.266337	
2.608410	1.266337	
2.608410	1.266337	
2.608410	1.266337	
2.608507	1.266337	
2.608507	1.294820	
2.608507	1.294820	
2.608507	1.294820	
2.608507	1.294820	
2.608507	1.294820	
2.608507	1.294820	
2.608507	1.294820	
2.608738	1.294820	
2.608738	1.302768	
2.608738	1.302768	
2.608738	1.302768	
2.608738	1.302768	
2.608738	1.302768	
2.608738	1.302768	
2.608738	1.302768	
2.609486	1.302768	
2.609486	1.311475	
2.609486	1.311475	
2.609486	1.311475	
2.609486	1.311475	
2.609486	1.311475	
2.609486	1.311475	
2.609486	1.311475	
2.609138	1.311475	
2.609138	1.318304	
2.609138	1.318304	
2.609138	1.318304	
2.609138	1.318304	
2.609138	1.318304	
2.609138	1.318304	
2.609138	1.318304	
2.609288	1.318304	
2.609288	1.320817	
2.609288	1.320817	
2.609288	1.320817	
2.609288	1.320817	
2.609288	1.320817	
2.609288	1.320817	
2.609288	1.320817	
2.609498	1.320817	
2.609498	1.321989	
2.609498	1.321989	
2.609498	1.321989	
2.609498	1.321989	
2.609498	1.321989	
2.609498	1.321989	
2.609498	1.321989	
2.609596	1.321989	
2.609596	1.320506	
2.609596	1.320506	
2.609596	1.320506	
2.609596	1.320506	
2.609596	1.320506	
2.609596	1.320506	
2.609596	1.320506	
2.609801	1.320506	
2.609801	1.320522	
2.609801	1.320522	
2.609801	1.320522	
2.609801	1.320522	
2.609801	1.320522	
2.609801	1.320522	
2.609801	1.320522	
2.610617	1.320522	
2.610617	1.322847	
2.610617	1.322847	
2.610617	1.322847	
2.610617	1.322847	
2.610617	1.322847	
2.610617	1.322847	
2.610617	1.322847	
2.610416	1.322847	
2.610416	1.325262	
2.610416	1.325262	
2.610416	1.325262	
2.610416	1.325262	
2.610416	1.325262	
2.610416	1.325262	
2.610416	1.325262	
2.610515	1.325262	
2.610515	1.325750	
2.610515	1.325750	
2.610515	1.325750	
2.610515	1.325750	
2.610515	1.325750	
2.610515	1.325750	
2.610515	1.325750	
2.611055	1.325750	
2.611055	1.325473	
2.611055	1.325473	
2.611055	1.325473	
2.611055	1.325473	
2.611055	1.325473	
2.611055	1.325473	
2.611055	1.325473	
2.611203	1.325473	
2.611203	1.327739	
2.611203	1.327739	
2.611203	1.327739	
2.611203	1.327739	
2.611203	1.327739	
2.611203	1.327739	
2.611203	1.327739	
2.611075	1.327739	
2.611075	1.328820	
2.611075	1.328820	
2.611075	1.328820	
2.611075	1.328820	
2.611075	1.328820	
2.611075	1.328820	
2.611075	1.328820	
2.611388	1.328820	
2.611388	1.327528	
2.611388	1.327528	
2.611388	1.327528	
2.611388	1.327528	
2.611388	1.327528	
2.611388	1.327528	
2.611388	1.327528	
2.611668	1.327528	
2.611668	1.326311	
2.611668	1.326311	
2.611668	1.326311	
2.611668	1.326311	
2.611668	1.326311	
2.611668	1.326311	
2.611668	1.326311	
2.612710	1.326311	
2.612710	1.329164	
2.612710	1.329164	
2.612710	1.329164	
2.612710	1.329164	
2.612710	1.329164	
2.612710	1.329164	
2.612710	1.329164	
2.612850	1.329164	
2.612850	1.333017	
2.612850	1.333017	
2.612850	1.333017	
2.612850	1.333017	
2.612850	1.333017	
2.612850	1.333017	
2.612850	1.333017	
2.612523	1.333017	
2.612523	1.332200	
2.612523	1.332200	
2.612523	1.332200	
2.612523	1.332200	
2.612523	1.332200	
2.612523	1.332200	
2.612523	1.332200	
2.612303	1.332200	
2.612303	1.331394	
2.612303	1.331394	
2.612303	1.331394	
2.612303	1.331394	
2.612303	1.331394	
2.612303	1.331394	
2.612303	1.331394	
2.612614	1.331394	
2.612614	1.330492	
2.612614	1.330492	
2.612614	1.330492	
2.612614	1.330492	
2.612614	1.330492	
2.612614	1.330492	
2.612614	1.330492	
2.612695	1.330492	
2.612695	1.332331	
2.612695	1.332331	
2.612695	1.332331	
2.612695	1.332331	
2.612695	1.332331	
2.612695	1.332331	
2.612695	1.332331	
2.612638	1.332331	
2.612638	1.333250	
2.612638	1.333250	
2.612638	1.333250	
2.612638	1.333250	
2.612638	1.333250	
2.612638	1.333250	
2.612638	1.333250	
2.612240	1.333250	
2.612240	1.331361	
2.612240	1.331361	
2.612240	1.331361	
2.612240	1.331361	
2.612240	1.331361	
2.612240	1.331361	
2.612240	1.331361	
2.612743	1.331361	
2.612743	1.330082	
2.612743	1.330082	
2.612743	1.330082	
2.612743	1.330082	
2.612743	1.330082	
2.612743	1.330082	
2.612743	1.330082	
2.612670	1.330082	
2.612670	1.331720	
2.612670	1.331720	
2.612670	1.331720	
2.612670	1.331720	
2.612670	1.331720	
2.612670	1.331720	
2.612670	1.331720	
2.612910	1.331720	
2.612910	1.333614	
2.612910	1.333614	
2.612910	1.333614	
2.612910	1.333614	
2.612910	1.333614	
2.612910	1.333614	
2.612910	1.333614	
2.614358	1.333614	
2.614358	1.335264	
2.614358	1.335264	
2.614358	1.335264	
2.614358	1.335264	
2.614358	1.335264	
2.614358	1.335264	
2.614358	1.335264	
2.617329	1.335264	
2.617329	1.337285	
2.617329	1.337285	
2.617329	1.337285	
2.617329	1.337285	
2.617329	1.337285	
2.617329	1.337285	
2.617329	1.337285	
2.619929	1.337285	
2.619929	1.342107	
2.619929	1.342107	
2.619929	1.342107	
2.619929	1.342107	
2.619929	1.342107	
2.619929	1.342107	
2.619929	1.342107	
2.623320	1.342107	
2.623320	1.346017	
2.623320	1.346017	
2.623320	1.346017	
2.623320	1.346017	
2.623320	1.346017	
2.623320	1.346017	
2.623320	1.346017	
2.626293	1.346017	
2.626293	1.346814	
2.626293	1.346814	
2.626293	1.346814	
2.626293	1.346814	
2.626293	1.346814	
2.626293	1.346814	
2.626293	1.346814	
2.629310	1.346814	
2.629310	1.347236	
2.629310	1.347236	
2.629310	1.347236	
2.629310	1.347236	
2.629310	1.347236	
2.629310	1.347236	
2.629310	1.347236	
2.632316	1.347236	
2.632316	1.347926	
2.632316	1.347926	
2.632316	1.347926	
2.632316	1.347926	
2.632316	1.347926	
2.632316	1.347926	
2.632316	1.347926	
2.635422	1.347926	
2.635422	1.349531	
2.635422	1.349531	
2.635422	1.349531	
2.635422	1.349531	
2.635422	1.349531	
2.635422	1.349531	
2.635422	1.349531	
2.638616	1.349531	
2.638616	1.351301	
2.638616	1.351301	
2.638616	1.351301	
2.638616	1.351301	
2.638616	1.351301	
2.638616	1.351301	
2.638616	1.351301	
2.641317	1.351301	
2.641317	1.350231	
2.641317	1.350231	
2.641317	1.350231	
2.641317	1.350231	
2.641317	1.350231	
2.641317	1.350231	
2.641317	1.350231	
2.644628	1.350231	
2.644628	1.350261	
2.644628	1.350261	
2.644628	1.350261	
2.644628	1.350261	
2.644628	1.350261	
2.644628	1.350261	
2.644628	1.350261	
2.647465	1.350261	
2.647465	1.353074	
2.647465	1.353074	
2.647465	1.353074	
2.647465	1.353074	
2.647465	1.353074	
2.647465	1.353074	
2.647465	1.353074	
2.650461	1.353074	
2.650461	1.353615	
2.650461	1.353615	
2.650461	1.353615	
2.650461	1.353615	
2.650461	1.353615	
2.650461	1.353615	
2.650461	1.353615	
2.653582	1.353615	
2.653582	1.353068	
2.653582	1.353068	
2.653582	1.353068	
2.653582	1.353068	
2.653582	1.353068	
2.653582	1.353068	
2.653582	1.353068	
2.656585	1.353068	
2.656585	1.351886	
2.656585	1.351886	
2.656585	1.351886	
2.656585	1.351886	
2.656585	1.351886	
2.656585	1.351886	
2.656585	1.351886	
2.659485	1.351886	
2.659485	1.354004	
2.659485	1.354004	
2.659485	1.354004	
2.659485	1.354004	
2.659485	1.354004	
2.659485	1.354004	
2.659485	1.354004	
2.662294	1.354004	
2.662294	1.355167	
2.662294	1.355167	
2.662294	1.355167	
2.662294	1.355167	
2.662294	1.355167	
2.662294	1.355167	
2.662294	1.355167	
2.665582	1.355167	
2.665582	1.355314	
2.665582	1.355314	
2.665582	1.355314	
2.665582	1.355314	
2.665582	1.355314	
2.665582	1.355314	
2.665582	1.355314	
2.668141	1.355314	
2.668141	1.353162	
2.668141	1.353162	
2.668141	1.353162	
2.668141	1.353162	
2.668141	1.353162	
2.668141	1.353162	
2.668141	1.353162	
2.670834	1.353162	
2.670834	1.353798	
2.670834	1.353798	
2.670834	1.353798	
2.670834	1.353798	
2.670834	1.353798	
2.670834	1.353798	
2.670834	1.353798	
2.673882	1.353798	
2.673882	1.355456	
2.673882	1.355456	
2.673882	1.355456	
2.673882	1.355456	
2.673882	1.355456	
2.673882	1.355456	
2.673882	1.355456	
2.676786	1.355456	
2.676786	1.355352	
2.676786	1.355352	
2.676786	1.355352	
2.676786	1.355352	
2.676786	1.355352	
2.676786	1.355352	
2.676786	1.355352	
2.679708	1.355352	
2.679708	1.354326	
2.679708	1.354326	
2.679708	1.354326	
2.679708	1.354326	
2.679708	1.354326	
2.679708	1.354326	
2.679708	1.354326	
2.682288	1.354326	
2.682288	1.353895	
2.682288	1.353895	
2.682288	1.353895	
2.682288	1.353895	
2.682288	1.353895	
2.682288	1.353895	
2.682288	1.353895	
2.684528	1.353895	
2.684528	1.355547	
2.684528	1.355547	
2.684528	1.355547	
2.684528	1.355547	
2.684528	1.355547	
2.684528	1.355547	
2.684528	1.355547	
2.687691	1.355547	
2.687691	1.356598	
2.687691	1.356598	
2.687691	1.356598	
2.687691	1.356598	
2.687691	1.356598	
2.687691	1.356598	
2.687691	1.356598	
2.690456	1.356598	
2.690456	1.355337	
2.690456	1.355337	
2.690456	1.355337	
2.690456	1.355337	
2.690456	1.355337	
2.690456	1.355337	
2.690456	1.355337	
2.692988	1.355337	
2.692988	1.354261	
2.692988	1.354261	
2.692988	1.354261	
2.692988	1.354261	
2.692988	1.354261	
2.692988	1.354261	
2.692988	1.354261	
2.695774	1.354261	
2.695774	1.356098	
2.695774	1.356098	
2.695774	1.356098	
2.695774	1.356098	
2.695774	1.356098	
2.695774	1.356098	
2.695774	1.356098	
2.698188	1.356098	
2.698188	1.356789	
2.698188	1.356789	
2.698188	1.356789	
2.698188	1.356789	
2.698188	1.356789	
2.698188	1.356789	
2.698188	1.356789	
2.700495	1.356789	
2.700495	1.355407	
2.700495	1.355407	
2.700495	1.355407	
2.700495	1.355407	
2.700495	1.355407	
2.700495	1.355407	
2.700495	1.355407	
2.703192	1.355407	
2.703192	1.354362	
2.703192	1.354362	
2.703192	1.354362	
2.703192	1.354362	
2.703192	1.354362	
2.703192	1.354362	
2.703192	1.354362	
2.705616	1.354362	
2.705616	1.354651	
2.705616	1.354651	
2.705616	1.354651	
2.705616	1.354651	
2.705616	1.354651	
2.705616	1.354651	
2.705616	1.354651	
2.708197	1.354651	
2.708197	1.356519	
2.708197	1.356519	
2.708197	1.356519	
2.708197	1.356519	
2.708197	1.356519	
2.708197	1.356519	
2.708197	1.356519	
2.706191	1.356519	
2.706191	1.356902	
2.706191	1.356902	
2.706191	1.356902	
2.706191	1.356902	
2.706191	1.356902	
2.706191	1.356902	
2.706191	1.356902	
2.703934	1.356902	
2.703934	1.354760	
2.703934	1.354760	
2.703934	1.354760	
2.703934	1.354760	
2.703934	1.354760	
2.703934	1.354760	
2.703934	1.354760	
2.701349	1.354760	
2.701349	1.354647	
2.701349	1.354647	
2.701349	1.354647	
2.701349	1.354647	
2.701349	1.354647	
2.701349	1.354647	
2.701349	1.354647	
2.699065	1.354647	
2.699065	1.356650	
2.699065	1.356650	
2.699065	1.356650	
2.699065	1.356650	
2.699065	1.356650	
2.699065	1.356650	
2.699065	1.356650	
2.696356	1.356650	
2.696356	1.357495	
2.696356	1.357495	
2.696356	1.357495	
2.696356	1.357495	
2.696356	1.357495	
2.696356	1.357495	
2.696356	1.357495	
2.693704	1.357495	
2.693704	1.355868	
2.693704	1.355868	
2.693704	1.355868	
2.693704	1.355868	
2.693704	1.355868	
2.693704	1.355868	
2.693704	1.355868	
2.691313	1.355868	
2.691313	1.355036	
2.691313	1.355036	
2.691313	1.355036	
2.691313	1.355036	
2.691313	1.355036	
2.691313	1.355036	
2.691313	1.355036	
2.688726	1.355036	
2.688726	1.356961	
2.688726	1.356961	
2.688726	1.356961	
2.688726	1.356961	
2.688726	1.356961	
2.688726	1.356961	
2.688726	1.356961	
2.685529	1.356961	
2.685529	1.356379	
2.685529	1.356379	
2.685529	1.356379	
2.685529	1.356379	
2.685529	1.356379	
2.685529	1.356379	
2.685529	1.356379	
2.682953	1.356379	
2.682953	1.354643	
2.682953	1.354643	
2.682953	1.354643	
2.682953	1.354643	
2.682953	1.354643	
2.682953	1.354643	
2.682953	1.354643	
2.680010	1.354643	
2.680010	1.354040	
2.680010	1.354040	
2.680010	1.354040	
2.680010	1.354040	
2.680010	1.354040	
2.680010	1.354040	
2.680010	1.354040	
2.676938	1.354040	
2.676938	1.354723	
2.676938	1.354723	
2.676938	1.354723	
2.676938	1.354723	
2.676938	1.354723	
2.676938	1.354723	
2.676938	1.354723	
2.674456	1.354723	
2.674456	1.355967	
2.674456	1.355967	
2.674456	1.355967	
2.674456	1.355967	
2.674456	1.355967	
2.674456	1.355967	
2.674456	1.355967	
2.671854	1.355967	
2.671854	1.355833	
2.671854	1.355833	
2.671854	1.355833	
2.671854	1.355833	
2.671854	1.355833	
2.671854	1.355833	
2.671854	1.355833	
2.668583	1.355833	
2.668583	1.353766	
2.668583	1.353766	
2.668583	1.353766	
2.668583	1.353766	
2.668583	1.353766	
2.668583	1.353766	
2.668583	1.353766	
2.666037	1.353766	
2.666037	1.352965	
2.666037	1.352965	
2.666037	1.352965	
2.666037	1.352965	
2.666037	1.352965	
2.666037	1.352965	
2.666037	1.352965	
2.663102	1.352965	
2.663102	1.354581	
2.663102	1.354581	
2.663102	1.354581	
2.663102	1.354581	
2.663102	1.354581	
2.663102	1.354581	
2.663102	1.354581	
2.660154	1.354581	
2.660154	1.354473	
2.660154	1.354473	
2.660154	1.354473	
2.660154	1.354473	
2.660154	1.354473	
2.660154	1.354473	
2.660154	1.354473	
2.657327	1.354473	
2.657327	1.352632	
2.657327	1.352632	
2.657327	1.352632	
2.657327	1.352632	
2.657327	1.352632	
2.657327	1.352632	
2.657327	1.352632	
2.654454	1.352632	
2.654454	1.351410	
2.654454	1.351410	
2.654454	1.351410	
2.654454	1.351410	
2.654454	1.351410	
2.654454	1.351410	
2.654454	1.351410	
2.651579	1.351410	
2.651579	1.354210	
2.651579	1.354210	
2.651579	1.354210	
2.651579	1.354210	
2.651579	1.354210	
2.651579	1.354210	
2.651579	1.354210	
2.648357	1.354210	
2.648357	1.354538	
2.648357	1.354538	
2.648357	1.354538	
2.648357	1.354538	
2.648357	1.354538	
2.648357	1.354538	
2.648357	1.354538	
2.645456	1.354538	
2.645456	1.353300	
2.645456	1.353300	
2.645456	1.353300	
2.645456	1.353300	
2.645456	1.353300	
2.645456	1.353300	
2.645456	1.353300	
2.642164	1.353300	
2.642164	1.351728	
2.642164	1.351728	
2.642164	1.351728	
2.642164	1.351728	
2.642164	1.351728	
2.642164	1.351728	
2.642164	1.351728	
2.639383	1.351728	
2.639383	1.352961	
2.639383	1.352961	
2.639383	1.352961	
2.639383	1.352961	
2.639383	1.352961	
2.639383	1.352961	
2.639383	1.352961	
2.636093	1.352961	
2.636093	1.352733	
2.636093	1.352733	
2.636093	1.352733	
2.636093	1.352733	
2.636093	1.352733	
2.636093	1.352733	
2.636093	1.352733	
2.633085	1.352733	
2.633085	1.351162	
2.633085	1.351162	
2.633085	1.351162	
2.633085	1.351162	
2.633085	1.351162	
2.633085	1.351162	
2.633085	1.351162	
2.630250	1.351162	
2.630250	1.350585	
2.630250	1.350585	
2.630250	1.350585	
2.630250	1.350585	
2.630250	1.350585	
2.630250	1.350585	
2.630250	1.350585	
2.627084	1.350585	
2.627084	1.350265	
2.627084	1.350265	
2.627084	1.350265	
2.627084	1.350265	
2.627084	1.350265	
2.627084	1.350265	
2.627084	1.350265	
2.623624	1.350265	
2.623624	1.351528	
2.623624	1.351528	
2.623624	1.351528	
2.623624	1.351528	
2.623624	1.351528	
2.623624	1.351528	
2.623624	1.351528	
2.620893	1.351528	
2.620893	1.351453	
2.620893	1.351453	
2.620893	1.351453	
2.620893	1.351453	
2.620893	1.351453	
2.620893	1.351453	
2.620893	1.351453	
2.617825	1.351453	
2.617825	1.349029	
2.617825	1.349029	
2.617825	1.349029	
2.617825	1.349029	
2.617825	1.349029	
2.617825	1.349029	
2.617825	1.349029	
2.614826	1.349029	
2.614826	1.347770	
2.614826	1.347770	
2.614826	1.347770	
2.614826	1.347770	
2.614826	1.347770	
2.614826	1.347770	
2.614826	1.347770	
2.612815	1.347770	
2.612815	1.349132	
2.612815	1.349132	
2.612815	1.349132	
2.612815	1.349132	
2.612815	1.349132	
2.612815	1.349132	
2.612815	1.349132	
2.612980	1.349132	
2.612980	1.349997	
2.612980	1.349997	
2.612980	1.349997	
2.612980	1.349997	
2.612980	1.349997	
2.612980	1.349997	
2.612980	1.349997	
2.612338	1.349997	
2.612338	1.348409	
2.612338	1.348409	
2.612338	1.348409	
2.612338	1.348409	
2.612338	1.348409	
2.612338	1.348409	
2.612338	1.348409	
2.612252	1.348409	
2.612252	1.347526	
2.612252	1.347526	
2.612252	1.347526	
2.612252	1.347526	
2.612252	1.347526	
2.612252	1.347526	
2.612252	1.347526	
2.612626	1.347526	
2.612626	1.348149	
2.612626	1.348149	
2.612626	1.348149	
2.612626	1.348149	
2.612626	1.348149	
2.612626	1.348149	
2.612626	1.348149	
2.612708	1.348149	
2.612708	1.350079	
2.612708	1.350079	
2.612708	1.350079	
2.612708	1.350079	
2.612708	1.350079	
2.612708	1.350079	
2.612708	1.350079	
2.612498	1.350079	
2.612498	1.348870	
2.612498	1.348870	
2.612498	1.348870	
2.612498	1.348870	
2.612498	1.348870	
2.612498	1.348870	
2.612498	1.348870	
2.612605	1.348870	
2.612605	1.347265	
2.612605	1.347265	
2.612605	1.347265	
2.612605	1.347265	
2.612605	1.347265	
2.612605	1.347265	
2.612605	1.347265	
2.612257	1.347265	
2.612257	1.347885	
2.612257	1.347885	
2.612257	1.347885	
2.612257	1.347885	
2.612257	1.347885	
2.612257	1.347885	
2.612257	1.347885	
2.612553	1.347885	
2.612553	1.349118	
2.612553	1.349118	
2.612553	1.349118	
2.612553	1.349118	
2.612553	1.349118	
2.612553	1.349118	
2.612553	1.349118	
2.612455	1.349118	
2.612455	1.349295	
2.612455	1.349295	
2.612455	1.349295	
2.612455	1.349295	
2.612455	1.349295	
2.612455	1.349295	
2.612455	1.349295	
2.611505	1.349295	
2.611505	1.347528	
2.611505	1.347528	
2.611505	1.347528	
2.611505	1.347528	
2.611505	1.347528	
2.611505	1.347528	
2.611505	1.347528	
2.611180	1.347528	
2.611180	1.346450	
2.611180	1.346450	
2.611180	1.346450	
2.611180	1.346450	
2.611180	1.346450	
2.611180	1.346450	
2.611180	1.346450	
2.611146	1.346450	
2.611146	1.350086	
2.611146	1.350086	
2.611146	1.350086	
2.611146	1.350086	
2.611146	1.350086	
2.611146	1.350086	
2.611146	1.350086	
2.611089	1.350086	
2.611089	1.350682	
2.611089	1.350682	
2.611089	1.350682	
2.611089	1.350682	
2.611089	1.350682	
2.611089	1.350682	
2.611089	1.350682	
2.610579	1.350682	
2.610579	1.348328	
2.610579	1.348328	
2.610579	1.348328	
2.610579	1.348328	
2.610579	1.348328	
2.610579	1.348328	
2.610579	1.348328	
2.611073	1.348328	
2.611073	1.347449	
2.611073	1.347449	
2.611073	1.347449	
2.611073	1.347449	
2.611073	1.347449	
2.611073	1.347449	
2.611073	1.347449	
2.610174	1.347449	
2.610174	1.349195	
2.610174	1.349195	
2.610174	1.349195	
2.610174	1.349195	
2.610174	1.349195	
2.610174	1.349195	
2.610174	1.349195	
2.610082	1.349195	
2.610082	1.349034	
2.610082	1.349034	
2.610082	1.349034	
2.610082	1.349034	
2.610082	1.349034	
2.610082	1.349034	
2.610082	1.349034	
2.610062	1.349034	
2.610062	1.348553	
2.610062	1.348553	
2.610062	1.348553	
2.610062	1.348553	
2.610062	1.348553	
2.610062	1.348553	
2.610062	1.348553	
2.609658	1.348553	
2.609658	1.347392	
2.609658	1.347392	
2.609658	1.347392	
2.609658	1.347392	
2.609658	1.347392	
2.609658	1.347392	
2.609658	1.347392	
2.609458	1.347392	
2.609458	1.348135	
2.609458	1.348135	
2.609458	1.348135	
2.609458	1.348135	
2.609458	1.348135	
2.609458	1.348135	
2.609458	1.348135	
2.609505	1.348135	
2.609505	1.349560	
2.609505	1.349560	
2.609505	1.349560	
2.609505	1.349560	
2.609505	1.349560	
2.609505	1.349560	
2.609505	1.349560	
2.609259	1.349560	
2.609259	1.348526	
2.609259	1.348526	
2.609259	1.348526	
2.609259	1.348526	
2.609259	1.348526	
2.609259	1.348526	
2.609259	1.348526	
2.608955	1.348526	
2.608955	1.346673	
2.608955	1.346673	
2.608955	1.346673	
2.608955	1.346673	
2.608955	1.346673	
2.608955	1.346673	
2.608955	1.346673	
2.608899	1.346673	
2.608899	1.347526	
2.608899	1.347526	
2.608899	1.347526	
2.608899	1.347526	
2.608899	1.347526	
2.608899	1.347526	
2.608899	1.347526	
2.608656	1.347526	
2.608656	1.348914	
2.608656	1.348914	
2.608656	1.348914	
2.608656	1.348914	
2.608656	1.348914	
2.608656	1.348914	
2.608656	1.348914	
2.608446	1.348914	
2.608446	1.349428	
2.608446	1.349428	
2.608446	1.349428	
2.608446	1.349428	
2.608446	1.349428	
2.608446	1.349428	
2.608446	1.349428	
2.608183	1.349428	
2.608183	1.347319	
2.608183	1.347319	
2.608183	1.347319	
2.608183	1.347319	
2.608183	1.347319	
2.608183	1.347319	
2.608183	1.347319	
2.607838	1.347319	
2.607838	1.346869	
2.607838	1.346869	
2.607838	1.346869	
2.607838	1.346869	
2.607838	1.346869	
2.607838	1.346869	
2.607838	1.346869	
2.607976	1.346869	
2.607976	1.348793	
2.607976	1.348793	
2.607976	1.348793	
2.607976	1.348793	
2.607976	1.348793	
2.607976	1.348793	
2.607976	1.348793	
2.607898	1.348793	
2.607898	1.349455	
2.607898	1.349455	
2.607898	1.349455	
2.607898	1.349455	
2.607898	1.349455	
2.607898	1.349455	
2.607898	1.349455	
2.607730	1.349455	
2.607730	1.348270	
2.607730	1.348270	
2.607730	1.348270	
2.607730	1.348270	
2.607730	1.348270	
2.607730	1.348270	
2.607730	1.348270	
2.607588	1.348270	
2.607588	1.347088	
2.607588	1.347088	
2.607588	1.347088	
2.607588	1.347088	
2.607588	1.347088	
2.607588	1.347088	
2.607588	1.347088	
2.607401	1.347088	
2.607401	1.348531	
2.607401	1.348531	
2.607401	1.348531	
2.607401	1.348531	
2.607401	1.348531	
2.607401	1.348531	
2.607401	1.348531	
2.607161	1.348531	
2.607161	1.348995	
2.607161	1.348995	
2.607161	1.348995	
2.607161	1.348995	
2.607161	1.348995	
2.607161	1.348995	
2.607161	1.348995	
2.607388	1.348995	
2.607388	1.348001	
2.607388	1.348001	
2.607388	1.348001	
2.607388	1.348001	
2.607388	1.348001	
2.607388	1.348001	
2.607388	1.348001	
2.606890	1.348001	
2.606890	1.346912	
2.606890	1.346912	
2.606890	1.346912	
2.606890	1.346912	
2.606890	1.346912	
2.606890	1.346912	
2.606890	1.346912	
2.606955	1.346912	
2.606955	1.347434	
2.606955	1.347434	
2.606955	1.347434	
2.606955	1.347434	
2.606955	1.347434	
2.606955	1.347434	
2.606955	1.347434	
2.606932	1.347434	
2.606932	1.348422	
2.606932	1.348422	
2.606932	1.348422	
2.606932	1.348422	
2.606932	1.348422	
2.606932	1.348422	
2.606932	1.348422	
2.606752	1.348422	
2.606752	1.348476	
2.606752	1.348476	
2.606752	1.348476	
2.606752	1.348476	
2.606752	1.348476	
2.606752	1.348476	
2.606752	1.348476	
2.606354	1.348476	
2.606354	1.347255	
2.606354	1.347255	
2.606354	1.347255	
2.606354	1.347255	
2.606354	1.347255	
2.606354	1.347255	
2.606354	1.347255	
2.606488	1.347255	
2.606488	1.345744	
2.606488	1.345744	
2.606488	1.345744	
2.606488	1.345744	
2.606488	1.345744	
2.606488	1.345744	
2.606488	1.345744	
2.606198	1.345744	
2.606198	1.347977	
2.606198	1.347977	
2.606198	1.347977	
2.606198	1.347977	
2.606198	1.347977	
2.606198	1.347977	
2.606198	1.347977	
2.606222	1.347977	
2.606222	1.347933	
2.606222	1.347933	
2.606222	1.347933	
2.606222	1.347933	
2.606222	1.347933	
2.606222	1.347933	
2.606222	1.347933	
2.605821	1.347933	
2.605821	1.347558	
2.605821	1.347558	
2.605821	1.347558	
2.605821	1.347558	
2.605821	1.347558	
2.605821	1.347558	
2.605821	1.347558	
2.605905	1.347558	
2.605905	1.346237	
2.605905	1.346237	
2.605905	1.346237	
2.605905	1.346237	
2.605905	1.346237	
2.605905	1.346237	
2.605905	1.346237	
2.605789	1.346237	
2.605789	1.347979	
2.605789	1.347979	
2.605789	1.347979	
2.605789	1.347979	
2.605789	1.347979	
2.605789	1.347979	
2.605789	1.347979	
2.605567	1.347979	
2.605567	1.348860	
2.605567	1.348860	
2.605567	1.348860	
2.605567	1.348860	
2.605567	1.348860	
2.605567	1.348860	
2.605567	1.348860	
2.605876	1.348860	
2.605876	1.347307	
2.605876	1.347307	
2.605876	1.347307	
2.605876	1.347307	
2.605876	1.347307	
2.605876	1.347307	
2.605876	1.347307	
2.605425	1.347307	
2.605425	1.343842	
2.605425	1.343842	
2.605425	1.343842	
2.605425	1.343842	
2.605425	1.343842	
2.605425	1.343842	
2.605425	1.343842	
2.605401	1.343842	
2.605401	1.346222	
2.605401	1.346222	
2.605401	1.346222	
2.605401	1.346222	
2.605401	1.346222	
2.605401	1.346222	
2.605401	1.346222	
2.605488	1.346222	
2.605488	1.349049	
2.605488	1.349049	
2.605488	1.349049	
2.605488	1.349049	
2.605488	1.349049	
2.605488	1.349049	
2.605488	1.349049	
2.605170	1.349049	
2.605170	1.348230	
2.605170	1.348230	
2.605170	1.348230	
2.605170	1.348230	
2.605170	1.348230	
2.605170	1.348230	
2.605170	1.348230	
2.605096	1.348230	
2.605096	1.346840	
2.605096	1.346840	
2.605096	1.346840	
2.605096	1.346840	
2.605096	1.346840	
2.605096	1.346840	
2.605096	1.346840	
2.605111	1.346840	
2.605111	1.345736	
2.605111	1.345736	
2.605111	1.345736	
2.605111	1.345736	
2.605111	1.345736	
2.605111	1.345736	
2.605111	1.345736	
2.605089	1.345736	
2.605089	1.347674	
2.605089	1.347674	
2.605089	1.347674	
2.605089	1.347674	
2.605089	1.347674	
2.605089	1.347674	
2.605089	1.347674	
2.604761	1.347674	
2.604761	1.348717	
2.604761	1.348717	
2.604761	1.348717	
2.604761	1.348717	
2.604761	1.348717	
2.604761	1.348717	
2.604761	1.348717	
2.605171	1.348717	
2.605171	1.347237	
2.605171	1.347237	
2.605171	1.347237	
2.605171	1.347237	
2.605171	1.347237	
2.605171	1.347237	
2.605171	1.347237	
2.604931	1.347237	
2.604931	1.345577	
2.604931	1.345577	
2.604931	1.345577	
2.604931	1.345577	
2.604931	1.345577	
2.604931	1.345577	
2.604931	1.345577	
2.605147	1.345577	
2.605147	1.347885	
2.605147	1.347885	
2.605147	1.347885	
2.605147	1.347885	
2.605147	1.347885	
2.605147	1.347885	
2.605147	1.347885	
2.604722	1.347885	
2.604722	1.348532	
2.604722	1.348532	
2.604722	1.348532	
2.604722	1.348532	
2.604722	1.348532	
2.604722	1.348532	
2.604722	1.348532	
2.604861	1.348532	
2.604861	1.347889	
2.604861	1.347889	
2.604861	1.347889	
2.604861	1.347889	
2.604861	1.347889	
2.604861	1.347889	
2.604861	1.347889	
2.605218	1.347889	
2.605218	1.346768	
2.605218	1.346768	
2.605218	1.346768	
2.605218	1.346768	
2.605218	1.346768	
2.605218	1.346768	
2.605218	1.346768	
2.604806	1.346768	
2.604806	1.347061	
2.604806	1.347061	
2.604806	1.347061	
2.604806	1.347061	
2.604806	1.347061	
2.604806	1.347061	
2.604806	1.347061	
2.604704	1.347061	
2.604704	1.348259	
2.604704	1.348259	
2.604704	1.348259	
2.604704	1.348259	
2.604704	1.348259	
2.604704	1.348259	
2.604704	1.348259	
2.604768	1.348259	
2.604768	1.347935	
2.604768	1.347935	
2.604768	1.347935	
2.604768	1.347935	
2.604768	1.347935	
2.604768	1.347935	
2.604768	1.347935	
2.604725	1.347935	
2.604725	1.346165	
2.604725	1.346165	
2.604725	1.346165	
2.604725	1.346165	
2.604725	1.346165	
2.604725	1.346165	
2.604725	1.346165	
2.604625	1.346165	
2.604625	1.346520	
2.604625	1.346520	
2.604625	1.346520	
2.604625	1.346520	
2.604625	1.346520	
2.604625	1.346520	
2.604625	1.346520	
2.604422	1.346520	
2.604422	1.348783	
2.604422	1.348783	
2.604422	1.348783	
2.604422	1.348783	
2.604422	1.348783	
2.604422	1.348783	
2.604422	1.348783	
2.604568	1.348783	
2.604568	1.348940	
2.604568	1.348940	
2.604568	1.348940	
2.604568	1.348940	
2.604568	1.348940	
2.604568	1.348940	
2.604568	1.348940	
2.604419	1.348940	
2.604419	1.347319	
2.604419	1.347319	
2.604419	1.347319	
2.604419	1.347319	
2.604419	1.347319	
2.604419	1.347319	
2.604419	1.347319	
2.604486	1.347319	
2.604486	1.345454	
2.604486	1.345454	
2.604486	1.345454	
2.604486	1.345454	
2.604486	1.345454	
2.604486	1.345454	
2.604486	1.345454	
2.604367	1.345454	
2.604367	1.348434	
2.604367	1.348434	
2.604367	1.348434	
2.604367	1.348434	
2.604367	1.348434	
2.604367	1.348434	
2.604367	1.348434	
2.604579	1.348434	
2.604579	1.348443	
2.604579	1.348443	
2.604579	1.348443	
2.604579	1.348443	
2.604579	1.348443	
2.604579	1.348443	
2.604579	1.348443	
2.604495	1.348443	
2.604495	1.346837	
2.604495	1.346837	
2.604495	1.346837	
2.604495	1.346837	
2.604495	1.346837	
2.604495	1.346837	
2.604495	1.346837	
2.604510	1.346837	
2.604510	1.345000	
2.604510	1.345000	
2.604510	1.345000	
2.604510	1.345000	
2.604510	1.345000	
2.604510	1.345000	
2.604510	1.345000	
2.604367	1.345000	
2.604367	1.347212	
2.604367	1.347212	
2.604367	1.347212	
2.604367	1.347212	
2.604367	1.347212	
2.604367	1.347212	
2.604367	1.347212	
2.604520	1.347212	
2.604520	1.348110	
2.604520	1.348110	
2.604520	1.348110	
2.604520	1.348110	
2.604520	1.348110	
2.604520	1.348110	
2.604520	1.348110	
2.604365	1.348110	
2.604365	1.347506	
2.604365	1.347506	
2.604365	1.347506	
2.604365	1.347506	
2.604365	1.347506	
2.604365	1.347506	
2.604365	1.347506	
2.604129	1.347506	
2.604129	1.345466	
2.604129	1.345466	
2.604129	1.345466	
2.604129	1.345466	
2.604129	1.345466	
2.604129	1.345466	
2.604129	1.345466	
2.604276	1.345466	
2.604276	1.345436	
2.604276	1.345436	
2.604276	1.345436	
2.604276	1.345436	
2.604276	1.345436	
2.604276	1.345436	
2.604276	1.345436	
2.604088	1.345436	
2.604088	1.347146	
2.604088	1.347146	
2.604088	1.347146	
2.604088	1.347146	
2.604088	1.347146	
2.604088	1.347146	
2.604088	1.347146	
2.604024	1.347146	
2.604024	1.347362	
2.604024	1.347362	
2.604024	1.347362	
2.604024	1.347362	
2.604024	1.347362	
2.604024	1.347362	
2.604024	1.347362	
2.603654	1.347362	
2.603654	1.345139	
2.603654	1.345139	
2.603654	1.345139	
2.603654	1.345139	
2.603654	1.345139	
2.603654	1.345139	
2.603654	1.345139	
2.603885	1.345139	
2.603885	1.345403	
2.603885	1.345403	
2.603885	1.345403	
2.603885	1.345403	
2.603885	1.345403	
2.603885	1.345403	
2.603885	1.345403	
2.603428	1.345403	
2.603428	1.346868	
2.603428	1.346868	
2.603428	1.346868	
2.603428	1.346868	
2.603428	1.346868	
2.603428	1.346868	
2.603428	1.346868	
2.603322	1.346868	
2.603322	1.347471	
2.603322	1.347471	
2.603322	1.347471	
2.603322	1.347471	
2.603322	1.347471	
2.603322	1.347471	
2.603322	1.347471	
2.603566	1.347471	
2.603566	1.345072	
2.603566	1.345072	
2.603566	1.345072	
2.603566	1.345072	
2.603566	1.345072	
2.603566	1.345072	
2.603566	1.345072	
2.603394	1.345072	
2.603394	1.344646	
2.603394	1.344646	
2.603394	1.344646	
2.603394	1.344646	
2.603394	1.344646	
2.603394	1.344646	
2.603394	1.344646	
2.603297	1.344646	
2.603297	1.346117	
2.603297	1.346117	
2.603297	1.346117	
2.603297	1.346117	
2.603297	1.346117	
2.603297	1.346117	
2.603297	1.346117	
2.603138	1.346117	
2.603138	1.347009	
2.603138	1.347009	
2.603138	1.347009	
2.603138	1.347009	
2.603138	1.347009	
2.603138	1.347009	
2.603138	1.347009	
2.603189	1.347009	
2.603189	1.345328	
2.603189	1.345328	
2.603189	1.345328	
2.603189	1.345328	
2.603189	1.345328	
2.603189	1.345328	
2.603189	1.345328	
2.603046	1.345328	
2.603046	1.343791	
2.603046	1.343791	
2.603046	1.343791	
2.603046	1.343791	
2.603046	1.343791	
2.603046	1.343791	
2.603046	1.343791	
2.602771	1.343791	
2.602771	1.343783	
2.602771	1.343783	
2.602771	1.343783	
2.602771	1.343783	
2.602771	1.343783	
2.602771	1.343783	
2.602771	1.343783	
2.602882	1.343783	
2.602882	1.345479	
2.602882	1.345479	
2.602882	1.345479	
2.602882	1.345479	
2.602882	1.345479	
2.602882	1.345479	
2.602882	1.345479	
2.602655	1.345479	
2.602655	1.344802	
2.602655	1.344802	
2.602655	1.344802	
2.602655	1.344802	
2.602655	1.344802	
2.602655	1.344802	
2.602655	1.344802	
2.602341	1.344802	
2.602341	1.342924	
2.602341	1.342924	
2.602341	1.342924	
2.602341	1.342924	
2.602341	1.342924	
2.602341	1.342924	
2.602341	1.342924	
2.602008	1.342924	
2.602008	1.342286	
2.602008	1.342286	
2.602008	1.342286	
2.602008	1.342286	
2.602008	1.342286	
2.602008	1.342286	
2.602008	1.342286	
2.602027	1.342286	
2.602027	1.343592	
2.602027	1.343592	
2.602027	1.343592	
2.602027	1.343592	
2.602027	1.343592	
2.602027	1.343592	
2.602027	1.343592	
2.602350	1.343592	
2.602350	1.343511	
2.602350	1.343511	
2.602350	1.343511	
2.602350	1.343511	
2.602350	1.343511	
2.602350	1.343511	
2.602350	1.343511	
2.601677	1.343511	
2.601677	1.339588	
2.601677	1.339588	
2.601677	1.339588	
2.601677	1.339588	
2.601677	1.339588	
2.601677	1.339588	
2.601677	1.339588	
2.601609	1.339588	
2.601609	1.319982	
2.601609	1.319982	
2.601609	1.319982	
2.601609	1.319982	
2.601609	1.319982	
2.601609	1.319982	
2.601609	1.319982	
2.601500	1.319982	
2.601500	1.273269	
2.601500	1.273269	
2.601500	1.273269	
2.601500	1.273269	
2.601500	1.273269	
2.601500	1.273269	
2.601500	1.273269	
2.601147	1.273269	
2.601147	1.268291	
2.601147	1.268291	
2.601147	1.268291	
2.601147	1.268291	
2.601147	1.268291	
2.601147	1.268291	
2.601147	1.268291	
2.601272	1.268291	
2.601272	1.260087	
2.601272	1.260087	
2.601272	1.260087	
2.601272	1.260087	
2.601272	1.260087	
2.601272	1.260087	
2.601272	1.260087	
2.600900	1.260087	
2.600900	1.255541	
2.600900	1.255541	
2.600900	1.255541	
2.600900	1.255541	
2.600900	1.255541	
2.600900	1.255541	
2.600900	1.255541	
2.600821	1.255541	
2.600821	1.254864	
2.600821	1.254864	
2.600821	1.254864	
2.600821	1.254864	
2.600821	1.254864	
2.600821	1.254864	
2.600821	1.254864	
2.600637	1.254864	
2.600637	1.172191	
2.600637	1.172191	
2.600637	1.172191	
2.600637	1.172191	
2.600637	1.172191	
2.600637	1.172191	
2.600637	1.172191	
2.600502	1.172191	
2.600502	1.167514	
2.600502	1.167514	
2.600502	1.167514	
2.600502	1.167514	
2.600502	1.167514	
2.600502	1.167514	
2.600502	1.167514	
2.599897	1.167514	
2.599897	1.165688	
2.599897	1.165688	
2.599897	1.165688	
2.599897	1.165688	
2.599897	1.165688	
2.599897	1.165688	
2.599897	1.165688	
2.600125	1.165688	
2.600125	1.165528	
2.600125	1.165528	
2.600125	1.165528	
2.600125	1.165528	
2.600125	1.165528	
2.600125	1.165528	
2.600125	1.165528	
2.599671	1.165528	
2.599671	1.165929	
2.599671	1.165929	
2.599671	1.165929	
2.599671	1.165929	
2.599671	1.165929	
2.599671	1.165929	
2.599671	1.165929	
2.599276	1.165929	
2.599276	1.165810	
2.599276	1.165810	
2.599276	1.165810	
2.599276	1.165810	
2.599276	1.165810	
2.599276	1.165810	
2.599276	1.165810	
2.599552	1.165810	
2.599552	1.163364	
2.599552	1.163364	
2.599552	1.163364	
2.599552	1.163364	
2.599552	1.163364	
2.599552	1.163364	
2.599552	1.163364	
2.599301	1.163364	
2.599301	1.160725	
2.599301	1.160725	
2.599301	1.160725	
2.599301	1.160725	
2.599301	1.160725	
2.599301	1.160725	
2.599301	1.160725	
2.598996	1.160725	
2.598996	1.162036	
2.598996	1.162036	
2.598996	1.162036	
2.598996	1.162036	
2.598996	1.162036	
2.598996	1.162036	
2.598996	1.162036	
2.599262	1.162036	
2.599262	1.162765	
2.599262	1.162765	
2.599262	1.162765	
2.599262	1.162765	
2.599262	1.162765	
2.599262	1.162765	
2.599262	1.162765	
2.598724	1.162765	
2.598724	1.161585	
2.598724	1.161585	
2.598724	1.161585	
2.598724	1.161585	
2.598724	1.161585	
2.598724	1.161585	
2.598724	1.161585	
2.598870	1.161585	
2.598870	1.159352	
2.598870	1.159352	
2.598870	1.159352	
2.598870	1.159352	
2.598870	1.159352	
2.598870	1.159352	
2.598870	1.159352	
2.598568	1.159352	
2.598568	1.160408	
2.598568	1.160408	
2.598568	1.160408	
2.598568	1.160408	
2.598568	1.160408	
2.598568	1.160408	
2.598568	1.160408	
2.597643	1.160408	
2.597643	1.159445	
2.597643	1.159445	
2.597643	1.159445	
2.597643	1.159445	
2.597643	1.159445	
2.597643	1.159445	
2.597643	1.159445	
2.597498	1.159445	
2.597498	1.158230	
2.597498	1.158230	
2.597498	1.158230	
2.597498	1.158230	
2.597498	1.158230	
2.597498	1.158230	
2.597498	1.158230	
2.597623	1.158230	
2.597623	1.156013	
2.597623	1.156013	
2.597623	1.156013	
2.597623	1.156013	
2.597623	1.156013	
2.597623	1.156013	
2.597623	1.156013	
2.596985	1.156013	
2.596985	1.156273	
2.596985	1.156273	
2.596985	1.156273	
2.596985	1.156273	
2.596985	1.156273	
2.596985	1.156273	
2.596985	1.156273	
2.597207	1.156273	
2.597207	1.158626	
2.597207	1.158626	
2.597207	1.158626	
2.597207	1.158626	
2.597207	1.158626	
2.597207	1.158626	
2.597207	1.158626	
2.597437	1.158626	
2.597437	1.157675	
2.597437	1.157675	
2.597437	1.157675	
2.597437	1.157675	
2.597437	1.157675	
2.597437	1.157675	
2.597437	1.157675	
2.597170	1.157675	
2.597170	1.156301	
2.597170	1.156301	
2.597170	1.156301	
2.597170	1.156301	
2.597170	1.156301	
2.597170	1.156301	
2.597170	1.156301	
2.597029	1.156301	
2.597029	1.155974	
2.597029	1.155974	
2.597029	1.155974	
2.597029	1.155974	
2.597029	1.155974	
2.597029	1.155974	
2.597029	1.155974	
2.597452	1.155974	
2.597452	1.158107	
2.597452	1.158107	
2.597452	1.158107	
2.597452	1.158107	
2.597452	1.158107	
2.597452	1.158107	
2.597452	1.158107	
2.596952	1.158107	
2.596952	1.158214	
2.596952	1.158214	
2.596952	1.158214	
2.596952	1.158214	
2.596952	1.158214	
2.596952	1.158214	
2.596952	1.158214	
2.596765	1.158214	
2.596765	1.156452	
2.596765	1.156452	
2.596765	1.156452	
2.596765	1.156452	
2.596765	1.156452	
2.596765	1.156452	
2.596765	1.156452	
2.596757	1.156452	
2.596757	1.154956	
2.596757	1.154956	
2.596757	1.154956	
2.596757	1.154956	
2.596757	1.154956	
2.596757	1.154956	
2.596757	1.154956	
2.595390	1.154956	
2.595390	1.154731	
2.595390	1.154731	
2.595390	1.154731	
2.595390	1.154731	
2.595390	1.154731	
2.595390	1.154731	
2.595390	1.154731	
2.592580	1.154731	
2.592580	1.152457	
2.592580	1.152457	
2.592580	1.152457	
2.592580	1.152457	
2.592580	1.152457	
2.592580	1.152457	
2.592580	1.152457	
2.589770	1.152457	
2.589770	1.149054	
2.589770	1.149054	
2.589770	1.149054	
2.589770	1.149054	
2.589770	1.149054	
2.589770	1.149054	
2.589770	1.149054	
2.586983	1.149054	
2.586983	1.145457	
2.586983	1.145457	
2.586983	1.145457	
2.586983	1.145457	
2.586983	1.145457	
2.586983	1.145457	
2.586983	1.145457	
2.583683	1.145457	
2.583683	1.144719	
2.583683	1.144719	
2.583683	1.144719	
2.583683	1.144719	
2.583683	1.144719	
2.583683	1.144719	
2.583683	1.144719	
2.580710	1.144719	
2.580710	1.145662	
2.580710	1.145662	
2.580710	1.145662	
2.580710	1.145662	
2.580710	1.145662	
2.580710	1.145662	
2.580710	1.145662	
2.577704	1.145662	
2.577704	1.143650	
2.577704	1.143650	
2.577704	1.143650	
2.577704	1.143650	
2.577704	1.143650	
2.577704	1.143650	
2.577704	1.143650	
2.574534	1.143650	
2.574534	1.142129	
2.574534	1.142129	
2.574534	1.142129	
2.574534	1.142129	
2.574534	1.142129	
2.574534	1.142129	
2.574534	1.142129	
2.571544	1.142129	
2.571544	1.141556	
2.571544	1.141556	
2.571544	1.141556	
2.571544	1.141556	
2.571544	1.141556	
2.571544	1.141556	
2.571544	1.141556	
2.568628	1.141556	
2.568628	1.142637	
2.568628	1.142637	
2.568628	1.142637	
2.568628	1.142637	
2.568628	1.142637	
2.568628	1.142637	
2.568628	1.142637	
2.565804	1.142637	
2.565804	1.143082	
2.565804	1.143082	
2.565804	1.143082	
2.565804	1.143082	
2.565804	1.143082	
2.565804	1.143082	
2.565804	1.143082	
2.562477	1.143082	
2.562477	1.140542	
2.562477	1.140542	
2.562477	1.140542	
2.562477	1.140542	
2.562477	1.140542	
2.562477	1.140542	
2.562477	1.140542	
2.559825	1.140542	
2.559825	1.139516	
2.559825	1.139516	
2.559825	1.139516	
2.559825	1.139516	
2.559825	1.139516	
2.559825	1.139516	
2.559825	1.139516	
2.556805	1.139516	
2.556805	1.140762	
2.556805	1.140762	
2.556805	1.140762	
2.556805	1.140762	
2.556805	1.140762	
2.556805	1.140762	
2.556805	1.140762	
2.553856	1.140762	
2.553856	1.141652	
2.553856	1.141652	
2.553856	1.141652	
2.553856	1.141652	
2.553856	1.141652	
2.553856	1.141652	
2.553856	1.141652	
2.551147	1.141652	
2.551147	1.140338	
2.551147	1.140338	
2.551147	1.140338	
2.551147	1.140338	
2.551147	1.140338	
2.551147	1.140338	
2.551147	1.140338	
2.548144	1.140338	
2.548144	1.138937	
2.548144	1.138937	
2.548144	1.138937	
2.548144	1.138937	
2.548144	1.138937	
2.548144	1.138937	
2.548144	1.138937	
2.545219	1.138937	
2.545219	1.138622	
2.545219	1.138622	
2.545219	1.138622	
2.545219	1.138622	
2.545219	1.138622	
2.545219	1.138622	
2.545219	1.138622	
2.542446	1.138622	
2.542446	1.140377	
2.542446	1.140377	
2.542446	1.140377	
2.542446	1.140377	
2.542446	1.140377	
2.542446	1.140377	
2.542446	1.140377	
2.539742	1.140377	
2.539742	1.140114	
2.539742	1.140114	
2.539742	1.140114	
2.539742	1.140114	
2.539742	1.140114	
2.539742	1.140114	
2.539742	1.140114	
2.536705	1.140114	
2.536705	1.138711	
2.536705	1.138711	
2.536705	1.138711	
2.536705	1.138711	
2.536705	1.138711	
2.536705	1.138711	
2.536705	1.138711	
2.534432	1.138711	
2.534432	1.138523	
2.534432	1.138523	
2.534432	1.138523	
2.534432	1.138523	
2.534432	1.138523	
2.534432	1.138523	
2.534432	1.138523	
2.531317	1.138523	
2.531317	1.140022	
2.531317	1.140022	
2.531317	1.140022	
2.531317	1.140022	
2.531317	1.140022	
2.531317	1.140022	
2.531317	1.140022	
2.528700	1.140022	
2.528700	1.140014	
2.528700	1.140014	
2.528700	1.140014	
2.528700	1.140014	
2.528700	1.140014	
2.528700	1.140014	
2.528700	1.140014	
2.526389	1.140014	
2.526389	1.137751	
2.526389	1.137751	
2.526389	1.137751	
2.526389	1.137751	
2.526389	1.137751	
2.526389	1.137751	
2.526389	1.137751	
2.523426	1.137751	
2.523426	1.136429	
2.523426	1.136429	
2.523426	1.136429	
2.523426	1.136429	
2.523426	1.136429	
2.523426	1.136429	
2.523426	1.136429	
2.520834	1.136429	
2.520834	1.138368	
2.520834	1.138368	
2.520834	1.138368	
2.520834	1.138368	
2.520834	1.138368	
2.520834	1.138368	
2.520834	1.138368	
2.518285	1.138368	
2.518285	1.139700	
2.518285	1.139700	
2.518285	1.139700	
2.518285	1.139700	
2.518285	1.139700	
2.518285	1.139700	
2.518285	1.139700	
2.516095	1.139700	
2.516095	1.138429	
2.516095	1.138429	
2.516095	1.138429	
2.516095	1.138429	
2.516095	1.138429	
2.516095	1.138429	
2.516095	1.138429	
2.513433	1.138429	
2.513433	1.137156	
2.513433	1.137156	
2.513433	1.137156	
2.513433	1.137156	
2.513433	1.137156	
2.513433	1.137156	
2.513433	1.137156	
2.510716	1.137156	
2.510716	1.138793	
2.510716	1.138793	
2.510716	1.138793	
2.510716	1.138793	
2.510716	1.138793	
2.510716	1.138793	
2.510716	1.138793	
2.508775	1.138793	
2.508775	1.139155	
2.508775	1.139155	
2.508775	1.139155	
2.508775	1.139155	
2.508775	1.139155	
2.508775	1.139155	
2.508775	1.139155	
2.506507	1.139155	
2.506507	1.138520	
2.506507	1.138520	
2.506507	1.138520	
2.506507	1.138520	
2.506507	1.138520	
2.506507	1.138520	
##############################