#	1.46	4398.83
#	-15.93	4393.94
#	1.62	4398.83
#	1.62	4393.94
#	1.79	4393.94
#	1.62	4393.94
#	1.62	4393.94
#	1.62	4398.83
#	1.95	4393.94
#	1.62	4398.83
#	1.79	4393.94
#	2.11	4398.83
#	1.46	4393.94
#	1.62	4398.83
#	0.81	4393.94
#	1.79	4418.38
#	1.62	4393.94
#	1.62	4398.83
#	1.95	4393.94
#	1.62	4398.83
#	1.46	4393.94
#	1.46	4398.83
#	1.14	4398.83
#	2.11	4398.83
#	1.95	4393.94
#	1.95	4398.83
#	2.11	4384.16
#	1.95	4393.94
#	1.95	4398.83
#	2.11	4393.94
#	2.11	4398.83
#	2.44	4393.94
#	1.95	4403.71
#	-3.90	4393.94
#	1.95	4398.83
#	1.46	4398.83
#	1.95	4398.83
#	1.79	4393.94
#	2.27	4398.83
#	1.95	4393.94
0	1.9500	900.0000
1	2.9250	899.0000
2	2.7625	899.0000
3	2.7625	900.0000
4	2.7625	903.0000
5	2.7625	899.0000
6	2.6000	900.0000
7	2.7625	900.0000
8	3.4125	899.0000
9	3.2500	900.0000
10	3.0875	900.0000
11	3.4125	899.0000
12	2.9250	899.0000
13	2.9250	900.0000
14	3.0875	899.0000
15	2.9250	899.0000
16	2.9250	900.0000
17	2.7625	899.0000
18	3.0875	899.0000
19	2.9250	900.0000
20	2.9250	899.0000
21	2.9250	899.0000
22	2.9250	900.0000
23	2.7625	899.0000
24	3.0875	899.0000
25	2.7625	900.0000
26	2.9250	899.0000
27	3.0875	899.0000
28	2.9250	901.0000
29	2.9250	899.0000
30	2.9250	899.0000
31	2.9250	900.0000
32	2.9250	900.0000
33	3.0875	898.0000
34	3.0875	899.0000
35	2.9250	899.0000
36	2.9250	894.0000
37	2.9250	896.0000
38	2.7625	896.0000
39	2.7625	897.0000
40	2.9250	898.0000
41	2.7625	899.0000
42	2.7625	897.0000
43	2.4375	887.0000
44	2.4375	889.0000
45	2.6000	889.0000
46	2.7625	895.0000
47	2.7625	895.0000
48	-0.4875	894.0000
49	2.2750	897.0000
50	2.2750	897.0000
51	2.2750	897.0000
52	2.2750	898.0000
53	2.1125	899.0000
54	2.1125	899.0000
55	2.1125	898.0000
56	2.1125	900.0000
57	2.1125	895.0000
58	2.2750	898.0000
59	2.4375	898.0000
60	2.2750	898.0000
61	2.1125	897.0000
62	2.1125	898.0000
63	2.4375	900.0000
64	2.2750	899.0000
65	2.6000	898.0000
66	2.4375	900.0000
67	2.2750	893.0000
68	2.2750	897.0000
69	2.2750	899.0000
70	2.4375	898.0000
71	2.2750	899.0000
72	2.2750	897.0000
73	2.2750	896.0000
74	2.1125	899.0000
75	1.9500	899.0000
76	2.1125	898.0000
77	1.7875	896.0000
78	2.1125	897.0000
79	2.2750	900.0000
80	2.1125	899.0000
81	2.2750	900.0000
82	2.2750	899.0000
83	2.1125	901.0000
84	2.1125	897.0000
85	2.1125	898.0000
86	2.1125	897.0000
87	1.9500	899.0000
88	2.1125	897.0000
89	1.9500	899.0000
90	1.7875	899.0000
91	1.9500	898.0000
92	1.9500	897.0000
93	1.7875	898.0000
94	1.4625	898.0000
95	1.7875	896.0000
96	1.6250	899.0000
97	1.7875	899.0000
98	1.7875	898.0000
99	1.7875	901.0000
100	1.7875	900.0000
101	1.7875	898.0000
102	1.7875	899.0000
103	1.6250	901.0000
104	1.7875	898.0000
105	1.6250	897.0000
106	1.6250	899.0000
107	1.4625	899.0000
108	1.4625	898.0000
109	1.3000	900.0000
110	1.1375	895.0000
111	1.3000	896.0000
112	1.1375	897.0000
113	1.4625	897.0000
114	1.1375	896.0000
115	1.1375	898.0000
116	0.4875	899.0000
117	1.1375	898.0000
118	0.8125	901.0000
119	0.9750	900.0000
120	0.9750	900.0000
121	1.1375	900.0000
122	0.9750	900.0000
123	0.8125	900.0000
124	0.8125	897.0000
125	0.4875	900.0000
126	0.6500	899.0000
127	0.8125	899.0000
128	0.4875	900.0000
129	0.4875	899.0000
130	0.4875	899.0000
131	0.3250	900.0000
132	0.4875	899.0000
133	0.4875	898.0000
134	0.6500	899.0000
135	0.4875	899.0000
136	0.3250	898.0000
137	0.4875	899.0000
138	0.3250	897.0000
139	0.1625	899.0000
140	0.1625	900.0000
141	0.1625	899.0000
142	0.1625	899.0000
143	-0.1625	900.0000
144	-0.3250	900.0000
145	-0.3250	899.0000
146	-0.4875	899.0000
147	-0.6500	899.0000
148	-0.6500	899.0000
149	-0.8125	900.0000
150	-0.6500	899.0000
151	-0.9750	898.0000
152	-0.9750	899.0000
153	-1.1375	899.0000
154	-1.3000	898.0000
155	-4.5500	898.0000
156	-1.4625	900.0000
157	-2.1125	896.0000
158	-2.2750	897.0000
159	-2.6000	898.0000
160	-3.2500	898.0000
161	-3.7375	899.0000
162	-4.0625	900.0000
163	-4.7125	899.0000
164	-5.2000	899.0000
165	-5.6875	898.0000
166	-6.3375	899.0000
167	-7.1500	899.0000
168	-7.4750	900.0000
169	-8.1250	898.0000
170	-8.6125	897.0000
171	-9.4250	899.0000
172	-10.0750	900.0000
173	-10.8875	899.0000
174	-11.5375	899.0000
175	-12.1875	899.0000
176	-13.1625	897.0000
177	-13.9750	898.0000
178	-14.7875	900.0000
179	-15.7625	898.0000
180	-16.9000	899.0000
181	-17.7125	901.0000
182	-18.6875	899.0000
183	-19.6625	898.0000
184	-20.8000	899.0000
185	-21.7750	897.0000
186	-22.9125	898.0000
187	-24.0500	899.0000
188	-25.1875	898.0000
189	-26.4875	899.0000
190	-27.7875	902.0000
191	-28.9250	901.0000
192	-30.2250	899.0000
193	-31.2000	899.0000
194	-32.5000	899.0000
195	-33.8000	899.0000
196	-35.1000	900.0000
197	-36.5625	898.0000
198	-37.8625	899.0000
199	-39.1625	899.0000
200	-40.3000	898.0000
201	-41.9250	897.0000
202	-43.5500	898.0000
203	-44.8500	899.0000
204	-46.3125	897.0000
205	-47.7750	899.0000
206	-49.4000	900.0000
207	-50.5375	898.0000
208	-52.1625	900.0000
209	-53.4625	900.0000
210	-54.9250	895.0000
211	-56.3875	896.0000
212	-57.8500	899.0000
213	-59.4750	897.0000
214	-60.9375	898.0000
215	-62.5625	901.0000
216	-63.8625	898.0000
217	-65.9750	899.0000
218	-67.4375	897.0000
219	-68.7375	899.0000
220	-70.3625	899.0000
221	-72.1500	898.0000
222	-73.4500	896.0000
223	-74.9125	895.0000
224	-76.5375	898.0000
225	-78.1625	899.0000
226	-79.7875	901.0000
227	-81.0875	899.0000
228	-82.5500	900.0000
229	-83.8500	899.0000
230	-85.8000	899.0000
231	-87.5875	898.0000
232	-88.8875	897.0000
233	-90.5125	899.0000
234	-91.9750	900.0000
235	-93.7625	891.0000
236	-95.3875	899.0000
237	-97.0125	900.0000
238	-98.6375	899.0000
239	-100.1000	898.0000
240	-101.7250	897.0000
241	-103.1875	898.0000
242	-104.8125	897.0000
243	-106.4375	896.0000
244	-108.2250	898.0000
245	-109.6875	897.0000
246	-111.1500	896.0000
247	-112.9375	895.0000
248	-114.4000	895.0000
249	-115.8625	902.0000
250	-117.8125	901.0000
251	-119.2750	899.0000
252	-120.9000	899.0000
253	-122.6875	896.0000
254	-124.3125	887.0000
255	-125.7750	892.0000
256	-127.4000	894.0000
257	-129.0250	895.0000
258	-130.4875	897.0000
259	-131.9500	898.0000
260	-132.9250	898.0000
261	-133.7375	899.0000
262	-134.0625	900.0000
263	-134.5500	899.0000
264	-134.7125	900.0000
265	-134.8750	901.0000
266	-134.8750	903.0000
267	-134.7125	901.0000
268	-134.3875	902.0000
269	-134.2250	900.0000
270	-133.7375	901.0000
271	-133.4125	902.0000
272	-132.9250	901.0000
273	-132.1125	901.0000
274	-131.4625	902.0000
275	-130.9750	901.0000
276	-130.3250	901.0000
277	-129.5125	902.0000
278	-128.8625	901.0000
279	-127.8875	901.0000
280	-127.0750	902.0000
281	-126.4250	901.0000
282	-125.1250	900.0000
283	-124.3125	902.0000
284	-123.1750	902.0000
285	-122.5250	900.0000
286	-121.5500	901.0000
287	-120.4125	902.0000
288	-119.4375	900.0000
289	-118.4625	901.0000
290	-117.0000	901.0000
291	-116.3500	900.0000
292	-115.0500	901.0000
293	-113.9125	902.0000
294	-112.6125	900.0000
295	-111.4750	904.0000
296	-110.5000	902.0000
297	-109.2000	900.0000
298	-107.9000	900.0000
299	-106.9250	902.0000
300	-105.4625	900.0000
301	-104.3250	900.0000
302	-103.0250	902.0000
303	-102.2125	901.0000
304	-100.5875	900.0000
305	-99.2875	903.0000
306	-98.1500	901.0000
307	-97.0125	900.0000
308	-95.5500	901.0000
309	-94.4125	901.0000
310	-93.1125	900.0000
311	-91.6500	901.0000
312	-90.3500	901.0000
313	-88.8875	900.0000
314	-87.7500	901.0000
315	-86.4500	901.0000
316	-84.9875	900.0000
317	-83.8500	901.0000
318	-82.2250	901.0000
319	-80.7625	899.0000
320	-79.4625	900.0000
321	-78.9750	901.0000
322	-76.8625	902.0000
323	-75.5625	900.0000
324	-74.2625	901.0000
325	-72.8000	900.0000
326	-71.3375	900.0000
327	-70.3625	901.0000
328	-68.5750	900.0000
329	-67.4375	899.0000
330	-65.8125	901.0000
331	-64.3500	900.0000
332	-63.0500	900.0000
333	-61.5875	901.0000
334	-60.2875	901.0000
335	-58.8250	900.0000
336	-57.3625	901.0000
337	-55.9000	901.0000
338	-54.6000	900.0000
339	-53.3000	901.0000
340	-51.8375	900.0000
341	-50.3750	900.0000
342	-49.0750	900.0000
343	-47.7750	901.0000
344	-46.4750	900.0000
345	-44.8500	900.0000
346	-43.5500	901.0000
347	-42.0875	900.0000
348	-40.7875	900.0000
349	-39.4875	901.0000
350	-38.1875	899.0000
351	-36.8875	900.0000
352	-35.5875	901.0000
353	-34.4500	900.0000
354	-33.1500	899.0000
355	-32.0125	901.0000
356	-30.8750	900.0000
357	-30.0625	899.0000
358	-28.9250	900.0000
359	-28.1125	901.0000
360	-27.1375	899.0000
361	-26.3250	900.0000
362	-25.5125	900.0000
363	-24.8625	899.0000
364	-23.8875	900.0000
365	-23.2375	900.0000
366	-22.5875	899.0000
367	-22.1000	900.0000
368	-21.6125	900.0000
369	-21.4500	899.0000
370	-21.4500	900.0000
371	-21.1250	900.0000
372	-21.1250	899.0000
373	-21.2875	900.0000
374	-20.6375	901.0000
375	-20.8000	899.0000
376	-20.6375	899.0000
377	-20.4750	899.0000
378	-20.4750	899.0000
379	-20.4750	899.0000
380	-20.3125	900.0000
381	-20.3125	899.0000
382	-20.3125	899.0000
383	-20.1500	900.0000
384	-20.1500	899.0000
385	-19.9875	899.0000
386	-19.9875	900.0000
387	-19.9875	900.0000
388	-19.8250	899.0000
389	-19.6625	900.0000
390	-19.6625	900.0000
391	-19.6625	899.0000
392	-19.5000	900.0000
393	-19.6625	900.0000
394	-19.5000	899.0000
395	-19.5000	900.0000
396	-19.3375	901.0000
397	-19.5000	899.0000
398	-19.5000	900.0000
399	-19.3375	900.0000
400	-19.5000	899.0000
401	-19.3375	899.0000
402	-19.1750	900.0000
403	-19.3375	899.0000
404	-19.3375	899.0000
405	-20.3125	900.0000
406	-19.1750	900.0000
407	-19.1750	899.0000
408	-18.8500	900.0000
409	-19.1750	900.0000
410	-19.0125	899.0000
411	-19.0125	900.0000
412	-18.8500	899.0000
413	-19.0125	899.0000
414	-18.8500	900.0000
415	-19.0125	900.0000
416	-18.8500	899.0000
417	-18.8500	900.0000
418	-18.8500	900.0000
419	-18.8500	899.0000
420	-18.8500	900.0000
421	-18.6875	900.0000
422	-18.6875	899.0000
423	-18.6875	899.0000
424	-18.5250	900.0000
425	-18.5250	899.0000
426	-18.5250	899.0000
427	-18.5250	900.0000
428	-18.3625	899.0000
429	-18.5250	899.0000
430	-18.6875	900.0000
431	-18.5250	899.0000
432	-18.5250	899.0000
433	-18.3625	900.0000
434	-18.3625	899.0000
435	-18.3625	899.0000
436	-18.2000	899.0000
437	-18.3625	899.0000
438	-18.2000	898.0000
439	-18.0375	899.0000
440	-17.8750	899.0000
441	-18.0375	898.0000
442	-18.0375	899.0000
443	-18.0375	898.0000
444	-18.0375	884.0000
445	-18.0375	891.0000
446	-18.0375	881.0000
447	-18.2000	865.0000
448	-18.0375	873.0000
449	-18.0375	880.0000
450	-17.7125	883.0000
451	-18.0375	890.0000
452	-18.0375	891.0000
453	-18.0375	892.0000
454	-17.8750	896.0000
455	-17.8750	898.0000
456	-17.8750	898.0000
457	-17.7125	897.0000
458	-17.7125	897.0000
459	-17.7125	897.0000
460	-17.7125	897.0000
461	-17.5500	899.0000
462	-17.7125	899.0000
463	-17.5500	899.0000
464	-17.7125	900.0000
465	-17.8750	900.0000
466	-17.7125	900.0000
467	-17.7125	901.0000
468	-17.5500	900.0000
469	-17.8750	900.0000
470	-17.7125	901.0000
471	-17.5500	901.0000
472	-17.5500	900.0000
473	-17.5500	901.0000
474	-17.3875	901.0000
475	-17.5500	900.0000
476	-17.5500	901.0000
477	-17.5500	901.0000
478	-17.5500	900.0000
479	-17.3875	900.0000
480	-17.5500	901.0000
481	-17.3875	900.0000
482	-17.3875	900.0000
483	-17.2250	901.0000
484	-17.3875	898.0000
485	-17.2250	902.0000
486	-17.3875	901.0000
487	-17.2250	900.0000
488	-17.3875	900.0000
489	-17.2250	901.0000
490	-17.2250	900.0000
491	-17.3875	900.0000
492	-17.3875	901.0000
493	-17.0625	901.0000
494	-17.0625	900.0000
495	-17.2250	901.0000
496	-17.0625	901.0000
497	-17.0625	900.0000
498	-17.2250	901.0000
499	-17.0625	901.0000
500	-17.0625	900.0000
501	-17.3875	901.0000
502	-17.2250	902.0000
503	-17.0625	899.0000
504	-17.0625	900.0000
505	-17.2250	901.0000
506	-17.3875	899.0000
507	-17.2250	898.0000
508	-17.2250	901.0000
509	-17.2250	900.0000
510	-17.3875	900.0000
511	-17.2250	901.0000
512	-17.3875	900.0000
513	-16.9000	900.0000
514	-16.9000	901.0000
515	-16.9000	900.0000
516	-16.9000	900.0000
517	-17.2250	902.0000
518	-17.2250	900.0000
519	-17.0625	899.0000
520	-16.9000	901.0000
521	-16.9000	901.0000
522	-16.9000	900.0000
523	-16.9000	901.0000
524	-16.7375	901.0000
525	-16.9000	899.0000
526	-16.9000	901.0000
527	-16.9000	901.0000
528	-16.9000	899.0000
529	-16.9000	900.0000
530	-16.9000	901.0000
531	-16.9000	900.0000
532	-16.9000	900.0000
533	-16.9000	901.0000
534	-16.7375	899.0000
535	-16.7375	900.0000
536	-16.7375	901.0000
537	-16.9000	900.0000
538	-16.7375	898.0000
539	-16.7375	901.0000
540	-16.9000	900.0000
541	-16.7375	900.0000
542	-16.7375	901.0000
543	-16.7375	900.0000
544	-16.5750	900.0000
545	-16.7375	901.0000
546	-16.7375	901.0000
547	-16.7375	900.0000
548	-16.9000	901.0000
549	-16.9000	901.0000
550	-16.5750	900.0000
551	-16.5750	901.0000
552	-16.7375	901.0000
553	-16.7375	899.0000
554	-16.9000	900.0000
555	-16.7375	901.0000
556	-16.9000	900.0000
557	-16.5750	900.0000
558	-16.7375	901.0000
559	-16.5750	899.0000
560	-16.5750	900.0000
561	-16.4125	901.0000
562	-16.4125	900.0000
563	-16.4125	900.0000
564	-16.2500	901.0000
565	-16.2500	900.0000
566	-16.2500	900.0000
567	-16.2500	901.0000
568	-16.4125	900.0000
569	-16.2500	900.0000
570	-16.2500	901.0000
571	-16.4125	900.0000
572	-16.4125	900.0000
573	-16.4125	901.0000
574	-16.5750	901.0000
575	-16.2500	900.0000
576	-16.4125	901.0000
577	-16.2500	901.0000
578	-16.0875	900.0000
579	-16.2500	901.0000
580	-16.2500	902.0000
581	-16.4125	900.0000
582	-16.2500	901.0000
583	-16.5750	902.0000
584	-16.4125	900.0000
585	-16.0875	901.0000
586	-15.9250	901.0000
587	-16.0875	900.0000
588	-16.0875	900.0000
589	-16.0875	901.0000
590	-16.0875	900.0000
591	-16.0875	900.0000
592	-16.0875	898.0000
593	-15.9250	900.0000
594	-15.9250	900.0000
595	-15.9250	901.0000
596	-15.6000	901.0000
597	-15.9250	900.0000
598	-15.4375	901.0000
599	-16.0875	901.0000
600	-15.6000	900.0000
601	-15.9250	901.0000
602	-15.6000	901.0000
603	-15.7625	900.0000
604	-15.6000	901.0000
605	-15.2750	901.0000
606	-15.4375	901.0000
607	-15.4375	900.0000
608	-15.6000	903.0000
609	-15.4375	900.0000
610	-15.7625	901.0000
611	-15.6000	901.0000
612	-15.4375	900.0000
613	-15.6000	900.0000
614	-15.4375	901.0000
615	-15.2750	901.0000
616	-15.2750	900.0000
617	-15.2750	902.0000
618	-15.1125	900.0000
619	-15.2750	900.0000
620	-14.9500	901.0000
621	-15.1125	900.0000
622	-15.1125	900.0000
623	-14.9500	901.0000
624	-15.1125	901.0000
625	-15.1125	900.0000
626	-15.1125	901.0000
627	-15.1125	901.0000
628	-15.1125	899.0000
629	-15.2750	901.0000
630	-14.7875	901.0000
631	-14.7875	900.0000
632	-14.6250	901.0000
633	-14.6250	901.0000
634	-14.4625	900.0000
635	-14.6250	900.0000
636	-14.6250	902.0000
637	-14.4625	900.0000
638	-14.7875	900.0000
639	-14.6250	901.0000
640	-14.4625	900.0000
641	-14.3000	900.0000
642	-14.1375	901.0000
643	-14.4625	900.0000
644	-14.3000	900.0000
645	-14.3000	901.0000
646	-14.1375	900.0000
647	-14.1375	900.0000
648	-14.1375	901.0000
649	-14.1375	901.0000
650	-13.9750	900.0000
651	-13.9750	901.0000
652	-13.6500	900.0000
653	-13.6500	900.0000
654	-13.6500	902.0000
655	-13.4875	901.0000
656	-13.3250	900.0000
657	-13.3250	901.0000
658	-13.1625	901.0000
659	-13.1625	900.0000
660	-13.4875	900.0000
661	-13.3250	901.0000
662	-13.1625	899.0000
663	-13.0000	900.0000
664	-12.8375	901.0000
665	-12.6750	901.0000
666	-12.5125	900.0000
667	-12.3500	901.0000
668	-12.0250	900.0000
669	-11.8625	899.0000
670	-11.7000	901.0000
671	-11.3750	901.0000
672	-10.5625	900.0000
673	-10.0750	901.0000
674	-9.5875	901.0000
675	-9.1000	900.0000
676	-8.6125	901.0000
677	-7.9625	901.0000
678	-7.3125	900.0000
679	-6.9875	901.0000
680	-6.5000	901.0000
681	-6.0125	900.0000
682	-5.0375	901.0000
683	-4.3875	901.0000
684	-3.7375	900.0000
685	-3.0875	901.0000
686	-2.1125	901.0000
687	-1.6250	900.0000
688	-0.8125	900.0000
689	0.1625	901.0000
690	1.1375	902.0000
691	1.7875	901.0000
692	2.4375	901.0000
693	3.4125	900.0000
694	4.7125	900.0000
695	5.8500	901.0000
696	6.8250	900.0000
697	7.8000	900.0000
698	8.9375	901.0000
699	-15.1125	901.0000
700	11.0500	900.0000
701	12.5125	902.0000
702	13.4875	901.0000
703	14.6250	900.0000
704	16.2500	901.0000
705	17.7125	901.0000
706	18.8500	900.0000
707	19.9875	901.0000
708	21.4500	901.0000
709	22.7500	900.0000
710	24.0500	901.0000
711	25.5125	901.0000
712	26.8125	900.0000
713	28.2750	901.0000
714	29.9000	901.0000
715	31.2000	900.0000
716	32.6625	900.0000
717	33.9625	901.0000
718	35.5875	900.0000
719	37.2125	900.0000
720	38.5125	901.0000
721	40.1375	900.0000
722	41.9250	900.0000
723	43.3875	902.0000
724	45.0125	901.0000
725	46.3125	900.0000
726	47.7750	902.0000
727	49.5625	901.0000
728	50.7000	900.0000
729	52.8125	902.0000
730	54.2750	901.0000
731	55.9000	900.0000
732	57.2000	901.0000
733	58.9875	902.0000
734	60.4500	900.0000
735	61.9125	901.0000
736	63.7000	902.0000
737	65.0000	900.0000
738	66.9500	901.0000
739	68.2500	902.0000
740	70.0375	900.0000
741	71.8250	901.0000
742	73.6125	902.0000
743	75.2375	901.0000
744	76.7000	900.0000
745	78.4875	902.0000
746	80.2750	901.0000
747	81.9000	899.0000
748	83.5250	902.0000
749	84.8250	901.0000
750	86.4500	900.0000
751	88.0750	902.0000
752	89.8625	901.0000
753	91.4875	901.0000
754	93.1125	902.0000
755	94.7375	902.0000
756	96.5250	901.0000
757	97.9875	902.0000
758	99.7750	902.0000
759	101.5625	901.0000
760	103.0250	901.0000
761	104.8125	902.0000
762	106.6000	901.0000
763	108.3875	901.0000
764	109.8500	902.0000
765	111.1500	900.0000
766	112.6125	901.0000
767	114.4000	902.0000
768	116.5125	901.0000
769	118.3000	901.0000
770	119.7625	902.0000
771	120.9000	901.0000
772	122.2000	901.0000
773	122.6875	903.0000
774	123.3375	901.0000
775	123.6625	901.0000
776	124.1500	902.0000
777	124.1500	902.0000
778	124.3125	901.0000
779	124.3125	902.0000
780	124.1500	902.0000
781	123.9875	901.0000
782	123.3375	903.0000
783	123.1750	902.0000
784	122.3625	901.0000
785	122.0375	902.0000
786	121.2250	903.0000
787	120.5750	901.0000
788	119.7625	902.0000
789	118.9500	902.0000
790	118.1375	901.0000
791	117.3250	902.0000
792	116.5125	902.0000
793	115.2125	901.0000
794	114.5625	902.0000
795	113.9125	902.0000
796	112.6125	901.0000
797	111.6375	901.0000
798	110.6625	902.0000
799	109.8500	901.0000
800	108.7125	901.0000
801	107.7375	902.0000
802	106.6000	901.0000
803	105.1375	901.0000
804	104.3250	902.0000
805	103.1875	901.0000
806	102.2125	901.0000
807	101.0750	902.0000
808	99.9375	902.0000
809	98.6375	901.0000
810	97.5000	899.0000
811	96.2000	902.0000
812	94.9000	901.0000
813	93.9250	902.0000
814	92.6250	902.0000
815	91.3250	901.0000
816	90.0250	901.0000
817	88.8875	902.0000
818	87.2625	900.0000
819	86.1250	901.0000
820	84.8250	902.0000
821	83.3625	901.0000
822	82.0625	901.0000
823	80.7625	902.0000
824	79.4625	902.0000
825	78.3250	901.0000
826	77.0250	902.0000
827	75.5625	901.0000
828	74.1000	901.0000
829	72.6375	902.0000
830	71.1750	901.0000
831	70.0375	900.0000
832	68.7375	902.0000
833	67.2750	901.0000
834	65.6500	901.0000
835	64.1875	901.0000
836	63.0500	902.0000
837	61.9125	900.0000
838	60.4500	901.0000
839	58.9875	903.0000
840	57.5250	900.0000
841	56.0625	901.0000
842	54.6000	902.0000
843	52.9750	900.0000
844	51.6750	901.0000
845	50.2125	902.0000
846	48.7500	900.0000
847	47.2875	900.0000
848	45.9875	901.0000
849	44.6875	897.0000
850	43.2250	900.0000
851	41.7625	901.0000
852	40.4625	901.0000
853	38.8375	900.0000
854	37.2125	902.0000
855	35.9125	901.0000
856	34.7750	900.0000
857	33.3125	902.0000
858	31.8500	901.0000
859	30.3875	900.0000
860	28.9250	901.0000
861	27.7875	902.0000
862	26.1625	900.0000
863	24.7000	901.0000
864	23.5625	901.0000
865	22.5875	900.0000
866	21.2875	901.0000
867	19.9875	901.0000
868	19.1750	900.0000
869	17.8750	900.0000
870	16.9000	902.0000
871	15.9250	900.0000
872	15.2750	900.0000
873	14.1375	901.0000
874	13.6500	900.0000
875	12.5125	900.0000
876	11.8625	901.0000
877	11.3750	900.0000
878	10.7250	900.0000
879	10.4000	901.0000
880	9.9125	901.0000
881	9.7500	900.0000
882	9.7500	901.0000
883	9.7500	901.0000
884	9.5875	900.0000
885	9.2625	901.0000
886	9.2625	901.0000
887	9.1000	899.0000
888	8.9375	901.0000
889	8.9375	901.0000
890	8.9375	900.0000
891	9.1000	900.0000
892	8.9375	901.0000
893	8.6125	900.0000
894	8.6125	900.0000
895	8.6125	901.0000
896	8.6125	900.0000
897	8.2875	900.0000
898	8.2875	901.0000
899	8.2875	900.0000
900	8.6125	900.0000
901	8.6125	901.0000
902	8.2875	900.0000
903	8.2875	900.0000
904	8.2875	901.0000
905	8.1250	900.0000
906	8.1250	900.0000
907	7.8000	901.0000
908	8.2875	901.0000
909	7.9625	900.0000
910	7.9625	901.0000
911	7.9625	901.0000
912	7.8000	900.0000
913	7.9625	901.0000
914	7.8000	901.0000
915	7.9625	899.0000
916	7.8000	901.0000
917	7.6375	901.0000
918	7.8000	900.0000
919	7.8000	900.0000
920	7.6375	901.0000
921	7.3125	900.0000
922	7.6375	900.0000
923	7.4750	900.0000
924	7.3125	900.0000
925	7.1500	900.0000
926	7.1500	901.0000
927	7.3125	900.0000
928	7.3125	900.0000
929	7.1500	901.0000
930	7.1500	900.0000
931	6.9875	900.0000
932	7.1500	901.0000
933	6.9875	900.0000
934	7.1500	899.0000
935	6.9875	901.0000
936	7.1500	901.0000
937	6.9875	900.0000
938	7.1500	901.0000
939	6.9875	901.0000
940	6.9875	900.0000
941	6.8250	902.0000
942	6.9875	901.0000
943	6.6625	900.0000
944	6.6625	901.0000
945	6.9875	901.0000
946	6.8250	899.0000
947	6.8250	900.0000
948	6.8250	901.0000
949	6.6625	900.0000
950	6.6625	900.0000
951	6.8250	901.0000
952	6.5000	900.0000
953	6.6625	900.0000
954	6.8250	901.0000
955	6.8250	900.0000
956	6.5000	900.0000
957	6.3375	901.0000
958	6.5000	900.0000
959	6.5000	900.0000
960	6.5000	902.0000
961	6.6625	901.0000
962	6.8250	900.0000
963	6.5000	901.0000
964	6.6625	901.0000
965	6.1750	899.0000
966	6.5000	901.0000
967	6.5000	901.0000
968	6.5000	900.0000
969	6.5000	900.0000
970	6.3375	901.0000
971	6.3375	899.0000
972	6.1750	900.0000
973	6.3375	901.0000
974	6.3375	899.0000
975	6.1750	900.0000
976	5.6875	902.0000
977	6.0125	900.0000
978	6.3375	900.0000
979	6.3375	901.0000
980	6.3375	900.0000
981	6.0125	900.0000
982	6.1750	901.0000
983	6.0125	900.0000
984	6.0125	900.0000
985	6.0125	901.0000
986	6.1750	900.0000
987	6.0125	900.0000
988	5.8500	901.0000
989	5.8500	900.0000
990	6.0125	900.0000
991	6.0125	901.0000
992	5.8500	901.0000
993	6.0125	900.0000
994	6.1750	901.0000
995	5.8500	901.0000
996	6.0125	899.0000
997	5.8500	900.0000
998	5.8500	901.0000
999	5.8500	899.0000
1000	6.0125	900.0000
1001	5.6875	901.0000
1002	5.8500	900.0000
1003	6.0125	900.0000
1004	5.6875	901.0000
1005	5.6875	900.0000
1006	5.6875	900.0000
1007	5.8500	900.0000
1008	5.6875	900.0000
1009	5.6875	899.0000
1010	5.8500	901.0000
1011	5.6875	901.0000
1012	5.6875	900.0000
1013	5.8500	901.0000
1014	5.8500	901.0000
1015	5.8500	900.0000
1016	5.6875	901.0000
1017	5.6875	900.0000
1018	5.6875	900.0000
1019	5.6875	901.0000
1020	5.6875	901.0000
1021	5.5250	899.0000
1022	5.6875	900.0000
1023	5.6875	901.0000
#28808
0	5.5250	900.0000
1	5.5250	900.0000
2	5.6875	902.0000
3	5.5250	900.0000
4	5.6875	900.0000
5	5.6875	901.0000
6	5.8500	900.0000
7	5.6875	900.0000
8	5.8500	901.0000
9	5.6875	900.0000
10	5.6875	900.0000
11	5.5250	901.0000
12	6.0125	901.0000
13	5.6875	900.0000
14	5.6875	901.0000
15	5.8500	901.0000
16	5.6875	900.0000
17	5.8500	901.0000
18	5.6875	901.0000
19	5.5250	900.0000
20	5.5250	899.0000
21	5.6875	901.0000
22	5.2000	900.0000
23	5.6875	900.0000
24	5.5250	901.0000
25	5.5250	900.0000
26	5.5250	900.0000
27	5.5250	901.0000
28	5.5250	900.0000
29	5.2000	900.0000
30	5.5250	901.0000
31	5.5250	900.0000
32	5.3625	900.0000
33	5.2000	901.0000
34	5.3625	900.0000
35	5.3625	900.0000
36	5.5250	901.0000
37	5.3625	901.0000
38	5.2000	900.0000
39	5.3625	901.0000
40	5.3625	901.0000
41	5.2000	900.0000
42	5.3625	901.0000
43	5.2000	901.0000
44	5.2000	900.0000
45	5.0375	900.0000
46	5.2000	901.0000
47	5.2000	897.0000
48	5.2000	900.0000
49	5.3625	901.0000
50	5.2000	900.0000
51	5.2000	900.0000
52	5.2000	901.0000
53	5.2000	900.0000
54	5.2000	900.0000
55	5.0375	901.0000
56	5.0375	900.0000
57	5.2000	900.0000
58	4.8750	902.0000
59	5.2000	901.0000
60	5.0375	900.0000
61	4.8750	901.0000
62	4.8750	901.0000
63	4.7125	899.0000
64	4.5500	901.0000
65	4.5500	900.0000
66	4.7125	900.0000
67	4.8750	901.0000
68	4.7125	901.0000
69	4.8750	900.0000
70	4.7125	900.0000
71	4.5500	901.0000
72	4.5500	900.0000
73	4.3875	900.0000
74	4.7125	901.0000
75	4.5500	900.0000
76	4.5500	900.0000
77	4.3875	901.0000
78	4.3875	900.0000
79	4.5500	900.0000
80	4.3875	904.0000
81	4.3875	899.0000
82	4.5500	900.0000
83	4.3875	901.0000
84	4.2250	900.0000
85	4.3875	900.0000
86	4.3875	901.0000
87	4.2250	901.0000
88	4.3875	900.0000
89	4.2250	901.0000
90	4.2250	901.0000
91	4.0625	900.0000
92	4.0625	901.0000
93	4.0625	901.0000
94	4.2250	899.0000
95	4.2250	900.0000
96	4.0625	901.0000
97	4.0625	899.0000
98	4.2250	900.0000
99	4.0625	901.0000
100	3.9000	900.0000
101	4.0625	900.0000
102	3.9000	901.0000
103	3.9000	900.0000
104	3.5750	902.0000
105	3.4125	901.0000
106	3.7375	900.0000
107	3.5750	900.0000
108	3.2500	901.0000
109	3.4125	900.0000
110	3.4125	900.0000
111	3.4125	901.0000
112	3.4125	901.0000
113	3.5750	900.0000
114	3.5750	901.0000
115	3.4125	901.0000
116	3.4125	898.0000
117	3.0875	901.0000
118	3.2500	901.0000
119	3.0875	899.0000
120	2.9250	902.0000
121	2.9250	901.0000
122	3.0875	900.0000
123	2.9250	900.0000
124	2.9250	901.0000
125	2.9250	900.0000
126	2.7625	900.0000
127	2.7625	901.0000
128	2.4375	900.0000
129	2.7625	900.0000
130	2.4375	900.0000
131	2.6000	900.0000
132	2.6000	900.0000
133	2.4375	901.0000
134	2.4375	901.0000
135	2.6000	900.0000
136	2.6000	901.0000
137	2.2750	900.0000
138	2.4375	900.0000
139	2.1125	901.0000
140	2.2750	901.0000
141	2.1125	900.0000
142	1.9500	901.0000
143	1.6250	901.0000
144	1.6250	900.0000
145	1.7875	900.0000
146	1.6250	903.0000
147	1.4625	900.0000
148	1.3000	900.0000
149	1.6250	901.0000
150	1.1375	900.0000
151	0.9750	900.0000
152	0.9750	901.0000
153	0.8125	900.0000
154	0.6500	900.0000
155	0.3250	902.0000
156	0.3250	900.0000
157	-0.1625	900.0000
158	-0.1625	901.0000
159	-0.8125	901.0000
160	-1.1375	900.0000
161	-1.9500	901.0000
162	-2.4375	901.0000
163	-2.7625	899.0000
164	-3.2500	901.0000
165	-3.9000	901.0000
166	-4.3875	900.0000
167	-5.2000	901.0000
168	-5.6875	901.0000
169	-6.3375	900.0000
170	-7.3125	900.0000
171	-7.9625	901.0000
172	-8.6125	900.0000
173	-9.2625	900.0000
174	-10.0750	901.0000
175	-10.5625	900.0000
176	-11.3750	900.0000
177	-12.3500	901.0000
178	-13.1625	900.0000
179	-14.3000	900.0000
180	-15.1125	901.0000
181	-16.0875	900.0000
182	-17.0625	900.0000
183	-18.2000	901.0000
184	-19.1750	901.0000
185	-19.9875	900.0000
186	-21.4500	901.0000
187	-22.7500	901.0000
188	-23.7250	900.0000
189	-25.0250	901.0000
190	-26.0000	901.0000
191	-27.3000	900.0000
192	-28.6000	901.0000
193	-29.7375	901.0000
194	-31.2000	900.0000
195	-32.3375	900.0000
196	-33.9625	901.0000
197	-35.2625	900.0000
198	-37.0500	901.0000
199	-38.0250	901.0000
200	-39.3250	900.0000
201	-40.9500	900.0000
202	-42.0875	901.0000
203	-43.5500	900.0000
204	-45.1750	900.0000
205	-46.6375	901.0000
206	-48.1000	901.0000
207	-49.5625	900.0000
208	-51.0250	901.0000
209	-52.6500	901.0000
210	-53.9500	900.0000
211	-55.5750	901.0000
212	-57.3625	901.0000
213	-58.5000	900.0000
214	-60.1250	901.0000
215	-61.7500	901.0000
216	-63.2125	900.0000
217	-64.8375	901.0000
218	-66.3000	901.0000
219	-67.9250	900.0000
220	-69.3875	900.0000
221	-71.0125	901.0000
222	-72.6375	899.0000
223	-74.2625	900.0000
224	-75.7250	901.0000
225	-77.3500	900.0000
226	-78.9750	900.0000
227	-80.6000	901.0000
228	-82.3875	901.0000
229	-83.5250	900.0000
230	-85.3125	902.0000
231	-86.6125	901.0000
232	-88.5625	900.0000
233	-90.0250	902.0000
234	-91.6500	901.0000
235	-93.4375	900.0000
236	-94.9000	901.0000
237	-96.8500	901.0000
238	-98.1500	900.0000
239	-99.7750	901.0000
240	-101.5625	901.0000
241	-103.0250	900.0000
242	-104.8125	901.0000
243	-106.6000	902.0000
244	-108.2250	900.0000
245	-109.6875	901.0000
246	-111.3125	902.0000
247	-112.7750	901.0000
248	-114.5625	901.0000
249	-116.3500	902.0000
250	-117.9750	901.0000
251	-119.6000	901.0000
252	-121.2250	902.0000
253	-122.8500	901.0000
254	-124.4750	901.0000
255	-125.9375	902.0000
256	-127.5625	901.0000
257	-129.3500	901.0000
258	-130.8125	902.0000
259	-131.9500	902.0000
260	-133.0875	900.0000
261	-133.7375	902.0000
262	-134.3875	902.0000
263	-134.8750	901.0000
264	-135.2000	902.0000
265	-135.2000	902.0000
266	-135.2000	901.0000
267	-135.2000	902.0000
268	-135.0375	902.0000
269	-134.8750	901.0000
270	-133.9000	902.0000
271	-133.4125	902.0000
272	-132.9250	901.0000
273	-132.4375	901.0000
274	-131.9500	903.0000
275	-130.9750	901.0000
276	-130.6500	901.0000
277	-129.6750	902.0000
278	-129.0250	901.0000
279	-128.0500	901.0000
280	-127.2375	902.0000
281	-126.4250	901.0000
282	-125.4500	901.0000
283	-124.4750	902.0000
284	-123.6625	901.0000
285	-122.8500	901.0000
286	-121.5500	902.0000
287	-120.7375	902.0000
288	-119.6000	900.0000
289	-118.6250	901.0000
290	-117.4875	902.0000
291	-116.3500	900.0000
292	-115.3750	901.0000
293	-114.2375	902.0000
294	-113.1000	901.0000
295	-111.8000	901.0000
296	-110.6625	900.0000
297	-109.5250	901.0000
298	-108.3875	901.0000
299	-106.9250	902.0000
300	-105.9500	901.0000
301	-104.8125	901.0000
302	-103.5125	901.0000
303	-102.2125	901.0000
304	-100.7500	900.0000
305	-99.6125	902.0000
306	-98.3125	901.0000
307	-97.0125	900.0000
308	-95.8750	902.0000
309	-94.5750	902.0000
310	-93.2750	900.0000
311	-91.8125	902.0000
312	-90.6750	902.0000
313	-89.2125	900.0000
314	-88.0750	901.0000
315	-86.7750	902.0000
316	-85.3125	900.0000
317	-84.1750	900.0000
318	-82.3875	901.0000
319	-81.0875	900.0000
320	-79.7875	900.0000
321	-78.4875	901.0000
322	-77.0250	900.0000
323	-75.7250	900.0000
324	-74.4250	901.0000
325	-72.9625	900.0000
326	-71.5000	900.0000
327	-70.0375	901.0000
328	-68.5750	901.0000
329	-67.2750	900.0000
330	-65.9750	902.0000
331	-64.6750	901.0000
332	-63.2125	900.0000
333	-61.7500	901.0000
334	-60.6125	901.0000
335	-58.9875	900.0000
336	-57.5250	901.0000
337	-56.0625	901.0000
338	-54.7625	900.0000
339	-53.3000	901.0000
340	-52.0000	902.0000
341	-50.5375	900.0000
342	-48.9125	900.0000
343	-47.6125	901.0000
344	-46.3125	900.0000
345	-45.0125	900.0000
346	-43.5500	902.0000
347	-42.4125	900.0000
348	-40.9500	900.0000
349	-39.8125	902.0000
350	-38.3500	900.0000
351	-37.0500	900.0000
352	-35.7500	901.0000
353	-34.6125	901.0000
354	-33.4750	900.0000
355	-32.3375	901.0000
356	-31.0375	901.0000
357	-30.2250	900.0000
358	-29.2500	901.0000
359	-28.2750	901.0000
360	-27.3000	900.0000
361	-26.3250	901.0000
362	-25.5125	901.0000
363	-24.7000	900.0000
364	-23.8875	901.0000
365	-23.4000	901.0000
366	-22.7500	897.0000
367	-22.2625	900.0000
368	-21.9375	901.0000
369	-21.9375	900.0000
370	-21.6125	900.0000
371	-21.2875	901.0000
372	-21.1250	900.0000
373	-20.9625	900.0000
374	-20.8000	901.0000
375	-20.6375	900.0000
376	-20.6375	900.0000
377	-20.8000	901.0000
378	-20.6375	901.0000
379	-20.6375	900.0000
380	-20.6375	901.0000
381	-20.6375	901.0000
382	-20.3125	900.0000
383	-20.4750	901.0000
384	-20.3125	901.0000
385	-20.3125	900.0000
386	-20.3125	901.0000
387	-20.3125	901.0000
388	-20.1500	901.0000
389	-19.9875	900.0000
390	-19.6625	901.0000
391	-19.8250	899.0000
392	-19.8250	900.0000
393	-19.8250	901.0000
394	-19.8250	900.0000
395	-19.8250	900.0000
396	-19.6625	902.0000
397	-19.6625	900.0000
398	-19.6625	900.0000
399	-19.6625	902.0000
400	-19.6625	900.0000
401	-19.6625	900.0000
402	-19.5000	901.0000
403	-19.5000	900.0000
404	-19.5000	900.0000
405	-19.3375	901.0000
406	-19.3375	901.0000
407	-19.3375	900.0000
408	-19.1750	901.0000
409	-19.1750	901.0000
410	-18.8500	900.0000
411	-19.0125	900.0000
412	-18.8500	901.0000
413	-19.0125	900.0000
414	-18.8500	900.0000
415	-18.8500	901.0000
416	-19.1750	900.0000
417	-19.1750	900.0000
418	-18.8500	901.0000
419	-18.6875	900.0000
420	-18.6875	899.0000
421	-18.8500	901.0000
422	-18.6875	900.0000
423	-18.6875	900.0000
424	-18.8500	901.0000
425	-18.6875	901.0000
426	-18.5250	900.0000
427	-18.5250	901.0000
428	-18.3625	901.0000
429	-18.5250	899.0000
430	-18.3625	901.0000
431	-18.6875	901.0000
432	-18.5250	900.0000
433	-18.2000	901.0000
434	-18.5250	901.0000
435	-18.3625	900.0000
436	-18.3625	900.0000
437	-18.5250	901.0000
438	-18.3625	899.0000
439	-18.2000	900.0000
440	-18.2000	902.0000
441	-18.3625	900.0000
442	-18.3625	900.0000
443	-18.3625	901.0000
444	-18.3625	900.0000
445	-18.5250	900.0000
446	-18.2000	901.0000
447	-18.3625	901.0000
448	-18.3625	900.0000
449	-18.2000	901.0000
450	-18.2000	901.0000
451	-17.8750	900.0000
452	-17.8750	901.0000
453	-17.8750	901.0000
454	-17.7125	900.0000
455	-17.8750	901.0000
456	-17.8750	901.0000
457	-17.8750	899.0000
458	-17.8750	900.0000
459	-18.2000	901.0000
460	-17.8750	900.0000
461	-17.8750	901.0000
462	-17.8750	901.0000
463	-17.7125	899.0000
464	-17.5500	900.0000
465	-17.7125	901.0000
466	-17.5500	900.0000
467	-17.5500	900.0000
468	-17.7125	901.0000
469	-17.7125	900.0000
470	-17.8750	900.0000
471	-17.7125	901.0000
472	-17.7125	900.0000
473	-17.7125	900.0000
474	-17.7125	901.0000
475	-17.8750	901.0000
476	-17.8750	900.0000
477	-18.3625	901.0000
478	-18.0375	901.0000
479	-17.5500	900.0000
480	-17.3875	901.0000
481	-17.5500	901.0000
482	-17.7125	898.0000
483	-17.5500	900.0000
484	-17.7125	901.0000
485	-17.5500	900.0000
486	-17.7125	900.0000
487	-17.3875	901.0000
488	-17.7125	900.0000
489	-17.3875	900.0000
490	-17.3875	901.0000
491	-17.7125	900.0000
492	-17.3875	900.0000
493	-17.2250	901.0000
494	-17.3875	900.0000
495	-17.3875	900.0000
496	-17.2250	901.0000
497	-17.2250	901.0000
498	-17.2250	900.0000
499	-17.2250	901.0000
500	-17.2250	901.0000
501	-17.2250	900.0000
502	-17.2250	901.0000
503	-17.0625	901.0000
504	-17.0625	900.0000
505	-17.2250	899.0000
506	-17.0625	901.0000
507	-17.3875	900.0000
508	-17.5500	900.0000
509	-17.5500	901.0000
510	-17.3875	900.0000
511	-17.3875	900.0000
512	-17.3875	901.0000
513	-17.2250	900.0000
514	-17.2250	900.0000
515	-16.9000	901.0000
516	-17.0625	900.0000
517	-16.9000	900.0000
518	-17.0625	901.0000
519	-16.9000	900.0000
520	-17.0625	900.0000
521	-16.9000	901.0000
522	-17.0625	901.0000
523	-17.2250	900.0000
524	-16.9000	901.0000
525	-16.9000	901.0000
526	-17.2250	900.0000
527	-17.3875	901.0000
528	-17.0625	902.0000
529	-17.2250	900.0000
530	-17.2250	900.0000
531	-17.2250	901.0000
532	-17.0625	900.0000
533	-16.9000	900.0000
534	-16.9000	901.0000
535	-17.2250	900.0000
536	-17.0625	900.0000
537	-16.9000	901.0000
538	-17.0625	900.0000
539	-17.0625	900.0000
540	-17.0625	901.0000
541	-16.9000	901.0000
542	-16.5750	900.0000
543	-16.5750	901.0000
544	-17.0625	901.0000
545	-16.9000	900.0000
546	-16.9000	902.0000
547	-16.9000	901.0000
548	-16.9000	900.0000
549	-16.9000	900.0000
550	-16.9000	901.0000
551	-16.7375	899.0000
552	-16.4125	900.0000
553	-16.5750	901.0000
554	-16.5750	900.0000
555	-18.5250	900.0000
556	-16.7375	901.0000
557	-16.7375	900.0000
558	-16.5750	900.0000
559	-16.9000	901.0000
560	-16.5750	900.0000
561	-16.7375	900.0000
562	-16.5750	901.0000
563	-16.7375	900.0000
564	-16.5750	900.0000
565	-16.7375	901.0000
566	-16.7375	901.0000
567	-16.7375	900.0000
568	-16.5750	901.0000
569	-16.5750	901.0000
570	-16.5750	900.0000
571	-16.7375	901.0000
572	-16.5750	901.0000
573	-16.5750	900.0000
574	-16.5750	901.0000
575	-16.5750	901.0000
576	-16.4125	900.0000
577	-16.4125	901.0000
578	-16.4125	901.0000
579	-16.2500	900.0000
580	-16.2500	900.0000
581	-16.2500	900.0000
582	-16.2500	900.0000
583	-16.0875	900.0000
584	-16.2500	901.0000
585	-16.4125	900.0000
586	-16.2500	900.0000
587	-16.2500	901.0000
588	-16.0875	901.0000
589	-16.2500	900.0000
590	-16.0875	901.0000
591	-16.2500	901.0000
592	-16.0875	900.0000
593	-16.0875	901.0000
594	-15.9250	901.0000
595	-16.2500	900.0000
596	-16.0875	900.0000
597	-16.0875	901.0000
598	-15.6000	900.0000
599	-15.6000	900.0000
600	-15.7625	901.0000
601	-15.6000	898.0000
602	-15.6000	900.0000
603	-15.6000	902.0000
604	-15.4375	900.0000
605	-15.4375	900.0000
606	-15.7625	901.0000
607	-15.6000	900.0000
608	-15.6000	900.0000
609	-15.4375	902.0000
610	-15.6000	900.0000
611	-15.6000	900.0000
612	-15.4375	902.0000
613	-15.2750	901.0000
614	-15.2750	900.0000
615	-15.2750	901.0000
616	-15.4375	902.0000
617	-15.2750	900.0000
618	-15.1125	901.0000
619	-15.2750	902.0000
620	-15.2750	900.0000
621	-15.1125	901.0000
622	-14.9500	901.0000
623	-14.9500	900.0000
624	-14.9500	901.0000
625	-14.9500	901.0000
626	-14.7875	900.0000
627	-14.6250	900.0000
628	-14.7875	901.0000
629	-14.7875	900.0000
630	-14.7875	900.0000
631	-14.6250	901.0000
632	-14.6250	900.0000
633	-14.6250	900.0000
634	-14.6250	901.0000
635	-14.7875	904.0000
636	-14.6250	900.0000
637	-14.4625	902.0000
638	-14.4625	901.0000
639	-14.4625	900.0000
640	-14.3000	901.0000
641	-14.3000	899.0000
642	-14.4625	900.0000
643	-14.1375	901.0000
644	-14.3000	901.0000
645	-14.3000	900.0000
646	-14.1375	901.0000
647	-13.9750	901.0000
648	-13.9750	900.0000
649	-13.8125	900.0000
650	-13.9750	901.0000
651	-13.9750	900.0000
652	-13.6500	900.0000
653	-13.8125	901.0000
654	-13.6500	900.0000
655	-13.8125	900.0000
656	-13.4875	901.0000
657	-13.3250	900.0000
658	-13.4875	900.0000
659	-13.9750	901.0000
660	-13.4875	901.0000
661	-13.3250	900.0000
662	-13.0000	901.0000
663	-13.0000	901.0000
664	-12.8375	900.0000
665	-12.8375	901.0000
666	-12.6750	901.0000
667	-12.8375	900.0000
668	-12.1875	901.0000
669	-12.1875	903.0000
670	-11.8625	900.0000
671	-11.0500	900.0000
672	-10.7250	902.0000
673	-10.2375	900.0000
674	-9.9125	900.0000
675	-9.1000	901.0000
676	-8.7750	900.0000
677	-8.2875	900.0000
678	-7.8000	901.0000
679	-6.9875	901.0000
680	-6.3375	900.0000
681	-5.6875	902.0000
682	-5.0375	900.0000
683	-4.3875	900.0000
684	-3.5750	902.0000
685	-2.7625	901.0000
686	-2.2750	900.0000
687	-1.6250	901.0000
688	-0.6500	902.0000
689	0.1625	900.0000
690	0.9750	901.0000
691	1.7875	901.0000
692	2.7625	900.0000
693	3.4125	901.0000
694	4.7125	901.0000
695	5.8500	901.0000
696	6.8250	901.0000
697	7.9625	901.0000
698	8.6125	900.0000
699	10.0750	900.0000
700	11.3750	902.0000
701	12.8375	900.0000
702	13.8125	900.0000
703	14.9500	901.0000
704	16.0875	901.0000
705	17.5500	900.0000
706	18.8500	902.0000
707	20.1500	901.0000
708	21.4500	900.0000
709	22.7500	901.0000
710	24.2125	905.0000
711	25.6750	900.0000
712	26.9750	901.0000
713	28.2750	901.0000
714	29.9000	900.0000
715	31.2000	901.0000
716	32.6625	901.0000
717	34.1250	900.0000
718	35.5875	901.0000
719	37.2125	902.0000
720	38.8375	900.0000
721	40.3000	901.0000
722	41.6000	902.0000
723	43.2250	900.0000
724	44.6875	900.0000
725	46.1500	902.0000
726	47.7750	901.0000
727	49.4000	900.0000
728	51.0250	902.0000
729	52.4875	901.0000
730	54.2750	900.0000
731	55.5750	902.0000
732	57.3625	901.0000
733	58.9875	900.0000
734	60.4500	901.0000
735	62.0750	902.0000
736	63.7000	900.0000
737	65.1625	901.0000
738	66.7875	902.0000
739	68.9000	897.0000
740	70.0375	901.0000
741	71.6625	902.0000
742	73.2875	900.0000
743	75.2375	901.0000
744	76.8625	902.0000
745	78.1625	901.0000
746	80.6000	901.0000
747	81.9000	903.0000
748	83.5250	901.0000
749	84.9875	901.0000
750	86.7750	902.0000
751	88.4000	902.0000
752	90.1875	901.0000
753	91.6500	902.0000
754	93.2750	902.0000
755	94.9000	901.0000
756	96.8500	902.0000
757	98.1500	902.0000
758	100.1000	901.0000
759	101.7250	902.0000
760	103.1875	902.0000
761	104.9750	901.0000
762	106.7625	902.0000
763	108.0625	902.0000
764	110.0125	901.0000
765	111.8000	901.0000
766	113.2625	902.0000
767	115.0500	899.0000
768	116.8375	901.0000
769	116.1875	902.0000
770	119.9250	901.0000
771	121.3875	901.0000
772	122.5250	902.0000
773	123.3375	902.0000
774	123.5000	901.0000
775	124.1500	902.0000
776	124.3125	902.0000
777	124.3125	901.0000
778	124.4750	902.0000
779	124.1500	906.0000
780	124.1500	901.0000
781	123.8250	902.0000
782	123.5000	903.0000
783	123.0125	901.0000
784	122.5250	902.0000
785	121.7125	902.0000
786	121.2250	901.0000
787	120.7375	902.0000
788	119.9250	902.0000
789	119.2750	901.0000
790	118.3000	902.0000
791	117.8125	902.0000
792	116.8375	901.0000
793	116.0250	901.0000
794	115.0500	902.0000
795	113.9125	901.0000
796	112.7750	901.0000
797	111.8000	902.0000
798	111.1500	901.0000
799	110.0125	900.0000
800	108.8750	902.0000
801	107.9000	901.0000
802	106.6000	901.0000
803	105.6250	902.0000
804	104.3250	902.0000
805	103.1875	901.0000
806	101.7250	902.0000
807	100.9125	902.0000
808	100.1000	901.0000
809	98.6375	902.0000
810	97.6625	902.0000
811	96.2000	900.0000
812	95.0625	901.0000
813	93.7625	902.0000
814	92.6250	901.0000
815	91.1625	901.0000
816	90.1875	902.0000
817	88.7250	900.0000
818	87.5875	901.0000
819	86.1250	902.0000
820	84.8250	901.0000
821	83.3625	901.0000
822	82.0625	902.0000
823	80.7625	901.0000
824	79.3000	900.0000
825	78.0000	902.0000
826	77.0250	901.0000
827	75.5625	900.0000
828	74.2625	902.0000
829	72.6375	901.0000
830	71.1750	902.0000
831	69.7125	901.0000
832	68.2500	901.0000
833	66.9500	900.0000
834	65.4875	901.0000
835	64.1875	902.0000
836	62.8875	900.0000
837	61.5875	901.0000
838	59.9625	901.0000
839	58.8250	897.0000
840	57.2000	897.0000
841	55.5750	889.0000
842	54.1125	893.0000
843	52.3250	890.0000
844	51.3500	892.0000
845	50.2125	892.0000
846	48.7500	895.0000
847	47.2875	892.0000
848	45.9875	894.0000
849	44.3625	897.0000
850	42.7375	901.0000
851	41.4375	898.0000
852	40.1375	899.0000
853	38.6750	901.0000
854	37.3750	900.0000
855	36.2375	899.0000
856	34.4500	900.0000
857	33.1500	900.0000
858	31.6875	899.0000
859	30.2250	900.0000
860	28.7625	901.0000
861	27.4625	899.0000
862	26.1625	901.0000
863	24.8625	901.0000
864	23.8875	899.0000
865	22.5875	900.0000
866	21.2875	901.0000
867	20.1500	900.0000
868	19.1750	899.0000
869	18.0375	899.0000
870	16.9000	897.0000
871	16.0875	898.0000
872	15.2750	900.0000
873	14.1375	894.0000
874	13.4875	901.0000
875	12.5125	899.0000
876	11.8625	900.0000
877	11.0500	899.0000
878	10.7250	901.0000
879	10.0750	899.0000
880	10.2375	898.0000
881	10.0750	899.0000
882	9.9125	897.0000
883	9.7500	895.0000
884	9.7500	897.0000
885	9.4250	899.0000
886	9.2625	898.0000
887	8.9375	898.0000
888	8.7750	895.0000
889	8.7750	895.0000
890	9.1000	898.0000
891	8.7750	899.0000
892	8.7750	899.0000
893	8.7750	899.0000
894	8.6125	900.0000
895	8.4500	900.0000
896	8.4500	899.0000
897	8.4500	900.0000
898	8.6125	899.0000
899	8.4500	899.0000
900	8.6125	900.0000
901	8.2875	900.0000
902	8.1250	899.0000
903	8.4500	900.0000
904	8.1250	900.0000
905	7.9625	899.0000
906	7.9625	901.0000
907	7.8000	901.0000
908	7.8000	899.0000
909	7.8000	900.0000
910	7.9625	901.0000
911	7.8000	899.0000
912	5.3625	900.0000
913	7.6375	900.0000
914	7.8000	899.0000
915	7.8000	900.0000
916	7.8000	901.0000
917	7.3125	898.0000
918	7.3125	884.0000
919	7.6375	889.0000
920	7.4750	887.0000
921	7.4750	890.0000
922	7.3125	896.0000
923	7.3125	897.0000
924	7.3125	896.0000
925	7.4750	899.0000
926	7.4750	899.0000
927	7.3125	897.0000
928	7.1500	898.0000
929	7.1500	897.0000
930	7.1500	889.0000
931	6.9875	891.0000
932	7.1500	893.0000
933	7.1500	892.0000
934	7.3125	893.0000
935	7.3125	896.0000
936	6.9875	896.0000
937	6.9875	897.0000
938	6.9875	899.0000
939	6.8250	899.0000
940	6.8250	899.0000
941	6.8250	901.0000
942	6.6625	900.0000
943	6.9875	900.0000
944	6.9875	901.0000
945	6.9875	901.0000
946	6.8250	900.0000
947	6.8250	902.0000
948	6.8250	901.0000
949	6.8250	900.0000
950	6.6625	902.0000
951	6.8250	902.0000
952	6.8250	900.0000
953	6.5000	902.0000
954	6.5000	902.0000
955	6.5000	900.0000
956	6.3375	902.0000
957	6.3375	902.0000
958	6.3375	900.0000
959	6.1750	901.0000
960	6.6625	902.0000
961	6.5000	901.0000
962	6.5000	901.0000
963	6.1750	902.0000
964	6.5000	901.0000
965	6.3375	901.0000
966	6.3375	902.0000
967	6.3375	901.0000
968	6.1750	901.0000
969	6.1750	902.0000
970	6.3375	901.0000
971	6.0125	900.0000
972	6.1750	902.0000
973	6.1750	902.0000
974	6.3375	901.0000
975	6.1750	902.0000
976	6.0125	902.0000
977	6.1750	900.0000
978	6.0125	901.0000
979	5.8500	902.0000
980	6.1750	900.0000
981	6.3375	901.0000
982	6.1750	902.0000
983	6.0125	900.0000
984	5.8500	901.0000
985	5.8500	902.0000
986	6.0125	900.0000
987	5.8500	901.0000
988	5.8500	902.0000
989	5.8500	901.0000
990	6.0125	901.0000
991	6.0125	902.0000
992	6.0125	901.0000
993	5.8500	900.0000
994	5.6875	902.0000
995	5.5250	900.0000
996	5.8500	901.0000
997	5.8500	902.0000
998	5.8500	902.0000
999	5.8500	899.0000
1000	5.8500	902.0000
1001	5.5250	902.0000
1002	5.6875	900.0000
1003	5.6875	902.0000
1004	5.5250	902.0000
1005	5.8500	900.0000
1006	5.8500	901.0000
1007	5.6875	903.0000
1008	5.3625	901.0000
1009	5.5250	901.0000
1010	5.6875	901.0000
1011	5.5250	901.0000
1012	5.5250	901.0000
1013	5.5250	902.0000
1014	5.5250	901.0000
1015	5.5250	901.0000
1016	5.6875	902.0000
1017	5.5250	901.0000
1018	5.5250	900.0000
1019	5.3625	902.0000
1020	5.3625	900.0000
1021	5.5250	901.0000
1022	5.5250	902.0000
1023	5.3625	902.0000
#28808
0	5.0375	904.0000
1	5.5250	904.0000
2	5.5250	906.0000
3	5.8500	904.0000
4	5.8500	905.0000
5	5.6875	906.0000
6	5.6875	905.0000
7	5.5250	905.0000
8	5.5250	909.0000
9	5.5250	906.0000
10	5.3625	905.0000
11	5.5250	906.0000
12	5.5250	906.0000
13	5.5250	903.0000
14	5.3625	906.0000
15	5.3625	906.0000
16	5.5250	905.0000
17	5.5250	906.0000
18	5.6875	906.0000
19	5.3625	905.0000
20	5.5250	906.0000
21	5.5250	906.0000
22	5.6875	905.0000
23	5.6875	905.0000
24	5.6875	907.0000
25	5.6875	905.0000
26	5.5250	905.0000
27	5.6875	907.0000
28	5.5250	905.0000
29	5.6875	905.0000
30	5.5250	907.0000
31	5.3625	906.0000
32	5.5250	906.0000
33	5.2000	907.0000
34	5.3625	907.0000
35	5.3625	906.0000
36	5.3625	907.0000
37	5.2000	907.0000
38	5.0375	906.0000
39	5.2000	907.0000
40	5.3625	907.0000
41	5.2000	905.0000
42	5.2000	907.0000
43	5.2000	907.0000
44	5.2000	905.0000
45	4.8750	907.0000
46	5.0375	907.0000
47	5.0375	906.0000
48	5.2000	906.0000
49	5.2000	907.0000
50	5.0375	906.0000
51	5.0375	906.0000
52	5.2000	908.0000
53	5.0375	907.0000
54	5.0375	907.0000
55	5.0375	908.0000
56	4.7125	907.0000
57	5.0375	907.0000
58	4.8750	907.0000
59	4.8750	907.0000
60	4.8750	906.0000
61	4.8750	908.0000
62	4.8750	908.0000
63	4.8750	907.0000
64	4.5500	908.0000
65	4.7125	908.0000
66	4.8750	906.0000
67	4.5500	907.0000
68	4.3875	908.0000
69	4.5500	906.0000
70	4.7125	907.0000
71	4.5500	908.0000
72	4.5500	907.0000
73	4.5500	907.0000
74	4.8750	908.0000
75	4.7125	907.0000
76	4.5500	907.0000
77	4.3875	908.0000
78	4.3875	907.0000
79	4.3875	907.0000
80	4.3875	908.0000
81	4.3875	907.0000
82	4.2250	907.0000
83	4.3875	908.0000
84	4.5500	908.0000
85	4.5500	907.0000
86	4.2250	908.0000
87	4.0625	908.0000
88	4.2250	907.0000
89	4.0625	908.0000
90	4.2250	908.0000
91	4.2250	907.0000
92	4.2250	908.0000
93	4.2250	908.0000
94	4.0625	907.0000
95	4.0625	908.0000
96	4.0625	909.0000
97	3.9000	907.0000
98	4.2250	908.0000
99	4.2250	908.0000
100	4.0625	907.0000
101	4.0625	908.0000
102	3.9000	909.0000
103	3.5750	908.0000
104	3.5750	908.0000
105	3.5750	908.0000
106	3.5750	908.0000
107	3.5750	907.0000
108	3.7375	909.0000
109	3.5750	908.0000
110	3.5750	907.0000
111	3.7375	907.0000
112	3.4125	910.0000
113	3.4125	908.0000
114	3.4125	909.0000
115	3.2500	909.0000
116	3.4125	908.0000
117	3.2500	909.0000
118	3.0875	909.0000
119	3.2500	908.0000
120	3.0875	909.0000
121	3.0875	909.0000
122	2.9250	908.0000
123	3.0875	908.0000
124	3.0875	909.0000
125	3.2500	908.0000
126	3.0875	908.0000
127	2.9250	910.0000
128	2.6000	908.0000
129	2.6000	908.0000
130	2.6000	909.0000
131	2.6000	908.0000
132	2.7625	908.0000
133	1.7875	910.0000
134	2.4375	909.0000
135	2.2750	908.0000
136	2.2750	909.0000
137	2.1125	909.0000
138	2.1125	909.0000
139	2.2750	909.0000
140	2.1125	909.0000
141	1.7875	909.0000
142	1.7875	910.0000
143	1.7875	910.0000
144	1.7875	908.0000
145	1.6250	910.0000
146	1.6250	910.0000
147	1.7875	908.0000
148	1.3000	909.0000
149	1.3000	910.0000
150	1.1375	908.0000
151	1.1375	909.0000
152	0.9750	910.0000
153	0.8125	911.0000
154	0.6500	909.0000
155	0.4875	910.0000
156	0.3250	910.0000
157	-0.3250	908.0000
158	-0.4875	910.0000
159	-0.9750	910.0000
160	-1.7875	909.0000
161	-1.9500	911.0000
162	-2.2750	910.0000
163	-2.7625	909.0000
164	-3.2500	910.0000
165	-4.0625	910.0000
166	-4.5500	909.0000
167	-5.2000	910.0000
168	-5.8500	910.0000
169	-6.5000	909.0000
170	-7.1500	910.0000
171	-7.6375	910.0000
172	-8.6125	909.0000
173	-9.5875	910.0000
174	-10.4000	910.0000
175	-10.8875	909.0000
176	-11.7000	909.0000
177	-12.5125	911.0000
178	-13.4875	910.0000
179	-14.4625	910.0000
180	-15.2750	911.0000
181	-16.4125	910.0000
182	-16.9000	910.0000
183	-18.2000	911.0000
184	-19.3375	910.0000
185	-20.4750	909.0000
186	-21.4500	911.0000
187	-22.5875	911.0000
188	-24.2125	910.0000
189	-25.5125	911.0000
190	-26.0000	910.0000
191	-27.4625	910.0000
192	-28.7625	911.0000
193	-30.2250	911.0000
194	-31.3625	910.0000
195	-32.8250	911.0000
196	-33.9625	911.0000
197	-35.2625	910.0000
198	-36.7250	910.0000
199	-38.0250	911.0000
200	-39.6500	910.0000
201	-40.9500	910.0000
202	-42.4125	911.0000
203	-43.7125	910.0000
204	-45.0125	910.0000
205	-46.6375	911.0000
206	-48.2625	911.0000
207	-49.7250	910.0000
208	-51.1875	911.0000
209	-52.6500	910.0000
210	-54.1125	910.0000
211	-56.2250	911.0000
212	-57.3625	911.0000
213	-58.6625	910.0000
214	-60.1250	911.0000
215	-61.7500	911.0000
216	-63.3750	910.0000
217	-65.0000	911.0000
218	-66.4625	911.0000
219	-67.9250	910.0000
220	-69.5500	911.0000
221	-71.1750	911.0000
222	-72.8000	910.0000
223	-74.2625	911.0000
224	-75.8875	912.0000
225	-77.6750	910.0000
226	-79.1375	911.0000
227	-80.6000	912.0000
228	-82.0625	911.0000
229	-84.0125	911.0000
230	-85.6375	913.0000
231	-87.1000	911.0000
232	-88.7250	911.0000
233	-90.5125	912.0000
234	-92.1375	911.0000
235	-93.6000	911.0000
236	-95.2250	912.0000
237	-96.6875	911.0000
238	-98.4750	911.0000
239	-100.1000	913.0000
240	-101.8875	913.0000
241	-103.3500	912.0000
242	-104.8125	913.0000
243	-106.4375	912.0000
244	-108.0625	911.0000
245	-109.8500	911.0000
246	-111.4750	911.0000
247	-113.4250	911.0000
248	-114.5625	911.0000
249	-116.3500	912.0000
250	-118.1375	911.0000
251	-119.6000	912.0000
252	-121.5500	912.0000
253	-123.0125	911.0000
254	-124.3125	912.0000
255	-126.1000	912.0000
256	-127.8875	911.0000
257	-129.5125	912.0000
258	-130.8125	913.0000
259	-132.2750	911.0000
260	-133.2500	911.0000
261	-133.9000	913.0000
262	-134.2250	912.0000
263	-134.7125	911.0000
264	-134.8750	913.0000
265	-135.3625	913.0000
266	-135.2000	912.0000
267	-135.0375	914.0000
268	-134.7125	912.0000
269	-134.7125	911.0000
270	-134.2250	913.0000
271	-133.7375	913.0000
272	-132.9250	912.0000
273	-132.4375	913.0000
274	-131.7875	912.0000
275	-131.3000	911.0000
276	-130.3250	912.0000
277	-129.6750	913.0000
278	-128.8625	909.0000
279	-127.8875	914.0000
280	-127.2375	915.0000
281	-126.5875	911.0000
282	-125.4500	912.0000
283	-124.6375	913.0000
284	-123.8250	912.0000
285	-122.5250	911.0000
286	-121.7125	913.0000
287	-120.5750	911.0000
288	-119.6000	911.0000
289	-118.4625	912.0000
290	-117.1625	911.0000
291	-116.3500	915.0000
292	-115.2125	916.0000
293	-114.2375	914.0000
294	-112.9375	913.0000
295	-111.9625	914.0000
296	-110.6625	914.0000
297	-109.5250	911.0000
298	-108.2250	913.0000
299	-106.9250	913.0000
300	-105.7875	914.0000
301	-104.8125	914.0000
302	-103.5125	915.0000
303	-102.2125	912.0000
304	-101.0750	914.0000
305	-99.7750	914.0000
306	-98.6375	915.0000
307	-97.5000	915.0000
308	-95.7125	915.0000
309	-94.2500	913.0000
310	-93.2750	914.0000
311	-91.8125	914.0000
312	-90.5125	913.0000
313	-89.3750	911.0000
314	-87.9125	913.0000
315	-86.6125	913.0000
316	-85.1500	913.0000
317	-83.8500	913.0000
318	-82.3875	911.0000
319	-81.2500	912.0000
320	-79.9500	915.0000
321	-78.6500	912.0000
322	-77.3500	912.0000
323	-75.8875	911.0000
324	-74.4250	911.0000
325	-72.9625	911.0000
326	-71.5000	915.0000
327	-70.3625	913.0000
328	-68.9000	910.0000
329	-67.6000	912.0000
330	-66.3000	917.0000
331	-64.6750	913.0000
332	-63.5375	913.0000
333	-62.2375	913.0000
334	-60.4500	911.0000
335	-59.1500	912.0000
336	-57.8500	915.0000
337	-56.3875	909.0000
338	-54.9250	911.0000
339	-53.6250	912.0000
340	-52.3250	911.0000
341	-50.8625	912.0000
342	-49.5625	914.0000
343	-47.9375	915.0000
344	-46.6375	916.0000
345	-45.1750	916.0000
346	-44.0375	915.0000
347	-42.5750	914.0000
348	-41.1125	916.0000
349	-39.8125	915.0000
350	-38.6750	914.0000
351	-37.2125	915.0000
352	-35.9125	915.0000
353	-34.9375	914.0000
354	-33.4750	917.0000
355	-32.5000	916.0000
356	-31.2000	914.0000
357	-30.2250	915.0000
358	-29.2500	915.0000
359	-28.2750	914.0000
360	-27.4625	915.0000
361	-26.6500	915.0000
362	-25.8375	915.0000
363	-25.0250	915.0000
364	-24.2125	913.0000
365	-23.7250	911.0000
366	-22.9125	911.0000
367	-22.5875	914.0000
368	-22.2625	914.0000
369	-21.9375	914.0000
370	-21.9375	915.0000
371	-22.4250	915.0000
372	-22.2625	915.0000
373	-21.2875	917.0000
374	-21.2875	916.0000
375	-21.4500	908.0000
376	-21.1250	913.0000
377	-21.2875	914.0000
378	-20.9625	913.0000
379	-20.9625	914.0000
380	-21.2875	915.0000
381	-20.9625	914.0000
382	-20.4750	915.0000
383	-20.8000	915.0000
384	-20.4750	914.0000
385	-20.3125	915.0000
386	-20.1500	916.0000
387	-20.1500	915.0000
388	-19.9875	915.0000
389	-20.1500	914.0000
390	-19.8250	913.0000
391	-19.9875	914.0000
392	-19.9875	916.0000
393	-19.9875	915.0000
394	-19.9875	914.0000
395	-19.8250	915.0000
396	-19.5000	915.0000
397	-19.5000	915.0000
398	-19.6625	918.0000
399	-19.5000	915.0000
400	-19.6625	916.0000
401	-19.6625	910.0000
402	-19.5000	911.0000
403	-19.6625	911.0000
404	-19.5000	913.0000
405	-19.3375	913.0000
406	-19.1750	913.0000
407	-19.1750	914.0000
408	-19.1750	915.0000
409	-19.1750	914.0000
410	-19.5000	913.0000
411	-19.1750	914.0000
412	-19.1750	913.0000
413	-19.1750	913.0000
414	-19.1750	915.0000
415	-19.0125	915.0000
416	-19.0125	914.0000
417	-19.1750	917.0000
418	-19.0125	909.0000
419	-18.8500	911.0000
420	-18.8500	913.0000
421	-18.8500	905.0000
422	-18.6875	912.0000
423	-18.6875	901.0000
424	-19.0125	902.0000
425	-18.8500	896.0000
426	-19.1750	906.0000
427	-18.6875	907.0000
428	-18.5250	909.0000
429	-18.8500	911.0000
430	-18.6875	912.0000
431	-18.6875	912.0000
432	-18.5250	915.0000
433	-18.5250	915.0000
434	-18.5250	914.0000
435	-18.5250	913.0000
436	-18.5250	912.0000
437	-18.3625	912.0000
438	-18.5250	914.0000
439	-18.3625	914.0000
440	-18.5250	912.0000
441	-18.2000	916.0000
442	-18.3625	915.0000
443	-18.2000	912.0000
444	-18.3625	913.0000
445	-18.3625	911.0000
446	-18.2000	913.0000
447	-18.2000	913.0000
448	-18.2000	908.0000
449	-18.3625	914.0000
450	-18.2000	914.0000
451	-18.3625	916.0000
452	-17.8750	910.0000
453	-17.8750	913.0000
454	-17.7125	915.0000
455	-18.0375	912.0000
456	-17.8750	912.0000
457	-17.8750	911.0000
458	-17.7125	912.0000
459	-17.7125	913.0000
460	-17.7125	915.0000
461	-17.7125	916.0000
462	-18.0375	915.0000
463	-17.8750	916.0000
464	-17.8750	917.0000
465	-17.8750	915.0000
466	-17.7125	916.0000
467	-17.7125	916.0000
468	-17.5500	915.0000
469	-17.5500	916.0000
470	-17.7125	917.0000
471	-17.7125	915.0000
472	-17.7125	916.0000
473	-17.7125	915.0000
474	-17.7125	914.0000
475	-17.5500	915.0000
476	-17.5500	919.0000
477	-17.3875	916.0000
478	-17.3875	916.0000
479	-17.5500	917.0000
480	-17.7125	917.0000
481	-17.5500	916.0000
482	-17.3875	917.0000
483	-17.5500	916.0000
484	-17.3875	916.0000
485	-17.3875	918.0000
486	-17.2250	917.0000
487	-17.5500	916.0000
488	-17.5500	918.0000
489	-18.0375	918.0000
490	-18.0375	917.0000
491	-17.8750	917.0000
492	-17.5500	918.0000
493	-17.5500	913.0000
494	-17.3875	916.0000
495	-17.3875	916.0000
496	-17.3875	915.0000
497	-17.3875	917.0000
498	-17.3875	916.0000
499	-17.5500	917.0000
500	-17.5500	917.0000
501	-17.3875	917.0000
502	-17.5500	917.0000
503	-17.3875	917.0000
504	-17.3875	918.0000
505	-17.3875	916.0000
506	-17.3875	910.0000
507	-17.2250	910.0000
508	-17.3875	908.0000
509	-17.5500	909.0000
510	-17.2250	913.0000
511	-17.2250	912.0000
512	-17.2250	913.0000
513	-17.5500	915.0000
514	-17.0625	919.0000
515	-17.2250	914.0000
516	-17.0625	916.0000
517	-17.2250	913.0000
518	-17.2250	910.0000
519	-17.3875	918.0000
520	-17.2250	918.0000
521	-17.3875	914.0000
522	-17.0625	916.0000
523	-17.0625	917.0000
524	-16.9000	916.0000
525	-16.9000	914.0000
526	-17.3875	917.0000
527	-16.9000	916.0000
528	-16.9000	916.0000
529	-16.9000	918.0000
530	-16.9000	918.0000
531	-17.2250	921.0000
532	-17.2250	921.0000
533	-17.0625	920.0000
534	-17.2250	919.0000
535	-17.2250	920.0000
536	-17.0625	916.0000
537	-17.0625	913.0000
538	-17.2250	918.0000
539	-16.9000	916.0000
540	-16.9000	918.0000
541	-17.0625	919.0000
542	-17.0625	918.0000
543	-16.9000	921.0000
544	-17.2250	922.0000
545	-17.0625	920.0000
546	-16.9000	919.0000
547	-16.9000	921.0000
548	-16.7375	919.0000
549	-16.9000	917.0000
550	-16.9000	918.0000
551	-16.9000	919.0000
552	-16.9000	907.0000
553	-17.3875	912.0000
554	-17.2250	913.0000
555	-16.9000	914.0000
556	-16.9000	915.0000
557	-16.9000	917.0000
558	-16.9000	919.0000
559	-16.7375	918.0000
560	-16.9000	918.0000
561	-16.7375	918.0000
562	-16.9000	921.0000
563	-16.9000	922.0000
564	-16.7375	920.0000
565	-16.4125	918.0000
566	-16.4125	919.0000
567	-16.5750	922.0000
568	-16.5750	920.0000
569	-16.7375	923.0000
570	-16.7375	922.0000
571	-16.7375	920.0000
572	-16.7375	919.0000
573	-16.7375	920.0000
574	-16.4125	920.0000
575	-16.4125	921.0000
576	-16.5750	921.0000
577	-16.7375	919.0000
578	-16.4125	924.0000
579	-16.5750	921.0000
580	-16.4125	919.0000
581	-16.4125	919.0000
582	-16.4125	919.0000
583	-16.2500	918.0000
584	-16.2500	918.0000
585	-16.2500	915.0000
586	-16.2500	912.0000
587	-16.2500	915.0000
588	-16.2500	917.0000
589	-16.2500	917.0000
590	-16.2500	917.0000
591	-16.2500	918.0000
592	-16.2500	898.0000
593	-16.2500	904.0000
594	-16.0875	907.0000
595	-16.2500	903.0000
596	-16.2500	905.0000
597	-16.0875	910.0000
598	-15.9250	912.0000
599	-15.9250	913.0000
600	-15.7625	917.0000
601	-15.6000	918.0000
602	-15.9250	917.0000
603	-15.7625	919.0000
604	-15.7625	919.0000
605	-16.0875	919.0000
606	-16.0875	919.0000
607	-16.0875	920.0000
608	-15.7625	919.0000
609	-16.0875	919.0000
610	-15.6000	920.0000
611	-15.7625	919.0000
612	-15.4375	920.0000
613	-15.6000	920.0000
614	-15.6000	920.0000
615	-15.7625	921.0000
616	-15.6000	922.0000
617	-15.6000	921.0000
618	-15.6000	916.0000
619	-15.2750	919.0000
620	-15.4375	918.0000
621	-15.4375	917.0000
622	-15.6000	920.0000
623	-15.4375	918.0000
624	-15.2750	914.0000
625	-15.2750	914.0000
626	-15.2750	914.0000
627	-15.2750	914.0000
628	-15.1125	914.0000
629	-14.7875	913.0000
630	-14.9500	914.0000
631	-15.2750	916.0000
632	-14.9500	919.0000
633	-14.9500	910.0000
634	-14.9500	913.0000
635	-14.9500	915.0000
636	-14.7875	916.0000
637	-14.9500	918.0000
638	-14.7875	919.0000
639	-14.7875	919.0000
640	-14.7875	920.0000
641	-14.4625	920.0000
642	-14.4625	920.0000
643	-14.4625	920.0000
644	-14.3000	920.0000
645	-14.4625	921.0000
646	-14.1375	921.0000
647	-14.1375	921.0000
648	-14.4625	919.0000
649	-14.1375	919.0000
650	-14.1375	923.0000
651	-14.1375	922.0000
652	-13.9750	921.0000
653	-14.4625	923.0000
654	-14.1375	922.0000
655	-13.8125	921.0000
656	-13.6500	922.0000
657	-13.6500	922.0000
658	-13.6500	921.0000
659	-13.6500	922.0000
660	-13.6500	922.0000
661	-13.3250	921.0000
662	-13.3250	922.0000
663	-13.3250	922.0000
664	-13.3250	921.0000
665	-12.8375	921.0000
666	-12.8375	922.0000
667	-12.5125	921.0000
668	-12.0250	921.0000
669	-11.8625	922.0000
670	-11.5375	921.0000
671	-11.3750	921.0000
672	-10.8875	922.0000
673	-10.4000	920.0000
674	-10.0750	920.0000
675	-9.1000	919.0000
676	-8.9375	919.0000
677	-8.2875	918.0000
678	-7.4750	921.0000
679	-7.1500	921.0000
680	-6.5000	920.0000
681	-5.8500	921.0000
682	-5.0375	919.0000
683	-4.0625	919.0000
684	-3.7375	920.0000
685	-3.0875	921.0000
686	-2.6000	921.0000
687	-1.6250	921.0000
688	-0.8125	921.0000
689	0.0000	905.0000
690	0.8125	909.0000
691	1.7875	912.0000
692	2.7625	914.0000
693	3.7375	914.0000
694	4.7125	918.0000
695	5.6875	917.0000
696	6.6625	919.0000
697	7.6375	920.0000
698	8.6125	917.0000
699	10.0750	916.0000
700	11.3750	919.0000
701	12.5125	920.0000
702	13.6500	920.0000
703	15.1125	921.0000
704	16.2500	922.0000
705	17.0625	920.0000
706	18.8500	922.0000
707	20.1500	925.0000
708	21.4500	919.0000
709	22.9125	916.0000
710	24.3750	914.0000
711	25.6750	913.0000
712	26.9750	916.0000
713	28.4375	917.0000
714	29.7375	919.0000
715	31.3625	922.0000
716	32.6625	924.0000
717	34.1250	924.0000
718	35.5875	924.0000
719	37.0500	924.0000
720	38.6750	923.0000
721	40.1375	923.0000
722	41.7625	925.0000
723	43.2250	923.0000
724	44.6875	923.0000
725	46.1500	924.0000
726	47.9375	922.0000
727	49.4000	923.0000
728	50.8625	924.0000
729	52.4875	924.0000
730	54.1125	925.0000
731	55.5750	926.0000
732	57.2000	924.0000
733	58.8250	924.0000
734	60.4500	925.0000
735	61.9125	924.0000
736	63.7000	922.0000
737	65.4875	923.0000
738	67.1125	924.0000
739	68.7375	922.0000
740	70.5250	923.0000
741	71.9875	925.0000
742	73.6125	923.0000
743	74.9125	924.0000
744	76.8625	923.0000
745	78.3250	923.0000
746	80.1125	924.0000
747	81.7375	924.0000
748	83.5250	924.0000
749	85.1500	924.0000
750	86.6125	925.0000
751	88.4000	924.0000
752	90.0250	924.0000
753	91.8125	925.0000
754	93.4375	926.0000
755	95.0625	925.0000
756	96.5250	926.0000
757	96.6875	922.0000
758	99.6125	919.0000
759	101.4000	920.0000
760	103.1875	920.0000
761	104.9750	920.0000
762	106.7625	922.0000
763	108.3875	923.0000
764	110.0125	921.0000
765	111.6375	919.0000
766	113.1000	921.0000
767	115.0500	918.0000
768	116.8375	921.0000
769	118.6250	921.0000
770	119.9250	921.0000
771	121.2250	923.0000
772	122.3625	927.0000
773	123.0125	921.0000
774	123.6625	924.0000
775	123.9875	924.0000
776	124.1500	924.0000
777	124.3125	924.0000
778	123.9875	925.0000
779	124.4750	922.0000
780	124.1500	923.0000
781	123.6625	926.0000
782	123.5000	924.0000
783	122.8500	924.0000
784	122.0375	926.0000
785	121.7125	925.0000
786	121.2250	926.0000
787	120.5750	926.0000
788	119.6000	927.0000
789	119.1125	925.0000
790	118.4625	926.0000
791	117.3250	927.0000
792	116.5125	926.0000
793	115.7000	926.0000
794	114.5625	922.0000
795	113.7500	922.0000
796	112.7750	922.0000
797	111.9625	924.0000
798	110.8250	924.0000
799	109.8500	925.0000
800	108.5500	924.0000
801	107.4125	924.0000
802	106.6000	924.0000
803	105.4625	927.0000
804	104.3250	926.0000
805	103.1875	924.0000
806	102.0500	925.0000
807	100.9125	924.0000
808	99.7750	924.0000
809	98.6375	923.0000
810	97.3375	922.0000
811	96.2000	923.0000
812	95.0625	926.0000
813	93.7625	925.0000
814	92.4625	923.0000
815	91.1625	925.0000
816	89.8625	925.0000
817	88.5625	925.0000
818	87.4250	926.0000
819	85.8000	926.0000
820	84.6625	924.0000
821	51.8375	925.0000
822	81.7375	924.0000
823	79.9500	923.0000
824	78.9750	924.0000
825	77.5125	924.0000
826	66.7875	924.0000
827	74.5875	925.0000
828	73.6125	926.0000
829	72.3125	924.0000
830	70.6875	926.0000
831	69.7125	927.0000
832	68.0875	925.0000
833	66.6250	925.0000
834	65.3250	927.0000
835	63.8625	926.0000
836	62.5625	925.0000
837	61.1000	925.0000
838	59.8000	925.0000
839	58.3375	922.0000
840	56.8750	922.0000
841	55.7375	922.0000
842	54.2750	921.0000
843	52.8125	924.0000
844	51.5125	922.0000
845	50.0500	923.0000
846	48.7500	924.0000
847	46.9625	925.0000
848	45.6625	923.0000
849	44.2000	924.0000
850	42.5750	924.0000
851	41.4375	922.0000
852	39.9750	924.0000
853	38.6750	925.0000
854	37.0500	924.0000
855	35.7500	924.0000
856	34.1250	923.0000
857	32.6625	923.0000
858	31.5250	925.0000
859	30.0625	927.0000
860	28.9250	926.0000
861	27.4625	924.0000
862	26.0000	925.0000
863	24.8625	924.0000
864	23.7250	925.0000
865	22.2625	927.0000
866	21.1250	929.0000
867	19.9875	928.0000
868	19.0125	928.0000
869	18.0375	927.0000
870	16.9000	926.0000
871	15.9250	927.0000
872	14.9500	926.0000
873	14.1375	925.0000
874	13.1625	927.0000
875	12.3500	927.0000
876	11.7000	926.0000
877	11.0500	925.0000
878	10.4000	926.0000
879	10.0750	927.0000
880	9.7500	925.0000
881	9.7500	925.0000
882	9.5875	926.0000
883	5.5250	926.0000
884	8.9375	926.0000
885	8.6125	925.0000
886	8.6125	925.0000
887	8.4500	926.0000
888	8.4500	924.0000
889	8.2875	925.0000
890	8.2875	923.0000
891	8.2875	923.0000
892	8.4500	918.0000
893	8.4500	924.0000
894	8.4500	921.0000
895	8.2875	922.0000
896	8.1250	924.0000
897	8.4500	923.0000
898	8.2875	925.0000
899	8.2875	925.0000
900	8.2875	926.0000
901	8.1250	925.0000
902	8.1250	925.0000
903	8.1250	926.0000
904	7.9625	923.0000
905	7.8000	924.0000
906	7.8000	926.0000
907	7.9625	926.0000
908	7.9625	927.0000
909	7.6375	927.0000
910	7.8000	926.0000
911	7.8000	924.0000
912	7.6375	925.0000
913	7.4750	926.0000
914	7.8000	925.0000
915	7.8000	926.0000
916	7.6375	925.0000
917	7.4750	921.0000
918	7.4750	924.0000
919	5.5250	924.0000
920	6.8250	924.0000
921	7.3125	926.0000
922	7.3125	926.0000
923	7.1500	924.0000
924	6.9875	928.0000
925	7.3125	928.0000
926	7.1500	927.0000
927	6.9875	926.0000
928	7.1500	926.0000
929	6.9875	926.0000
930	6.9875	926.0000
931	6.8250	927.0000
932	6.8250	919.0000
933	6.8250	908.0000
934	6.9875	902.0000
935	6.8250	905.0000
936	6.6625	909.0000
937	6.6625	915.0000
938	6.6625	918.0000
939	6.8250	919.0000
940	6.8250	922.0000
941	6.8250	918.0000
942	6.8250	921.0000
943	6.5000	906.0000
944	6.8250	911.0000
945	6.5000	904.0000
946	6.5000	892.0000
947	6.5000	876.0000
948	6.5000	889.0000
949	6.5000	897.0000
950	6.5000	904.0000
951	6.3375	908.0000
952	6.3375	908.0000
953	6.3375	913.0000
954	6.3375	916.0000
955	6.1750	919.0000
956	5.8500	921.0000
957	5.6875	917.0000
958	6.1750	904.0000
959	6.0125	909.0000
960	6.1750	892.0000
961	6.1750	898.0000
962	6.0125	905.0000
963	5.8500	906.0000
964	6.0125	909.0000
965	6.0125	915.0000
966	6.3375	911.0000
967	6.3375	914.0000
968	6.1750	919.0000
969	6.1750	920.0000
970	6.1750	915.0000
971	6.1750	919.0000
972	6.1750	922.0000
973	6.0125	916.0000
974	6.1750	904.0000
975	6.0125	899.0000
976	6.1750	902.0000
977	6.1750	902.0000
978	6.1750	901.0000
979	6.0125	907.0000
980	6.0125	912.0000
981	5.8500	918.0000
982	5.6875	918.0000
983	5.8500	918.0000
984	5.8500	921.0000
985	5.8500	922.0000
986	5.8500	922.0000
987	6.0125	923.0000
988	5.8500	909.0000
989	5.8500	913.0000
990	5.6875	906.0000
991	5.6875	906.0000
992	5.8500	911.0000
993	5.8500	913.0000
994	5.8500	915.0000
995	5.8500	917.0000
996	5.6875	911.0000
997	5.5250	911.0000
998	5.6875	914.0000
999	5.6875	919.0000
1000	5.6875	921.0000
1001	5.6875	922.0000
1002	5.6875	924.0000
1003	5.6875	927.0000
1004	6.0125	926.0000
1005	5.8500	927.0000
1006	5.6875	928.0000
1007	5.5250	927.0000
1008	5.6875	928.0000
1009	5.6875	929.0000
1010	5.5250	928.0000
1011	5.5250	928.0000
1012	5.6875	929.0000
1013	5.5250	929.0000
1014	5.5250	928.0000
1015	5.5250	930.0000
1016	5.5250	929.0000
1017	5.6875	929.0000
1018	5.5250	930.0000
1019	5.5250	930.0000
1020	5.5250	928.0000
1021	5.5250	929.0000
1022	5.5250	930.0000
1023	5.6875	929.0000
#28808
