# Viernes 31 de Enero de 2018
# Medida Efecto Kerr Magneto óptico
# Muestra Co 1-x Rux 18%
# Polarizadores LPVI050 ThorLabs
# Láser polarizado 500 mWatts
# Photodiodo vtb 6061
# ángulo de reflexión aproximado 55°
# eje del polarizador en S (60°)
# eje de extinción del analizador 92°
# intensidad en la extinción 131 mV 
# intensidad en 97°: 2189 mV
# delay 10 ms
# azimutal a 45°
#	7.31	2218.96
#	6.66	2218.96
#	7.96	2218.96
#	7.31	2223.85
#	6.99	2218.96
#	7.31	2223.85
#	7.31	2218.96
#	7.31	2218.96
#	7.31	2218.96
#	7.64	2223.85
#	-2.11	2218.96
#	0.98	2218.96
0	7.9625	454.0000
1	9.1000	454.0000
2	8.7750	454.0000
3	9.2625	454.0000
4	9.1000	454.0000
5	8.9375	454.0000
6	8.7750	454.0000
7	9.1000	454.0000
8	8.9375	454.0000
9	9.1000	454.0000
10	8.9375	454.0000
11	9.1000	455.0000
12	9.1000	453.0000
13	9.1000	454.0000
14	8.6125	454.0000
15	5.6875	454.0000
16	8.9375	454.0000
17	9.1000	454.0000
18	8.9375	454.0000
19	8.7750	454.0000
20	8.7750	454.0000
21	8.6125	454.0000
22	8.6125	454.0000
23	8.7750	454.0000
24	8.9375	454.0000
25	8.6125	454.0000
26	8.6125	454.0000
27	8.6125	454.0000
28	8.4500	454.0000
29	8.6125	454.0000
30	8.7750	454.0000
31	8.9375	453.0000
32	8.7750	454.0000
33	8.7750	454.0000
34	8.7750	454.0000
35	8.6125	454.0000
36	8.7750	454.0000
37	8.7750	454.0000
38	8.6125	454.0000
39	7.8000	454.0000
40	8.6125	454.0000
41	8.2875	454.0000
42	8.2875	454.0000
43	8.4500	454.0000
44	8.2875	454.0000
45	8.4500	454.0000
46	8.2875	455.0000
47	8.2875	454.0000
48	8.2875	454.0000
49	7.9625	453.0000
50	8.1250	454.0000
51	7.9625	454.0000
52	7.8000	457.0000
53	7.9625	455.0000
54	7.8000	454.0000
55	7.9625	454.0000
56	7.6375	453.0000
57	7.8000	454.0000
58	7.6375	454.0000
59	8.1250	454.0000
60	7.8000	454.0000
61	7.6375	454.0000
62	7.6375	455.0000
63	6.6625	454.0000
64	7.6375	454.0000
65	7.1500	454.0000
66	7.3125	454.0000
67	6.9875	454.0000
68	7.3125	454.0000
69	7.4750	454.0000
70	7.3125	454.0000
71	6.9875	454.0000
72	6.5000	454.0000
73	7.1500	454.0000
74	-1.7875	454.0000
75	6.8250	454.0000
76	6.5000	455.0000
77	6.5000	454.0000
78	6.3375	454.0000
79	6.1750	454.0000
80	6.1750	454.0000
81	6.1750	454.0000
82	6.1750	455.0000
83	6.1750	451.0000
84	6.0125	453.0000
85	6.1750	454.0000
86	6.0125	454.0000
87	5.8500	454.0000
88	5.2000	454.0000
89	5.8500	455.0000
90	5.5250	454.0000
91	5.8500	454.0000
92	6.0125	454.0000
93	5.8500	454.0000
94	5.8500	454.0000
95	5.2000	454.0000
96	5.6875	454.0000
97	5.6875	454.0000
98	5.5250	455.0000
99	5.3625	454.0000
100	5.5250	454.0000
101	5.5250	451.0000
102	5.5250	454.0000
103	5.5250	454.0000
104	5.2000	454.0000
105	5.2000	454.0000
106	5.0375	454.0000
107	4.8750	454.0000
108	5.0375	454.0000
109	4.7125	454.0000
110	4.7125	454.0000
111	4.5500	454.0000
112	4.5500	454.0000
113	4.3875	454.0000
114	-2.1125	454.0000
115	4.5500	454.0000
116	4.7125	454.0000
117	4.5500	454.0000
118	4.3875	454.0000
119	4.2250	454.0000
120	3.9000	453.0000
121	4.0625	454.0000
122	3.7375	454.0000
123	3.4125	454.0000
124	3.2500	454.0000
125	3.0875	454.0000
126	3.4125	454.0000
127	3.5750	454.0000
128	3.4125	454.0000
129	3.4125	454.0000
130	-1.7875	453.0000
131	-0.6500	454.0000
132	2.1125	454.0000
133	2.1125	454.0000
134	2.1125	454.0000
135	1.7875	453.0000
136	1.7875	455.0000
137	1.6250	454.0000
138	1.6250	454.0000
139	1.4625	454.0000
140	1.3000	454.0000
141	1.1375	454.0000
142	0.8125	453.0000
143	0.4875	453.0000
144	0.3250	454.0000
145	0.8125	454.0000
146	0.3250	454.0000
147	0.0000	454.0000
148	-0.8125	454.0000
149	-1.4625	454.0000
150	-1.7875	454.0000
151	-2.6000	454.0000
152	-3.7375	454.0000
153	-4.7125	453.0000
154	-6.0125	454.0000
155	-6.9875	454.0000
156	-8.2875	455.0000
157	-9.5875	454.0000
158	-11.2125	454.0000
159	-12.5125	455.0000
160	-14.1375	454.0000
161	-15.6000	454.0000
162	-17.3875	455.0000
163	-19.0125	454.0000
164	-21.1250	454.0000
165	-22.5875	455.0000
166	-25.0250	454.0000
167	-29.2500	454.0000
168	-29.0875	454.0000
169	-31.0375	454.0000
170	-33.4750	454.0000
171	-35.5875	454.0000
172	-38.1875	454.0000
173	-40.1375	454.0000
174	-42.7375	454.0000
175	-45.0125	454.0000
176	-47.6125	454.0000
177	-50.3750	454.0000
178	-53.3000	454.0000
179	-55.4125	454.0000
180	-58.1750	454.0000
181	-60.7750	455.0000
182	-63.5375	454.0000
183	-66.3000	454.0000
184	-74.9125	454.0000
185	-77.5125	454.0000
186	-75.5625	454.0000
187	-78.4875	454.0000
188	-81.4125	454.0000
189	-84.1750	454.0000
190	-87.4250	454.0000
191	-90.1875	454.0000
192	-93.1125	455.0000
193	-96.6875	453.0000
194	-99.7750	453.0000
195	-102.8625	454.0000
196	-105.6250	454.0000
197	-108.3875	454.0000
198	-111.6375	454.0000
199	-114.8875	454.0000
200	-117.6500	455.0000
201	-120.9000	454.0000
202	-123.8250	454.0000
203	-127.2375	454.0000
204	-130.1625	453.0000
205	-133.5750	455.0000
206	-137.3125	453.0000
207	-140.0750	455.0000
208	-143.3250	454.0000
209	-149.8250	454.0000
210	-149.5000	455.0000
211	-153.2375	455.0000
212	-156.3250	455.0000
213	-159.9000	455.0000
214	-163.1500	455.0000
215	-170.4625	455.0000
216	-169.6500	454.0000
217	-172.7375	454.0000
218	-176.1500	455.0000
219	-179.8875	455.0000
220	-183.1375	455.0000
221	-186.5500	455.0000
222	-189.9625	454.0000
223	-193.2125	454.0000
224	-196.6250	455.0000
225	-200.2000	455.0000
226	-203.6125	455.0000
227	-207.5125	455.0000
228	-210.7625	455.0000
229	-214.3375	454.0000
230	-217.7500	455.0000
231	-221.1625	455.0000
232	-224.7375	455.0000
233	-228.3125	455.0000
234	-232.5375	455.0000
235	-235.7875	455.0000
236	-239.3625	455.0000
237	-242.7750	455.0000
238	-246.5125	455.0000
239	-249.9250	454.0000
240	-253.6625	455.0000
241	-257.2375	455.0000
242	-260.8125	454.0000
243	-264.7125	455.0000
244	-268.2875	455.0000
245	-271.8625	455.0000
246	-275.6000	455.0000
247	-279.3375	455.0000
248	-282.9125	455.0000
249	-286.4875	455.0000
250	-290.2250	455.0000
251	-293.8000	455.0000
252	-296.8875	455.0000
253	-300.7875	455.0000
254	-304.3625	455.0000
255	-308.2625	455.0000
256	-311.6750	454.0000
257	-315.4125	455.0000
258	-318.9875	455.0000
259	-322.0750	455.0000
260	-324.8375	455.0000
261	-327.4375	455.0000
262	-329.5500	456.0000
263	-331.6625	455.0000
264	-333.1250	455.0000
265	-334.4250	455.0000
266	-335.4000	455.0000
267	-336.3750	455.0000
268	-337.3500	455.0000
269	-337.6750	455.0000
270	-338.1625	459.0000
271	-338.1625	455.0000
272	-338.4875	455.0000
273	-338.0000	456.0000
274	-337.8375	456.0000
275	-337.3500	455.0000
276	-336.7000	456.0000
277	-336.0500	455.0000
278	-335.2375	456.0000
279	-334.4250	455.0000
280	-333.2875	455.0000
281	-332.3125	455.0000
282	-331.1750	456.0000
283	-329.8750	455.0000
284	-328.7375	455.0000
285	-327.2750	455.0000
286	-325.8125	456.0000
287	-324.1875	455.0000
288	-322.7250	453.0000
289	-320.9375	455.0000
290	-319.1500	456.0000
291	-317.3625	455.0000
292	-315.7375	455.0000
293	-313.7875	455.0000
294	-311.8375	455.0000
295	-309.8875	455.0000
296	-310.5375	455.0000
297	-306.3125	455.0000
298	-305.8250	457.0000
299	-302.0875	454.0000
300	-299.8125	455.0000
301	-297.5375	455.0000
302	-295.4250	454.0000
303	-292.8250	455.0000
304	-290.3875	455.0000
305	-288.1125	455.0000
306	-285.6750	455.0000
307	-283.2375	455.0000
308	-280.6375	455.0000
309	-278.0375	455.0000
310	-275.6000	455.0000
311	-273.1625	455.0000
312	-270.5625	454.0000
313	-267.9625	455.0000
314	-265.0375	455.0000
315	-262.6000	454.0000
316	-259.8375	455.0000
317	-257.2375	455.0000
318	-254.1500	455.0000
319	-251.5500	452.0000
320	-248.6250	455.0000
321	-245.8625	455.0000
322	-242.9375	455.0000
323	-240.0125	454.0000
324	-237.2500	455.0000
325	-234.6500	455.0000
326	-231.4000	455.0000
327	-228.4750	455.0000
328	-226.3625	455.0000
329	-222.9500	454.0000
330	-219.8625	455.0000
331	-217.2625	455.0000
332	-213.6875	455.0000
333	-210.6000	454.0000
334	-207.5125	455.0000
335	-204.5875	455.0000
336	-201.3375	455.0000
337	-198.2500	455.0000
338	-195.3250	455.0000
339	-192.2375	455.0000
340	-188.9875	455.0000
341	-186.0625	454.0000
342	-182.9750	451.0000
343	-179.8875	455.0000
344	-176.3125	454.0000
345	-173.7125	455.0000
346	-169.8125	454.0000
347	-166.7250	454.0000
348	-163.3125	455.0000
349	-160.2250	455.0000
350	-157.4625	455.0000
351	-153.7250	454.0000
352	-151.1250	455.0000
353	-147.8750	454.0000
354	-144.6250	454.0000
355	-141.2125	454.0000
356	-138.1250	454.0000
357	-135.2000	454.0000
358	-131.7875	454.0000
359	-128.3750	454.0000
360	-124.9625	455.0000
361	-121.5500	454.0000
362	-118.4625	455.0000
363	-115.0500	454.0000
364	-111.6375	454.0000
365	-108.3875	454.0000
366	-105.1375	454.0000
367	-101.5625	454.0000
368	-98.3125	453.0000
369	-94.7375	453.0000
370	-91.8125	454.0000
371	-88.4000	454.0000
372	-85.1500	454.0000
373	-81.7375	451.0000
374	-78.1625	454.0000
375	-80.9250	454.0000
376	-71.8250	454.0000
377	-68.4125	454.0000
378	-65.1625	454.0000
379	-61.9125	453.0000
380	-58.8250	453.0000
381	-55.5750	454.0000
382	-52.4875	454.0000
383	-49.4000	454.0000
384	-46.8000	454.0000
385	-45.0125	454.0000
386	-43.7125	454.0000
387	-42.7375	454.0000
388	-41.6000	454.0000
389	-41.1125	454.0000
390	-40.3000	454.0000
391	-39.8125	454.0000
392	-39.8125	454.0000
393	-39.1625	453.0000
394	-38.5125	454.0000
395	-38.3500	454.0000
396	-38.1875	454.0000
397	-37.8625	454.0000
398	-37.7000	454.0000
399	-37.7000	455.0000
400	-37.7000	454.0000
401	-37.2125	454.0000
402	-37.2125	454.0000
403	-37.0500	454.0000
404	-36.5625	454.0000
405	-36.4000	453.0000
406	-36.4000	453.0000
407	-37.8625	454.0000
408	-36.4000	454.0000
409	-36.8875	454.0000
410	-36.7250	454.0000
411	-36.5625	454.0000
412	-36.5625	454.0000
413	-36.4000	454.0000
414	-36.5625	454.0000
415	-36.0750	454.0000
416	-36.0750	456.0000
417	-35.9125	454.0000
418	-35.9125	453.0000
419	-35.7500	453.0000
420	-35.7500	454.0000
421	-35.2625	454.0000
422	-35.1000	453.0000
423	-35.2625	454.0000
424	-35.1000	454.0000
425	-35.1000	454.0000
426	-35.1000	454.0000
427	-35.4250	454.0000
428	-35.2625	454.0000
429	-34.9375	454.0000
430	-34.9375	455.0000
431	-34.7750	453.0000
432	-34.7750	454.0000
433	-34.9375	454.0000
434	-34.4500	454.0000
435	-34.9375	454.0000
436	-34.2875	453.0000
437	-34.1250	454.0000
438	-34.2875	453.0000
439	-34.2875	454.0000
440	-33.9625	453.0000
441	-33.9625	454.0000
442	-34.1250	453.0000
443	-33.9625	453.0000
444	-33.9625	453.0000
445	-33.8000	454.0000
446	-33.8000	454.0000
447	-33.8000	454.0000
448	-33.6375	454.0000
449	-33.6375	454.0000
450	-33.4750	454.0000
451	-33.6375	454.0000
452	-33.4750	454.0000
453	-33.6375	454.0000
454	-33.3125	454.0000
455	-33.4750	453.0000
456	-33.3125	454.0000
457	-33.8000	454.0000
458	-33.6375	454.0000
459	-33.8000	455.0000
460	-33.6375	454.0000
461	-33.6375	454.0000
462	-33.4750	454.0000
463	-36.8875	454.0000
464	-33.4750	454.0000
465	-33.4750	454.0000
466	-33.3125	453.0000
467	-33.3125	454.0000
468	-33.1500	453.0000
469	-33.1500	454.0000
470	-33.4750	454.0000
471	-33.4750	454.0000
472	-33.3125	453.0000
473	-33.3125	453.0000
474	-33.1500	454.0000
475	-32.9875	454.0000
476	-32.9875	454.0000
477	-32.8250	454.0000
478	-32.9875	454.0000
479	-32.6625	454.0000
480	-32.1750	454.0000
481	-32.3375	453.0000
482	-32.6625	454.0000
483	-32.5000	454.0000
484	-32.8250	453.0000
485	-32.3375	454.0000
486	-32.3375	454.0000
487	-32.3375	454.0000
488	-32.1750	454.0000
489	-32.1750	454.0000
490	-32.1750	454.0000
491	-32.1750	454.0000
492	-32.5000	454.0000
493	-32.3375	454.0000
494	-32.3375	453.0000
495	-32.1750	454.0000
496	-32.3375	454.0000
497	-32.1750	454.0000
498	-32.3375	453.0000
499	-32.3375	454.0000
500	-32.0125	454.0000
501	-32.1750	454.0000
502	-32.1750	454.0000
503	-32.0125	454.0000
504	-31.8500	454.0000
505	-32.1750	453.0000
506	-32.1750	454.0000
507	-32.0125	454.0000
508	-31.8500	453.0000
509	-32.1750	454.0000
510	-32.0125	454.0000
511	-32.1750	454.0000
512	-32.0125	454.0000
513	-31.5250	451.0000
514	-31.8500	454.0000
515	-31.5250	453.0000
516	-31.5250	454.0000
517	-31.5250	454.0000
518	-31.6875	454.0000
519	-31.5250	452.0000
520	-31.8500	454.0000
521	-32.1750	454.0000
522	-32.0125	454.0000
523	-32.3375	454.0000
524	-31.8500	454.0000
525	-31.8500	454.0000
526	-31.6875	454.0000
527	-31.5250	453.0000
528	-31.5250	454.0000
529	-31.6875	453.0000
530	-31.3625	454.0000
531	-31.5250	454.0000
532	-31.5250	454.0000
533	-31.3625	454.0000
534	-31.6875	454.0000
535	-31.5250	454.0000
536	-31.5250	454.0000
537	-31.3625	454.0000
538	-31.5250	454.0000
539	-31.5250	454.0000
540	-31.5250	453.0000
541	-31.3625	453.0000
542	-31.6875	454.0000
543	-31.2000	454.0000
544	-31.2000	454.0000
545	-31.3625	454.0000
546	-31.3625	453.0000
547	-31.3625	454.0000
548	-31.3625	454.0000
549	-31.3625	454.0000
550	-31.3625	454.0000
551	-31.6875	454.0000
552	-31.3625	454.0000
553	-31.3625	454.0000
554	-31.0375	453.0000
555	-31.0375	452.0000
556	-31.0375	453.0000
557	-31.2000	454.0000
558	-31.0375	454.0000
559	-31.0375	454.0000
560	-31.0375	454.0000
561	-30.8750	454.0000
562	-31.2000	453.0000
563	-31.3625	454.0000
564	-30.8750	454.0000
565	-30.8750	453.0000
566	-30.8750	453.0000
567	-30.8750	454.0000
568	-30.8750	453.0000
569	-30.7125	455.0000
570	-30.7125	454.0000
571	-30.7125	454.0000
572	-30.3875	454.0000
573	-30.5500	455.0000
574	-34.7750	454.0000
575	-31.0375	454.0000
576	-31.0375	454.0000
577	-30.8750	454.0000
578	-30.8750	454.0000
579	-30.7125	454.0000
580	-30.5500	454.0000
581	-30.7125	453.0000
582	-30.3875	453.0000
583	-30.7125	454.0000
584	-30.5500	454.0000
585	-30.5500	454.0000
586	-30.3875	454.0000
587	-30.7125	453.0000
588	-30.3875	454.0000
589	-30.3875	454.0000
590	-29.9000	454.0000
591	-29.7375	454.0000
592	-29.9000	454.0000
593	-29.7375	453.0000
594	-29.7375	453.0000
595	-29.5750	453.0000
596	-29.5750	453.0000
597	-29.4125	454.0000
598	-29.7375	454.0000
599	-29.4125	454.0000
600	-29.4125	454.0000
601	-29.2500	454.0000
602	-29.2500	454.0000
603	-29.2500	453.0000
604	-32.6625	452.0000
605	-29.0875	453.0000
606	-29.2500	453.0000
607	-28.9250	454.0000
608	-28.7625	454.0000
609	-28.7625	454.0000
610	-28.6000	454.0000
611	-28.7625	454.0000
612	-28.6000	454.0000
613	-28.7625	454.0000
614	-28.6000	453.0000
615	-28.6000	453.0000
616	-28.4375	453.0000
617	-28.4375	453.0000
618	-27.9500	454.0000
619	-27.9500	453.0000
620	-27.9500	454.0000
621	-27.9500	453.0000
622	-27.9500	454.0000
623	-27.9500	454.0000
624	-27.6250	453.0000
625	-27.6250	454.0000
626	-27.6250	453.0000
627	-27.3000	454.0000
628	-27.1375	453.0000
629	-26.9750	453.0000
630	-27.6250	453.0000
631	-27.6250	454.0000
632	-27.4625	453.0000
633	-27.6250	453.0000
634	-27.4625	453.0000
635	-27.4625	454.0000
636	-27.4625	454.0000
637	-27.1375	454.0000
638	-26.9750	453.0000
639	-26.6500	454.0000
640	-26.4875	454.0000
641	-26.4875	454.0000
642	-26.4875	453.0000
643	-26.3250	454.0000
644	-25.6750	454.0000
645	-25.5125	454.0000
646	-25.3500	453.0000
647	-25.5125	454.0000
648	-25.1875	455.0000
649	-25.0250	454.0000
650	-25.0250	454.0000
651	-24.7000	454.0000
652	-24.7000	454.0000
653	-24.7000	454.0000
654	-24.3750	453.0000
655	-24.0500	453.0000
656	-23.8875	453.0000
657	-23.5625	454.0000
658	-23.2375	454.0000
659	-22.9125	454.0000
660	-22.4250	454.0000
661	-23.2375	453.0000
662	-21.1250	454.0000
663	-20.3125	454.0000
664	-19.5000	453.0000
665	-18.5250	454.0000
666	-17.5500	453.0000
667	-16.2500	453.0000
668	-15.1125	453.0000
669	-13.6500	454.0000
670	-12.1875	454.0000
671	-10.5625	453.0000
672	-8.9375	454.0000
673	-7.4750	452.0000
674	-5.8500	454.0000
675	-4.0625	453.0000
676	-2.2750	454.0000
677	-3.5750	453.0000
678	1.9500	451.0000
679	4.0625	454.0000
680	6.3375	453.0000
681	8.4500	453.0000
682	10.7250	453.0000
683	13.3250	454.0000
684	15.6000	454.0000
685	13.9750	454.0000
686	20.3125	454.0000
687	22.9125	454.0000
688	25.3500	454.0000
689	27.9500	453.0000
690	30.7125	454.0000
691	33.6375	454.0000
692	36.4000	453.0000
693	39.4875	453.0000
694	42.4125	453.0000
695	45.3375	454.0000
696	48.2625	454.0000
697	51.6750	454.0000
698	54.6000	454.0000
699	57.8500	454.0000
700	60.7750	451.0000
701	63.7000	454.0000
702	66.9500	454.0000
703	70.2000	453.0000
704	73.4500	454.0000
705	76.3750	454.0000
706	79.6250	454.0000
707	82.3875	453.0000
708	86.4500	454.0000
709	89.7000	454.0000
710	93.1125	454.0000
711	96.5250	454.0000
712	99.4500	454.0000
713	103.0250	453.0000
714	106.7625	451.0000
715	110.1750	454.0000
716	113.5875	453.0000
717	116.8375	454.0000
718	120.2500	454.0000
719	123.8250	454.0000
720	127.2375	454.0000
721	130.9750	453.0000
722	134.0625	455.0000
723	137.8000	454.0000
724	141.5375	454.0000
725	145.2750	454.0000
726	148.6875	454.0000
727	152.2625	453.0000
728	155.6750	454.0000
729	159.4125	454.0000
730	162.6625	454.0000
731	166.0750	454.0000
732	169.8125	454.0000
733	173.0625	454.0000
734	177.1250	455.0000
735	180.7000	457.0000
736	184.4375	454.0000
737	188.3375	454.0000
738	191.9125	454.0000
739	195.3250	454.0000
740	199.2250	454.0000
741	202.1500	454.0000
742	206.2125	454.0000
743	210.1125	454.0000
744	213.5250	454.0000
745	217.5875	454.0000
746	221.0000	454.0000
747	224.7375	454.0000
748	228.6375	454.0000
749	232.3750	455.0000
750	235.9500	455.0000
751	239.6875	454.0000
752	242.7750	453.0000
753	247.1625	454.0000
754	251.0625	454.0000
755	254.3125	454.0000
756	258.3750	454.0000
757	261.6250	454.0000
758	265.3625	454.0000
759	269.2625	454.0000
760	272.3500	455.0000
761	276.7375	455.0000
762	280.4750	454.0000
763	284.3750	455.0000
764	280.4750	454.0000
765	291.5250	454.0000
766	295.4250	454.0000
767	299.0000	454.0000
768	302.9000	455.0000
769	306.9625	455.0000
770	310.3750	455.0000
771	313.7875	455.0000
772	316.5500	455.0000
773	318.6625	454.0000
774	321.1000	455.0000
775	322.7250	455.0000
776	324.3500	454.0000
777	325.8125	454.0000
778	327.1125	454.0000
779	327.9250	455.0000
780	328.5750	455.0000
781	328.7375	455.0000
782	329.5500	455.0000
783	329.5500	455.0000
784	329.5500	455.0000
785	329.5500	455.0000
786	329.5500	455.0000
787	328.9000	455.0000
788	328.0875	452.0000
789	327.4375	455.0000
790	326.3000	455.0000
791	326.1375	455.0000
792	325.1625	455.0000
793	323.8625	455.0000
794	322.8875	454.0000
795	321.9125	455.0000
796	315.5750	455.0000
797	318.3375	455.0000
798	316.3875	455.0000
799	315.2500	455.0000
800	313.6250	455.0000
801	312.0000	455.0000
802	310.2125	454.0000
803	308.5875	454.0000
804	306.8000	454.0000
805	304.8500	454.0000
806	302.9000	454.0000
807	300.7875	454.0000
808	299.0000	454.0000
809	296.7250	455.0000
810	294.6125	455.0000
811	291.8500	455.0000
812	289.7375	455.0000
813	288.4375	454.0000
814	285.6750	455.0000
815	283.7250	454.0000
816	280.3125	454.0000
817	278.3625	454.0000
818	275.9250	454.0000
819	273.8125	455.0000
820	271.0500	455.0000
821	268.6125	455.0000
822	266.0125	454.0000
823	263.2500	454.0000
824	260.8125	454.0000
825	258.0500	454.0000
826	255.2875	454.0000
827	252.8500	455.0000
828	249.9250	455.0000
829	247.3250	454.0000
830	244.2375	454.0000
831	241.3125	454.0000
832	239.0375	454.0000
833	235.9500	454.0000
834	233.1875	454.0000
835	230.4250	454.0000
836	227.1750	454.0000
837	224.4125	454.0000
838	221.3250	454.0000
839	218.2375	454.0000
840	214.9875	453.0000
841	212.2250	454.0000
842	209.3000	455.0000
843	206.2125	454.0000
844	202.9625	453.0000
845	200.0375	455.0000
846	196.7875	455.0000
847	193.7000	454.0000
848	190.6125	454.0000
849	187.5250	454.0000
850	184.6000	455.0000
851	181.1875	453.0000
852	177.6125	454.0000
853	174.2000	454.0000
854	171.1125	454.0000
855	167.8625	454.0000
856	164.7750	454.0000
857	161.5250	454.0000
858	158.1125	455.0000
859	155.1875	457.0000
860	151.7750	454.0000
861	148.5250	454.0000
862	145.2750	454.0000
863	142.0250	454.0000
864	138.6125	454.0000
865	135.3625	453.0000
866	131.9500	453.0000
867	128.8625	454.0000
868	125.6125	454.0000
869	122.2000	454.0000
870	118.7875	454.0000
871	115.5375	454.0000
872	112.1250	454.0000
873	108.7125	453.0000
874	104.9750	454.0000
875	101.7250	454.0000
876	96.2000	454.0000
877	95.2250	454.0000
878	91.6500	453.0000
879	88.2375	453.0000
880	84.8250	454.0000
881	81.4125	456.0000
882	78.0000	454.0000
883	74.7500	454.0000
884	71.3375	454.0000
885	68.0875	454.0000
886	64.6750	453.0000
887	61.2625	454.0000
888	57.5250	453.0000
889	54.6000	454.0000
890	51.1875	454.0000
891	47.7750	454.0000
892	44.3625	453.0000
893	41.2750	454.0000
894	38.0250	454.0000
895	34.9375	454.0000
896	32.5000	452.0000
897	30.3875	454.0000
898	29.0875	454.0000
899	27.9500	454.0000
900	27.3000	453.0000
901	26.3250	454.0000
902	26.1625	454.0000
903	25.6750	454.0000
904	25.1875	453.0000
905	24.8625	454.0000
906	24.5375	454.0000
907	23.7250	453.0000
908	23.0750	453.0000
909	23.0750	453.0000
910	22.5875	454.0000
911	22.7500	454.0000
912	22.4250	454.0000
913	22.4250	454.0000
914	22.4250	453.0000
915	22.1000	454.0000
916	22.2625	454.0000
917	21.9375	454.0000
918	21.7750	454.0000
919	21.6125	454.0000
920	21.9375	454.0000
921	21.7750	454.0000
922	21.7750	454.0000
923	21.7750	454.0000
924	21.6125	454.0000
925	21.2875	454.0000
926	21.1250	453.0000
927	21.4500	454.0000
928	20.9625	454.0000
929	20.6375	454.0000
930	21.1250	454.0000
931	20.3125	454.0000
932	20.8000	454.0000
933	20.6375	454.0000
934	20.9625	454.0000
935	20.8000	454.0000
936	20.9625	455.0000
937	20.6375	453.0000
938	20.3125	455.0000
939	20.3125	453.0000
940	19.9875	453.0000
941	20.4750	454.0000
942	19.1750	454.0000
943	20.4750	454.0000
944	20.4750	454.0000
945	20.1500	453.0000
946	19.9875	454.0000
947	20.1500	456.0000
948	20.1500	454.0000
949	20.1500	454.0000
950	20.1500	454.0000
951	19.9875	453.0000
952	19.8250	453.0000
953	19.8250	453.0000
954	19.6625	454.0000
955	19.5000	454.0000
956	19.3375	453.0000
957	19.5000	454.0000
958	19.6625	454.0000
959	19.5000	454.0000
960	19.5000	454.0000
961	19.5000	454.0000
962	19.5000	453.0000
963	13.1625	454.0000
964	18.6875	453.0000
965	18.8500	456.0000
966	19.1750	454.0000
967	19.0125	454.0000
968	19.1750	454.0000
969	19.0125	453.0000
970	19.1750	453.0000
971	19.0125	454.0000
972	18.8500	454.0000
973	18.8500	454.0000
974	18.5250	454.0000
975	18.8500	454.0000
976	18.8500	454.0000
977	18.8500	453.0000
978	19.0125	454.0000
979	18.6875	453.0000
980	18.2000	454.0000
981	18.3625	453.0000
982	18.5250	454.0000
983	18.6875	453.0000
984	18.5250	454.0000
985	18.6875	454.0000
986	18.3625	454.0000
987	18.5250	453.0000
988	18.3625	454.0000
989	18.3625	456.0000
990	18.3625	453.0000
991	18.3625	454.0000
992	18.3625	453.0000
993	18.3625	454.0000
994	18.2000	454.0000
995	18.3625	453.0000
996	18.0375	454.0000
997	18.2000	456.0000
998	18.2000	454.0000
999	18.2000	454.0000
1000	18.2000	454.0000
1001	18.2000	453.0000
1002	18.2000	453.0000
1003	18.0375	454.0000
1004	17.7125	454.0000
1005	18.0375	454.0000
1006	17.8750	454.0000
1007	18.0375	454.0000
1008	18.0375	453.0000
1009	17.7125	454.0000
1010	17.3875	454.0000
1011	18.0375	451.0000
1012	17.8750	454.0000
1013	18.2000	453.0000
1014	17.8750	454.0000
1015	17.5500	454.0000
1016	17.7125	454.0000
1017	17.3875	453.0000
1018	17.7125	454.0000
1019	9.1000	454.0000
1020	11.7000	454.0000
1021	16.9000	454.0000
1022	16.9000	454.0000
1023	16.9000	454.0000

0	17.0625	453.0000
1	17.3875	453.0000
2	16.9000	454.0000
3	17.2250	453.0000
4	17.0625	454.0000
5	17.2250	454.0000
6	17.0625	454.0000
7	17.0625	454.0000
8	17.0625	453.0000
9	17.0625	454.0000
10	17.2250	454.0000
11	17.2250	453.0000
12	17.3875	457.0000
13	17.2250	453.0000
14	17.3875	454.0000
15	17.0625	454.0000
16	16.9000	454.0000
17	16.9000	454.0000
18	16.9000	454.0000
19	16.7375	453.0000
20	16.9000	454.0000
21	16.9000	454.0000
22	17.3875	457.0000
23	17.7125	454.0000
24	17.7125	454.0000
25	17.5500	453.0000
26	17.3875	453.0000
27	17.0625	454.0000
28	17.2250	454.0000
29	17.2250	454.0000
30	14.3000	454.0000
31	17.0625	455.0000
32	17.0625	454.0000
33	16.9000	453.0000
34	12.0250	457.0000
35	17.0625	454.0000
36	17.3875	454.0000
37	17.2250	454.0000
38	17.2250	453.0000
39	17.0625	454.0000
40	16.9000	454.0000
41	16.9000	454.0000
42	16.7375	454.0000
43	16.4125	454.0000
44	16.0875	454.0000
45	16.2500	454.0000
46	16.4125	454.0000
47	16.2500	454.0000
48	16.2500	454.0000
49	16.2500	453.0000
50	16.2500	453.0000
51	16.2500	454.0000
52	16.4125	454.0000
53	16.0875	454.0000
54	16.0875	453.0000
55	16.0875	454.0000
56	15.9250	454.0000
57	15.7625	454.0000
58	16.5750	454.0000
59	16.4125	454.0000
60	16.4125	454.0000
61	16.4125	454.0000
62	14.1375	454.0000
63	16.4125	454.0000
64	16.0875	454.0000
65	15.9250	454.0000
66	16.0875	454.0000
67	15.9250	453.0000
68	16.2500	454.0000
69	16.0875	454.0000
70	15.9250	454.0000
71	15.9250	454.0000
72	15.7625	454.0000
73	15.7625	453.0000
74	15.2750	454.0000
75	15.7625	453.0000
76	15.9250	453.0000
77	15.6000	454.0000
78	15.6000	454.0000
79	15.2750	454.0000
80	15.6000	454.0000
81	15.4375	453.0000
82	15.2750	454.0000
83	14.9500	454.0000
84	15.2750	454.0000
85	15.2750	454.0000
86	15.1125	454.0000
87	15.1125	453.0000
88	14.9500	453.0000
89	14.9500	454.0000
90	14.9500	454.0000
91	14.9500	454.0000
92	14.9500	454.0000
93	14.7875	453.0000
94	14.7875	454.0000
95	14.1375	454.0000
96	14.3000	454.0000
97	13.9750	454.0000
98	7.8000	453.0000
99	13.3250	454.0000
100	13.9750	453.0000
101	13.8125	454.0000
102	13.6500	454.0000
103	13.6500	455.0000
104	13.4875	454.0000
105	13.4875	454.0000
106	13.4875	454.0000
107	13.1625	454.0000
108	13.0000	454.0000
109	13.1625	454.0000
110	12.8375	454.0000
111	13.1625	454.0000
112	13.4875	453.0000
113	13.1625	454.0000
114	13.1625	454.0000
115	13.3250	454.0000
116	13.1625	454.0000
117	13.0000	453.0000
118	12.8375	454.0000
119	12.5125	454.0000
120	12.0250	454.0000
121	11.7000	454.0000
122	12.0250	453.0000
123	12.1875	454.0000
124	12.1875	453.0000
125	12.1875	453.0000
126	11.8625	454.0000
127	11.7000	454.0000
128	8.9375	454.0000
129	11.3750	454.0000
130	11.5375	453.0000
131	11.5375	454.0000
132	11.3750	454.0000
133	11.3750	454.0000
134	11.2125	454.0000
135	11.2125	454.0000
136	10.8875	454.0000
137	10.8875	454.0000
138	10.8875	454.0000
139	10.7250	454.0000
140	10.5625	454.0000
141	10.2375	454.0000
142	10.0750	454.0000
143	9.5875	454.0000
144	9.4250	454.0000
145	6.5000	454.0000
146	8.6125	454.0000
147	8.2875	454.0000
148	7.8000	456.0000
149	7.3125	454.0000
150	6.6625	454.0000
151	5.6875	454.0000
152	5.0375	454.0000
153	3.5750	454.0000
154	2.7625	454.0000
155	1.4625	454.0000
156	0.1625	454.0000
157	-1.1375	454.0000
158	-2.6000	454.0000
159	-4.0625	454.0000
160	-7.6375	454.0000
161	-7.4750	454.0000
162	-9.1000	454.0000
163	-11.0500	454.0000
164	-12.8375	454.0000
165	-14.9500	455.0000
166	-16.9000	455.0000
167	-19.1750	454.0000
168	-21.2875	455.0000
169	-24.0500	454.0000
170	-26.4875	454.0000
171	-28.7625	454.0000
172	-30.7125	454.0000
173	-33.3125	454.0000
174	-35.9125	454.0000
175	-39.0000	454.0000
176	-41.2750	454.0000
177	-44.0375	454.0000
178	-46.8000	454.0000
179	-49.4000	454.0000
180	-52.3250	455.0000
181	-55.2500	454.0000
182	-58.0125	454.0000
183	-60.9375	454.0000
184	-68.2500	454.0000
185	-67.1125	454.0000
186	-70.2000	453.0000
187	-72.9625	456.0000
188	-76.7000	454.0000
189	-79.1375	454.0000
190	-82.3875	454.0000
191	-85.6375	455.0000
192	-88.7250	454.0000
193	-91.8125	454.0000
194	-95.0625	454.0000
195	-98.1500	454.0000
196	-101.2375	454.0000
197	-104.6500	454.0000
198	-108.0625	454.0000
199	-111.4750	454.0000
200	-115.0500	454.0000
201	-117.9750	454.0000
202	-121.5500	454.0000
203	-124.8000	454.0000
204	-128.2125	454.0000
205	-131.4625	453.0000
206	-134.8750	454.0000
207	-138.4500	454.0000
208	-141.8625	454.0000
209	-148.8500	454.0000
210	-149.1750	454.0000
211	-152.7500	454.0000
212	-156.3250	454.0000
213	-159.5750	454.0000
214	-163.3125	454.0000
215	-166.5625	455.0000
216	-170.9500	454.0000
217	-173.7125	454.0000
218	-177.1250	454.0000
219	-180.3750	455.0000
220	-183.9500	455.0000
221	-187.5250	454.0000
222	-191.1000	454.0000
223	-194.6750	455.0000
224	-198.2500	455.0000
225	-201.6625	455.0000
226	-205.2375	454.0000
227	-208.4875	455.0000
228	-212.0625	455.0000
229	-216.7750	454.0000
230	-219.0500	455.0000
231	-222.7875	456.0000
232	-226.2000	455.0000
233	-229.7750	455.0000
234	-233.5125	454.0000
235	-236.7625	455.0000
236	-240.3375	455.0000
237	-244.2375	454.0000
238	-247.8125	455.0000
239	-251.5500	455.0000
240	-255.1250	456.0000
241	-258.5375	455.0000
242	-262.4375	456.0000
243	-266.1750	455.0000
244	-269.4250	455.0000
245	-273.1625	455.0000
246	-276.5750	455.0000
247	-280.3125	455.0000
248	-283.8875	455.0000
249	-287.3000	455.0000
250	-291.0375	455.0000
251	-294.7750	455.0000
252	-298.1875	455.0000
253	-301.9250	455.0000
254	-305.1750	455.0000
255	-309.0750	456.0000
256	-312.6500	455.0000
257	-316.3875	455.0000
258	-319.6375	455.0000
259	-323.0500	455.0000
260	-325.6500	454.0000
261	-328.2500	455.0000
262	-330.3625	455.0000
263	-331.9875	455.0000
264	-333.6125	455.0000
265	-338.9750	456.0000
266	-336.5375	455.0000
267	-337.3500	455.0000
268	-338.0000	455.0000
269	-338.3250	456.0000
270	-338.9750	455.0000
271	-338.9750	455.0000
272	-338.8125	455.0000
273	-338.6500	455.0000
274	-338.1625	456.0000
275	-337.8375	455.0000
276	-337.1875	456.0000
277	-337.0250	455.0000
278	-336.0500	456.0000
279	-334.9125	455.0000
280	-333.7750	455.0000
281	-332.4750	455.0000
282	-331.5000	456.0000
283	-330.2000	456.0000
284	-328.9000	455.0000
285	-332.1500	456.0000
286	-325.8125	455.0000
287	-324.6750	455.0000
288	-322.7250	456.0000
289	-321.5875	456.0000
290	-319.6375	455.0000
291	-317.8500	456.0000
292	-315.7375	455.0000
293	-314.1125	455.0000
294	-312.0000	455.0000
295	-314.6000	455.0000
296	-307.9375	455.0000
297	-305.8250	455.0000
298	-303.7125	455.0000
299	-301.4375	455.0000
300	-299.1625	455.0000
301	-297.0500	455.0000
302	-294.7750	455.0000
303	-292.3375	455.0000
304	-290.0625	455.0000
305	-287.6250	455.0000
306	-285.3500	455.0000
307	-283.2375	455.0000
308	-280.9625	455.0000
309	-278.0375	455.0000
310	-276.5750	455.0000
311	-272.8375	455.0000
312	-270.5625	455.0000
313	-267.6375	455.0000
314	-265.6875	455.0000
315	-262.6000	455.0000
316	-259.8375	455.0000
317	-257.0750	455.0000
318	-254.1500	455.0000
319	-251.3875	455.0000
320	-252.6875	455.0000
321	-246.5125	455.0000
322	-243.4250	455.0000
323	-240.6625	456.0000
324	-237.9000	455.0000
325	-234.9750	455.0000
326	-231.8875	455.0000
327	-230.9125	455.0000
328	-226.0375	455.0000
329	-223.1125	455.0000
330	-220.1875	454.0000
331	-217.1000	455.0000
332	-214.1750	455.0000
333	-211.0875	454.0000
334	-207.8375	455.0000
335	-204.9125	455.0000
336	-201.8250	455.0000
337	-198.9000	452.0000
338	-195.8125	454.0000
339	-192.2375	455.0000
340	-189.3125	454.0000
341	-186.2250	455.0000
342	-183.3000	455.0000
343	-180.0500	455.0000
344	-176.8000	455.0000
345	-173.7125	454.0000
346	-170.4625	454.0000
347	-167.2125	455.0000
348	-163.8000	454.0000
349	-160.8750	455.0000
350	-157.7875	454.0000
351	-154.5375	455.0000
352	-151.2875	454.0000
353	-148.2000	455.0000
354	-152.2625	454.0000
355	-141.7000	454.0000
356	-138.1250	455.0000
357	-135.0375	455.0000
358	-131.6250	454.0000
359	-128.5375	455.0000
360	-124.8000	454.0000
361	-121.7125	454.0000
362	-118.6250	454.0000
363	-115.2125	454.0000
364	-111.9625	455.0000
365	-108.5500	454.0000
366	-104.9750	454.0000
367	-101.8875	454.0000
368	-98.4750	454.0000
369	-95.0625	454.0000
370	-91.9750	454.0000
371	-88.5625	454.0000
372	-85.1500	453.0000
373	-81.7375	454.0000
374	-78.6500	454.0000
375	-75.5625	454.0000
376	-72.1500	454.0000
377	-68.9000	455.0000
378	-65.8125	454.0000
379	-62.2375	454.0000
380	-58.8250	454.0000
381	-55.7375	454.0000
382	-52.8125	454.0000
383	-49.7250	454.0000
384	-47.4500	454.0000
385	-45.3375	454.0000
386	-44.0375	454.0000
387	-42.7375	454.0000
388	-42.0875	454.0000
389	-41.6000	455.0000
390	-42.5750	455.0000
391	-40.4625	454.0000
392	-40.1375	454.0000
393	-39.8125	455.0000
394	-39.1625	454.0000
395	-38.6750	455.0000
396	-43.5500	454.0000
397	-38.5125	454.0000
398	-38.3500	454.0000
399	-38.0250	454.0000
400	-37.7000	454.0000
401	-37.5375	454.0000
402	-37.3750	454.0000
403	-37.3750	454.0000
404	-36.8875	454.0000
405	-36.8875	454.0000
406	-36.8875	454.0000
407	-36.7250	454.0000
408	-36.5625	454.0000
409	-37.8625	455.0000
410	-36.4000	454.0000
411	-36.2375	454.0000
412	-35.9125	454.0000
413	-35.9125	454.0000
414	-35.9125	455.0000
415	-35.9125	454.0000
416	-36.0750	454.0000
417	-35.5875	454.0000
418	-35.5875	454.0000
419	-35.4250	454.0000
420	-35.5875	454.0000
421	-35.2625	454.0000
422	-35.5875	455.0000
423	-35.5875	452.0000
424	-35.5875	454.0000
425	-35.1000	454.0000
426	-35.5875	454.0000
427	-35.7500	454.0000
428	-35.4250	454.0000
429	-35.5875	455.0000
430	-35.4250	454.0000
431	-38.8375	455.0000
432	-35.2625	454.0000
433	-35.4250	454.0000
434	-35.2625	453.0000
435	-35.1000	453.0000
436	-35.1000	455.0000
437	-34.9375	453.0000
438	-34.9375	454.0000
439	-34.7750	454.0000
440	-34.7750	454.0000
441	-34.6125	454.0000
442	-34.4500	454.0000
443	-34.1250	454.0000
444	-34.2875	454.0000
445	-34.2875	454.0000
446	-34.1250	455.0000
447	-33.9625	454.0000
448	-33.9625	454.0000
449	-34.1250	454.0000
450	-33.4750	454.0000
451	-33.6375	454.0000
452	-33.6375	454.0000
453	-33.8000	455.0000
454	-33.6375	455.0000
455	-33.8000	454.0000
456	-33.9625	454.0000
457	-33.8000	454.0000
458	-33.6375	455.0000
459	-33.4750	454.0000
460	-33.4750	455.0000
461	-33.4750	454.0000
462	-33.3125	454.0000
463	-33.3125	455.0000
464	-33.1500	454.0000
465	-34.4500	455.0000
466	-33.1500	454.0000
467	-33.3125	454.0000
468	-33.1500	454.0000
469	-33.1500	454.0000
470	-33.3125	454.0000
471	-32.9875	454.0000
472	-33.1500	454.0000
473	-32.9875	454.0000
474	-32.9875	454.0000
475	-32.6625	454.0000
476	-32.9875	455.0000
477	-32.8250	454.0000
478	-32.6625	455.0000
479	-32.9875	454.0000
480	-33.1500	452.0000
481	-32.9875	455.0000
482	-32.9875	454.0000
483	-32.8250	454.0000
484	-32.6625	454.0000
485	-32.6625	455.0000
486	-32.5000	454.0000
487	-34.2875	455.0000
488	-32.9875	454.0000
489	-32.9875	454.0000
490	-33.1500	454.0000
491	-32.9875	454.0000
492	-33.1500	454.0000
493	-33.1500	454.0000
494	-32.9875	454.0000
495	-32.8250	454.0000
496	-32.9875	454.0000
497	-32.8250	454.0000
498	-32.9875	454.0000
499	-32.8250	452.0000
500	-32.6625	455.0000
501	-32.6625	455.0000
502	-32.8250	454.0000
503	-32.5000	455.0000
504	-32.5000	454.0000
505	-32.1750	454.0000
506	-32.5000	454.0000
507	-32.3375	454.0000
508	-32.1750	454.0000
509	-32.1750	454.0000
510	-32.3375	454.0000
511	-32.1750	454.0000
512	-32.1750	454.0000
513	-32.6625	454.0000
514	-32.6625	455.0000
515	-32.5000	454.0000
516	-32.1750	454.0000
517	-32.0125	454.0000
518	-32.3375	454.0000
519	-32.3375	454.0000
520	-32.3375	455.0000
521	-32.5000	455.0000
522	-32.1750	454.0000
523	-32.1750	454.0000
524	-32.1750	454.0000
525	-32.3375	454.0000
526	-32.5000	455.0000
527	-32.1750	454.0000
528	-32.0125	454.0000
529	-32.0125	454.0000
530	-32.0125	455.0000
531	-32.0125	454.0000
532	-32.1750	454.0000
533	-32.1750	453.0000
534	-32.3375	454.0000
535	-32.0125	454.0000
536	-32.0125	453.0000
537	-32.1750	454.0000
538	-31.8500	454.0000
539	-32.0125	454.0000
540	-31.8500	455.0000
541	-31.8500	455.0000
542	-31.6875	455.0000
543	-32.0125	455.0000
544	-32.0125	455.0000
545	-32.0125	455.0000
546	-32.0125	454.0000
547	-32.1750	454.0000
548	-32.0125	454.0000
549	-32.0125	454.0000
550	-32.0125	455.0000
551	-32.1750	455.0000
552	-32.0125	454.0000
553	-32.0125	454.0000
554	-32.0125	454.0000
555	-32.0125	455.0000
556	-31.5250	454.0000
557	-31.5250	454.0000
558	-31.2000	454.0000
559	-31.5250	455.0000
560	-31.5250	454.0000
561	-31.5250	454.0000
562	-31.3625	454.0000
563	-31.3625	455.0000
564	-31.2000	455.0000
565	-31.6875	454.0000
566	-31.3625	455.0000
567	-31.0375	454.0000
568	-31.2000	455.0000
569	-31.0375	451.0000
570	-31.2000	454.0000
571	-30.8750	455.0000
572	-30.7125	454.0000
573	-30.7125	454.0000
574	-30.8750	454.0000
575	-30.7125	455.0000
576	-33.6375	455.0000
577	-32.0125	455.0000
578	-30.5500	454.0000
579	-30.5500	454.0000
580	-30.2250	455.0000
581	-30.5500	454.0000
582	-30.0625	455.0000
583	-30.3875	454.0000
584	-30.3875	454.0000
585	-30.2250	454.0000
586	-30.2250	454.0000
587	-30.2250	454.0000
588	-30.3875	454.0000
589	-30.0625	455.0000
590	-30.3875	455.0000
591	-30.0625	454.0000
592	-29.7375	454.0000
593	-29.7375	455.0000
594	-29.7375	454.0000
595	-29.4125	454.0000
596	-29.7375	454.0000
597	-29.5750	454.0000
598	-34.6125	454.0000
599	-29.5750	454.0000
600	-29.2500	455.0000
601	-29.5750	455.0000
602	-29.5750	454.0000
603	-29.4125	455.0000
604	-29.2500	454.0000
605	-29.4125	454.0000
606	-29.2500	454.0000
607	-29.4125	454.0000
608	-28.9250	455.0000
609	-29.4125	454.0000
610	-28.9250	454.0000
611	-28.9250	454.0000
612	-28.7625	455.0000
613	-28.6000	455.0000
614	-28.6000	455.0000
615	-28.6000	455.0000
616	-28.7625	454.0000
617	-28.4375	455.0000
618	-28.4375	455.0000
619	-28.2750	454.0000
620	-28.6000	455.0000
621	-28.2750	454.0000
622	-28.1125	454.0000
623	-27.9500	454.0000
624	-27.7875	455.0000
625	-27.6250	455.0000
626	-27.6250	454.0000
627	-27.6250	454.0000
628	-27.3000	454.0000
629	-27.4625	455.0000
630	-27.3000	454.0000
631	-27.4625	454.0000
632	-27.3000	454.0000
633	-27.1375	454.0000
634	-26.9750	454.0000
635	-27.1375	454.0000
636	-26.8125	454.0000
637	-26.6500	455.0000
638	-26.6500	454.0000
639	-26.6500	455.0000
640	-26.4875	455.0000
641	-26.3250	455.0000
642	-26.4875	455.0000
643	-26.1625	454.0000
644	-26.8125	454.0000
645	-26.0000	454.0000
646	-26.3250	454.0000
647	-26.0000	455.0000
648	-26.1625	454.0000
649	-26.0000	455.0000
650	-26.0000	455.0000
651	-25.8375	455.0000
652	-28.4375	455.0000
653	-25.3500	454.0000
654	-25.1875	454.0000
655	-25.1875	454.0000
656	-24.7000	454.0000
657	-24.5375	455.0000
658	-24.2125	454.0000
659	-23.7250	454.0000
660	-23.2375	454.0000
661	-22.7500	454.0000
662	-21.9375	455.0000
663	-21.2875	455.0000
664	-19.9875	454.0000
665	-19.0125	455.0000
666	-18.0375	455.0000
667	-16.7375	454.0000
668	-15.4375	455.0000
669	-13.9750	455.0000
670	-12.6750	455.0000
671	-11.2125	455.0000
672	-9.5875	454.0000
673	-7.8000	454.0000
674	-6.0125	454.0000
675	-4.3875	455.0000
676	-2.4375	454.0000
677	-0.3250	455.0000
678	1.7875	454.0000
679	4.0625	455.0000
680	6.0125	455.0000
681	8.2875	455.0000
682	10.5625	454.0000
683	13.0000	455.0000
684	15.6000	454.0000
685	18.0375	454.0000
686	20.6375	455.0000
687	23.2375	455.0000
688	25.8375	455.0000
689	28.1125	455.0000
690	30.8750	455.0000
691	34.1250	455.0000
692	36.7250	455.0000
693	39.6500	454.0000
694	42.5750	454.0000
695	45.3375	454.0000
696	48.4250	455.0000
697	48.1000	454.0000
698	54.6000	455.0000
699	57.6875	455.0000
700	60.7750	455.0000
701	63.5375	455.0000
702	66.9500	455.0000
703	70.2000	455.0000
704	72.9625	455.0000
705	76.5375	454.0000
706	79.7875	454.0000
707	83.5250	454.0000
708	86.4500	455.0000
709	84.8250	454.0000
710	92.6250	454.0000
711	96.0375	455.0000
712	99.2875	455.0000
713	102.7000	455.0000
714	105.7875	455.0000
715	109.5250	455.0000
716	112.9375	455.0000
717	116.8375	455.0000
718	120.0875	455.0000
719	123.5000	455.0000
720	127.2375	455.0000
721	130.8125	455.0000
722	134.0625	454.0000
723	137.3125	454.0000
724	141.0500	455.0000
725	144.4625	454.0000
726	148.3625	455.0000
727	152.2625	455.0000
728	155.5125	455.0000
729	159.4125	455.0000
730	160.3875	455.0000
731	166.4000	452.0000
732	170.3000	455.0000
733	173.8750	455.0000
734	177.2875	454.0000
735	181.3500	455.0000
736	183.6250	455.0000
737	188.3375	455.0000
738	191.5875	455.0000
739	195.6500	455.0000
740	199.3875	454.0000
741	202.9625	455.0000
742	206.7000	455.0000
743	210.1125	455.0000
744	213.8500	455.0000
745	217.4250	455.0000
746	221.3250	455.0000
747	225.2250	455.0000
748	228.9625	456.0000
749	232.5375	455.0000
750	236.2750	455.0000
751	239.8500	455.0000
752	243.5875	456.0000
753	247.0000	455.0000
754	250.5750	455.0000
755	254.1500	455.0000
756	258.3750	455.0000
757	261.9500	455.0000
758	265.6875	455.0000
759	269.2625	455.0000
760	272.1875	455.0000
761	276.5750	455.0000
762	280.4750	456.0000
763	284.3750	456.0000
764	287.9500	456.0000
765	286.3250	455.0000
766	294.9375	455.0000
767	298.3500	455.0000
768	302.0875	456.0000
769	305.6625	456.0000
770	309.4000	455.0000
771	312.3250	455.0000
772	315.4125	456.0000
773	318.0125	456.0000
774	320.1250	455.0000
775	321.9125	456.0000
776	323.3750	456.0000
777	325.1625	456.0000
778	325.9750	456.0000
779	327.4375	456.0000
780	328.4125	456.0000
781	328.7375	455.0000
782	325.9750	455.0000
783	329.0625	455.0000
784	329.0625	456.0000
785	329.0625	456.0000
786	328.7375	456.0000
787	328.4125	456.0000
788	327.7625	456.0000
789	327.1125	456.0000
790	326.6250	455.0000
791	325.6500	455.0000
792	324.5125	455.0000
793	322.0750	455.0000
794	321.9125	455.0000
795	319.1500	456.0000
796	319.1500	456.0000
797	317.8500	456.0000
798	316.5500	457.0000
799	314.1125	453.0000
800	313.3000	455.0000
801	311.8375	456.0000
802	310.0500	456.0000
803	308.4250	456.0000
804	306.4750	455.0000
805	304.3625	455.0000
806	302.2500	455.0000
807	300.6250	456.0000
808	298.6750	456.0000
809	296.4000	456.0000
810	294.2875	455.0000
811	292.0125	456.0000
812	289.5750	456.0000
813	287.1375	456.0000
814	284.8625	456.0000
815	282.5875	456.0000
816	280.4750	456.0000
817	277.8750	456.0000
818	275.4375	455.0000
819	269.1000	456.0000
820	265.0375	455.0000
821	268.1250	455.0000
822	265.5250	455.0000
823	262.7625	455.0000
824	260.1625	455.0000
825	257.5625	456.0000
826	254.8000	455.0000
827	251.8750	455.0000
828	249.1125	456.0000
829	246.3500	455.0000
830	243.4250	455.0000
831	240.3375	455.0000
832	237.9000	455.0000
833	235.1375	455.0000
834	232.2125	455.0000
835	229.2875	455.0000
836	226.3625	456.0000
837	223.4375	456.0000
838	220.5125	455.0000
839	217.2625	455.0000
840	214.0125	455.0000
841	211.5750	455.0000
842	208.6500	455.0000
843	204.9125	456.0000
844	202.6375	455.0000
845	199.3875	455.0000
846	196.3000	455.0000
847	193.2125	455.0000
848	190.2875	455.0000
849	187.0375	455.0000
850	183.9500	454.0000
851	180.8625	455.0000
852	177.2875	455.0000
853	174.5250	455.0000
854	171.1125	455.0000
855	167.7000	455.0000
856	164.6125	455.0000
857	161.5250	454.0000
858	158.2750	455.0000
859	155.0250	455.0000
860	151.7750	455.0000
861	148.2000	455.0000
862	144.9500	455.0000
863	142.0250	455.0000
864	138.6125	455.0000
865	135.3625	455.0000
866	132.1125	455.0000
867	128.7000	455.0000
868	125.2875	455.0000
869	121.8750	455.0000
870	118.4625	455.0000
871	114.2375	455.0000
872	110.9875	455.0000
873	107.7375	455.0000
874	104.3250	455.0000
875	101.2375	455.0000
876	97.5000	455.0000
877	94.4125	455.0000
878	91.0000	455.0000
879	87.5875	455.0000
880	84.1750	454.0000
881	80.6000	454.0000
882	77.3500	455.0000
883	73.7750	455.0000
884	70.5250	455.0000
885	66.7875	455.0000
886	64.1875	455.0000
887	60.7750	454.0000
888	57.3625	454.0000
889	54.1125	455.0000
890	50.3750	455.0000
891	47.6125	455.0000
892	44.3625	455.0000
893	40.7875	455.0000
894	37.3750	455.0000
895	34.6125	453.0000
896	31.8500	455.0000
897	30.3875	454.0000
898	28.9250	455.0000
899	28.1125	456.0000
900	26.6500	455.0000
901	26.3250	455.0000
902	25.5125	455.0000
903	25.1875	455.0000
904	24.7000	455.0000
905	24.7000	455.0000
906	24.3750	454.0000
907	24.0500	455.0000
908	23.8875	455.0000
909	23.7250	455.0000
910	23.2375	455.0000
911	21.7750	455.0000
912	22.9125	455.0000
913	22.9125	455.0000
914	22.9125	455.0000
915	22.7500	455.0000
916	22.4250	455.0000
917	22.4250	455.0000
918	21.7750	455.0000
919	21.7750	455.0000
920	22.1000	455.0000
921	21.9375	455.0000
922	21.2875	455.0000
923	21.6125	454.0000
924	21.6125	455.0000
925	21.6125	455.0000
926	21.4500	455.0000
927	21.2875	455.0000
928	21.1250	454.0000
929	21.2875	455.0000
930	21.1250	454.0000
931	17.8750	455.0000
932	20.6375	455.0000
933	20.4750	455.0000
934	20.4750	455.0000
935	20.4750	455.0000
936	20.3125	455.0000
937	20.1500	455.0000
938	19.8250	455.0000
939	19.9875	455.0000
940	19.6625	455.0000
941	19.6625	455.0000
942	19.8250	455.0000
943	19.8250	455.0000
944	19.8250	455.0000
945	19.5000	455.0000
946	19.5000	455.0000
947	19.5000	455.0000
948	19.6625	455.0000
949	19.8250	455.0000
950	14.4625	456.0000
951	14.9500	455.0000
952	17.5500	454.0000
953	18.5250	455.0000
954	19.1750	455.0000
955	19.5000	455.0000
956	19.1750	455.0000
957	19.1750	455.0000
958	19.5000	455.0000
959	19.3375	455.0000
960	19.3375	455.0000
961	19.1750	455.0000
962	19.1750	455.0000
963	18.3625	455.0000
964	19.1750	455.0000
965	19.0125	455.0000
966	18.8500	455.0000
967	19.1750	454.0000
968	19.0125	455.0000
969	19.1750	455.0000
970	19.0125	455.0000
971	19.0125	455.0000
972	19.0125	455.0000
973	18.8500	455.0000
974	18.6875	455.0000
975	18.5250	455.0000
976	18.6875	455.0000
977	18.8500	455.0000
978	18.6875	455.0000
979	18.6875	455.0000
980	18.8500	455.0000
981	18.6875	455.0000
982	18.0375	455.0000
983	18.2000	455.0000
984	18.2000	455.0000
985	17.5500	455.0000
986	18.3625	455.0000
987	17.7125	455.0000
988	17.5500	455.0000
989	17.3875	455.0000
990	14.9500	455.0000
991	17.5500	455.0000
992	17.3875	455.0000
993	17.7125	455.0000
994	16.0875	455.0000
995	17.7125	455.0000
996	17.7125	455.0000
997	17.5500	455.0000
998	17.5500	455.0000
999	17.2250	455.0000
1000	17.3875	455.0000
1001	17.2250	455.0000
1002	17.7125	455.0000
1003	17.3875	455.0000
1004	17.7125	455.0000
1005	17.8750	455.0000
1006	17.0625	455.0000
1007	17.0625	455.0000
1008	16.5750	455.0000
1009	17.7125	455.0000
1010	17.5500	455.0000
1011	17.7125	455.0000
1012	16.5750	455.0000
1013	17.5500	455.0000
1014	17.2250	455.0000
1015	17.5500	455.0000
1016	17.3875	455.0000
1017	17.2250	454.0000
1018	17.3875	455.0000
1019	17.7125	455.0000
1020	17.3875	455.0000
1021	17.7125	455.0000
1022	17.7125	455.0000
1023	17.3875	455.0000

0	17.5500	455.0000
1	11.3750	455.0000
2	17.0625	455.0000
3	14.3000	455.0000
4	17.0625	456.0000
5	17.2250	455.0000
6	17.0625	455.0000
7	17.2250	455.0000
8	17.0625	455.0000
9	17.0625	455.0000
10	16.4125	455.0000
11	15.9250	455.0000
12	16.9000	455.0000
13	16.7375	455.0000
14	16.5750	455.0000
15	16.7375	455.0000
16	16.7375	455.0000
17	17.0625	454.0000
18	16.9000	455.0000
19	17.0625	455.0000
20	16.9000	455.0000
21	16.9000	455.0000
22	16.9000	455.0000
23	16.9000	456.0000
24	17.0625	455.0000
25	16.4125	455.0000
26	16.7375	455.0000
27	16.9000	455.0000
28	17.2250	456.0000
29	16.7375	456.0000
30	17.0625	455.0000
31	17.0625	455.0000
32	16.9000	455.0000
33	17.0625	455.0000
34	16.2500	455.0000
35	16.9000	456.0000
36	16.9000	455.0000
37	17.0625	455.0000
38	16.7375	455.0000
39	16.7375	455.0000
40	16.5750	455.0000
41	16.5750	455.0000
42	16.5750	455.0000
43	16.4125	455.0000
44	16.7375	455.0000
45	16.5750	455.0000
46	16.5750	455.0000
47	16.5750	456.0000
48	16.5750	455.0000
49	16.5750	455.0000
50	16.4125	455.0000
51	16.4125	455.0000
52	16.4125	455.0000
53	16.5750	455.0000
54	16.4125	456.0000
55	16.5750	455.0000
56	16.2500	455.0000
57	16.4125	455.0000
58	16.0875	455.0000
59	16.0875	455.0000
60	16.4125	455.0000
61	15.9250	455.0000
62	15.6000	455.0000
63	15.4375	455.0000
64	15.6000	455.0000
65	15.6000	455.0000
66	15.6000	455.0000
67	10.2375	455.0000
68	14.1375	455.0000
69	14.6250	455.0000
70	14.6250	455.0000
71	14.9500	455.0000
72	14.9500	455.0000
73	15.1125	455.0000
74	14.9500	456.0000
75	14.9500	455.0000
76	15.1125	455.0000
77	15.2750	456.0000
78	15.2750	455.0000
79	15.4375	455.0000
80	15.1125	455.0000
81	14.4625	455.0000
82	14.9500	455.0000
83	15.1125	455.0000
84	14.7875	455.0000
85	14.7875	455.0000
86	14.6250	455.0000
87	14.7875	455.0000
88	14.7875	455.0000
89	14.3000	455.0000
90	14.7875	455.0000
91	14.3000	455.0000
92	14.4625	455.0000
93	14.1375	455.0000
94	14.1375	455.0000
95	13.8125	455.0000
96	14.1375	455.0000
97	13.9750	456.0000
98	13.8125	455.0000
99	13.6500	455.0000
100	13.6500	455.0000
101	14.1375	453.0000
102	13.9750	456.0000
103	13.8125	456.0000
104	13.8125	456.0000
105	13.6500	455.0000
106	13.9750	455.0000
107	13.6500	456.0000
108	13.6500	455.0000
109	13.1625	455.0000
110	13.3250	456.0000
111	13.3250	456.0000
112	13.3250	455.0000
113	13.1625	455.0000
114	13.1625	455.0000
115	13.0000	455.0000
116	13.0000	456.0000
117	13.0000	455.0000
118	12.8375	455.0000
119	12.6750	455.0000
120	12.6750	455.0000
121	12.5125	456.0000
122	8.6125	456.0000
123	11.7000	456.0000
124	11.3750	456.0000
125	11.2125	456.0000
126	11.2125	456.0000
127	11.2125	455.0000
128	11.0500	456.0000
129	10.8875	456.0000
130	11.0500	455.0000
131	11.0500	455.0000
132	10.8875	455.0000
133	10.5625	456.0000
134	10.4000	455.0000
135	10.2375	457.0000
136	10.4000	456.0000
137	10.2375	456.0000
138	9.7500	456.0000
139	9.5875	455.0000
140	9.9125	456.0000
141	9.9125	455.0000
142	9.7500	455.0000
143	9.4250	455.0000
144	9.4250	455.0000
145	8.2875	456.0000
146	8.7750	455.0000
147	8.2875	456.0000
148	7.4750	455.0000
149	6.8250	456.0000
150	6.1750	456.0000
151	5.3625	455.0000
152	4.0625	456.0000
153	3.5750	455.0000
154	2.6000	455.0000
155	1.3000	456.0000
156	-0.1625	456.0000
157	-1.4625	456.0000
158	-2.6000	456.0000
159	-4.3875	455.0000
160	-5.8500	455.0000
161	-7.6375	456.0000
162	-9.2625	456.0000
163	-11.5375	455.0000
164	-13.3250	456.0000
165	-15.1125	456.0000
166	-17.7125	456.0000
167	-19.8250	456.0000
168	-21.6125	457.0000
169	-23.8875	456.0000
170	-26.3250	455.0000
171	-28.9250	456.0000
172	-31.2000	456.0000
173	-33.9625	456.0000
174	-36.4000	456.0000
175	-38.6750	456.0000
176	-41.1125	456.0000
177	-44.2000	456.0000
178	-47.6125	456.0000
179	-50.2125	456.0000
180	-53.1375	456.0000
181	-55.9000	456.0000
182	-58.5000	456.0000
183	-61.5875	456.0000
184	-64.3500	456.0000
185	-67.4375	456.0000
186	-70.5250	456.0000
187	-73.4500	456.0000
188	-76.7000	456.0000
189	-79.7875	457.0000
190	-82.8750	456.0000
191	-86.2875	456.0000
192	-89.5375	456.0000
193	-92.1375	456.0000
194	-95.3875	456.0000
195	-98.4750	456.0000
196	-101.8875	456.0000
197	-104.8125	456.0000
198	-108.2250	457.0000
199	-111.6375	457.0000
200	-114.8875	456.0000
201	-118.3000	456.0000
202	-121.8750	456.0000
203	-125.4500	456.0000
204	-128.2125	456.0000
205	-131.9500	455.0000
206	-135.5250	456.0000
207	-138.9375	457.0000
208	-142.0250	456.0000
209	-145.6000	457.0000
210	-149.0125	454.0000
211	-152.4250	456.0000
212	-155.8375	457.0000
213	-159.4125	457.0000
214	-163.3125	456.0000
215	-166.5625	456.0000
216	-169.8125	456.0000
217	-173.2250	456.0000
218	-176.6375	457.0000
219	-180.2125	457.0000
220	-184.1125	457.0000
221	-187.5250	456.0000
222	-192.2375	456.0000
223	-196.1375	456.0000
224	-200.5250	458.0000
225	-204.4250	457.0000
226	-208.6500	456.0000
227	-210.6000	457.0000
228	-214.0125	457.0000
229	-218.0750	456.0000
230	-221.1625	457.0000
231	-225.8750	457.0000
232	-228.6375	457.0000
233	-235.4625	457.0000
234	-234.8125	457.0000
235	-237.4125	457.0000
236	-241.3125	458.0000
237	-244.8875	458.0000
238	-248.3000	458.0000
239	-252.3625	457.0000
240	-255.7750	457.0000
241	-259.1875	457.0000
242	-262.9250	458.0000
243	-266.1750	457.0000
244	-269.7500	457.0000
245	-273.3250	457.0000
246	-276.9000	458.0000
247	-280.4750	458.0000
248	-284.0500	458.0000
249	-287.6250	458.0000
250	-291.3625	458.0000
251	-294.7750	458.0000
252	-298.3500	457.0000
253	-302.2500	461.0000
254	-305.6625	458.0000
255	-309.4000	458.0000
256	-312.9750	458.0000
257	-316.2250	458.0000
258	-319.8000	458.0000
259	-322.8875	459.0000
260	-325.4875	459.0000
261	-327.9250	459.0000
262	-330.0375	459.0000
263	-331.8250	459.0000
264	-333.6125	458.0000
265	-334.5875	459.0000
266	-337.8375	459.0000
267	-336.8625	459.0000
268	-337.5125	459.0000
269	-337.8375	459.0000
270	-338.3250	459.0000
271	-338.3250	459.0000
272	-338.1625	459.0000
273	-338.0000	459.0000
274	-337.6750	459.0000
275	-337.1875	459.0000
276	-336.7000	459.0000
277	-336.3750	459.0000
278	-335.7250	459.0000
279	-334.7500	459.0000
280	-333.7750	459.0000
281	-332.6375	459.0000
282	-331.1750	460.0000
283	-329.8750	459.0000
284	-328.7375	459.0000
285	-327.2750	460.0000
286	-325.8125	460.0000
287	-324.6750	459.0000
288	-322.7250	459.0000
289	-321.2625	459.0000
290	-319.3125	460.0000
291	-317.5250	460.0000
292	-320.4500	460.0000
293	-313.9500	460.0000
294	-312.0000	459.0000
295	-309.8875	459.0000
296	-308.1000	459.0000
297	-305.9875	460.0000
298	-303.7125	460.0000
299	-301.6000	460.0000
300	-299.0000	460.0000
301	-297.2125	459.0000
302	-294.9375	460.0000
303	-292.6625	459.0000
304	-289.9000	460.0000
305	-287.7875	460.0000
306	-285.3500	459.0000
307	-282.9125	459.0000
308	-280.3125	460.0000
309	-278.0375	459.0000
310	-275.6000	460.0000
311	-273.0000	460.0000
312	-271.3750	460.0000
313	-267.6375	460.0000
314	-265.0375	461.0000
315	-262.4375	460.0000
316	-261.6250	460.0000
317	-256.7500	460.0000
318	-254.1500	460.0000
319	-251.7125	460.0000
320	-248.4625	460.0000
321	-245.8625	460.0000
322	-242.9375	461.0000
323	-240.9875	460.0000
324	-237.5750	460.0000
325	-234.6500	460.0000
326	-232.0500	460.0000
327	-228.9625	456.0000
328	-225.7125	460.0000
329	-222.6250	460.0000
330	-219.7000	460.0000
331	-216.7750	460.0000
332	-213.6875	460.0000
333	-210.9250	460.0000
334	-207.6750	460.0000
335	-205.0750	460.0000
336	-202.1500	460.0000
337	-199.2250	460.0000
338	-195.6500	459.0000
339	-192.2375	460.0000
340	-189.4750	460.0000
341	-186.0625	460.0000
342	-182.9750	460.0000
343	-179.8875	460.0000
344	-179.8875	461.0000
345	-173.8750	460.0000
346	-170.9500	461.0000
347	-167.8625	460.0000
348	-165.1000	460.0000
349	-161.6875	461.0000
350	-158.1125	460.0000
351	-155.0250	460.0000
352	-152.4250	456.0000
353	-149.0125	461.0000
354	-145.7625	460.0000
355	-142.5125	460.0000
356	-138.6125	460.0000
357	-135.2000	460.0000
358	-132.2750	461.0000
359	-129.0250	460.0000
360	-125.6125	460.0000
361	-122.5250	460.0000
362	-118.7875	461.0000
363	-115.2125	460.0000
364	-112.2875	460.0000
365	-108.5500	460.0000
366	-105.1375	460.0000
367	-101.8875	460.0000
368	-98.4750	460.0000
369	-95.2250	460.0000
370	-94.2500	460.0000
371	-88.5625	461.0000
372	-85.4750	461.0000
373	-81.9000	460.0000
374	-78.8125	462.0000
375	-75.4000	461.0000
376	-72.1500	460.0000
377	-69.8750	459.0000
378	-65.8125	461.0000
379	-62.7250	461.0000
380	-59.1500	460.0000
381	-56.3875	461.0000
382	-52.9750	461.0000
383	-49.8875	461.0000
384	-47.2875	461.0000
385	-45.5000	461.0000
386	-43.8750	461.0000
387	-42.9000	461.0000
388	-42.2500	461.0000
389	-41.2750	461.0000
390	-40.7875	461.0000
391	-40.3000	461.0000
392	-39.9750	461.0000
393	-39.3250	461.0000
394	-39.1625	461.0000
395	-39.0000	462.0000
396	-38.6750	462.0000
397	-38.3500	461.0000
398	-38.3500	461.0000
399	-37.8625	461.0000
400	-44.6875	460.0000
401	-38.1875	461.0000
402	-37.8625	462.0000
403	-37.7000	461.0000
404	-37.8625	460.0000
405	-37.8625	461.0000
406	-37.7000	461.0000
407	-37.5375	461.0000
408	-37.3750	461.0000
409	-37.2125	462.0000
410	-36.8875	461.0000
411	-37.0500	462.0000
412	-36.8875	461.0000
413	-36.8875	461.0000
414	-36.5625	461.0000
415	-36.5625	461.0000
416	-36.0750	462.0000
417	-35.9125	461.0000
418	-36.2375	461.0000
419	-36.0750	462.0000
420	-35.7500	461.0000
421	-35.5875	462.0000
422	-35.5875	461.0000
423	-35.5875	462.0000
424	-35.4250	462.0000
425	-35.4250	462.0000
426	-35.4250	460.0000
427	-35.2625	461.0000
428	-35.2625	461.0000
429	-35.2625	462.0000
430	-34.9375	462.0000
431	-34.9375	462.0000
432	-34.9375	462.0000
433	-34.9375	462.0000
434	-34.6125	462.0000
435	-34.9375	462.0000
436	-34.9375	462.0000
437	-34.9375	462.0000
438	-34.6125	462.0000
439	-34.6125	461.0000
440	-34.6125	462.0000
441	-34.4500	462.0000
442	-34.4500	462.0000
443	-34.2875	462.0000
444	-34.2875	463.0000
445	-34.4500	462.0000
446	-34.2875	463.0000
447	-34.4500	463.0000
448	-34.2875	463.0000
449	-33.9625	462.0000
450	-34.1250	462.0000
451	-34.1250	463.0000
452	-34.1250	463.0000
453	-33.9625	462.0000
454	-33.9625	462.0000
455	-37.5375	462.0000
456	-34.4500	463.0000
457	-34.2875	463.0000
458	-34.2875	463.0000
459	-37.2125	463.0000
460	-34.2875	463.0000
461	-34.2875	463.0000
462	-34.2875	463.0000
463	-34.1250	463.0000
464	-34.1250	464.0000
465	-33.9625	465.0000
466	-33.8000	463.0000
467	-33.8000	463.0000
468	-33.6375	463.0000
469	-33.8000	463.0000
470	-33.6375	463.0000
471	-33.4750	463.0000
472	-33.3125	463.0000
473	-33.3125	463.0000
474	-33.6375	463.0000
475	-33.3125	463.0000
476	-33.4750	464.0000
477	-33.3125	463.0000
478	-33.6375	463.0000
479	-33.3125	463.0000
480	-33.6375	463.0000
481	-33.3125	463.0000
482	-33.1500	463.0000
483	-33.1500	463.0000
484	-33.1500	462.0000
485	-33.4750	463.0000
486	-32.8250	463.0000
487	-32.9875	464.0000
488	-32.8250	463.0000
489	-32.9875	463.0000
490	-32.6625	463.0000
491	-32.9875	464.0000
492	-32.6625	463.0000
493	-33.1500	463.0000
494	-33.1500	464.0000
495	-32.8250	464.0000
496	-32.6625	464.0000
497	-32.8250	463.0000
498	-32.6625	464.0000
499	-32.8250	464.0000
500	-32.8250	463.0000
501	-32.5000	464.0000
502	-32.5000	463.0000
503	-32.5000	463.0000
504	-32.6625	464.0000
505	-32.5000	463.0000
506	-32.1750	463.0000
507	-32.1750	464.0000
508	-32.3375	464.0000
509	-32.8250	464.0000
510	-32.3375	464.0000
511	-35.4250	464.0000
512	-32.5000	464.0000
513	-32.3375	464.0000
514	-32.5000	464.0000
515	-32.5000	465.0000
516	-32.6625	463.0000
517	-32.5000	464.0000
518	-32.5000	464.0000
519	-32.1750	464.0000
520	-32.5000	464.0000
521	-32.1750	464.0000
522	-32.1750	465.0000
523	-32.1750	464.0000
524	-32.1750	464.0000
525	-32.3375	464.0000
526	-34.1250	464.0000
527	-32.5000	464.0000
528	-32.0125	465.0000
529	-31.8500	464.0000
530	-32.0125	464.0000
531	-32.0125	464.0000
532	-32.0125	465.0000
533	-32.0125	465.0000
534	-32.0125	465.0000
535	-32.0125	466.0000
536	-32.0125	464.0000
537	-31.8500	465.0000
538	-32.0125	464.0000
539	-31.8500	464.0000
540	-32.0125	465.0000
541	-31.8500	465.0000
542	-31.8500	464.0000
543	-32.0125	464.0000
544	-32.0125	465.0000
545	-34.6125	465.0000
546	-32.6625	465.0000
547	-32.1750	465.0000
548	-32.1750	465.0000
549	-31.8500	465.0000
550	-31.8500	464.0000
551	-31.8500	465.0000
552	-31.6875	465.0000
553	-31.8500	465.0000
554	-31.5250	465.0000
555	-31.8500	464.0000
556	-31.5250	465.0000
557	-31.3625	465.0000
558	-31.5250	465.0000
559	-31.3625	466.0000
560	-31.2000	465.0000
561	-31.3625	465.0000
562	-31.5250	465.0000
563	-31.2000	465.0000
564	-31.2000	465.0000
565	-30.8750	465.0000
566	-31.0375	465.0000
567	-49.8875	465.0000
568	-31.6875	465.0000
569	-31.5250	465.0000
570	-31.5250	462.0000
571	-30.8750	466.0000
572	-31.6875	465.0000
573	-31.0375	465.0000
574	-30.7125	466.0000
575	-30.8750	465.0000
576	-31.0375	466.0000
577	-30.7125	466.0000
578	-30.5500	465.0000
579	-30.5500	465.0000
580	-30.7125	466.0000
581	-30.5500	465.0000
582	-30.7125	466.0000
583	-30.3875	466.0000
584	-30.3875	467.0000
585	-30.2250	465.0000
586	-30.5500	466.0000
587	-30.3875	466.0000
588	-30.0625	466.0000
589	-30.2250	466.0000
590	-30.3875	465.0000
591	-30.0625	466.0000
592	-30.0625	466.0000
593	-30.0625	464.0000
594	-30.2250	466.0000
595	-29.9000	466.0000
596	-29.9000	466.0000
597	-29.7375	466.0000
598	-29.9000	466.0000
599	-29.7375	466.0000
600	-29.7375	466.0000
601	-29.9000	466.0000
602	-30.0625	466.0000
603	-29.5750	466.0000
604	-29.7375	466.0000
605	-29.4125	466.0000
606	-29.4125	466.0000
607	-29.4125	466.0000
608	-29.5750	467.0000
609	-29.4125	467.0000
610	-29.4125	466.0000
611	-29.4125	466.0000
612	-29.4125	466.0000
613	-29.0875	467.0000
614	-28.9250	466.0000
615	-28.6000	466.0000
616	-28.9250	467.0000
617	-28.4375	466.0000
618	-28.9250	467.0000
619	-28.7625	467.0000
620	-28.6000	467.0000
621	-28.4375	466.0000
622	-33.3125	467.0000
623	-28.7625	466.0000
624	-28.6000	467.0000
625	-28.7625	466.0000
626	-28.6000	467.0000
627	-28.7625	467.0000
628	-28.6000	466.0000
629	-28.4375	467.0000
630	-28.2750	467.0000
631	-28.2750	467.0000
632	-28.1125	467.0000
633	-27.9500	467.0000
634	-27.9500	467.0000
635	-27.6250	467.0000
636	-27.6250	467.0000
637	-27.6250	467.0000
638	-27.6250	467.0000
639	-26.9750	467.0000
640	-26.6500	467.0000
641	-26.6500	466.0000
642	-26.6500	467.0000
643	-27.4625	468.0000
644	-26.6500	467.0000
645	-26.6500	467.0000
646	-26.1625	467.0000
647	-26.0000	467.0000
648	-25.8375	467.0000
649	-25.8375	468.0000
650	-25.6750	467.0000
651	-25.6750	467.0000
652	-25.6750	468.0000
653	-25.0250	467.0000
654	-25.0250	467.0000
655	-24.7000	467.0000
656	-24.3750	467.0000
657	-24.0500	467.0000
658	-24.0500	467.0000
659	-23.8875	468.0000
660	-23.0750	467.0000
661	-22.7500	468.0000
662	-21.6125	467.0000
663	-20.9625	467.0000
664	-19.8250	468.0000
665	-19.1750	468.0000
666	-18.0375	467.0000
667	-16.9000	467.0000
668	-16.0875	468.0000
669	-14.6250	468.0000
670	-12.6750	467.0000
671	-11.0500	468.0000
672	-9.5875	468.0000
673	-7.9625	468.0000
674	-6.0125	467.0000
675	-4.2250	468.0000
676	-2.9250	468.0000
677	-0.6500	467.0000
678	-6.1750	467.0000
679	2.6000	468.0000
680	5.2000	468.0000
681	7.6375	468.0000
682	9.7500	468.0000
683	12.1875	468.0000
684	14.4625	468.0000
685	17.0625	468.0000
686	19.8250	468.0000
687	22.4250	468.0000
688	25.1875	468.0000
689	27.7875	468.0000
690	30.2250	467.0000
691	33.1500	467.0000
692	36.5625	468.0000
693	39.1625	468.0000
694	42.4125	468.0000
695	45.0125	468.0000
696	47.9375	468.0000
697	51.1875	468.0000
698	54.4375	468.0000
699	57.3625	468.0000
700	60.4500	468.0000
701	63.7000	468.0000
702	66.6250	468.0000
703	69.8750	468.0000
704	73.1250	468.0000
705	76.5375	468.0000
706	79.7875	468.0000
707	82.7125	468.0000
708	85.8000	468.0000
709	89.7000	468.0000
710	92.9500	468.0000
711	96.3625	471.0000
712	99.6125	469.0000
713	103.0250	468.0000
714	106.4375	468.0000
715	109.6875	468.0000
716	113.4250	469.0000
717	116.5125	468.0000
718	120.2500	469.0000
719	123.6625	468.0000
720	127.2375	469.0000
721	131.1375	468.0000
722	134.0625	470.0000
723	138.1250	469.0000
724	141.3750	469.0000
725	144.7875	469.0000
726	147.2250	469.0000
727	152.1000	468.0000
728	155.6750	468.0000
729	159.2500	469.0000
730	162.8250	468.0000
731	166.4000	469.0000
732	169.9750	469.0000
733	169.3250	469.0000
734	177.1250	470.0000
735	180.8625	469.0000
736	183.7875	469.0000
737	188.1750	470.0000
738	191.7500	469.0000
739	195.3250	469.0000
740	198.9000	469.0000
741	202.6375	469.0000
742	206.2125	470.0000
743	209.9500	469.0000
744	213.6875	469.0000
745	217.4250	470.0000
746	221.0000	470.0000
747	224.5750	469.0000
748	228.3125	470.0000
749	232.2125	470.0000
750	235.4625	470.0000
751	239.2000	470.0000
752	242.9375	470.0000
753	246.5125	469.0000
754	250.0875	470.0000
755	254.3125	469.0000
756	258.0500	470.0000
757	261.3000	470.0000
758	265.2000	470.0000
759	268.9375	470.0000
760	272.5125	470.0000
761	276.0875	470.0000
762	280.1500	470.0000
763	283.5625	470.0000
764	287.3000	470.0000
765	291.0375	469.0000
766	294.9375	471.0000
767	298.3500	470.0000
768	302.2500	470.0000
769	306.3125	471.0000
770	309.7250	471.0000
771	312.8125	471.0000
772	315.5750	471.0000
773	318.0125	470.0000
774	320.2875	471.0000
775	321.9125	470.0000
776	323.5375	471.0000
777	325.1625	473.0000
778	325.9750	470.0000
779	326.9500	470.0000
780	327.6000	471.0000
781	328.0875	471.0000
782	328.4125	471.0000
783	328.5750	471.0000
784	328.9000	471.0000
785	328.5750	472.0000
786	328.0875	471.0000
787	327.7625	471.0000
788	327.1125	471.0000
789	326.4625	471.0000
790	325.9750	470.0000
791	325.0000	470.0000
792	324.0250	471.0000
793	322.7250	471.0000
794	321.5875	471.0000
795	320.2875	471.0000
796	318.9875	471.0000
797	317.6875	471.0000
798	316.2250	471.0000
799	314.7625	472.0000
800	313.1375	471.0000
801	311.3500	472.0000
802	309.7250	471.0000
803	307.9375	472.0000
804	305.8250	472.0000
805	304.0375	471.0000
806	301.9250	475.0000
807	299.9750	471.0000
808	297.3750	471.0000
809	292.0125	471.0000
810	293.3125	471.0000
811	291.2000	471.0000
812	289.0875	471.0000
813	287.1375	472.0000
814	284.7000	472.0000
815	282.2625	471.0000
816	279.9875	472.0000
817	277.5500	474.0000
818	274.9500	471.0000
819	271.8625	471.0000
820	269.5875	472.0000
821	266.9875	471.0000
822	264.8750	471.0000
823	262.2750	471.0000
824	259.5125	471.0000
825	256.4250	472.0000
826	253.9875	471.0000
827	251.7125	471.0000
828	248.7875	472.0000
829	245.5375	471.0000
830	242.9375	471.0000
831	239.6875	471.0000
832	237.5750	472.0000
833	234.4875	472.0000
834	232.0500	472.0000
835	228.4750	471.0000
836	225.8750	472.0000
837	222.7875	471.0000
838	219.8625	472.0000
839	217.1000	471.0000
840	213.5250	471.0000
841	211.0875	471.0000
842	208.1625	470.0000
843	204.9125	471.0000
844	196.4625	472.0000
845	198.4125	471.0000
846	195.1625	471.0000
847	192.2375	471.0000
848	188.9875	471.0000
849	185.5750	471.0000
850	182.4875	472.0000
851	179.4000	472.0000
852	176.3125	472.0000
853	173.2250	471.0000
854	169.9750	471.0000
855	167.0500	472.0000
856	163.9625	470.0000
857	160.5500	471.0000
858	157.4625	472.0000
859	154.2125	472.0000
860	150.6375	472.0000
861	147.5500	471.0000
862	144.4625	472.0000
863	141.2125	472.0000
864	137.6375	471.0000
865	134.3875	472.0000
866	130.9750	472.0000
867	128.2125	471.0000
868	124.6375	471.0000
869	120.9000	471.0000
870	117.9750	472.0000
871	114.7250	472.0000
872	111.1500	472.0000
873	107.7375	472.0000
874	104.4875	472.0000
875	101.0750	472.0000
876	97.8250	472.0000
877	94.0875	471.0000
878	91.1625	472.0000
879	87.4250	472.0000
880	84.5000	471.0000
881	80.9250	472.0000
882	77.3500	472.0000
883	73.9375	471.0000
884	70.6875	472.0000
885	67.6000	472.0000
886	63.7000	472.0000
887	60.7750	472.0000
888	57.2000	472.0000
889	53.7875	471.0000
890	50.5375	472.0000
891	46.9625	472.0000
892	44.0375	471.0000
893	40.4625	472.0000
894	37.3750	472.0000
895	34.6125	471.0000
896	31.6875	472.0000
897	30.2250	472.0000
898	28.9250	472.0000
899	27.4625	472.0000
900	25.5125	472.0000
901	25.6750	472.0000
902	25.0250	472.0000
903	24.3750	471.0000
904	23.5625	471.0000
905	23.2375	472.0000
906	22.7500	472.0000
907	22.5875	472.0000
908	22.7500	472.0000
909	22.5875	472.0000
910	22.2625	472.0000
911	22.1000	472.0000
912	22.2625	472.0000
913	21.9375	472.0000
914	21.9375	472.0000
915	21.6125	471.0000
916	20.4750	471.0000
917	20.8000	472.0000
918	21.6125	472.0000
919	21.4500	472.0000
920	21.1250	472.0000
921	21.1250	472.0000
922	21.1250	474.0000
923	20.9625	472.0000
924	19.9875	472.0000
925	19.5000	472.0000
926	20.6375	470.0000
927	20.6375	473.0000
928	20.6375	473.0000
929	20.8000	472.0000
930	16.7375	472.0000
931	20.4750	472.0000
932	20.1500	472.0000
933	20.4750	472.0000
934	19.9875	473.0000
935	20.1500	472.0000
936	20.3125	472.0000
937	19.9875	472.0000
938	19.8250	472.0000
939	19.8250	472.0000
940	19.8250	471.0000
941	19.6625	471.0000
942	19.5000	472.0000
943	19.6625	476.0000
944	19.8250	473.0000
945	19.3375	472.0000
946	19.3375	472.0000
947	11.5375	472.0000
948	19.5000	472.0000
949	19.5000	472.0000
950	19.5000	472.0000
951	19.3375	473.0000
952	19.3375	471.0000
953	19.3375	472.0000
954	19.3375	472.0000
955	15.2750	472.0000
956	19.1750	472.0000
957	19.0125	473.0000
958	19.0125	473.0000
959	18.6875	474.0000
960	18.8500	473.0000
961	18.8500	473.0000
962	18.8500	473.0000
963	18.6875	473.0000
964	18.6875	472.0000
965	18.6875	472.0000
966	18.5250	472.0000
967	18.6875	472.0000
968	18.3625	473.0000
969	18.3625	473.0000
970	18.3625	472.0000
971	18.0375	473.0000
972	18.3625	473.0000
973	15.6000	472.0000
974	18.2000	473.0000
975	18.3625	473.0000
976	17.8750	472.0000
977	18.0375	473.0000
978	18.2000	473.0000
979	18.0375	473.0000
980	17.8750	473.0000
981	17.5500	472.0000
982	17.7125	473.0000
983	17.5500	473.0000
984	17.7125	473.0000
985	17.7125	473.0000
986	17.7125	473.0000
987	17.8750	473.0000
988	17.7125	472.0000
989	17.5500	472.0000
990	17.7125	472.0000
991	17.7125	473.0000
992	17.0625	473.0000
993	17.2250	472.0000
994	17.5500	473.0000
995	17.3875	473.0000
996	17.2250	473.0000
997	16.7375	473.0000
998	17.2250	473.0000
999	17.2250	473.0000
1000	16.7375	474.0000
1001	17.3875	473.0000
1002	16.9000	472.0000
1003	17.2250	472.0000
1004	15.6000	473.0000
1005	17.0625	473.0000
1006	16.9000	473.0000
1007	16.7375	473.0000
1008	16.4125	473.0000
1009	16.4125	473.0000
1010	16.2500	473.0000
1011	13.9750	473.0000
1012	16.5750	473.0000
1013	16.5750	473.0000
1014	16.7375	473.0000
1015	16.7375	473.0000
1016	16.9000	473.0000
1017	16.9000	473.0000
1018	16.7375	473.0000
1019	16.7375	473.0000
1020	16.7375	473.0000
1021	16.5750	473.0000
1022	17.0625	473.0000
1023	17.0625	473.0000

0	17.0625	473.0000
1	16.9000	473.0000
2	9.4250	473.0000
3	16.7375	472.0000
4	16.5750	473.0000
5	16.4125	473.0000
6	16.5750	473.0000
7	16.5750	474.0000
8	16.7375	474.0000
9	16.7375	473.0000
10	16.7375	473.0000
11	16.7375	473.0000
12	16.7375	473.0000
13	16.7375	473.0000
14	16.5750	474.0000
15	16.5750	473.0000
16	16.5750	473.0000
17	17.0625	474.0000
18	17.2250	474.0000
19	17.2250	474.0000
20	17.0625	474.0000
21	17.0625	474.0000
22	16.7375	474.0000
23	16.5750	473.0000
24	16.7375	474.0000
25	16.5750	475.0000
26	16.5750	474.0000
27	16.7375	473.0000
28	16.4125	473.0000
29	16.7375	473.0000
30	16.7375	474.0000
31	16.2500	474.0000
32	16.5750	470.0000
33	15.7625	474.0000
34	16.4125	474.0000
35	10.8875	474.0000
36	16.0875	474.0000
37	16.0875	473.0000
38	16.0875	473.0000
39	16.2500	474.0000
40	15.9250	473.0000
41	15.9250	474.0000
42	15.9250	474.0000
43	15.7625	474.0000
44	15.7625	474.0000
45	15.9250	474.0000
46	16.0875	474.0000
47	15.9250	474.0000
48	15.9250	473.0000
49	15.9250	474.0000
50	15.7625	474.0000
51	15.7625	473.0000
52	16.0875	473.0000
53	16.2500	474.0000
54	16.0875	475.0000
55	15.9250	473.0000
56	15.6000	473.0000
57	15.1125	474.0000
58	15.7625	474.0000
59	15.6000	474.0000
60	15.9250	474.0000
61	15.6000	474.0000
62	15.6000	474.0000
63	15.4375	474.0000
64	15.1125	473.0000
65	15.4375	474.0000
66	15.6000	474.0000
67	15.4375	473.0000
68	15.6000	474.0000
69	15.4375	474.0000
70	15.1125	474.0000
71	15.6000	474.0000
72	15.6000	474.0000
73	15.2750	473.0000
74	15.1125	474.0000
75	15.1125	474.0000
76	15.1125	473.0000
77	14.9500	473.0000
78	15.1125	474.0000
79	14.9500	474.0000
80	14.7875	474.0000
81	14.6250	475.0000
82	12.6750	474.0000
83	14.7875	474.0000
84	14.6250	474.0000
85	14.6250	474.0000
86	9.1000	474.0000
87	14.1375	474.0000
88	14.3000	474.0000
89	14.3000	474.0000
90	14.4625	474.0000
91	13.8125	474.0000
92	13.8125	474.0000
93	13.4875	474.0000
94	13.8125	476.0000
95	13.4875	474.0000
96	13.3250	474.0000
97	13.4875	474.0000
98	13.1625	474.0000
99	13.6500	474.0000
100	13.4875	474.0000
101	13.3250	474.0000
102	13.1625	474.0000
103	13.1625	474.0000
104	13.1625	474.0000
105	12.8375	474.0000
106	13.3250	475.0000
107	12.0250	474.0000
108	13.1625	474.0000
109	13.1625	474.0000
110	13.1625	474.0000
111	12.8375	474.0000
112	12.8375	474.0000
113	12.5125	474.0000
114	12.6750	474.0000
115	12.6750	474.0000
116	12.5125	472.0000
117	12.8375	475.0000
118	12.5125	475.0000
119	12.1875	475.0000
120	12.1875	475.0000
121	11.3750	475.0000
122	11.5375	475.0000
123	11.8625	475.0000
124	6.3375	474.0000
125	11.5375	473.0000
126	11.5375	474.0000
127	11.0500	474.0000
128	11.2125	475.0000
129	11.0500	475.0000
130	11.2125	474.0000
131	11.0500	475.0000
132	11.2125	475.0000
133	11.0500	475.0000
134	10.7250	474.0000
135	10.2375	475.0000
136	10.4000	474.0000
137	10.0750	475.0000
138	9.7500	474.0000
139	9.9125	475.0000
140	9.9125	474.0000
141	9.5875	474.0000
142	9.2625	475.0000
143	9.1000	475.0000
144	8.9375	475.0000
145	8.6125	475.0000
146	3.2500	474.0000
147	7.9625	475.0000
148	7.6375	475.0000
149	6.5000	474.0000
150	6.1750	474.0000
151	5.2000	475.0000
152	4.5500	475.0000
153	3.0875	474.0000
154	2.1125	475.0000
155	0.9750	475.0000
156	-0.4875	474.0000
157	-1.6250	475.0000
158	-2.9250	475.0000
159	-4.7125	475.0000
160	-6.3375	475.0000
161	-7.8000	475.0000
162	-9.9125	474.0000
163	-11.7000	475.0000
164	-13.4875	474.0000
165	-15.6000	475.0000
166	-17.8750	475.0000
167	-20.4750	474.0000
168	-22.5875	474.0000
169	-24.3750	476.0000
170	-26.6500	475.0000
171	-28.9250	474.0000
172	-31.2000	475.0000
173	-33.9625	475.0000
174	-36.4000	474.0000
175	-39.3250	474.0000
176	-42.0875	474.0000
177	-44.6875	474.0000
178	-47.4500	475.0000
179	-50.0500	476.0000
180	-54.2750	475.0000
181	-55.5750	474.0000
182	-58.6625	475.0000
183	-61.4250	474.0000
184	-64.3500	475.0000
185	-67.2750	475.0000
186	-70.3625	474.0000
187	-73.4500	475.0000
188	-76.3750	475.0000
189	-79.6250	475.0000
190	-82.7125	475.0000
191	-86.1250	474.0000
192	-89.5375	475.0000
193	-92.3000	475.0000
194	-95.5500	476.0000
195	-98.6375	475.0000
196	-101.8875	475.0000
197	-105.3000	475.0000
198	-109.0375	475.0000
199	-112.6125	474.0000
200	-115.8625	475.0000
201	-119.2750	475.0000
202	-122.6875	475.0000
203	-126.1000	475.0000
204	-129.3500	475.0000
205	-132.6000	475.0000
206	-136.0125	475.0000
207	-139.1000	475.0000
208	-142.8375	475.0000
209	-146.0875	475.0000
210	-149.6625	475.0000
211	-153.0750	475.0000
212	-156.8125	475.0000
213	-160.5500	475.0000
214	-163.6375	474.0000
215	-166.8875	474.0000
216	-170.4625	475.0000
217	-173.8750	475.0000
218	-177.2875	476.0000
219	-181.0250	476.0000
220	-184.6000	475.0000
221	-187.8500	476.0000
222	-191.4250	475.0000
223	-195.1625	476.0000
224	-198.4125	475.0000
225	-202.1500	475.0000
226	-206.0500	475.0000
227	-209.4625	475.0000
228	-212.7125	475.0000
229	-216.2875	476.0000
230	-220.0250	476.0000
231	-223.4375	476.0000
232	-227.1750	475.0000
233	-230.7500	476.0000
234	-234.3250	476.0000
235	-237.7375	476.0000
236	-241.1500	476.0000
237	-244.8875	476.0000
238	-248.4625	476.0000
239	-252.3625	475.0000
240	-255.9375	476.0000
241	-259.3500	475.0000
242	-262.7625	476.0000
243	-266.5000	476.0000
244	-270.0750	476.0000
245	-273.6500	476.0000
246	-276.9000	476.0000
247	-280.8000	476.0000
248	-284.2125	475.0000
249	-287.7875	476.0000
250	-291.5250	476.0000
251	-295.2625	476.0000
252	-298.5125	476.0000
253	-302.2500	476.0000
254	-305.9875	476.0000
255	-309.4000	476.0000
256	-312.9750	477.0000
257	-320.1250	476.0000
258	-320.2875	476.0000
259	-323.3750	476.0000
260	-326.1375	476.0000
261	-328.7375	476.0000
262	-330.6875	475.0000
263	-332.8000	476.0000
264	-334.2625	475.0000
265	-335.4000	476.0000
266	-336.5375	476.0000
267	-337.3500	476.0000
268	-338.0000	476.0000
269	-338.4875	477.0000
270	-338.6500	477.0000
271	-338.8125	476.0000
272	-338.6500	477.0000
273	-338.6500	476.0000
274	-338.3250	477.0000
275	-337.3500	476.0000
276	-336.7000	476.0000
277	-336.2125	476.0000
278	-335.4000	476.0000
279	-335.0750	476.0000
280	-333.6125	476.0000
281	-332.4750	476.0000
282	-331.1750	477.0000
283	-330.0375	476.0000
284	-328.7375	476.0000
285	-327.2750	476.0000
286	-325.6500	476.0000
287	-324.5125	477.0000
288	-322.7250	476.0000
289	-321.2625	476.0000
290	-319.3125	476.0000
291	-320.9375	476.0000
292	-315.7375	477.0000
293	-313.6250	473.0000
294	-311.8375	477.0000
295	-309.7250	476.0000
296	-307.9375	476.0000
297	-305.8250	476.0000
298	-303.7125	476.0000
299	-301.4375	475.0000
300	-299.1625	475.0000
301	-297.2125	476.0000
302	-294.9375	476.0000
303	-292.5000	476.0000
304	-290.2250	476.0000
305	-287.7875	477.0000
306	-285.1875	476.0000
307	-282.7500	476.0000
308	-280.1500	476.0000
309	-277.7125	476.0000
310	-275.4375	476.0000
311	-272.6750	476.0000
312	-270.2375	476.0000
313	-268.9375	476.0000
314	-266.0125	476.0000
315	-263.2500	476.0000
316	-260.6500	476.0000
317	-257.7250	476.0000
318	-254.6375	476.0000
319	-252.0375	476.0000
320	-249.4375	476.0000
321	-246.3500	476.0000
322	-243.4250	476.0000
323	-240.6625	476.0000
324	-237.9000	476.0000
325	-234.8125	476.0000
326	-232.0500	475.0000
327	-229.4500	476.0000
328	-226.3625	475.0000
329	-222.7875	475.0000
330	-220.0250	476.0000
331	-216.9375	475.0000
332	-214.0125	476.0000
333	-211.0875	475.0000
334	-208.0000	476.0000
335	-205.2375	475.0000
336	-201.9875	475.0000
337	-199.2250	476.0000
338	-195.4875	475.0000
339	-192.5625	475.0000
340	-189.4750	475.0000
341	-186.5500	476.0000
342	-183.4625	476.0000
343	-181.0250	476.0000
344	-177.1250	476.0000
345	-173.8750	476.0000
346	-170.6250	476.0000
347	-167.3750	475.0000
348	-164.4500	476.0000
349	-160.8750	475.0000
350	-157.6250	475.0000
351	-154.5375	475.0000
352	-156.4875	475.0000
353	-148.2000	476.0000
354	-144.7875	475.0000
355	-141.5375	475.0000
356	-138.2875	476.0000
357	-135.2000	476.0000
358	-131.7875	475.0000
359	-128.7000	476.0000
360	-125.2875	476.0000
361	-122.0375	475.0000
362	-118.6250	475.0000
363	-115.0500	475.0000
364	-111.8000	475.0000
365	-109.2000	475.0000
366	-105.4625	475.0000
367	-102.0500	475.0000
368	-102.2125	475.0000
369	-95.5500	475.0000
370	-92.1375	475.0000
371	-88.7250	475.0000
372	-85.3125	475.0000
373	-82.0625	474.0000
374	-78.8125	475.0000
375	-75.5625	475.0000
376	-72.1500	475.0000
377	-68.9000	475.0000
378	-65.4875	476.0000
379	-62.2375	476.0000
380	-59.3125	475.0000
381	-56.3875	475.0000
382	-53.4625	475.0000
383	-50.7000	475.0000
384	-47.4500	475.0000
385	-45.5000	475.0000
386	-44.0375	475.0000
387	-43.0625	475.0000
388	-42.2500	475.0000
389	-41.6000	478.0000
390	-41.1125	475.0000
391	-40.6250	475.0000
392	-39.9750	476.0000
393	-39.4875	475.0000
394	-39.3250	477.0000
395	-38.8375	475.0000
396	-38.5125	475.0000
397	-38.3500	475.0000
398	-38.3500	475.0000
399	-38.3500	475.0000
400	-38.1875	475.0000
401	-38.1875	474.0000
402	-38.0250	475.0000
403	-37.5375	475.0000
404	-37.2125	475.0000
405	-37.2125	475.0000
406	-37.2125	474.0000
407	-37.8625	475.0000
408	-36.7250	475.0000
409	-36.7250	475.0000
410	-36.7250	474.0000
411	-36.4000	475.0000
412	-36.4000	475.0000
413	-36.2375	475.0000
414	-36.5625	475.0000
415	-36.2375	475.0000
416	-36.5625	475.0000
417	-36.4000	475.0000
418	-38.0250	475.0000
419	-36.0750	475.0000
420	-36.7250	475.0000
421	-36.5625	475.0000
422	-36.5625	475.0000
423	-36.4000	475.0000
424	-36.8875	475.0000
425	-36.0750	474.0000
426	-36.0750	475.0000
427	-35.7500	475.0000
428	-35.7500	475.0000
429	-36.0750	476.0000
430	-35.7500	475.0000
431	-35.7500	474.0000
432	-35.7500	475.0000
433	-35.7500	475.0000
434	-35.7500	475.0000
435	-35.1000	475.0000
436	-34.7750	475.0000
437	-34.6125	474.0000
438	-34.2875	474.0000
439	-34.4500	475.0000
440	-34.7750	475.0000
441	-40.4625	475.0000
442	-34.9375	475.0000
443	-34.7750	475.0000
444	-34.1250	474.0000
445	-34.6125	475.0000
446	-34.7750	475.0000
447	-37.5375	475.0000
448	-34.2875	475.0000
449	-34.1250	475.0000
450	-33.9625	475.0000
451	-33.9625	474.0000
452	-33.9625	475.0000
453	-33.9625	475.0000
454	-33.9625	475.0000
455	-33.9625	475.0000
456	-33.9625	474.0000
457	-33.9625	475.0000
458	-34.1250	475.0000
459	-35.5875	475.0000
460	-33.4750	474.0000
461	-33.9625	474.0000
462	-38.1875	475.0000
463	-33.4750	474.0000
464	-33.4750	475.0000
465	-33.6375	474.0000
466	-33.4750	474.0000
467	-33.3125	475.0000
468	-33.4750	475.0000
469	-33.4750	475.0000
470	-33.4750	475.0000
471	-33.4750	475.0000
472	-33.6375	474.0000
473	-33.3125	474.0000
474	-33.1500	474.0000
475	-33.1500	475.0000
476	-33.1500	475.0000
477	-32.9875	474.0000
478	-32.8250	474.0000
479	-36.0750	475.0000
480	-33.1500	475.0000
481	-32.8250	475.0000
482	-32.8250	475.0000
483	-32.9875	475.0000
484	-32.8250	475.0000
485	-32.8250	474.0000
486	-32.9875	474.0000
487	-32.8250	474.0000
488	-32.8250	475.0000
489	-32.9875	474.0000
490	-32.8250	475.0000
491	-32.8250	474.0000
492	-32.6625	474.0000
493	-32.8250	474.0000
494	-32.8250	475.0000
495	-38.6750	474.0000
496	-32.8250	475.0000
497	-32.8250	475.0000
498	-32.8250	474.0000
499	-32.8250	474.0000
500	-32.5000	474.0000
501	-32.5000	475.0000
502	-32.3375	475.0000
503	-32.6625	475.0000
504	-32.6625	475.0000
505	-32.3375	475.0000
506	-32.3375	475.0000
507	-32.3375	475.0000
508	-32.3375	475.0000
509	-32.3375	474.0000
510	-32.5000	474.0000
511	-32.3375	475.0000
512	-32.5000	474.0000
513	-32.0125	475.0000
514	-32.3375	475.0000
515	-32.3375	474.0000
516	-32.5000	475.0000
517	-32.3375	474.0000
518	-32.5000	474.0000
519	-32.6625	475.0000
520	-32.3375	474.0000
521	-39.0000	474.0000
522	-32.3375	475.0000
523	-32.3375	474.0000
524	-32.1750	474.0000
525	-32.5000	474.0000
526	-32.3375	474.0000
527	-32.3375	475.0000
528	-32.5000	474.0000
529	-32.0125	474.0000
530	-32.0125	475.0000
531	-32.1750	472.0000
532	-32.1750	475.0000
533	-31.8500	474.0000
534	-32.0125	475.0000
535	-32.8250	475.0000
536	-32.5000	475.0000
537	-32.6625	474.0000
538	-32.8250	477.0000
539	-32.6625	473.0000
540	-32.8250	474.0000
541	-32.6625	474.0000
542	-32.6625	474.0000
543	-32.8250	474.0000
544	-32.5000	474.0000
545	-32.6625	474.0000
546	-32.5000	475.0000
547	-32.3375	474.0000
548	-32.5000	474.0000
549	-32.1750	474.0000
550	-32.3375	474.0000
551	-32.3375	473.0000
552	-33.9625	474.0000
553	-31.6875	474.0000
554	-31.6875	474.0000
555	-31.5250	473.0000
556	-31.6875	473.0000
557	-31.5250	474.0000
558	-31.8500	474.0000
559	-31.5250	474.0000
560	-31.5250	474.0000
561	-31.3625	473.0000
562	-31.5250	474.0000
563	-31.3625	473.0000
564	-31.5250	474.0000
565	-31.3625	474.0000
566	-31.3625	474.0000
567	-31.3625	473.0000
568	-31.5250	475.0000
569	-31.2000	474.0000
570	-31.3625	475.0000
571	-31.0375	474.0000
572	-31.0375	474.0000
573	-30.8750	473.0000
574	-31.2000	474.0000
575	-31.3625	474.0000
576	-31.3625	474.0000
577	-31.3625	474.0000
578	-30.8750	473.0000
579	-31.0375	474.0000
580	-31.0375	474.0000
581	-30.7125	471.0000
582	-31.2000	475.0000
583	-30.8750	474.0000
584	-30.5500	474.0000
585	-30.7125	474.0000
586	-30.5500	473.0000
587	-30.7125	473.0000
588	-30.5500	475.0000
589	-30.2250	474.0000
590	-30.0625	474.0000
591	-30.2250	474.0000
592	-30.2250	474.0000
593	-30.2250	474.0000
594	-30.2250	473.0000
595	-29.9000	474.0000
596	-29.9000	474.0000
597	-30.0625	474.0000
598	-29.9000	473.0000
599	-29.9000	470.0000
600	-29.9000	474.0000
601	-29.7375	473.0000
602	-29.5750	473.0000
603	-29.5750	473.0000
604	-29.5750	473.0000
605	-29.4125	477.0000
606	-29.2500	473.0000
607	-29.4125	474.0000
608	-29.4125	472.0000
609	-29.2500	474.0000
610	-29.0875	474.0000
611	-28.9250	474.0000
612	-28.9250	473.0000
613	-28.9250	473.0000
614	-28.9250	473.0000
615	-29.0875	473.0000
616	-28.6000	473.0000
617	-28.7625	474.0000
618	-28.6000	474.0000
619	-28.4375	474.0000
620	-28.2750	474.0000
621	-28.4375	474.0000
622	-28.9250	473.0000
623	-28.2750	473.0000
624	-28.7625	473.0000
625	-28.2750	473.0000
626	-28.6000	473.0000
627	-28.1125	473.0000
628	-27.9500	473.0000
629	-27.9500	473.0000
630	-27.9500	473.0000
631	-27.4625	474.0000
632	-28.2750	473.0000
633	-27.6250	473.0000
634	-27.4625	473.0000
635	-27.1375	473.0000
636	-27.1375	473.0000
637	-26.9750	473.0000
638	-26.6500	473.0000
639	-26.9750	473.0000
640	-26.8125	473.0000
641	-26.6500	474.0000
642	-26.8125	473.0000
643	-26.9750	473.0000
644	-26.8125	474.0000
645	-26.8125	473.0000
646	-30.0625	473.0000
647	-26.8125	473.0000
648	-26.4875	473.0000
649	-26.4875	473.0000
650	-26.4875	472.0000
651	-26.0000	473.0000
652	-25.8375	473.0000
653	-25.6750	473.0000
654	-25.5125	473.0000
655	-25.1875	473.0000
656	-25.0250	473.0000
657	-24.8625	474.0000
658	-24.2125	473.0000
659	-24.2125	473.0000
660	-23.0750	474.0000
661	-22.7500	473.0000
662	-22.1000	473.0000
663	-21.9375	472.0000
664	-20.1500	473.0000
665	-21.6125	473.0000
666	-18.3625	473.0000
667	-17.3875	473.0000
668	-15.6000	473.0000
669	-14.4625	473.0000
670	-12.8375	473.0000
671	-11.5375	473.0000
672	-10.0750	473.0000
673	-8.2875	473.0000
674	-6.6625	473.0000
675	-4.5500	474.0000
676	-2.4375	473.0000
677	-0.4875	474.0000
678	1.3000	472.0000
679	3.4125	473.0000
680	5.6875	473.0000
681	7.9625	473.0000
682	9.9125	473.0000
683	12.6750	473.0000
684	15.1125	471.0000
685	17.8750	473.0000
686	20.3125	472.0000
687	22.5875	473.0000
688	25.5125	472.0000
689	28.1125	472.0000
690	30.8750	473.0000
691	33.8000	473.0000
692	36.4000	472.0000
693	39.3250	471.0000
694	42.0875	473.0000
695	44.8500	473.0000
696	47.9375	473.0000
697	51.0250	473.0000
698	54.1125	473.0000
699	57.3625	472.0000
700	60.7750	473.0000
701	63.7000	472.0000
702	64.3500	472.0000
703	69.7125	472.0000
704	72.9625	472.0000
705	76.3750	473.0000
706	79.6250	473.0000
707	82.8750	473.0000
708	86.2875	473.0000
709	89.0500	472.0000
710	92.7875	472.0000
711	96.0375	472.0000
712	99.7750	472.0000
713	102.8625	473.0000
714	106.4375	472.0000
715	110.0125	472.0000
716	113.4250	472.0000
717	117.0000	472.0000
718	120.0875	472.0000
719	123.3375	472.0000
720	127.0750	473.0000
721	130.8125	472.0000
722	134.2250	472.0000
723	137.9625	472.0000
724	141.3750	469.0000
725	144.9500	472.0000
726	148.3625	472.0000
727	151.7750	472.0000
728	155.5125	472.0000
729	158.9250	472.0000
730	162.6625	472.0000
731	166.0750	473.0000
732	169.6500	472.0000
733	145.4375	472.0000
734	149.6625	472.0000
735	153.5625	472.0000
736	165.1000	472.0000
737	169.9750	472.0000
738	163.9625	472.0000
739	167.2125	472.0000
740	175.6625	472.0000
741	178.7500	472.0000
742	201.3375	472.0000
743	205.4000	472.0000
744	209.1375	473.0000
745	215.3125	472.0000
746	219.7000	472.0000
747	223.2750	472.0000
748	227.1750	470.0000
749	230.7500	472.0000
750	234.4875	472.0000
751	238.2250	472.0000
752	241.8000	472.0000
753	245.5375	473.0000
754	249.2750	472.0000
755	252.8500	472.0000
756	256.4250	472.0000
757	256.7500	473.0000
758	263.5750	472.0000
759	267.4750	472.0000
760	271.2125	472.0000
761	274.7875	472.0000
762	278.3625	472.0000
763	282.1000	472.0000
764	285.8375	472.0000
765	289.5750	472.0000
766	292.9875	472.0000
767	296.8875	472.0000
768	300.6250	472.0000
769	304.6875	473.0000
770	307.9375	472.0000
771	311.1875	472.0000
772	313.9500	472.0000
773	316.2250	472.0000
774	318.5000	472.0000
775	320.1250	472.0000
776	322.0750	472.0000
777	323.2125	472.0000
778	324.3500	472.0000
779	325.4875	472.0000
780	326.1375	472.0000
781	326.6250	473.0000
782	327.1125	472.0000
783	327.6000	472.0000
784	327.9250	472.0000
785	327.2750	472.0000
786	327.2750	472.0000
787	326.9500	472.0000
788	326.3000	471.0000
789	325.4875	472.0000
790	324.6750	472.0000
791	324.1875	472.0000
792	322.8875	472.0000
793	321.1000	472.0000
794	319.4750	473.0000
795	319.3125	472.0000
796	317.6875	472.0000
797	316.3875	472.0000
798	315.0875	472.0000
799	313.3000	472.0000
800	312.0000	472.0000
801	310.3750	472.0000
802	308.9125	472.0000
803	299.8125	472.0000
804	299.3250	472.0000
805	302.7375	472.0000
806	300.6250	472.0000
807	298.3500	472.0000
808	296.5625	472.0000
809	294.1250	471.0000
810	292.1750	472.0000
811	289.9000	472.0000
812	287.9500	471.0000
813	285.5125	471.0000
814	282.9125	472.0000
815	280.8000	472.0000
816	278.3625	471.0000
817	275.6000	472.0000
818	273.4875	471.0000
819	271.2125	471.0000
820	266.1750	471.0000
821	265.3625	471.0000
822	263.4125	471.0000
823	260.4875	472.0000
824	258.2125	472.0000
825	255.2875	471.0000
826	252.6875	471.0000
827	249.4375	471.0000
828	247.3250	471.0000
829	244.4000	471.0000
830	241.6375	471.0000
831	238.5500	471.0000
832	235.7875	471.0000
833	233.5125	471.0000
834	229.9375	471.0000
835	227.6625	471.0000
836	224.7375	471.0000
837	222.4625	470.0000
838	219.0500	470.0000
839	216.2875	470.0000
840	211.7375	471.0000
841	210.2750	470.0000
842	207.0250	470.0000
843	204.4250	470.0000
844	201.0125	471.0000
845	194.8375	471.0000
846	194.8375	471.0000
847	191.9125	471.0000
848	188.8250	470.0000
849	185.5750	471.0000
850	182.6500	470.0000
851	179.5625	470.0000
852	176.3125	470.0000
853	173.0625	470.0000
854	170.1375	470.0000
855	166.7250	470.0000
856	162.3375	471.0000
857	159.9000	470.0000
858	156.9750	470.0000
859	153.7250	471.0000
860	150.3125	470.0000
861	147.2250	470.0000
862	143.9750	470.0000
863	140.7250	470.0000
864	137.4750	470.0000
865	134.0625	470.0000
866	130.9750	470.0000
867	127.5625	470.0000
868	123.5000	470.0000
869	120.9000	469.0000
870	117.4875	470.0000
871	114.2375	470.0000
872	110.8250	470.0000
873	107.4125	470.0000
874	104.1625	469.0000
875	100.7500	470.0000
876	97.1750	470.0000
877	93.9250	470.0000
878	90.6750	470.0000
879	83.3625	470.0000
880	82.8750	470.0000
881	79.6250	470.0000
882	76.2125	469.0000
883	72.6375	470.0000
884	69.3875	469.0000
885	65.9750	470.0000
886	62.5625	469.0000
887	59.1500	470.0000
888	56.0625	470.0000
889	51.6750	469.0000
890	50.0500	470.0000
891	46.6375	469.0000
892	43.3875	469.0000
893	40.1375	469.0000
894	37.2125	469.0000
895	33.9625	470.0000
896	31.2000	469.0000
897	29.5750	469.0000
898	28.1125	469.0000
899	27.3000	469.0000
900	26.0000	469.0000
901	25.5125	468.0000
902	25.0250	468.0000
903	24.5375	469.0000
904	24.0500	469.0000
905	24.0500	469.0000
906	22.1000	469.0000
907	23.2375	469.0000
908	22.9125	469.0000
909	22.5875	470.0000
910	22.2625	469.0000
911	22.2625	469.0000
912	21.9375	468.0000
913	21.7750	469.0000
914	22.1000	469.0000
915	21.4500	468.0000
916	21.4500	469.0000
917	21.1250	468.0000
918	16.0875	469.0000
919	21.1250	468.0000
920	18.6875	469.0000
921	21.2875	469.0000
922	20.8000	469.0000
923	20.8000	467.0000
924	20.6375	468.0000
925	14.6250	469.0000
926	20.6375	468.0000
927	20.3125	468.0000
928	20.3125	468.0000
929	20.3125	468.0000
930	20.3125	469.0000
931	20.3125	469.0000
932	20.1500	469.0000
933	20.3125	468.0000
934	18.5250	468.0000
935	19.9875	468.0000
936	19.8250	468.0000
937	19.9875	468.0000
938	19.8250	467.0000
939	19.6625	468.0000
940	19.1750	468.0000
941	19.6625	468.0000
942	19.1750	468.0000
943	19.3375	469.0000
944	19.1750	469.0000
945	19.1750	468.0000
946	18.8500	468.0000
947	19.1750	468.0000
948	19.0125	468.0000
949	19.1750	468.0000
950	19.1750	467.0000
951	18.8500	468.0000
952	18.6875	468.0000
953	18.6875	468.0000
954	18.6875	467.0000
955	18.6875	468.0000
956	18.6875	468.0000
957	18.5250	468.0000
958	18.5250	468.0000
959	18.3625	468.0000
960	18.3625	468.0000
961	18.3625	468.0000
962	16.7375	468.0000
963	18.3625	467.0000
964	18.3625	468.0000
965	18.2000	468.0000
966	18.2000	468.0000
967	16.5750	467.0000
968	17.5500	467.0000
969	17.2250	467.0000
970	17.2250	468.0000
971	17.7125	468.0000
972	17.8750	467.0000
973	17.7125	467.0000
974	17.8750	467.0000
975	17.8750	467.0000
976	17.7125	467.0000
977	16.7375	467.0000
978	13.9750	467.0000
979	16.7375	467.0000
980	16.0875	467.0000
981	16.9000	467.0000
982	16.9000	467.0000
983	16.9000	468.0000
984	16.5750	467.0000
985	16.4125	467.0000
986	16.5750	468.0000
987	16.4125	467.0000
988	17.0625	467.0000
989	16.7375	467.0000
990	17.0625	467.0000
991	17.2250	467.0000
992	17.0625	467.0000
993	17.0625	467.0000
994	16.5750	467.0000
995	16.9000	467.0000
996	15.9250	467.0000
997	17.2250	467.0000
998	16.4125	467.0000
999	15.7625	467.0000
1000	9.5875	467.0000
1001	16.5750	467.0000
1002	16.9000	467.0000
1003	16.9000	467.0000
1004	17.0625	467.0000
1005	17.0625	468.0000
1006	16.9000	467.0000
1007	16.7375	467.0000
1008	16.7375	467.0000
1009	16.7375	467.0000
1010	16.4125	467.0000
1011	16.2500	467.0000
1012	11.5375	467.0000
1013	16.4125	467.0000
1014	16.5750	467.0000
1015	16.5750	467.0000
1016	16.7375	467.0000
1017	16.7375	467.0000
1018	16.7375	467.0000
1019	16.5750	467.0000
1020	16.9000	467.0000
1021	16.9000	467.0000
1022	16.7375	467.0000
1023	11.0500	466.0000

