0	2.9250	791.0000
1	3.7375	791.0000
2	0.3250	792.0000
3	-2.2750	791.0000
4	-2.2750	792.0000
5	1.7875	791.0000
6	3.0875	791.0000
7	3.7375	791.0000
8	3.5750	791.0000
9	1.4625	791.0000
10	3.4125	791.0000
11	3.5750	790.0000
12	3.7375	791.0000
13	3.4125	792.0000
14	3.2500	791.0000
15	3.5750	792.0000
16	3.4125	791.0000
17	3.5750	792.0000
18	3.5750	792.0000
19	3.5750	791.0000
20	3.4125	791.0000
21	3.5750	791.0000
22	3.5750	792.0000
23	1.7875	791.0000
24	3.0875	791.0000
25	3.2500	791.0000
26	2.9250	791.0000
27	2.7625	791.0000
28	3.4125	791.0000
29	3.0875	791.0000
30	3.5750	792.0000
31	3.7375	791.0000
32	4.0625	791.0000
33	4.2250	792.0000
34	3.9000	790.0000
35	4.0625	791.0000
36	3.9000	791.0000
37	3.9000	791.0000
38	3.7375	791.0000
39	3.9000	791.0000
40	3.9000	792.0000
41	3.9000	792.0000
42	3.9000	791.0000
43	3.7375	791.0000
44	2.4375	791.0000
45	3.7375	791.0000
46	3.9000	791.0000
47	3.7375	791.0000
48	3.5750	792.0000
49	3.9000	791.0000
50	3.9000	791.0000
51	3.5750	791.0000
52	3.4125	791.0000
53	3.9000	791.0000
54	3.7375	792.0000
55	3.7375	791.0000
56	3.9000	791.0000
57	3.7375	790.0000
58	3.7375	791.0000
59	3.9000	791.0000
60	3.9000	791.0000
61	3.4125	792.0000
62	3.5750	791.0000
63	3.9000	791.0000
64	3.5750	791.0000
65	3.9000	791.0000
66	3.7375	791.0000
67	3.7375	791.0000
68	3.9000	791.0000
69	3.9000	791.0000
70	3.9000	791.0000
71	3.9000	792.0000
72	3.9000	792.0000
73	3.5750	792.0000
74	3.5750	792.0000
75	3.7375	791.0000
76	3.7375	792.0000
77	3.5750	791.0000
78	3.5750	791.0000
79	3.5750	791.0000
80	1.7875	791.0000
81	3.2500	791.0000
82	3.5750	791.0000
83	3.4125	791.0000
84	2.9250	791.0000
85	3.5750	791.0000
86	3.7375	791.0000
87	3.7375	792.0000
88	3.4125	791.0000
89	3.7375	791.0000
90	3.7375	791.0000
91	3.9000	792.0000
92	3.9000	791.0000
93	3.5750	792.0000
94	3.7375	791.0000
95	1.6250	791.0000
96	3.2500	791.0000
97	3.5750	791.0000
98	1.3000	792.0000
99	3.2500	791.0000
100	3.4125	791.0000
101	3.7375	791.0000
102	3.5750	792.0000
103	3.5750	791.0000
104	3.7375	791.0000
105	3.5750	791.0000
106	3.4125	791.0000
107	2.9250	791.0000
108	2.6000	792.0000
109	2.6000	792.0000
110	2.4375	791.0000
111	2.4375	792.0000
112	2.4375	791.0000
113	2.2750	791.0000
114	2.6000	791.0000
115	-3.2500	792.0000
116	2.6000	791.0000
117	1.6250	791.0000
118	2.2750	791.0000
119	2.4375	792.0000
120	2.6000	792.0000
121	2.1125	790.0000
122	2.1125	792.0000
123	2.2750	792.0000
124	2.4375	792.0000
125	2.4375	791.0000
126	2.4375	792.0000
127	2.2750	791.0000
128	1.4625	792.0000
129	1.7875	791.0000
130	1.6250	791.0000
131	1.9500	791.0000
132	1.6250	792.0000
133	1.7875	791.0000
134	-0.1625	791.0000
135	1.9500	792.0000
136	1.7875	791.0000
137	1.9500	792.0000
138	1.9500	791.0000
139	1.7875	792.0000
140	1.7875	791.0000
141	1.9500	791.0000
142	1.7875	791.0000
143	1.3000	792.0000
144	1.4625	791.0000
145	1.4625	791.0000
146	1.7875	792.0000
147	1.3000	791.0000
148	1.6250	792.0000
149	1.4625	791.0000
150	1.3000	792.0000
151	1.3000	791.0000
152	1.3000	791.0000
153	1.3000	791.0000
154	1.1375	791.0000
155	0.9750	791.0000
156	0.8125	794.0000
157	0.4875	791.0000
158	0.3250	791.0000
159	-0.1625	792.0000
160	-0.1625	792.0000
161	-0.4875	791.0000
162	-0.8125	790.0000
163	-1.1375	792.0000
164	-1.4625	790.0000
165	-1.7875	791.0000
166	-1.9500	791.0000
167	-2.2750	791.0000
168	-2.7625	791.0000
169	-3.4125	792.0000
170	-3.9000	791.0000
171	-4.3875	792.0000
172	-4.3875	792.0000
173	-4.8750	791.0000
174	-5.3625	792.0000
175	-6.3375	791.0000
176	-6.9875	792.0000
177	-7.1500	791.0000
178	-7.4750	791.0000
179	-7.9625	791.0000
180	-8.6125	792.0000
181	-9.2625	791.0000
182	-9.9125	791.0000
183	-10.7250	792.0000
184	-11.0500	792.0000
185	-11.7000	791.0000
186	-12.3500	791.0000
187	-13.0000	792.0000
188	-13.9750	791.0000
189	-14.6250	791.0000
190	-15.4375	791.0000
191	-16.2500	791.0000
192	-16.9000	794.0000
193	-17.8750	791.0000
194	-18.6875	791.0000
195	-19.1750	791.0000
196	-20.1500	792.0000
197	-20.8000	791.0000
198	-21.6125	791.0000
199	-22.4250	791.0000
200	-23.4000	792.0000
201	-24.3750	791.0000
202	-25.5125	791.0000
203	-26.0000	791.0000
204	-27.3000	792.0000
205	-28.2750	791.0000
206	-31.5250	792.0000
207	-31.3625	791.0000
208	-31.8500	791.0000
209	-32.6625	791.0000
210	-33.8000	791.0000
211	-34.9375	791.0000
212	-35.7500	790.0000
213	-37.3750	792.0000
214	-38.0250	791.0000
215	-39.0000	792.0000
216	-39.9750	791.0000
217	-40.9500	792.0000
218	-41.9250	791.0000
219	-43.0625	791.0000
220	-44.3625	791.0000
221	-45.5000	791.0000
222	-46.4750	791.0000
223	-47.9375	791.0000
224	-49.0750	792.0000
225	-49.8875	791.0000
226	-54.9250	792.0000
227	-52.6500	791.0000
228	-53.7875	792.0000
229	-54.9250	791.0000
230	-56.2250	792.0000
231	-57.5250	792.0000
232	-58.6625	791.0000
233	-59.9625	791.0000
234	-61.1000	790.0000
235	-62.5625	792.0000
236	-63.7000	791.0000
237	-65.1625	792.0000
238	-66.4625	791.0000
239	-67.9250	792.0000
240	-69.7125	791.0000
241	-70.3625	792.0000
242	-71.9875	791.0000
243	-73.2875	791.0000
244	-74.5875	791.0000
245	-79.4625	791.0000
246	-77.6750	791.0000
247	-78.4875	791.0000
248	-79.9500	792.0000
249	-80.9250	791.0000
250	-82.3875	792.0000
251	-84.0125	792.0000
252	-85.1500	792.0000
253	-86.4500	791.0000
254	-87.9125	792.0000
255	-89.2125	791.0000
256	-90.5125	791.0000
257	-91.8125	791.0000
258	-93.2750	791.0000
259	-94.5750	791.0000
260	-95.5500	791.0000
261	-99.2875	791.0000
262	-98.3125	789.0000
263	-98.4750	792.0000
264	-99.2875	791.0000
265	-100.4250	793.0000
266	-100.9125	791.0000
267	-101.4000	792.0000
268	-102.5375	791.0000
269	-104.1625	792.0000
270	-103.3500	792.0000
271	-104.0000	791.0000
272	-104.4875	792.0000
273	-105.7875	791.0000
274	-106.2750	792.0000
275	-105.4625	791.0000
276	-105.7875	792.0000
277	-105.7875	791.0000
278	-105.9500	792.0000
279	-106.1125	791.0000
280	-106.4375	792.0000
281	-106.7625	791.0000
282	-106.4375	791.0000
283	-112.6125	792.0000
284	-106.6000	791.0000
285	-106.6000	792.0000
286	-106.7625	793.0000
287	-106.2750	792.0000
288	-106.1125	791.0000
289	-105.6250	792.0000
290	-105.4625	791.0000
291	-106.9250	792.0000
292	-105.3000	792.0000
293	-105.1375	791.0000
294	-107.4125	792.0000
295	-105.4625	791.0000
296	-104.4875	792.0000
297	-103.3500	791.0000
298	-103.0250	792.0000
299	-102.3750	792.0000
300	-102.0500	792.0000
301	-101.8875	791.0000
302	-100.9125	792.0000
303	-100.4250	791.0000
304	-99.7750	792.0000
305	-99.2875	792.0000
306	-98.6375	792.0000
307	-98.3125	792.0000
308	-97.5000	791.0000
309	-96.6875	792.0000
310	-96.0375	791.0000
311	-95.5500	792.0000
312	-94.9000	791.0000
313	-94.2500	792.0000
314	-93.2750	791.0000
315	-92.3000	792.0000
316	-91.4875	791.0000
317	-90.3500	792.0000
318	-89.7000	790.0000
319	-89.2125	790.0000
320	-88.8875	792.0000
321	-87.2625	791.0000
322	-86.4500	791.0000
323	-85.8000	792.0000
324	-84.9875	792.0000
325	-84.1750	791.0000
326	-82.8750	792.0000
327	-82.0625	791.0000
328	-81.2500	792.0000
329	-80.2750	791.0000
330	-79.4625	791.0000
331	-78.3250	791.0000
332	-77.3500	792.0000
333	-76.2125	791.0000
334	-75.5625	792.0000
335	-91.3250	792.0000
336	-77.0250	791.0000
337	-72.9625	792.0000
338	-72.1500	791.0000
339	-70.8500	792.0000
340	-69.8750	791.0000
341	-68.9000	791.0000
342	-67.7625	791.0000
343	-66.4625	791.0000
344	-65.3250	791.0000
345	-64.1875	791.0000
346	-62.8875	792.0000
347	-61.7500	792.0000
348	-60.7750	792.0000
349	-59.9625	791.0000
350	-78.4875	792.0000
351	-58.6625	791.0000
352	-56.0625	792.0000
353	-55.2500	791.0000
354	-53.6250	792.0000
355	-52.6500	791.0000
356	-56.2250	792.0000
357	-65.1625	792.0000
358	-55.7375	790.0000
359	-47.9375	791.0000
360	-47.1250	791.0000
361	-46.9625	792.0000
362	-44.0375	791.0000
363	-42.4125	792.0000
364	-41.2750	791.0000
365	-39.9750	791.0000
366	-38.5125	791.0000
367	-37.3750	791.0000
368	-36.0750	788.0000
369	-34.6125	792.0000
370	-33.3125	791.0000
371	-32.0125	791.0000
372	-30.8750	792.0000
373	-29.5750	791.0000
374	-28.1125	791.0000
375	-26.8125	791.0000
376	-25.6750	791.0000
377	-24.3750	791.0000
378	-23.2375	792.0000
379	-21.9375	791.0000
380	-20.8000	791.0000
381	-19.6625	792.0000
382	-18.5250	791.0000
383	-17.5500	792.0000
384	-16.7375	790.0000
385	-15.9250	792.0000
386	-15.1125	791.0000
387	-14.1375	791.0000
388	-13.8125	791.0000
389	-13.4875	792.0000
390	-13.0000	792.0000
391	-12.5125	791.0000
392	-20.4750	791.0000
393	-12.8375	791.0000
394	-12.5125	791.0000
395	-11.8625	793.0000
396	-13.3250	791.0000
397	-13.1625	791.0000
398	-13.0000	792.0000
399	-14.6250	791.0000
400	-11.2125	792.0000
401	-11.0500	791.0000
402	-10.8875	792.0000
403	-10.7250	791.0000
404	-10.5625	792.0000
405	-10.4000	791.0000
406	-10.4000	791.0000
407	-10.4000	791.0000
408	-10.2375	791.0000
409	-10.0750	792.0000
410	-9.7500	791.0000
411	-9.5875	792.0000
412	-9.5875	791.0000
413	-9.5875	791.0000
414	-9.5875	791.0000
415	-9.5875	791.0000
416	-9.4250	791.0000
417	-9.5875	791.0000
418	-9.2625	792.0000
419	-9.4250	791.0000
420	-9.1000	791.0000
421	-9.1000	790.0000
422	-8.9375	791.0000
423	-9.1000	791.0000
424	-9.1000	792.0000
425	-8.9375	791.0000
426	-8.9375	792.0000
427	-8.7750	791.0000
428	-8.9375	791.0000
429	-8.7750	791.0000
430	-8.6125	791.0000
431	-8.4500	791.0000
432	-8.4500	791.0000
433	-8.2875	792.0000
434	-8.6125	792.0000
435	-8.4500	791.0000
436	-8.4500	791.0000
437	-8.4500	792.0000
438	-8.2875	791.0000
439	-8.2875	792.0000
440	-8.4500	791.0000
441	-8.4500	791.0000
442	-8.4500	791.0000
443	-8.4500	791.0000
444	-8.4500	792.0000
445	-8.4500	791.0000
446	-8.1250	792.0000
447	-8.2875	791.0000
448	-11.2125	792.0000
449	-8.2875	791.0000
450	-8.1250	791.0000
451	-8.1250	791.0000
452	-7.9625	792.0000
453	-7.8000	791.0000
454	-8.1250	792.0000
455	-8.1250	791.0000
456	-7.9625	792.0000
457	-7.9625	792.0000
458	-7.8000	791.0000
459	-7.8000	791.0000
460	-7.8000	791.0000
461	-7.6375	791.0000
462	-7.6375	791.0000
463	-7.8000	791.0000
464	-7.9625	791.0000
465	-7.8000	791.0000
466	-7.6375	791.0000
467	-8.6125	791.0000
468	-8.2875	791.0000
469	-7.8000	791.0000
470	-7.9625	791.0000
471	-8.1250	791.0000
472	-7.8000	792.0000
473	-7.4750	791.0000
474	-10.0750	792.0000
475	-7.4750	791.0000
476	-7.3125	792.0000
477	-7.6375	791.0000
478	-7.6375	791.0000
479	-7.4750	792.0000
480	-7.6375	791.0000
481	-7.4750	792.0000
482	-7.3125	791.0000
483	-7.3125	792.0000
484	-7.4750	791.0000
485	-7.6375	792.0000
486	-7.4750	791.0000
487	-7.4750	792.0000
488	-7.3125	791.0000
489	-7.6375	792.0000
490	-7.3125	791.0000
491	-6.9875	792.0000
492	-7.4750	791.0000
493	-7.3125	791.0000
494	-7.1500	791.0000
495	-7.4750	791.0000
496	-7.3125	792.0000
497	-7.4750	791.0000
498	-7.4750	792.0000
499	-7.1500	791.0000
500	-7.3125	792.0000
501	-6.9875	791.0000
502	-7.1500	792.0000
503	-7.3125	791.0000
504	-7.4750	791.0000
505	-7.3125	791.0000
506	-7.1500	791.0000
507	-7.3125	791.0000
508	-7.3125	791.0000
509	-6.9875	791.0000
510	-7.3125	791.0000
511	-7.3125	792.0000
512	-7.1500	791.0000
513	-6.8250	792.0000
514	-6.8250	791.0000
515	-7.1500	791.0000
516	-6.9875	791.0000
517	-6.9875	791.0000
518	-6.9875	791.0000
519	-6.9875	791.0000
520	-7.1500	792.0000
521	-6.9875	791.0000
522	-7.1500	792.0000
523	-7.1500	791.0000
524	-7.4750	792.0000
525	-7.8000	791.0000
526	-7.3125	792.0000
527	-6.9875	791.0000
528	-6.9875	791.0000
529	-7.1500	790.0000
530	-6.9875	791.0000
531	-7.3125	792.0000
532	-7.6375	791.0000
533	-8.6125	792.0000
534	-6.8250	791.0000
535	-6.9875	792.0000
536	-6.9875	791.0000
537	-6.9875	791.0000
538	-6.8250	791.0000
539	-7.3125	791.0000
540	-7.8000	791.0000
541	-7.1500	791.0000
542	-7.3125	791.0000
543	-6.8250	791.0000
544	-7.1500	792.0000
545	-6.5000	791.0000
546	-6.9875	792.0000
547	-6.9875	791.0000
548	-6.6625	792.0000
549	-6.8250	795.0000
550	-6.8250	792.0000
551	-7.6375	791.0000
552	-6.9875	792.0000
553	-7.1500	792.0000
554	-6.5000	791.0000
555	-7.3125	792.0000
556	-6.8250	792.0000
557	-6.6625	792.0000
558	-6.8250	792.0000
559	-7.1500	792.0000
560	-6.6625	791.0000
561	-6.8250	792.0000
562	-7.3125	792.0000
563	-6.6625	792.0000
564	-6.6625	791.0000
565	-6.9875	792.0000
566	-6.6625	791.0000
567	-6.9875	792.0000
568	-6.5000	792.0000
569	-6.6625	791.0000
570	-6.6625	792.0000
571	-6.5000	792.0000
572	-6.6625	792.0000
573	-7.6375	791.0000
574	-7.3125	791.0000
575	-6.3375	792.0000
576	-6.5000	791.0000
577	-6.5000	791.0000
578	-6.3375	792.0000
579	-7.1500	794.0000
580	-6.5000	791.0000
581	-6.3375	792.0000
582	-6.5000	791.0000
583	-6.3375	793.0000
584	-6.3375	791.0000
585	-6.3375	791.0000
586	-6.0125	791.0000
587	-6.0125	791.0000
588	-6.1750	791.0000
589	-6.0125	792.0000
590	-6.0125	791.0000
591	-6.1750	792.0000
592	-6.3375	791.0000
593	-6.0125	792.0000
594	-7.3125	792.0000
595	-6.1750	792.0000
596	-6.0125	791.0000
597	-6.1750	791.0000
598	-6.0125	792.0000
599	-6.6625	792.0000
600	-6.1750	792.0000
601	-7.3125	791.0000
602	-5.8500	792.0000
603	-6.0125	791.0000
604	-5.5250	792.0000
605	-5.6875	792.0000
606	-5.8500	791.0000
607	-5.8500	791.0000
608	-5.8500	791.0000
609	-5.5250	791.0000
610	-6.3375	791.0000
611	-5.6875	791.0000
612	-5.3625	791.0000
613	-5.3625	791.0000
614	-7.9625	791.0000
615	-6.0125	792.0000
616	-5.3625	791.0000
617	-5.3625	791.0000
618	-6.8250	792.0000
619	-5.2000	791.0000
620	-5.3625	791.0000
621	-5.8500	791.0000
622	-5.5250	791.0000
623	-5.0375	791.0000
624	-5.2000	792.0000
625	-5.5250	791.0000
626	-5.3625	791.0000
627	-5.2000	790.0000
628	-5.2000	792.0000
629	-5.0375	791.0000
630	-4.7125	791.0000
631	-4.7125	792.0000
632	-4.7125	792.0000
633	-4.5500	791.0000
634	-4.8750	792.0000
635	-4.5500	792.0000
636	-4.5500	791.0000
637	-4.3875	792.0000
638	-4.8750	791.0000
639	-5.2000	792.0000
640	-4.7125	791.0000
641	-4.0625	791.0000
642	-4.2250	791.0000
643	-4.0625	791.0000
644	-3.9000	791.0000
645	-3.9000	791.0000
646	-4.0625	792.0000
647	-4.0625	790.0000
648	-4.0625	791.0000
649	-4.2250	791.0000
650	-4.0625	792.0000
651	-4.5500	791.0000
652	-3.7375	791.0000
653	-3.9000	792.0000
654	-4.2250	791.0000
655	-3.7375	791.0000
656	-4.0625	791.0000
657	-3.5750	792.0000
658	-5.0375	791.0000
659	-3.5750	791.0000
660	-3.7375	791.0000
661	-3.2500	792.0000
662	-4.7125	792.0000
663	-3.5750	792.0000
664	-2.6000	791.0000
665	-2.4375	791.0000
666	-2.2750	792.0000
667	-2.2750	792.0000
668	-2.4375	792.0000
669	-2.4375	790.0000
670	-1.6250	791.0000
671	-1.4625	791.0000
672	-1.1375	791.0000
673	-1.3000	791.0000
674	-0.4875	791.0000
675	-0.3250	791.0000
676	0.0000	792.0000
677	0.6500	791.0000
678	1.3000	791.0000
679	1.3000	791.0000
680	1.9500	791.0000
681	2.4375	791.0000
682	2.7625	791.0000
683	2.9250	792.0000
684	3.0875	791.0000
685	4.5500	792.0000
686	4.7125	791.0000
687	5.6875	792.0000
688	6.1750	791.0000
689	6.8250	791.0000
690	2.6000	791.0000
691	7.9625	791.0000
692	8.9375	791.0000
693	9.4250	791.0000
694	10.0750	791.0000
695	11.0500	790.0000
696	11.8625	792.0000
697	12.8375	791.0000
698	13.6500	792.0000
699	14.4625	791.0000
700	15.1125	792.0000
701	16.0875	791.0000
702	17.0625	792.0000
703	17.5500	791.0000
704	18.6875	791.0000
705	19.9875	792.0000
706	20.6375	791.0000
707	21.4500	792.0000
708	22.7500	791.0000
709	23.7250	792.0000
710	24.5375	791.0000
711	25.5125	791.0000
712	26.6500	791.0000
713	27.6250	792.0000
714	29.0875	791.0000
715	30.0625	791.0000
716	31.0375	792.0000
717	32.0125	791.0000
718	30.7125	791.0000
719	34.4500	790.0000
720	35.4250	791.0000
721	36.5625	791.0000
722	37.8625	791.0000
723	39.0000	791.0000
724	40.1375	791.0000
725	41.6000	790.0000
726	42.2500	791.0000
727	43.8750	791.0000
728	45.0125	792.0000
729	46.3125	791.0000
730	47.4500	790.0000
731	48.5875	790.0000
732	49.4000	789.0000
733	50.8625	792.0000
734	52.0000	791.0000
735	53.3000	791.0000
736	54.7625	791.0000
737	55.9000	791.0000
738	57.2000	791.0000
739	58.5000	791.0000
740	59.6375	791.0000
741	60.7750	791.0000
742	62.4000	791.0000
743	63.2125	790.0000
744	64.5125	792.0000
745	66.1375	791.0000
746	67.6000	792.0000
747	69.0625	791.0000
748	69.5500	792.0000
749	71.3375	791.0000
750	72.3125	791.0000
751	73.7750	791.0000
752	75.4000	791.0000
753	76.2125	791.0000
754	77.5125	791.0000
755	78.9750	792.0000
756	80.7625	790.0000
757	81.5750	791.0000
758	82.7125	791.0000
759	84.1750	792.0000
760	85.8000	790.0000
761	86.4500	792.0000
762	88.4000	791.0000
763	88.7250	791.0000
764	90.6750	791.0000
765	91.4875	792.0000
766	93.4375	791.0000
767	94.9000	791.0000
768	96.2000	791.0000
769	97.6625	791.0000
770	98.6375	792.0000
771	98.3125	791.0000
772	100.4250	792.0000
773	102.5375	791.0000
774	103.5125	792.0000
775	104.6500	791.0000
776	105.1375	791.0000
777	105.9500	792.0000
778	106.9250	791.0000
779	107.9000	792.0000
780	107.9000	791.0000
781	109.0375	791.0000
782	109.5250	792.0000
783	109.2000	792.0000
784	110.5000	791.0000
785	110.8250	793.0000
786	110.9875	791.0000
787	110.8250	792.0000
788	111.6375	791.0000
789	112.1250	792.0000
790	111.8000	791.0000
791	110.5000	791.0000
792	112.2875	791.0000
793	112.4500	791.0000
794	112.1250	791.0000
795	112.1250	791.0000
796	112.1250	792.0000
797	112.1250	791.0000
798	111.4750	792.0000
799	111.8000	791.0000
800	111.4750	791.0000
801	94.0875	792.0000
802	108.2250	792.0000
803	111.1500	791.0000
804	110.6625	791.0000
805	110.3375	788.0000
806	109.8500	791.0000
807	109.8500	792.0000
808	109.3625	791.0000
809	108.7125	792.0000
810	108.2250	791.0000
811	108.0625	792.0000
812	106.6000	791.0000
813	106.9250	791.0000
814	105.9500	791.0000
815	105.6250	792.0000
816	105.4625	791.0000
817	105.1375	791.0000
818	104.1625	792.0000
819	103.1875	791.0000
820	102.8625	791.0000
821	102.2125	791.0000
822	101.7250	791.0000
823	100.5875	790.0000
824	100.4250	791.0000
825	99.4500	791.0000
826	98.6375	792.0000
827	97.9875	791.0000
828	97.5000	791.0000
829	96.6875	792.0000
830	96.2000	792.0000
831	94.4125	791.0000
832	94.5750	790.0000
833	93.4375	792.0000
834	92.3000	791.0000
835	91.8125	791.0000
836	91.0000	790.0000
837	90.1875	791.0000
838	89.2125	791.0000
839	88.4000	791.0000
840	87.2625	791.0000
841	86.6125	791.0000
842	85.3125	796.0000
843	84.5000	791.0000
844	83.5250	792.0000
845	82.5500	790.0000
846	80.2750	792.0000
847	80.6000	791.0000
848	78.8125	792.0000
849	78.6500	791.0000
850	76.7000	792.0000
851	76.3750	792.0000
852	75.2375	791.0000
853	73.9375	791.0000
854	73.2875	790.0000
855	71.9875	789.0000
856	71.0125	788.0000
857	69.7125	789.0000
858	68.7375	787.0000
859	67.4375	787.0000
860	66.3000	786.0000
861	65.0000	786.0000
862	63.8625	785.0000
863	62.8875	785.0000
864	61.5875	784.0000
865	59.9625	785.0000
866	58.8250	784.0000
867	57.2000	783.0000
868	56.2250	784.0000
869	52.6500	782.0000
870	54.2750	783.0000
871	52.9750	783.0000
872	51.5125	783.0000
873	50.3750	782.0000
874	48.9125	782.0000
875	47.6125	782.0000
876	46.4750	781.0000
877	44.8500	782.0000
878	43.5500	781.0000
879	42.2500	782.0000
880	40.9500	782.0000
881	39.8125	782.0000
882	38.3500	781.0000
883	36.8875	781.0000
884	35.5875	781.0000
885	34.2875	781.0000
886	33.1500	784.0000
887	30.8750	781.0000
888	30.0625	781.0000
889	28.9250	784.0000
890	28.1125	781.0000
891	26.9750	780.0000
892	25.6750	782.0000
893	24.5375	781.0000
894	22.7500	781.0000
895	21.6125	780.0000
896	21.4500	781.0000
897	20.6375	780.0000
898	20.1500	781.0000
899	18.3625	780.0000
900	19.1750	781.0000
901	18.0375	781.0000
902	18.2000	780.0000
903	18.2000	781.0000
904	17.8750	780.0000
905	17.3875	780.0000
906	17.5500	780.0000
907	16.9000	781.0000
908	15.1125	780.0000
909	16.7375	781.0000
910	16.7375	780.0000
911	16.5750	781.0000
912	13.1625	780.0000
913	16.0875	781.0000
914	15.7625	781.0000
915	16.0875	780.0000
916	14.9500	780.0000
917	15.1125	780.0000
918	15.7625	781.0000
919	15.6000	780.0000
920	13.0000	781.0000
921	14.7875	780.0000
922	13.3250	781.0000
923	-2.1125	780.0000
924	-14.4625	781.0000
925	-14.6250	780.0000
926	-14.9500	781.0000
927	-14.6250	780.0000
928	9.9125	781.0000
929	14.9500	781.0000
930	14.6250	780.0000
931	14.9500	781.0000
932	14.4625	780.0000
933	14.4625	781.0000
934	13.8125	780.0000
935	14.4625	781.0000
936	14.4625	780.0000
937	14.1375	781.0000
938	13.8125	781.0000
939	14.4625	781.0000
940	14.1375	781.0000
941	13.9750	780.0000
942	12.1875	781.0000
943	8.6125	780.0000
944	14.4625	780.0000
945	14.3000	780.0000
946	14.4625	781.0000
947	14.3000	780.0000
948	13.9750	780.0000
949	14.1375	780.0000
950	13.3250	780.0000
951	13.4875	780.0000
952	13.8125	780.0000
953	13.9750	780.0000
954	13.8125	781.0000
955	13.8125	780.0000
956	13.6500	780.0000
957	14.1375	781.0000
958	13.9750	780.0000
959	13.6500	781.0000
960	13.8125	780.0000
961	13.9750	781.0000
962	13.8125	780.0000
963	13.4875	780.0000
964	13.6500	780.0000
965	13.8125	780.0000
966	13.8125	781.0000
967	13.3250	780.0000
968	13.6500	781.0000
969	13.4875	780.0000
970	13.4875	781.0000
971	13.4875	780.0000
972	13.4875	781.0000
973	13.1625	780.0000
974	13.3250	781.0000
975	13.0000	780.0000
976	13.1625	780.0000
977	12.8375	780.0000
978	11.7000	780.0000
979	12.8375	781.0000
980	13.1625	780.0000
981	13.3250	780.0000
982	11.8625	780.0000
983	12.8375	781.0000
984	12.5125	780.0000
985	13.3250	781.0000
986	13.0000	780.0000
987	12.8375	781.0000
988	13.0000	780.0000
989	12.3500	780.0000
990	12.0250	780.0000
991	11.7000	780.0000
992	13.0000	781.0000
993	13.0000	780.0000
994	12.6750	781.0000
995	12.3500	780.0000
996	12.8375	780.0000
997	11.2125	780.0000
998	12.8375	780.0000
999	12.5125	780.0000
1000	12.6750	780.0000
1001	12.8375	781.0000
1002	12.8375	780.0000
1003	12.6750	781.0000
1004	12.5125	779.0000
1005	12.6750	780.0000
1006	12.8375	780.0000
1007	12.8375	781.0000
1008	11.8625	780.0000
1009	12.6750	781.0000
1010	12.8375	780.0000
1011	12.6750	781.0000
1012	12.8375	780.0000
1013	12.8375	781.0000
1014	13.0000	781.0000
1015	12.3500	781.0000
1016	12.8375	781.0000
1017	11.3750	780.0000
1018	12.6750	781.0000
1019	12.6750	780.0000
1020	12.8375	780.0000
1021	12.6750	780.0000
1022	12.8375	781.0000
1023	9.1000	780.0000
#9351
0	6.1750	780.0000
1	10.4000	780.0000
2	1.9500	780.0000
3	6.5000	781.0000
4	11.5375	781.0000
5	11.0500	781.0000
6	2.2750	780.0000
7	11.8625	782.0000
8	11.8625	780.0000
9	11.0500	780.0000
10	11.8625	780.0000
11	11.7000	781.0000
12	11.3750	781.0000
13	11.7000	780.0000
14	11.8625	782.0000
15	11.7000	780.0000
16	11.7000	781.0000
17	11.7000	780.0000
18	12.0250	781.0000
19	12.0250	780.0000
20	12.0250	780.0000
21	12.0250	780.0000
22	11.8625	781.0000
23	11.8625	781.0000
24	11.8625	781.0000
25	11.7000	781.0000
26	11.8625	780.0000
27	11.8625	782.0000
28	11.7000	781.0000
29	11.8625	781.0000
30	11.7000	780.0000
31	11.5375	781.0000
32	11.7000	780.0000
33	11.7000	781.0000
34	11.7000	780.0000
35	11.5375	781.0000
36	11.5375	781.0000
37	11.3750	780.0000
38	11.5375	781.0000
39	11.3750	780.0000
40	11.2125	781.0000
41	11.3750	780.0000
42	11.8625	781.0000
43	12.0250	780.0000
44	11.8625	781.0000
45	11.8625	780.0000
46	12.0250	781.0000
47	12.1875	780.0000
48	12.1875	781.0000
49	11.8625	781.0000
50	11.8625	780.0000
51	12.0250	781.0000
52	12.1875	780.0000
53	12.1875	782.0000
54	11.8625	780.0000
55	10.2375	781.0000
56	11.8625	780.0000
57	11.5375	781.0000
58	12.0250	780.0000
59	11.8625	780.0000
60	11.8625	780.0000
61	11.7000	781.0000
62	11.5375	781.0000
63	11.7000	781.0000
64	11.8625	782.0000
65	10.8875	780.0000
66	11.3750	780.0000
67	11.3750	780.0000
68	11.3750	781.0000
69	11.2125	780.0000
70	11.3750	781.0000
71	11.3750	780.0000
72	10.8875	780.0000
73	10.2375	780.0000
74	11.5375	780.0000
75	11.8625	780.0000
76	11.5375	781.0000
77	11.5375	781.0000
78	11.5375	780.0000
79	10.2375	781.0000
80	11.2125	780.0000
81	11.5375	781.0000
82	11.8625	780.0000
83	11.5375	781.0000
84	11.5375	780.0000
85	11.3750	781.0000
86	11.5375	780.0000
87	11.2125	780.0000
88	11.2125	780.0000
89	11.5375	780.0000
90	11.3750	781.0000
91	11.5375	780.0000
92	11.3750	781.0000
93	11.3750	780.0000
94	10.7250	781.0000
95	8.7750	780.0000
96	11.0500	778.0000
97	11.3750	781.0000
98	10.8875	780.0000
99	11.2125	781.0000
100	11.0500	780.0000
101	10.8875	780.0000
102	10.8875	780.0000
103	11.2125	781.0000
104	11.0500	780.0000
105	10.7250	780.0000
106	11.0500	780.0000
107	10.8875	781.0000
108	10.7250	780.0000
109	10.5625	781.0000
110	10.7250	781.0000
111	10.5625	780.0000
112	10.2375	782.0000
113	10.4000	780.0000
114	9.9125	780.0000
115	10.0750	780.0000
116	10.2375	781.0000
117	10.4000	780.0000
118	10.2375	782.0000
119	10.0750	780.0000
120	9.9125	781.0000
121	9.5875	780.0000
122	9.9125	780.0000
123	10.0750	780.0000
124	10.0750	780.0000
125	9.9125	780.0000
126	10.0750	780.0000
127	9.9125	781.0000
128	9.9125	780.0000
129	9.9125	782.0000
130	9.9125	781.0000
131	9.9125	780.0000
132	9.9125	780.0000
133	9.9125	780.0000
134	9.7500	780.0000
135	9.5875	780.0000
136	9.4250	781.0000
137	9.5875	780.0000
138	9.4250	781.0000
139	9.5875	780.0000
140	9.4250	781.0000
141	9.2625	780.0000
142	9.1000	780.0000
143	9.1000	778.0000
144	9.1000	783.0000
145	8.9375	782.0000
146	8.9375	781.0000
147	8.9375	780.0000
148	8.9375	780.0000
149	8.7750	780.0000
150	8.6125	780.0000
151	8.2875	781.0000
152	8.2875	780.0000
153	8.1250	781.0000
154	8.1250	780.0000
155	7.9625	781.0000
156	7.8000	780.0000
157	7.8000	782.0000
158	7.1500	780.0000
159	6.9875	780.0000
160	6.5000	780.0000
161	6.5000	781.0000
162	6.0125	780.0000
163	5.6875	781.0000
164	5.3625	780.0000
165	4.7125	781.0000
166	4.5500	781.0000
167	4.0625	780.0000
168	3.4125	780.0000
169	2.7625	780.0000
170	2.4375	781.0000
171	1.9500	780.0000
172	1.1375	781.0000
173	0.8125	781.0000
174	0.3250	780.0000
175	-0.1625	781.0000
176	-0.8125	781.0000
177	-1.4625	781.0000
178	-2.1125	780.0000
179	-2.6000	781.0000
180	-6.8250	780.0000
181	-4.2250	781.0000
182	-5.3625	780.0000
183	-6.0125	781.0000
184	-6.6625	780.0000
185	-7.4750	780.0000
186	-8.1250	781.0000
187	-9.1000	780.0000
188	-9.7500	781.0000
189	-10.8875	781.0000
190	-11.5375	781.0000
191	-12.5125	780.0000
192	-13.4875	781.0000
193	-14.1375	780.0000
194	-15.1125	781.0000
195	-15.9250	780.0000
196	-17.2250	781.0000
197	-18.2000	780.0000
198	-19.0125	780.0000
199	-20.3125	781.0000
200	-21.1250	780.0000
201	-22.2625	780.0000
202	-23.2375	780.0000
203	-24.7000	781.0000
204	-25.8375	780.0000
205	-26.6500	781.0000
206	-30.8750	780.0000
207	-28.9250	781.0000
208	-30.0625	781.0000
209	-31.2000	780.0000
210	-32.3375	780.0000
211	-33.4750	780.0000
212	-34.6125	781.0000
213	-35.9125	779.0000
214	-37.0500	781.0000
215	-38.3500	780.0000
216	-39.4875	781.0000
217	-40.6250	780.0000
218	-41.9250	781.0000
219	-43.0625	781.0000
220	-44.3625	781.0000
221	-45.8250	780.0000
222	-46.8000	780.0000
223	-48.1000	780.0000
224	-49.4000	780.0000
225	-50.7000	781.0000
226	-51.6750	781.0000
227	-52.8125	781.0000
228	-54.1125	781.0000
229	-55.4125	781.0000
230	-56.8750	780.0000
231	-58.1750	781.0000
232	-59.3125	780.0000
233	-60.7750	781.0000
234	-61.9125	780.0000
235	-63.2125	781.0000
236	-64.5125	781.0000
237	-65.6500	781.0000
238	-67.1125	781.0000
239	-68.4125	780.0000
240	-69.5500	781.0000
241	-71.0125	780.0000
242	-71.9875	780.0000
243	-73.4500	780.0000
244	-75.0750	781.0000
245	-76.0500	780.0000
246	-77.1875	781.0000
247	-78.4875	781.0000
248	-79.9500	781.0000
249	-81.0875	781.0000
250	-82.3875	780.0000
251	-83.8500	781.0000
252	-85.1500	780.0000
253	-86.4500	780.0000
254	-87.5875	780.0000
255	-88.8875	781.0000
256	-90.0250	781.0000
257	-91.3250	781.0000
258	-97.5000	780.0000
259	-94.0875	781.0000
260	-94.9000	781.0000
261	-96.2000	780.0000
262	-97.1750	781.0000
263	-98.3125	781.0000
264	-99.1250	781.0000
265	-99.9375	780.0000
266	-100.5875	781.0000
267	-101.4000	780.0000
268	-101.8875	781.0000
269	-102.7000	780.0000
270	-102.8625	781.0000
271	-103.5125	781.0000
272	-104.1625	781.0000
273	-104.3250	780.0000
274	-104.6500	780.0000
275	-104.6500	781.0000
276	-104.9750	780.0000
277	-105.4625	780.0000
278	-105.4625	780.0000
279	-106.1125	781.0000
280	-105.4625	780.0000
281	-105.7875	781.0000
282	-105.4625	780.0000
283	-105.4625	781.0000
284	-105.4625	781.0000
285	-105.6250	781.0000
286	-105.3000	781.0000
287	-105.3000	781.0000
288	-104.8125	782.0000
289	-104.8125	781.0000
290	-104.4875	782.0000
291	-107.5750	780.0000
292	-104.3250	781.0000
293	-103.8375	780.0000
294	-103.3500	781.0000
295	-103.3500	780.0000
296	-103.0250	781.0000
297	-102.0500	780.0000
298	-101.7250	783.0000
299	-101.5625	782.0000
300	-101.0750	780.0000
301	-100.1000	781.0000
302	-99.7750	781.0000
303	-99.2875	782.0000
304	-98.6375	780.0000
305	-98.1500	781.0000
306	-97.1750	781.0000
307	-96.8500	781.0000
308	-96.0375	779.0000
309	-95.5500	780.0000
310	-94.9000	782.0000
311	-94.0875	781.0000
312	-93.4375	781.0000
313	-92.7875	780.0000
314	-92.1375	781.0000
315	-91.3250	780.0000
316	-90.3500	781.0000
317	-91.8125	780.0000
318	-92.3000	781.0000
319	-89.2125	781.0000
320	-88.0750	781.0000
321	-87.2625	781.0000
322	-86.6125	780.0000
323	-85.4750	780.0000
324	-84.3375	781.0000
325	-83.8500	782.0000
326	-82.7125	780.0000
327	-81.5750	781.0000
328	-80.6000	781.0000
329	-79.9500	781.0000
330	-78.6500	780.0000
331	-77.8375	781.0000
332	-76.8625	781.0000
333	-76.0500	781.0000
334	-74.9125	781.0000
335	-73.7750	780.0000
336	-72.9625	780.0000
337	-71.8250	780.0000
338	-72.9625	782.0000
339	-69.7125	781.0000
340	-68.7375	781.0000
341	-67.7625	780.0000
342	-66.6250	781.0000
343	-65.4875	780.0000
344	-64.3500	782.0000
345	-63.3750	780.0000
346	-62.0750	781.0000
347	-61.1000	781.0000
348	-60.2875	781.0000
349	-58.8250	781.0000
350	-57.5250	781.0000
351	-56.5500	781.0000
352	-55.4125	781.0000
353	-54.1125	781.0000
354	-52.8125	780.0000
355	-51.8375	781.0000
356	-50.3750	780.0000
357	-49.2375	781.0000
358	-48.1000	780.0000
359	-46.8000	780.0000
360	-45.6625	781.0000
361	-44.3625	780.0000
362	-42.7375	781.0000
363	-41.6000	780.0000
364	-40.4625	781.0000
365	-39.3250	780.0000
366	-37.7000	781.0000
367	-36.7250	780.0000
368	-35.7500	781.0000
369	-33.9625	780.0000
370	-32.8250	780.0000
371	-31.5250	780.0000
372	-30.0625	780.0000
373	-28.7625	781.0000
374	-27.6250	780.0000
375	-26.4875	781.0000
376	-25.1875	780.0000
377	-23.8875	781.0000
378	-22.7500	780.0000
379	-21.2875	781.0000
380	-20.3125	780.0000
381	-19.1750	780.0000
382	-17.8750	780.0000
383	-17.0625	781.0000
384	-16.2500	780.0000
385	-15.7625	780.0000
386	-14.9500	781.0000
387	-14.3000	780.0000
388	-13.6500	781.0000
389	-13.4875	780.0000
390	-12.8375	781.0000
391	-12.6750	780.0000
392	-12.5125	781.0000
393	-12.1875	780.0000
394	-12.0250	780.0000
395	-11.8625	781.0000
396	-11.8625	780.0000
397	-11.7000	781.0000
398	-11.3750	781.0000
399	-11.3750	781.0000
400	-11.2125	780.0000
401	-11.0500	781.0000
402	-10.8875	780.0000
403	-10.7250	781.0000
404	-10.4000	780.0000
405	-10.7250	780.0000
406	-10.8875	780.0000
407	-10.5625	781.0000
408	-10.8875	781.0000
409	-10.2375	780.0000
410	-10.2375	781.0000
411	-10.0750	780.0000
412	-10.2375	780.0000
413	-10.2375	780.0000
414	-10.2375	781.0000
415	-9.9125	780.0000
416	-9.5875	780.0000
417	-9.5875	780.0000
418	-9.7500	781.0000
419	-9.7500	780.0000
420	-9.4250	780.0000
421	-9.9125	781.0000
422	-9.7500	780.0000
423	-9.5875	780.0000
424	-9.5875	779.0000
425	-10.8875	780.0000
426	-9.5875	780.0000
427	-9.4250	781.0000
428	-12.3500	780.0000
429	-9.7500	781.0000
430	-9.1000	780.0000
431	-8.7750	780.0000
432	-8.9375	780.0000
433	-8.9375	781.0000
434	-8.7750	780.0000
435	-8.9375	780.0000
436	-9.2625	780.0000
437	-8.7750	781.0000
438	-8.7750	781.0000
439	-8.9375	780.0000
440	-9.2625	783.0000
441	-8.9375	780.0000
442	-8.9375	780.0000
443	-9.4250	781.0000
444	-8.7750	781.0000
445	-8.4500	780.0000
446	-8.6125	781.0000
447	-8.7750	780.0000
448	-8.7750	783.0000
449	-8.7750	784.0000
450	-8.9375	780.0000
451	-8.6125	784.0000
452	-9.1000	780.0000
453	-8.4500	780.0000
454	-9.5875	780.0000
455	-9.9125	781.0000
456	-9.5875	780.0000
457	-9.9125	781.0000
458	-8.6125	781.0000
459	-8.6125	780.0000
460	-8.7750	781.0000
461	-8.2875	781.0000
462	-8.2875	780.0000
463	-8.4500	780.0000
464	-8.1250	781.0000
465	-8.1250	780.0000
466	-7.9625	780.0000
467	-7.9625	779.0000
468	-8.4500	780.0000
469	-8.6125	780.0000
470	-8.4500	781.0000
471	-8.2875	780.0000
472	-8.2875	780.0000
473	-7.9625	780.0000
474	-7.8000	780.0000
475	-8.1250	781.0000
476	-8.2875	780.0000
477	-8.1250	781.0000
478	-7.8000	780.0000
479	-7.8000	780.0000
480	-7.9625	780.0000
481	-7.9625	781.0000
482	-7.6375	780.0000
483	-7.8000	780.0000
484	-7.9625	780.0000
485	-7.6375	780.0000
486	-7.6375	781.0000
487	-7.6375	780.0000
488	-7.6375	781.0000
489	-7.9625	780.0000
490	-7.8000	781.0000
491	-7.6375	780.0000
492	-7.8000	780.0000
493	-8.2875	780.0000
494	-8.1250	780.0000
495	-8.7750	780.0000
496	-7.8000	780.0000
497	-7.8000	781.0000
498	-8.2875	780.0000
499	-7.8000	782.0000
500	-7.4750	780.0000
501	-7.8000	781.0000
502	-7.4750	780.0000
503	-7.6375	780.0000
504	-7.6375	780.0000
505	-7.4750	781.0000
506	-7.6375	780.0000
507	-7.4750	781.0000
508	-7.8000	780.0000
509	-7.6375	780.0000
510	-8.4500	781.0000
511	-7.8000	780.0000
512	-7.9625	780.0000
513	-7.4750	780.0000
514	-13.6500	780.0000
515	-7.1500	780.0000
516	-7.3125	780.0000
517	-7.6375	780.0000
518	-7.6375	781.0000
519	-7.4750	781.0000
520	-7.4750	781.0000
521	-7.4750	780.0000
522	-7.4750	780.0000
523	-7.3125	781.0000
524	-7.4750	780.0000
525	-7.6375	780.0000
526	-7.3125	780.0000
527	-7.6375	781.0000
528	-7.4750	780.0000
529	-7.1500	781.0000
530	-6.8250	780.0000
531	-6.9875	780.0000
532	-7.4750	780.0000
533	-7.3125	780.0000
534	-7.3125	781.0000
535	-7.4750	780.0000
536	-8.6125	780.0000
537	-6.9875	780.0000
538	-7.1500	781.0000
539	-9.1000	780.0000
540	-7.9625	781.0000
541	-7.3125	780.0000
542	-7.1500	781.0000
543	-7.4750	780.0000
544	-7.1500	781.0000
545	-6.9875	780.0000
546	-7.1500	781.0000
547	-7.4750	780.0000
548	-7.1500	779.0000
549	-9.7500	782.0000
550	-7.4750	776.0000
551	-7.1500	780.0000
552	-6.9875	780.0000
553	-7.1500	781.0000
554	-8.2875	780.0000
555	-7.4750	781.0000
556	-7.1500	780.0000
557	-7.1500	780.0000
558	-8.7750	780.0000
559	-7.1500	780.0000
560	-6.9875	780.0000
561	-8.1250	783.0000
562	-6.8250	780.0000
563	-6.8250	780.0000
564	-6.5000	781.0000
565	-7.9625	780.0000
566	-6.9875	780.0000
567	-6.6625	780.0000
568	-6.6625	781.0000
569	-7.4750	780.0000
570	-6.8250	780.0000
571	-6.5000	781.0000
572	-7.9625	780.0000
573	-6.5000	780.0000
574	-6.5000	777.0000
575	-6.6625	782.0000
576	-6.6625	780.0000
577	-6.3375	781.0000
578	-6.3375	780.0000
579	-6.3375	780.0000
580	-6.3375	780.0000
581	-6.5000	780.0000
582	-6.3375	780.0000
583	-6.5000	780.0000
584	-6.3375	780.0000
585	-6.5000	780.0000
586	-6.3375	781.0000
587	-6.5000	780.0000
588	-6.1750	781.0000
589	-6.1750	780.0000
590	-6.1750	781.0000
591	-6.3375	780.0000
592	-6.1750	780.0000
593	-6.0125	780.0000
594	-5.8500	780.0000
595	-5.8500	780.0000
596	-6.1750	780.0000
597	-5.8500	781.0000
598	-5.8500	779.0000
599	-5.8500	780.0000
600	-6.0125	782.0000
601	-6.0125	780.0000
602	-5.8500	780.0000
603	-5.8500	780.0000
604	-6.0125	784.0000
605	-5.8500	781.0000
606	-5.8500	780.0000
607	-5.8500	780.0000
608	-5.8500	780.0000
609	-5.6875	780.0000
610	-5.6875	780.0000
611	-5.6875	779.0000
612	-5.6875	781.0000
613	-5.6875	780.0000
614	-5.8500	780.0000
615	-5.5250	780.0000
616	-5.3625	781.0000
617	-5.5250	780.0000
618	-5.5250	780.0000
619	-6.3375	781.0000
620	-7.4750	781.0000
621	-5.5250	781.0000
622	-5.5250	780.0000
623	-5.6875	781.0000
624	-5.8500	780.0000
625	-5.2000	781.0000
626	-6.5000	780.0000
627	-6.1750	781.0000
628	-6.6625	780.0000
629	-5.2000	780.0000
630	-5.5250	780.0000
631	-10.2375	780.0000
632	-5.6875	780.0000
633	-6.0125	780.0000
634	-5.5250	780.0000
635	-5.2000	779.0000
636	-4.8750	781.0000
637	-4.8750	780.0000
638	-4.5500	781.0000
639	-5.0375	780.0000
640	-4.8750	781.0000
641	-4.8750	780.0000
642	-4.8750	781.0000
643	-4.5500	780.0000
644	-4.2250	780.0000
645	-4.3875	780.0000
646	-4.7125	780.0000
647	-4.8750	780.0000
648	-4.7125	780.0000
649	-4.5500	780.0000
650	-4.7125	780.0000
651	-10.0750	781.0000
652	-17.0625	780.0000
653	-4.0625	780.0000
654	-4.0625	780.0000
655	-3.9000	782.0000
656	-3.7375	780.0000
657	-3.9000	780.0000
658	-3.4125	780.0000
659	-3.2500	780.0000
660	-3.2500	781.0000
661	-3.4125	780.0000
662	-3.2500	780.0000
663	-3.0875	780.0000
664	-2.9250	781.0000
665	-2.7625	780.0000
666	-2.7625	780.0000
667	-2.6000	783.0000
668	-2.6000	781.0000
669	-2.6000	780.0000
670	-2.1125	780.0000
671	-1.7875	780.0000
672	-1.7875	780.0000
673	-1.1375	780.0000
674	-0.9750	780.0000
675	-0.3250	781.0000
676	0.1625	780.0000
677	0.3250	779.0000
678	0.8125	780.0000
679	-0.4875	781.0000
680	1.3000	780.0000
681	1.7875	780.0000
682	1.9500	780.0000
683	1.7875	780.0000
684	3.4125	781.0000
685	3.9000	780.0000
686	4.7125	780.0000
687	5.0375	780.0000
688	5.0375	780.0000
689	6.5000	780.0000
690	6.6625	780.0000
691	8.1250	780.0000
692	8.6125	781.0000
693	9.4250	780.0000
694	8.7750	780.0000
695	9.9125	780.0000
696	11.2125	780.0000
697	12.0250	780.0000
698	12.0250	780.0000
699	13.8125	781.0000
700	14.4625	779.0000
701	15.4375	780.0000
702	16.2500	780.0000
703	17.3875	781.0000
704	18.5250	780.0000
705	18.2000	781.0000
706	20.1500	780.0000
707	21.2875	782.0000
708	22.4250	781.0000
709	23.0750	780.0000
710	24.3750	780.0000
711	24.8625	780.0000
712	25.8375	781.0000
713	27.1375	780.0000
714	28.4375	781.0000
715	29.5750	780.0000
716	30.5500	781.0000
717	31.8500	780.0000
718	32.9875	780.0000
719	33.8000	780.0000
720	34.9375	780.0000
721	34.1250	781.0000
722	37.3750	780.0000
723	38.0250	781.0000
724	36.2375	780.0000
725	40.7875	781.0000
726	42.0875	780.0000
727	42.4125	781.0000
728	43.7125	780.0000
729	45.5000	781.0000
730	46.9625	780.0000
731	47.9375	781.0000
732	49.0750	780.0000
733	49.8875	779.0000
734	51.6750	780.0000
735	53.1375	780.0000
736	54.2750	780.0000
737	55.7375	780.0000
738	56.8750	781.0000
739	58.0125	780.0000
740	59.4750	781.0000
741	60.6125	780.0000
742	61.7500	781.0000
743	62.8875	781.0000
744	64.5125	780.0000
745	65.9750	780.0000
746	67.1125	780.0000
747	68.2500	780.0000
748	69.2250	781.0000
749	70.3625	781.0000
750	71.5000	780.0000
751	71.3375	781.0000
752	74.5875	780.0000
753	75.7250	780.0000
754	77.1875	780.0000
755	78.4875	780.0000
756	78.9750	780.0000
757	80.7625	781.0000
758	82.3875	781.0000
759	83.8500	780.0000
760	84.8250	781.0000
761	85.8000	780.0000
762	84.8250	780.0000
763	85.6375	780.0000
764	89.8625	781.0000
765	91.4875	780.0000
766	92.3000	781.0000
767	94.0875	780.0000
768	95.7125	781.0000
769	96.8500	780.0000
770	98.1500	780.0000
771	99.4500	780.0000
772	100.5875	780.0000
773	101.5625	781.0000
774	102.7000	780.0000
775	103.3500	781.0000
776	104.3250	780.0000
777	104.9750	781.0000
778	105.7875	780.0000
779	106.4375	780.0000
780	107.0875	780.0000
781	107.5750	777.0000
782	108.0625	781.0000
783	108.5500	781.0000
784	108.7125	778.0000
785	109.3625	780.0000
786	109.8500	781.0000
787	110.0125	780.0000
788	110.3375	781.0000
789	110.3375	780.0000
790	110.5000	781.0000
791	110.5000	780.0000
792	110.5000	780.0000
793	110.5000	780.0000
794	110.6625	780.0000
795	110.6625	780.0000
796	110.1750	780.0000
797	110.3375	781.0000
798	110.1750	781.0000
799	110.1750	781.0000
800	110.0125	780.0000
801	109.8500	781.0000
802	109.3625	780.0000
803	108.7125	781.0000
804	108.7125	780.0000
805	108.5500	781.0000
806	108.0625	781.0000
807	107.5750	781.0000
808	107.0875	782.0000
809	106.6000	781.0000
810	106.6000	780.0000
811	106.1125	780.0000
812	105.4625	781.0000
813	104.9750	780.0000
814	104.6500	781.0000
815	104.1625	780.0000
816	103.8375	781.0000
817	102.8625	781.0000
818	102.0500	780.0000
819	101.5625	781.0000
820	100.7500	781.0000
821	100.2625	781.0000
822	99.7750	780.0000
823	99.1250	781.0000
824	98.3125	780.0000
825	97.6625	781.0000
826	97.0125	780.0000
827	96.3625	781.0000
828	95.5500	780.0000
829	94.5750	781.0000
830	93.2750	780.0000
831	92.3000	781.0000
832	91.6500	781.0000
833	91.4875	780.0000
834	90.3500	780.0000
835	84.0125	780.0000
836	89.0500	781.0000
837	88.2375	781.0000
838	87.1000	781.0000
839	86.6125	780.0000
840	85.4750	781.0000
841	84.3375	780.0000
842	84.0125	781.0000
843	83.0375	780.0000
844	81.9000	781.0000
845	80.4375	781.0000
846	79.6250	781.0000
847	78.9750	781.0000
848	78.0000	780.0000
849	76.8625	781.0000
850	75.7250	780.0000
851	74.9125	781.0000
852	73.2875	780.0000
853	72.4750	781.0000
854	71.5000	780.0000
855	70.5250	780.0000
856	68.7375	780.0000
857	68.0875	780.0000
858	66.7875	781.0000
859	65.4875	780.0000
860	64.6750	780.0000
861	63.2125	781.0000
862	62.0750	781.0000
863	60.6125	780.0000
864	59.8000	780.0000
865	58.0125	780.0000
866	57.2000	781.0000
867	56.3875	781.0000
868	55.4125	781.0000
869	53.7875	780.0000
870	52.9750	781.0000
871	51.5125	780.0000
872	50.2125	781.0000
873	41.4375	781.0000
874	46.9625	780.0000
875	46.4750	781.0000
876	45.0125	780.0000
877	43.7125	780.0000
878	42.2500	780.0000
879	41.1125	780.0000
880	39.6500	780.0000
881	38.3500	780.0000
882	36.8875	780.0000
883	35.5875	780.0000
884	34.2875	781.0000
885	32.6625	780.0000
886	31.5250	781.0000
887	30.3875	780.0000
888	29.0875	781.0000
889	22.4250	780.0000
890	26.3250	781.0000
891	25.3500	780.0000
892	24.0500	781.0000
893	20.9625	781.0000
894	21.9375	778.0000
895	20.9625	779.0000
896	19.9875	780.0000
897	19.3375	780.0000
898	19.0125	779.0000
899	18.0375	781.0000
900	18.0375	780.0000
901	17.5500	781.0000
902	17.2250	780.0000
903	16.9000	781.0000
904	16.7375	780.0000
905	16.2500	781.0000
906	16.0875	780.0000
907	15.4375	780.0000
908	15.9250	780.0000
909	15.7625	780.0000
910	15.6000	780.0000
911	15.2750	780.0000
912	15.1125	781.0000
913	14.9500	780.0000
914	14.9500	781.0000
915	14.7875	780.0000
916	14.7875	780.0000
917	14.4625	780.0000
918	14.1375	780.0000
919	14.4625	780.0000
920	13.9750	780.0000
921	14.1375	780.0000
922	14.3000	780.0000
923	14.1375	780.0000
924	14.1375	782.0000
925	14.1375	781.0000
926	13.8125	776.0000
927	13.4875	781.0000
928	13.8125	781.0000
929	13.6500	781.0000
930	13.8125	780.0000
931	13.4875	780.0000
932	13.4875	781.0000
933	12.6750	780.0000
934	12.5125	780.0000
935	13.3250	781.0000
936	13.3250	781.0000
937	10.8875	780.0000
938	12.8375	781.0000
939	13.0000	781.0000
940	12.8375	781.0000
941	10.8875	780.0000
942	11.3750	780.0000
943	12.6750	780.0000
944	12.3500	780.0000
945	12.5125	781.0000
946	12.8375	780.0000
947	12.5125	781.0000
948	12.1875	781.0000
949	12.6750	781.0000
950	12.8375	780.0000
951	12.8375	780.0000
952	12.5125	780.0000
953	12.3500	780.0000
954	11.7000	781.0000
955	12.5125	781.0000
956	12.5125	780.0000
957	12.6750	780.0000
958	12.8375	781.0000
959	11.5375	780.0000
960	12.5125	781.0000
961	12.3500	780.0000
962	12.6750	781.0000
963	12.3500	780.0000
964	12.5125	780.0000
965	12.6750	780.0000
966	11.0500	781.0000
967	12.5125	780.0000
968	12.0250	781.0000
969	11.7000	780.0000
970	12.0250	780.0000
971	11.8625	781.0000
972	12.0250	780.0000
973	12.3500	780.0000
974	11.2125	781.0000
975	11.7000	781.0000
976	12.1875	780.0000
977	11.5375	782.0000
978	12.0250	780.0000
979	12.0250	780.0000
980	12.1875	780.0000
981	11.5375	780.0000
982	11.2125	781.0000
983	12.0250	780.0000
984	10.5625	780.0000
985	12.1875	780.0000
986	12.0250	780.0000
987	12.1875	780.0000
988	11.0500	781.0000
989	11.7000	780.0000
990	12.0250	780.0000
991	11.8625	780.0000
992	10.2375	781.0000
993	11.8625	780.0000
994	11.7000	780.0000
995	11.2125	780.0000
996	10.5625	780.0000
997	11.5375	781.0000
998	11.8625	776.0000
999	12.0250	781.0000
1000	7.3125	782.0000
1001	11.7000	781.0000
1002	11.5375	780.0000
1003	11.5375	780.0000
1004	11.8625	780.0000
1005	11.5375	780.0000
1006	10.8875	778.0000
1007	11.3750	780.0000
1008	11.5375	781.0000
1009	11.3750	780.0000
1010	11.7000	780.0000
1011	11.5375	780.0000
1012	11.3750	781.0000
1013	11.3750	780.0000
1014	11.5375	781.0000
1015	11.5375	780.0000
1016	11.7000	781.0000
1017	11.2125	780.0000
1018	6.1750	780.0000
1019	11.3750	780.0000
1020	11.2125	779.0000
1021	11.5375	781.0000
1022	11.0500	780.0000
1023	3.2500	781.0000
#9351
0	10.7250	780.0000
1	4.7125	781.0000
2	8.7750	780.0000
3	10.8875	780.0000
4	10.5625	780.0000
5	3.5750	780.0000
6	9.4250	780.0000
7	10.8875	780.0000
8	10.2375	782.0000
9	10.7250	780.0000
10	10.7250	781.0000
11	10.7250	780.0000
12	10.5625	781.0000
13	10.5625	780.0000
14	10.4000	780.0000
15	10.7250	780.0000
16	10.4000	780.0000
17	10.5625	780.0000
18	7.3125	778.0000
19	10.4000	780.0000
20	10.7250	779.0000
21	10.5625	780.0000
22	10.5625	780.0000
23	10.5625	780.0000
24	10.5625	780.0000
25	10.5625	781.0000
26	10.4000	780.0000
27	10.4000	780.0000
28	10.4000	780.0000
29	10.4000	778.0000
30	10.2375	781.0000
31	10.7250	780.0000
32	10.5625	780.0000
33	10.5625	781.0000
34	10.2375	780.0000
35	10.5625	780.0000
36	10.4000	781.0000
37	10.4000	780.0000
38	8.9375	781.0000
39	9.9125	780.0000
40	10.7250	780.0000
41	9.4250	780.0000
42	9.2625	781.0000
43	6.6625	781.0000
44	7.1500	780.0000
45	9.5875	780.0000
46	10.0750	780.0000
47	10.4000	781.0000
48	10.2375	780.0000
49	10.7250	780.0000
50	10.8875	780.0000
51	10.4000	781.0000
52	9.4250	780.0000
53	10.8875	780.0000
54	10.4000	780.0000
55	10.7250	780.0000
56	5.3625	782.0000
57	10.7250	779.0000
58	10.5625	780.0000
59	10.8875	779.0000
60	10.7250	780.0000
61	10.7250	780.0000
62	10.5625	780.0000
63	10.7250	780.0000
64	10.5625	780.0000
65	10.2375	780.0000
66	10.0750	781.0000
67	10.4000	781.0000
68	10.7250	780.0000
69	10.5625	781.0000
70	10.7250	779.0000
71	10.2375	780.0000
72	10.4000	780.0000
73	10.4000	781.0000
74	10.4000	780.0000
75	10.4000	781.0000
76	10.2375	780.0000
77	10.4000	781.0000
78	10.2375	780.0000
79	8.9375	780.0000
80	10.4000	780.0000
81	10.4000	780.0000
82	10.0750	780.0000
83	10.0750	779.0000
84	10.4000	780.0000
85	10.4000	780.0000
86	10.0750	780.0000
87	10.4000	780.0000
88	8.7750	781.0000
89	10.0750	780.0000
90	8.6125	780.0000
91	10.0750	780.0000
92	9.9125	780.0000
93	9.7500	780.0000
94	10.2375	780.0000
95	10.0750	781.0000
96	9.7500	780.0000
97	9.9125	782.0000
98	9.9125	780.0000
99	9.7500	781.0000
100	9.7500	780.0000
101	9.4250	780.0000
102	9.7500	780.0000
103	9.7500	781.0000
104	9.5875	780.0000
105	9.4250	781.0000
106	9.5875	781.0000
107	9.5875	780.0000
108	9.5875	781.0000
109	9.4250	780.0000
110	9.2625	781.0000
111	9.2625	780.0000
112	9.1000	781.0000
113	9.2625	780.0000
114	9.1000	781.0000
115	7.9625	780.0000
116	8.9375	781.0000
117	9.2625	780.0000
118	8.7750	780.0000
119	8.9375	780.0000
120	9.1000	780.0000
121	9.1000	781.0000
122	9.1000	780.0000
123	9.2625	781.0000
124	9.1000	779.0000
125	8.7750	781.0000
126	8.6125	780.0000
127	8.6125	780.0000
128	8.7750	780.0000
129	8.6125	780.0000
130	8.7750	780.0000
131	8.4500	779.0000
132	8.7750	780.0000
133	8.2875	779.0000
134	8.4500	783.0000
135	8.2875	780.0000
136	8.4500	781.0000
137	8.1250	780.0000
138	8.4500	781.0000
139	8.2875	780.0000
140	8.2875	780.0000
141	8.1250	780.0000
142	7.8000	780.0000
143	7.9625	781.0000
144	7.9625	781.0000
145	7.8000	781.0000
146	7.6375	780.0000
147	7.6375	781.0000
148	7.3125	780.0000
149	7.4750	781.0000
150	7.3125	780.0000
151	7.3125	780.0000
152	6.3375	780.0000
153	6.8250	780.0000
154	5.5250	781.0000
155	6.1750	780.0000
156	5.2000	780.0000
157	6.0125	780.0000
158	5.5250	780.0000
159	4.7125	780.0000
160	5.2000	781.0000
161	5.0375	780.0000
162	4.5500	780.0000
163	4.0625	780.0000
164	3.9000	782.0000
165	3.4125	780.0000
166	2.1125	781.0000
167	-0.9750	780.0000
168	-3.0875	780.0000
169	1.4625	781.0000
170	-0.6500	780.0000
171	0.4875	781.0000
172	-0.3250	781.0000
173	-0.4875	781.0000
174	-2.6000	780.0000
175	-2.6000	781.0000
176	-2.6000	779.0000
177	-2.9250	781.0000
178	-3.9000	780.0000
179	-4.2250	780.0000
180	-4.8750	780.0000
181	-6.3375	780.0000
182	-6.6625	780.0000
183	-15.4375	780.0000
184	-8.2875	782.0000
185	-8.7750	781.0000
186	-9.7500	781.0000
187	-10.5625	780.0000
188	-11.2125	781.0000
189	-12.1875	780.0000
190	-13.0000	781.0000
191	-13.8125	781.0000
192	-14.9500	780.0000
193	-15.7625	781.0000
194	-16.5750	780.0000
195	-17.2250	780.0000
196	-18.5250	779.0000
197	-19.3375	781.0000
198	-20.4750	780.0000
199	-21.4500	781.0000
200	-22.9125	780.0000
201	-25.6750	780.0000
202	-24.8625	780.0000
203	-25.8375	780.0000
204	-26.9750	780.0000
205	-28.7625	780.0000
206	-29.5750	781.0000
207	-30.8750	780.0000
208	-31.6875	785.0000
209	-33.9625	780.0000
210	-33.9625	781.0000
211	-35.9125	780.0000
212	-36.4000	781.0000
213	-37.3750	780.0000
214	-38.8375	781.0000
215	-40.6250	781.0000
216	-40.7875	780.0000
217	-42.0875	781.0000
218	-43.5500	780.0000
219	-44.3625	780.0000
220	-46.1500	781.0000
221	-46.6375	781.0000
222	-51.3500	781.0000
223	-50.0500	781.0000
224	-51.1875	780.0000
225	-52.1625	781.0000
226	-53.3000	780.0000
227	-55.9000	780.0000
228	-55.9000	780.0000
229	-59.3125	779.0000
230	-58.0125	780.0000
231	-59.1500	780.0000
232	-60.6125	782.0000
233	-62.0750	780.0000
234	-63.0500	781.0000
235	-64.5125	780.0000
236	-65.8125	782.0000
237	-66.7875	780.0000
238	-68.0875	781.0000
239	-69.7125	780.0000
240	-71.1750	780.0000
241	-72.6375	781.0000
242	-74.1000	781.0000
243	-75.4000	781.0000
244	-77.0250	781.0000
245	-77.1875	782.0000
246	-78.4875	780.0000
247	-80.4375	781.0000
248	-81.4125	780.0000
249	-82.8750	781.0000
250	-83.8500	780.0000
251	-85.8000	781.0000
252	-85.8000	781.0000
253	-87.9125	780.0000
254	-89.0500	781.0000
255	-90.5125	781.0000
256	-95.0625	781.0000
257	-92.7875	780.0000
258	-93.9250	782.0000
259	-94.9000	780.0000
260	-96.5250	781.0000
261	-97.3375	780.0000
262	-98.6375	781.0000
263	-98.9625	781.0000
264	-99.9375	781.0000
265	-100.9125	780.0000
266	-101.5625	780.0000
267	-102.2125	780.0000
268	-103.0250	781.0000
269	-103.5125	781.0000
270	-104.6500	780.0000
271	-104.8125	781.0000
272	-104.4875	780.0000
273	-105.7875	781.0000
274	-105.6250	780.0000
275	-105.4625	781.0000
276	-105.6250	780.0000
277	-106.4375	781.0000
278	-109.0375	781.0000
279	-110.5000	781.0000
280	-106.2750	781.0000
281	-107.0875	781.0000
282	-106.1125	780.0000
283	-108.0625	781.0000
284	-105.9500	781.0000
285	-105.9500	781.0000
286	-105.7875	781.0000
287	-105.7875	781.0000
288	-105.6250	781.0000
289	-105.1375	780.0000
290	-105.6250	781.0000
291	-105.1375	781.0000
292	-105.9500	782.0000
293	-104.3250	781.0000
294	-103.3500	780.0000
295	-104.1625	782.0000
296	-102.7000	780.0000
297	-102.3750	781.0000
298	-101.8875	780.0000
299	-101.2375	781.0000
300	-100.7500	780.0000
301	-100.5875	781.0000
302	-100.1000	780.0000
303	-100.5875	780.0000
304	-100.1000	781.0000
305	-99.1250	780.0000
306	-97.9875	782.0000
307	-97.0125	780.0000
308	-96.3625	781.0000
309	-96.2000	780.0000
310	-96.2000	781.0000
311	-95.3875	780.0000
312	-95.8750	779.0000
313	-93.1125	780.0000
314	-93.7625	781.0000
315	-91.9750	781.0000
316	-90.6750	781.0000
317	-90.0250	782.0000
318	-89.7000	780.0000
319	-88.4000	781.0000
320	-87.5875	780.0000
321	-87.1000	781.0000
322	-85.9625	780.0000
323	-85.1500	781.0000
324	-84.3375	780.0000
325	-84.1750	781.0000
326	-82.7125	780.0000
327	-81.7375	781.0000
328	-80.7625	781.0000
329	-79.7875	781.0000
330	-78.8125	781.0000
331	-78.0000	780.0000
332	-77.0250	781.0000
333	-76.2125	780.0000
334	-75.0750	781.0000
335	-74.2625	780.0000
336	-73.1250	781.0000
337	-72.1500	780.0000
338	-71.0125	780.0000
339	-70.2000	780.0000
340	-70.3625	780.0000
341	-68.5750	781.0000
342	-67.1125	783.0000
343	-66.6250	781.0000
344	-64.8375	779.0000
345	-63.7000	781.0000
346	-62.5625	780.0000
347	-62.7250	781.0000
348	-59.9625	780.0000
349	-58.9875	781.0000
350	-57.8500	781.0000
351	-57.0375	781.0000
352	-55.9000	780.0000
353	-55.2500	780.0000
354	-53.9500	781.0000
355	-52.0000	780.0000
356	-50.3750	780.0000
357	-49.2375	781.0000
358	-48.4250	781.0000
359	-47.2875	780.0000
360	-46.6375	781.0000
361	-45.0125	780.0000
362	-43.5500	781.0000
363	-42.0875	780.0000
364	-40.9500	780.0000
365	-40.3000	781.0000
366	-39.0000	782.0000
367	-36.8875	781.0000
368	-35.9125	780.0000
369	-34.9375	780.0000
370	-32.9875	780.0000
371	-31.5250	781.0000
372	-30.5500	780.0000
373	-33.6375	781.0000
374	-29.4125	780.0000
375	-26.3250	778.0000
376	-25.3500	781.0000
377	-24.0500	780.0000
378	-22.7500	781.0000
379	-22.2625	781.0000
380	-21.4500	781.0000
381	-19.5000	779.0000
382	-18.2000	781.0000
383	-19.6625	780.0000
384	-17.0625	781.0000
385	-15.7625	780.0000
386	-15.9250	781.0000
387	-14.9500	780.0000
388	-14.3000	780.0000
389	-15.9250	780.0000
390	-14.3000	781.0000
391	-13.9750	781.0000
392	-23.0750	780.0000
393	-14.6250	780.0000
394	-13.3250	779.0000
395	-13.1625	781.0000
396	-12.8375	780.0000
397	-12.6750	781.0000
398	-12.5125	780.0000
399	-12.3500	780.0000
400	-12.0250	780.0000
401	-11.8625	781.0000
402	-12.0250	781.0000
403	-11.7000	780.0000
404	-13.8125	781.0000
405	-11.5375	780.0000
406	-11.7000	782.0000
407	-11.3750	780.0000
408	-11.2125	781.0000
409	-11.3750	780.0000
410	-11.2125	781.0000
411	-11.0500	780.0000
412	-11.0500	781.0000
413	-14.6250	780.0000
414	-11.0500	781.0000
415	-10.7250	781.0000
416	-10.7250	780.0000
417	-10.7250	781.0000
418	-10.5625	780.0000
419	-10.4000	780.0000
420	-10.5625	780.0000
421	-10.5625	781.0000
422	-10.5625	780.0000
423	-10.5625	781.0000
424	-13.6500	780.0000
425	-22.4250	780.0000
426	-11.8625	780.0000
427	-10.2375	780.0000
428	-10.2375	780.0000
429	-9.9125	781.0000
430	-9.9125	780.0000
431	-11.2125	780.0000
432	-9.9125	781.0000
433	-9.9125	780.0000
434	-10.0750	781.0000
435	-12.6750	780.0000
436	-10.7250	780.0000
437	-9.9125	780.0000
438	-9.9125	781.0000
439	-9.7500	780.0000
440	-9.7500	781.0000
441	-9.5875	781.0000
442	-9.7500	780.0000
443	-9.7500	781.0000
444	-9.5875	780.0000
445	-9.7500	778.0000
446	-9.5875	780.0000
447	-8.7750	781.0000
448	-9.1000	780.0000
449	-9.1000	780.0000
450	-9.1000	780.0000
451	-8.9375	780.0000
452	-8.9375	781.0000
453	-8.9375	780.0000
454	-8.9375	780.0000
455	-8.9375	780.0000
456	-8.7750	781.0000
457	-9.1000	780.0000
458	-8.6125	782.0000
459	-8.4500	780.0000
460	-8.4500	780.0000
461	-8.7750	780.0000
462	-8.6125	781.0000
463	-8.9375	780.0000
464	-8.6125	780.0000
465	-8.6125	780.0000
466	-8.7750	780.0000
467	-8.6125	780.0000
468	-8.7750	778.0000
469	-8.7750	780.0000
470	-9.1000	780.0000
471	-9.1000	781.0000
472	-8.9375	779.0000
473	-23.8875	781.0000
474	-28.2750	780.0000
475	-39.8125	781.0000
476	-38.1875	780.0000
477	-38.8375	780.0000
478	-38.0250	780.0000
479	-38.0250	780.0000
480	-37.7000	781.0000
481	-36.0750	780.0000
482	-39.0000	780.0000
483	-39.8125	780.0000
484	-34.7750	781.0000
485	-36.4000	780.0000
486	-38.3500	781.0000
487	-37.2125	780.0000
488	-37.2125	781.0000
489	-37.2125	782.0000
490	-37.3750	777.0000
491	-37.2125	780.0000
492	-30.3875	780.0000
493	-35.9125	780.0000
494	-37.0500	778.0000
495	-36.5625	781.0000
496	-37.7000	780.0000
497	-12.1875	781.0000
498	-9.5875	780.0000
499	-7.9625	780.0000
500	-7.9625	780.0000
501	-10.2375	781.0000
502	-27.7875	781.0000
503	-21.6125	781.0000
504	-25.0250	781.0000
505	-27.6250	780.0000
506	-8.1250	781.0000
507	-8.2875	780.0000
508	-8.2875	780.0000
509	-14.3000	780.0000
510	-28.6000	780.0000
511	-36.8875	780.0000
512	-36.8875	781.0000
513	-22.9125	781.0000
514	-33.9625	778.0000
515	-30.3875	781.0000
516	-22.5875	780.0000
517	-10.4000	780.0000
518	-29.0875	780.0000
519	-36.5625	781.0000
520	-36.8875	780.0000
521	-36.7250	780.0000
522	-36.5625	780.0000
523	-36.7250	781.0000
524	-36.7250	780.0000
525	-36.0750	781.0000
526	-36.8875	780.0000
527	-31.5250	780.0000
528	-30.2250	780.0000
529	-18.2000	780.0000
530	-31.0375	780.0000
531	-36.0750	780.0000
532	-26.9750	781.0000
533	-29.5750	780.0000
534	-32.6625	780.0000
535	-25.0250	780.0000
536	-23.0750	780.0000
537	-36.8875	780.0000
538	-37.0500	781.0000
539	-36.7250	781.0000
540	-36.8875	780.0000
541	-36.8875	781.0000
542	-36.8875	779.0000
543	-36.4000	781.0000
544	-36.5625	780.0000
545	-37.0500	781.0000
546	-37.3750	780.0000
547	-37.5375	780.0000
548	-38.5125	780.0000
549	-37.2125	780.0000
550	-36.8875	780.0000
551	-35.9125	780.0000
552	-7.6375	780.0000
553	-8.1250	780.0000
554	-7.9625	780.0000
555	-7.6375	779.0000
556	-7.3125	781.0000
557	-7.6375	780.0000
558	-7.6375	780.0000
559	-7.1500	782.0000
560	-7.3125	781.0000
561	-7.6375	781.0000
562	-7.3125	781.0000
563	-10.7250	780.0000
564	-7.6375	780.0000
565	-7.4750	780.0000
566	-7.1500	780.0000
567	-7.3125	781.0000
568	-10.7250	779.0000
569	-7.1500	781.0000
570	-10.2375	780.0000
571	-10.5625	781.0000
572	-16.0875	780.0000
573	-22.2625	781.0000
574	-33.6375	780.0000
575	-29.9000	780.0000
576	-9.4250	780.0000
577	-7.6375	780.0000
578	-8.6125	780.0000
579	-7.1500	779.0000
580	-6.9875	781.0000
581	-7.3125	780.0000
582	-6.9875	781.0000
583	-6.9875	780.0000
584	-6.8250	781.0000
585	-6.9875	780.0000
586	-6.9875	781.0000
587	-6.8250	780.0000
588	-6.6625	780.0000
589	-8.2875	781.0000
590	-6.9875	780.0000
591	-8.1250	781.0000
592	-7.1500	780.0000
593	-11.0500	781.0000
594	-6.6625	780.0000
595	-6.9875	781.0000
596	-6.8250	780.0000
597	-7.9625	780.0000
598	-6.8250	780.0000
599	-6.3375	781.0000
600	-6.5000	781.0000
601	-6.3375	780.0000
602	-6.8250	781.0000
603	-6.3375	780.0000
604	-6.6625	780.0000
605	-6.6625	780.0000
606	-6.1750	781.0000
607	-6.0125	780.0000
608	-6.1750	780.0000
609	-6.1750	780.0000
610	-5.8500	781.0000
611	-6.0125	780.0000
612	-7.6375	780.0000
613	-6.1750	780.0000
614	-6.1750	780.0000
615	-6.1750	781.0000
616	-6.1750	780.0000
617	-6.0125	781.0000
618	-6.3375	780.0000
619	-6.1750	781.0000
620	-6.1750	780.0000
621	-6.1750	781.0000
622	-6.0125	780.0000
623	-5.6875	781.0000
624	-6.0125	781.0000
625	-6.1750	780.0000
626	-6.0125	780.0000
627	-5.6875	780.0000
628	-5.5250	781.0000
629	-5.5250	780.0000
630	-5.6875	781.0000
631	-5.3625	780.0000
632	-5.6875	781.0000
633	-5.6875	780.0000
634	-5.3625	780.0000
635	-5.3625	780.0000
636	-5.2000	780.0000
637	-5.0375	780.0000
638	-5.3625	780.0000
639	-5.2000	780.0000
640	-5.0375	780.0000
641	-5.2000	782.0000
642	-5.0375	781.0000
643	-4.7125	780.0000
644	-4.7125	780.0000
645	-4.8750	782.0000
646	-4.8750	780.0000
647	-4.7125	781.0000
648	-5.0375	780.0000
649	-4.7125	780.0000
650	-4.5500	779.0000
651	-4.3875	780.0000
652	-4.5500	780.0000
653	-4.3875	780.0000
654	-4.3875	781.0000
655	-4.2250	780.0000
656	-4.2250	780.0000
657	-3.9000	780.0000
658	-4.0625	781.0000
659	-4.0625	780.0000
660	-3.9000	780.0000
661	-3.5750	780.0000
662	-3.7375	781.0000
663	-3.5750	781.0000
664	-3.5750	780.0000
665	-3.4125	781.0000
666	-3.4125	780.0000
667	-3.2500	780.0000
668	-3.0875	783.0000
669	-2.7625	781.0000
670	-2.6000	780.0000
671	-2.7625	781.0000
672	-1.7875	780.0000
673	-1.7875	780.0000
674	-1.7875	780.0000
675	-0.6500	780.0000
676	-0.4875	781.0000
677	-0.1625	780.0000
678	-0.9750	780.0000
679	0.6500	780.0000
680	1.1375	780.0000
681	1.7875	780.0000
682	1.9500	781.0000
683	2.6000	780.0000
684	2.9250	781.0000
685	4.0625	780.0000
686	4.3875	781.0000
687	4.7125	780.0000
688	5.6875	780.0000
689	5.6875	781.0000
690	6.9875	780.0000
691	7.6375	780.0000
692	8.1250	780.0000
693	6.3375	781.0000
694	7.6375	780.0000
695	10.0750	780.0000
696	11.2125	780.0000
697	11.2125	780.0000
698	12.6750	780.0000
699	13.1625	780.0000
700	13.8125	780.0000
701	15.1125	780.0000
702	16.0875	781.0000
703	17.2250	780.0000
704	17.8750	780.0000
705	18.5250	779.0000
706	19.8250	781.0000
707	19.9875	780.0000
708	20.3125	780.0000
709	22.9125	780.0000
710	23.7250	781.0000
711	24.7000	780.0000
712	26.0000	781.0000
713	26.8125	780.0000
714	28.1125	780.0000
715	29.0875	781.0000
716	30.2250	779.0000
717	31.3625	781.0000
718	32.1750	779.0000
719	33.4750	780.0000
720	34.6125	780.0000
721	35.7500	780.0000
722	36.8875	780.0000
723	31.6875	780.0000
724	39.3250	780.0000
725	39.8125	780.0000
726	40.7875	783.0000
727	42.9000	780.0000
728	43.7125	781.0000
729	45.1750	779.0000
730	46.4750	780.0000
731	47.9375	780.0000
732	48.9125	781.0000
733	50.2125	779.0000
734	51.5125	780.0000
735	52.0000	780.0000
736	53.3000	780.0000
737	54.1125	780.0000
738	55.7375	780.0000
739	57.8500	780.0000
740	58.9875	780.0000
741	59.8000	780.0000
742	60.2875	780.0000
743	62.8875	780.0000
744	64.1875	780.0000
745	65.1625	780.0000
746	66.6250	780.0000
747	67.7625	780.0000
748	69.2250	780.0000
749	70.3625	780.0000
750	71.8250	780.0000
751	72.9625	780.0000
752	74.5875	780.0000
753	75.4000	781.0000
754	76.8625	780.0000
755	78.3250	780.0000
756	79.6250	781.0000
757	80.9250	780.0000
758	82.0625	780.0000
759	83.3625	780.0000
760	84.5000	781.0000
761	85.9625	780.0000
762	87.1000	780.0000
763	88.5625	780.0000
764	89.7000	781.0000
765	91.0000	782.0000
766	92.4625	780.0000
767	93.6000	780.0000
768	95.0625	780.0000
769	96.3625	780.0000
770	96.8500	780.0000
771	98.8000	780.0000
772	99.6125	780.0000
773	100.7500	781.0000
774	100.7500	781.0000
775	102.5375	780.0000
776	102.8625	781.0000
777	104.0000	780.0000
778	104.4875	781.0000
779	105.7875	780.0000
780	105.6250	780.0000
781	105.1375	780.0000
782	106.7625	781.0000
783	106.7625	780.0000
784	107.9000	781.0000
785	106.7625	780.0000
786	108.2250	780.0000
787	108.7125	780.0000
788	109.0375	780.0000
789	108.7125	781.0000
790	108.5500	780.0000
791	109.8500	780.0000
792	108.0625	780.0000
793	109.6875	780.0000
794	109.6875	780.0000
795	109.6875	781.0000
796	108.5500	780.0000
797	109.2000	780.0000
798	109.3625	780.0000
799	108.7125	780.0000
800	109.0375	780.0000
801	108.7125	780.0000
802	108.5500	781.0000
803	106.1125	780.0000
804	107.9000	781.0000
805	108.0625	780.0000
806	107.7375	781.0000
807	106.4375	781.0000
808	106.9250	780.0000
809	106.4375	780.0000
810	105.9500	780.0000
811	105.3000	780.0000
812	104.6500	780.0000
813	104.3250	781.0000
814	103.3500	780.0000
815	103.3500	780.0000
816	101.8875	780.0000
817	101.8875	781.0000
818	101.0750	780.0000
819	100.9125	781.0000
820	100.5875	780.0000
821	99.6125	781.0000
822	97.9875	780.0000
823	97.9875	780.0000
824	97.1750	781.0000
825	96.8500	780.0000
826	96.2000	781.0000
827	95.5500	780.0000
828	94.9000	780.0000
829	93.9250	780.0000
830	93.4375	781.0000
831	92.3000	780.0000
832	91.6500	781.0000
833	90.6750	780.0000
834	86.2875	781.0000
835	88.7250	780.0000
836	88.5625	781.0000
837	87.2625	780.0000
838	85.8000	780.0000
839	85.6375	780.0000
840	84.3375	780.0000
841	82.7125	780.0000
842	81.7375	781.0000
843	80.7625	781.0000
844	79.9500	780.0000
845	79.9500	780.0000
846	79.1375	780.0000
847	76.5375	780.0000
848	76.0500	780.0000
849	74.5875	780.0000
850	73.9375	781.0000
851	73.1250	780.0000
852	72.1500	781.0000
853	71.3375	780.0000
854	70.2000	781.0000
855	69.2250	780.0000
856	68.2500	781.0000
857	66.9500	780.0000
858	66.1375	781.0000
859	64.8375	781.0000
860	63.7000	781.0000
861	62.8875	781.0000
862	61.2625	780.0000
863	60.1250	781.0000
864	59.1500	779.0000
865	58.0125	781.0000
866	56.2250	782.0000
867	55.0875	780.0000
868	54.4375	780.0000
869	53.1375	778.0000
870	51.1875	780.0000
871	49.7250	780.0000
872	49.2375	781.0000
873	46.9625	780.0000
874	46.8000	780.0000
875	45.6625	780.0000
876	44.3625	781.0000
877	42.5750	780.0000
878	41.4375	780.0000
879	40.3000	780.0000
880	38.8375	780.0000
881	37.2125	780.0000
882	36.2375	783.0000
883	35.1000	780.0000
884	33.6375	781.0000
885	32.3375	780.0000
886	31.2000	780.0000
887	30.0625	781.0000
888	28.6000	779.0000
889	27.3000	780.0000
890	26.1625	780.0000
891	25.0250	781.0000
892	23.7250	780.0000
893	22.4250	780.0000
894	21.6125	780.0000
895	19.8250	781.0000
896	19.3375	780.0000
897	18.6875	780.0000
898	18.0375	780.0000
899	16.4125	781.0000
900	17.3875	781.0000
901	17.2250	780.0000
902	16.7375	781.0000
903	15.6000	780.0000
904	16.0875	781.0000
905	15.6000	780.0000
906	15.2750	781.0000
907	15.4375	781.0000
908	14.7875	781.0000
909	14.7875	779.0000
910	13.4875	780.0000
911	14.6250	781.0000
912	13.9750	780.0000
913	14.3000	778.0000
914	13.6500	780.0000
915	13.3250	781.0000
916	13.9750	779.0000
917	13.8125	780.0000
918	13.3250	781.0000
919	13.4875	780.0000
920	13.4875	780.0000
921	13.4875	780.0000
922	13.3250	780.0000
923	13.3250	780.0000
924	13.4875	780.0000
925	12.5125	780.0000
926	13.1625	781.0000
927	13.1625	780.0000
928	13.3250	781.0000
929	11.7000	779.0000
930	13.0000	777.0000
931	12.8375	780.0000
932	11.0500	780.0000
933	12.5125	780.0000
934	12.3500	780.0000
935	13.0000	780.0000
936	11.2125	780.0000
937	12.6750	781.0000
938	12.6750	780.0000
939	11.3750	781.0000
940	12.1875	780.0000
941	12.5125	780.0000
942	12.3500	779.0000
943	10.5625	781.0000
944	12.5125	780.0000
945	7.3125	780.0000
946	1.4625	780.0000
947	8.2875	780.0000
948	12.1875	780.0000
949	12.3500	780.0000
950	12.1875	780.0000
951	12.1875	780.0000
952	11.7000	780.0000
953	11.7000	780.0000
954	11.5375	781.0000
955	12.1875	780.0000
956	12.0250	781.0000
957	12.0250	780.0000
958	11.5375	781.0000
959	11.8625	780.0000
960	10.7250	780.0000
961	11.7000	780.0000
962	10.5625	779.0000
963	10.2375	780.0000
964	6.3375	779.0000
965	3.0875	780.0000
966	8.9375	780.0000
967	10.8875	780.0000
968	10.8875	780.0000
969	10.5625	781.0000
970	10.2375	780.0000
971	11.3750	781.0000
972	11.2125	780.0000
973	10.5625	780.0000
974	11.3750	781.0000
975	11.7000	780.0000
976	11.7000	781.0000
977	11.7000	780.0000
978	11.7000	781.0000
979	11.7000	779.0000
980	11.3750	780.0000
981	8.6125	779.0000
982	11.5375	780.0000
983	11.5375	780.0000
984	11.5375	780.0000
985	11.7000	780.0000
986	11.5375	780.0000
987	11.3750	780.0000
988	11.3750	782.0000
989	11.2125	780.0000
990	11.2125	780.0000
991	11.2125	780.0000
992	11.2125	780.0000
993	11.2125	781.0000
994	11.0500	780.0000
995	11.0500	780.0000
996	11.0500	780.0000
997	11.3750	780.0000
998	10.8875	780.0000
999	11.2125	780.0000
1000	10.7250	780.0000
1001	11.2125	781.0000
1002	11.0500	780.0000
1003	11.0500	779.0000
1004	10.8875	780.0000
1005	11.2125	780.0000
1006	11.0500	780.0000
1007	8.2875	780.0000
1008	11.0500	781.0000
1009	11.0500	780.0000
1010	11.0500	780.0000
1011	11.0500	780.0000
1012	11.0500	780.0000
1013	11.0500	780.0000
1014	10.8875	780.0000
1015	11.0500	781.0000
1016	10.8875	780.0000
1017	10.8875	781.0000
1018	10.5625	780.0000
1019	11.2125	780.0000
1020	10.7250	780.0000
1021	10.4000	780.0000
1022	10.8875	781.0000
1023	10.7250	780.0000
#9351
