# Viernes 29 de Enero de 2018
# Medida Efecto Kerr Magneto óptico
# Muestra Co 1-x Rux 18%
# Polarizadores LPVI050 ThorLabs
# Láser polarizado 500 mWatts
# Photodiodo vtb 6061
# ángulo de reflexión aproximado 55°
# eje del polarizador en S (60°)
# eje de extinción del analizador 94°
# intensidad en la extinción 175 mV 
# intensidad en 100°: 4700 mV
# delay 100 ms
#	4.39	4706.74
#	5.20	4706.74
#	5.04	4706.74
#	5.04	4711.63
#	4.06	4706.74
#	4.23	4711.63
#	5.04	4711.63
#	4.55	4716.52
#	4.23	4716.52
#	5.04	4721.41
#	4.55	4716.52
#	5.20	4716.52
#	3.58	4716.52
#	5.04	4721.41
#	0.81	4721.41
#	5.04	4726.29
#	0.16	4721.41
#	-2.76	4726.29
#	5.36	4731.18
#	5.20	4740.96
#	4.39	4731.18
#	1.14	4736.07
#	4.87	4736.07
#	4.87	4736.07
#	4.39	4736.07
#	4.87	4740.96
#	4.55	4740.96
#	5.04	4755.62
#	4.55	4740.96
#	5.04	4745.85
#	5.20	4745.85
#	5.36	4750.73
#	4.55	4745.85
#	5.20	4745.85
#	5.20	4716.52
#	4.71	4716.52
#	4.39	4711.63
#	4.87	4716.52
#	5.36	4716.52
#	5.20	4716.52
#	4.55	4716.52
#	4.23	4716.52
#	5.20	4721.41
#	5.04	4716.52
#	5.04	4711.63
#	5.20	4721.41
#	4.06	4721.41
#	5.36	4726.29
#	5.36	4726.29
#	3.90	4726.29
#	5.20	4721.41
#	5.20	4726.29
#	4.87	4726.29
#	4.23	4726.29
#	5.20	4726.29
#	4.87	4736.07
#	3.58	4726.29
#	4.55	4731.18
#	5.36	4726.29
0	5.2000	969.0000
1	5.8500	968.0000
2	5.6875	969.0000
3	5.3625	968.0000
4	5.5250	969.0000
5	5.5250	969.0000
6	5.6875	969.0000
7	5.6875	969.0000
8	5.3625	969.0000
9	5.6875	969.0000
10	5.8500	969.0000
11	5.3625	969.0000
12	6.0125	969.0000
13	5.6875	969.0000
14	5.5250	969.0000
15	4.7125	970.0000
16	5.0375	969.0000
17	4.7125	970.0000
18	5.2000	969.0000
19	5.3625	970.0000
20	5.6875	969.0000
21	5.6875	970.0000
22	5.5250	969.0000
23	5.5250	970.0000
24	5.5250	969.0000
25	5.6875	970.0000
26	5.3625	970.0000
27	5.2000	971.0000
28	5.8500	970.0000
29	5.2000	971.0000
30	5.2000	970.0000
31	5.0375	971.0000
32	5.0375	971.0000
33	5.5250	971.0000
34	4.8750	971.0000
35	5.3625	971.0000
36	5.3625	971.0000
37	4.3875	971.0000
38	4.7125	972.0000
39	5.3625	971.0000
40	5.5250	972.0000
41	4.5500	972.0000
42	5.5250	973.0000
43	5.2000	972.0000
44	5.0375	973.0000
45	5.2000	972.0000
46	4.8750	973.0000
47	5.3625	972.0000
48	5.6875	973.0000
49	5.3625	972.0000
50	5.2000	973.0000
51	5.5250	972.0000
52	4.7125	973.0000
53	4.5500	975.0000
54	4.7125	973.0000
55	4.3875	973.0000
56	4.7125	972.0000
57	5.2000	972.0000
58	5.3625	972.0000
59	5.2000	973.0000
60	5.2000	973.0000
61	4.8750	973.0000
62	4.8750	972.0000
63	5.0375	973.0000
64	4.5500	972.0000
65	4.5500	973.0000
66	5.0375	973.0000
67	5.2000	974.0000
68	4.8750	972.0000
69	4.5500	974.0000
70	4.5500	972.0000
71	5.2000	974.0000
72	5.0375	973.0000
73	5.0375	974.0000
74	4.8750	973.0000
75	4.5500	974.0000
76	4.7125	973.0000
77	4.8750	974.0000
78	4.7125	973.0000
79	4.7125	974.0000
80	4.5500	973.0000
81	4.5500	974.0000
82	4.5500	973.0000
83	4.8750	974.0000
84	4.5500	974.0000
85	4.0625	974.0000
86	4.7125	974.0000
87	4.7125	974.0000
88	4.7125	974.0000
89	4.5500	974.0000
90	3.7375	974.0000
91	3.7375	974.0000
92	3.7375	975.0000
93	4.0625	974.0000
94	3.9000	979.0000
95	3.5750	975.0000
96	4.3875	975.0000
97	3.7375	974.0000
98	4.3875	975.0000
99	4.2250	974.0000
100	3.9000	975.0000
101	3.9000	975.0000
102	4.0625	975.0000
103	3.4125	975.0000
104	4.0625	973.0000
105	4.0625	975.0000
106	3.9000	976.0000
107	3.7375	976.0000
108	3.0875	976.0000
109	3.2500	976.0000
110	3.7375	976.0000
111	2.7625	976.0000
112	3.4125	975.0000
113	3.5750	975.0000
114	3.5750	975.0000
115	3.5750	976.0000
116	2.7625	975.0000
117	3.7375	976.0000
118	3.7375	975.0000
119	3.2500	977.0000
120	3.2500	976.0000
121	3.4125	976.0000
122	3.4125	975.0000
123	3.4125	977.0000
124	3.0875	975.0000
125	3.0875	977.0000
126	3.0875	975.0000
127	2.2750	976.0000
128	2.4375	977.0000
129	2.4375	977.0000
130	3.0875	976.0000
131	1.7875	976.0000
132	2.9250	976.0000
133	3.0875	977.0000
134	2.6000	975.0000
135	3.0875	977.0000
136	2.9250	976.0000
137	2.9250	976.0000
138	2.2750	977.0000
139	2.6000	976.0000
140	2.6000	978.0000
141	2.6000	977.0000
142	2.7625	977.0000
143	2.4375	977.0000
144	2.7625	978.0000
145	1.6250	975.0000
146	1.7875	978.0000
147	1.6250	977.0000
148	2.1125	979.0000
149	1.9500	977.0000
150	1.7875	978.0000
151	1.6250	977.0000
152	1.4625	978.0000
153	1.4625	976.0000
154	1.9500	978.0000
155	1.6250	977.0000
156	1.4625	978.0000
157	0.8125	978.0000
158	0.8125	978.0000
159	0.4875	977.0000
160	0.3250	977.0000
161	-0.1625	977.0000
162	-0.8125	977.0000
163	-1.1375	978.0000
164	-1.3000	978.0000
165	-2.1125	978.0000
166	-2.6000	977.0000
167	-2.6000	978.0000
168	-3.4125	977.0000
169	-3.7375	978.0000
170	-4.3875	977.0000
171	-4.8750	978.0000
172	-5.5250	977.0000
173	-6.1750	978.0000
174	-6.8250	977.0000
175	-7.3125	978.0000
176	-7.8000	977.0000
177	-8.7750	978.0000
178	-9.4250	977.0000
179	-9.7500	979.0000
180	-10.4000	978.0000
181	-11.3750	978.0000
182	-12.8375	977.0000
183	-13.3250	978.0000
184	-13.9750	978.0000
185	-15.2750	977.0000
186	-16.2500	978.0000
187	-16.5750	978.0000
188	-16.7375	978.0000
189	-18.3625	977.0000
190	-19.1750	978.0000
191	-20.1500	977.0000
192	-20.8000	979.0000
193	-22.2625	978.0000
194	-23.0750	979.0000
195	-24.3750	978.0000
196	-25.8375	979.0000
197	-26.8125	978.0000
198	-27.4625	979.0000
199	-28.4375	978.0000
200	-30.0625	979.0000
201	-31.6875	978.0000
202	-32.6625	979.0000
203	-34.2875	978.0000
204	-34.6125	979.0000
205	-35.9125	978.0000
206	-37.0500	979.0000
207	-38.1875	978.0000
208	-39.1625	979.0000
209	-40.4625	979.0000
210	-41.7625	978.0000
211	-43.0625	979.0000
212	-44.5250	975.0000
213	-45.8250	979.0000
214	-46.9625	978.0000
215	-48.1000	979.0000
216	-49.7250	978.0000
217	-79.3000	979.0000
218	-52.3250	978.0000
219	-55.4125	979.0000
220	-55.0875	978.0000
221	-56.0625	979.0000
222	-57.0375	978.0000
223	-58.5000	979.0000
224	-59.9625	979.0000
225	-60.6125	980.0000
226	-62.5625	979.0000
227	-63.8625	979.0000
228	-64.5125	979.0000
229	-65.8125	981.0000
230	-67.2750	979.0000
231	-68.4125	979.0000
232	-69.8750	979.0000
233	-71.1750	979.0000
234	-72.3125	979.0000
235	-73.7750	978.0000
236	-75.2375	979.0000
237	-76.2125	979.0000
238	-81.4125	979.0000
239	-79.6250	979.0000
240	-80.7625	979.0000
241	-81.5750	979.0000
242	-82.8750	979.0000
243	-84.1750	979.0000
244	-85.3125	979.0000
245	-86.9375	978.0000
246	-88.0750	980.0000
247	-89.2125	979.0000
248	-91.3250	980.0000
249	-92.4625	979.0000
250	-93.4375	979.0000
251	-95.0625	978.0000
252	-100.5875	979.0000
253	-97.5000	979.0000
254	-98.8000	979.0000
255	-99.9375	979.0000
256	-105.4625	979.0000
257	-103.1875	979.0000
258	-104.0000	978.0000
259	-103.8375	979.0000
260	-103.6750	979.0000
261	-102.7000	979.0000
262	-102.2125	979.0000
263	-101.5625	979.0000
264	-101.5625	978.0000
265	-100.4250	979.0000
266	-99.4500	979.0000
267	-98.6375	979.0000
268	-97.9875	978.0000
269	-96.8500	979.0000
270	-96.2000	978.0000
271	-95.3875	979.0000
272	-94.0875	978.0000
273	-93.6000	979.0000
274	-92.6250	978.0000
275	-94.4125	979.0000
276	-90.6750	978.0000
277	-89.7000	978.0000
278	-88.7250	978.0000
279	-87.7500	978.0000
280	-86.6125	979.0000
281	-85.9625	978.0000
282	-87.9125	979.0000
283	-84.0125	979.0000
284	-82.7125	979.0000
285	-82.0625	979.0000
286	-81.0875	979.0000
287	-79.9500	978.0000
288	-78.8125	979.0000
289	-77.8375	979.0000
290	-76.8625	979.0000
291	-75.8875	979.0000
292	-74.9125	979.0000
293	-77.8375	979.0000
294	-73.6125	979.0000
295	-72.4750	978.0000
296	-70.8500	979.0000
297	-69.7125	978.0000
298	-68.5750	979.0000
299	-67.6000	978.0000
300	-66.6250	979.0000
301	-65.1625	979.0000
302	-65.6500	979.0000
303	-63.2125	978.0000
304	-62.0750	978.0000
305	-61.1000	979.0000
306	-60.1250	978.0000
307	-58.9875	979.0000
308	-62.2375	977.0000
309	-64.0250	979.0000
310	-55.5750	978.0000
311	-54.6000	979.0000
312	-53.6250	978.0000
313	-52.3250	979.0000
314	-51.5125	978.0000
315	-50.0500	978.0000
316	-48.9125	978.0000
317	-48.2625	979.0000
318	-47.1250	978.0000
319	-45.9875	979.0000
320	-44.8500	978.0000
321	-44.0375	978.0000
322	-42.9000	978.0000
323	-41.6000	978.0000
324	-40.6250	979.0000
325	-39.4875	978.0000
326	-38.8375	979.0000
327	-37.3750	978.0000
328	-36.4000	979.0000
329	-35.5875	978.0000
330	-39.4875	979.0000
331	-33.4750	978.0000
332	-32.3375	979.0000
333	-31.8500	978.0000
334	-30.8750	979.0000
335	-29.9000	978.0000
336	-28.9250	979.0000
337	-29.0875	978.0000
338	-27.4625	979.0000
339	-26.6500	977.0000
340	-26.0000	979.0000
341	-25.3500	979.0000
342	-24.8625	979.0000
343	-24.3750	979.0000
344	-23.8875	979.0000
345	-23.7250	979.0000
346	-22.5875	978.0000
347	-22.2625	979.0000
348	-21.4500	979.0000
349	-20.9625	979.0000
350	-20.4750	978.0000
351	-19.8250	979.0000
352	-19.1750	979.0000
353	-18.6875	979.0000
354	-18.0375	978.0000
355	-18.0375	979.0000
356	-17.7125	978.0000
357	-19.1750	979.0000
358	-16.9000	978.0000
359	-16.5750	979.0000
360	-16.0875	979.0000
361	-16.0875	979.0000
362	-16.0875	978.0000
363	-15.9250	979.0000
364	-15.9250	978.0000
365	-16.0875	979.0000
366	-15.9250	979.0000
367	-16.2500	979.0000
368	-15.6000	979.0000
369	-16.2500	979.0000
370	-15.4375	979.0000
371	-15.6000	979.0000
372	-15.7625	979.0000
373	-15.7625	979.0000
374	-15.2750	979.0000
375	-15.4375	979.0000
376	-15.4375	979.0000
377	-15.1125	978.0000
378	-15.2750	979.0000
379	-14.9500	979.0000
380	-15.1125	979.0000
381	-14.9500	979.0000
382	-14.7875	979.0000
383	-14.9500	979.0000
384	-15.1125	979.0000
385	-14.7875	978.0000
386	-14.4625	979.0000
387	-14.7875	979.0000
388	-14.7875	979.0000
389	-14.9500	979.0000
390	-14.3000	979.0000
391	-14.4625	979.0000
392	-14.7875	979.0000
393	-14.6250	979.0000
394	-14.4625	979.0000
395	-14.6250	979.0000
396	-14.4625	979.0000
397	-14.6250	980.0000
398	-14.6250	979.0000
399	-14.3000	979.0000
400	-14.3000	979.0000
401	-14.3000	979.0000
402	-14.4625	979.0000
403	-14.6250	980.0000
404	-18.6875	979.0000
405	-14.3000	980.0000
406	-13.9750	979.0000
407	-14.1375	980.0000
408	-14.3000	979.0000
409	-14.4625	980.0000
410	-13.9750	979.0000
411	-14.6250	980.0000
412	-14.6250	979.0000
413	-13.8125	980.0000
414	-14.1375	979.0000
415	-13.6500	980.0000
416	-13.9750	979.0000
417	-13.6500	980.0000
418	-13.8125	979.0000
419	-13.4875	977.0000
420	-13.4875	979.0000
421	-13.4875	980.0000
422	-13.6500	980.0000
423	-13.9750	980.0000
424	-16.9000	980.0000
425	-13.6500	979.0000
426	-13.1625	981.0000
427	-13.3250	980.0000
428	-13.1625	981.0000
429	-13.3250	980.0000
430	-13.3250	981.0000
431	-13.4875	980.0000
432	-13.1625	982.0000
433	-13.3250	980.0000
434	-13.8125	981.0000
435	-13.3250	980.0000
436	-13.3250	981.0000
437	-13.4875	980.0000
438	-13.4875	981.0000
439	-13.3250	980.0000
440	-13.3250	980.0000
441	-18.3625	980.0000
442	-13.8125	981.0000
443	-14.1375	979.0000
444	-13.8125	980.0000
445	-13.3250	980.0000
446	-13.4875	980.0000
447	-13.3250	980.0000
448	-13.0000	981.0000
449	-13.1625	980.0000
450	-13.8125	980.0000
451	-13.0000	980.0000
452	-13.1625	980.0000
453	-13.1625	980.0000
454	-13.1625	980.0000
455	-13.0000	981.0000
456	-13.1625	980.0000
457	-13.0000	981.0000
458	-13.4875	980.0000
459	-13.0000	981.0000
460	-12.8375	980.0000
461	-13.0000	981.0000
462	-13.1625	980.0000
463	-12.8375	981.0000
464	-12.6750	980.0000
465	-12.6750	979.0000
466	-12.8375	980.0000
467	-12.6750	981.0000
468	-12.6750	980.0000
469	-12.6750	981.0000
470	-12.6750	980.0000
471	-12.6750	980.0000
472	-13.3250	980.0000
473	-12.3500	980.0000
474	-13.0000	980.0000
475	-14.3000	980.0000
476	-12.6750	981.0000
477	-12.5125	980.0000
478	-14.1375	981.0000
479	-13.3250	981.0000
480	-13.1625	980.0000
481	-13.3250	980.0000
482	-12.6750	982.0000
483	-13.0000	981.0000
484	-12.6750	981.0000
485	-12.6750	980.0000
486	-12.3500	981.0000
487	-12.6750	983.0000
488	-13.0000	982.0000
489	-12.8375	981.0000
490	-12.1875	981.0000
491	-12.8375	981.0000
492	-12.6750	982.0000
493	-12.5125	980.0000
494	-12.5125	981.0000
495	-12.5125	980.0000
496	-13.4875	982.0000
497	-12.5125	982.0000
498	-12.3500	981.0000
499	-12.5125	980.0000
500	-12.5125	981.0000
501	-13.0000	984.0000
502	-12.0250	982.0000
503	-12.3500	981.0000
504	-12.6750	982.0000
505	-12.5125	982.0000
506	-12.3500	981.0000
507	-12.1875	982.0000
508	-12.3500	982.0000
509	-12.6750	981.0000
510	-12.3500	981.0000
511	-12.3500	982.0000
512	-12.1875	981.0000
513	-13.4875	982.0000
514	-12.1875	981.0000
515	-12.5125	983.0000
516	-12.1875	981.0000
517	-12.3500	983.0000
518	-12.1875	982.0000
519	-12.0250	983.0000
520	-12.1875	982.0000
521	-12.0250	983.0000
522	-12.1875	981.0000
523	-12.5125	982.0000
524	-12.1875	982.0000
525	-12.0250	983.0000
526	-12.3500	982.0000
527	-12.5125	983.0000
528	-12.3500	982.0000
529	-12.1875	983.0000
530	-12.3500	982.0000
531	-12.0250	983.0000
532	-12.5125	983.0000
533	-12.3500	983.0000
534	-12.3500	983.0000
535	-12.1875	984.0000
536	-12.3500	983.0000
537	-12.8375	983.0000
538	-12.1875	983.0000
539	-12.5125	982.0000
540	-12.1875	983.0000
541	-12.3500	983.0000
542	-12.3500	983.0000
543	-12.1875	982.0000
544	-12.1875	983.0000
545	-12.1875	982.0000
546	-12.3500	983.0000
547	-12.1875	983.0000
548	-12.5125	984.0000
549	-12.3500	983.0000
550	-12.3500	983.0000
551	-16.7375	983.0000
552	-12.1875	983.0000
553	-23.7250	983.0000
554	-11.8625	984.0000
555	-11.8625	983.0000
556	-12.1875	984.0000
557	-12.0250	983.0000
558	-12.0250	983.0000
559	-11.8625	983.0000
560	-11.8625	984.0000
561	-12.3500	984.0000
562	-11.8625	983.0000
563	-12.1875	984.0000
564	-12.0250	983.0000
565	-12.0250	984.0000
566	-12.0250	983.0000
567	-12.3500	984.0000
568	-12.0250	983.0000
569	-12.1875	984.0000
570	-14.9500	983.0000
571	-12.8375	984.0000
572	-12.6750	983.0000
573	-12.6750	984.0000
574	-12.1875	984.0000
575	-12.6750	984.0000
576	-12.3500	983.0000
577	-12.1875	984.0000
578	-12.1875	983.0000
579	-11.7000	984.0000
580	-11.8625	984.0000
581	-11.7000	984.0000
582	-12.1875	984.0000
583	-12.0250	983.0000
584	-11.8625	985.0000
585	-11.5375	983.0000
586	-11.8625	984.0000
587	-12.1875	983.0000
588	-11.8625	984.0000
589	-12.0250	983.0000
590	-11.7000	983.0000
591	-11.8625	983.0000
592	-11.5375	984.0000
593	-11.5375	983.0000
594	-13.0000	984.0000
595	-15.7625	984.0000
596	-11.8625	984.0000
597	-11.5375	983.0000
598	-11.5375	984.0000
599	-11.7000	984.0000
600	-11.5375	984.0000
601	-11.3750	984.0000
602	-11.7000	983.0000
603	-11.5375	984.0000
604	-11.3750	983.0000
605	-11.5375	984.0000
606	-12.6750	983.0000
607	-11.5375	984.0000
608	-12.3500	983.0000
609	-12.0250	984.0000
610	-12.1875	983.0000
611	-11.3750	984.0000
612	-11.8625	982.0000
613	-11.8625	984.0000
614	-12.0250	983.0000
615	-11.7000	984.0000
616	-13.6500	983.0000
617	-11.5375	983.0000
618	-11.0500	983.0000
619	-11.3750	984.0000
620	-11.2125	983.0000
621	-11.2125	981.0000
622	-11.3750	984.0000
623	-11.0500	983.0000
624	-11.7000	984.0000
625	-11.5375	983.0000
626	-13.6500	984.0000
627	-11.0500	983.0000
628	-11.0500	984.0000
629	-11.2125	983.0000
630	-10.8875	984.0000
631	-12.5125	983.0000
632	-11.0500	984.0000
633	-11.0500	983.0000
634	-10.8875	985.0000
635	-10.7250	983.0000
636	-10.8875	983.0000
637	-11.0500	983.0000
638	-10.7250	981.0000
639	-10.5625	983.0000
640	-10.7250	983.0000
641	-11.0500	984.0000
642	-10.4000	983.0000
643	-10.4000	984.0000
644	-10.5625	983.0000
645	-11.3750	984.0000
646	-11.2125	983.0000
647	-11.0500	983.0000
648	-10.4000	983.0000
649	-10.4000	984.0000
650	-10.4000	983.0000
651	-11.0500	984.0000
652	-10.5625	983.0000
653	-10.2375	983.0000
654	-11.5375	983.0000
655	-9.9125	984.0000
656	-10.0750	983.0000
657	-9.7500	983.0000
658	-9.5875	983.0000
659	-9.5875	983.0000
660	-9.5875	984.0000
661	-9.4250	983.0000
662	-9.5875	983.0000
663	-9.1000	983.0000
664	-10.0750	984.0000
665	-9.1000	983.0000
666	-9.2625	983.0000
667	-9.2625	983.0000
668	-8.9375	984.0000
669	-8.7750	983.0000
670	-8.6125	983.0000
671	-8.6125	983.0000
672	-7.9625	986.0000
673	-7.6375	983.0000
674	-7.3125	984.0000
675	-6.9875	983.0000
676	-7.1500	983.0000
677	-5.8500	983.0000
678	-5.5250	983.0000
679	-5.2000	983.0000
680	-4.5500	983.0000
681	-4.2250	983.0000
682	-7.8000	983.0000
683	-3.5750	983.0000
684	-3.0875	983.0000
685	-1.9500	984.0000
686	-1.4625	983.0000
687	-0.9750	983.0000
688	0.0000	982.0000
689	0.4875	983.0000
690	1.1375	983.0000
691	1.7875	983.0000
692	2.6000	982.0000
693	3.2500	983.0000
694	3.7375	982.0000
695	4.7125	983.0000
696	5.2000	982.0000
697	6.5000	983.0000
698	7.1500	982.0000
699	7.9625	983.0000
700	8.7750	983.0000
701	10.0750	983.0000
702	10.7250	983.0000
703	9.1000	983.0000
704	12.5125	983.0000
705	13.9750	982.0000
706	14.7875	983.0000
707	15.9250	982.0000
708	17.2250	983.0000
709	18.3625	985.0000
710	19.0125	983.0000
711	15.7625	982.0000
712	21.4500	983.0000
713	22.9125	983.0000
714	23.8875	983.0000
715	25.0250	982.0000
716	26.8125	983.0000
717	27.7875	981.0000
718	28.9250	983.0000
719	23.0750	982.0000
720	30.8750	983.0000
721	31.8500	983.0000
722	33.4750	983.0000
723	34.4500	982.0000
724	36.0750	983.0000
725	37.3750	983.0000
726	38.5125	983.0000
727	39.9750	982.0000
728	40.7875	982.0000
729	42.2500	981.0000
730	43.7125	982.0000
731	44.8500	983.0000
732	46.4750	982.0000
733	47.7750	983.0000
734	48.5875	982.0000
735	50.0500	983.0000
736	47.2875	982.0000
737	52.9750	983.0000
738	54.4375	982.0000
739	55.4125	983.0000
740	56.5500	982.0000
741	58.0125	983.0000
742	59.3125	982.0000
743	60.7750	983.0000
744	62.2375	983.0000
745	63.5375	983.0000
746	64.6750	982.0000
747	65.8125	982.0000
748	67.2750	983.0000
749	68.5750	982.0000
750	69.8750	983.0000
751	71.3375	983.0000
752	72.6375	983.0000
753	73.9375	982.0000
754	75.2375	983.0000
755	76.7000	982.0000
756	72.9625	983.0000
757	78.4875	982.0000
758	79.7875	983.0000
759	81.9000	982.0000
760	83.2000	983.0000
761	84.5000	982.0000
762	85.9625	982.0000
763	87.1000	982.0000
764	88.4000	982.0000
765	89.7000	982.0000
766	91.1625	982.0000
767	92.4625	982.0000
768	94.2500	982.0000
769	94.9000	983.0000
770	96.3625	982.0000
771	96.3625	984.0000
772	96.0375	982.0000
773	95.5500	983.0000
774	94.7375	982.0000
775	93.4375	983.0000
776	92.6250	982.0000
777	92.3000	982.0000
778	91.6500	982.0000
779	91.0000	983.0000
780	90.3500	982.0000
781	89.3750	982.0000
782	88.7250	982.0000
783	87.5875	982.0000
784	86.7750	982.0000
785	85.6375	982.0000
786	84.3375	981.0000
787	84.0125	982.0000
788	83.2000	982.0000
789	82.3875	981.0000
790	81.4125	982.0000
791	80.2750	981.0000
792	79.1375	983.0000
793	73.9375	983.0000
794	76.5375	982.0000
795	75.7250	981.0000
796	75.2375	982.0000
797	74.2625	981.0000
798	72.9625	982.0000
799	72.3125	981.0000
800	71.1750	982.0000
801	70.2000	981.0000
802	68.9000	982.0000
803	68.4125	981.0000
804	66.7875	982.0000
805	65.8125	981.0000
806	65.1625	982.0000
807	64.0250	980.0000
808	63.0500	982.0000
809	61.5875	980.0000
810	60.9375	981.0000
811	59.6375	981.0000
812	57.6875	981.0000
813	56.8750	981.0000
814	56.3875	981.0000
815	55.2500	981.0000
816	53.3000	980.0000
817	53.1375	982.0000
818	52.1625	980.0000
819	50.5375	981.0000
820	49.8875	979.0000
821	48.7500	981.0000
822	47.4500	980.0000
823	46.4750	981.0000
824	45.3375	980.0000
825	44.5250	981.0000
826	42.9000	980.0000
827	42.4125	980.0000
828	40.6250	980.0000
829	39.4875	981.0000
830	35.1000	980.0000
831	36.8875	981.0000
832	36.0750	980.0000
833	34.9375	980.0000
834	33.9625	980.0000
835	33.1500	980.0000
836	32.3375	980.0000
837	31.3625	980.0000
838	30.2250	980.0000
839	28.9250	980.0000
840	27.9500	981.0000
841	27.1375	980.0000
842	26.1625	979.0000
843	25.0250	980.0000
844	24.3750	980.0000
845	23.5625	979.0000
846	22.4250	980.0000
847	21.2875	980.0000
848	20.4750	980.0000
849	18.5250	979.0000
850	18.6875	981.0000
851	18.6875	979.0000
852	17.7125	980.0000
853	17.3875	979.0000
854	16.9000	980.0000
855	15.7625	980.0000
856	15.7625	980.0000
857	15.4375	979.0000
858	13.9750	980.0000
859	13.9750	979.0000
860	13.3250	979.0000
861	12.8375	980.0000
862	12.0250	980.0000
863	11.7000	980.0000
864	11.0500	979.0000
865	10.8875	980.0000
866	9.9125	979.0000
867	5.6875	983.0000
868	9.5875	979.0000
869	9.1000	979.0000
870	8.6125	980.0000
871	8.6125	980.0000
872	8.6125	979.0000
873	8.6125	980.0000
874	8.4500	979.0000
875	8.4500	980.0000
876	3.4125	979.0000
877	8.6125	979.0000
878	7.6375	979.0000
879	8.2875	979.0000
880	8.2875	979.0000
881	8.1250	980.0000
882	8.2875	979.0000
883	8.1250	979.0000
884	8.1250	979.0000
885	6.5000	979.0000
886	7.1500	979.0000
887	7.1500	979.0000
888	7.4750	979.0000
889	7.3125	979.0000
890	7.6375	979.0000
891	7.8000	979.0000
892	7.3125	980.0000
893	7.4750	979.0000
894	6.3375	979.0000
895	7.4750	979.0000
896	7.6375	980.0000
897	7.3125	979.0000
898	7.4750	979.0000
899	7.4750	979.0000
900	7.1500	979.0000
901	6.8250	979.0000
902	7.4750	979.0000
903	7.3125	979.0000
904	3.5750	979.0000
905	7.6375	978.0000
906	7.1500	979.0000
907	7.1500	979.0000
908	6.8250	979.0000
909	7.1500	978.0000
910	6.9875	979.0000
911	6.9875	979.0000
912	6.8250	979.0000
913	6.9875	979.0000
914	6.6625	979.0000
915	6.9875	979.0000
916	6.9875	979.0000
917	6.8250	979.0000
918	6.5000	979.0000
919	7.1500	979.0000
920	6.8250	979.0000
921	6.8250	979.0000
922	6.8250	978.0000
923	-10.7250	979.0000
924	6.1750	979.0000
925	6.1750	979.0000
926	6.1750	978.0000
927	6.5000	979.0000
928	6.5000	979.0000
929	6.8250	979.0000
930	6.6625	979.0000
931	6.6625	979.0000
932	6.3375	979.0000
933	6.5000	979.0000
934	6.6625	979.0000
935	6.5000	979.0000
936	6.5000	978.0000
937	6.5000	979.0000
938	6.6625	978.0000
939	6.5000	979.0000
940	6.5000	978.0000
941	2.1125	979.0000
942	6.1750	979.0000
943	6.3375	978.0000
944	6.3375	979.0000
945	6.1750	978.0000
946	6.1750	979.0000
947	6.3375	978.0000
948	6.3375	979.0000
949	6.0125	978.0000
950	6.1750	978.0000
951	6.1750	976.0000
952	6.1750	979.0000
953	6.0125	978.0000
954	6.1750	979.0000
955	6.1750	978.0000
956	5.5250	979.0000
957	6.1750	978.0000
958	5.6875	979.0000
959	6.0125	978.0000
960	5.5250	979.0000
961	5.3625	978.0000
962	5.5250	979.0000
963	6.0125	978.0000
964	6.0125	979.0000
965	6.0125	978.0000
966	6.3375	979.0000
967	6.3375	978.0000
968	5.6875	979.0000
969	6.1750	978.0000
970	6.0125	978.0000
971	5.8500	978.0000
972	6.0125	978.0000
973	6.1750	978.0000
974	5.8500	978.0000
975	5.0375	978.0000
976	6.0125	978.0000
977	6.1750	979.0000
978	5.0375	978.0000
979	5.8500	979.0000
980	5.8500	978.0000
981	5.8500	979.0000
982	5.6875	978.0000
983	5.5250	979.0000
984	5.6875	977.0000
985	6.0125	978.0000
986	6.1750	977.0000
987	5.5250	979.0000
988	5.6875	978.0000
989	5.8500	978.0000
990	5.6875	977.0000
991	5.8500	978.0000
992	5.6875	977.0000
993	5.8500	978.0000
994	5.5250	977.0000
995	5.0375	978.0000
996	5.5250	979.0000
997	5.0375	978.0000
998	5.0375	978.0000
999	5.0375	978.0000
1000	5.6875	978.0000
1001	5.5250	977.0000
1002	5.6875	978.0000
1003	5.6875	977.0000
1004	5.3625	978.0000
1005	5.6875	977.0000
1006	5.5250	977.0000
1007	5.5250	977.0000
1008	5.8500	978.0000
1009	5.6875	977.0000
1010	5.6875	978.0000
1011	5.8500	977.0000
1012	5.6875	977.0000
1013	5.5250	977.0000
1014	5.8500	978.0000
1015	3.5750	977.0000
1016	5.0375	978.0000
1017	5.0375	977.0000
1018	5.2000	978.0000
1019	4.8750	977.0000
1020	5.3625	977.0000
1021	5.8500	977.0000
1022	5.5250	976.0000
1023	5.6875	977.0000

0	5.6875	978.0000
1	5.2000	976.0000
2	5.0375	977.0000
3	5.6875	977.0000
4	5.5250	977.0000
5	6.0125	977.0000
6	5.5250	977.0000
7	5.8500	976.0000
8	5.6875	977.0000
9	5.2000	977.0000
10	5.0375	977.0000
11	5.2000	977.0000
12	5.3625	976.0000
13	4.5500	977.0000
14	5.5250	977.0000
15	5.6875	977.0000
16	5.3625	976.0000
17	5.3625	977.0000
18	5.6875	976.0000
19	5.6875	977.0000
20	5.5250	976.0000
21	5.3625	977.0000
22	5.5250	977.0000
23	5.5250	977.0000
24	5.5250	976.0000
25	5.0375	977.0000
26	5.5250	977.0000
27	1.4625	977.0000
28	4.7125	977.0000
29	5.0375	977.0000
30	5.2000	977.0000
31	5.2000	976.0000
32	5.2000	977.0000
33	5.3625	976.0000
34	5.3625	977.0000
35	5.5250	976.0000
36	5.3625	977.0000
37	5.2000	976.0000
38	5.0375	976.0000
39	5.3625	976.0000
40	5.3625	977.0000
41	5.0375	976.0000
42	-0.3250	977.0000
43	5.2000	976.0000
44	4.7125	976.0000
45	5.2000	976.0000
46	4.5500	977.0000
47	4.5500	976.0000
48	4.5500	977.0000
49	5.0375	976.0000
50	5.0375	976.0000
51	4.8750	976.0000
52	4.8750	975.0000
53	5.0375	976.0000
54	4.7125	976.0000
55	2.1125	977.0000
56	4.8750	976.0000
57	5.2000	976.0000
58	5.0375	975.0000
59	4.7125	977.0000
60	4.7125	976.0000
61	5.0375	977.0000
62	4.3875	976.0000
63	4.3875	976.0000
64	3.5750	976.0000
65	4.3875	976.0000
66	4.0625	976.0000
67	4.7125	976.0000
68	3.9000	980.0000
69	4.5500	976.0000
70	5.0375	976.0000
71	4.7125	975.0000
72	4.5500	976.0000
73	4.2250	976.0000
74	4.7125	976.0000
75	4.7125	975.0000
76	4.2250	976.0000
77	4.7125	975.0000
78	4.2250	976.0000
79	4.2250	975.0000
80	4.3875	976.0000
81	4.3875	976.0000
82	-0.9750	976.0000
83	3.5750	975.0000
84	3.9000	976.0000
85	3.7375	975.0000
86	4.2250	976.0000
87	3.5750	975.0000
88	4.2250	976.0000
89	4.5500	976.0000
90	4.3875	976.0000
91	4.2250	975.0000
92	4.0625	975.0000
93	4.0625	976.0000
94	3.7375	975.0000
95	4.0625	976.0000
96	4.2250	975.0000
97	4.2250	976.0000
98	-0.8125	975.0000
99	3.7375	976.0000
100	3.9000	975.0000
101	2.9250	976.0000
102	3.2500	975.0000
103	3.5750	976.0000
104	3.7375	975.0000
105	3.4125	975.0000
106	3.7375	975.0000
107	3.9000	976.0000
108	3.7375	975.0000
109	3.5750	975.0000
110	3.5750	975.0000
111	3.4125	975.0000
112	3.5750	975.0000
113	3.4125	975.0000
114	3.5750	975.0000
115	3.0875	975.0000
116	3.7375	976.0000
117	3.0875	975.0000
118	3.4125	976.0000
119	2.7625	975.0000
120	2.6000	975.0000
121	2.2750	975.0000
122	2.6000	975.0000
123	3.0875	975.0000
124	2.6000	975.0000
125	2.7625	975.0000
126	2.7625	975.0000
127	2.7625	975.0000
128	2.9250	975.0000
129	3.0875	975.0000
130	2.7625	975.0000
131	2.9250	974.0000
132	2.9250	975.0000
133	2.6000	975.0000
134	1.9500	975.0000
135	2.9250	975.0000
136	2.2750	975.0000
137	1.7875	975.0000
138	-2.4375	974.0000
139	1.6250	975.0000
140	1.7875	974.0000
141	2.4375	975.0000
142	2.2750	974.0000
143	2.2750	975.0000
144	2.4375	974.0000
145	0.8125	975.0000
146	1.9500	974.0000
147	2.2750	975.0000
148	1.9500	974.0000
149	1.7875	974.0000
150	1.3000	974.0000
151	1.7875	974.0000
152	1.7875	974.0000
153	1.6250	974.0000
154	1.4625	974.0000
155	1.4625	974.0000
156	1.1375	974.0000
157	1.1375	974.0000
158	0.6500	974.0000
159	0.3250	973.0000
160	0.1625	974.0000
161	-0.9750	973.0000
162	-0.8125	974.0000
163	-1.3000	973.0000
164	-1.7875	974.0000
165	-2.6000	973.0000
166	-2.7625	974.0000
167	-3.0875	974.0000
168	-4.0625	974.0000
169	-4.5500	973.0000
170	-4.7125	974.0000
171	-5.2000	974.0000
172	-5.8500	974.0000
173	-8.4500	974.0000
174	-6.9875	973.0000
175	-15.1125	973.0000
176	-11.7000	973.0000
177	-9.4250	974.0000
178	-9.9125	973.0000
179	-10.7250	974.0000
180	-10.8875	972.0000
181	-11.7000	973.0000
182	-12.1875	973.0000
183	-13.0000	974.0000
184	-13.8125	973.0000
185	-14.7875	974.0000
186	-15.4375	972.0000
187	-16.5750	973.0000
188	-17.3875	972.0000
189	-18.8500	974.0000
190	-19.1750	972.0000
191	-20.9625	973.0000
192	-21.4500	972.0000
193	-22.4250	973.0000
194	-23.7250	973.0000
195	-24.3750	973.0000
196	-25.8375	973.0000
197	-27.1375	972.0000
198	-27.9500	973.0000
199	-29.0875	972.0000
200	-30.3875	972.0000
201	-31.5250	972.0000
202	-32.5000	974.0000
203	-34.1250	972.0000
204	-35.1000	973.0000
205	-36.0750	972.0000
206	-37.5375	973.0000
207	-38.5125	972.0000
208	-40.1375	972.0000
209	-41.1125	972.0000
210	-42.2500	973.0000
211	-43.5500	971.0000
212	-45.8250	972.0000
213	-46.8000	972.0000
214	-47.7750	972.0000
215	-48.9125	971.0000
216	-50.7000	972.0000
217	-51.1875	972.0000
218	-52.1625	972.0000
219	-53.6250	972.0000
220	-55.0875	972.0000
221	-56.2250	972.0000
222	-57.0375	972.0000
223	-58.5000	972.0000
224	-60.2875	972.0000
225	-61.1000	972.0000
226	-62.4000	971.0000
227	-63.5375	972.0000
228	-66.3000	971.0000
229	-66.4625	972.0000
230	-67.4375	971.0000
231	-69.3875	971.0000
232	-70.2000	971.0000
233	-71.6625	972.0000
234	-73.1250	971.0000
235	-74.2625	971.0000
236	-75.0750	969.0000
237	-76.3750	971.0000
238	-77.8375	971.0000
239	-78.9750	971.0000
240	-80.4375	971.0000
241	-81.9000	971.0000
242	-83.0375	971.0000
243	-84.9875	971.0000
244	-89.7000	971.0000
245	-87.1000	971.0000
246	-88.0750	971.0000
247	-89.8625	971.0000
248	-91.1625	971.0000
249	-94.9000	971.0000
250	-94.2500	972.0000
251	-95.5500	971.0000
252	-96.2000	971.0000
253	-97.8250	970.0000
254	-99.4500	971.0000
255	-100.5875	974.0000
256	-101.7250	971.0000
257	-102.7000	970.0000
258	-104.1625	971.0000
259	-103.6750	970.0000
260	-103.5125	971.0000
261	-103.0250	970.0000
262	-102.5375	971.0000
263	-101.7250	970.0000
264	-101.0750	971.0000
265	-100.4250	970.0000
266	-99.4500	970.0000
267	-99.4500	969.0000
268	-98.6375	971.0000
269	-97.8250	970.0000
270	-96.2000	970.0000
271	-95.3875	970.0000
272	-94.5750	970.0000
273	-93.2750	969.0000
274	-92.9500	969.0000
275	-91.6500	970.0000
276	-90.6750	969.0000
277	-89.5375	970.0000
278	-88.8875	969.0000
279	-87.9125	970.0000
280	-86.9375	969.0000
281	-86.1250	970.0000
282	-85.3125	968.0000
283	-84.1750	970.0000
284	-83.0375	968.0000
285	-82.0625	969.0000
286	-81.0875	969.0000
287	-80.7625	969.0000
288	-79.6250	969.0000
289	-78.0000	969.0000
290	-77.8375	968.0000
291	-76.0500	969.0000
292	-74.7500	968.0000
293	-73.9375	969.0000
294	-72.9625	968.0000
295	-72.1500	969.0000
296	-70.8500	968.0000
297	-69.7125	969.0000
298	-69.2250	968.0000
299	-67.6000	969.0000
300	-66.6250	968.0000
301	-65.8125	968.0000
302	-65.4875	968.0000
303	-63.2125	967.0000
304	-62.2375	968.0000
305	-61.9125	968.0000
306	-60.7750	968.0000
307	-59.1500	967.0000
308	-58.1750	968.0000
309	-57.3625	967.0000
310	-55.7375	968.0000
311	-54.7625	967.0000
312	-53.7875	968.0000
313	-52.6500	967.0000
314	-51.3500	968.0000
315	-50.3750	967.0000
316	-49.2375	968.0000
317	-48.5875	967.0000
318	-47.1250	968.0000
319	-46.1500	966.0000
320	-45.3375	967.0000
321	-43.8750	966.0000
322	-43.0625	967.0000
323	-41.7625	967.0000
324	-41.6000	967.0000
325	-40.4625	967.0000
326	-38.8375	967.0000
327	-37.8625	967.0000
328	-36.7250	967.0000
329	-35.7500	966.0000
330	-34.2875	966.0000
331	-33.6375	966.0000
332	-32.8250	966.0000
333	-31.8500	966.0000
334	-30.7125	966.0000
335	-30.0625	966.0000
336	-29.2500	966.0000
337	-29.0875	966.0000
338	-27.6250	966.0000
339	-27.1375	966.0000
340	-26.1625	966.0000
341	-25.8375	966.0000
342	-26.0000	965.0000
343	-25.1875	966.0000
344	-24.8625	964.0000
345	-23.4000	965.0000
346	-22.9125	965.0000
347	-22.4250	965.0000
348	-22.2625	964.0000
349	-21.2875	966.0000
350	-20.4750	964.0000
351	-20.3125	962.0000
352	-19.8250	964.0000
353	-18.8500	966.0000
354	-18.6875	965.0000
355	-18.3625	965.0000
356	-18.8500	963.0000
357	-17.2250	965.0000
358	-17.5500	964.0000
359	-16.7375	964.0000
360	-16.9000	964.0000
361	-17.2250	965.0000
362	-16.9000	964.0000
363	-17.0625	964.0000
364	-17.0625	964.0000
365	-16.2500	964.0000
366	-16.2500	964.0000
367	-15.9250	964.0000
368	-16.2500	964.0000
369	-16.2500	964.0000
370	-15.7625	964.0000
371	-15.6000	964.0000
372	-18.3625	964.0000
373	-15.7625	964.0000
374	-15.6000	964.0000
375	-15.4375	964.0000
376	-15.4375	964.0000
377	-15.4375	963.0000
378	-15.6000	964.0000
379	-16.5750	963.0000
380	-15.9250	964.0000
381	-15.6000	962.0000
382	-15.6000	964.0000
383	-15.6000	963.0000
384	-14.9500	963.0000
385	-14.9500	963.0000
386	-14.9500	964.0000
387	-14.9500	963.0000
388	-14.4625	963.0000
389	-15.1125	963.0000
390	-14.6250	964.0000
391	-14.9500	965.0000
392	-14.4625	963.0000
393	-14.6250	963.0000
394	-14.4625	963.0000
395	-14.7875	963.0000
396	-14.4625	963.0000
397	-15.1125	963.0000
398	-15.2750	963.0000
399	-15.1125	963.0000
400	-15.1125	963.0000
401	-14.4625	963.0000
402	-15.2750	963.0000
403	-14.6250	963.0000
404	-14.1375	963.0000
405	-14.3000	963.0000
406	-14.1375	963.0000
407	-14.4625	963.0000
408	-14.4625	962.0000
409	-14.1375	963.0000
410	-14.7875	962.0000
411	-14.3000	963.0000
412	-14.1375	963.0000
413	-13.9750	963.0000
414	-14.9500	962.0000
415	-13.8125	963.0000
416	-18.6875	962.0000
417	-14.4625	963.0000
418	-14.4625	962.0000
419	-13.9750	963.0000
420	-13.9750	962.0000
421	-13.9750	963.0000
422	-14.1375	961.0000
423	-13.9750	963.0000
424	-13.8125	962.0000
425	-16.4125	963.0000
426	-14.3000	962.0000
427	-13.8125	962.0000
428	-13.8125	962.0000
429	-13.6500	962.0000
430	-14.3000	962.0000
431	-13.6500	962.0000
432	-13.6500	962.0000
433	-13.4875	962.0000
434	-13.6500	962.0000
435	-14.3000	963.0000
436	-14.1375	962.0000
437	-14.1375	961.0000
438	-13.6500	962.0000
439	-13.9750	961.0000
440	-13.6500	962.0000
441	-13.3250	961.0000
442	-13.8125	962.0000
443	-13.6500	961.0000
444	-13.3250	962.0000
445	-14.3000	960.0000
446	-13.4875	962.0000
447	-13.4875	961.0000
448	-13.1625	962.0000
449	-13.3250	961.0000
450	-13.4875	963.0000
451	-18.6875	961.0000
452	-13.3250	962.0000
453	-18.3625	961.0000
454	-13.8125	961.0000
455	-13.9750	961.0000
456	-13.4875	961.0000
457	-13.4875	961.0000
458	-13.0000	961.0000
459	-13.4875	961.0000
460	-13.0000	961.0000
461	-13.1625	961.0000
462	-17.5500	961.0000
463	-13.0000	961.0000
464	-13.0000	961.0000
465	-13.6500	962.0000
466	-12.8375	961.0000
467	-12.8375	962.0000
468	-12.8375	960.0000
469	-13.1625	961.0000
470	-12.8375	960.0000
471	-13.1625	961.0000
472	-13.8125	961.0000
473	-13.4875	961.0000
474	-13.4875	960.0000
475	-13.1625	961.0000
476	-15.2750	960.0000
477	-13.8125	961.0000
478	-12.6750	961.0000
479	-12.6750	961.0000
480	-12.8375	960.0000
481	-12.8375	961.0000
482	-12.6750	960.0000
483	-12.6750	961.0000
484	-13.0000	961.0000
485	-12.6750	960.0000
486	-12.6750	961.0000
487	-12.6750	961.0000
488	-13.1625	960.0000
489	-12.6750	960.0000
490	-17.8750	960.0000
491	-13.6500	960.0000
492	-13.3250	963.0000
493	-13.1625	960.0000
494	-12.5125	962.0000
495	-13.1625	960.0000
496	-12.8375	961.0000
497	-12.6750	960.0000
498	-12.5125	960.0000
499	-12.8375	960.0000
500	-12.8375	961.0000
501	-12.5125	959.0000
502	-12.6750	960.0000
503	-12.3500	960.0000
504	-12.6750	960.0000
505	-12.3500	960.0000
506	-13.0000	960.0000
507	-12.1875	960.0000
508	-12.5125	960.0000
509	-14.4625	959.0000
510	-14.4625	960.0000
511	-12.3500	960.0000
512	-15.1125	961.0000
513	-12.1875	959.0000
514	-12.5125	959.0000
515	-12.1875	960.0000
516	-12.5125	959.0000
517	-12.6750	959.0000
518	-12.5125	959.0000
519	-12.5125	960.0000
520	-12.1875	959.0000
521	-12.1875	959.0000
522	-12.6750	959.0000
523	-12.6750	958.0000
524	-12.3500	959.0000
525	-12.1875	960.0000
526	-12.3500	959.0000
527	-16.5750	960.0000
528	-13.1625	959.0000
529	-12.8375	959.0000
530	-12.5125	959.0000
531	-12.6750	959.0000
532	-12.6750	959.0000
533	-12.6750	959.0000
534	-13.0000	959.0000
535	-12.3500	960.0000
536	-12.5125	959.0000
537	-12.5125	959.0000
538	-12.3500	958.0000
539	-12.3500	960.0000
540	-12.3500	959.0000
541	-12.6750	959.0000
542	-12.1875	959.0000
543	-12.1875	959.0000
544	-12.3500	959.0000
545	-12.3500	959.0000
546	-12.3500	959.0000
547	-12.6750	959.0000
548	-12.3500	959.0000
549	-12.5125	958.0000
550	-12.8375	959.0000
551	-12.1875	958.0000
552	-12.3500	959.0000
553	-12.1875	958.0000
554	-12.5125	959.0000
555	-12.5125	958.0000
556	-12.8375	959.0000
557	-12.1875	957.0000
558	-12.3500	955.0000
559	-12.5125	958.0000
560	-12.3500	959.0000
561	-12.1875	958.0000
562	-12.8375	959.0000
563	-12.6750	958.0000
564	-16.0875	959.0000
565	-12.6750	958.0000
566	-13.0000	958.0000
567	-12.3500	958.0000
568	-12.3500	958.0000
569	-12.3500	958.0000
570	-12.5125	958.0000
571	-12.3500	958.0000
572	-12.1875	958.0000
573	-12.0250	958.0000
574	-12.1875	958.0000
575	-12.8375	958.0000
576	-12.0250	958.0000
577	-12.0250	958.0000
578	-12.1875	958.0000
579	-12.0250	958.0000
580	-12.6750	957.0000
581	-11.8625	958.0000
582	-12.0250	957.0000
583	-16.7375	958.0000
584	-11.8625	957.0000
585	-12.0250	958.0000
586	-11.7000	958.0000
587	-11.7000	958.0000
588	-12.0250	957.0000
589	-12.1875	957.0000
590	-11.8625	957.0000
591	-11.7000	957.0000
592	-12.0250	957.0000
593	-11.8625	957.0000
594	-11.8625	957.0000
595	-16.9000	958.0000
596	-16.7375	957.0000
597	-11.7000	958.0000
598	-11.7000	957.0000
599	-11.8625	957.0000
600	-11.5375	956.0000
601	-15.4375	954.0000
602	-12.5125	957.0000
603	-12.5125	957.0000
604	-12.0250	957.0000
605	-11.3750	956.0000
606	-11.7000	957.0000
607	-11.7000	957.0000
608	-12.0250	957.0000
609	-11.7000	957.0000
610	-11.5375	957.0000
611	-11.7000	956.0000
612	-11.5375	957.0000
613	-12.0250	956.0000
614	-11.5375	957.0000
615	-11.2125	956.0000
616	-11.3750	957.0000
617	-11.2125	956.0000
618	-11.8625	957.0000
619	-11.2125	956.0000
620	-11.0500	957.0000
621	-11.2125	956.0000
622	-11.2125	956.0000
623	-12.3500	956.0000
624	-11.3750	957.0000
625	-11.2125	955.0000
626	-11.0500	957.0000
627	-11.0500	953.0000
628	-11.2125	956.0000
629	-11.2125	956.0000
630	-11.0500	956.0000
631	-11.3750	956.0000
632	-11.3750	956.0000
633	-10.8875	956.0000
634	-10.7250	956.0000
635	-11.0500	956.0000
636	-11.3750	955.0000
637	-11.2125	956.0000
638	-16.9000	956.0000
639	-11.5375	956.0000
640	-11.5375	955.0000
641	-10.8875	956.0000
642	-11.7000	956.0000
643	-10.5625	956.0000
644	-10.4000	955.0000
645	-10.8875	956.0000
646	-10.7250	955.0000
647	-10.4000	956.0000
648	-10.2375	955.0000
649	-10.2375	956.0000
650	-10.4000	955.0000
651	-10.4000	956.0000
652	-10.5625	955.0000
653	-10.2375	956.0000
654	-10.2375	955.0000
655	-10.0750	955.0000
656	-10.2375	955.0000
657	-12.0250	956.0000
658	-10.8875	955.0000
659	-10.2375	956.0000
660	-9.9125	956.0000
661	-10.0750	956.0000
662	-9.9125	956.0000
663	-9.5875	955.0000
664	-9.5875	958.0000
665	-9.9125	955.0000
666	-9.4250	956.0000
667	-10.4000	955.0000
668	-9.2625	956.0000
669	-9.4250	955.0000
670	-8.9375	956.0000
671	-8.7750	955.0000
672	-8.7750	956.0000
673	-7.9625	955.0000
674	-7.8000	956.0000
675	-13.9750	955.0000
676	-7.4750	956.0000
677	-6.9875	955.0000
678	-6.3375	956.0000
679	-5.8500	956.0000
680	-5.0375	956.0000
681	-4.3875	956.0000
682	-3.9000	956.0000
683	-3.2500	955.0000
684	-2.6000	956.0000
685	-2.2750	955.0000
686	-1.7875	955.0000
687	-0.9750	956.0000
688	-0.3250	956.0000
689	0.1625	956.0000
690	0.3250	955.0000
691	1.3000	956.0000
692	2.4375	955.0000
693	2.9250	957.0000
694	2.7625	955.0000
695	3.7375	956.0000
696	5.0375	955.0000
697	5.6875	956.0000
698	6.6625	956.0000
699	7.4750	956.0000
700	8.1250	955.0000
701	9.2625	956.0000
702	10.4000	955.0000
703	11.0500	956.0000
704	12.3500	955.0000
705	13.6500	956.0000
706	14.3000	955.0000
707	15.7625	956.0000
708	16.7375	956.0000
709	18.0375	956.0000
710	19.3375	955.0000
711	19.8250	955.0000
712	20.4750	955.0000
713	21.7750	955.0000
714	23.2375	955.0000
715	24.5375	955.0000
716	26.1625	956.0000
717	27.1375	955.0000
718	28.4375	956.0000
719	29.9000	955.0000
720	30.5500	956.0000
721	32.3375	955.0000
722	33.1500	956.0000
723	34.9375	955.0000
724	35.4250	955.0000
725	37.2125	955.0000
726	38.5125	956.0000
727	39.8125	955.0000
728	40.7875	956.0000
729	42.4125	955.0000
730	43.5500	956.0000
731	44.0375	955.0000
732	45.5000	956.0000
733	47.2875	955.0000
734	48.5875	955.0000
735	49.7250	955.0000
736	51.3500	955.0000
737	52.4875	955.0000
738	54.1125	955.0000
739	55.0875	956.0000
740	56.5500	955.0000
741	58.0125	956.0000
742	59.1500	955.0000
743	60.4500	956.0000
744	61.9125	955.0000
745	62.8875	955.0000
746	64.6750	955.0000
747	65.3250	955.0000
748	67.1125	955.0000
749	66.6250	956.0000
750	68.9000	955.0000
751	70.3625	955.0000
752	71.5000	955.0000
753	73.6125	955.0000
754	74.4250	954.0000
755	75.8875	956.0000
756	77.5125	955.0000
757	78.8125	955.0000
758	80.1125	954.0000
759	81.4125	955.0000
760	82.7125	955.0000
761	84.1750	955.0000
762	85.4750	955.0000
763	86.7750	955.0000
764	88.0750	955.0000
765	88.5625	955.0000
766	90.8375	955.0000
767	92.1375	954.0000
768	92.9500	955.0000
769	94.4125	955.0000
770	95.8750	955.0000
771	96.0375	954.0000
772	95.7125	955.0000
773	94.2500	954.0000
774	94.2500	955.0000
775	93.9250	954.0000
776	93.2750	955.0000
777	92.3000	954.0000
778	91.6500	955.0000
779	90.8375	954.0000
780	90.0250	955.0000
781	88.8875	954.0000
782	88.0750	955.0000
783	87.2625	954.0000
784	86.2875	955.0000
785	85.8000	954.0000
786	84.3375	955.0000
787	81.0875	954.0000
788	82.8750	956.0000
789	81.9000	954.0000
790	80.7625	956.0000
791	80.1125	954.0000
792	78.4875	953.0000
793	78.0000	954.0000
794	76.5375	953.0000
795	76.0500	953.0000
796	75.0750	954.0000
797	74.4250	955.0000
798	73.1250	954.0000
799	71.8250	955.0000
800	70.8500	954.0000
801	70.0375	954.0000
802	68.5750	953.0000
803	67.6000	954.0000
804	66.9500	954.0000
805	65.0000	954.0000
806	63.8625	953.0000
807	62.7250	954.0000
808	62.4000	954.0000
809	57.2000	954.0000
810	60.4500	953.0000
811	59.4750	954.0000
812	58.1750	953.0000
813	56.2250	954.0000
814	56.0625	953.0000
815	54.9250	954.0000
816	53.9500	956.0000
817	52.8125	953.0000
818	51.3500	954.0000
819	50.8625	953.0000
820	49.5625	954.0000
821	48.4250	953.0000
822	46.8000	954.0000
823	46.4750	953.0000
824	45.3375	954.0000
825	43.8750	953.0000
826	43.0625	954.0000
827	41.9250	953.0000
828	40.9500	953.0000
829	39.4875	953.0000
830	38.8375	954.0000
831	37.5375	952.0000
832	36.5625	954.0000
833	35.1000	953.0000
834	34.1250	953.0000
835	33.1500	953.0000
836	32.1750	953.0000
837	31.2000	952.0000
838	30.0625	953.0000
839	29.2500	953.0000
840	28.2750	953.0000
841	26.9750	953.0000
842	26.1625	956.0000
843	25.3500	953.0000
844	24.0500	952.0000
845	23.4000	953.0000
846	22.5875	953.0000
847	21.6125	954.0000
848	20.8000	952.0000
849	19.5000	953.0000
850	19.3375	952.0000
851	18.2000	953.0000
852	17.8750	952.0000
853	17.2250	953.0000
854	16.9000	952.0000
855	9.2625	953.0000
856	15.6000	952.0000
857	13.9750	953.0000
858	14.3000	952.0000
859	13.9750	953.0000
860	13.4875	952.0000
861	13.1625	953.0000
862	12.8375	953.0000
863	12.1875	953.0000
864	11.5375	952.0000
865	11.2125	952.0000
866	10.5625	952.0000
867	-19.0125	953.0000
868	-18.8500	952.0000
869	-19.9875	952.0000
870	9.2625	953.0000
871	8.7750	952.0000
872	7.6375	952.0000
873	8.6125	952.0000
874	8.7750	953.0000
875	8.6125	952.0000
876	8.2875	953.0000
877	8.2875	952.0000
878	6.8250	952.0000
879	8.2875	953.0000
880	7.9625	953.0000
881	7.9625	951.0000
882	8.1250	952.0000
883	8.1250	952.0000
884	7.3125	952.0000
885	7.9625	952.0000
886	7.8000	952.0000
887	7.9625	952.0000
888	7.1500	952.0000
889	7.8000	952.0000
890	7.4750	952.0000
891	7.6375	952.0000
892	7.6375	952.0000
893	6.9875	952.0000
894	7.3125	951.0000
895	7.4750	952.0000
896	7.1500	952.0000
897	6.9875	952.0000
898	7.4750	951.0000
899	7.3125	952.0000
900	7.3125	951.0000
901	7.1500	952.0000
902	6.6625	952.0000
903	7.3125	952.0000
904	2.2750	952.0000
905	7.1500	952.0000
906	7.3125	951.0000
907	6.9875	951.0000
908	6.6625	951.0000
909	6.9875	951.0000
910	6.9875	948.0000
911	6.9875	952.0000
912	7.1500	952.0000
913	7.3125	951.0000
914	6.6625	951.0000
915	6.6625	951.0000
916	6.6625	952.0000
917	6.6625	951.0000
918	6.8250	951.0000
919	6.9875	951.0000
920	6.8250	951.0000
921	6.5000	951.0000
922	6.6625	952.0000
923	6.5000	950.0000
924	6.8250	951.0000
925	1.6250	950.0000
926	3.7375	952.0000
927	6.0125	951.0000
928	6.6625	952.0000
929	6.6625	951.0000
930	6.3375	952.0000
931	6.3375	951.0000
932	6.1750	951.0000
933	6.3375	951.0000
934	6.3375	951.0000
935	6.3375	951.0000
936	6.3375	951.0000
937	6.3375	951.0000
938	6.5000	951.0000
939	6.3375	951.0000
940	6.3375	951.0000
941	6.3375	951.0000
942	6.0125	950.0000
943	6.3375	951.0000
944	6.3375	951.0000
945	6.3375	952.0000
946	6.0125	950.0000
947	5.6875	952.0000
948	6.3375	950.0000
949	6.1750	951.0000
950	6.3375	950.0000
951	6.3375	951.0000
952	6.0125	951.0000
953	2.4375	951.0000
954	6.0125	951.0000
955	6.0125	951.0000
956	6.1750	951.0000
957	6.3375	951.0000
958	6.3375	951.0000
959	6.0125	951.0000
960	6.0125	951.0000
961	6.0125	951.0000
962	5.6875	951.0000
963	6.0125	950.0000
964	6.1750	951.0000
965	5.8500	950.0000
966	5.8500	951.0000
967	6.0125	951.0000
968	6.0125	951.0000
969	5.8500	950.0000
970	5.8500	951.0000
971	6.1750	950.0000
972	6.0125	951.0000
973	6.0125	950.0000
974	5.6875	951.0000
975	6.0125	950.0000
976	5.6875	951.0000
977	6.1750	950.0000
978	5.2000	951.0000
979	5.8500	951.0000
980	5.8500	950.0000
981	5.6875	950.0000
982	6.0125	950.0000
983	5.6875	951.0000
984	5.3625	950.0000
985	5.6875	951.0000
986	6.0125	950.0000
987	6.1750	951.0000
988	5.5250	950.0000
989	5.6875	952.0000
990	1.7875	950.0000
991	5.8500	951.0000
992	5.2000	950.0000
993	5.8500	950.0000
994	5.5250	950.0000
995	6.0125	951.0000
996	6.0125	950.0000
997	5.5250	951.0000
998	6.0125	950.0000
999	6.1750	951.0000
1000	5.3625	950.0000
1001	5.8500	950.0000
1002	6.0125	950.0000
1003	6.0125	950.0000
1004	5.3625	951.0000
1005	4.8750	950.0000
1006	6.0125	951.0000
1007	5.6875	950.0000
1008	6.0125	951.0000
1009	5.6875	950.0000
1010	5.5250	951.0000
1011	5.5250	950.0000
1012	5.5250	951.0000
1013	0.0000	950.0000
1014	5.6875	950.0000
1015	5.6875	950.0000
1016	5.8500	950.0000
1017	5.6875	950.0000
1018	5.5250	951.0000
1019	5.8500	950.0000
1020	5.6875	950.0000
1021	5.5250	950.0000
1022	5.8500	951.0000
1023	5.5250	950.0000

