# Viernes 29 de Enero de 2018
# Medida Efecto Kerr Magneto óptico
# Muestra Co 1-x Rux 18%
# Polarizadores LPVI050 ThorLabs
# Láser polarizado 500 mWatts
# Photodiodo vtb 6061
# ángulo de reflexión aproximado 55°
# eje del polarizador en S (60°)
# eje de extinción del analizador 94°
# intensidad en la extinción 175 mV 
# intensidad en 89°: 3700 mV
# delay 10 ms
#	18.20	3822.09
#	16.74	3817.20
#	16.57	3822.09
#	-5.36	3817.20
#	15.93	3822.09
#	-12.68	3817.20
#	17.06	3822.09
#	16.41	3817.20
#	16.41	3822.09
#	16.41	3817.20
#	13.98	3822.09
#	6.99	3817.20
#	16.57	3817.20
#	16.57	3817.20
#	16.57	3817.20
#	16.41	3817.20
#	15.93	3817.20
#	16.09	3822.09
#	17.06	3817.20
#	16.41	3822.09
#	16.09	3817.20
#	10.40	3822.09
#	9.91	3817.20
#	16.41	3822.09
#	4.06	3817.20
#	16.09	3822.09
#	16.25	3822.09
#	16.74	3822.09
#	15.60	3817.20
#	13.81	3822.09
#	15.76	3817.20
#	16.09	3822.09
#	16.25	3822.09
#	16.09	3826.98
#	16.09	3822.09
#	16.25	3826.98
#	16.41	3822.09
#	16.25	3826.98
#	-12.19	3822.09
#	16.90	3822.09
#	17.06	3826.98
#	16.09	3826.98
#	16.74	3822.09
#	16.25	3826.98
#	16.57	3822.09
#	16.09	3826.98
#	-13.49	3822.09
#	16.74	3822.09
#	17.06	3826.98
#	16.57	3822.09
#	17.23	3822.09
#	16.74	3826.98
#	17.23	3822.09
#	17.23	3826.98
#	17.55	3826.98
#	16.90	3826.98
#	17.23	3826.98
#	17.06	3822.09
#	17.06	3826.98
#	16.90	3826.98
#	17.06	3826.98
#	17.06	3822.09
#	17.39	3826.98
#	17.39	3826.98
#	16.74	3826.98
#	17.06	3826.98
#	17.23	3826.98
#	17.06	3826.98
#	17.23	3826.98
#	17.06	3826.98
#	17.39	3831.87
#	17.23	3792.77
#	17.23	3792.77
#	16.90	3787.88
#	16.90	3792.77
#	17.06	3792.77
#	17.06	3797.65
#	16.90	3792.77
#	17.23	3797.65
#	17.23	3792.77
#	17.23	3797.65
#	16.90	3792.77
#	17.23	3797.65
#	17.23	3797.65
#	13.00	3797.65
#	17.06	3797.65
#	16.41	3802.54
#	17.06	3797.65
#	17.23	3797.65
#	17.06	3797.65
#	16.09	3797.65
#	17.06	3797.65
#	16.90	3797.65
#	17.23	3797.65
#	16.57	3797.65
#	16.09	3797.65
#	16.57	3802.54
#	17.06	3797.65
#	16.57	3802.54
#	17.23	3797.65
#	17.55	3802.54
#	16.57	3797.65
#	16.74	3802.54
#	17.06	3797.65
#	16.90	3802.54
#	17.39	3797.65
#	17.55	3802.54
#	17.06	3797.65
#	16.90	3802.54
#	17.23	3797.65
#	16.90	3802.54
#	17.06	3797.65
#	17.06	3802.54
#	17.23	3797.65
#	17.06	3802.54
#	17.23	3797.65
#	16.57	3802.54
#	17.23	3797.65
#	17.23	3802.54
0	17.2250	777.0000
1	16.2500	777.0000
2	17.8750	777.0000
3	17.7125	777.0000
4	17.8750	778.0000
5	17.7125	777.0000
6	16.9000	778.0000
7	17.0625	775.0000
8	17.2250	777.0000
9	18.0375	777.0000
10	17.8750	778.0000
11	17.5500	777.0000
12	17.7125	778.0000
13	17.8750	777.0000
14	17.8750	778.0000
15	17.7125	777.0000
16	17.2250	778.0000
17	17.2250	777.0000
18	17.0625	777.0000
19	17.8750	777.0000
20	17.5500	778.0000
21	17.5500	777.0000
22	18.0375	777.0000
23	17.8750	777.0000
24	17.8750	777.0000
25	17.3875	777.0000
26	16.7375	777.0000
27	17.0625	777.0000
28	17.5500	777.0000
29	17.5500	778.0000
30	17.5500	777.0000
31	17.5500	777.0000
32	17.5500	777.0000
33	17.3875	778.0000
34	17.5500	777.0000
35	16.7375	777.0000
36	16.9000	780.0000
37	17.0625	777.0000
38	17.2250	777.0000
39	17.2250	778.0000
40	17.2250	777.0000
41	17.3875	777.0000
42	17.3875	777.0000
43	16.9000	778.0000
44	16.7375	777.0000
45	16.9000	777.0000
46	16.7375	777.0000
47	16.7375	777.0000
48	17.2250	777.0000
49	17.3875	777.0000
50	17.3875	777.0000
51	16.9000	777.0000
52	17.2250	777.0000
53	10.2375	777.0000
54	16.5750	777.0000
55	16.5750	777.0000
56	16.7375	777.0000
57	17.0625	776.0000
58	16.9000	777.0000
59	14.9500	776.0000
60	16.0875	777.0000
61	17.0625	776.0000
62	16.9000	777.0000
63	16.0875	776.0000
64	16.2500	777.0000
65	16.5750	776.0000
66	16.9000	777.0000
67	16.5750	776.0000
68	16.7375	777.0000
69	16.7375	777.0000
70	16.0875	777.0000
71	16.7375	777.0000
72	15.7625	777.0000
73	16.0875	776.0000
74	16.4125	776.0000
75	16.2500	776.0000
76	16.2500	776.0000
77	16.0875	776.0000
78	16.2500	777.0000
79	15.9250	779.0000
80	15.6000	777.0000
81	15.4375	777.0000
82	15.6000	777.0000
83	15.9250	777.0000
84	15.9250	776.0000
85	15.4375	777.0000
86	15.7625	776.0000
87	15.9250	777.0000
88	15.7625	776.0000
89	15.6000	777.0000
90	10.7250	776.0000
91	15.2750	777.0000
92	15.4375	776.0000
93	15.2750	777.0000
94	15.2750	776.0000
95	15.2750	777.0000
96	15.2750	776.0000
97	15.4375	777.0000
98	15.6000	776.0000
99	15.2750	776.0000
100	14.6250	776.0000
101	14.6250	776.0000
102	14.9500	778.0000
103	14.1375	774.0000
104	14.7875	777.0000
105	14.6250	776.0000
106	15.1125	776.0000
107	14.4625	776.0000
108	14.6250	777.0000
109	14.4625	776.0000
110	13.9750	776.0000
111	14.4625	776.0000
112	14.6250	776.0000
113	14.1375	776.0000
114	14.1375	777.0000
115	14.1375	775.0000
116	13.8125	776.0000
117	13.1625	775.0000
118	13.3250	776.0000
119	13.1625	775.0000
120	13.6500	776.0000
121	13.8125	774.0000
122	13.6500	776.0000
123	13.6500	775.0000
124	13.1625	776.0000
125	13.4875	776.0000
126	13.4875	776.0000
127	6.6625	776.0000
128	13.4875	776.0000
129	13.3250	776.0000
130	13.1625	776.0000
131	13.0000	776.0000
132	12.8375	776.0000
133	12.8375	776.0000
134	12.6750	776.0000
135	12.3500	776.0000
136	12.5125	776.0000
137	11.8625	776.0000
138	11.7000	776.0000
139	11.7000	776.0000
140	11.7000	775.0000
141	11.8625	775.0000
142	11.5375	775.0000
143	11.5375	776.0000
144	11.5375	775.0000
145	11.2125	776.0000
146	10.2375	775.0000
147	10.0750	776.0000
148	9.7500	775.0000
149	8.9375	776.0000
150	7.8000	775.0000
151	6.6625	776.0000
152	5.3625	775.0000
153	4.2250	776.0000
154	2.2750	775.0000
155	0.9750	775.0000
156	-0.3250	775.0000
157	-2.1125	776.0000
158	-3.9000	775.0000
159	-6.0125	775.0000
160	-7.9625	775.0000
161	-9.9125	776.0000
162	-12.1875	776.0000
163	-14.3000	775.0000
164	-22.5875	776.0000
165	-19.1750	775.0000
166	-21.9375	775.0000
167	-24.2125	775.0000
168	-26.6500	775.0000
169	-29.4125	775.0000
170	-31.8500	776.0000
171	-34.6125	775.0000
172	-37.2125	775.0000
173	-44.3625	775.0000
174	-43.0625	775.0000
175	-45.3375	775.0000
176	-48.4250	775.0000
177	-50.3750	775.0000
178	-53.3000	775.0000
179	-56.0625	775.0000
180	-58.6625	775.0000
181	-61.4250	775.0000
182	-64.0250	775.0000
183	-68.2500	775.0000
184	-70.3625	775.0000
185	-72.4750	775.0000
186	-75.2375	775.0000
187	-78.0000	775.0000
188	-80.6000	775.0000
189	-83.3625	775.0000
190	-86.7750	775.0000
191	-89.3750	775.0000
192	-91.9750	775.0000
193	-94.7375	775.0000
194	-97.6625	775.0000
195	-100.5875	775.0000
196	-103.3500	775.0000
197	-106.4375	775.0000
198	-108.7125	774.0000
199	-111.6375	774.0000
200	-114.2375	774.0000
201	-121.2250	775.0000
202	-120.0875	774.0000
203	-122.8500	775.0000
204	-125.7750	774.0000
205	-128.7000	775.0000
206	-131.6250	775.0000
207	-134.3875	775.0000
208	-137.1500	775.0000
209	-139.9125	775.0000
210	-142.8375	775.0000
211	-146.2500	775.0000
212	-149.0125	775.0000
213	-151.9375	775.0000
214	-154.3750	775.0000
215	-157.1375	775.0000
216	-160.0625	775.0000
217	-162.6625	775.0000
218	-165.4250	775.0000
219	-168.5125	775.0000
220	-171.7625	775.0000
221	-174.5250	775.0000
222	-177.2875	775.0000
223	-179.7250	775.0000
224	-182.8125	776.0000
225	-186.2250	775.0000
226	-188.0125	775.0000
227	-190.9375	774.0000
228	-193.8625	775.0000
229	-197.6000	774.0000
230	-200.3625	775.0000
231	-202.8000	775.0000
232	-205.5625	775.0000
233	-208.1625	775.0000
234	-211.2500	774.0000
235	-213.8500	775.0000
236	-216.7750	775.0000
237	-219.3750	775.0000
238	-223.4375	775.0000
239	-225.3875	775.0000
240	-228.1500	775.0000
241	-230.5875	774.0000
242	-233.8375	774.0000
243	-236.7625	775.0000
244	-239.3625	775.0000
245	-242.1250	775.0000
246	-245.2125	775.0000
247	-247.4875	775.0000
248	-251.0625	775.0000
249	-253.5000	775.0000
250	-256.4250	775.0000
251	-258.8625	775.0000
252	-261.7875	775.0000
253	-264.3875	775.0000
254	-267.3125	775.0000
255	-270.4000	775.0000
256	-273.3250	775.0000
257	-276.9000	775.0000
258	-278.2000	775.0000
259	-278.6875	775.0000
260	-277.8750	775.0000
261	-277.0625	775.0000
262	-276.0875	775.0000
263	-274.7875	775.0000
264	-273.1625	775.0000
265	-271.3750	775.0000
266	-270.4000	775.0000
267	-268.9375	775.0000
268	-266.8250	775.0000
269	-265.0375	775.0000
270	-262.9250	775.0000
271	-261.3000	777.0000
272	-259.0250	775.0000
273	-256.9125	775.0000
274	-255.1250	775.0000
275	-253.0125	775.0000
276	-250.9000	775.0000
277	-253.1750	775.0000
278	-247.0000	775.0000
279	-244.7250	775.0000
280	-242.6125	775.0000
281	-240.6625	775.0000
282	-238.3875	775.0000
283	-236.7625	774.0000
284	-233.8375	775.0000
285	-231.7250	775.0000
286	-229.6125	775.0000
287	-227.3375	775.0000
288	-225.0625	775.0000
289	-222.7875	775.0000
290	-220.5125	774.0000
291	-218.5625	775.0000
292	-215.9625	775.0000
293	-213.6875	775.0000
294	-211.9000	774.0000
295	-209.4625	775.0000
296	-207.0250	774.0000
297	-204.4250	775.0000
298	-201.8250	775.0000
299	-199.3875	775.0000
300	-196.7875	774.0000
301	-194.6750	775.0000
302	-192.4000	774.0000
303	-190.4500	775.0000
304	-187.8500	774.0000
305	-185.4125	774.0000
306	-182.3250	775.0000
307	-179.8875	775.0000
308	-177.6125	772.0000
309	-175.0125	775.0000
310	-172.4125	774.0000
311	-169.9750	775.0000
312	-167.5375	774.0000
313	-164.7750	774.0000
314	-162.6625	774.0000
315	-160.0625	774.0000
316	-157.3000	772.0000
317	-154.7000	774.0000
318	-152.2625	774.0000
319	-149.8250	774.0000
320	-147.2250	775.0000
321	-144.6250	774.0000
322	-142.0250	774.0000
323	-139.5875	774.0000
324	-136.9875	775.0000
325	-134.3875	774.0000
326	-131.9500	774.0000
327	-129.1875	774.0000
328	-126.5875	774.0000
329	-123.9875	774.0000
330	-121.3875	775.0000
331	-119.6000	773.0000
332	-116.5125	774.0000
333	-114.0750	774.0000
334	-110.9875	774.0000
335	-108.3875	774.0000
336	-106.4375	774.0000
337	-103.3500	774.0000
338	-100.7500	774.0000
339	-97.9875	774.0000
340	-96.0375	774.0000
341	-93.2750	774.0000
342	-90.6750	774.0000
343	-87.5875	774.0000
344	-85.6375	774.0000
345	-82.8750	774.0000
346	-79.9500	773.0000
347	-77.3500	774.0000
348	-74.7500	773.0000
349	-72.8000	774.0000
350	-70.3625	773.0000
351	-67.2750	774.0000
352	-64.8375	774.0000
353	-61.5875	774.0000
354	-59.3125	773.0000
355	-56.7125	774.0000
356	-54.4375	774.0000
357	-52.0000	774.0000
358	-49.4000	774.0000
359	-47.1250	775.0000
360	-44.6875	773.0000
361	-42.5750	774.0000
362	-40.3000	774.0000
363	-38.6750	774.0000
364	-36.8875	774.0000
365	-35.1000	774.0000
366	-33.6375	774.0000
367	-32.3375	774.0000
368	-32.0125	774.0000
369	-30.2250	774.0000
370	-30.0625	774.0000
371	-29.4125	774.0000
372	-29.2500	774.0000
373	-28.9250	774.0000
374	-28.6000	773.0000
375	-28.4375	770.0000
376	-28.4375	774.0000
377	-28.6000	773.0000
378	-29.0875	774.0000
379	-28.4375	773.0000
380	-28.1125	774.0000
381	-27.7875	773.0000
382	-28.7625	774.0000
383	-27.6250	774.0000
384	-27.6250	774.0000
385	-28.1125	773.0000
386	-27.9500	773.0000
387	-28.1125	773.0000
388	-27.4625	775.0000
389	-27.1375	774.0000
390	-27.1375	774.0000
391	-32.0125	774.0000
392	-26.9750	774.0000
393	-26.9750	774.0000
394	-26.8125	773.0000
395	-26.6500	774.0000
396	-26.6500	774.0000
397	-26.3250	774.0000
398	-26.4875	773.0000
399	-26.3250	774.0000
400	-26.3250	774.0000
401	-26.4875	774.0000
402	-26.1625	773.0000
403	-26.3250	774.0000
404	-26.3250	773.0000
405	-26.6500	774.0000
406	-26.3250	773.0000
407	-26.3250	774.0000
408	-25.8375	773.0000
409	-25.6750	774.0000
410	-25.8375	773.0000
411	-25.5125	774.0000
412	-25.3500	773.0000
413	-25.1875	774.0000
414	-31.2000	773.0000
415	-25.8375	774.0000
416	-26.0000	774.0000
417	-25.1875	774.0000
418	-25.1875	773.0000
419	-25.3500	773.0000
420	-25.3500	773.0000
421	-25.1875	773.0000
422	-24.8625	773.0000
423	-25.6750	773.0000
424	-25.5125	774.0000
425	-25.5125	773.0000
426	-27.3000	774.0000
427	-25.0250	773.0000
428	-28.7625	774.0000
429	-24.7000	773.0000
430	-24.5375	774.0000
431	-24.8625	773.0000
432	-24.3750	774.0000
433	-24.2125	773.0000
434	-24.2125	774.0000
435	-24.5375	773.0000
436	-24.2125	774.0000
437	-24.0500	770.0000
438	-24.2125	773.0000
439	-24.2125	773.0000
440	-24.2125	774.0000
441	-24.2125	774.0000
442	-24.2125	773.0000
443	-24.0500	774.0000
444	-24.0500	774.0000
445	-23.5625	774.0000
446	-24.2125	773.0000
447	-24.0500	773.0000
448	-23.8875	773.0000
449	-23.7250	774.0000
450	-23.7250	773.0000
451	-33.3125	773.0000
452	-24.3750	773.0000
453	-24.2125	774.0000
454	-24.0500	773.0000
455	-23.5625	774.0000
456	-23.7250	773.0000
457	-24.3750	773.0000
458	-23.5625	773.0000
459	-23.8875	774.0000
460	-24.0500	773.0000
461	-24.2125	774.0000
462	-24.0500	773.0000
463	-23.8875	774.0000
464	-23.5625	773.0000
465	-23.7250	773.0000
466	-23.8875	773.0000
467	-23.2375	771.0000
468	-23.2375	774.0000
469	-23.5625	773.0000
470	-23.4000	774.0000
471	-23.2375	773.0000
472	-23.2375	774.0000
473	-23.2375	772.0000
474	-22.9125	774.0000
475	-23.0750	773.0000
476	-23.0750	774.0000
477	-23.0750	773.0000
478	-22.9125	774.0000
479	-23.0750	773.0000
480	-22.7500	774.0000
481	-23.0750	773.0000
482	-22.9125	774.0000
483	-22.5875	773.0000
484	-23.0750	774.0000
485	-23.0750	773.0000
486	-40.4625	774.0000
487	-22.5875	773.0000
488	-25.6750	774.0000
489	-23.2375	773.0000
490	-23.2375	773.0000
491	-22.7500	773.0000
492	-22.7500	773.0000
493	-22.9125	773.0000
494	-22.7500	773.0000
495	-22.7500	773.0000
496	-22.9125	773.0000
497	-23.2375	773.0000
498	-23.4000	773.0000
499	-23.0750	773.0000
500	-22.7500	773.0000
501	-22.4250	773.0000
502	-22.5875	773.0000
503	-22.5875	773.0000
504	-22.5875	773.0000
505	-22.2625	774.0000
506	-22.2625	773.0000
507	-22.2625	774.0000
508	-22.2625	773.0000
509	-22.4250	773.0000
510	-22.2625	773.0000
511	-22.9125	773.0000
512	-22.4250	773.0000
513	-22.1000	773.0000
514	-22.4250	774.0000
515	-22.5875	774.0000
516	-22.4250	774.0000
517	-22.2625	773.0000
518	-22.1000	774.0000
519	-22.1000	773.0000
520	-22.4250	773.0000
521	-22.1000	773.0000
522	-22.1000	774.0000
523	-22.7500	773.0000
524	-22.2625	773.0000
525	-22.2625	773.0000
526	-22.9125	773.0000
527	-23.8875	772.0000
528	-22.2625	773.0000
529	-22.1000	773.0000
530	-22.2625	773.0000
531	-21.9375	773.0000
532	-22.1000	773.0000
533	-22.4250	773.0000
534	-22.7500	773.0000
535	-22.5875	773.0000
536	-22.5875	773.0000
537	-22.1000	773.0000
538	-22.2625	773.0000
539	-22.2625	774.0000
540	-22.1000	773.0000
541	-22.1000	773.0000
542	-22.1000	773.0000
543	-22.2625	773.0000
544	-22.1000	773.0000
545	-21.7750	773.0000
546	-21.9375	773.0000
547	-21.9375	773.0000
548	-21.9375	773.0000
549	-21.9375	773.0000
550	-21.9375	773.0000
551	-22.1000	773.0000
552	-21.7750	773.0000
553	-21.9375	773.0000
554	-21.7750	773.0000
555	-21.7750	773.0000
556	-21.7750	773.0000
557	-21.6125	773.0000
558	-21.6125	773.0000
559	-21.6125	773.0000
560	-21.6125	773.0000
561	-21.7750	773.0000
562	-21.6125	773.0000
563	-22.4250	772.0000
564	-21.7750	773.0000
565	-21.9375	772.0000
566	-21.6125	773.0000
567	-21.2875	772.0000
568	-21.6125	773.0000
569	-21.1250	773.0000
570	-21.4500	773.0000
571	-21.1250	772.0000
572	-22.1000	773.0000
573	-21.4500	772.0000
574	-21.4500	773.0000
575	-21.4500	772.0000
576	-21.1250	773.0000
577	-21.2875	773.0000
578	-21.1250	773.0000
579	-21.1250	772.0000
580	-21.2875	772.0000
581	-20.8000	773.0000
582	-20.8000	772.0000
583	-20.8000	773.0000
584	-20.8000	772.0000
585	-21.1250	773.0000
586	-20.8000	772.0000
587	-20.6375	773.0000
588	-20.8000	772.0000
589	-20.4750	773.0000
590	-25.1875	773.0000
591	-20.6375	773.0000
592	-20.1500	772.0000
593	-20.4750	773.0000
594	-20.4750	772.0000
595	-20.3125	772.0000
596	-20.3125	772.0000
597	-20.1500	772.0000
598	-20.1500	772.0000
599	-20.1500	772.0000
600	-19.9875	773.0000
601	-20.1500	772.0000
602	-19.9875	773.0000
603	-19.8250	772.0000
604	-19.8250	773.0000
605	-19.6625	772.0000
606	-19.8250	773.0000
607	-19.8250	772.0000
608	-19.6625	773.0000
609	-19.8250	772.0000
610	-19.3375	773.0000
611	-19.3375	772.0000
612	-19.3375	771.0000
613	-19.3375	772.0000
614	-19.5000	772.0000
615	-19.1750	772.0000
616	-19.1750	772.0000
617	-21.2875	773.0000
618	-19.6625	772.0000
619	-19.5000	772.0000
620	-19.6625	772.0000
621	-19.0125	769.0000
622	-19.1750	772.0000
623	-18.6875	772.0000
624	-18.6875	772.0000
625	-18.6875	773.0000
626	-18.3625	772.0000
627	-23.4000	773.0000
628	-18.5250	772.0000
629	-18.3625	773.0000
630	-18.3625	773.0000
631	-18.2000	773.0000
632	-18.3625	772.0000
633	-18.3625	772.0000
634	-18.0375	772.0000
635	-18.2000	772.0000
636	-18.2000	772.0000
637	-17.5500	772.0000
638	-17.5500	772.0000
639	-17.5500	772.0000
640	-17.3875	772.0000
641	-17.0625	772.0000
642	-17.3875	773.0000
643	-17.0625	772.0000
644	-16.9000	772.0000
645	-16.7375	772.0000
646	-16.9000	772.0000
647	-16.7375	772.0000
648	-16.5750	773.0000
649	-16.2500	771.0000
650	-16.4125	773.0000
651	-16.2500	772.0000
652	-16.2500	772.0000
653	-15.9250	772.0000
654	-15.6000	772.0000
655	-16.0875	772.0000
656	-15.4375	772.0000
657	-15.4375	772.0000
658	-14.9500	772.0000
659	-14.4625	772.0000
660	-13.8125	772.0000
661	-13.1625	772.0000
662	-11.8625	771.0000
663	-10.8875	772.0000
664	-13.4875	772.0000
665	-8.4500	773.0000
666	-7.1500	772.0000
667	-5.6875	772.0000
668	-4.0625	772.0000
669	-2.1125	773.0000
670	-0.4875	772.0000
671	1.1375	772.0000
672	3.4125	772.0000
673	5.6875	772.0000
674	7.8000	772.0000
675	9.9125	772.0000
676	12.1875	772.0000
677	14.6250	773.0000
678	17.2250	772.0000
679	19.8250	772.0000
680	22.2625	772.0000
681	25.0250	772.0000
682	27.6250	772.0000
683	29.5750	772.0000
684	32.5000	772.0000
685	35.1000	772.0000
686	38.0250	773.0000
687	40.4625	772.0000
688	43.7125	772.0000
689	46.4750	772.0000
690	49.0750	773.0000
691	52.0000	772.0000
692	54.1125	772.0000
693	57.2000	772.0000
694	60.2875	772.0000
695	63.2125	772.0000
696	65.9750	772.0000
697	68.9000	772.0000
698	71.3375	772.0000
699	74.5875	772.0000
700	77.6750	773.0000
701	73.7750	772.0000
702	83.2000	772.0000
703	86.1250	772.0000
704	89.3750	773.0000
705	92.1375	772.0000
706	95.0625	772.0000
707	97.9875	773.0000
708	100.9125	772.0000
709	103.3500	773.0000
710	106.6000	772.0000
711	109.8500	772.0000
712	112.4500	772.0000
713	115.5375	773.0000
714	118.4625	772.0000
715	121.5500	773.0000
716	124.3125	772.0000
717	127.5625	773.0000
718	129.8375	772.0000
719	133.4125	773.0000
720	135.8500	772.0000
721	138.7750	773.0000
722	141.8625	773.0000
723	145.1125	773.0000
724	148.0375	772.0000
725	150.9625	773.0000
726	153.8875	773.0000
727	156.9750	773.0000
728	160.0625	773.0000
729	162.1750	773.0000
730	165.5875	773.0000
731	168.5125	773.0000
732	171.9250	773.0000
733	175.0125	773.0000
734	177.9375	773.0000
735	181.1875	773.0000
736	184.2750	773.0000
737	187.0375	773.0000
738	185.9000	774.0000
739	193.0500	772.0000
740	195.8125	773.0000
741	199.0625	773.0000
742	201.9875	774.0000
743	205.0750	773.0000
744	207.8375	773.0000
745	210.7625	773.0000
746	213.6875	774.0000
747	216.9375	773.0000
748	219.5375	774.0000
749	222.7875	773.0000
750	225.8750	774.0000
751	228.8000	773.0000
752	232.0500	773.0000
753	234.4875	773.0000
754	237.7375	773.0000
755	240.8250	773.0000
756	243.5875	774.0000
757	246.0250	773.0000
758	249.1125	773.0000
759	252.0375	774.0000
760	255.2875	774.0000
761	258.0500	773.0000
762	261.3000	774.0000
763	263.9000	773.0000
764	261.1375	774.0000
765	270.4000	774.0000
766	272.3500	774.0000
767	275.7625	774.0000
768	279.3375	773.0000
769	282.5875	774.0000
770	284.5375	773.0000
771	280.4750	774.0000
772	284.5375	773.0000
773	282.7500	774.0000
774	282.5875	773.0000
775	281.4500	774.0000
776	279.8250	773.0000
777	278.3625	774.0000
778	276.5750	773.0000
779	274.6250	774.0000
780	272.6750	773.0000
781	271.0500	777.0000
782	268.4500	773.0000
783	264.2250	773.0000
784	264.8750	773.0000
785	262.7625	774.0000
786	260.9750	773.0000
787	259.0250	773.0000
788	256.5875	773.0000
789	254.3125	773.0000
790	252.3625	773.0000
791	250.2500	773.0000
792	248.1375	773.0000
793	246.1875	773.0000
794	243.5875	773.0000
795	241.3125	773.0000
796	238.8750	773.0000
797	236.6000	773.0000
798	234.1625	773.0000
799	231.8875	773.0000
800	229.1250	773.0000
801	227.0125	772.0000
802	224.9000	773.0000
803	221.4875	773.0000
804	219.5375	772.0000
805	217.1000	773.0000
806	215.3125	773.0000
807	212.5500	773.0000
808	210.2750	773.0000
809	207.6750	772.0000
810	205.4000	774.0000
811	202.6375	772.0000
812	200.2000	772.0000
813	197.7625	772.0000
814	195.1625	773.0000
815	192.5625	772.0000
816	190.4500	773.0000
817	187.6875	772.0000
818	185.0875	772.0000
819	182.8125	772.0000
820	180.0500	773.0000
821	177.4500	772.0000
822	174.0375	772.0000
823	171.9250	772.0000
824	169.4875	772.0000
825	167.2125	772.0000
826	164.2875	771.0000
827	161.5250	772.0000
828	159.2500	772.0000
829	156.9750	772.0000
830	154.0500	772.0000
831	151.1250	772.0000
832	148.6875	771.0000
833	146.0875	772.0000
834	143.4875	772.0000
835	140.7250	772.0000
836	137.9625	772.0000
837	135.3625	772.0000
838	132.6000	772.0000
839	130.0000	772.0000
840	126.7500	772.0000
841	124.1500	772.0000
842	121.7125	771.0000
843	118.6250	772.0000
844	116.5125	771.0000
845	113.9125	773.0000
846	111.1500	771.0000
847	108.0625	772.0000
848	105.9500	771.0000
849	103.3500	772.0000
850	100.2625	771.0000
851	97.6625	771.0000
852	94.7375	771.0000
853	92.1375	772.0000
854	89.3750	771.0000
855	86.7750	771.0000
856	84.0125	771.0000
857	81.5750	771.0000
858	78.4875	771.0000
859	75.2375	771.0000
860	72.9625	771.0000
861	70.5250	771.0000
862	67.6000	771.0000
863	65.0000	771.0000
864	62.5625	771.0000
865	59.9625	771.0000
866	57.2000	772.0000
867	55.0875	771.0000
868	52.1625	771.0000
869	49.7250	771.0000
870	46.9625	771.0000
871	44.6875	771.0000
872	42.4125	771.0000
873	40.3000	771.0000
874	38.3500	771.0000
875	35.7500	769.0000
876	34.2875	772.0000
877	32.0125	771.0000
878	30.7125	771.0000
879	29.2500	771.0000
880	28.4375	771.0000
881	27.4625	771.0000
882	27.4625	771.0000
883	26.9750	771.0000
884	26.9750	771.0000
885	26.8125	771.0000
886	26.6500	771.0000
887	26.1625	771.0000
888	25.8375	770.0000
889	25.5125	771.0000
890	26.0000	771.0000
891	25.5125	771.0000
892	25.6750	771.0000
893	25.5125	771.0000
894	25.5125	774.0000
895	25.5125	771.0000
896	25.6750	771.0000
897	25.1875	771.0000
898	25.1875	771.0000
899	25.3500	771.0000
900	25.0250	771.0000
901	24.7000	771.0000
902	24.8625	771.0000
903	24.8625	771.0000
904	24.7000	771.0000
905	24.8625	771.0000
906	24.3750	770.0000
907	24.3750	771.0000
908	24.3750	771.0000
909	24.2125	771.0000
910	24.0500	771.0000
911	24.0500	771.0000
912	24.0500	771.0000
913	24.0500	771.0000
914	20.9625	771.0000
915	23.5625	771.0000
916	23.2375	771.0000
917	23.4000	771.0000
918	23.7250	771.0000
919	23.7250	770.0000
920	23.4000	771.0000
921	23.5625	770.0000
922	23.4000	771.0000
923	23.4000	770.0000
924	21.4500	771.0000
925	22.9125	771.0000
926	22.9125	771.0000
927	22.9125	770.0000
928	22.5875	771.0000
929	22.7500	770.0000
930	22.7500	771.0000
931	22.9125	771.0000
932	22.7500	771.0000
933	22.7500	771.0000
934	22.5875	771.0000
935	22.5875	771.0000
936	22.2625	771.0000
937	22.5875	771.0000
938	22.7500	771.0000
939	22.2625	771.0000
940	21.7750	770.0000
941	22.5875	770.0000
942	21.9375	770.0000
943	22.2625	771.0000
944	22.2625	770.0000
945	22.1000	771.0000
946	22.1000	771.0000
947	21.4500	771.0000
948	21.9375	770.0000
949	22.1000	771.0000
950	21.9375	770.0000
951	13.0000	771.0000
952	21.1250	770.0000
953	21.4500	771.0000
954	21.1250	770.0000
955	21.2875	771.0000
956	21.4500	770.0000
957	21.6125	771.0000
958	21.2875	770.0000
959	21.1250	771.0000
960	20.1500	770.0000
961	21.1250	771.0000
962	21.1250	770.0000
963	21.1250	771.0000
964	21.4500	770.0000
965	21.4500	770.0000
966	16.9000	771.0000
967	21.6125	770.0000
968	21.4500	771.0000
969	21.2875	770.0000
970	21.2875	771.0000
971	21.2875	771.0000
972	21.2875	771.0000
973	21.2875	770.0000
974	20.9625	772.0000
975	20.9625	770.0000
976	21.1250	771.0000
977	21.2875	770.0000
978	21.1250	771.0000
979	20.8000	770.0000
980	20.8000	771.0000
981	20.9625	771.0000
982	20.8000	771.0000
983	21.1250	770.0000
984	20.9625	771.0000
985	21.1250	771.0000
986	20.9625	771.0000
987	20.6375	770.0000
988	14.4625	770.0000
989	20.6375	770.0000
990	20.6375	770.0000
991	21.1250	771.0000
992	20.8000	771.0000
993	20.6375	770.0000
994	20.6375	770.0000
995	20.6375	771.0000
996	20.1500	770.0000
997	20.6375	771.0000
998	20.1500	770.0000
999	20.3125	771.0000
1000	19.9875	771.0000
1001	20.3125	771.0000
1002	20.3125	770.0000
1003	20.4750	771.0000
1004	20.6375	770.0000
1005	20.4750	771.0000
1006	20.1500	770.0000
1007	20.4750	771.0000
1008	20.3125	770.0000
1009	20.3125	771.0000
1010	19.8250	771.0000
1011	20.3125	770.0000
1012	20.3125	770.0000
1013	20.3125	771.0000
1014	19.9875	770.0000
1015	20.3125	770.0000
1016	19.3375	770.0000
1017	19.8250	770.0000
1018	19.9875	771.0000
1019	19.8250	770.0000
1020	20.1500	771.0000
1021	19.9875	770.0000
1022	19.9875	771.0000
1023	20.1500	770.0000

0	20.3125	770.0000
1	20.3125	770.0000
2	20.3125	770.0000
3	20.1500	770.0000
4	20.3125	770.0000
5	19.9875	770.0000
6	20.3125	771.0000
7	19.9875	771.0000
8	20.3125	771.0000
9	20.4750	770.0000
10	19.6625	771.0000
11	19.8250	770.0000
12	19.6625	771.0000
13	20.1500	770.0000
14	20.1500	771.0000
15	20.1500	771.0000
16	19.9875	771.0000
17	20.1500	770.0000
18	20.3125	771.0000
19	19.8250	770.0000
20	19.9875	771.0000
21	19.8250	769.0000
22	19.9875	770.0000
23	19.6625	770.0000
24	19.5000	770.0000
25	19.9875	770.0000
26	19.8250	771.0000
27	20.1500	771.0000
28	19.0125	770.0000
29	19.3375	770.0000
30	19.6625	770.0000
31	19.6625	771.0000
32	19.6625	770.0000
33	19.6625	771.0000
34	19.6625	770.0000
35	19.6625	770.0000
36	19.6625	770.0000
37	19.8250	770.0000
38	19.6625	773.0000
39	19.5000	770.0000
40	19.3375	770.0000
41	19.6625	771.0000
42	19.3375	770.0000
43	19.5000	770.0000
44	18.5250	770.0000
45	19.5000	770.0000
46	19.6625	770.0000
47	19.0125	769.0000
48	18.8500	770.0000
49	18.8500	770.0000
50	19.1750	770.0000
51	18.0375	771.0000
52	19.1750	770.0000
53	18.8500	770.0000
54	19.1750	770.0000
55	19.1750	771.0000
56	19.0125	770.0000
57	19.0125	770.0000
58	19.0125	770.0000
59	18.6875	770.0000
60	18.8500	772.0000
61	18.6875	770.0000
62	18.6875	771.0000
63	18.5250	770.0000
64	18.8500	770.0000
65	18.0375	770.0000
66	18.3625	770.0000
67	18.2000	770.0000
68	18.5250	771.0000
69	18.2000	770.0000
70	18.3625	770.0000
71	18.2000	770.0000
72	18.5250	770.0000
73	18.2000	770.0000
74	18.2000	770.0000
75	18.2000	770.0000
76	18.2000	771.0000
77	18.2000	770.0000
78	18.2000	771.0000
79	18.0375	770.0000
80	17.8750	771.0000
81	18.3625	770.0000
82	17.8750	770.0000
83	17.8750	770.0000
84	18.2000	770.0000
85	18.2000	770.0000
86	17.8750	770.0000
87	17.5500	770.0000
88	17.7125	770.0000
89	17.7125	770.0000
90	17.8750	770.0000
91	17.5500	770.0000
92	17.5500	770.0000
93	17.5500	771.0000
94	17.7125	770.0000
95	17.2250	770.0000
96	13.3250	769.0000
97	17.2250	770.0000
98	17.3875	770.0000
99	16.9000	770.0000
100	16.9000	770.0000
101	16.9000	770.0000
102	16.0875	770.0000
103	16.5750	770.0000
104	16.4125	770.0000
105	16.7375	770.0000
106	16.7375	769.0000
107	16.5750	771.0000
108	16.7375	770.0000
109	15.9250	770.0000
110	16.4125	770.0000
111	15.7625	770.0000
112	16.2500	770.0000
113	16.4125	770.0000
114	16.2500	771.0000
115	16.0875	770.0000
116	15.9250	770.0000
117	16.0875	770.0000
118	15.6000	770.0000
119	15.6000	770.0000
120	15.6000	770.0000
121	15.4375	770.0000
122	13.0000	770.0000
123	15.6000	770.0000
124	15.4375	771.0000
125	14.6250	770.0000
126	15.1125	771.0000
127	15.2750	768.0000
128	14.9500	771.0000
129	14.7875	770.0000
130	14.6250	771.0000
131	7.6375	770.0000
132	14.7875	771.0000
133	14.6250	769.0000
134	14.6250	773.0000
135	14.3000	770.0000
136	14.1375	771.0000
137	13.9750	770.0000
138	13.9750	770.0000
139	13.0000	770.0000
140	12.8375	770.0000
141	13.0000	770.0000
142	13.3250	770.0000
143	13.0000	770.0000
144	13.0000	770.0000
145	12.6750	770.0000
146	12.8375	770.0000
147	12.0250	770.0000
148	8.9375	770.0000
149	10.2375	770.0000
150	9.5875	770.0000
151	8.2875	770.0000
152	6.8250	770.0000
153	5.6875	770.0000
154	4.3875	770.0000
155	2.7625	770.0000
156	-1.4625	770.0000
157	-0.8125	771.0000
158	-2.6000	769.0000
159	-4.5500	770.0000
160	-6.5000	770.0000
161	-8.4500	771.0000
162	-10.8875	770.0000
163	-13.3250	770.0000
164	-15.6000	769.0000
165	-17.8750	770.0000
166	-20.4750	769.0000
167	-23.0750	770.0000
168	-25.6750	770.0000
169	-27.9500	770.0000
170	-30.7125	770.0000
171	-33.1500	770.0000
172	-36.2375	769.0000
173	-38.5125	770.0000
174	-41.2750	770.0000
175	-44.0375	770.0000
176	-47.4500	771.0000
177	-49.8875	770.0000
178	-52.6500	770.0000
179	-54.9250	770.0000
180	-57.5250	770.0000
181	-60.4500	769.0000
182	-63.2125	770.0000
183	-65.9750	770.0000
184	-68.9000	770.0000
185	-80.1125	770.0000
186	-74.4250	770.0000
187	-77.1875	770.0000
188	-80.1125	770.0000
189	-82.8750	769.0000
190	-85.4750	770.0000
191	-88.5625	769.0000
192	-91.3250	770.0000
193	-94.4125	770.0000
194	-97.0125	770.0000
195	-99.7750	770.0000
196	-102.7000	770.0000
197	-105.4625	770.0000
198	-108.2250	770.0000
199	-110.9875	770.0000
200	-114.2375	770.0000
201	-116.6750	770.0000
202	-119.4375	770.0000
203	-122.3625	770.0000
204	-125.9375	770.0000
205	-128.5375	771.0000
206	-131.6250	770.0000
207	-134.0625	770.0000
208	-136.8250	770.0000
209	-139.7500	770.0000
210	-142.5125	770.0000
211	-145.4375	771.0000
212	-148.0375	769.0000
213	-151.7750	771.0000
214	-154.2125	769.0000
215	-157.1375	771.0000
216	-159.9000	770.0000
217	-162.3375	770.0000
218	-165.1000	770.0000
219	-168.3500	770.0000
220	-170.9500	769.0000
221	-174.0375	770.0000
222	-182.1625	770.0000
223	-179.7250	771.0000
224	-182.4875	770.0000
225	-185.4125	774.0000
226	-188.0125	770.0000
227	-191.1000	770.0000
228	-193.8625	770.0000
229	-196.9500	770.0000
230	-199.7125	770.0000
231	-202.6375	771.0000
232	-205.4000	770.0000
233	-208.1625	771.0000
234	-211.0875	771.0000
235	-214.3375	770.0000
236	-216.4500	771.0000
237	-219.3750	773.0000
238	-222.3000	771.0000
239	-225.5500	770.0000
240	-227.9875	771.0000
241	-231.4000	770.0000
242	-234.0000	771.0000
243	-236.9250	770.0000
244	-239.3625	771.0000
245	-242.2875	767.0000
246	-245.2125	771.0000
247	-247.9750	770.0000
248	-250.7375	771.0000
249	-253.6625	770.0000
250	-257.0750	771.0000
251	-259.6750	771.0000
252	-262.4375	771.0000
253	-265.0375	771.0000
254	-267.9625	771.0000
255	-270.5625	770.0000
256	-273.8125	771.0000
257	-276.4125	771.0000
258	-278.2000	769.0000
259	-278.3625	771.0000
260	-278.0375	771.0000
261	-277.2250	771.0000
262	-276.2500	771.0000
263	-274.7875	771.0000
264	-273.4875	770.0000
265	-271.7000	771.0000
266	-270.0750	770.0000
267	-268.2875	771.0000
268	-266.8250	770.0000
269	-265.0375	771.0000
270	-262.9250	770.0000
271	-260.9750	771.0000
272	-259.1875	770.0000
273	-257.0750	771.0000
274	-255.2875	770.0000
275	-253.0125	771.0000
276	-251.0625	770.0000
277	-249.2750	771.0000
278	-247.3250	771.0000
279	-245.5375	771.0000
280	-243.4250	771.0000
281	-240.8250	771.0000
282	-239.5250	771.0000
283	-236.6000	770.0000
284	-234.3250	771.0000
285	-232.7000	770.0000
286	-229.7750	771.0000
287	-228.3125	770.0000
288	-225.3875	771.0000
289	-223.2750	770.0000
290	-220.6750	771.0000
291	-218.5625	770.0000
292	-215.9625	771.0000
293	-213.8500	770.0000
294	-211.2500	771.0000
295	-208.9750	770.0000
296	-206.5375	771.0000
297	-204.2625	770.0000
298	-201.9875	770.0000
299	-199.3875	770.0000
300	-197.1125	770.0000
301	-194.8375	770.0000
302	-192.0750	770.0000
303	-189.8000	770.0000
304	-187.2000	770.0000
305	-184.6000	770.0000
306	-182.6500	770.0000
307	-179.7250	771.0000
308	-177.4500	769.0000
309	-175.0125	772.0000
310	-172.4125	770.0000
311	-169.8125	770.0000
312	-167.3750	770.0000
313	-171.1125	770.0000
314	-162.1750	770.0000
315	-160.3875	770.0000
316	-157.6250	770.0000
317	-155.1875	771.0000
318	-152.2625	770.0000
319	-149.9875	770.0000
320	-147.3875	770.0000
321	-144.7875	770.0000
322	-142.1875	769.0000
323	-139.4250	770.0000
324	-138.1250	770.0000
325	-134.7125	769.0000
326	-132.2750	770.0000
327	-129.3500	769.0000
328	-126.9125	770.0000
329	-124.3125	769.0000
330	-121.5500	770.0000
331	-118.9500	769.0000
332	-116.1875	770.0000
333	-113.7500	769.0000
334	-111.4750	770.0000
335	-108.5500	769.0000
336	-106.1125	769.0000
337	-103.3500	769.0000
338	-100.7500	769.0000
339	-97.9875	769.0000
340	-95.3875	770.0000
341	-93.4375	769.0000
342	-90.1875	769.0000
343	-87.7500	769.0000
344	-85.1500	769.0000
345	-82.7125	770.0000
346	-80.1125	769.0000
347	-77.1875	769.0000
348	-79.7875	769.0000
349	-71.9875	770.0000
350	-69.7125	769.0000
351	-67.1125	770.0000
352	-64.5125	769.0000
353	-62.4000	770.0000
354	-59.6375	771.0000
355	-57.2000	770.0000
356	-54.6000	769.0000
357	-52.0000	769.0000
358	-49.7250	769.0000
359	-47.2875	769.0000
360	-44.8500	769.0000
361	-46.9625	769.0000
362	-40.7875	769.0000
363	-39.0000	769.0000
364	-36.7250	769.0000
365	-35.4250	769.0000
366	-33.9625	770.0000
367	-32.5000	769.0000
368	-31.0375	769.0000
369	-30.0625	769.0000
370	-29.5750	770.0000
371	-29.0875	769.0000
372	-28.9250	770.0000
373	-28.9250	769.0000
374	-28.9250	769.0000
375	-28.6000	769.0000
376	-28.4375	770.0000
377	-44.6875	769.0000
378	-28.1125	772.0000
379	-28.1125	769.0000
380	-28.4375	770.0000
381	-28.9250	769.0000
382	-27.7875	770.0000
383	-27.9500	769.0000
384	-27.4625	770.0000
385	-27.4625	769.0000
386	-27.4625	769.0000
387	-27.3000	769.0000
388	-27.1375	769.0000
389	-26.8125	769.0000
390	-26.8125	769.0000
391	-27.1375	769.0000
392	-26.8125	769.0000
393	-26.8125	769.0000
394	-26.6500	769.0000
395	-26.8125	770.0000
396	-26.4875	769.0000
397	-26.3250	770.0000
398	-28.2750	769.0000
399	-26.6500	770.0000
400	-26.8125	769.0000
401	-26.6500	769.0000
402	-26.4875	769.0000
403	-26.1625	769.0000
404	-26.0000	769.0000
405	-26.1625	769.0000
406	-26.1625	769.0000
407	-25.8375	769.0000
408	-25.6750	769.0000
409	-25.5125	769.0000
410	-25.6750	769.0000
411	-25.5125	769.0000
412	-25.3500	770.0000
413	-25.1875	769.0000
414	-25.5125	769.0000
415	-25.3500	769.0000
416	-25.5125	770.0000
417	-26.0000	768.0000
418	-25.5125	769.0000
419	-25.3500	769.0000
420	-25.0250	769.0000
421	-25.0250	769.0000
422	-25.3500	769.0000
423	-25.1875	769.0000
424	-25.0250	769.0000
425	-24.8625	768.0000
426	-25.3500	769.0000
427	-25.0250	769.0000
428	-29.5750	770.0000
429	-24.8625	769.0000
430	-24.7000	769.0000
431	-24.7000	769.0000
432	-24.7000	769.0000
433	-24.7000	769.0000
434	-24.3750	769.0000
435	-31.3625	769.0000
436	-24.3750	769.0000
437	-24.3750	769.0000
438	-24.5375	769.0000
439	-24.2125	769.0000
440	-24.3750	769.0000
441	-24.2125	769.0000
442	-24.2125	769.0000
443	-28.2750	770.0000
444	-24.2125	769.0000
445	-24.2125	770.0000
446	-26.3250	769.0000
447	-24.0500	769.0000
448	-24.0500	769.0000
449	-23.8875	770.0000
450	-23.8875	769.0000
451	-23.8875	770.0000
452	-23.7250	769.0000
453	-23.8875	769.0000
454	-24.5375	769.0000
455	-24.2125	769.0000
456	-24.2125	769.0000
457	-24.0500	769.0000
458	-23.7250	769.0000
459	-23.7250	769.0000
460	-23.7250	770.0000
461	-23.5625	769.0000
462	-23.4000	770.0000
463	-23.2375	768.0000
464	-23.5625	769.0000
465	-23.2375	769.0000
466	-23.4000	769.0000
467	-23.2375	768.0000
468	-23.2375	769.0000
469	-23.5625	769.0000
470	-23.2375	769.0000
471	-23.5625	769.0000
472	-26.3250	769.0000
473	-22.9125	769.0000
474	-23.0750	769.0000
475	-23.2375	769.0000
476	-23.2375	769.0000
477	-23.0750	768.0000
478	-23.0750	769.0000
479	-23.2375	769.0000
480	-23.0750	769.0000
481	-23.0750	769.0000
482	-23.0750	769.0000
483	-22.9125	769.0000
484	-22.9125	769.0000
485	-22.7500	769.0000
486	-26.8125	768.0000
487	-22.7500	771.0000
488	-22.9125	768.0000
489	-22.7500	770.0000
490	-23.0750	769.0000
491	-23.4000	769.0000
492	-23.4000	768.0000
493	-23.2375	769.0000
494	-23.0750	768.0000
495	-22.9125	769.0000
496	-23.0750	768.0000
497	-22.5875	769.0000
498	-23.0750	769.0000
499	-22.5875	769.0000
500	-23.2375	769.0000
501	-22.5875	769.0000
502	-22.5875	769.0000
503	-22.4250	769.0000
504	-22.9125	769.0000
505	-22.7500	769.0000
506	-22.5875	769.0000
507	-22.9125	769.0000
508	-22.7500	769.0000
509	-22.5875	769.0000
510	-22.5875	769.0000
511	-22.4250	768.0000
512	-22.4250	769.0000
513	-22.4250	768.0000
514	-22.4250	769.0000
515	-22.5875	768.0000
516	-22.2625	769.0000
517	-22.4250	768.0000
518	-22.2625	769.0000
519	-22.9125	769.0000
520	-22.9125	769.0000
521	-22.9125	768.0000
522	-22.4250	769.0000
523	-23.0750	768.0000
524	-51.3500	769.0000
525	-22.5875	768.0000
526	-22.5875	769.0000
527	-22.4250	768.0000
528	-22.9125	769.0000
529	-22.9125	768.0000
530	-22.7500	769.0000
531	-22.7500	772.0000
532	-22.2625	769.0000
533	-22.4250	769.0000
534	-22.2625	768.0000
535	-22.4250	769.0000
536	-22.4250	769.0000
537	-22.2625	769.0000
538	-22.2625	768.0000
539	-22.5875	769.0000
540	-22.1000	768.0000
541	-21.9375	769.0000
542	-21.9375	768.0000
543	-22.1000	769.0000
544	-22.1000	768.0000
545	-21.9375	769.0000
546	-21.9375	768.0000
547	-21.9375	768.0000
548	-21.7750	768.0000
549	-21.6125	769.0000
550	-21.7750	769.0000
551	-22.1000	769.0000
552	-21.9375	769.0000
553	-21.9375	769.0000
554	-21.7750	768.0000
555	-21.9375	769.0000
556	-21.6125	769.0000
557	-21.9375	769.0000
558	-21.6125	769.0000
559	-21.6125	768.0000
560	-21.9375	769.0000
561	-21.6125	768.0000
562	-21.7750	769.0000
563	-21.6125	769.0000
564	-21.4500	769.0000
565	-21.9375	768.0000
566	-21.6125	769.0000
567	-21.9375	768.0000
568	-21.2875	769.0000
569	-21.4500	768.0000
570	-21.2875	770.0000
571	-21.1250	768.0000
572	-21.2875	769.0000
573	-21.6125	768.0000
574	-21.1250	769.0000
575	-21.1250	768.0000
576	-21.4500	769.0000
577	-20.9625	768.0000
578	-21.4500	768.0000
579	-21.1250	768.0000
580	-21.4500	769.0000
581	-21.1250	768.0000
582	-20.8000	769.0000
583	-20.8000	768.0000
584	-20.8000	768.0000
585	-21.1250	769.0000
586	-20.4750	768.0000
587	-20.6375	769.0000
588	-20.6375	768.0000
589	-20.8000	769.0000
590	-20.8000	768.0000
591	-20.4750	769.0000
592	-20.4750	768.0000
593	-20.4750	769.0000
594	-20.3125	768.0000
595	-20.4750	766.0000
596	-19.9875	768.0000
597	-20.3125	768.0000
598	-20.4750	768.0000
599	-19.9875	768.0000
600	-20.3125	768.0000
601	-20.1500	768.0000
602	-20.6375	769.0000
603	-20.1500	768.0000
604	-20.6375	768.0000
605	-19.9875	768.0000
606	-22.2625	768.0000
607	-19.8250	769.0000
608	-19.8250	768.0000
609	-19.8250	768.0000
610	-19.8250	768.0000
611	-19.9875	768.0000
612	-19.5000	768.0000
613	-19.5000	768.0000
614	-19.6625	768.0000
615	-19.3375	768.0000
616	-19.3375	768.0000
617	-20.1500	768.0000
618	-19.5000	769.0000
619	-19.0125	768.0000
620	-18.6875	768.0000
621	-19.5000	768.0000
622	-19.1750	769.0000
623	-18.8500	768.0000
624	-18.6875	769.0000
625	-18.8500	768.0000
626	-18.5250	769.0000
627	-18.6875	768.0000
628	-18.6875	768.0000
629	-18.6875	767.0000
630	-18.3625	768.0000
631	-18.2000	768.0000
632	-18.2000	768.0000
633	-18.3625	768.0000
634	-18.0375	769.0000
635	-17.7125	768.0000
636	-17.8750	768.0000
637	-17.7125	768.0000
638	-18.6875	768.0000
639	-18.2000	769.0000
640	-18.0375	768.0000
641	-17.7125	768.0000
642	-46.1500	768.0000
643	-17.0625	768.0000
644	-17.2250	768.0000
645	-17.0625	772.0000
646	-16.9000	768.0000
647	-16.9000	768.0000
648	-19.1750	768.0000
649	-16.7375	768.0000
650	-16.4125	768.0000
651	-17.0625	769.0000
652	-20.6375	768.0000
653	-15.9250	768.0000
654	-15.9250	768.0000
655	-15.6000	768.0000
656	-15.6000	768.0000
657	-15.1125	769.0000
658	-15.7625	768.0000
659	-15.1125	768.0000
660	-14.1375	767.0000
661	-13.3250	768.0000
662	-12.6750	768.0000
663	-11.2125	768.0000
664	-9.7500	768.0000
665	-8.6125	768.0000
666	-7.3125	768.0000
667	-5.6875	768.0000
668	-4.2250	769.0000
669	-2.6000	766.0000
670	-0.6500	768.0000
671	0.9750	768.0000
672	2.9250	768.0000
673	3.2500	768.0000
674	7.6375	768.0000
675	9.7500	768.0000
676	11.5375	768.0000
677	14.1375	768.0000
678	16.5750	768.0000
679	19.0125	768.0000
680	22.1000	769.0000
681	24.7000	768.0000
682	27.1375	768.0000
683	29.9000	767.0000
684	32.0125	768.0000
685	25.0250	768.0000
686	38.1875	768.0000
687	40.9500	768.0000
688	43.2250	768.0000
689	46.1500	768.0000
690	49.0750	768.0000
691	52.0000	768.0000
692	54.9250	768.0000
693	57.6875	768.0000
694	60.4500	768.0000
695	63.0500	768.0000
696	65.4875	768.0000
697	68.9000	768.0000
698	71.6625	768.0000
699	74.7500	769.0000
700	77.3500	768.0000
701	80.4375	769.0000
702	83.3625	768.0000
703	86.4500	769.0000
704	89.0500	768.0000
705	91.9750	768.0000
706	94.9000	768.0000
707	97.9875	769.0000
708	100.9125	768.0000
709	103.6750	769.0000
710	106.6000	769.0000
711	109.5250	769.0000
712	112.4500	768.0000
713	114.7250	769.0000
714	117.9750	768.0000
715	120.9000	768.0000
716	124.4750	768.0000
717	127.0750	768.0000
718	129.8375	768.0000
719	133.2500	768.0000
720	135.6875	769.0000
721	138.9375	768.0000
722	134.7125	769.0000
723	145.2750	769.0000
724	148.0375	769.0000
725	150.9625	768.0000
726	154.2125	769.0000
727	157.1375	768.0000
728	160.2250	769.0000
729	162.9875	768.0000
730	166.2375	769.0000
731	169.0000	768.0000
732	171.4375	770.0000
733	174.6875	769.0000
734	177.9375	769.0000
735	181.0250	768.0000
736	183.7875	769.0000
737	186.7125	769.0000
738	187.6875	769.0000
739	193.2125	768.0000
740	195.9750	769.0000
741	198.7375	769.0000
742	201.8250	769.0000
743	204.5875	769.0000
744	207.6750	769.0000
745	210.9250	769.0000
746	213.8500	769.0000
747	216.9375	769.0000
748	219.8625	769.0000
749	222.7875	769.0000
750	225.8750	769.0000
751	228.6375	769.0000
752	231.5625	769.0000
753	234.8125	770.0000
754	237.7375	770.0000
755	240.6625	770.0000
756	243.5875	769.0000
757	246.6750	770.0000
758	249.6000	769.0000
759	252.8500	770.0000
760	255.6125	769.0000
761	258.7000	770.0000
762	261.6250	770.0000
763	264.7125	770.0000
764	266.6625	769.0000
765	270.5625	770.0000
766	273.6500	769.0000
767	276.7375	770.0000
768	279.8250	769.0000
769	282.1000	770.0000
770	283.5625	770.0000
771	285.0250	770.0000
772	282.4250	769.0000
773	283.5625	770.0000
774	282.4250	770.0000
775	280.8000	769.0000
776	279.3375	770.0000
777	277.8750	769.0000
778	276.5750	770.0000
779	274.7875	769.0000
780	272.3500	770.0000
781	270.8875	769.0000
782	268.9375	770.0000
783	267.1500	769.0000
784	264.8750	770.0000
785	263.2500	769.0000
786	260.9750	772.0000
787	258.7000	769.0000
788	256.1000	769.0000
789	254.1500	769.0000
790	251.0625	769.0000
791	250.2500	768.0000
792	247.6500	769.0000
793	245.5375	769.0000
794	243.2625	770.0000
795	240.9875	769.0000
796	238.8750	769.0000
797	236.4375	769.0000
798	234.3250	769.0000
799	231.5625	769.0000
800	229.6125	769.0000
801	227.0125	769.0000
802	224.9000	767.0000
803	222.3000	770.0000
804	219.8625	769.0000
805	217.5875	769.0000
806	214.6625	769.0000
807	212.5500	769.0000
808	209.9500	768.0000
809	207.8375	769.0000
810	205.5625	768.0000
811	202.6375	769.0000
812	200.3625	768.0000
813	197.6000	769.0000
814	195.4875	769.0000
815	192.4000	768.0000
816	190.2875	768.0000
817	187.6875	769.0000
818	184.9250	768.0000
819	182.4875	769.0000
820	179.8875	768.0000
821	177.4500	768.0000
822	172.5750	769.0000
823	172.4125	768.0000
824	169.6500	769.0000
825	166.5625	768.0000
826	163.8000	769.0000
827	161.3625	768.0000
828	159.0875	769.0000
829	156.1625	768.0000
830	153.5625	769.0000
831	151.2875	768.0000
832	148.5250	769.0000
833	146.0875	768.0000
834	142.6750	768.0000
835	139.9125	768.0000
836	137.3125	768.0000
837	135.2000	768.0000
838	132.7625	768.0000
839	129.6750	768.0000
840	127.2375	768.0000
841	124.6375	768.0000
842	122.3625	768.0000
843	118.9500	768.0000
844	116.5125	768.0000
845	113.7500	768.0000
846	111.1500	768.0000
847	108.7125	768.0000
848	105.7875	768.0000
849	103.3500	768.0000
850	100.2625	768.0000
851	97.8250	768.0000
852	94.9000	768.0000
853	92.3000	768.0000
854	89.5375	767.0000
855	87.1000	768.0000
856	84.5000	767.0000
857	81.7375	768.0000
858	78.6500	768.0000
859	76.3750	768.0000
860	73.4500	767.0000
861	66.7875	768.0000
862	68.0875	767.0000
863	65.3250	768.0000
864	62.5625	767.0000
865	60.2875	769.0000
866	57.6875	767.0000
867	55.0875	768.0000
868	52.6500	768.0000
869	49.7250	768.0000
870	46.9625	767.0000
871	44.5250	768.0000
872	41.7625	768.0000
873	39.9750	767.0000
874	38.3500	768.0000
875	36.2375	767.0000
876	34.2875	767.0000
877	32.5000	767.0000
878	27.1375	767.0000
879	29.9000	767.0000
880	28.2750	768.0000
881	27.6250	768.0000
882	26.9750	768.0000
883	27.1375	767.0000
884	26.9750	767.0000
885	26.8125	767.0000
886	26.8125	768.0000
887	26.8125	767.0000
888	26.4875	768.0000
889	26.1625	767.0000
890	26.3250	768.0000
891	26.1625	767.0000
892	26.0000	768.0000
893	25.6750	767.0000
894	25.6750	768.0000
895	25.6750	767.0000
896	25.5125	767.0000
897	25.3500	767.0000
898	16.7375	768.0000
899	25.3500	767.0000
900	25.0250	767.0000
901	24.8625	767.0000
902	25.0250	767.0000
903	24.7000	767.0000
904	24.7000	767.0000
905	25.0250	767.0000
906	24.7000	767.0000
907	24.7000	767.0000
908	23.8875	767.0000
909	24.0500	767.0000
910	24.0500	767.0000
911	24.2125	768.0000
912	24.0500	770.0000
913	24.0500	767.0000
914	23.8875	767.0000
915	23.8875	768.0000
916	23.7250	767.0000
917	23.0750	767.0000
918	23.4000	767.0000
919	23.4000	768.0000
920	23.4000	767.0000
921	23.5625	767.0000
922	23.5625	767.0000
923	23.4000	767.0000
924	23.2375	767.0000
925	23.4000	767.0000
926	23.4000	767.0000
927	23.2375	767.0000
928	23.0750	767.0000
929	23.2375	767.0000
930	22.9125	767.0000
931	22.7500	767.0000
932	22.9125	767.0000
933	21.6125	767.0000
934	22.7500	767.0000
935	16.5750	767.0000
936	22.4250	767.0000
937	22.5875	768.0000
938	22.7500	768.0000
939	22.4250	767.0000
940	22.4250	768.0000
941	22.5875	768.0000
942	22.5875	767.0000
943	22.5875	768.0000
944	22.4250	767.0000
945	21.9375	767.0000
946	21.4500	768.0000
947	21.7750	767.0000
948	21.9375	768.0000
949	21.9375	767.0000
950	21.9375	767.0000
951	21.9375	767.0000
952	21.9375	768.0000
953	21.7750	767.0000
954	20.9625	768.0000
955	21.4500	767.0000
956	21.2875	768.0000
957	21.7750	767.0000
958	21.7750	767.0000
959	21.4500	767.0000
960	21.4500	768.0000
961	21.6125	767.0000
962	21.7750	767.0000
963	21.7750	767.0000
964	21.6125	767.0000
965	21.4500	767.0000
966	21.4500	767.0000
967	21.2875	767.0000
968	21.2875	767.0000
969	21.2875	767.0000
970	21.6125	767.0000
971	21.4500	767.0000
972	18.3625	767.0000
973	21.1250	768.0000
974	21.1250	767.0000
975	21.2875	767.0000
976	21.2875	767.0000
977	21.2875	767.0000
978	21.1250	766.0000
979	17.5500	767.0000
980	21.1250	767.0000
981	21.1250	767.0000
982	20.4750	767.0000
983	20.8000	767.0000
984	20.3125	767.0000
985	20.8000	767.0000
986	20.6375	767.0000
987	20.8000	768.0000
988	20.8000	767.0000
989	20.8000	767.0000
990	20.6375	767.0000
991	19.9875	767.0000
992	20.1500	768.0000
993	20.1500	767.0000
994	20.9625	767.0000
995	20.6375	767.0000
996	20.8000	767.0000
997	20.8000	767.0000
998	20.4750	767.0000
999	21.1250	767.0000
1000	20.8000	767.0000
1001	20.9625	767.0000
1002	20.8000	768.0000
1003	20.6375	768.0000
1004	20.4750	768.0000
1005	20.3125	767.0000
1006	19.9875	767.0000
1007	20.6375	767.0000
1008	20.6375	767.0000
1009	20.3125	767.0000
1010	20.1500	767.0000
1011	19.8250	767.0000
1012	20.4750	767.0000
1013	20.3125	767.0000
1014	20.3125	767.0000
1015	20.3125	767.0000
1016	20.3125	767.0000
1017	19.6625	767.0000
1018	20.3125	767.0000
1019	19.8250	767.0000
1020	19.9875	767.0000
1021	19.8250	767.0000
1022	20.1500	767.0000
1023	20.3125	767.0000

0	20.1500	767.0000
1	20.3125	767.0000
2	20.1500	767.0000
3	19.6625	767.0000
4	19.6625	767.0000
5	19.9875	767.0000
6	20.3125	767.0000
7	20.3125	767.0000
8	15.6000	767.0000
9	20.4750	767.0000
10	20.1500	767.0000
11	20.3125	768.0000
12	19.6625	767.0000
13	20.1500	767.0000
14	20.3125	767.0000
15	20.1500	767.0000
16	20.1500	767.0000
17	20.3125	768.0000
18	20.3125	767.0000
19	20.3125	767.0000
20	19.9875	767.0000
21	19.6625	768.0000
22	19.8250	767.0000
23	19.5000	767.0000
24	19.9875	767.0000
25	20.1500	767.0000
26	20.3125	767.0000
27	20.1500	767.0000
28	20.3125	767.0000
29	19.6625	767.0000
30	20.1500	767.0000
31	19.1750	767.0000
32	19.6625	767.0000
33	19.5000	767.0000
34	19.9875	767.0000
35	19.8250	767.0000
36	19.9875	767.0000
37	16.2500	767.0000
38	19.8250	768.0000
39	19.6625	767.0000
40	19.0125	768.0000
41	19.3375	767.0000
42	18.6875	767.0000
43	19.3375	767.0000
44	19.5000	767.0000
45	19.5000	767.0000
46	19.5000	767.0000
47	19.1750	769.0000
48	19.1750	767.0000
49	19.1750	767.0000
50	19.5000	767.0000
51	19.1750	767.0000
52	19.1750	767.0000
53	19.3375	767.0000
54	19.1750	767.0000
55	19.1750	767.0000
56	19.1750	767.0000
57	19.1750	767.0000
58	18.5250	767.0000
59	18.3625	767.0000
60	18.5250	766.0000
61	18.8500	768.0000
62	18.6875	767.0000
63	18.5250	767.0000
64	18.8500	767.0000
65	18.8500	767.0000
66	18.6875	767.0000
67	18.8500	767.0000
68	18.0375	767.0000
69	18.3625	768.0000
70	18.0375	767.0000
71	18.3625	767.0000
72	18.2000	767.0000
73	18.6875	767.0000
74	18.3625	767.0000
75	18.3625	767.0000
76	18.0375	767.0000
77	18.2000	768.0000
78	17.8750	768.0000
79	17.7125	767.0000
80	18.2000	767.0000
81	18.0375	767.0000
82	17.7125	767.0000
83	18.2000	767.0000
84	17.3875	768.0000
85	17.8750	767.0000
86	17.8750	767.0000
87	17.8750	767.0000
88	17.7125	767.0000
89	17.5500	767.0000
90	17.7125	768.0000
91	17.3875	767.0000
92	17.7125	768.0000
93	17.5500	767.0000
94	17.3875	767.0000
95	9.2625	767.0000
96	16.9000	767.0000
97	17.0625	767.0000
98	17.0625	767.0000
99	17.2250	768.0000
100	17.0625	767.0000
101	14.1375	767.0000
102	16.7375	767.0000
103	15.9250	767.0000
104	17.0625	767.0000
105	16.2500	767.0000
106	16.4125	767.0000
107	16.0875	767.0000
108	16.5750	767.0000
109	16.4125	767.0000
110	16.4125	767.0000
111	16.4125	767.0000
112	16.0875	767.0000
113	15.9250	767.0000
114	16.4125	767.0000
115	15.6000	767.0000
116	15.7625	767.0000
117	15.9250	768.0000
118	15.9250	767.0000
119	15.6000	767.0000
120	15.7625	767.0000
121	14.1375	767.0000
122	15.7625	767.0000
123	15.1125	767.0000
124	15.1125	767.0000
125	14.9500	769.0000
126	14.9500	767.0000
127	14.7875	767.0000
128	14.9500	767.0000
129	14.9500	767.0000
130	14.7875	767.0000
131	14.7875	767.0000
132	9.9125	768.0000
133	14.1375	767.0000
134	14.1375	767.0000
135	14.1375	767.0000
136	14.1375	767.0000
137	13.9750	767.0000
138	13.6500	767.0000
139	6.0125	767.0000
140	11.8625	767.0000
141	13.4875	766.0000
142	13.6500	767.0000
143	13.3250	767.0000
144	13.1625	767.0000
145	9.9125	767.0000
146	12.6750	767.0000
147	12.3500	767.0000
148	11.0500	767.0000
149	10.4000	767.0000
150	9.4250	768.0000
151	7.9625	767.0000
152	6.5000	767.0000
153	5.2000	764.0000
154	4.0625	766.0000
155	2.7625	767.0000
156	1.1375	767.0000
157	-0.6500	767.0000
158	-2.4375	767.0000
159	-4.3875	767.0000
160	-6.6625	767.0000
161	-8.9375	767.0000
162	-11.5375	767.0000
163	-13.3250	767.0000
164	-15.6000	767.0000
165	-18.0375	768.0000
166	-20.8000	767.0000
167	-23.0750	767.0000
168	-26.0000	767.0000
169	-35.1000	767.0000
170	-31.0375	767.0000
171	-33.8000	767.0000
172	-35.9125	767.0000
173	-38.8375	767.0000
174	-41.4375	767.0000
175	-44.2000	767.0000
176	-47.2875	767.0000
177	-49.7250	767.0000
178	-52.1625	767.0000
179	-55.0875	767.0000
180	-57.6875	767.0000
181	-60.9375	767.0000
182	-63.0500	767.0000
183	-66.4625	767.0000
184	-68.7375	767.0000
185	-71.6625	767.0000
186	-74.4250	767.0000
187	-77.1875	767.0000
188	-79.7875	767.0000
189	-83.3625	767.0000
190	-85.9625	767.0000
191	-88.8875	767.0000
192	-91.1625	767.0000
193	-94.0875	767.0000
194	-97.0125	767.0000
195	-99.6125	767.0000
196	-102.2125	767.0000
197	-105.3000	767.0000
198	-108.5500	767.0000
199	-111.4750	767.0000
200	-113.7500	767.0000
201	-116.5125	767.0000
202	-119.7625	767.0000
203	-122.5250	767.0000
204	-125.2875	767.0000
205	-128.0500	767.0000
206	-138.2875	767.0000
207	-134.5500	767.0000
208	-137.1500	767.0000
209	-139.5875	767.0000
210	-142.6750	767.0000
211	-145.4375	767.0000
212	-148.2000	767.0000
213	-151.1250	767.0000
214	-153.8875	767.0000
215	-156.4875	767.0000
216	-159.7375	767.0000
217	-162.1750	767.0000
218	-165.4250	767.0000
219	-168.1875	767.0000
220	-170.9500	767.0000
221	-174.0375	768.0000
222	-176.6375	767.0000
223	-179.7250	768.0000
224	-182.4875	767.0000
225	-185.2500	767.0000
226	-188.6625	767.0000
227	-191.7500	768.0000
228	-194.5125	767.0000
229	-197.1125	768.0000
230	-199.8750	767.0000
231	-202.6375	769.0000
232	-205.5625	767.0000
233	-208.3250	767.0000
234	-211.4125	767.0000
235	-214.3375	767.0000
236	-217.2625	767.0000
237	-219.8625	768.0000
238	-222.7875	767.0000
239	-225.5500	768.0000
240	-228.3125	767.0000
241	-231.4000	768.0000
242	-234.0000	767.0000
243	-237.4125	768.0000
244	-240.0125	767.0000
245	-242.7750	768.0000
246	-245.3750	768.0000
247	-248.1375	767.0000
248	-251.0625	768.0000
249	-254.1500	767.0000
250	-256.7500	768.0000
251	-259.3500	767.0000
252	-262.4375	768.0000
253	-264.8750	767.0000
254	-267.9625	768.0000
255	-270.8875	767.0000
256	-274.1375	768.0000
257	-276.4125	768.0000
258	-278.5250	771.0000
259	-278.6875	768.0000
260	-278.5250	768.0000
261	-278.0375	768.0000
262	-276.9000	768.0000
263	-275.4375	767.0000
264	-273.9750	768.0000
265	-272.3500	768.0000
266	-270.4000	768.0000
267	-268.6125	767.0000
268	-266.9875	768.0000
269	-265.3625	768.0000
270	-263.2500	768.0000
271	-261.4625	768.0000
272	-259.6750	768.0000
273	-257.8875	768.0000
274	-256.1000	768.0000
275	-253.3375	768.0000
276	-251.7125	767.0000
277	-249.2750	768.0000
278	-247.4875	767.0000
279	-245.3750	768.0000
280	-243.2625	768.0000
281	-241.6375	768.0000
282	-239.0375	767.0000
283	-237.0875	768.0000
284	-234.6500	767.0000
285	-232.2125	768.0000
286	-229.9375	767.0000
287	-227.8250	768.0000
288	-225.3875	767.0000
289	-223.2750	768.0000
290	-220.8375	767.0000
291	-218.8875	768.0000
292	-216.1250	767.0000
293	-214.0125	768.0000
294	-211.7375	767.0000
295	-209.3000	767.0000
296	-207.0250	768.0000
297	-204.2625	767.0000
298	-202.6375	767.0000
299	-200.2000	767.0000
300	-197.7625	767.0000
301	-195.1625	767.0000
302	-193.0500	767.0000
303	-190.4500	767.0000
304	-187.5250	767.0000
305	-185.2500	766.0000
306	-182.8125	767.0000
307	-180.2125	766.0000
308	-177.6125	767.0000
309	-175.6625	767.0000
310	-173.0625	767.0000
311	-170.4625	767.0000
312	-167.7000	768.0000
313	-165.2625	767.0000
314	-162.8250	767.0000
315	-160.3875	767.0000
316	-157.9500	767.0000
317	-155.3500	767.0000
318	-153.2375	767.0000
319	-150.4750	767.0000
320	-147.8750	767.0000
321	-145.1125	767.0000
322	-142.5125	767.0000
323	-140.0750	767.0000
324	-137.4750	767.0000
325	-134.8750	767.0000
326	-132.1125	767.0000
327	-129.5125	767.0000
328	-126.9125	765.0000
329	-124.3125	767.0000
330	-122.0375	767.0000
331	-118.9500	767.0000
332	-116.8375	767.0000
333	-113.9125	767.0000
334	-111.4750	767.0000
335	-108.8750	767.0000
336	-106.7625	767.0000
337	-103.8375	767.0000
338	-101.4000	767.0000
339	-98.3125	767.0000
340	-95.8750	768.0000
341	-93.2750	767.0000
342	-90.8375	767.0000
343	-88.0750	767.0000
344	-85.4750	767.0000
345	-95.7125	767.0000
346	-80.9250	767.0000
347	-77.8375	767.0000
348	-75.2375	767.0000
349	-72.4750	767.0000
350	-69.7125	767.0000
351	-67.4375	767.0000
352	-64.8375	767.0000
353	-62.0750	767.0000
354	-59.6375	767.0000
355	-57.5250	767.0000
356	-54.9250	767.0000
357	-52.6500	767.0000
358	-49.7250	767.0000
359	-47.6125	768.0000
360	-45.0125	767.0000
361	-43.8750	768.0000
362	-42.9000	767.0000
363	-39.1625	767.0000
364	-36.8875	767.0000
365	-35.4250	767.0000
366	-33.8000	767.0000
367	-32.3375	767.0000
368	-31.3625	767.0000
369	-30.2250	767.0000
370	-31.2000	767.0000
371	-29.4125	767.0000
372	-29.0875	767.0000
373	-29.5750	767.0000
374	-29.5750	767.0000
375	-29.2500	767.0000
376	-28.7625	767.0000
377	-28.7625	767.0000
378	-29.0875	767.0000
379	-28.6000	767.0000
380	-56.5500	767.0000
381	-49.5625	767.0000
382	-59.1500	768.0000
383	-40.3000	767.0000
384	-57.8500	767.0000
385	-29.0875	767.0000
386	-29.9000	767.0000
387	-27.9500	767.0000
388	-27.7875	767.0000
389	-27.4625	767.0000
390	-27.3000	767.0000
391	-26.9750	767.0000
392	-27.6250	767.0000
393	-27.6250	767.0000
394	-27.3000	767.0000
395	-26.9750	767.0000
396	-26.9750	767.0000
397	-26.4875	767.0000
398	-26.8125	767.0000
399	-26.8125	768.0000
400	-26.9750	766.0000
401	-27.1375	768.0000
402	-26.9750	767.0000
403	-26.6500	768.0000
404	-26.3250	767.0000
405	-26.0000	767.0000
406	-26.1625	767.0000
407	-26.0000	767.0000
408	-25.8375	767.0000
409	-26.0000	767.0000
410	-26.1625	767.0000
411	-26.1625	768.0000
412	-26.0000	767.0000
413	-25.8375	767.0000
414	-25.6750	768.0000
415	-25.6750	767.0000
416	-25.3500	767.0000
417	-25.5125	767.0000
418	-25.8375	767.0000
419	-48.4250	767.0000
420	-25.3500	767.0000
421	-25.3500	767.0000
422	-25.3500	768.0000
423	-25.3500	767.0000
424	-24.8625	768.0000
425	-24.7000	767.0000
426	-25.1875	767.0000
427	-24.8625	767.0000
428	-24.8625	767.0000
429	-25.0250	767.0000
430	-24.7000	768.0000
431	-24.7000	767.0000
432	-24.3750	767.0000
433	-24.7000	768.0000
434	-24.5375	767.0000
435	-24.3750	764.0000
436	-24.3750	767.0000
437	-25.0250	767.0000
438	-25.0250	767.0000
439	-24.7000	767.0000
440	-24.8625	767.0000
441	-24.3750	768.0000
442	-24.2125	767.0000
443	-24.2125	768.0000
444	-24.0500	767.0000
445	-24.0500	767.0000
446	-24.0500	767.0000
447	-24.0500	767.0000
448	-23.7250	767.0000
449	-23.8875	767.0000
450	-24.0500	767.0000
451	-24.0500	767.0000
452	-23.7250	767.0000
453	-23.8875	768.0000
454	-24.0500	768.0000
455	-23.5625	767.0000
456	-37.7000	767.0000
457	-23.8875	767.0000
458	-23.7250	767.0000
459	-23.8875	767.0000
460	-23.7250	767.0000
461	-23.8875	767.0000
462	-23.4000	768.0000
463	-23.7250	767.0000
464	-23.4000	768.0000
465	-24.2125	767.0000
466	-23.4000	768.0000
467	-23.4000	767.0000
468	-23.5625	768.0000
469	-23.4000	767.0000
470	-23.4000	767.0000
471	-23.4000	767.0000
472	-23.2375	767.0000
473	-23.5625	767.0000
474	-28.4375	767.0000
475	-23.2375	768.0000
476	-23.2375	767.0000
477	-23.0750	768.0000
478	-23.2375	766.0000
479	-23.2375	768.0000
480	-23.0750	767.0000
481	-22.9125	771.0000
482	-23.2375	767.0000
483	-22.9125	768.0000
484	-23.0750	767.0000
485	-22.9125	768.0000
486	-22.9125	767.0000
487	-23.0750	767.0000
488	-22.7500	767.0000
489	-22.9125	767.0000
490	-22.7500	767.0000
491	-22.7500	767.0000
492	-22.9125	767.0000
493	-24.8625	767.0000
494	-22.7500	767.0000
495	-22.7500	767.0000
496	-22.7500	768.0000
497	-22.9125	767.0000
498	-22.7500	768.0000
499	-22.7500	767.0000
500	-22.5875	769.0000
501	-22.7500	767.0000
502	-22.7500	768.0000
503	-22.7500	767.0000
504	-22.4250	768.0000
505	-22.9125	767.0000
506	-22.5875	768.0000
507	-22.7500	767.0000
508	-22.5875	768.0000
509	-22.7500	767.0000
510	-22.7500	767.0000
511	-22.7500	768.0000
512	-22.5875	767.0000
513	-22.2625	767.0000
514	-22.5875	764.0000
515	-22.7500	768.0000
516	-22.7500	767.0000
517	-22.7500	768.0000
518	-22.5875	767.0000
519	-22.4250	767.0000
520	-22.4250	767.0000
521	-22.9125	768.0000
522	-22.5875	767.0000
523	-22.7500	768.0000
524	-22.7500	767.0000
525	-22.4250	767.0000
526	-22.4250	767.0000
527	-22.2625	767.0000
528	-23.0750	767.0000
529	-22.4250	768.0000
530	-22.7500	767.0000
531	-22.9125	767.0000
532	-22.9125	767.0000
533	-22.4250	767.0000
534	-22.4250	768.0000
535	-22.4250	768.0000
536	-22.4250	768.0000
537	-22.2625	767.0000
538	-22.1000	768.0000
539	-22.2625	767.0000
540	-22.5875	767.0000
541	-22.1000	767.0000
542	-22.1000	765.0000
543	-22.1000	767.0000
544	-22.2625	768.0000
545	-22.1000	767.0000
546	-22.1000	768.0000
547	-22.1000	767.0000
548	-21.9375	768.0000
549	-22.1000	767.0000
550	-22.4250	768.0000
551	-21.9375	770.0000
552	-21.9375	767.0000
553	-21.9375	767.0000
554	-21.9375	767.0000
555	-21.9375	767.0000
556	-21.9375	767.0000
557	-22.1000	768.0000
558	-21.9375	767.0000
559	-21.9375	768.0000
560	-21.9375	767.0000
561	-21.9375	768.0000
562	-21.6125	767.0000
563	-21.7750	768.0000
564	-21.6125	767.0000
565	-21.6125	768.0000
566	-21.6125	767.0000
567	-21.4500	768.0000
568	-21.9375	767.0000
569	-22.2625	768.0000
570	-21.4500	767.0000
571	-21.6125	768.0000
572	-21.6125	767.0000
573	-21.2875	767.0000
574	-21.2875	768.0000
575	-21.4500	767.0000
576	-21.2875	768.0000
577	-20.9625	767.0000
578	-20.9625	768.0000
579	-21.1250	767.0000
580	-21.1250	768.0000
581	-21.1250	767.0000
582	-20.9625	768.0000
583	-20.9625	767.0000
584	-20.9625	768.0000
585	-24.7000	768.0000
586	-20.8000	768.0000
587	-20.8000	767.0000
588	-20.4750	768.0000
589	-20.8000	767.0000
590	-20.4750	768.0000
591	-20.6375	767.0000
592	-20.4750	767.0000
593	-20.4750	768.0000
594	-20.8000	767.0000
595	-24.8625	768.0000
596	-20.4750	767.0000
597	-19.9875	768.0000
598	-20.4750	767.0000
599	-20.1500	768.0000
600	-20.1500	767.0000
601	-20.1500	768.0000
602	-19.9875	767.0000
603	-19.9875	768.0000
604	-19.9875	767.0000
605	-20.4750	768.0000
606	-20.6375	769.0000
607	-19.9875	768.0000
608	-19.8250	771.0000
609	-19.8250	768.0000
610	-19.8250	768.0000
611	-19.6625	767.0000
612	-19.9875	768.0000
613	-19.6625	768.0000
614	-19.3375	768.0000
615	-19.3375	767.0000
616	-19.3375	768.0000
617	-19.1750	767.0000
618	-19.3375	768.0000
619	-19.1750	767.0000
620	-19.0125	768.0000
621	-19.0125	767.0000
622	-18.8500	768.0000
623	-19.1750	767.0000
624	-18.6875	768.0000
625	-18.6875	767.0000
626	-18.8500	768.0000
627	-18.6875	767.0000
628	-18.5250	768.0000
629	-18.3625	767.0000
630	-18.8500	768.0000
631	-18.5250	768.0000
632	-28.1125	768.0000
633	-18.3625	768.0000
634	-18.5250	767.0000
635	-18.2000	768.0000
636	-18.2000	767.0000
637	-17.8750	768.0000
638	-17.5500	767.0000
639	-17.7125	768.0000
640	-17.5500	768.0000
641	-17.7125	768.0000
642	-18.0375	767.0000
643	-17.7125	768.0000
644	-17.2250	767.0000
645	-17.2250	768.0000
646	-17.0625	767.0000
647	-16.9000	768.0000
648	-16.7375	767.0000
649	-16.7375	768.0000
650	-16.5750	767.0000
651	-16.4125	768.0000
652	-16.2500	767.0000
653	-15.9250	768.0000
654	-15.9250	767.0000
655	-15.9250	768.0000
656	-15.7625	768.0000
657	-15.2750	767.0000
658	-15.2750	768.0000
659	-14.7875	767.0000
660	-14.1375	768.0000
661	-13.3250	767.0000
662	-12.3500	768.0000
663	-11.2125	767.0000
664	-10.2375	768.0000
665	-8.9375	767.0000
666	-7.3125	768.0000
667	-5.8500	767.0000
668	-4.2250	768.0000
669	-16.9000	769.0000
670	-0.8125	768.0000
671	1.1375	767.0000
672	2.9250	767.0000
673	5.5250	767.0000
674	7.3125	768.0000
675	9.9125	768.0000
676	12.0250	768.0000
677	14.4625	768.0000
678	16.9000	768.0000
679	18.8500	768.0000
680	21.6125	767.0000
681	24.3750	768.0000
682	26.9750	767.0000
683	29.7375	768.0000
684	32.3375	767.0000
685	35.1000	768.0000
686	37.8625	767.0000
687	40.4625	768.0000
688	43.2250	767.0000
689	46.1500	768.0000
690	48.9125	767.0000
691	48.2625	768.0000
692	54.6000	768.0000
693	56.7125	768.0000
694	60.2875	767.0000
695	63.0500	768.0000
696	65.8125	768.0000
697	68.7375	768.0000
698	68.2500	768.0000
699	74.2625	768.0000
700	76.8625	768.0000
701	80.2750	768.0000
702	83.2000	768.0000
703	85.9625	767.0000
704	88.7250	768.0000
705	91.8125	768.0000
706	78.9750	768.0000
707	97.8250	768.0000
708	100.5875	768.0000
709	103.6750	767.0000
710	106.6000	768.0000
711	109.3625	768.0000
712	112.2875	768.0000
713	115.3750	768.0000
714	118.1375	768.0000
715	121.0625	768.0000
716	123.3375	768.0000
717	126.2625	768.0000
718	129.6750	768.0000
719	133.0875	768.0000
720	135.8500	768.0000
721	138.9375	769.0000
722	141.7000	768.0000
723	144.4625	769.0000
724	147.8750	768.0000
725	150.9625	769.0000
726	153.4000	768.0000
727	156.8125	769.0000
728	160.0625	768.0000
729	163.1500	771.0000
730	165.9125	768.0000
731	168.8375	769.0000
732	172.0875	769.0000
733	174.8500	769.0000
734	178.1000	768.0000
735	180.8625	769.0000
736	177.4500	768.0000
737	187.2000	768.0000
738	189.8000	769.0000
739	193.0500	768.0000
740	195.8125	769.0000
741	199.0625	769.0000
742	201.8250	769.0000
743	201.1750	768.0000
744	208.0000	769.0000
745	210.9250	769.0000
746	214.0125	769.0000
747	217.1000	769.0000
748	219.8625	769.0000
749	222.9500	769.0000
750	225.5500	770.0000
751	228.9625	769.0000
752	231.8875	769.0000
753	234.3250	769.0000
754	237.2500	769.0000
755	240.3375	769.0000
756	243.9125	769.0000
757	241.3125	769.0000
758	249.4375	769.0000
759	252.8500	770.0000
760	255.6125	769.0000
761	258.8625	770.0000
762	261.4625	769.0000
763	264.8750	770.0000
764	267.6375	769.0000
765	270.8875	770.0000
766	273.4875	769.0000
767	276.7375	771.0000
768	280.1500	769.0000
769	282.9125	771.0000
770	284.5375	770.0000
771	284.2125	770.0000
772	284.2125	770.0000
773	283.0750	770.0000
774	282.7500	770.0000
775	281.1250	770.0000
776	279.6625	770.0000
777	278.2000	770.0000
778	276.2500	771.0000
779	274.7875	769.0000
780	273.0000	770.0000
781	271.2125	769.0000
782	268.6125	770.0000
783	266.9875	770.0000
784	265.2000	770.0000
785	262.9250	769.0000
786	260.9750	770.0000
787	258.8625	769.0000
788	256.5875	770.0000
789	254.6375	769.0000
790	252.0375	770.0000
791	249.9250	769.0000
792	247.6500	770.0000
793	245.5375	770.0000
794	243.5875	769.0000
795	241.4750	769.0000
796	239.2000	769.0000
797	236.6000	770.0000
798	234.6500	769.0000
799	231.8875	769.0000
800	229.7750	769.0000
801	226.8500	769.0000
802	224.9000	769.0000
803	222.6250	769.0000
804	220.3500	769.0000
805	217.4250	769.0000
806	215.4750	769.0000
807	212.7125	769.0000
808	209.9500	769.0000
809	207.5125	769.0000
810	205.2375	767.0000
811	202.9625	769.0000
812	200.3625	769.0000
813	197.6000	769.0000
814	195.1625	769.0000
815	192.8875	769.0000
816	190.1250	769.0000
817	187.6875	768.0000
818	185.0875	769.0000
819	182.6500	768.0000
820	180.0500	769.0000
821	177.6125	768.0000
822	174.6875	769.0000
823	172.0875	772.0000
824	169.6500	769.0000
825	167.0500	768.0000
826	164.4500	769.0000
827	161.6875	768.0000
828	158.9250	769.0000
829	156.4875	768.0000
830	153.8875	769.0000
831	150.9625	768.0000
832	148.8500	769.0000
833	145.9250	768.0000
834	143.3250	768.0000
835	140.7250	768.0000
836	137.9625	769.0000
837	135.3625	769.0000
838	132.6000	768.0000
839	130.1625	767.0000
840	127.4000	768.0000
841	124.8000	769.0000
842	122.0375	769.0000
843	119.4375	769.0000
844	116.6750	768.0000
845	113.4250	768.0000
846	110.6625	768.0000
847	107.9000	768.0000
848	105.7875	768.0000
849	103.1875	768.0000
850	100.2625	768.0000
851	97.8250	768.0000
852	94.7375	768.0000
853	92.3000	769.0000
854	89.2125	768.0000
855	86.7750	768.0000
856	84.1750	768.0000
857	81.4125	768.0000
858	78.8125	768.0000
859	75.7250	768.0000
860	73.4500	768.0000
861	70.5250	768.0000
862	68.0875	768.0000
863	65.3250	768.0000
864	62.5625	768.0000
865	60.1250	768.0000
866	57.3625	769.0000
867	54.7625	768.0000
868	52.0000	768.0000
869	49.7250	768.0000
870	46.9625	768.0000
871	44.5250	768.0000
872	42.2500	767.0000
873	40.3000	768.0000
874	38.0250	767.0000
875	35.9125	768.0000
876	33.9625	767.0000
877	32.5000	768.0000
878	31.2000	767.0000
879	29.2500	768.0000
880	28.6000	767.0000
881	27.6250	768.0000
882	23.8875	768.0000
883	26.8125	768.0000
884	26.4875	768.0000
885	26.8125	768.0000
886	26.6500	768.0000
887	26.4875	769.0000
888	26.4875	769.0000
889	26.1625	768.0000
890	26.0000	768.0000
891	25.6750	767.0000
892	25.6750	768.0000
893	25.8375	769.0000
894	25.6750	768.0000
895	25.5125	768.0000
896	25.3500	768.0000
897	25.3500	767.0000
898	25.5125	768.0000
899	25.1875	768.0000
900	25.1875	769.0000
901	25.3500	767.0000
902	24.8625	768.0000
903	25.0250	768.0000
904	24.7000	768.0000
905	24.8625	768.0000
906	24.3750	768.0000
907	24.8625	768.0000
908	24.3750	768.0000
909	24.2125	768.0000
910	24.0500	768.0000
911	24.2125	768.0000
912	24.0500	768.0000
913	24.0500	768.0000
914	24.0500	768.0000
915	24.0500	768.0000
916	23.7250	768.0000
917	24.0500	768.0000
918	23.5625	767.0000
919	11.5375	768.0000
920	23.4000	768.0000
921	23.0750	768.0000
922	23.2375	768.0000
923	23.4000	768.0000
924	23.2375	768.0000
925	23.4000	768.0000
926	23.2375	768.0000
927	23.2375	768.0000
928	23.0750	768.0000
929	23.2375	768.0000
930	22.7500	768.0000
931	23.0750	768.0000
932	22.7500	769.0000
933	22.7500	768.0000
934	22.7500	769.0000
935	22.5875	768.0000
936	22.7500	769.0000
937	22.7500	768.0000
938	22.5875	769.0000
939	22.7500	768.0000
940	22.5875	769.0000
941	22.2625	768.0000
942	22.2625	768.0000
943	22.2625	768.0000
944	22.2625	768.0000
945	21.9375	768.0000
946	22.2625	768.0000
947	21.4500	769.0000
948	21.4500	768.0000
949	20.9625	769.0000
950	21.6125	768.0000
951	21.7750	769.0000
952	21.6125	768.0000
953	21.7750	768.0000
954	21.6125	768.0000
955	21.6125	769.0000
956	7.9625	768.0000
957	21.4500	768.0000
958	21.4500	768.0000
959	21.4500	769.0000
960	21.4500	768.0000
961	21.1250	768.0000
962	21.4500	768.0000
963	21.4500	768.0000
964	21.2875	769.0000
965	21.4500	768.0000
966	21.4500	768.0000
967	21.4500	768.0000
968	21.2875	769.0000
969	21.4500	768.0000
970	21.1250	768.0000
971	21.2875	768.0000
972	21.1250	769.0000
973	21.1250	768.0000
974	21.1250	769.0000
975	21.1250	768.0000
976	21.1250	769.0000
977	21.1250	768.0000
978	21.1250	769.0000
979	20.9625	768.0000
980	20.6375	768.0000
981	20.8000	768.0000
982	20.8000	768.0000
983	20.6375	769.0000
984	20.6375	768.0000
985	21.1250	769.0000
986	20.6375	768.0000
987	20.6375	768.0000
988	20.3125	768.0000
989	20.4750	769.0000
990	20.8000	771.0000
991	20.4750	769.0000
992	20.4750	768.0000
993	14.9500	767.0000
994	20.1500	768.0000
995	20.3125	768.0000
996	20.3125	768.0000
997	20.4750	768.0000
998	20.3125	768.0000
999	20.4750	768.0000
1000	20.4750	768.0000
1001	20.4750	768.0000
1002	20.6375	768.0000
1003	20.3125	768.0000
1004	20.4750	768.0000
1005	20.3125	768.0000
1006	20.1500	768.0000
1007	20.4750	768.0000
1008	19.9875	769.0000
1009	20.3125	768.0000
1010	20.3125	769.0000
1011	20.3125	768.0000
1012	19.8250	769.0000
1013	20.1500	768.0000
1014	19.8250	769.0000
1015	20.3125	769.0000
1016	20.1500	769.0000
1017	20.3125	768.0000
1018	19.9875	769.0000
1019	19.9875	768.0000
1020	19.8250	769.0000
1021	20.1500	769.0000
1022	20.1500	769.0000
1023	19.9875	769.0000

0	19.8250	768.0000
1	19.8250	768.0000
2	19.8250	768.0000
3	19.6625	768.0000
4	19.6625	769.0000
5	20.1500	769.0000
6	19.9875	768.0000
7	20.1500	769.0000
8	20.4750	769.0000
9	19.9875	769.0000
10	20.4750	768.0000
11	20.4750	769.0000
12	20.1500	768.0000
13	20.3125	768.0000
14	20.3125	768.0000
15	20.1500	769.0000
16	20.3125	768.0000
17	20.6375	769.0000
18	20.1500	768.0000
19	19.9875	769.0000
20	20.1500	769.0000
21	19.8250	769.0000
22	19.9875	769.0000
23	19.9875	769.0000
24	20.3125	769.0000
25	20.3125	768.0000
26	20.1500	769.0000
27	20.4750	768.0000
28	19.9875	769.0000
29	19.9875	769.0000
30	19.9875	770.0000
31	19.8250	769.0000
32	19.8250	769.0000
33	19.8250	769.0000
34	19.9875	769.0000
35	19.6625	769.0000
36	19.6625	769.0000
37	19.6625	769.0000
38	19.5000	769.0000
39	19.6625	769.0000
40	19.6625	769.0000
41	19.6625	769.0000
42	18.6875	769.0000
43	19.3375	769.0000
44	19.1750	769.0000
45	19.5000	768.0000
46	19.3375	768.0000
47	19.5000	769.0000
48	19.5000	769.0000
49	19.1750	769.0000
50	19.3375	769.0000
51	19.1750	769.0000
52	19.0125	768.0000
53	19.1750	769.0000
54	19.1750	769.0000
55	19.3375	769.0000
56	19.1750	769.0000
57	18.8500	769.0000
58	19.0125	769.0000
59	18.8500	769.0000
60	19.0125	767.0000
61	18.6875	769.0000
62	18.8500	769.0000
63	15.2750	769.0000
64	19.0125	769.0000
65	18.8500	768.0000
66	18.6875	770.0000
67	18.8500	769.0000
68	18.6875	769.0000
69	18.6875	769.0000
70	18.5250	770.0000
71	18.5250	769.0000
72	18.6875	770.0000
73	18.6875	769.0000
74	18.3625	770.0000
75	18.3625	769.0000
76	18.5250	769.0000
77	18.0375	769.0000
78	18.2000	769.0000
79	17.3875	769.0000
80	17.5500	769.0000
81	17.8750	769.0000
82	18.2000	769.0000
83	18.2000	770.0000
84	18.0375	768.0000
85	17.8750	770.0000
86	17.8750	769.0000
87	17.7125	769.0000
88	17.8750	769.0000
89	17.5500	770.0000
90	17.5500	769.0000
91	17.7125	770.0000
92	17.3875	769.0000
93	17.7125	770.0000
94	17.3875	769.0000
95	17.3875	770.0000
96	17.3875	771.0000
97	17.2250	770.0000
98	17.0625	769.0000
99	17.2250	770.0000
100	17.2250	771.0000
101	17.0625	770.0000
102	17.2250	770.0000
103	17.0625	770.0000
104	12.8375	770.0000
105	16.7375	767.0000
106	16.9000	770.0000
107	-12.6750	770.0000
108	16.0875	770.0000
109	16.0875	770.0000
110	16.0875	770.0000
111	16.4125	770.0000
112	16.4125	771.0000
113	16.2500	770.0000
114	16.2500	770.0000
115	16.2500	770.0000
116	13.0000	771.0000
117	16.0875	770.0000
118	15.9250	771.0000
119	15.9250	771.0000
120	15.7625	771.0000
121	15.7625	771.0000
122	15.7625	771.0000
123	15.4375	771.0000
124	15.4375	771.0000
125	15.1125	771.0000
126	15.2750	771.0000
127	15.2750	771.0000
128	14.6250	770.0000
129	14.9500	772.0000
130	15.1125	771.0000
131	14.7875	772.0000
132	14.7875	771.0000
133	14.7875	772.0000
134	13.9750	771.0000
135	13.6500	772.0000
136	13.9750	771.0000
137	13.9750	772.0000
138	13.9750	772.0000
139	14.1375	772.0000
140	13.4875	772.0000
141	13.4875	773.0000
142	13.4875	772.0000
143	13.1625	772.0000
144	13.0000	773.0000
145	13.0000	772.0000
146	12.5125	773.0000
147	12.0250	772.0000
148	11.2125	773.0000
149	10.2375	773.0000
150	9.1000	773.0000
151	7.9625	772.0000
152	6.9875	773.0000
153	-3.5750	772.0000
154	4.0625	773.0000
155	2.4375	772.0000
156	0.6500	774.0000
157	-0.6500	773.0000
158	-2.6000	774.0000
159	-4.5500	773.0000
160	-6.5000	774.0000
161	-8.7750	773.0000
162	-10.7250	774.0000
163	-13.1625	774.0000
164	-15.4375	773.0000
165	-18.0375	774.0000
166	-20.3125	774.0000
167	-23.0750	774.0000
168	-25.5125	774.0000
169	-28.1125	774.0000
170	-30.7125	774.0000
171	-33.6375	775.0000
172	-36.8875	774.0000
173	-39.3250	775.0000
174	-41.4375	774.0000
175	-44.5250	775.0000
176	-46.8000	775.0000
177	-49.4000	775.0000
178	-52.1625	775.0000
179	-55.0875	775.0000
180	-58.1750	775.0000
181	-60.6125	775.0000
182	-63.3750	775.0000
183	-66.1375	775.0000
184	-68.7375	775.0000
185	-71.6625	775.0000
186	-74.5875	775.0000
187	-77.1875	776.0000
188	-79.9500	775.0000
189	-82.8750	775.0000
190	-99.6125	776.0000
191	-88.7250	775.0000
192	-91.3250	776.0000
193	-94.0875	775.0000
194	-96.8500	776.0000
195	-99.6125	775.0000
196	-102.5375	776.0000
197	-105.3000	775.0000
198	-108.2250	776.0000
199	-111.1500	776.0000
200	-113.9125	776.0000
201	-117.0000	776.0000
202	-119.9250	776.0000
203	-122.5250	776.0000
204	-125.4500	776.0000
205	-128.0500	777.0000
206	-130.9750	776.0000
207	-133.9000	777.0000
208	-136.8250	776.0000
209	-140.0750	777.0000
210	-143.0000	777.0000
211	-145.7625	777.0000
212	-148.3625	777.0000
213	-150.9625	777.0000
214	-154.0500	776.0000
215	-156.6500	777.0000
216	-159.7375	777.0000
217	-162.9875	777.0000
218	-165.5875	777.0000
219	-168.3500	777.0000
220	-171.2750	778.0000
221	-174.5250	778.0000
222	-176.9625	777.0000
223	-179.8875	777.0000
224	-182.6500	778.0000
225	-185.9000	774.0000
226	-188.5000	778.0000
227	-196.9500	778.0000
228	-194.1875	778.0000
229	-196.9500	778.0000
230	-199.7125	779.0000
231	-202.6375	778.0000
232	-205.7250	779.0000
233	-208.4875	778.0000
234	-211.0875	779.0000
235	-214.5000	778.0000
236	-216.9375	780.0000
237	-220.3500	779.0000
238	-222.9500	779.0000
239	-225.8750	779.0000
240	-228.4750	779.0000
241	-231.5625	780.0000
242	-234.1625	779.0000
243	-236.9250	780.0000
244	-240.0125	779.0000
245	-242.7750	780.0000
246	-246.1875	779.0000
247	-248.6250	780.0000
248	-251.5500	779.0000
249	-253.9875	780.0000
250	-256.7500	780.0000
251	-259.8375	781.0000
252	-262.4375	780.0000
253	-265.2000	780.0000
254	-268.2875	780.0000
255	-271.0500	780.0000
256	-274.3000	780.0000
257	-276.5750	781.0000
258	-278.6875	780.0000
259	-278.8500	781.0000
260	-278.5250	781.0000
261	-277.2250	781.0000
262	-276.4125	781.0000
263	-275.2750	781.0000
264	-273.6500	781.0000
265	-272.0250	780.0000
266	-270.4000	782.0000
267	-268.9375	781.0000
268	-267.1500	781.0000
269	-265.3625	781.0000
270	-263.4125	782.0000
271	-261.3000	781.0000
272	-259.5125	781.0000
273	-257.4000	781.0000
274	-256.2625	782.0000
275	-254.1500	781.0000
276	-252.0375	781.0000
277	-249.6000	781.0000
278	-247.3250	781.0000
279	-245.5375	781.0000
280	-243.2625	782.0000
281	-241.1500	783.0000
282	-238.7125	782.0000
283	-237.2500	782.0000
284	-235.6250	781.0000
285	-232.8625	782.0000
286	-230.1000	782.0000
287	-228.1500	782.0000
288	-225.7125	782.0000
289	-223.6000	782.0000
290	-221.1625	782.0000
291	-218.7250	782.0000
292	-216.6125	783.0000
293	-214.0125	783.0000
294	-211.7375	781.0000
295	-209.4625	783.0000
296	-207.0250	782.0000
297	-204.7500	782.0000
298	-202.4750	782.0000
299	-199.8750	783.0000
300	-197.4375	783.0000
301	-195.1625	783.0000
302	-192.5625	783.0000
303	-190.2875	783.0000
304	-188.0125	783.0000
305	-185.2500	782.0000
306	-182.9750	783.0000
307	-180.5375	783.0000
308	-177.9375	783.0000
309	-175.3375	783.0000
310	-172.7375	783.0000
311	-170.3000	783.0000
312	-167.8625	783.0000
313	-165.5875	783.0000
314	-162.9875	783.0000
315	-160.5500	783.0000
316	-157.6250	783.0000
317	-155.3500	782.0000
318	-152.7500	784.0000
319	-150.4750	783.0000
320	-148.2000	783.0000
321	-145.2750	783.0000
322	-143.0000	783.0000
323	-140.0750	783.0000
324	-137.4750	783.0000
325	-134.7125	783.0000
326	-132.1125	783.0000
327	-129.6750	784.0000
328	-127.0750	783.0000
329	-128.2125	785.0000
330	-121.8750	784.0000
331	-119.2750	784.0000
332	-116.6750	784.0000
333	-114.0750	784.0000
334	-111.4750	783.0000
335	-108.8750	784.0000
336	-106.1125	784.0000
337	-103.6750	784.0000
338	-101.0750	784.0000
339	-98.3125	784.0000
340	-95.7125	784.0000
341	-93.2750	784.0000
342	-90.6750	784.0000
343	-88.0750	784.0000
344	-85.4750	785.0000
345	-82.7125	784.0000
346	-80.4375	785.0000
347	-79.6250	784.0000
348	-75.0750	785.0000
349	-72.4750	785.0000
350	-70.0375	785.0000
351	-67.4375	785.0000
352	-64.6750	785.0000
353	-62.2375	784.0000
354	-59.6375	785.0000
355	-57.2000	784.0000
356	-54.7625	785.0000
357	-53.3000	784.0000
358	-50.2125	785.0000
359	-48.1000	785.0000
360	-45.5000	785.0000
361	-42.9000	785.0000
362	-40.7875	786.0000
363	-38.8375	786.0000
364	-37.2125	785.0000
365	-35.5875	785.0000
366	-37.7000	785.0000
367	-32.5000	786.0000
368	-31.5250	786.0000
369	-30.2250	786.0000
370	-29.5750	786.0000
371	-29.4125	786.0000
372	-29.4125	785.0000
373	-29.0875	786.0000
374	-29.0875	786.0000
375	-28.9250	786.0000
376	-28.7625	786.0000
377	-28.6000	787.0000
378	-28.2750	789.0000
379	-28.1125	787.0000
380	-28.2750	787.0000
381	-28.2750	787.0000
382	-27.7875	786.0000
383	-27.9500	787.0000
384	-27.7875	786.0000
385	-27.6250	787.0000
386	-27.6250	786.0000
387	-27.4625	786.0000
388	-27.3000	786.0000
389	-27.1375	787.0000
390	-27.1375	786.0000
391	-27.4625	787.0000
392	-26.9750	787.0000
393	-27.6250	787.0000
394	-27.4625	787.0000
395	-27.3000	787.0000
396	-27.3000	787.0000
397	-26.9750	787.0000
398	-27.7875	787.0000
399	-26.4875	787.0000
400	-26.8125	787.0000
401	-26.4875	787.0000
402	-26.3250	787.0000
403	-36.7250	787.0000
404	-26.1625	784.0000
405	-26.0000	787.0000
406	-26.0000	788.0000
407	-26.1625	787.0000
408	-26.0000	787.0000
409	-26.0000	787.0000
410	-25.8375	788.0000
411	-25.6750	787.0000
412	-25.8375	788.0000
413	-26.1625	787.0000
414	-26.0000	788.0000
415	-25.6750	787.0000
416	-25.6750	789.0000
417	-25.5125	788.0000
418	-25.3500	788.0000
419	-25.5125	788.0000
420	-25.5125	788.0000
421	-25.1875	788.0000
422	-25.5125	789.0000
423	-25.1875	788.0000
424	-25.1875	788.0000
425	-25.3500	788.0000
426	-25.5125	788.0000
427	-25.0250	789.0000
428	-25.0250	789.0000
429	-25.0250	788.0000
430	-25.1875	789.0000
431	-24.7000	789.0000
432	-24.8625	788.0000
433	-24.8625	789.0000
434	-24.8625	788.0000
435	-24.5375	789.0000
436	-24.7000	788.0000
437	-24.7000	789.0000
438	-24.5375	788.0000
439	-24.5375	789.0000
440	-41.6000	789.0000
441	-24.3750	790.0000
442	-24.3750	789.0000
443	-24.5375	790.0000
444	-28.6000	789.0000
445	-24.5375	789.0000
446	-24.0500	790.0000
447	-24.3750	790.0000
448	-24.3750	789.0000
449	-24.0500	790.0000
450	-24.8625	789.0000
451	-24.3750	789.0000
452	-24.2125	789.0000
453	-24.2125	790.0000
454	-23.8875	789.0000
455	-24.0500	790.0000
456	-23.8875	790.0000
457	-23.8875	790.0000
458	-23.8875	789.0000
459	-23.8875	790.0000
460	-23.8875	790.0000
461	-23.5625	790.0000
462	-23.5625	790.0000
463	-23.7250	790.0000
464	-23.8875	790.0000
465	-23.5625	789.0000
466	-23.2375	790.0000
467	-23.5625	790.0000
468	-23.4000	790.0000
469	-23.4000	790.0000
470	-23.2375	792.0000
471	-23.7250	790.0000
472	-23.2375	791.0000
473	-23.4000	790.0000
474	-23.7250	791.0000
475	-23.4000	790.0000
476	-23.4000	791.0000
477	-32.6625	790.0000
478	-23.4000	791.0000
479	-23.5625	790.0000
480	-23.2375	791.0000
481	-23.2375	790.0000
482	-23.7250	791.0000
483	-23.0750	791.0000
484	-22.9125	791.0000
485	-23.4000	791.0000
486	-23.2375	791.0000
487	-23.8875	790.0000
488	-23.4000	791.0000
489	-23.2375	793.0000
490	-23.2375	791.0000
491	-22.7500	791.0000
492	-23.0750	792.0000
493	-22.9125	791.0000
494	-22.7500	791.0000
495	-22.9125	791.0000
496	-23.0750	791.0000
497	-23.2375	792.0000
498	-23.0750	791.0000
499	-22.7500	792.0000
500	-22.9125	792.0000
501	-22.9125	792.0000
502	-23.2375	791.0000
503	-22.7500	792.0000
504	-22.7500	791.0000
505	-22.9125	792.0000
506	-22.7500	791.0000
507	-22.7500	792.0000
508	-22.5875	791.0000
509	-22.5875	792.0000
510	-22.7500	791.0000
511	-22.7500	792.0000
512	-22.5875	792.0000
513	-22.4250	792.0000
514	-22.5875	792.0000
515	-22.5875	792.0000
516	-22.5875	792.0000
517	-22.7500	792.0000
518	-22.5875	792.0000
519	-22.5875	792.0000
520	-22.5875	792.0000
521	-22.5875	792.0000
522	-22.5875	792.0000
523	-22.4250	792.0000
524	-23.4000	792.0000
525	-23.0750	792.0000
526	-22.7500	793.0000
527	-22.5875	792.0000
528	-23.5625	793.0000
529	-22.9125	792.0000
530	-22.5875	793.0000
531	-22.7500	792.0000
532	-22.1000	793.0000
533	-22.5875	792.0000
534	-22.4250	793.0000
535	-22.2625	792.0000
536	-26.4875	793.0000
537	-22.2625	792.0000
538	-22.2625	794.0000
539	-22.1000	792.0000
540	-22.4250	793.0000
541	-22.2625	793.0000
542	-22.2625	790.0000
543	-21.9375	793.0000
544	-22.4250	793.0000
545	-22.4250	793.0000
546	-22.1000	793.0000
547	-22.1000	793.0000
548	-22.1000	793.0000
549	-21.9375	793.0000
550	-22.1000	793.0000
551	-22.4250	793.0000
552	-51.0250	793.0000
553	-21.9375	793.0000
554	-22.2625	793.0000
555	-21.9375	794.0000
556	-22.1000	793.0000
557	-22.1000	794.0000
558	-22.1000	793.0000
559	-21.9375	794.0000
560	-21.7750	793.0000
561	-22.4250	794.0000
562	-22.2625	794.0000
563	-21.7750	794.0000
564	-21.9375	793.0000
565	-21.7750	794.0000
566	-21.7750	794.0000
567	-21.6125	794.0000
568	-21.6125	793.0000
569	-21.7750	794.0000
570	-21.6125	794.0000
571	-21.7750	794.0000
572	-21.7750	794.0000
573	-21.7750	794.0000
574	-21.1250	794.0000
575	-21.2875	794.0000
576	-21.4500	794.0000
577	-21.1250	794.0000
578	-21.4500	794.0000
579	-21.2875	794.0000
580	-21.2875	794.0000
581	-21.1250	794.0000
582	-21.1250	795.0000
583	-20.9625	794.0000
584	-20.9625	795.0000
585	-20.9625	794.0000
586	-20.9625	795.0000
587	-21.4500	794.0000
588	-21.2875	795.0000
589	-21.2875	794.0000
590	-21.4500	795.0000
591	-21.2875	794.0000
592	-21.1250	795.0000
593	-20.9625	794.0000
594	-20.6375	795.0000
595	-20.6375	795.0000
596	-20.8000	795.0000
597	-20.4750	795.0000
598	-21.1250	795.0000
599	-20.8000	795.0000
600	-20.8000	794.0000
601	-20.4750	796.0000
602	-20.3125	795.0000
603	-20.1500	796.0000
604	-20.3125	795.0000
605	-20.3125	796.0000
606	-20.3125	794.0000
607	-20.1500	795.0000
608	-19.9875	795.0000
609	-20.1500	795.0000
610	-19.9875	795.0000
611	-19.8250	795.0000
612	-19.6625	795.0000
613	-19.5000	796.0000
614	-19.5000	796.0000
615	-19.3375	796.0000
616	-20.9625	795.0000
617	-19.1750	795.0000
618	-19.0125	795.0000
619	-19.0125	795.0000
620	-19.0125	796.0000
621	-19.0125	795.0000
622	-19.0125	796.0000
623	-18.8500	795.0000
624	-18.6875	796.0000
625	-19.3375	795.0000
626	-18.8500	796.0000
627	-18.5250	795.0000
628	-18.6875	796.0000
629	-18.5250	795.0000
630	-18.6875	797.0000
631	-18.3625	795.0000
632	-18.3625	796.0000
633	-17.8750	795.0000
634	-18.3625	796.0000
635	-18.6875	796.0000
636	-18.2000	796.0000
637	-18.3625	796.0000
638	-17.8750	796.0000
639	-17.7125	796.0000
640	-17.8750	796.0000
641	-17.5500	796.0000
642	-46.4750	796.0000
643	-17.3875	794.0000
644	-17.0625	796.0000
645	-17.2250	797.0000
646	-17.0625	796.0000
647	-17.0625	796.0000
648	-16.5750	796.0000
649	-16.9000	797.0000
650	-16.7375	796.0000
651	-16.2500	796.0000
652	-17.3875	796.0000
653	-21.9375	797.0000
654	-16.2500	796.0000
655	-15.9250	797.0000
656	-15.7625	796.0000
657	-15.4375	796.0000
658	-16.9000	796.0000
659	-19.9875	797.0000
660	-13.9750	797.0000
661	-13.4875	796.0000
662	-12.3500	796.0000
663	-11.3750	796.0000
664	-9.9125	797.0000
665	-8.7750	796.0000
666	-7.4750	797.0000
667	-6.0125	796.0000
668	-4.5500	797.0000
669	-2.6000	796.0000
670	-0.8125	798.0000
671	0.9750	797.0000
672	2.4375	797.0000
673	4.7125	797.0000
674	6.9875	797.0000
675	9.5875	797.0000
676	12.0250	797.0000
677	13.9750	797.0000
678	16.4125	797.0000
679	19.3375	797.0000
680	22.1000	797.0000
681	24.3750	797.0000
682	27.1375	797.0000
683	30.0625	797.0000
684	32.3375	797.0000
685	35.1000	798.0000
686	37.8625	797.0000
687	40.6250	798.0000
688	39.1625	797.0000
689	45.6625	798.0000
690	31.0375	797.0000
691	52.0000	798.0000
692	54.6000	797.0000
693	57.5250	798.0000
694	60.1250	798.0000
695	63.0500	797.0000
696	65.8125	798.0000
697	68.7375	797.0000
698	66.6250	798.0000
699	74.4250	798.0000
700	77.0250	798.0000
701	80.1125	798.0000
702	83.2000	798.0000
703	85.9625	798.0000
704	88.7250	798.0000
705	91.9750	798.0000
706	94.5750	799.0000
707	97.8250	797.0000
708	100.7500	799.0000
709	102.8625	798.0000
710	106.1125	799.0000
711	109.0375	798.0000
712	112.2875	799.0000
713	115.2125	798.0000
714	117.9750	799.0000
715	121.2250	798.0000
716	124.1500	798.0000
717	127.0750	799.0000
718	130.1625	798.0000
719	133.0875	799.0000
720	135.8500	799.0000
721	139.1000	799.0000
722	141.7000	798.0000
723	145.1125	799.0000
724	147.8750	798.0000
725	150.8000	799.0000
726	153.7250	798.0000
727	142.8375	799.0000
728	159.9000	799.0000
729	162.8250	799.0000
730	165.7500	799.0000
731	168.8375	800.0000
732	171.1125	799.0000
733	174.8500	799.0000
734	177.7750	799.0000
735	180.7000	799.0000
736	183.7875	802.0000
737	186.7125	799.0000
738	189.8000	799.0000
739	192.4000	799.0000
740	195.9750	799.0000
741	198.9000	799.0000
742	202.1500	800.0000
743	204.9125	799.0000
744	207.5125	800.0000
745	211.0875	799.0000
746	213.2000	800.0000
747	216.2875	800.0000
748	219.5375	800.0000
749	222.6250	800.0000
750	226.0375	800.0000
751	228.6375	800.0000
752	231.7250	801.0000
753	234.8125	800.0000
754	237.9000	800.0000
755	240.6625	800.0000
756	243.9125	800.0000
757	246.6750	800.0000
758	249.7625	800.0000
759	252.5250	800.0000
760	255.7750	800.0000
761	258.7000	801.0000
762	261.9500	800.0000
763	264.3875	801.0000
764	267.9625	800.0000
765	270.5625	801.0000
766	273.4875	800.0000
767	276.5750	801.0000
768	279.9875	800.0000
769	282.7500	802.0000
770	284.7000	801.0000
771	285.1875	801.0000
772	284.7000	801.0000
773	284.2125	801.0000
774	282.5875	801.0000
775	281.4500	801.0000
776	279.9875	801.0000
777	278.0375	801.0000
778	276.4125	801.0000
779	274.7875	801.0000
780	272.8375	801.0000
781	270.8875	800.0000
782	268.9375	801.0000
783	267.3125	800.0000
784	265.2000	801.0000
785	263.0875	800.0000
786	260.8125	801.0000
787	258.7000	800.0000
788	256.9125	801.0000
789	254.6375	800.0000
790	252.3625	802.0000
791	247.6500	801.0000
792	248.1375	801.0000
793	245.5375	801.0000
794	243.4250	801.0000
795	241.3125	800.0000
796	238.8750	801.0000
797	236.6000	801.0000
798	234.3250	801.0000
799	231.7250	801.0000
800	229.7750	801.0000
801	227.3375	801.0000
802	224.2500	800.0000
803	221.9750	801.0000
804	220.1875	801.0000
805	217.5875	801.0000
806	214.8250	800.0000
807	212.8750	801.0000
808	210.4375	800.0000
809	207.8375	801.0000
810	205.2375	800.0000
811	202.8000	801.0000
812	192.2375	800.0000
813	197.7625	801.0000
814	195.4875	800.0000
815	192.8875	801.0000
816	190.1250	800.0000
817	187.6875	800.0000
818	184.9250	800.0000
819	182.6500	801.0000
820	180.2125	800.0000
821	177.2875	800.0000
822	174.8500	800.0000
823	172.4125	801.0000
824	169.6500	800.0000
825	167.0500	800.0000
826	164.4500	801.0000
827	161.6875	800.0000
828	159.2500	800.0000
829	156.3250	800.0000
830	154.0500	801.0000
831	151.4500	800.0000
832	148.6875	801.0000
833	145.9250	800.0000
834	143.3250	801.0000
835	140.8875	800.0000
836	138.1250	800.0000
837	135.3625	800.0000
838	132.9250	801.0000
839	129.5125	800.0000
840	127.0750	800.0000
841	124.4750	799.0000
842	122.2000	800.0000
843	119.2750	800.0000
844	116.5125	800.0000
845	113.7500	800.0000
846	111.1500	800.0000
847	108.2250	800.0000
848	105.7875	800.0000
849	103.1875	800.0000
850	100.2625	800.0000
851	97.6625	800.0000
852	93.4375	800.0000
853	91.9750	800.0000
854	89.5375	800.0000
855	86.6125	800.0000
856	84.0125	799.0000
857	81.2500	800.0000
858	78.8125	799.0000
859	75.7250	800.0000
860	72.9625	800.0000
861	70.6875	800.0000
862	67.7625	799.0000
863	65.1625	801.0000
864	62.5625	800.0000
865	59.9625	800.0000
866	44.2000	799.0000
867	54.9250	800.0000
868	52.1625	799.0000
869	49.7250	800.0000
870	47.1250	799.0000
871	44.6875	801.0000
872	42.2500	799.0000
873	40.3000	800.0000
874	38.0250	800.0000
875	36.2375	800.0000
876	33.6375	800.0000
877	32.3375	800.0000
878	31.3625	800.0000
879	29.9000	800.0000
880	27.1375	800.0000
881	27.9500	800.0000
882	27.1375	800.0000
883	27.1375	799.0000
884	26.6500	800.0000
885	26.6500	799.0000
886	26.6500	800.0000
887	26.4875	800.0000
888	26.3250	800.0000
889	26.0000	799.0000
890	25.8375	800.0000
891	26.0000	799.0000
892	25.8375	800.0000
893	25.3500	800.0000
894	25.6750	800.0000
895	25.1875	799.0000
896	25.1875	800.0000
897	25.0250	799.0000
898	25.3500	800.0000
899	25.0250	799.0000
900	24.8625	800.0000
901	24.8625	800.0000
902	24.7000	800.0000
903	15.4375	799.0000
904	24.0500	800.0000
905	23.7250	799.0000
906	24.2125	800.0000
907	24.3750	799.0000
908	24.0500	800.0000
909	24.0500	800.0000
910	24.0500	799.0000
911	24.0500	800.0000
912	24.0500	799.0000
913	23.2375	800.0000
914	23.4000	799.0000
915	23.4000	800.0000
916	23.5625	799.0000
917	23.5625	800.0000
918	23.7250	799.0000
919	23.5625	800.0000
920	23.5625	799.0000
921	23.5625	800.0000
922	23.4000	800.0000
923	23.2375	800.0000
924	23.5625	799.0000
925	23.2375	800.0000
926	23.0750	800.0000
927	23.2375	800.0000
928	23.0750	800.0000
929	23.0750	800.0000
930	22.9125	800.0000
931	23.0750	800.0000
932	22.9125	800.0000
933	22.7500	800.0000
934	22.7500	800.0000
935	22.4250	800.0000
936	22.4250	800.0000
937	22.5875	800.0000
938	22.5875	800.0000
939	22.5875	800.0000
940	2.9250	800.0000
941	22.4250	800.0000
942	22.4250	800.0000
943	22.2625	800.0000
944	22.2625	800.0000
945	22.2625	799.0000
946	22.1000	800.0000
947	21.9375	799.0000
948	22.1000	801.0000
949	21.9375	800.0000
950	21.2875	800.0000
951	21.4500	800.0000
952	21.4500	800.0000
953	21.7750	801.0000
954	21.6125	800.0000
955	21.6125	799.0000
956	21.6125	799.0000
957	21.7750	800.0000
958	21.9375	800.0000
959	21.6125	800.0000
960	21.4500	800.0000
961	21.7750	799.0000
962	21.4500	800.0000
963	21.4500	800.0000
964	21.2875	800.0000
965	21.2875	800.0000
966	21.2875	799.0000
967	21.1250	800.0000
968	21.1250	800.0000
969	21.1250	800.0000
970	21.2875	800.0000
971	21.1250	800.0000
972	21.2875	800.0000
973	21.1250	800.0000
974	21.2875	800.0000
975	20.6375	800.0000
976	20.9625	799.0000
977	9.1000	801.0000
978	20.9625	799.0000
979	21.1250	800.0000
980	20.9625	799.0000
981	20.6375	800.0000
982	20.8000	799.0000
983	17.5500	800.0000
984	20.8000	799.0000
985	20.8000	800.0000
986	20.9625	800.0000
987	19.9875	800.0000
988	20.1500	800.0000
989	20.1500	800.0000
990	20.6375	800.0000
991	20.6375	800.0000
992	20.3125	800.0000
993	20.4750	800.0000
994	20.6375	800.0000
995	20.1500	799.0000
996	20.6375	800.0000
997	20.4750	800.0000
998	20.4750	799.0000
999	20.3125	800.0000
1000	20.1500	800.0000
1001	20.1500	799.0000
1002	20.1500	800.0000
1003	20.6375	799.0000
1004	20.1500	800.0000
1005	20.1500	799.0000
1006	20.3125	800.0000
1007	20.4750	799.0000
1008	20.3125	801.0000
1009	20.3125	799.0000
1010	20.4750	800.0000
1011	20.4750	800.0000
1012	19.6625	800.0000
1013	20.1500	800.0000
1014	20.3125	800.0000
1015	20.3125	799.0000
1016	20.1500	800.0000
1017	20.1500	800.0000
1018	20.3125	799.0000
1019	20.1500	800.0000
1020	20.1500	799.0000
1021	20.1500	800.0000
1022	20.3125	799.0000
1023	20.1500	800.0000

