#	-28.11	4159.33
#	-19.66	4154.45
#	-21.12	4159.33
#	-20.80	4154.45
#	-20.96	4154.45
#	-20.15	4159.33
#	-20.80	4159.33
#	-20.64	4159.33
#	-20.80	4154.45
#	-20.80	4154.45
#	-21.12	4149.56
#	-20.48	4154.45
#	-20.48	4154.45
#	-20.31	4134.90
#	-21.12	4105.57
#	-20.80	4105.57
#	-21.29	4105.57
#	-22.10	4100.68
#	-21.29	4105.57
#	-21.94	4100.68
0	-20.4750	840.0000
1	-20.6375	839.0000
2	-20.6375	838.0000
3	-20.6375	840.0000
4	-20.6375	840.0000
5	-22.1000	839.0000
6	-22.1000	839.0000
7	-20.4750	839.0000
8	-20.4750	840.0000
9	-20.8000	840.0000
10	-29.2500	839.0000
11	-19.8250	840.0000
12	-20.8000	839.0000
13	-20.4750	840.0000
14	-19.8250	839.0000
15	-19.8250	840.0000
16	-19.9875	839.0000
17	-19.5000	840.0000
18	-19.6625	839.0000
19	-19.8250	840.0000
20	-19.6625	839.0000
21	-19.5000	840.0000
22	-19.3375	839.0000
23	-19.3375	840.0000
24	-19.8250	839.0000
25	-19.5000	840.0000
26	-19.5000	839.0000
27	-19.6625	839.0000
28	-22.1000	839.0000
29	-20.1500	839.0000
30	-19.8250	840.0000
31	-20.3125	839.0000
32	-19.8250	840.0000
33	-19.8250	839.0000
34	-19.9875	840.0000
35	-19.6625	839.0000
36	-19.5000	840.0000
37	-20.1500	839.0000
38	-20.3125	840.0000
39	-20.1500	839.0000
40	-20.3125	840.0000
41	-20.3125	839.0000
42	-19.6625	840.0000
43	-19.6625	839.0000
44	-19.6625	839.0000
45	-19.8250	839.0000
46	-19.6625	839.0000
47	-26.0000	839.0000
48	-20.3125	839.0000
49	-20.1500	839.0000
50	-19.8250	839.0000
51	-21.1250	840.0000
52	-19.9875	839.0000
53	-20.3125	840.0000
54	-19.6625	836.0000
55	-19.9875	840.0000
56	-21.7750	839.0000
57	-20.6375	840.0000
58	-20.3125	839.0000
59	-19.9875	840.0000
60	-19.8250	839.0000
61	-21.6125	840.0000
62	-19.8250	839.0000
63	-20.1500	839.0000
64	-20.1500	839.0000
65	-20.3125	839.0000
66	-21.1250	839.0000
67	-20.1500	839.0000
68	-19.9875	839.0000
69	-20.1500	839.0000
70	-20.1500	839.0000
71	-20.3125	839.0000
72	-20.1500	839.0000
73	-21.9375	839.0000
74	-20.3125	839.0000
75	-20.4750	839.0000
76	-20.6375	837.0000
77	-20.6375	843.0000
78	-20.3125	839.0000
79	-20.4750	839.0000
80	-20.3125	839.0000
81	-20.3125	839.0000
82	-20.3125	839.0000
83	-20.4750	839.0000
84	-25.0250	839.0000
85	-20.9625	839.0000
86	-21.1250	839.0000
87	-20.6375	839.0000
88	-20.6375	839.0000
89	-20.8000	839.0000
90	-20.8000	839.0000
91	-20.9625	839.0000
92	-20.3125	839.0000
93	-21.1250	839.0000
94	-20.9625	839.0000
95	-21.4500	839.0000
96	-20.6375	840.0000
97	-20.6375	839.0000
98	-20.9625	839.0000
99	-20.6375	839.0000
100	-20.8000	839.0000
101	-20.8000	839.0000
102	-20.9625	839.0000
103	-20.9625	839.0000
104	-21.1250	839.0000
105	-20.9625	839.0000
106	-20.9625	839.0000
107	-20.9625	839.0000
108	-21.1250	839.0000
109	-21.6125	839.0000
110	-21.1250	839.0000
111	-21.2875	839.0000
112	-21.4500	839.0000
113	-21.9375	839.0000
114	-21.6125	839.0000
115	-21.1250	839.0000
116	-22.1000	838.0000
117	-21.4500	839.0000
118	-21.4500	839.0000
119	-21.2875	839.0000
120	-21.2875	839.0000
121	-21.6125	839.0000
122	-21.7750	839.0000
123	-22.2625	839.0000
124	-21.6125	839.0000
125	-21.6125	839.0000
126	-22.1000	839.0000
127	-21.7750	839.0000
128	-21.4500	839.0000
129	-21.7750	838.0000
130	-21.4500	839.0000
131	-21.4500	839.0000
132	-21.7750	839.0000
133	-22.2625	839.0000
134	-21.7750	839.0000
135	-21.7750	838.0000
136	-21.9375	839.0000
137	-21.6125	843.0000
138	-21.9375	839.0000
139	-22.7500	839.0000
140	-22.5875	839.0000
141	-23.2375	839.0000
142	-22.1000	839.0000
143	-21.9375	839.0000
144	-22.4250	839.0000
145	-22.4250	839.0000
146	-22.4250	839.0000
147	-22.7500	839.0000
148	-22.7500	839.0000
149	-23.5625	839.0000
150	-23.5625	839.0000
151	-24.0500	839.0000
152	-24.3750	839.0000
153	-24.2125	839.0000
154	-24.3750	839.0000
155	-25.1875	839.0000
156	-25.8375	839.0000
157	-29.0875	839.0000
158	-27.7875	839.0000
159	-28.1125	840.0000
160	-28.4375	839.0000
161	-28.6000	839.0000
162	-29.7375	839.0000
163	-33.1500	839.0000
164	-31.2000	839.0000
165	-32.0125	839.0000
166	-33.6375	839.0000
167	-33.9625	839.0000
168	-34.9375	839.0000
169	-35.9125	839.0000
170	-37.2125	839.0000
171	-38.1875	839.0000
172	-39.3250	839.0000
173	-40.6250	839.0000
174	-41.7625	839.0000
175	-43.8750	839.0000
176	-44.6875	839.0000
177	-46.4750	839.0000
178	-47.2875	839.0000
179	-48.9125	839.0000
180	-50.5375	839.0000
181	-51.8375	839.0000
182	-53.4625	838.0000
183	-55.0875	839.0000
184	-56.5500	839.0000
185	-58.1750	839.0000
186	-61.2625	839.0000
187	-61.5875	839.0000
188	-64.3500	839.0000
189	-64.6750	838.0000
190	-66.3000	839.0000
191	-67.7625	838.0000
192	-69.3875	840.0000
193	-71.1750	838.0000
194	-72.8000	839.0000
195	-74.5875	838.0000
196	-76.3750	839.0000
197	-78.3250	838.0000
198	-79.6250	839.0000
199	-81.4125	839.0000
200	-82.8750	839.0000
201	-84.6625	839.0000
202	-86.1250	841.0000
203	-88.5625	838.0000
204	-90.0250	839.0000
205	-91.8125	838.0000
206	-93.6000	839.0000
207	-95.5500	839.0000
208	-97.1750	839.0000
209	-98.9625	839.0000
210	-100.7500	839.0000
211	-102.8625	838.0000
212	-103.8375	839.0000
213	-106.9250	839.0000
214	-107.9000	839.0000
215	-109.6875	839.0000
216	-111.4750	839.0000
217	-113.5875	839.0000
218	-115.7000	839.0000
219	-117.1625	839.0000
220	-118.9500	839.0000
221	-121.3875	839.0000
222	-122.8500	838.0000
223	-124.4750	839.0000
224	-126.7500	838.0000
225	-128.2125	839.0000
226	-130.0000	839.0000
227	-132.1125	839.0000
228	-133.5750	839.0000
229	-136.1750	839.0000
230	-137.8000	839.0000
231	-139.5875	839.0000
232	-141.3750	839.0000
233	-143.8125	839.0000
234	-145.9250	839.0000
235	-147.5500	839.0000
236	-149.1750	839.0000
237	-151.1250	839.0000
238	-153.7250	839.0000
239	-154.8625	839.0000
240	-156.6500	839.0000
241	-158.7625	839.0000
242	-161.2000	839.0000
243	-162.8250	839.0000
244	-164.2875	839.0000
245	-166.4000	839.0000
246	-168.3500	839.0000
247	-170.4625	839.0000
248	-171.7625	839.0000
249	-174.3625	839.0000
250	-175.8250	839.0000
251	-177.9375	838.0000
252	-179.5625	839.0000
253	-181.6750	839.0000
254	-184.9250	839.0000
255	-185.2500	838.0000
256	-187.5250	840.0000
257	-189.1500	839.0000
258	-190.2875	839.0000
259	-190.7750	839.0000
260	-190.6125	840.0000
261	-189.4750	839.0000
262	-188.5000	839.0000
263	-188.5000	839.0000
264	-186.5500	839.0000
265	-185.5750	838.0000
266	-184.1125	839.0000
267	-182.9750	838.0000
268	-182.0000	839.0000
269	-180.3750	839.0000
270	-179.4000	840.0000
271	-178.1000	839.0000
272	-176.6375	839.0000
273	-175.0125	839.0000
274	-173.5500	839.0000
275	-172.4125	839.0000
276	-170.7875	839.0000
277	-169.1625	839.0000
278	-167.8625	839.0000
279	-166.4000	839.0000
280	-165.2625	839.0000
281	-162.9875	839.0000
282	-161.5250	839.0000
283	-160.2250	839.0000
284	-159.2500	838.0000
285	-156.8125	839.0000
286	-154.8625	839.0000
287	-153.4000	839.0000
288	-153.0750	838.0000
289	-150.8000	836.0000
290	-148.6875	839.0000
291	-147.3875	839.0000
292	-145.2750	839.0000
293	-143.6500	839.0000
294	-142.1875	839.0000
295	-140.2375	839.0000
296	-138.4500	839.0000
297	-144.1375	839.0000
298	-135.6875	839.0000
299	-133.5750	839.0000
300	-131.6250	839.0000
301	-130.0000	839.0000
302	-128.0500	839.0000
303	-126.7500	839.0000
304	-124.6375	839.0000
305	-123.1750	838.0000
306	-121.5500	839.0000
307	-120.0875	838.0000
308	-117.9750	839.0000
309	-116.5125	838.0000
310	-114.2375	839.0000
311	-112.7750	838.0000
312	-110.6625	839.0000
313	-110.3375	838.0000
314	-107.0875	839.0000
315	-105.4625	838.0000
316	-103.6750	839.0000
317	-102.0500	838.0000
318	-100.2625	839.0000
319	-98.1500	838.0000
320	-96.6875	839.0000
321	-94.4125	838.0000
322	-92.6250	839.0000
323	-90.6750	838.0000
324	-88.7250	838.0000
325	-87.7500	838.0000
326	-85.6375	838.0000
327	-83.6875	838.0000
328	-81.5750	839.0000
329	-79.7875	839.0000
330	-78.1625	838.0000
331	-75.8875	838.0000
332	-74.2625	838.0000
333	-72.4750	839.0000
334	-76.0500	837.0000
335	-68.7375	839.0000
336	-66.9500	838.0000
337	-65.0000	839.0000
338	-64.1875	838.0000
339	-61.7500	839.0000
340	-59.8000	838.0000
341	-58.0125	838.0000
342	-56.0625	838.0000
343	-54.1125	838.0000
344	-52.9750	838.0000
345	-51.5125	838.0000
346	-49.5625	838.0000
347	-47.2875	838.0000
348	-45.6625	838.0000
349	-44.0375	838.0000
350	-42.4125	838.0000
351	-40.9500	838.0000
352	-39.1625	838.0000
353	-38.6750	838.0000
354	-36.8875	838.0000
355	-35.7500	838.0000
356	-34.2875	838.0000
357	-33.1500	838.0000
358	-32.3375	838.0000
359	-31.0375	837.0000
360	-30.0625	838.0000
361	-29.2500	837.0000
362	-28.6000	838.0000
363	-28.4375	838.0000
364	-26.8125	838.0000
365	-26.3250	837.0000
366	-26.0000	838.0000
367	-25.5125	837.0000
368	-25.3500	837.0000
369	-25.5125	837.0000
370	-25.0250	838.0000
371	-26.3250	837.0000
372	-24.7000	838.0000
373	-25.0250	837.0000
374	-24.5375	838.0000
375	-24.5375	838.0000
376	-24.7000	838.0000
377	-24.8625	838.0000
378	-24.7000	838.0000
379	-24.5375	839.0000
380	-24.0500	838.0000
381	-23.8875	838.0000
382	-24.2125	837.0000
383	-23.8875	838.0000
384	-23.7250	837.0000
385	-24.0500	838.0000
386	-23.7250	837.0000
387	-23.7250	838.0000
388	-24.0500	837.0000
389	-23.8875	838.0000
390	-24.0500	838.0000
391	-24.0500	838.0000
392	-24.0500	837.0000
393	-23.8875	838.0000
394	-23.4000	837.0000
395	-23.2375	837.0000
396	-23.8875	837.0000
397	-23.2375	838.0000
398	-23.2375	837.0000
399	-23.5625	838.0000
400	-23.5625	838.0000
401	-23.4000	838.0000
402	-23.4000	838.0000
403	-23.0750	837.0000
404	-23.0750	838.0000
405	-22.9125	837.0000
406	-22.7500	837.0000
407	-22.7500	838.0000
408	-23.0750	838.0000
409	-22.9125	837.0000
410	-22.5875	838.0000
411	-22.5875	837.0000
412	-22.7500	838.0000
413	-22.9125	837.0000
414	-22.5875	839.0000
415	-22.4250	837.0000
416	-22.2625	838.0000
417	-22.2625	838.0000
418	-21.9375	838.0000
419	-22.2625	837.0000
420	-22.1000	838.0000
421	-22.2625	837.0000
422	-21.9375	837.0000
423	-22.2625	837.0000
424	-22.1000	838.0000
425	-21.9375	838.0000
426	-21.9375	837.0000
427	-23.2375	838.0000
428	-22.2625	838.0000
429	-22.2625	838.0000
430	-21.7750	837.0000
431	-22.1000	838.0000
432	-22.1000	837.0000
433	-22.2625	838.0000
434	-21.9375	837.0000
435	-22.2625	838.0000
436	-22.4250	837.0000
437	-22.2625	838.0000
438	-22.1000	839.0000
439	-21.9375	838.0000
440	-21.7750	838.0000
441	-21.7750	838.0000
442	-21.4500	838.0000
443	-21.7750	838.0000
444	-21.9375	837.0000
445	-21.6125	838.0000
446	-21.4500	838.0000
447	-21.4500	838.0000
448	-21.1250	838.0000
449	-21.2875	838.0000
450	-21.2875	838.0000
451	-21.4500	838.0000
452	-21.4500	837.0000
453	-21.2875	840.0000
454	-21.4500	838.0000
455	-20.9625	837.0000
456	-21.1250	839.0000
457	-20.9625	838.0000
458	-21.2875	838.0000
459	-21.1250	837.0000
460	-21.2875	839.0000
461	-20.8000	838.0000
462	-21.1250	838.0000
463	-20.9625	838.0000
464	-21.6125	839.0000
465	-21.1250	838.0000
466	-21.2875	838.0000
467	-20.8000	838.0000
468	-20.8000	838.0000
469	-20.8000	838.0000
470	-21.1250	838.0000
471	-20.6375	838.0000
472	-21.1250	839.0000
473	-24.3750	838.0000
474	-21.4500	838.0000
475	-21.2875	838.0000
476	-20.9625	838.0000
477	-20.9625	838.0000
478	-21.1250	838.0000
479	-21.1250	838.0000
480	-20.6375	837.0000
481	-20.4750	838.0000
482	-20.6375	837.0000
483	-20.4750	838.0000
484	-20.4750	837.0000
485	-21.1250	838.0000
486	-20.6375	837.0000
487	-20.9625	838.0000
488	-20.6375	838.0000
489	-20.4750	839.0000
490	-20.6375	838.0000
491	-20.6375	838.0000
492	-20.4750	837.0000
493	-20.8000	838.0000
494	-20.3125	838.0000
495	-20.4750	838.0000
496	-20.4750	838.0000
497	-20.4750	838.0000
498	-20.3125	835.0000
499	-20.8000	837.0000
500	-20.3125	837.0000
501	-20.9625	837.0000
502	-20.4750	838.0000
503	-20.4750	838.0000
504	-20.4750	838.0000
505	-20.9625	837.0000
506	-20.1500	839.0000
507	-20.3125	837.0000
508	-20.6375	838.0000
509	-21.2875	837.0000
510	-24.3750	838.0000
511	-20.4750	837.0000
512	-20.4750	838.0000
513	-19.9875	837.0000
514	-20.1500	838.0000
515	-19.9875	838.0000
516	-19.9875	838.0000
517	-20.3125	838.0000
518	-19.9875	838.0000
519	-19.8250	838.0000
520	-19.9875	838.0000
521	-20.3125	838.0000
522	-19.9875	839.0000
523	-20.1500	838.0000
524	-20.1500	842.0000
525	-20.3125	838.0000
526	-19.9875	838.0000
527	-20.1500	838.0000
528	-20.3125	838.0000
529	-19.8250	838.0000
530	-19.6625	838.0000
531	-19.9875	839.0000
532	-19.9875	838.0000
533	-19.9875	838.0000
534	-19.8250	838.0000
535	-20.8000	838.0000
536	-20.1500	838.0000
537	-19.6625	839.0000
538	-20.4750	838.0000
539	-20.1500	838.0000
540	-20.1500	838.0000
541	-19.6625	839.0000
542	-19.6625	838.0000
543	-19.8250	838.0000
544	-19.8250	838.0000
545	-19.8250	838.0000
546	-19.6625	838.0000
547	-23.4000	838.0000
548	-20.3125	838.0000
549	-20.1500	838.0000
550	-20.1500	837.0000
551	-19.8250	838.0000
552	-19.8250	838.0000
553	-19.6625	838.0000
554	-19.6625	838.0000
555	-19.1750	838.0000
556	-19.8250	838.0000
557	-19.8250	838.0000
558	-19.9875	838.0000
559	-19.6625	838.0000
560	-20.4750	838.0000
561	-19.3375	838.0000
562	-19.6625	839.0000
563	-19.5000	838.0000
564	-19.6625	838.0000
565	-19.1750	838.0000
566	-19.1750	838.0000
567	-19.1750	838.0000
568	-19.1750	839.0000
569	-19.3375	838.0000
570	-19.1750	841.0000
571	-19.1750	838.0000
572	-19.0125	839.0000
573	-19.3375	838.0000
574	-19.0125	838.0000
575	-19.0125	838.0000
576	-19.0125	838.0000
577	-19.0125	838.0000
578	-19.3375	838.0000
579	-19.1750	838.0000
580	-19.0125	838.0000
581	-19.0125	838.0000
582	-18.8500	838.0000
583	-18.8500	838.0000
584	-24.3750	838.0000
585	-19.6625	838.0000
586	-19.3375	838.0000
587	-19.0125	838.0000
588	-19.0125	838.0000
589	-18.6875	838.0000
590	-18.8500	839.0000
591	-18.8500	838.0000
592	-19.0125	838.0000
593	-18.6875	839.0000
594	-19.0125	838.0000
595	-19.0125	839.0000
596	-18.6875	838.0000
597	-18.8500	839.0000
598	-18.5250	837.0000
599	-18.3625	838.0000
600	-18.5250	837.0000
601	-18.3625	839.0000
602	-19.8250	838.0000
603	-18.2000	838.0000
604	-18.3625	838.0000
605	-18.5250	838.0000
606	-18.5250	837.0000
607	-18.3625	838.0000
608	-18.2000	838.0000
609	-17.8750	837.0000
610	-18.5250	838.0000
611	-18.0375	838.0000
612	-17.7125	838.0000
613	-17.8750	838.0000
614	-17.7125	838.0000
615	-17.7125	838.0000
616	-19.9875	838.0000
617	-18.8500	838.0000
618	-17.7125	838.0000
619	-17.7125	838.0000
620	-17.5500	838.0000
621	-19.8250	838.0000
622	-18.0375	838.0000
623	-17.8750	838.0000
624	-17.3875	838.0000
625	-17.7125	837.0000
626	-17.5500	838.0000
627	-17.3875	837.0000
628	-17.3875	838.0000
629	-17.2250	838.0000
630	-17.2250	838.0000
631	-17.5500	838.0000
632	-17.2250	838.0000
633	-17.2250	838.0000
634	-17.2250	837.0000
635	-17.3875	838.0000
636	-16.7375	839.0000
637	-16.9000	838.0000
638	-16.7375	838.0000
639	-18.6875	838.0000
640	-16.7375	838.0000
641	-16.7375	838.0000
642	-16.0875	838.0000
643	-16.7375	838.0000
644	-16.0875	838.0000
645	-16.2500	838.0000
646	-16.2500	838.0000
647	-15.9250	841.0000
648	-16.2500	838.0000
649	-16.2500	838.0000
650	-15.6000	838.0000
651	-15.6000	838.0000
652	-15.9250	838.0000
653	-15.6000	838.0000
654	-15.4375	838.0000
655	-15.4375	838.0000
656	-15.4375	838.0000
657	-15.6000	839.0000
658	-15.2750	838.0000
659	-15.4375	838.0000
660	-15.9250	837.0000
661	-15.2750	838.0000
662	-14.6250	838.0000
663	-14.6250	838.0000
664	-14.1375	838.0000
665	-13.3250	838.0000
666	-12.3500	838.0000
667	-11.7000	838.0000
668	-11.3750	838.0000
669	-10.5625	838.0000
670	-9.2625	838.0000
671	-8.4500	838.0000
672	-7.6375	838.0000
673	-6.3375	837.0000
674	-5.5250	838.0000
675	-4.3875	837.0000
676	-3.0875	838.0000
677	-2.1125	837.0000
678	-0.6500	838.0000
679	0.4875	837.0000
680	1.7875	839.0000
681	3.4125	837.0000
682	4.3875	838.0000
683	6.5000	837.0000
684	8.1250	838.0000
685	9.9125	838.0000
686	7.8000	838.0000
687	12.8375	838.0000
688	15.1125	838.0000
689	16.5750	837.0000
690	18.6875	838.0000
691	20.3125	837.0000
692	22.1000	838.0000
693	24.5375	838.0000
694	26.4875	838.0000
695	28.2750	838.0000
696	30.2250	838.0000
697	32.1750	835.0000
698	34.2875	838.0000
699	35.9125	838.0000
700	38.3500	838.0000
701	40.3000	838.0000
702	42.4125	838.0000
703	44.2000	838.0000
704	46.3125	837.0000
705	48.2625	838.0000
706	49.7250	838.0000
707	51.8375	838.0000
708	54.6000	838.0000
709	56.7125	838.0000
710	58.8250	837.0000
711	60.7750	838.0000
712	63.0500	837.0000
713	65.1625	838.0000
714	67.1125	837.0000
715	69.2250	838.0000
716	71.3375	838.0000
717	73.4500	838.0000
718	75.7250	837.0000
719	77.3500	838.0000
720	79.7875	837.0000
721	81.9000	838.0000
722	84.3375	838.0000
723	85.8000	837.0000
724	88.0750	838.0000
725	90.5125	838.0000
726	92.4625	838.0000
727	94.5750	838.0000
728	96.8500	837.0000
729	98.6375	837.0000
730	101.0750	838.0000
731	103.5125	837.0000
732	104.8125	838.0000
733	108.0625	837.0000
734	109.6875	839.0000
735	111.9625	837.0000
736	114.2375	838.0000
737	116.3500	838.0000
738	118.4625	838.0000
739	120.9000	837.0000
740	122.6875	838.0000
741	124.8000	838.0000
742	126.5875	838.0000
743	129.1875	838.0000
744	131.1375	838.0000
745	133.5750	838.0000
746	135.3625	838.0000
747	137.9625	838.0000
748	140.0750	838.0000
749	142.1875	839.0000
750	144.3000	838.0000
751	146.0875	838.0000
752	148.2000	837.0000
753	150.6375	839.0000
754	152.9125	837.0000
755	154.8625	839.0000
756	157.3000	838.0000
757	158.7625	838.0000
758	161.6875	838.0000
759	163.8000	839.0000
760	164.7750	838.0000
761	167.8625	839.0000
762	169.9750	838.0000
763	172.0875	838.0000
764	174.5250	838.0000
765	176.6375	839.0000
766	178.4250	838.0000
767	180.8625	839.0000
768	183.3000	838.0000
769	185.4125	838.0000
770	186.7125	839.0000
771	186.8750	838.0000
772	186.2250	839.0000
773	185.7375	838.0000
774	184.9250	839.0000
775	184.1125	838.0000
776	183.1375	838.0000
777	181.6750	838.0000
778	180.7000	839.0000
779	179.4000	838.0000
780	177.9375	839.0000
781	176.4750	838.0000
782	175.1750	839.0000
783	174.0375	838.0000
784	172.4125	839.0000
785	170.7875	838.0000
786	169.8125	839.0000
787	168.1875	838.0000
788	166.0750	838.0000
789	164.6125	838.0000
790	163.3125	838.0000
791	162.1750	839.0000
792	160.0625	838.0000
793	158.7625	839.0000
794	157.4625	838.0000
795	155.6750	840.0000
796	153.8875	838.0000
797	146.7375	839.0000
798	150.8000	838.0000
799	149.1750	839.0000
800	147.5500	838.0000
801	145.6000	839.0000
802	144.4625	838.0000
803	142.8375	839.0000
804	140.7250	838.0000
805	139.2625	839.0000
806	137.1500	835.0000
807	136.0125	839.0000
808	133.4125	839.0000
809	132.2750	839.0000
810	130.1625	839.0000
811	128.7000	838.0000
812	126.5875	838.0000
813	124.9625	838.0000
814	123.5000	839.0000
815	121.3875	838.0000
816	117.9750	839.0000
817	117.4875	838.0000
818	115.8625	838.0000
819	114.2375	838.0000
820	112.2875	839.0000
821	110.6625	838.0000
822	108.8750	839.0000
823	107.4125	838.0000
824	104.1625	839.0000
825	102.7000	838.0000
826	101.0750	839.0000
827	99.2875	839.0000
828	97.1750	839.0000
829	95.5500	838.0000
830	93.9250	838.0000
831	92.1375	838.0000
832	90.3500	838.0000
833	88.7250	838.0000
834	80.1125	838.0000
835	84.5000	838.0000
836	82.8750	838.0000
837	80.7625	839.0000
838	79.1375	838.0000
839	77.1875	839.0000
840	75.4000	838.0000
841	73.4500	838.0000
842	71.8250	838.0000
843	69.7125	839.0000
844	68.0875	838.0000
845	66.1375	838.0000
846	64.0250	838.0000
847	62.2375	838.0000
848	60.6125	838.0000
849	58.6625	838.0000
850	56.7125	838.0000
851	54.7625	838.0000
852	52.9750	838.0000
853	51.1875	838.0000
854	48.7500	838.0000
855	47.6125	838.0000
856	45.5000	838.0000
857	43.7125	837.0000
858	41.9250	838.0000
859	39.9750	837.0000
860	38.6750	838.0000
861	36.7250	838.0000
862	34.4500	839.0000
863	32.9875	838.0000
864	31.6875	838.0000
865	30.3875	837.0000
866	29.0875	838.0000
867	27.7875	838.0000
868	26.4875	837.0000
869	25.1875	837.0000
870	24.3750	838.0000
871	19.5000	838.0000
872	22.7500	837.0000
873	21.7750	838.0000
874	20.8000	838.0000
875	20.1500	838.0000
876	19.3375	838.0000
877	18.6875	839.0000
878	18.0375	837.0000
879	17.0625	839.0000
880	17.8750	838.0000
881	18.2000	838.0000
882	17.3875	838.0000
883	17.7125	836.0000
884	17.5500	838.0000
885	17.5500	839.0000
886	17.0625	838.0000
887	17.2250	839.0000
888	16.9000	838.0000
889	17.2250	839.0000
890	16.9000	838.0000
891	16.5750	839.0000
892	16.9000	838.0000
893	16.5750	838.0000
894	16.7375	840.0000
895	16.7375	839.0000
896	16.5750	838.0000
897	16.4125	838.0000
898	16.4125	838.0000
899	15.9250	838.0000
900	16.4125	839.0000
901	16.2500	838.0000
902	16.2500	838.0000
903	16.0875	838.0000
904	15.2750	839.0000
905	16.0875	838.0000
906	15.6000	839.0000
907	15.4375	838.0000
908	15.9250	839.0000
909	15.7625	838.0000
910	15.7625	839.0000
911	15.7625	837.0000
912	15.6000	838.0000
913	15.2750	838.0000
914	15.6000	838.0000
915	15.2750	838.0000
916	15.1125	838.0000
917	15.1125	838.0000
918	15.4375	838.0000
919	15.2750	838.0000
920	14.9500	838.0000
921	15.1125	838.0000
922	14.9500	838.0000
923	14.7875	838.0000
924	14.9500	839.0000
925	15.1125	839.0000
926	15.1125	838.0000
927	14.9500	839.0000
928	14.6250	837.0000
929	14.1375	838.0000
930	14.7875	838.0000
931	15.1125	839.0000
932	14.7875	838.0000
933	14.7875	839.0000
934	14.7875	839.0000
935	14.6250	839.0000
936	14.6250	838.0000
937	14.3000	839.0000
938	13.6500	838.0000
939	14.6250	838.0000
940	14.3000	838.0000
941	14.3000	838.0000
942	14.4625	838.0000
943	14.3000	839.0000
944	14.3000	838.0000
945	13.9750	838.0000
946	13.9750	838.0000
947	13.8125	838.0000
948	13.4875	839.0000
949	14.1375	839.0000
950	14.1375	838.0000
951	13.8125	838.0000
952	13.9750	838.0000
953	13.9750	838.0000
954	13.8125	839.0000
955	14.1375	838.0000
956	14.1375	838.0000
957	13.6500	838.0000
958	13.9750	839.0000
959	13.9750	838.0000
960	13.8125	839.0000
961	14.1375	838.0000
962	13.8125	839.0000
963	13.4875	837.0000
964	12.5125	838.0000
965	13.8125	838.0000
966	13.9750	839.0000
967	13.6500	838.0000
968	13.9750	838.0000
969	13.8125	838.0000
970	13.8125	838.0000
971	13.6500	838.0000
972	13.4875	839.0000
973	10.2375	837.0000
974	13.4875	838.0000
975	6.8250	838.0000
976	13.3250	839.0000
977	13.4875	838.0000
978	13.1625	839.0000
979	13.0000	838.0000
980	13.4875	838.0000
981	13.3250	839.0000
982	13.4875	839.0000
983	13.0000	839.0000
984	12.8375	838.0000
985	13.3250	839.0000
986	13.1625	838.0000
987	13.3250	839.0000
988	13.3250	838.0000
989	13.3250	839.0000
990	12.0250	838.0000
991	13.3250	839.0000
992	13.0000	838.0000
993	13.0000	839.0000
994	12.8375	838.0000
995	13.0000	839.0000
996	13.1625	838.0000
997	13.0000	839.0000
998	13.1625	838.0000
999	13.3250	839.0000
1000	12.8375	838.0000
1001	12.8375	839.0000
1002	12.8375	838.0000
1003	13.0000	839.0000
1004	13.1625	839.0000
1005	12.8375	839.0000
1006	12.6750	839.0000
1007	13.0000	839.0000
1008	13.0000	839.0000
1009	13.3250	839.0000
1010	9.7500	839.0000
1011	12.6750	839.0000
1012	12.8375	835.0000
1013	12.8375	839.0000
1014	12.6750	839.0000
1015	12.8375	838.0000
1016	12.8375	839.0000
1017	12.8375	839.0000
1018	13.0000	839.0000
1019	12.8375	839.0000
1020	12.6750	839.0000
1021	12.3500	839.0000
1022	13.0000	839.0000
1023	13.0000	838.0000

0	13.0000	839.0000
1	12.3500	839.0000
2	12.5125	839.0000
3	13.1625	839.0000
4	13.1625	839.0000
5	12.1875	839.0000
6	12.5125	839.0000
7	12.0250	839.0000
8	13.0000	839.0000
9	13.1625	839.0000
10	13.0000	839.0000
11	13.0000	838.0000
12	12.6750	839.0000
13	12.6750	838.0000
14	12.5125	839.0000
15	12.1875	838.0000
16	12.5125	839.0000
17	12.6750	838.0000
18	12.6750	839.0000
19	12.6750	838.0000
20	12.5125	839.0000
21	12.3500	838.0000
22	12.3500	839.0000
23	7.1500	838.0000
24	12.3500	839.0000
25	12.1875	838.0000
26	12.5125	839.0000
27	12.5125	838.0000
28	12.3500	839.0000
29	12.6750	839.0000
30	12.8375	839.0000
31	5.6875	839.0000
32	11.7000	839.0000
33	12.0250	839.0000
34	12.0250	838.0000
35	12.1875	839.0000
36	12.0250	839.0000
37	12.3500	839.0000
38	12.6750	838.0000
39	12.3500	839.0000
40	12.5125	839.0000
41	12.5125	839.0000
42	11.7000	838.0000
43	12.0250	839.0000
44	11.3750	838.0000
45	12.1875	839.0000
46	12.3500	839.0000
47	12.1875	839.0000
48	12.1875	838.0000
49	11.7000	839.0000
50	11.0500	839.0000
51	11.7000	839.0000
52	11.7000	838.0000
53	11.5375	839.0000
54	12.1875	839.0000
55	11.8625	838.0000
56	12.0250	838.0000
57	11.0500	839.0000
58	11.8625	838.0000
59	12.0250	839.0000
60	12.0250	838.0000
61	11.5375	839.0000
62	11.5375	839.0000
63	11.5375	839.0000
64	11.7000	839.0000
65	11.8625	839.0000
66	11.7000	839.0000
67	11.7000	839.0000
68	5.8500	839.0000
69	10.2375	839.0000
70	11.2125	839.0000
71	11.3750	838.0000
72	11.5375	839.0000
73	11.2125	838.0000
74	11.2125	839.0000
75	11.5375	839.0000
76	11.0500	839.0000
77	11.3750	839.0000
78	11.5375	840.0000
79	10.7250	839.0000
80	10.7250	839.0000
81	10.7250	838.0000
82	9.9125	839.0000
83	11.0500	839.0000
84	11.2125	839.0000
85	10.8875	839.0000
86	10.4000	839.0000
87	10.4000	838.0000
88	10.4000	839.0000
89	10.4000	841.0000
90	10.2375	839.0000
91	10.5625	839.0000
92	10.5625	839.0000
93	10.5625	839.0000
94	10.7250	838.0000
95	11.0500	839.0000
96	11.0500	839.0000
97	10.5625	839.0000
98	10.2375	838.0000
99	10.4000	839.0000
100	10.4000	838.0000
101	10.2375	839.0000
102	10.5625	839.0000
103	10.2375	839.0000
104	10.7250	839.0000
105	5.6875	839.0000
106	9.7500	838.0000
107	9.4250	839.0000
108	10.2375	839.0000
109	10.0750	839.0000
110	10.2375	839.0000
111	9.9125	839.0000
112	10.0750	839.0000
113	9.9125	839.0000
114	9.9125	839.0000
115	9.7500	839.0000
116	9.4250	839.0000
117	9.1000	839.0000
118	9.2625	839.0000
119	9.4250	839.0000
120	9.4250	839.0000
121	9.2625	839.0000
122	9.4250	839.0000
123	8.9375	839.0000
124	8.4500	839.0000
125	8.6125	839.0000
126	8.4500	839.0000
127	8.6125	838.0000
128	8.4500	840.0000
129	8.7750	839.0000
130	8.7750	839.0000
131	8.7750	839.0000
132	8.4500	839.0000
133	9.1000	839.0000
134	8.9375	839.0000
135	8.2875	839.0000
136	8.2875	839.0000
137	8.4500	839.0000
138	8.4500	839.0000
139	8.4500	839.0000
140	7.8000	839.0000
141	7.9625	839.0000
142	8.2875	839.0000
143	7.9625	839.0000
144	7.3125	839.0000
145	7.4750	839.0000
146	7.4750	839.0000
147	7.4750	839.0000
148	7.1500	839.0000
149	6.9875	839.0000
150	6.9875	839.0000
151	6.0125	839.0000
152	5.6875	839.0000
153	4.8750	839.0000
154	4.2250	839.0000
155	3.5750	840.0000
156	2.7625	839.0000
157	1.9500	840.0000
158	1.3000	839.0000
159	-0.4875	841.0000
160	-0.9750	839.0000
161	-1.7875	840.0000
162	-2.6000	835.0000
163	-4.0625	839.0000
164	-5.3625	838.0000
165	-6.1750	839.0000
166	-7.3125	839.0000
167	-8.7750	839.0000
168	-10.2375	839.0000
169	-11.5375	839.0000
170	-13.1625	839.0000
171	-14.7875	839.0000
172	-16.5750	839.0000
173	-18.5250	839.0000
174	-19.5000	839.0000
175	-21.6125	839.0000
176	-23.2375	839.0000
177	-25.3500	839.0000
178	-27.6250	839.0000
179	-28.6000	839.0000
180	-30.5500	839.0000
181	-32.8250	839.0000
182	-35.1000	839.0000
183	-36.4000	839.0000
184	-38.3500	840.0000
185	-40.3000	839.0000
186	-42.4125	839.0000
187	-44.2000	840.0000
188	-46.6375	840.0000
189	-48.5875	839.0000
190	-50.5375	840.0000
191	-52.6500	840.0000
192	-54.4375	840.0000
193	-56.3875	839.0000
194	-58.5000	840.0000
195	-60.2875	839.0000
196	-62.2375	840.0000
197	-64.6750	839.0000
198	-66.7875	840.0000
199	-68.4125	839.0000
200	-71.1750	840.0000
201	-72.8000	839.0000
202	-75.8875	840.0000
203	-76.5375	840.0000
204	-78.8125	840.0000
205	-80.9250	840.0000
206	-83.0375	840.0000
207	-87.5875	840.0000
208	-86.7750	839.0000
209	-89.2125	840.0000
210	-91.4875	839.0000
211	-93.4375	840.0000
212	-95.0625	840.0000
213	-97.8250	840.0000
214	-99.7750	840.0000
215	-101.5625	840.0000
216	-103.5125	839.0000
217	-105.4625	840.0000
218	-108.0625	839.0000
219	-110.1750	840.0000
220	-111.9625	839.0000
221	-113.9125	840.0000
222	-116.0250	840.0000
223	-118.6250	840.0000
224	-120.0875	840.0000
225	-122.5250	840.0000
226	-124.9625	839.0000
227	-127.0750	841.0000
228	-128.8625	840.0000
229	-131.1375	840.0000
230	-132.9250	840.0000
231	-135.0375	840.0000
232	-137.8000	840.0000
233	-139.4250	838.0000
234	-141.2125	840.0000
235	-143.3250	840.0000
236	-145.6000	840.0000
237	-147.7125	841.0000
238	-149.8250	840.0000
239	-151.7750	840.0000
240	-153.7250	841.0000
241	-155.8375	840.0000
242	-157.7875	841.0000
243	-160.0625	840.0000
244	-166.4000	841.0000
245	-163.9625	840.0000
246	-166.4000	841.0000
247	-168.5125	840.0000
248	-170.3000	841.0000
249	-172.4125	840.0000
250	-174.2000	841.0000
251	-176.3125	841.0000
252	-179.4000	841.0000
253	-180.3750	841.0000
254	-182.4875	841.0000
255	-185.0875	841.0000
256	-187.2000	841.0000
257	-189.3125	840.0000
258	-189.9625	841.0000
259	-189.9625	841.0000
260	-190.1250	841.0000
261	-189.1500	841.0000
262	-188.1750	841.0000
263	-187.6875	841.0000
264	-186.5500	841.0000
265	-185.2500	841.0000
266	-184.1125	841.0000
267	-182.4875	841.0000
268	-181.8375	841.0000
269	-180.2125	841.0000
270	-178.7500	840.0000
271	-177.4500	841.0000
272	-176.1500	840.0000
273	-174.3625	840.0000
274	-173.5500	841.0000
275	-172.0875	841.0000
276	-170.4625	840.0000
277	-169.0000	841.0000
278	-167.2125	840.0000
279	-166.2375	841.0000
280	-164.2875	841.0000
281	-167.8625	841.0000
282	-161.8500	841.0000
283	-160.0625	841.0000
284	-158.4375	841.0000
285	-156.6500	841.0000
286	-154.7000	840.0000
287	-153.0750	841.0000
288	-151.9375	841.0000
289	-150.4750	841.0000
290	-148.3625	841.0000
291	-146.4125	841.0000
292	-145.4375	841.0000
293	-143.6500	841.0000
294	-141.7000	841.0000
295	-140.4000	840.0000
296	-138.1250	841.0000
297	-136.8250	840.0000
298	-135.2000	840.0000
299	-133.4125	841.0000
300	-131.7875	841.0000
301	-129.8375	841.0000
302	-128.3750	841.0000
303	-126.2625	841.0000
304	-124.6375	841.0000
305	-122.8500	840.0000
306	-121.0625	841.0000
307	-119.6000	840.0000
308	-117.3250	842.0000
309	-115.8625	841.0000
310	-113.9125	841.0000
311	-112.4500	843.0000
312	-110.5000	841.0000
313	-108.7125	841.0000
314	-107.0875	841.0000
315	-105.3000	841.0000
316	-103.3500	841.0000
317	-101.4000	841.0000
318	-104.0000	841.0000
319	-97.9875	841.0000
320	-96.2000	841.0000
321	-94.4125	841.0000
322	-92.1375	840.0000
323	-90.1875	841.0000
324	-88.4000	840.0000
325	-86.7750	841.0000
326	-85.1500	840.0000
327	-82.7125	841.0000
328	-80.9250	841.0000
329	-79.6250	841.0000
330	-77.8375	840.0000
331	-75.5625	841.0000
332	-74.1000	841.0000
333	-71.9875	841.0000
334	-70.0375	840.0000
335	-68.4125	841.0000
336	-66.4625	840.0000
337	-64.8375	841.0000
338	-62.8875	841.0000
339	-60.9375	841.0000
340	-58.8250	841.0000
341	-57.3625	841.0000
342	-55.4125	840.0000
343	-53.7875	841.0000
344	-51.8375	841.0000
345	-50.2125	841.0000
346	-55.4125	841.0000
347	-46.6375	840.0000
348	-45.6625	841.0000
349	-43.8750	841.0000
350	-41.7625	841.0000
351	-40.1375	841.0000
352	-38.6750	841.0000
353	-37.0500	840.0000
354	-35.7500	841.0000
355	-36.5625	840.0000
356	-33.8000	841.0000
357	-32.6625	840.0000
358	-31.5250	841.0000
359	-30.0625	840.0000
360	-29.2500	842.0000
361	-27.9500	841.0000
362	-27.1375	841.0000
363	-26.8125	841.0000
364	-25.8375	842.0000
365	-25.1875	841.0000
366	-25.1875	841.0000
367	-25.1875	841.0000
368	-24.7000	841.0000
369	-24.3750	840.0000
370	-24.0500	841.0000
371	-24.3750	841.0000
372	-24.0500	841.0000
373	-23.8875	841.0000
374	-23.5625	841.0000
375	-24.2125	841.0000
376	-24.0500	841.0000
377	-23.5625	841.0000
378	-23.5625	841.0000
379	-23.4000	841.0000
380	-23.8875	841.0000
381	-23.0750	842.0000
382	-23.0750	841.0000
383	-24.3750	842.0000
384	-23.2375	841.0000
385	-23.2375	842.0000
386	-23.2375	841.0000
387	-23.0750	841.0000
388	-22.5875	841.0000
389	-22.7500	841.0000
390	-22.5875	841.0000
391	-23.0750	843.0000
392	-22.9125	841.0000
393	-22.9125	842.0000
394	-22.5875	841.0000
395	-22.7500	842.0000
396	-22.7500	841.0000
397	-22.1000	842.0000
398	-21.7750	841.0000
399	-21.9375	841.0000
400	-21.7750	841.0000
401	-22.4250	841.0000
402	-21.7750	841.0000
403	-21.7750	841.0000
404	-22.1000	842.0000
405	-21.9375	842.0000
406	-21.7750	842.0000
407	-21.7750	841.0000
408	-21.7750	842.0000
409	-21.6125	841.0000
410	-21.4500	842.0000
411	-21.4500	841.0000
412	-21.2875	842.0000
413	-21.7750	842.0000
414	-21.4500	842.0000
415	-21.4500	841.0000
416	-21.1250	842.0000
417	-21.4500	841.0000
418	-21.1250	842.0000
419	-20.9625	842.0000
420	-21.1250	842.0000
421	-20.8000	841.0000
422	-21.4500	843.0000
423	-21.1250	841.0000
424	-21.1250	842.0000
425	-20.8000	845.0000
426	-21.2875	842.0000
427	-20.4750	842.0000
428	-20.6375	842.0000
429	-21.2875	843.0000
430	-21.1250	842.0000
431	-21.1250	842.0000
432	-20.9625	842.0000
433	-21.1250	843.0000
434	-20.6375	842.0000
435	-20.4750	843.0000
436	-20.4750	842.0000
437	-20.9625	843.0000
438	-20.9625	839.0000
439	-20.3125	843.0000
440	-20.3125	842.0000
441	-20.8000	843.0000
442	-20.8000	842.0000
443	-20.6375	843.0000
444	-20.4750	842.0000
445	-20.4750	843.0000
446	-20.3125	843.0000
447	-19.9875	843.0000
448	-20.3125	842.0000
449	-20.6375	843.0000
450	-20.4750	842.0000
451	-20.4750	843.0000
452	-20.1500	843.0000
453	-20.4750	843.0000
454	-19.9875	843.0000
455	-19.9875	843.0000
456	-19.8250	843.0000
457	-20.4750	843.0000
458	-20.8000	842.0000
459	-19.9875	843.0000
460	-20.1500	844.0000
461	-20.4750	841.0000
462	-19.9875	844.0000
463	-20.1500	843.0000
464	-19.8250	844.0000
465	-19.8250	843.0000
466	-20.1500	845.0000
467	-20.3125	844.0000
468	-20.3125	844.0000
469	-20.3125	844.0000
470	-20.3125	845.0000
471	-21.1250	844.0000
472	-19.9875	845.0000
473	-19.6625	844.0000
474	-19.8250	845.0000
475	-19.3375	845.0000
476	-19.9875	845.0000
477	-19.3375	845.0000
478	-19.9875	845.0000
479	-20.1500	844.0000
480	-20.1500	845.0000
481	-19.8250	844.0000
482	-20.1500	846.0000
483	-19.5000	846.0000
484	-19.6625	846.0000
485	-19.5000	846.0000
486	-19.1750	846.0000
487	-19.8250	846.0000
488	-19.8250	846.0000
489	-19.1750	846.0000
490	-19.3375	847.0000
491	-19.3375	847.0000
492	-19.3375	846.0000
493	-19.5000	847.0000
494	-32.3375	846.0000
495	-19.6625	847.0000
496	-19.5000	846.0000
497	-19.5000	847.0000
498	-19.3375	847.0000
499	-19.8250	847.0000
500	-19.5000	847.0000
501	-19.1750	847.0000
502	-19.0125	847.0000
503	-19.6625	847.0000
504	-19.8250	847.0000
505	-20.1500	848.0000
506	-19.8250	847.0000
507	-19.6625	848.0000
508	-19.3375	847.0000
509	-19.3375	847.0000
510	-19.3375	848.0000
511	-19.6625	848.0000
512	-19.3375	848.0000
513	-19.1750	848.0000
514	-18.8500	848.0000
515	-19.5000	849.0000
516	-19.3375	848.0000
517	-19.3375	848.0000
518	-19.5000	849.0000
519	-19.5000	849.0000
520	-19.0125	849.0000
521	-19.0125	849.0000
522	-19.1750	849.0000
523	-19.1750	849.0000
524	-19.5000	850.0000
525	-19.8250	849.0000
526	-19.3375	849.0000
527	-19.5000	849.0000
528	-19.3375	850.0000
529	-19.6625	848.0000
530	-19.0125	851.0000
531	-28.2750	849.0000
532	-19.1750	851.0000
533	-19.1750	850.0000
534	-19.1750	851.0000
535	-18.8500	850.0000
536	-18.8500	851.0000
537	-19.0125	850.0000
538	-18.8500	851.0000
539	-18.8500	851.0000
540	-19.3375	851.0000
541	-19.5000	851.0000
542	-19.3375	851.0000
543	-19.6625	851.0000
544	-19.5000	851.0000
545	-19.1750	851.0000
546	-19.1750	851.0000
547	-19.1750	851.0000
548	-19.1750	851.0000
549	-19.0125	851.0000
550	-18.6875	852.0000
551	-18.8500	852.0000
552	-19.0125	852.0000
553	-19.0125	852.0000
554	-19.1750	852.0000
555	-18.6875	853.0000
556	-19.0125	852.0000
557	-18.8500	853.0000
558	-19.0125	852.0000
559	-19.0125	853.0000
560	-19.1750	852.0000
561	-18.8500	854.0000
562	-19.0125	854.0000
563	-18.6875	853.0000
564	-18.6875	853.0000
565	-19.0125	853.0000
566	-18.8500	853.0000
567	-18.5250	854.0000
568	-25.0250	853.0000
569	-18.5250	854.0000
570	-18.5250	853.0000
571	-18.2000	854.0000
572	-18.0375	854.0000
573	-18.5250	854.0000
574	-18.0375	854.0000
575	-18.2000	854.0000
576	-18.5250	854.0000
577	-18.8500	855.0000
578	-18.5250	854.0000
579	-19.0125	854.0000
580	-18.3625	855.0000
581	-18.5250	854.0000
582	-18.2000	855.0000
583	-18.3625	855.0000
584	-18.2000	855.0000
585	-18.0375	855.0000
586	-18.2000	855.0000
587	-18.0375	855.0000
588	-17.8750	856.0000
589	-18.2000	855.0000
590	-18.0375	856.0000
591	-17.7125	855.0000
592	-17.7125	856.0000
593	-17.7125	855.0000
594	-17.7125	856.0000
595	-18.2000	856.0000
596	-18.2000	856.0000
597	-18.2000	856.0000
598	-18.0375	856.0000
599	-18.0375	856.0000
600	-18.2000	857.0000
601	-18.0375	856.0000
602	-17.5500	857.0000
603	-17.5500	856.0000
604	-18.3625	857.0000
605	-22.5875	857.0000
606	-17.5500	857.0000
607	-17.3875	857.0000
608	-17.3875	857.0000
609	-17.0625	858.0000
610	-17.0625	857.0000
611	-17.0625	858.0000
612	-17.0625	860.0000
613	-17.2250	858.0000
614	-17.2250	857.0000
615	-17.8750	858.0000
616	-17.0625	857.0000
617	-18.0375	858.0000
618	-17.2250	857.0000
619	-17.0625	859.0000
620	-17.0625	857.0000
621	-16.9000	859.0000
622	-16.7375	858.0000
623	-16.7375	859.0000
624	-16.5750	858.0000
625	-16.2500	859.0000
626	-17.2250	858.0000
627	-16.9000	859.0000
628	-16.4125	858.0000
629	-17.2250	859.0000
630	-16.2500	859.0000
631	-17.0625	857.0000
632	-16.5750	859.0000
633	-16.5750	859.0000
634	-16.4125	859.0000
635	-16.4125	859.0000
636	-16.4125	860.0000
637	-15.9250	859.0000
638	-16.2500	860.0000
639	-16.2500	859.0000
640	-16.0875	860.0000
641	-15.6000	860.0000
642	-15.6000	860.0000
643	-15.6000	859.0000
644	-15.4375	860.0000
645	-15.6000	860.0000
646	-15.4375	860.0000
647	-15.2750	860.0000
648	-15.1125	860.0000
649	-14.9500	860.0000
650	-15.4375	860.0000
651	-15.2750	860.0000
652	-15.2750	860.0000
653	-14.9500	860.0000
654	-15.4375	861.0000
655	-14.7875	860.0000
656	-14.6250	861.0000
657	-14.3000	860.0000
658	-14.4625	861.0000
659	-14.3000	861.0000
660	-14.3000	861.0000
661	-14.3000	862.0000
662	-14.1375	861.0000
663	-13.4875	861.0000
664	-13.3250	861.0000
665	-12.3500	862.0000
666	-11.7000	861.0000
667	-10.7250	862.0000
668	-10.2375	861.0000
669	-9.4250	862.0000
670	-9.1000	861.0000
671	-7.8000	862.0000
672	-6.9875	861.0000
673	-5.8500	863.0000
674	-4.5500	862.0000
675	-3.5750	862.0000
676	-2.4375	862.0000
677	-1.3000	863.0000
678	-0.1625	862.0000
679	0.8125	863.0000
680	2.7625	862.0000
681	3.9000	861.0000
682	5.3625	862.0000
683	6.9875	863.0000
684	8.9375	863.0000
685	10.4000	863.0000
686	12.3500	863.0000
687	14.1375	863.0000
688	15.4375	863.0000
689	17.2250	863.0000
690	19.1750	863.0000
691	21.4500	863.0000
692	23.0750	864.0000
693	25.1875	863.0000
694	26.9750	864.0000
695	28.6000	863.0000
696	31.2000	864.0000
697	32.8250	863.0000
698	34.9375	864.0000
699	36.7250	863.0000
700	38.5125	864.0000
701	40.4625	864.0000
702	43.0625	864.0000
703	45.0125	863.0000
704	46.8000	864.0000
705	48.9125	864.0000
706	51.0250	865.0000
707	52.9750	864.0000
708	54.7625	864.0000
709	56.8750	864.0000
710	58.9875	865.0000
711	61.7500	864.0000
712	63.3750	865.0000
713	65.6500	865.0000
714	67.7625	864.0000
715	70.0375	865.0000
716	71.9875	864.0000
717	73.7750	865.0000
718	75.8875	864.0000
719	77.8375	865.0000
720	80.2750	865.0000
721	82.7125	865.0000
722	84.6625	865.0000
723	86.4500	865.0000
724	88.7250	865.0000
725	90.6750	866.0000
726	92.1375	865.0000
727	94.7375	866.0000
728	97.3375	865.0000
729	99.2875	866.0000
730	101.7250	865.0000
731	103.5125	866.0000
732	105.9500	865.0000
733	108.0625	866.0000
734	110.3375	865.0000
735	110.8250	866.0000
736	114.0750	866.0000
737	116.0250	866.0000
738	118.1375	866.0000
739	120.4125	867.0000
740	122.8500	866.0000
741	125.2875	866.0000
742	127.4000	867.0000
743	129.0250	866.0000
744	128.0500	867.0000
745	133.5750	867.0000
746	135.3625	867.0000
747	137.6375	867.0000
748	139.7500	867.0000
749	142.3500	867.0000
750	144.3000	867.0000
751	146.5750	866.0000
752	148.8500	867.0000
753	150.9625	867.0000
754	152.5875	867.0000
755	154.8625	867.0000
756	156.9750	867.0000
757	159.5750	867.0000
758	161.2000	868.0000
759	163.6375	868.0000
760	165.7500	867.0000
761	168.0250	868.0000
762	169.6500	868.0000
763	171.6000	868.0000
764	173.8750	868.0000
765	176.6375	868.0000
766	178.4250	868.0000
767	180.7000	868.0000
768	183.4625	868.0000
769	185.4125	869.0000
770	186.3875	868.0000
771	186.7125	869.0000
772	185.9000	868.0000
773	185.2500	869.0000
774	184.4375	868.0000
775	183.7875	869.0000
776	182.4875	869.0000
777	181.6750	869.0000
778	180.5375	868.0000
779	179.2375	869.0000
780	177.7750	869.0000
781	170.7875	869.0000
782	174.8500	869.0000
783	173.5500	870.0000
784	172.0875	868.0000
785	170.6250	870.0000
786	169.3250	869.0000
787	167.8625	869.0000
788	165.9125	869.0000
789	164.9375	865.0000
790	162.9875	868.0000
791	162.1750	869.0000
792	160.2250	870.0000
793	158.2750	869.0000
794	156.9750	870.0000
795	155.5125	869.0000
796	154.0500	870.0000
797	152.1000	869.0000
798	150.8000	871.0000
799	148.8500	870.0000
800	146.7375	870.0000
801	145.2750	869.0000
802	143.9750	870.0000
803	142.6750	869.0000
804	138.6125	870.0000
805	139.1000	870.0000
806	136.9875	870.0000
807	135.5250	870.0000
808	133.7375	870.0000
809	131.6250	870.0000
810	130.1625	870.0000
811	128.3750	870.0000
812	126.4250	870.0000
813	124.4750	870.0000
814	122.8500	870.0000
815	121.3875	870.0000
816	119.4375	870.0000
817	117.6500	870.0000
818	112.1250	870.0000
819	113.7500	870.0000
820	111.8000	870.0000
821	110.0125	871.0000
822	108.2250	870.0000
823	106.4375	871.0000
824	104.8125	870.0000
825	101.5625	871.0000
826	101.0750	870.0000
827	99.4500	871.0000
828	97.1750	871.0000
829	95.2250	871.0000
830	93.4375	871.0000
831	91.3250	871.0000
832	90.0250	871.0000
833	88.2375	871.0000
834	86.1250	871.0000
835	84.6625	871.0000
836	82.0625	871.0000
837	80.2750	871.0000
838	78.3250	871.0000
839	77.1875	871.0000
840	75.2375	871.0000
841	73.2875	871.0000
842	71.8250	871.0000
843	69.5500	871.0000
844	67.4375	871.0000
845	65.8125	871.0000
846	63.5375	871.0000
847	61.4250	871.0000
848	59.9625	871.0000
849	58.1750	871.0000
850	56.0625	872.0000
851	54.2750	871.0000
852	52.8125	871.0000
853	51.1875	871.0000
854	48.7500	871.0000
855	44.5250	871.0000
856	44.8500	872.0000
857	43.0625	871.0000
858	41.2750	872.0000
859	39.4875	871.0000
860	38.1875	872.0000
861	36.4000	871.0000
862	34.9375	872.0000
863	32.3375	872.0000
864	31.6875	873.0000
865	30.3875	872.0000
866	29.0875	872.0000
867	27.1375	872.0000
868	26.1625	872.0000
869	25.5125	872.0000
870	24.2125	872.0000
871	22.4250	872.0000
872	22.4250	873.0000
873	21.1250	872.0000
874	20.1500	872.0000
875	19.3375	872.0000
876	18.6875	872.0000
877	18.3625	873.0000
878	17.5500	872.0000
879	17.8750	873.0000
880	17.5500	872.0000
881	17.7125	873.0000
882	16.9000	872.0000
883	16.9000	873.0000
884	16.9000	872.0000
885	17.2250	873.0000
886	17.0625	872.0000
887	16.9000	872.0000
888	16.7375	872.0000
889	17.0625	873.0000
890	16.5750	873.0000
891	16.9000	871.0000
892	16.0875	873.0000
893	16.2500	873.0000
894	16.0875	873.0000
895	15.7625	873.0000
896	15.7625	873.0000
897	16.2500	873.0000
898	16.2500	873.0000
899	15.9250	873.0000
900	16.2500	873.0000
901	15.1125	874.0000
902	15.9250	874.0000
903	16.2500	873.0000
904	15.1125	874.0000
905	15.6000	873.0000
906	16.0875	874.0000
907	15.7625	873.0000
908	15.6000	874.0000
909	14.9500	873.0000
910	15.1125	874.0000
911	14.9500	874.0000
912	14.9500	874.0000
913	15.1125	874.0000
914	15.4375	874.0000
915	15.1125	874.0000
916	15.2750	874.0000
917	15.2750	874.0000
918	15.2750	874.0000
919	15.2750	874.0000
920	14.7875	874.0000
921	14.4625	874.0000
922	15.1125	874.0000
923	15.1125	874.0000
924	14.7875	874.0000
925	14.7875	874.0000
926	14.6250	874.0000
927	14.9500	874.0000
928	14.4625	875.0000
929	14.4625	874.0000
930	14.3000	874.0000
931	14.4625	875.0000
932	14.1375	874.0000
933	14.4625	875.0000
934	14.7875	874.0000
935	14.4625	875.0000
936	14.6250	874.0000
937	13.9750	875.0000
938	14.4625	874.0000
939	14.4625	875.0000
940	13.9750	874.0000
941	13.6500	875.0000
942	13.6500	874.0000
943	14.3000	875.0000
944	13.9750	874.0000
945	14.3000	875.0000
946	14.3000	874.0000
947	13.6500	875.0000
948	13.6500	874.0000
949	13.6500	875.0000
950	14.1375	875.0000
951	13.8125	875.0000
952	14.1375	875.0000
953	14.1375	875.0000
954	13.9750	874.0000
955	13.8125	875.0000
956	13.6500	875.0000
957	13.4875	875.0000
958	13.3250	875.0000
959	13.6500	875.0000
960	13.6500	874.0000
961	13.8125	874.0000
962	13.9750	875.0000
963	13.6500	875.0000
964	13.6500	878.0000
965	13.8125	874.0000
966	13.4875	875.0000
967	13.1625	874.0000
968	13.4875	875.0000
969	13.6500	874.0000
970	13.8125	875.0000
971	13.4875	875.0000
972	13.4875	875.0000
973	13.4875	877.0000
974	13.6500	875.0000
975	13.4875	875.0000
976	13.1625	875.0000
977	13.6500	875.0000
978	13.0000	875.0000
979	13.0000	875.0000
980	13.4875	876.0000
981	13.3250	875.0000
982	13.3250	875.0000
983	13.1625	875.0000
984	13.0000	875.0000
985	12.6750	875.0000
986	12.5125	875.0000
987	12.6750	875.0000
988	13.0000	876.0000
989	11.2125	875.0000
990	-7.8000	871.0000
991	-11.7000	875.0000
992	-7.8000	875.0000
993	11.0500	875.0000
994	-9.4250	875.0000
995	-7.8000	875.0000
996	-7.8000	875.0000
997	-8.6125	876.0000
998	-7.8000	875.0000
999	-7.8000	876.0000
1000	-7.6375	875.0000
1001	-8.4500	876.0000
1002	-11.7000	875.0000
1003	-9.4250	876.0000
1004	-8.7750	875.0000
1005	-8.4500	876.0000
1006	-7.4750	875.0000
1007	-6.1750	876.0000
1008	-7.8000	875.0000
1009	-7.9625	875.0000
1010	-7.9625	875.0000
1011	-7.8000	876.0000
1012	-7.8000	875.0000
1013	-7.8000	873.0000
1014	-7.9625	875.0000
1015	-9.7500	875.0000
1016	-13.1625	875.0000
1017	-9.9125	875.0000
1018	12.6750	875.0000
1019	12.5125	875.0000
1020	11.8625	876.0000
1021	12.3500	875.0000
1022	11.8625	876.0000
1023	12.1875	875.0000

