# Viernes 29 de Enero de 2018
# Medida Efecto Kerr Magneto óptico
# Muestra Co 1-x Rux 18%
# Polarizadores LPVI050 ThorLabs
# Láser polarizado 500 mWatts
# Photodiodo vtb 6061
# ángulo de reflexión aproximado 55°
# eje del polarizador en S (60°)
# eje de extinción del analizador 94°
# intensidad en la extinción 175 mV 
# intensidad en 89°: 3700 mV
# delay 10 ms
# 
#	0.49	3807.43
#	-0.16	3802.54
#	0.49	3802.54
#	0.33	3802.54
#	-7.31	3802.54
#	0.49	3802.54
#	-0.65	3797.65
#	-1.62	3802.54
#	0.33	3802.54
#	-0.33	3797.65
0	-0.4875	777.0000
1	0.3250	777.0000
2	0.4875	777.0000
3	0.3250	777.0000
4	0.3250	777.0000
5	0.1625	777.0000
6	0.3250	778.0000
7	0.1625	778.0000
8	0.1625	778.0000
9	0.3250	778.0000
10	0.4875	778.0000
11	0.4875	778.0000
12	-4.0625	778.0000
13	0.3250	777.0000
14	0.1625	777.0000
15	0.1625	777.0000
16	0.0000	777.0000
17	0.3250	777.0000
18	0.3250	777.0000
19	0.0000	778.0000
20	-0.1625	778.0000
21	0.1625	778.0000
22	0.0000	778.0000
23	-0.1625	778.0000
24	0.0000	778.0000
25	0.0000	778.0000
26	0.0000	777.0000
27	0.0000	777.0000
28	0.0000	777.0000
29	0.0000	777.0000
30	0.0000	777.0000
31	0.0000	777.0000
32	0.0000	778.0000
33	-0.1625	778.0000
34	-0.1625	778.0000
35	-0.1625	778.0000
36	-0.3250	778.0000
37	-0.3250	778.0000
38	-0.1625	777.0000
39	-0.1625	777.0000
40	-0.1625	776.0000
41	-0.3250	777.0000
42	-0.1625	777.0000
43	-0.3250	777.0000
44	-0.3250	778.0000
45	-0.1625	778.0000
46	-0.3250	778.0000
47	-0.4875	778.0000
48	-0.1625	778.0000
49	0.1625	778.0000
50	0.0000	777.0000
51	0.0000	777.0000
52	0.0000	777.0000
53	-6.8250	777.0000
54	0.0000	777.0000
55	-1.9500	777.0000
56	-2.6000	778.0000
57	-16.4125	778.0000
58	-12.3500	778.0000
59	-10.7250	778.0000
60	-10.8875	778.0000
61	-7.9625	778.0000
62	-0.6500	778.0000
63	-0.6500	778.0000
64	-0.8125	777.0000
65	-0.6500	777.0000
66	-0.8125	777.0000
67	-0.6500	778.0000
68	-0.8125	777.0000
69	-0.9750	778.0000
70	-0.8125	778.0000
71	-0.9750	778.0000
72	-0.9750	778.0000
73	-0.9750	778.0000
74	-0.9750	778.0000
75	-4.0625	777.0000
76	-1.1375	777.0000
77	-1.1375	777.0000
78	-1.1375	777.0000
79	-1.1375	777.0000
80	-1.3000	777.0000
81	-1.1375	778.0000
82	-1.3000	778.0000
83	-1.3000	778.0000
84	-1.3000	778.0000
85	-1.1375	778.0000
86	-1.6250	778.0000
87	-1.9500	778.0000
88	-1.7875	778.0000
89	-1.7875	777.0000
90	-1.4625	777.0000
91	-1.6250	777.0000
92	-1.4625	777.0000
93	-1.4625	777.0000
94	-1.6250	778.0000
95	-4.5500	778.0000
96	-1.7875	778.0000
97	-1.7875	778.0000
98	-1.7875	778.0000
99	-1.7875	778.0000
100	-1.7875	778.0000
101	-1.7875	777.0000
102	-1.7875	777.0000
103	-1.9500	777.0000
104	-2.1125	777.0000
105	-1.9500	777.0000
106	-2.1125	777.0000
107	-2.2750	778.0000
108	-2.2750	778.0000
109	-4.8750	778.0000
110	-2.2750	778.0000
111	-2.2750	778.0000
112	-2.4375	778.0000
113	-2.2750	778.0000
114	-2.4375	777.0000
115	-2.4375	777.0000
116	-2.6000	777.0000
117	-2.6000	777.0000
118	-2.6000	777.0000
119	-2.7625	777.0000
120	-2.2750	778.0000
121	-2.6000	778.0000
122	-2.6000	778.0000
123	-2.6000	778.0000
124	-2.7625	778.0000
125	-7.3125	778.0000
126	-2.6000	777.0000
127	-2.6000	777.0000
128	-2.7625	777.0000
129	-2.7625	777.0000
130	-3.2500	777.0000
131	-3.5750	777.0000
132	-3.5750	778.0000
133	-3.5750	778.0000
134	-3.7375	778.0000
135	-3.7375	778.0000
136	-4.0625	777.0000
137	-4.0625	778.0000
138	-3.9000	777.0000
139	-4.2250	774.0000
140	-4.2250	777.0000
141	-4.2250	777.0000
142	-13.0000	777.0000
143	-5.2000	777.0000
144	-15.1125	778.0000
145	-5.2000	778.0000
146	-7.8000	778.0000
147	-7.6375	778.0000
148	-5.2000	778.0000
149	-7.8000	778.0000
150	-5.6875	777.0000
151	-13.1625	777.0000
152	-6.6625	777.0000
153	-13.6500	778.0000
154	-7.6375	777.0000
155	-9.5875	777.0000
156	-11.5375	777.0000
157	-9.5875	778.0000
158	-10.4000	778.0000
159	-11.2125	777.0000
160	-19.0125	778.0000
161	-13.0000	778.0000
162	-23.2375	778.0000
163	-14.7875	777.0000
164	-18.2000	777.0000
165	-20.4750	777.0000
166	-18.0375	777.0000
167	-19.0125	777.0000
168	-20.1500	777.0000
169	-21.4500	778.0000
170	-22.7500	777.0000
171	-24.0500	778.0000
172	-25.6750	779.0000
173	-26.9750	779.0000
174	-28.4375	778.0000
175	-29.9000	778.0000
176	-31.5250	777.0000
177	-32.9875	777.0000
178	-34.7750	777.0000
179	-36.5625	777.0000
180	-38.3500	777.0000
181	-39.9750	777.0000
182	-41.7625	778.0000
183	-43.7125	778.0000
184	-45.1750	778.0000
185	-47.1250	778.0000
186	-48.9125	778.0000
187	-51.1875	777.0000
188	-52.6500	778.0000
189	-54.9250	777.0000
190	-56.7125	777.0000
191	-58.8250	777.0000
192	-60.9375	777.0000
193	-63.0500	777.0000
194	-65.0000	778.0000
195	-66.9500	778.0000
196	-69.0625	778.0000
197	-71.1750	778.0000
198	-73.2875	778.0000
199	-75.4000	778.0000
200	-77.5125	777.0000
201	-79.7875	777.0000
202	-81.9000	777.0000
203	-84.1750	777.0000
204	-86.4500	777.0000
205	-88.7250	777.0000
206	-97.8250	777.0000
207	-93.4375	778.0000
208	-95.5500	778.0000
209	-97.9875	778.0000
210	-100.1000	778.0000
211	-102.5375	778.0000
212	-104.8125	778.0000
213	-107.0875	777.0000
214	-109.5250	777.0000
215	-111.9625	777.0000
216	-114.4000	777.0000
217	-116.6750	777.0000
218	-118.6250	777.0000
219	-121.2250	778.0000
220	-123.8250	778.0000
221	-125.9375	778.0000
222	-128.5375	778.0000
223	-130.6500	779.0000
224	-134.2250	778.0000
225	-135.8500	778.0000
226	-138.1250	777.0000
227	-140.7250	777.0000
228	-143.1625	778.0000
229	-146.2500	777.0000
230	-148.8500	778.0000
231	-151.1250	778.0000
232	-153.7250	778.0000
233	-156.3250	778.0000
234	-158.6000	778.0000
235	-161.3625	779.0000
236	-163.8000	779.0000
237	-166.4000	778.0000
238	-168.8375	777.0000
239	-171.4375	778.0000
240	-173.8750	778.0000
241	-176.4750	777.0000
242	-178.9125	777.0000
243	-181.6750	778.0000
244	-184.1125	778.0000
245	-186.8750	778.0000
246	-189.4750	779.0000
247	-192.0750	779.0000
248	-194.5125	779.0000
249	-197.1125	778.0000
250	-199.7125	778.0000
251	-202.3125	778.0000
252	-204.9125	778.0000
253	-207.5125	777.0000
254	-210.1125	778.0000
255	-212.7125	778.0000
256	-215.4750	778.0000
257	-217.9125	778.0000
258	-220.5125	779.0000
259	-222.7875	779.0000
260	-224.7375	779.0000
261	-226.5250	779.0000
262	-227.9875	778.0000
263	-229.1250	778.0000
264	-230.2625	778.0000
265	-231.0750	778.0000
266	-231.5625	778.0000
267	-232.3750	778.0000
268	-232.5375	778.0000
269	-232.8625	778.0000
270	-232.8625	778.0000
271	-232.8625	779.0000
272	-232.7000	779.0000
273	-232.3750	779.0000
274	-232.0500	779.0000
275	-231.5625	779.0000
276	-231.0750	778.0000
277	-230.4250	778.0000
278	-229.7750	778.0000
279	-228.8000	778.0000
280	-227.6625	778.0000
281	-226.3625	778.0000
282	-225.3875	779.0000
283	-224.5750	779.0000
284	-223.2750	779.0000
285	-222.1375	779.0000
286	-221.0000	779.0000
287	-219.8625	779.0000
288	-218.2375	778.0000
289	-217.1000	778.0000
290	-215.6375	778.0000
291	-214.8250	778.0000
292	-212.8750	778.0000
293	-211.2500	778.0000
294	-209.6250	778.0000
295	-208.0000	779.0000
296	-206.7000	779.0000
297	-204.7500	779.0000
298	-203.4500	779.0000
299	-201.6625	779.0000
300	-200.0375	778.0000
301	-198.2500	778.0000
302	-196.3000	778.0000
303	-194.5125	778.0000
304	-192.8875	778.0000
305	-190.7750	778.0000
306	-188.8250	778.0000
307	-187.0375	778.0000
308	-185.0875	779.0000
309	-182.9750	778.0000
310	-181.0250	779.0000
311	-179.0750	779.0000
312	-177.1250	778.0000
313	-175.1750	778.0000
314	-172.7375	778.0000
315	-170.7875	777.0000
316	-168.6750	777.0000
317	-173.8750	777.0000
318	-164.4500	778.0000
319	-162.1750	778.0000
320	-160.2250	779.0000
321	-157.7875	778.0000
322	-155.8375	778.0000
323	-153.4000	778.0000
324	-151.2875	778.0000
325	-149.0125	778.0000
326	-146.7375	778.0000
327	-144.4625	778.0000
328	-142.1875	777.0000
329	-143.3250	777.0000
330	-137.6375	778.0000
331	-135.3625	780.0000
332	-132.9250	778.0000
333	-130.6500	779.0000
334	-128.2125	781.0000
335	-125.9375	778.0000
336	-123.6625	778.0000
337	-121.0625	778.0000
338	-118.7875	775.0000
339	-116.5125	777.0000
340	-114.0750	777.0000
341	-111.6375	777.0000
342	-109.0375	777.0000
343	-106.6000	778.0000
344	-104.1625	778.0000
345	-101.8875	778.0000
346	-99.2875	778.0000
347	-97.1750	778.0000
348	-94.4125	778.0000
349	-91.9750	778.0000
350	-89.7000	777.0000
351	-86.9375	778.0000
352	-84.1750	777.0000
353	-81.7375	777.0000
354	-79.7875	777.0000
355	-76.7000	777.0000
356	-74.4250	777.0000
357	-71.6625	778.0000
358	-69.5500	778.0000
359	-66.6250	778.0000
360	-64.3500	778.0000
361	-62.0750	776.0000
362	-59.6375	778.0000
363	-57.2000	777.0000
364	-54.7625	777.0000
365	-52.1625	777.0000
366	-49.5625	777.0000
367	-47.1250	777.0000
368	-44.6875	778.0000
369	-42.2500	778.0000
370	-39.6500	778.0000
371	-37.0500	778.0000
372	-34.9375	778.0000
373	-32.3375	778.0000
374	-30.0625	778.0000
375	-27.6250	777.0000
376	-25.1875	777.0000
377	-22.9125	778.0000
378	-21.1250	777.0000
379	-19.0125	777.0000
380	-17.0625	777.0000
381	-15.7625	778.0000
382	-14.7875	778.0000
383	-13.9750	778.0000
384	-13.4875	779.0000
385	-12.8375	778.0000
386	-12.5125	778.0000
387	-12.1875	778.0000
388	-11.8625	778.0000
389	-11.5375	777.0000
390	-11.3750	777.0000
391	-11.2125	778.0000
392	-11.0500	777.0000
393	-10.7250	777.0000
394	-10.2375	777.0000
395	-10.2375	778.0000
396	-14.9500	778.0000
397	-10.0750	778.0000
398	-9.9125	778.0000
399	-9.7500	778.0000
400	-9.7500	777.0000
401	-9.4250	777.0000
402	-9.4250	777.0000
403	-9.2625	777.0000
404	-9.2625	777.0000
405	-9.1000	777.0000
406	-9.1000	777.0000
407	-9.1000	778.0000
408	-9.1000	779.0000
409	-8.9375	778.0000
410	-8.9375	778.0000
411	-8.9375	778.0000
412	-8.7750	778.0000
413	-8.7750	778.0000
414	-8.1250	777.0000
415	-8.2875	777.0000
416	-7.9625	777.0000
417	-7.9625	778.0000
418	-7.9625	778.0000
419	-7.9625	778.0000
420	-7.8000	778.0000
421	-7.9625	778.0000
422	-7.9625	778.0000
423	-7.6375	779.0000
424	-7.4750	778.0000
425	-7.4750	778.0000
426	-7.4750	777.0000
427	-7.4750	777.0000
428	-15.1125	776.0000
429	-10.2375	777.0000
430	-10.0750	777.0000
431	-7.8000	778.0000
432	-7.8000	778.0000
433	-7.8000	778.0000
434	-7.8000	778.0000
435	-7.9625	778.0000
436	-7.8000	779.0000
437	-7.6375	779.0000
438	-7.4750	778.0000
439	-12.3500	777.0000
440	-7.8000	777.0000
441	-7.8000	777.0000
442	-7.6375	777.0000
443	-7.4750	778.0000
444	-7.3125	778.0000
445	-7.3125	778.0000
446	-7.3125	778.0000
447	-7.3125	777.0000
448	-7.3125	779.0000
449	-7.1500	778.0000
450	-7.1500	780.0000
451	-6.9875	778.0000
452	-7.1500	777.0000
453	-7.1500	777.0000
454	-6.9875	777.0000
455	-6.9875	777.0000
456	-6.9875	778.0000
457	-6.9875	778.0000
458	-6.8250	778.0000
459	-6.9875	778.0000
460	-6.8250	778.0000
461	-6.8250	778.0000
462	-6.8250	778.0000
463	-6.8250	777.0000
464	-13.9750	777.0000
465	-19.3375	777.0000
466	-16.5750	777.0000
467	-22.1000	777.0000
468	-21.2875	777.0000
469	-19.5000	778.0000
470	-32.6625	778.0000
471	-24.0500	778.0000
472	-22.4250	778.0000
473	-12.3500	778.0000
474	-7.8000	778.0000
475	-7.1500	778.0000
476	-6.8250	777.0000
477	-6.8250	777.0000
478	-6.5000	777.0000
479	-6.5000	777.0000
480	-8.7750	777.0000
481	-6.5000	778.0000
482	-6.6625	778.0000
483	-6.6625	778.0000
484	-6.5000	778.0000
485	-6.3375	778.0000
486	-6.3375	780.0000
487	-6.3375	778.0000
488	-6.3375	777.0000
489	-6.3375	777.0000
490	-6.1750	777.0000
491	-10.4000	777.0000
492	-6.3375	777.0000
493	-6.1750	777.0000
494	-9.1000	778.0000
495	-14.6250	778.0000
496	-27.1375	778.0000
497	-17.5500	778.0000
498	-15.9250	778.0000
499	-16.2500	778.0000
500	-10.0750	778.0000
501	-6.1750	778.0000
502	-6.0125	777.0000
503	-6.3375	777.0000
504	-6.6625	777.0000
505	-7.4750	777.0000
506	-17.0625	778.0000
507	-16.0875	778.0000
508	-15.9250	778.0000
509	-14.7875	778.0000
510	-6.1750	778.0000
511	-5.8500	778.0000
512	-5.8500	778.0000
513	-5.6875	777.0000
514	-5.8500	777.0000
515	-10.8875	777.0000
516	-14.3000	777.0000
517	-15.9250	777.0000
518	-15.7625	778.0000
519	-15.7625	778.0000
520	-14.7875	778.0000
521	-12.5125	779.0000
522	-7.1500	778.0000
523	-5.8500	778.0000
524	-5.8500	779.0000
525	-5.8500	778.0000
526	-6.0125	777.0000
527	-8.1250	777.0000
528	-11.8625	777.0000
529	-15.6000	777.0000
530	-15.6000	777.0000
531	-11.8625	778.0000
532	-10.5625	778.0000
533	-5.8500	778.0000
534	-5.6875	778.0000
535	-5.8500	778.0000
536	-5.6875	777.0000
537	-5.3625	778.0000
538	-5.5250	777.0000
539	-8.9375	777.0000
540	-10.2375	777.0000
541	-5.5250	780.0000
542	-5.6875	777.0000
543	-5.5250	777.0000
544	-5.5250	778.0000
545	-5.3625	778.0000
546	-5.3625	776.0000
547	-5.3625	778.0000
548	-5.2000	778.0000
549	-5.3625	778.0000
550	-5.3625	778.0000
551	-5.2000	778.0000
552	-5.2000	778.0000
553	-5.2000	777.0000
554	-9.1000	777.0000
555	-5.3625	777.0000
556	-5.2000	779.0000
557	-5.2000	778.0000
558	-5.0375	778.0000
559	-5.0375	779.0000
560	-5.0375	778.0000
561	-5.0375	778.0000
562	-5.0375	778.0000
563	-5.2000	778.0000
564	-5.0375	778.0000
565	-4.3875	777.0000
566	-4.3875	777.0000
567	-4.3875	777.0000
568	-4.3875	778.0000
569	-4.2250	778.0000
570	-5.0375	779.0000
571	-4.7125	778.0000
572	-4.5500	778.0000
573	-4.8750	779.0000
574	-4.2250	778.0000
575	-4.2250	777.0000
576	-4.3875	777.0000
577	-4.2250	778.0000
578	-4.0625	778.0000
579	-4.0625	777.0000
580	-4.0625	777.0000
581	-4.0625	778.0000
582	-4.0625	783.0000
583	-3.9000	779.0000
584	-3.9000	778.0000
585	-3.9000	778.0000
586	-3.7375	778.0000
587	-3.7375	778.0000
588	-3.9000	778.0000
589	-3.5750	777.0000
590	-8.7750	778.0000
591	-3.5750	777.0000
592	-3.5750	777.0000
593	-3.2500	778.0000
594	-3.4125	778.0000
595	-3.4125	778.0000
596	-3.4125	778.0000
597	-3.2500	778.0000
598	-3.2500	779.0000
599	-3.7375	778.0000
600	-3.2500	778.0000
601	-3.5750	778.0000
602	-3.0875	777.0000
603	-3.0875	777.0000
604	-3.2500	777.0000
605	-2.9250	777.0000
606	-3.0875	778.0000
607	-3.2500	778.0000
608	-3.2500	778.0000
609	-2.7625	778.0000
610	-2.7625	779.0000
611	-2.7625	779.0000
612	-2.7625	778.0000
613	-2.6000	778.0000
614	-2.6000	778.0000
615	-3.2500	777.0000
616	-2.6000	777.0000
617	-2.2750	777.0000
618	-2.1125	778.0000
619	-2.1125	778.0000
620	-2.2750	778.0000
621	-2.7625	778.0000
622	-2.2750	778.0000
623	-2.1125	778.0000
624	-1.9500	778.0000
625	-1.7875	778.0000
626	-1.6250	777.0000
627	-1.7875	778.0000
628	-1.4625	778.0000
629	-1.4625	777.0000
630	-1.6250	777.0000
631	-1.6250	778.0000
632	-1.4625	778.0000
633	-1.3000	778.0000
634	-1.1375	778.0000
635	-1.1375	778.0000
636	-1.1375	779.0000
637	-1.1375	778.0000
638	-0.9750	778.0000
639	-0.9750	778.0000
640	-0.6500	777.0000
641	-0.8125	777.0000
642	-0.6500	777.0000
643	-0.8125	777.0000
644	-0.3250	778.0000
645	-0.4875	778.0000
646	-0.3250	779.0000
647	-0.3250	778.0000
648	-0.1625	779.0000
649	-0.1625	778.0000
650	-0.4875	779.0000
651	-2.4375	778.0000
652	-0.4875	777.0000
653	-1.1375	775.0000
654	-0.1625	777.0000
655	-0.1625	777.0000
656	0.0000	778.0000
657	0.3250	778.0000
658	0.4875	779.0000
659	0.6500	778.0000
660	0.8125	779.0000
661	1.1375	778.0000
662	1.4625	778.0000
663	2.2750	778.0000
664	2.9250	778.0000
665	3.4125	777.0000
666	3.7375	777.0000
667	4.7125	777.0000
668	5.6875	778.0000
669	6.0125	778.0000
670	7.3125	778.0000
671	7.6375	778.0000
672	8.9375	779.0000
673	10.4000	778.0000
674	11.2125	778.0000
675	12.5125	778.0000
676	13.4875	778.0000
677	14.9500	777.0000
678	16.2500	777.0000
679	17.7125	777.0000
680	19.1750	777.0000
681	20.6375	778.0000
682	21.7750	778.0000
683	23.7250	778.0000
684	25.3500	779.0000
685	27.3000	778.0000
686	29.0875	778.0000
687	30.7125	778.0000
688	32.8250	778.0000
689	34.2875	778.0000
690	36.2375	777.0000
691	38.3500	777.0000
692	40.6250	777.0000
693	42.4125	778.0000
694	44.8500	778.0000
695	46.9625	779.0000
696	49.0750	778.0000
697	51.1875	778.0000
698	52.3250	779.0000
699	54.9250	778.0000
700	57.2000	778.0000
701	59.4750	778.0000
702	61.9125	778.0000
703	64.3500	778.0000
704	66.6250	778.0000
705	69.2250	778.0000
706	71.5000	778.0000
707	73.9375	779.0000
708	76.2125	779.0000
709	78.8125	779.0000
710	81.2500	779.0000
711	83.8500	778.0000
712	86.4500	778.0000
713	89.0500	780.0000
714	91.6500	777.0000
715	94.2500	778.0000
716	96.8500	778.0000
717	99.9375	778.0000
718	102.5375	778.0000
719	105.3000	778.0000
720	107.7375	779.0000
721	110.6625	779.0000
722	113.4250	779.0000
723	116.0250	778.0000
724	118.6250	779.0000
725	121.5500	778.0000
726	123.8250	778.0000
727	126.5875	778.0000
728	129.5125	778.0000
729	132.4375	777.0000
730	135.3625	778.0000
731	137.9625	778.0000
732	140.7250	779.0000
733	143.3250	779.0000
734	146.2500	779.0000
735	149.3375	779.0000
736	152.1000	779.0000
737	155.0250	779.0000
738	157.9500	778.0000
739	160.3875	778.0000
740	163.6375	778.0000
741	165.9125	778.0000
742	169.3250	778.0000
743	172.4125	779.0000
744	175.3375	778.0000
745	178.2625	779.0000
746	181.1875	779.0000
747	183.9500	779.0000
748	186.7125	779.0000
749	189.8000	779.0000
750	192.5625	779.0000
751	195.3250	779.0000
752	198.4125	778.0000
753	201.5000	779.0000
754	203.7750	779.0000
755	207.1875	779.0000
756	210.1125	779.0000
757	213.0375	779.0000
758	215.9625	780.0000
759	218.8875	780.0000
760	221.8125	780.0000
761	216.2875	780.0000
762	221.3250	780.0000
763	229.4500	779.0000
764	232.5375	779.0000
765	235.6250	779.0000
766	238.8750	779.0000
767	241.8000	779.0000
768	244.8875	779.0000
769	247.9750	780.0000
770	250.7375	780.0000
771	253.0125	780.0000
772	255.1250	780.0000
773	257.2375	780.0000
774	258.8625	780.0000
775	260.6500	780.0000
776	261.7875	779.0000
777	262.9250	779.0000
778	263.9000	779.0000
779	265.2000	779.0000
780	265.5250	779.0000
781	266.0125	780.0000
782	262.9250	780.0000
783	265.8500	780.0000
784	266.0125	780.0000
785	266.1750	780.0000
786	266.0125	777.0000
787	265.5250	780.0000
788	265.0375	780.0000
789	264.5500	779.0000
790	263.9000	779.0000
791	263.2500	779.0000
792	262.2750	780.0000
793	261.6250	779.0000
794	260.4875	780.0000
795	259.5125	780.0000
796	257.8875	780.0000
797	257.4000	780.0000
798	255.2875	780.0000
799	254.9625	780.0000
800	253.8250	780.0000
801	252.3625	777.0000
802	250.7375	779.0000
803	249.6000	779.0000
804	247.6500	782.0000
805	246.3500	779.0000
806	244.7250	779.0000
807	243.2625	780.0000
808	241.8000	780.0000
809	239.6875	780.0000
810	235.3000	780.0000
811	236.1125	780.0000
812	234.3250	780.0000
813	232.8625	779.0000
814	231.0750	779.0000
815	229.1250	779.0000
816	227.0125	779.0000
817	225.3875	779.0000
818	223.2750	779.0000
819	221.0000	779.0000
820	218.8875	780.0000
821	217.1000	780.0000
822	214.9875	776.0000
823	213.0375	780.0000
824	210.9250	779.0000
825	208.9750	780.0000
826	206.7000	779.0000
827	204.5875	779.0000
828	202.4750	779.0000
829	200.0375	779.0000
830	197.9250	779.0000
831	195.6500	779.0000
832	193.3750	779.0000
833	191.2625	780.0000
834	188.8250	780.0000
835	186.8750	780.0000
836	184.4375	779.0000
837	181.5125	779.0000
838	180.0500	779.0000
839	177.6125	779.0000
840	175.1750	779.0000
841	172.9000	779.0000
842	170.3000	779.0000
843	168.0250	779.0000
844	165.4250	779.0000
845	162.9875	779.0000
846	160.7125	779.0000
847	158.1125	779.0000
848	155.8375	779.0000
849	153.4000	779.0000
850	150.6375	779.0000
851	148.3625	779.0000
852	145.9250	778.0000
853	143.6500	778.0000
854	141.0500	778.0000
855	138.4500	778.0000
856	135.8500	778.0000
857	133.0875	780.0000
858	130.8125	779.0000
859	128.2125	779.0000
860	125.4500	779.0000
861	123.0125	779.0000
862	120.5750	779.0000
863	117.9750	778.0000
864	115.5375	778.0000
865	111.9625	778.0000
866	109.8500	778.0000
867	107.4125	778.0000
868	104.8125	778.0000
869	102.3750	778.0000
870	99.4500	779.0000
871	96.8500	779.0000
872	92.9500	779.0000
873	91.1625	779.0000
874	86.6125	778.0000
875	85.9625	778.0000
876	83.5250	778.0000
877	81.0875	777.0000
878	78.4875	778.0000
879	75.7250	777.0000
880	73.2875	778.0000
881	70.8500	778.0000
882	68.0875	778.0000
883	65.3250	779.0000
884	62.8875	778.0000
885	60.1250	779.0000
886	58.1750	779.0000
887	55.7375	778.0000
888	53.1375	778.0000
889	51.3500	778.0000
890	48.7500	778.0000
891	46.6375	778.0000
892	44.6875	777.0000
893	43.2250	777.0000
894	42.4125	778.0000
895	41.9250	778.0000
896	41.4375	779.0000
897	40.7875	778.0000
898	40.3000	779.0000
899	39.9750	779.0000
900	39.6500	778.0000
901	39.0000	778.0000
902	39.3250	777.0000
903	38.3500	778.0000
904	38.8375	777.0000
905	38.6750	777.0000
906	38.5125	778.0000
907	38.5125	779.0000
908	38.5125	779.0000
909	38.1875	779.0000
910	38.0250	779.0000
911	38.0250	778.0000
912	37.8625	778.0000
913	37.8625	778.0000
914	37.8625	778.0000
915	37.5375	778.0000
916	37.5375	777.0000
917	37.5375	777.0000
918	37.3750	777.0000
919	37.2125	775.0000
920	37.2125	778.0000
921	33.9625	779.0000
922	36.4000	779.0000
923	36.2375	778.0000
924	36.4000	779.0000
925	36.4000	778.0000
926	36.2375	778.0000
927	36.2375	777.0000
928	35.9125	777.0000
929	36.0750	777.0000
930	36.0750	777.0000
931	35.9125	778.0000
932	30.8750	778.0000
933	35.9125	778.0000
934	35.9125	778.0000
935	35.7500	778.0000
936	35.7500	779.0000
937	35.7500	778.0000
938	35.5875	778.0000
939	35.9125	777.0000
940	36.0750	777.0000
941	36.0750	777.0000
942	35.4250	777.0000
943	35.9125	777.0000
944	23.2375	778.0000
945	5.5250	778.0000
946	24.2125	779.0000
947	25.8375	779.0000
948	31.5250	778.0000
949	31.6875	778.0000
950	32.6625	778.0000
951	31.6875	778.0000
952	30.7125	777.0000
953	32.5000	777.0000
954	32.6625	777.0000
955	34.7750	777.0000
956	34.6125	778.0000
957	34.7750	778.0000
958	31.2000	778.0000
959	34.2875	779.0000
960	34.4500	779.0000
961	34.6125	778.0000
962	34.4500	778.0000
963	34.6125	778.0000
964	34.7750	778.0000
965	34.6125	778.0000
966	34.7750	777.0000
967	34.9375	777.0000
968	35.2625	778.0000
969	34.7750	778.0000
970	35.1000	779.0000
971	34.7750	778.0000
972	34.9375	778.0000
973	34.6125	779.0000
974	34.7750	779.0000
975	33.1500	778.0000
976	34.2875	778.0000
977	34.2875	778.0000
978	34.2875	778.0000
979	34.2875	777.0000
980	34.1250	777.0000
981	34.2875	778.0000
982	34.1250	778.0000
983	33.6375	778.0000
984	28.6000	778.0000
985	28.6000	778.0000
986	33.9625	779.0000
987	33.8000	778.0000
988	33.9625	778.0000
989	33.9625	778.0000
990	33.8000	777.0000
991	33.8000	777.0000
992	33.8000	777.0000
993	33.9625	778.0000
994	33.8000	778.0000
995	33.8000	779.0000
996	33.8000	778.0000
997	33.6375	778.0000
998	33.6375	778.0000
999	33.6375	779.0000
1000	33.6375	779.0000
1001	33.6375	778.0000
1002	34.2875	778.0000
1003	33.3125	777.0000
1004	33.8000	778.0000
1005	34.1250	778.0000
1006	33.9625	778.0000
1007	34.1250	778.0000
1008	33.9625	778.0000
1009	33.9625	778.0000
1010	33.9625	779.0000
1011	33.9625	779.0000
1012	33.9625	779.0000
1013	33.9625	778.0000
1014	33.9625	778.0000
1015	33.8000	778.0000
1016	33.9625	778.0000
1017	33.6375	778.0000
1018	33.6375	778.0000
1019	32.3375	778.0000
1020	1.3000	778.0000
1021	31.5250	779.0000
1022	33.3125	779.0000
1023	32.8250	779.0000

0	32.3375	778.0000
1	16.7375	778.0000
2	23.8875	778.0000
3	29.2500	777.0000
4	32.1750	778.0000
5	31.8500	778.0000
6	31.6875	779.0000
7	32.9875	778.0000
8	30.0625	779.0000
9	33.3125	779.0000
10	33.3125	779.0000
11	33.1500	778.0000
12	26.0000	778.0000
13	32.9875	778.0000
14	33.3125	778.0000
15	1.4625	778.0000
16	21.4500	778.0000
17	32.5000	777.0000
18	32.5000	778.0000
19	32.9875	778.0000
20	33.1500	779.0000
21	33.1500	779.0000
22	32.3375	779.0000
23	32.6625	779.0000
24	32.8250	778.0000
25	33.1500	778.0000
26	32.9875	778.0000
27	32.9875	778.0000
28	32.8250	777.0000
29	32.8250	778.0000
30	32.6625	778.0000
31	32.8250	778.0000
32	32.8250	779.0000
33	32.9875	778.0000
34	32.8250	779.0000
35	32.8250	779.0000
36	32.8250	779.0000
37	32.8250	778.0000
38	32.5000	777.0000
39	32.8250	778.0000
40	32.8250	778.0000
41	32.3375	778.0000
42	32.6625	778.0000
43	32.6625	778.0000
44	32.9875	778.0000
45	33.3125	779.0000
46	32.1750	779.0000
47	32.8250	778.0000
48	32.9875	779.0000
49	33.1500	778.0000
50	32.1750	778.0000
51	32.8250	778.0000
52	33.1500	777.0000
53	32.9875	778.0000
54	32.8250	778.0000
55	32.8250	778.0000
56	32.9875	778.0000
57	32.8250	780.0000
58	32.9875	779.0000
59	32.6625	779.0000
60	32.8250	779.0000
61	30.5500	779.0000
62	0.6500	778.0000
63	1.4625	778.0000
64	0.9750	778.0000
65	3.0875	776.0000
66	6.0125	777.0000
67	5.5250	778.0000
68	1.4625	778.0000
69	2.1125	778.0000
70	2.2750	778.0000
71	2.6000	779.0000
72	1.9500	779.0000
73	6.9875	778.0000
74	-1.7875	778.0000
75	-2.2750	778.0000
76	-0.1625	778.0000
77	0.3250	778.0000
78	14.1375	777.0000
79	16.2500	777.0000
80	27.4625	778.0000
81	29.2500	778.0000
82	30.3875	778.0000
83	29.7375	778.0000
84	6.5000	778.0000
85	2.4375	779.0000
86	2.2750	779.0000
87	2.1125	778.0000
88	2.2750	780.0000
89	2.6000	777.0000
90	1.7875	778.0000
91	2.1125	777.0000
92	2.2750	778.0000
93	1.9500	778.0000
94	1.7875	778.0000
95	1.6250	778.0000
96	1.1375	779.0000
97	1.9500	779.0000
98	1.9500	779.0000
99	1.6250	778.0000
100	0.6500	778.0000
101	0.9750	778.0000
102	0.8125	778.0000
103	1.4625	778.0000
104	1.4625	778.0000
105	1.3000	777.0000
106	1.7875	778.0000
107	1.1375	778.0000
108	9.1000	779.0000
109	1.1375	779.0000
110	1.4625	778.0000
111	0.4875	779.0000
112	3.4125	778.0000
113	3.0875	778.0000
114	20.8000	778.0000
115	28.9250	777.0000
116	29.0875	778.0000
117	0.3250	778.0000
118	0.1625	778.0000
119	-2.6000	778.0000
120	0.1625	779.0000
121	-0.4875	779.0000
122	0.6500	779.0000
123	0.3250	779.0000
124	0.3250	778.0000
125	0.0000	778.0000
126	0.1625	778.0000
127	0.0000	778.0000
128	-0.1625	776.0000
129	-0.1625	778.0000
130	-0.1625	778.0000
131	-0.3250	778.0000
132	-0.4875	779.0000
133	-0.4875	776.0000
134	20.9625	779.0000
135	27.9500	779.0000
136	27.6250	779.0000
137	27.6250	778.0000
138	27.6250	778.0000
139	27.3000	778.0000
140	27.6250	777.0000
141	27.3000	778.0000
142	27.1375	778.0000
143	26.9750	778.0000
144	26.8125	778.0000
145	26.1625	779.0000
146	26.1625	779.0000
147	26.0000	779.0000
148	25.6750	779.0000
149	25.8375	778.0000
150	25.5125	778.0000
151	24.8625	778.0000
152	24.5375	778.0000
153	23.8875	777.0000
154	23.0750	778.0000
155	22.4250	778.0000
156	21.6125	778.0000
157	20.6375	778.0000
158	19.6625	779.0000
159	19.0125	779.0000
160	17.8750	779.0000
161	17.0625	779.0000
162	15.9250	778.0000
163	14.6250	778.0000
164	13.3250	778.0000
165	12.0250	778.0000
166	10.8875	777.0000
167	9.2625	777.0000
168	7.8000	778.0000
169	6.3375	779.0000
170	4.7125	778.0000
171	2.9250	778.0000
172	1.4625	779.0000
173	-0.3250	779.0000
174	-6.1750	778.0000
175	-7.3125	778.0000
176	-5.8500	777.0000
177	-7.8000	778.0000
178	-9.5875	777.0000
179	-11.7000	778.0000
180	-13.6500	778.0000
181	-15.6000	778.0000
182	-17.7125	779.0000
183	-19.8250	779.0000
184	-22.1000	779.0000
185	-24.2125	779.0000
186	-26.3250	778.0000
187	-28.7625	778.0000
188	-30.8750	778.0000
189	-32.9875	778.0000
190	-35.2625	777.0000
191	-37.7000	778.0000
192	-39.9750	778.0000
193	-41.7625	778.0000
194	-44.3625	778.0000
195	-46.8000	779.0000
196	-49.0750	779.0000
197	-51.8375	779.0000
198	-53.9500	779.0000
199	-56.3875	778.0000
200	-59.9625	778.0000
201	-61.5875	778.0000
202	-63.8625	777.0000
203	-66.3000	777.0000
204	-69.5500	777.0000
205	-72.1500	778.0000
206	-74.9125	778.0000
207	-77.3500	779.0000
208	-80.1125	779.0000
209	-82.5500	779.0000
210	-85.1500	779.0000
211	-87.9125	779.0000
212	-90.5125	778.0000
213	-93.1125	778.0000
214	-95.8750	778.0000
215	-98.6375	778.0000
216	-101.0750	778.0000
217	-103.6750	778.0000
218	-106.2750	778.0000
219	-109.2000	779.0000
220	-111.8000	779.0000
221	-115.2125	779.0000
222	-117.8125	779.0000
223	-120.5750	779.0000
224	-123.1750	779.0000
225	-125.7750	778.0000
226	-144.3000	778.0000
227	-144.7875	778.0000
228	-134.0625	778.0000
229	-136.5000	778.0000
230	-139.5875	778.0000
231	-143.0000	778.0000
232	-146.4125	779.0000
233	-147.3875	779.0000
234	-151.2875	779.0000
235	-153.0750	779.0000
236	-155.8375	779.0000
237	-158.6000	778.0000
238	-161.2000	778.0000
239	-164.1250	778.0000
240	-167.0500	778.0000
241	-169.8125	778.0000
242	-172.4125	778.0000
243	-175.3375	778.0000
244	-178.1000	779.0000
245	-180.8625	779.0000
246	-183.4625	779.0000
247	-186.5500	779.0000
248	-189.1500	779.0000
249	-191.9125	779.0000
250	-194.8375	779.0000
251	-197.6000	778.0000
252	-200.3625	775.0000
253	-203.1250	778.0000
254	-206.0500	778.0000
255	-208.4875	779.0000
256	-211.0875	779.0000
257	-213.8500	779.0000
258	-216.9375	779.0000
259	-219.0500	779.0000
260	-221.0000	779.0000
261	-222.7875	779.0000
262	-224.4125	779.0000
263	-225.8750	779.0000
264	-227.1750	778.0000
265	-228.4750	779.0000
266	-228.9625	778.0000
267	-230.2625	779.0000
268	-230.1000	779.0000
269	-230.5875	779.0000
270	-230.5875	779.0000
271	-240.0125	780.0000
272	-230.7500	780.0000
273	-231.5625	779.0000
274	-230.4250	779.0000
275	-230.1000	782.0000
276	-229.6125	778.0000
277	-228.9625	779.0000
278	-228.6375	779.0000
279	-227.8250	778.0000
280	-226.6875	779.0000
281	-225.8750	779.0000
282	-225.0625	779.0000
283	-224.0875	779.0000
284	-222.9500	780.0000
285	-222.1375	779.0000
286	-223.7625	779.0000
287	-219.5375	779.0000
288	-218.0750	779.0000
289	-216.7750	779.0000
290	-215.4750	778.0000
291	-214.0125	778.0000
292	-212.5500	778.0000
293	-211.2500	779.0000
294	-209.4625	779.0000
295	-208.0000	779.0000
296	-206.3750	779.0000
297	-204.7500	779.0000
298	-203.1250	779.0000
299	-201.3375	779.0000
300	-199.5500	779.0000
301	-197.7625	779.0000
302	-196.1375	778.0000
303	-194.1875	778.0000
304	-192.4000	778.0000
305	-190.6125	778.0000
306	-188.6625	779.0000
307	-186.7125	779.0000
308	-184.7625	779.0000
309	-182.8125	779.0000
310	-180.8625	779.0000
311	-178.7500	779.0000
312	-176.8000	779.0000
313	-174.6875	778.0000
314	-172.5750	778.0000
315	-170.4625	778.0000
316	-168.3500	778.0000
317	-166.2375	778.0000
318	-164.1250	779.0000
319	-162.0125	779.0000
320	-159.9000	779.0000
321	-157.6250	779.0000
322	-155.3500	779.0000
323	-153.2375	779.0000
324	-150.9625	779.0000
325	-148.8500	778.0000
326	-146.4125	778.0000
327	-143.9750	778.0000
328	-141.8625	778.0000
329	-138.9375	778.0000
330	-136.6625	778.0000
331	-134.5500	778.0000
332	-131.9500	779.0000
333	-129.8375	779.0000
334	-127.4000	779.0000
335	-125.6125	779.0000
336	-123.1750	778.0000
337	-120.9000	778.0000
338	-118.7875	778.0000
339	-116.3500	781.0000
340	-113.7500	777.0000
341	-111.3125	777.0000
342	-109.0375	778.0000
343	-106.6000	778.0000
344	-104.0000	778.0000
345	-101.4000	778.0000
346	-99.1250	779.0000
347	-96.6875	779.0000
348	-94.2500	779.0000
349	-91.6500	779.0000
350	-89.3750	778.0000
351	-86.9375	778.0000
352	-84.1750	778.0000
353	-81.9000	777.0000
354	-79.3000	778.0000
355	-76.8625	778.0000
356	-74.5875	778.0000
357	-71.9875	778.0000
358	-69.2250	779.0000
359	-66.7875	778.0000
360	-64.3500	779.0000
361	-61.9125	779.0000
362	-59.1500	778.0000
363	-56.8750	778.0000
364	-54.2750	777.0000
365	-52.0000	777.0000
366	-49.5625	778.0000
367	-46.9625	778.0000
368	-45.0125	778.0000
369	-42.0875	780.0000
370	-39.4875	779.0000
371	-37.0500	779.0000
372	-34.6125	779.0000
373	-32.1750	779.0000
374	-29.5750	778.0000
375	-27.3000	778.0000
376	-25.0250	778.0000
377	-22.7500	778.0000
378	-20.4750	778.0000
379	-18.5250	781.0000
380	-16.7375	778.0000
381	-15.4375	781.0000
382	-14.4625	779.0000
383	-13.8125	779.0000
384	-13.1625	779.0000
385	-12.6750	779.0000
386	-12.1875	779.0000
387	-13.9750	779.0000
388	-12.0250	778.0000
389	-11.0500	778.0000
390	-10.7250	778.0000
391	-10.7250	778.0000
392	-10.4000	778.0000
393	-10.0750	778.0000
394	-9.9125	779.0000
395	-9.9125	779.0000
396	-9.9125	779.0000
397	-12.6750	779.0000
398	-9.5875	779.0000
399	-9.5875	781.0000
400	-9.4250	778.0000
401	-9.1000	778.0000
402	-9.1000	778.0000
403	-8.9375	778.0000
404	-11.2125	778.0000
405	-8.9375	778.0000
406	-8.7750	778.0000
407	-8.9375	779.0000
408	-8.6125	779.0000
409	-8.9375	779.0000
410	-8.4500	779.0000
411	-8.4500	779.0000
412	-8.4500	778.0000
413	-8.4500	778.0000
414	-8.4500	777.0000
415	-8.2875	778.0000
416	-8.2875	778.0000
417	-8.1250	778.0000
418	-7.9625	778.0000
419	-7.9625	779.0000
420	-7.9625	779.0000
421	-7.8000	779.0000
422	-7.6375	779.0000
423	-7.8000	779.0000
424	-7.8000	778.0000
425	-7.6375	778.0000
426	-7.6375	778.0000
427	-7.9625	778.0000
428	-7.4750	776.0000
429	-7.4750	778.0000
430	-7.4750	778.0000
431	-7.3125	778.0000
432	-7.4750	779.0000
433	-7.3125	779.0000
434	-7.1500	779.0000
435	-7.1500	779.0000
436	-7.1500	779.0000
437	-7.1500	779.0000
438	-6.9875	778.0000
439	-6.9875	778.0000
440	-7.3125	778.0000
441	-6.9875	778.0000
442	-6.9875	778.0000
443	-6.9875	779.0000
444	-6.6625	779.0000
445	-6.8250	779.0000
446	-6.6625	777.0000
447	-6.8250	779.0000
448	-9.1000	779.0000
449	-6.5000	779.0000
450	-6.5000	778.0000
451	-6.3375	778.0000
452	-6.9875	778.0000
453	-6.5000	778.0000
454	-6.3375	778.0000
455	-6.1750	778.0000
456	-6.1750	778.0000
457	-6.1750	779.0000
458	-6.1750	779.0000
459	-6.1750	779.0000
460	-5.5250	779.0000
461	-5.5250	779.0000
462	-5.5250	778.0000
463	-5.6875	778.0000
464	-5.5250	778.0000
465	-5.3625	778.0000
466	-7.1500	778.0000
467	-5.5250	778.0000
468	-5.3625	778.0000
469	-5.5250	779.0000
470	-5.5250	779.0000
471	-6.0125	779.0000
472	-6.0125	779.0000
473	-5.6875	779.0000
474	-5.8500	778.0000
475	-5.8500	778.0000
476	-5.6875	778.0000
477	-5.8500	778.0000
478	-5.8500	778.0000
479	-5.6875	778.0000
480	-5.6875	778.0000
481	-5.6875	778.0000
482	-5.6875	779.0000
483	-5.6875	779.0000
484	-5.6875	779.0000
485	-5.6875	779.0000
486	-5.5250	778.0000
487	-5.5250	778.0000
488	-5.6875	778.0000
489	-5.5250	778.0000
490	-5.5250	778.0000
491	-9.4250	778.0000
492	-5.6875	778.0000
493	-5.5250	778.0000
494	-5.3625	779.0000
495	-5.3625	779.0000
496	-5.3625	779.0000
497	-5.3625	779.0000
498	-9.7500	779.0000
499	-35.5875	780.0000
500	-9.4250	778.0000
501	-8.4500	778.0000
502	-8.6125	778.0000
503	-5.2000	778.0000
504	-5.2000	778.0000
505	-5.2000	778.0000
506	-5.0375	779.0000
507	-9.1000	779.0000
508	-5.3625	779.0000
509	-5.2000	779.0000
510	-5.2000	779.0000
511	-5.2000	779.0000
512	-5.0375	778.0000
513	-4.8750	778.0000
514	-5.0375	778.0000
515	-5.2000	778.0000
516	-5.0375	778.0000
517	-5.0375	778.0000
518	-4.8750	778.0000
519	-5.0375	779.0000
520	-5.0375	779.0000
521	-5.0375	779.0000
522	-4.8750	779.0000
523	-4.8750	779.0000
524	-5.0375	778.0000
525	-4.8750	778.0000
526	-5.0375	778.0000
527	-5.0375	777.0000
528	-5.2000	778.0000
529	-4.7125	778.0000
530	-4.8750	778.0000
531	-4.8750	779.0000
532	-4.8750	779.0000
533	-4.7125	779.0000
534	-4.7125	779.0000
535	-4.7125	779.0000
536	-4.8750	778.0000
537	-4.5500	778.0000
538	-4.7125	778.0000
539	-4.7125	778.0000
540	-4.8750	778.0000
541	-4.7125	778.0000
542	-4.8750	778.0000
543	-4.7125	778.0000
544	-4.8750	778.0000
545	-4.7125	779.0000
546	-4.7125	778.0000
547	-4.7125	779.0000
548	-4.7125	779.0000
549	-4.2250	778.0000
550	-4.3875	778.0000
551	-4.2250	778.0000
552	-4.0625	778.0000
553	-4.0625	777.0000
554	-4.0625	778.0000
555	-4.0625	778.0000
556	-4.0625	778.0000
557	-3.9000	778.0000
558	-3.5750	779.0000
559	-4.0625	779.0000
560	-4.2250	779.0000
561	-3.9000	779.0000
562	-4.0625	778.0000
563	-3.9000	778.0000
564	-3.7375	778.0000
565	-3.7375	779.0000
566	-3.7375	778.0000
567	-3.7375	778.0000
568	-4.2250	778.0000
569	-4.2250	779.0000
570	-4.2250	779.0000
571	-4.2250	779.0000
572	-4.0625	779.0000
573	-4.2250	779.0000
574	-4.0625	779.0000
575	-4.0625	778.0000
576	-4.0625	778.0000
577	-3.9000	778.0000
578	-4.0625	777.0000
579	-4.0625	778.0000
580	-4.0625	778.0000
581	-4.0625	778.0000
582	-3.9000	779.0000
583	-3.9000	779.0000
584	-4.0625	779.0000
585	-3.9000	779.0000
586	-3.5750	778.0000
587	-3.9000	778.0000
588	-3.7375	778.0000
589	-3.7375	778.0000
590	-3.5750	781.0000
591	-3.5750	778.0000
592	-3.5750	778.0000
593	-3.7375	778.0000
594	-3.5750	778.0000
595	-4.2250	779.0000
596	-5.5250	779.0000
597	-4.2250	779.0000
598	-3.4125	779.0000
599	-4.0625	778.0000
600	-3.4125	778.0000
601	-3.0875	778.0000
602	-3.4125	778.0000
603	-3.2500	778.0000
604	-3.0875	778.0000
605	-3.0875	778.0000
606	-3.0875	778.0000
607	-3.0875	779.0000
608	-3.0875	779.0000
609	-2.9250	780.0000
610	-2.9250	779.0000
611	-2.7625	779.0000
612	-2.1125	778.0000
613	-2.1125	778.0000
614	-1.9500	778.0000
615	-2.1125	778.0000
616	-1.7875	778.0000
617	-1.9500	778.0000
618	-1.7875	779.0000
619	-1.6250	779.0000
620	-4.5500	779.0000
621	-1.6250	779.0000
622	-1.6250	779.0000
623	-1.4625	779.0000
624	-1.6250	778.0000
625	-1.4625	778.0000
626	-1.4625	778.0000
627	-1.9500	778.0000
628	-1.7875	778.0000
629	-1.6250	778.0000
630	-1.6250	778.0000
631	-1.4625	778.0000
632	-1.7875	779.0000
633	-1.3000	779.0000
634	-1.4625	779.0000
635	-1.3000	779.0000
636	-1.3000	779.0000
637	-1.3000	778.0000
638	-1.1375	778.0000
639	-1.1375	778.0000
640	-0.9750	778.0000
641	-0.8125	778.0000
642	-0.8125	778.0000
643	-0.4875	778.0000
644	-0.3250	778.0000
645	-0.4875	779.0000
646	-0.1625	779.0000
647	-0.1625	779.0000
648	-0.1625	779.0000
649	0.0000	779.0000
650	0.3250	778.0000
651	0.1625	778.0000
652	-13.9750	778.0000
653	0.4875	778.0000
654	0.4875	778.0000
655	0.6500	779.0000
656	0.6500	779.0000
657	0.9750	779.0000
658	0.9750	779.0000
659	1.1375	779.0000
660	1.3000	780.0000
661	1.7875	779.0000
662	2.1125	778.0000
663	2.4375	778.0000
664	2.9250	778.0000
665	4.2250	778.0000
666	4.8750	778.0000
667	3.5750	779.0000
668	6.0125	779.0000
669	-12.3500	780.0000
670	-1.9500	779.0000
671	-0.1625	779.0000
672	-3.4125	779.0000
673	4.0625	780.0000
674	-8.2875	779.0000
675	6.9875	778.0000
676	3.0875	778.0000
677	3.4125	778.0000
678	12.1875	778.0000
679	8.4500	778.0000
680	19.3375	778.0000
681	11.2125	779.0000
682	22.2625	779.0000
683	13.4875	779.0000
684	21.4500	779.0000
685	27.3000	779.0000
686	28.9250	781.0000
687	30.8750	778.0000
688	32.6625	778.0000
689	34.7750	778.0000
690	36.4000	778.0000
691	38.5125	778.0000
692	40.4625	778.0000
693	42.5750	778.0000
694	44.5250	779.0000
695	46.4750	779.0000
696	48.5875	779.0000
697	51.1875	779.0000
698	53.1375	779.0000
699	55.4125	778.0000
700	57.8500	778.0000
701	58.9875	778.0000
702	62.7250	778.0000
703	65.3250	778.0000
704	67.9250	778.0000
705	70.0375	779.0000
706	71.5000	779.0000
707	68.5750	779.0000
708	76.8625	779.0000
709	79.3000	779.0000
710	81.7375	779.0000
711	84.5000	779.0000
712	86.7750	778.0000
713	89.3750	778.0000
714	92.1375	778.0000
715	94.7375	778.0000
716	97.3375	778.0000
717	99.9375	779.0000
718	97.3375	778.0000
719	104.8125	779.0000
720	107.7375	779.0000
721	110.5000	780.0000
722	113.2625	779.0000
723	114.2375	779.0000
724	103.6750	779.0000
725	120.2500	779.0000
726	120.7375	778.0000
727	126.7500	778.0000
728	129.8375	778.0000
729	132.4375	779.0000
730	133.0875	779.0000
731	133.4125	779.0000
732	140.8875	779.0000
733	143.6500	780.0000
734	146.2500	780.0000
735	149.1750	780.0000
736	152.1000	779.0000
737	155.0250	779.0000
738	157.7875	779.0000
739	160.5500	780.0000
740	163.4750	779.0000
741	166.2375	779.0000
742	169.1625	780.0000
743	171.9250	780.0000
744	174.8500	780.0000
745	172.5750	780.0000
746	180.7000	780.0000
747	179.4000	780.0000
748	186.7125	779.0000
749	189.9625	779.0000
750	192.7250	779.0000
751	195.8125	779.0000
752	198.4125	779.0000
753	201.5000	779.0000
754	204.1000	780.0000
755	206.7000	780.0000
756	209.6250	780.0000
757	212.3875	780.0000
758	215.4750	780.0000
759	218.4000	780.0000
760	221.3250	780.0000
761	224.4125	780.0000
762	227.1750	779.0000
763	230.1000	779.0000
764	227.6625	779.0000
765	236.1125	780.0000
766	238.8750	780.0000
767	241.8000	780.0000
768	244.8875	780.0000
769	248.1375	781.0000
770	250.9000	780.0000
771	253.3375	780.0000
772	255.9375	781.0000
773	257.8875	780.0000
774	259.8375	779.0000
775	261.1375	780.0000
776	262.4375	780.0000
777	263.7375	780.0000
778	264.3875	780.0000
779	265.0375	780.0000
780	265.3625	780.0000
781	265.6875	781.0000
782	265.3625	781.0000
783	264.3875	781.0000
784	262.7625	781.0000
785	264.7125	780.0000
786	265.2000	780.0000
787	264.5500	780.0000
788	264.2250	780.0000
789	261.6250	780.0000
790	263.2500	780.0000
791	262.4375	780.0000
792	261.7875	780.0000
793	260.8125	780.0000
794	259.8375	780.0000
795	258.7000	781.0000
796	257.8875	781.0000
797	256.5875	780.0000
798	255.4500	780.0000
799	254.1500	780.0000
800	252.8500	780.0000
801	251.3875	780.0000
802	250.0875	779.0000
803	248.7875	780.0000
804	247.1625	780.0000
805	245.5375	780.0000
806	244.0750	780.0000
807	242.2875	780.0000
808	240.6625	780.0000
809	239.0375	780.0000
810	237.4125	780.0000
811	235.6250	780.0000
812	233.6750	780.0000
813	232.0500	780.0000
814	229.9375	779.0000
815	228.1500	779.0000
816	226.3625	780.0000
817	224.4125	780.0000
818	222.3000	780.0000
819	220.3500	780.0000
820	218.4000	780.0000
821	216.2875	780.0000
822	214.3375	780.0000
823	212.2250	780.0000
824	210.2750	780.0000
825	208.0000	779.0000
826	205.7250	779.0000
827	203.7750	779.0000
828	201.3375	779.0000
829	199.3875	780.0000
830	197.2750	780.0000
831	194.6750	780.0000
832	192.7250	780.0000
833	190.6125	780.0000
834	188.1750	780.0000
835	185.9000	780.0000
836	183.6250	779.0000
837	181.1875	779.0000
838	178.9125	779.0000
839	176.4750	779.0000
840	174.2000	779.0000
841	167.3750	779.0000
842	166.2375	779.0000
843	167.0500	779.0000
844	164.6125	780.0000
845	162.3375	780.0000
846	159.7375	780.0000
847	154.5375	780.0000
848	154.8625	779.0000
849	152.5875	779.0000
850	150.1500	779.0000
851	147.7125	779.0000
852	145.1125	779.0000
853	142.5125	779.0000
854	139.1000	779.0000
855	137.6375	779.0000
856	135.0375	780.0000
857	132.7625	779.0000
858	130.1625	779.0000
859	127.4000	779.0000
860	124.9625	779.0000
861	122.3625	779.0000
862	119.6000	780.0000
863	117.1625	779.0000
864	114.7250	778.0000
865	112.1250	779.0000
866	109.5250	779.0000
867	106.9250	779.0000
868	104.3250	779.0000
869	101.7250	779.0000
870	99.1250	779.0000
871	96.6875	779.0000
872	94.0875	779.0000
873	91.3250	779.0000
874	88.8875	779.0000
875	86.1250	778.0000
876	83.5250	778.0000
877	80.9250	779.0000
878	78.1625	779.0000
879	75.7250	779.0000
880	72.9625	779.0000
881	70.6875	779.0000
882	67.9250	779.0000
883	65.4875	779.0000
884	62.8875	779.0000
885	60.2875	779.0000
886	57.6875	778.0000
887	55.2500	778.0000
888	52.9750	778.0000
889	50.5375	778.0000
890	48.4250	778.0000
891	46.1500	778.0000
892	44.2000	779.0000
893	42.9000	779.0000
894	42.0875	779.0000
895	41.2750	779.0000
896	40.7875	779.0000
897	40.4625	779.0000
898	39.9750	779.0000
899	34.9375	778.0000
900	14.9500	778.0000
901	38.1875	778.0000
902	38.5125	778.0000
903	38.3500	778.0000
904	38.1875	779.0000
905	38.0250	779.0000
906	38.0250	779.0000
907	37.8625	779.0000
908	37.7000	779.0000
909	37.5375	779.0000
910	37.5375	778.0000
911	37.2125	778.0000
912	32.8250	778.0000
913	37.0500	778.0000
914	37.0500	778.0000
915	36.8875	778.0000
916	36.8875	779.0000
917	36.5625	779.0000
918	36.0750	779.0000
919	36.2375	779.0000
920	36.5625	779.0000
921	36.7250	779.0000
922	36.4000	778.0000
923	36.4000	779.0000
924	36.4000	779.0000
925	36.2375	778.0000
926	36.0750	778.0000
927	36.0750	778.0000
928	36.0750	778.0000
929	36.2375	779.0000
930	36.0750	779.0000
931	36.0750	779.0000
932	35.9125	779.0000
933	35.9125	779.0000
934	35.9125	779.0000
935	35.7500	779.0000
936	35.5875	778.0000
937	35.5875	778.0000
938	35.5875	778.0000
939	35.5875	778.0000
940	35.5875	778.0000
941	35.4250	779.0000
942	35.2625	779.0000
943	35.4250	779.0000
944	35.4250	779.0000
945	35.4250	779.0000
946	35.4250	779.0000
947	35.2625	779.0000
948	35.2625	778.0000
949	35.1000	778.0000
950	35.7500	777.0000
951	35.4250	778.0000
952	28.7625	778.0000
953	31.8500	778.0000
954	32.9875	779.0000
955	35.2625	779.0000
956	34.9375	779.0000
957	34.9375	777.0000
958	35.2625	779.0000
959	34.9375	779.0000
960	25.8375	779.0000
961	30.5500	778.0000
962	26.1625	779.0000
963	32.0125	778.0000
964	31.8500	778.0000
965	33.8000	778.0000
966	34.2875	778.0000
967	34.2875	779.0000
968	34.2875	779.0000
969	34.4500	779.0000
970	34.4500	779.0000
971	34.2875	779.0000
972	34.2875	778.0000
973	34.4500	778.0000
974	34.2875	778.0000
975	34.4500	778.0000
976	34.1250	778.0000
977	34.2875	778.0000
978	34.2875	778.0000
979	33.9625	779.0000
980	34.1250	778.0000
981	34.1250	779.0000
982	34.1250	779.0000
983	33.9625	778.0000
984	34.1250	779.0000
985	33.9625	778.0000
986	34.1250	778.0000
987	33.9625	778.0000
988	33.8000	778.0000
989	33.6375	778.0000
990	33.8000	777.0000
991	33.9625	778.0000
992	33.9625	779.0000
993	33.9625	779.0000
994	33.9625	779.0000
995	33.8000	779.0000
996	33.6375	779.0000
997	33.6375	778.0000
998	33.8000	778.0000
999	33.4750	778.0000
1000	33.4750	778.0000
1001	33.6375	778.0000
1002	33.6375	778.0000
1003	32.8250	779.0000
1004	33.1500	779.0000
1005	32.3375	779.0000
1006	32.8250	779.0000
1007	29.5750	779.0000
1008	22.4250	779.0000
1009	32.9875	778.0000
1010	32.9875	778.0000
1011	32.9875	778.0000
1012	33.4750	777.0000
1013	33.4750	777.0000
1014	33.4750	778.0000
1015	33.3125	778.0000
1016	33.3125	778.0000
1017	33.3125	779.0000
1018	33.3125	779.0000
1019	33.4750	779.0000
1020	33.3125	779.0000
1021	33.6375	778.0000
1022	33.8000	778.0000
1023	33.4750	778.0000

0	33.6375	778.0000
1	22.9125	778.0000
2	32.8250	778.0000
3	32.8250	779.0000
4	33.3125	779.0000
5	32.9875	779.0000
6	33.1500	779.0000
7	32.9875	779.0000
8	33.3125	779.0000
9	33.4750	779.0000
10	33.3125	778.0000
11	27.3000	778.0000
12	32.9875	778.0000
13	33.1500	778.0000
14	33.3125	778.0000
15	33.1500	779.0000
16	32.8250	779.0000
17	33.1500	779.0000
18	32.8250	779.0000
19	32.9875	779.0000
20	32.9875	779.0000
21	32.9875	778.0000
22	32.9875	778.0000
23	32.9875	778.0000
24	32.9875	778.0000
25	32.9875	778.0000
26	32.9875	778.0000
27	32.8250	779.0000
28	32.8250	779.0000
29	32.6625	779.0000
30	32.6625	779.0000
31	32.6625	779.0000
32	29.2500	779.0000
33	32.9875	778.0000
34	32.0125	778.0000
35	32.6625	776.0000
36	32.8250	778.0000
37	32.6625	778.0000
38	30.0625	778.0000
39	32.8250	778.0000
40	32.9875	779.0000
41	32.8250	779.0000
42	32.8250	779.0000
43	32.8250	779.0000
44	28.4375	779.0000
45	32.8250	779.0000
46	32.6625	778.0000
47	32.5000	778.0000
48	32.6625	778.0000
49	32.6625	778.0000
50	32.6625	778.0000
51	32.5000	778.0000
52	33.1500	779.0000
53	33.1500	778.0000
54	19.8250	779.0000
55	6.0125	778.0000
56	3.2500	779.0000
57	25.1875	779.0000
58	32.3375	778.0000
59	32.6625	778.0000
60	32.9875	778.0000
61	32.5000	778.0000
62	32.1750	778.0000
63	32.0125	778.0000
64	32.0125	779.0000
65	32.1750	778.0000
66	28.2750	779.0000
67	32.1750	779.0000
68	32.1750	779.0000
69	32.0125	779.0000
70	32.1750	778.0000
71	31.6875	778.0000
72	31.8500	778.0000
73	31.6875	778.0000
74	31.6875	778.0000
75	31.8500	778.0000
76	31.6875	778.0000
77	31.8500	778.0000
78	31.3625	779.0000
79	31.5250	779.0000
80	31.3625	779.0000
81	31.5250	779.0000
82	31.3625	779.0000
83	31.3625	779.0000
84	31.5250	778.0000
85	31.3625	778.0000
86	31.3625	778.0000
87	31.2000	778.0000
88	31.2000	778.0000
89	31.0375	778.0000
90	31.0375	778.0000
91	31.0375	779.0000
92	31.0375	779.0000
93	31.2000	779.0000
94	31.0375	779.0000
95	31.2000	778.0000
96	30.8750	778.0000
97	31.2000	778.0000
98	31.0375	777.0000
99	30.8750	777.0000
100	30.7125	778.0000
101	30.5500	778.0000
102	30.5500	778.0000
103	30.3875	778.0000
104	30.7125	779.0000
105	30.5500	779.0000
106	31.0375	779.0000
107	30.8750	778.0000
108	30.7125	778.0000
109	30.7125	778.0000
110	30.7125	778.0000
111	30.5500	777.0000
112	30.3875	777.0000
113	30.2250	778.0000
114	30.0625	778.0000
115	30.0625	779.0000
116	29.7375	779.0000
117	30.0625	779.0000
118	30.0625	779.0000
119	29.7375	779.0000
120	29.4125	779.0000
121	29.7375	778.0000
122	29.5750	778.0000
123	29.0875	778.0000
124	29.0875	778.0000
125	29.0875	778.0000
126	28.9250	778.0000
127	28.9250	779.0000
128	28.7625	779.0000
129	28.7625	776.0000
130	28.7625	779.0000
131	28.4375	779.0000
132	28.4375	779.0000
133	28.4375	778.0000
134	28.2750	777.0000
135	27.9500	778.0000
136	27.6250	778.0000
137	-0.6500	778.0000
138	-1.1375	778.0000
139	-3.4125	778.0000
140	-1.3000	778.0000
141	-2.1125	779.0000
142	-3.5750	779.0000
143	-5.3625	779.0000
144	7.9625	779.0000
145	12.3500	778.0000
146	7.1500	778.0000
147	9.7500	778.0000
148	5.0375	778.0000
149	10.2375	778.0000
150	18.2000	778.0000
151	23.0750	778.0000
152	24.3750	778.0000
153	23.8875	779.0000
154	23.2375	779.0000
155	22.4250	779.0000
156	21.4500	779.0000
157	19.6625	778.0000
158	15.4375	778.0000
159	13.4875	778.0000
160	12.8375	778.0000
161	12.6750	778.0000
162	15.9250	778.0000
163	14.6250	778.0000
164	13.4875	779.0000
165	12.0250	779.0000
166	10.8875	779.0000
167	9.2625	779.0000
168	7.8000	779.0000
169	6.5000	779.0000
170	4.5500	778.0000
171	2.9250	779.0000
172	1.3000	778.0000
173	-0.1625	778.0000
174	-2.1125	778.0000
175	-3.9000	778.0000
176	-5.5250	778.0000
177	-7.6375	779.0000
178	-9.5875	779.0000
179	-11.5375	778.0000
180	-13.4875	780.0000
181	-15.6000	779.0000
182	-17.5500	779.0000
183	-19.8250	778.0000
184	-21.7750	778.0000
185	-24.0500	778.0000
186	-26.3250	778.0000
187	-28.7625	778.0000
188	-30.2250	778.0000
189	-32.5000	778.0000
190	-34.7750	779.0000
191	-38.0250	779.0000
192	-39.6500	779.0000
193	-41.9250	779.0000
194	-44.2000	779.0000
195	-46.6375	778.0000
196	-49.5625	778.0000
197	-51.6750	778.0000
198	-54.2750	778.0000
199	-56.5500	778.0000
200	-59.3125	778.0000
201	-61.5875	779.0000
202	-64.0250	779.0000
203	-66.7875	779.0000
204	-70.5250	779.0000
205	-71.5000	779.0000
206	-74.5875	779.0000
207	-76.8625	778.0000
208	-79.6250	778.0000
209	-82.0625	778.0000
210	-84.5000	778.0000
211	-87.1000	778.0000
212	-89.8625	778.0000
213	-92.6250	778.0000
214	-95.5500	779.0000
215	-98.1500	779.0000
216	-100.7500	779.0000
217	-103.3500	779.0000
218	-106.1125	779.0000
219	-108.7125	779.0000
220	-111.4750	778.0000
221	-114.0750	778.0000
222	-116.6750	778.0000
223	-119.6000	778.0000
224	-122.2000	778.0000
225	-124.9625	779.0000
226	-129.3500	779.0000
227	-130.3250	779.0000
228	-133.0875	779.0000
229	-135.6875	779.0000
230	-138.6125	779.0000
231	-141.5375	779.0000
232	-143.9750	779.0000
233	-146.7375	778.0000
234	-149.6625	778.0000
235	-152.5875	778.0000
236	-155.5125	778.0000
237	-158.6000	778.0000
238	-160.7125	778.0000
239	-163.4750	779.0000
240	-167.8625	779.0000
241	-169.0000	779.0000
242	-171.9250	779.0000
243	-174.5250	779.0000
244	-177.7750	779.0000
245	-180.0500	779.0000
246	-183.7875	778.0000
247	-186.7125	778.0000
248	-189.3125	778.0000
249	-192.0750	778.0000
250	-195.0000	779.0000
251	-197.6000	779.0000
252	-200.3625	779.0000
253	-203.1250	779.0000
254	-208.9750	779.0000
255	-208.9750	780.0000
256	-212.3875	779.0000
257	-214.5000	779.0000
258	-223.4375	779.0000
259	-242.1250	778.0000
260	-237.0875	778.0000
261	-230.1000	778.0000
262	-227.1750	779.0000
263	-227.0125	778.0000
264	-228.6375	779.0000
265	-229.4500	779.0000
266	-229.6125	779.0000
267	-230.2625	777.0000
268	-230.7500	779.0000
269	-230.9125	779.0000
270	-231.0750	778.0000
271	-231.5625	779.0000
272	-231.2375	778.0000
273	-230.7500	778.0000
274	-230.5875	779.0000
275	-230.2625	779.0000
276	-229.7750	779.0000
277	-229.2875	779.0000
278	-228.4750	779.0000
279	-227.9875	779.0000
280	-226.8500	779.0000
281	-225.8750	779.0000
282	-224.9000	779.0000
283	-224.0875	779.0000
284	-222.7875	778.0000
285	-221.4875	779.0000
286	-221.3250	778.0000
287	-218.8875	779.0000
288	-219.3750	779.0000
289	-216.4500	779.0000
290	-215.6375	779.0000
291	-214.0125	779.0000
292	-212.2250	779.0000
293	-210.6000	779.0000
294	-208.9750	779.0000
295	-207.5125	779.0000
296	-205.7250	779.0000
297	-204.1000	778.0000
298	-202.6375	778.0000
299	-202.1500	778.0000
300	-200.3625	779.0000
301	-198.4125	779.0000
302	-196.1375	779.0000
303	-194.3500	779.0000
304	-192.5625	779.0000
305	-190.6125	779.0000
306	-188.6625	779.0000
307	-187.2000	779.0000
308	-185.0875	779.0000
309	-182.9750	778.0000
310	-180.8625	778.0000
311	-178.9125	778.0000
312	-176.8000	778.0000
313	-174.6875	779.0000
314	-172.7375	780.0000
315	-170.4625	779.0000
316	-168.5125	779.0000
317	-166.4000	779.0000
318	-164.2875	779.0000
319	-162.0125	779.0000
320	-159.5750	779.0000
321	-157.3000	778.0000
322	-155.0250	778.0000
323	-168.3500	778.0000
324	-152.2625	778.0000
325	-149.6625	778.0000
326	-147.2250	779.0000
327	-145.1125	779.0000
328	-144.4625	779.0000
329	-146.0875	779.0000
330	-165.5875	779.0000
331	-163.4750	779.0000
332	-158.4375	779.0000
333	-158.6000	779.0000
334	-152.7500	778.0000
335	-137.6375	778.0000
336	-131.7875	778.0000
337	-128.7000	778.0000
338	-127.2375	779.0000
339	-124.3125	779.0000
340	-126.4250	779.0000
341	-112.9375	779.0000
342	-109.2000	779.0000
343	-106.9250	779.0000
344	-104.3250	779.0000
345	-102.0500	778.0000
346	-101.2375	778.0000
347	-99.6125	778.0000
348	-97.1750	778.0000
349	-91.9750	778.0000
350	-89.5375	778.0000
351	-87.2625	778.0000
352	-84.5000	779.0000
353	-82.0625	779.0000
354	-79.4625	779.0000
355	-77.1875	779.0000
356	-74.7500	779.0000
357	-72.1500	778.0000
358	-69.7125	778.0000
359	-67.2750	778.0000
360	-64.8375	777.0000
361	-62.2375	777.0000
362	-59.6375	778.0000
363	-57.3625	778.0000
364	-54.7625	779.0000
365	-57.2000	779.0000
366	-50.0500	779.0000
367	-47.1250	779.0000
368	-44.3625	779.0000
369	-41.9250	778.0000
370	-39.3250	778.0000
371	-37.0500	778.0000
372	-34.4500	778.0000
373	-32.0125	777.0000
374	-29.7375	778.0000
375	-27.3000	778.0000
376	-24.8625	778.0000
377	-22.7500	778.0000
378	-20.6375	778.0000
379	-18.5250	779.0000
380	-16.7375	778.0000
381	-15.4375	778.0000
382	-13.8125	778.0000
383	-13.0000	778.0000
384	-22.7500	778.0000
385	-17.8750	778.0000
386	-11.3750	778.0000
387	-11.2125	778.0000
388	-10.7250	778.0000
389	-16.7375	778.0000
390	-25.5125	779.0000
391	-16.9000	779.0000
392	-16.5750	776.0000
393	-13.1625	778.0000
394	-12.3500	778.0000
395	-11.2125	778.0000
396	-9.7500	778.0000
397	-9.5875	777.0000
398	-9.5875	777.0000
399	-9.4250	777.0000
400	-9.7500	778.0000
401	-11.3750	778.0000
402	-11.3750	778.0000
403	-11.0500	779.0000
404	-13.6500	778.0000
405	-37.3750	779.0000
406	-28.9250	778.0000
407	-38.6750	778.0000
408	-38.0250	781.0000
409	-18.6875	777.0000
410	-13.4875	777.0000
411	-13.4875	777.0000
412	-8.6125	778.0000
413	-8.4500	778.0000
414	-8.4500	778.0000
415	-8.6125	779.0000
416	-8.4500	778.0000
417	-12.8375	779.0000
418	-12.8375	778.0000
419	-12.6750	778.0000
420	-13.0000	778.0000
421	-9.7500	778.0000
422	-7.9625	778.0000
423	-7.9625	777.0000
424	-7.6375	778.0000
425	-7.8000	778.0000
426	-9.2625	778.0000
427	-9.1000	778.0000
428	-9.1000	776.0000
429	-9.1000	778.0000
430	-10.7250	778.0000
431	-8.9375	779.0000
432	-7.4750	777.0000
433	-7.4750	777.0000
434	-7.3125	777.0000
435	-7.3125	777.0000
436	-7.3125	777.0000
437	-7.3125	778.0000
438	-6.9875	778.0000
439	-7.1500	779.0000
440	-6.9875	778.0000
441	-6.9875	779.0000
442	-7.1500	778.0000
443	-6.9875	778.0000
444	-6.9875	778.0000
445	-6.8250	778.0000
446	-6.8250	778.0000
447	-6.9875	778.0000
448	-6.8250	777.0000
449	-6.6625	777.0000
450	-6.6625	778.0000
451	-6.9875	777.0000
452	-6.6625	779.0000
453	-6.3375	779.0000
454	-5.8500	779.0000
455	-5.8500	779.0000
456	-5.8500	778.0000
457	-5.6875	778.0000
458	-5.6875	777.0000
459	-6.0125	777.0000
460	-5.8500	777.0000
461	-5.8500	778.0000
462	-5.3625	778.0000
463	-5.6875	778.0000
464	-5.6875	778.0000
465	-5.5250	778.0000
466	-5.5250	778.0000
467	-5.8500	779.0000
468	-5.5250	778.0000
469	-5.5250	778.0000
470	-5.8500	778.0000
471	-6.6625	777.0000
472	-6.0125	777.0000
473	-6.1750	777.0000
474	-6.3375	777.0000
475	-6.3375	778.0000
476	-17.0625	778.0000
477	-6.3375	778.0000
478	-6.0125	778.0000
479	-5.8500	777.0000
480	-6.0125	778.0000
481	-6.3375	778.0000
482	-5.8500	777.0000
483	-5.8500	777.0000
484	-6.0125	777.0000
485	-5.8500	777.0000
486	-5.8500	777.0000
487	-6.0125	778.0000
488	-5.8500	778.0000
489	-5.8500	779.0000
490	-5.6875	778.0000
491	-5.8500	779.0000
492	-5.8500	779.0000
493	-5.5250	778.0000
494	-5.5250	778.0000
495	-5.5250	777.0000
496	-5.5250	777.0000
497	-5.5250	777.0000
498	-5.5250	778.0000
499	-5.5250	778.0000
500	-5.5250	778.0000
501	-5.5250	778.0000
502	-5.5250	778.0000
503	-5.3625	779.0000
504	-5.5250	779.0000
505	-5.3625	778.0000
506	-5.3625	777.0000
507	-5.5250	778.0000
508	-5.3625	777.0000
509	-5.2000	777.0000
510	-5.2000	777.0000
511	-5.2000	778.0000
512	-5.3625	778.0000
513	-5.2000	778.0000
514	-5.0375	779.0000
515	-5.2000	779.0000
516	-5.2000	778.0000
517	-5.2000	778.0000
518	-5.2000	778.0000
519	-5.2000	777.0000
520	-5.2000	777.0000
521	-4.8750	778.0000
522	-5.2000	777.0000
523	-5.2000	777.0000
524	-5.2000	778.0000
525	-5.0375	778.0000
526	-5.8500	778.0000
527	-6.0125	779.0000
528	-5.6875	778.0000
529	-5.5250	778.0000
530	-5.0375	778.0000
531	-6.0125	778.0000
532	-5.0375	777.0000
533	-9.2625	777.0000
534	-15.2750	777.0000
535	-5.6875	777.0000
536	-5.5250	778.0000
537	-5.8500	778.0000
538	-5.0375	778.0000
539	-5.3625	778.0000
540	-5.2000	779.0000
541	-5.6875	779.0000
542	-5.0375	778.0000
543	-5.6875	778.0000
544	-4.8750	778.0000
545	-5.0375	777.0000
546	-5.0375	777.0000
547	-5.0375	777.0000
548	-5.0375	777.0000
549	-4.8750	778.0000
550	-4.8750	778.0000
551	-4.8750	778.0000
552	-4.8750	779.0000
553	-4.7125	779.0000
554	-4.7125	779.0000
555	-4.5500	778.0000
556	-4.7125	778.0000
557	-4.5500	778.0000
558	-4.3875	777.0000
559	-4.5500	777.0000
560	-4.5500	777.0000
561	-4.5500	778.0000
562	-4.5500	778.0000
563	-4.7125	779.0000
564	-4.5500	779.0000
565	-4.5500	779.0000
566	-4.3875	779.0000
567	-8.4500	778.0000
568	-27.9500	778.0000
569	-7.6375	778.0000
570	-4.3875	777.0000
571	-4.3875	777.0000
572	-4.2250	777.0000
573	-4.3875	778.0000
574	-4.3875	778.0000
575	-4.3875	778.0000
576	-12.8375	778.0000
577	-4.2250	779.0000
578	-4.0625	778.0000
579	-4.0625	778.0000
580	-4.0625	778.0000
581	-3.9000	778.0000
582	-3.7375	777.0000
583	-3.7375	777.0000
584	-4.2250	777.0000
585	-3.7375	777.0000
586	-3.7375	780.0000
587	-8.6125	778.0000
588	-6.6625	778.0000
589	-4.7125	779.0000
590	-3.9000	779.0000
591	-3.5750	779.0000
592	-3.7375	779.0000
593	-3.7375	778.0000
594	-3.7375	778.0000
595	-3.5750	777.0000
596	-3.4125	777.0000
597	-3.4125	778.0000
598	-3.4125	778.0000
599	-3.4125	778.0000
600	-3.4125	778.0000
601	-12.0250	779.0000
602	-3.2500	779.0000
603	-3.2500	778.0000
604	-3.4125	778.0000
605	-3.2500	778.0000
606	-6.8250	778.0000
607	-29.4125	779.0000
608	-5.5250	777.0000
609	-6.9875	777.0000
610	-5.8500	777.0000
611	-3.0875	777.0000
612	-2.9250	778.0000
613	-2.9250	778.0000
614	-2.7625	777.0000
615	-2.6000	778.0000
616	-2.7625	778.0000
617	-2.7625	778.0000
618	-2.6000	777.0000
619	-2.4375	777.0000
620	-2.2750	777.0000
621	-2.2750	777.0000
622	-2.2750	777.0000
623	-1.9500	777.0000
624	-2.1125	778.0000
625	-1.9500	778.0000
626	-1.9500	777.0000
627	-1.9500	778.0000
628	-1.9500	778.0000
629	-2.9250	778.0000
630	-2.6000	777.0000
631	-1.7875	776.0000
632	-1.7875	777.0000
633	-1.4625	777.0000
634	-1.6250	777.0000
635	-1.3000	777.0000
636	-1.3000	777.0000
637	-1.3000	777.0000
638	-0.9750	778.0000
639	-1.1375	778.0000
640	-0.9750	778.0000
641	-11.0500	778.0000
642	-0.8125	778.0000
643	-1.1375	778.0000
644	-0.8125	777.0000
645	-0.6500	777.0000
646	-0.9750	777.0000
647	-0.4875	777.0000
648	-0.4875	779.0000
649	-0.1625	778.0000
650	0.0000	778.0000
651	0.1625	778.0000
652	-0.1625	778.0000
653	0.3250	778.0000
654	0.3250	778.0000
655	0.4875	777.0000
656	0.6500	777.0000
657	0.9750	777.0000
658	1.4625	777.0000
659	1.7875	777.0000
660	1.9500	777.0000
661	2.4375	778.0000
662	2.4375	778.0000
663	3.2500	778.0000
664	3.9000	778.0000
665	4.2250	778.0000
666	4.8750	778.0000
667	5.3625	778.0000
668	6.6625	778.0000
669	7.3125	777.0000
670	7.9625	778.0000
671	8.9375	777.0000
672	9.7500	782.0000
673	11.0500	778.0000
674	12.1875	778.0000
675	13.1625	778.0000
676	13.9750	778.0000
677	15.1125	779.0000
678	16.4125	779.0000
679	17.8750	779.0000
680	19.1750	778.0000
681	20.8000	778.0000
682	22.2625	778.0000
683	23.7250	778.0000
684	25.5125	777.0000
685	27.3000	778.0000
686	28.9250	778.0000
687	30.7125	779.0000
688	32.6625	779.0000
689	34.6125	779.0000
690	36.2375	778.0000
691	38.3500	779.0000
692	40.4625	779.0000
693	42.7375	778.0000
694	44.6875	778.0000
695	46.8000	778.0000
696	48.7500	777.0000
697	51.0250	778.0000
698	50.7000	778.0000
699	55.2500	779.0000
700	54.6000	779.0000
701	59.9625	779.0000
702	59.9625	779.0000
703	64.6750	779.0000
704	66.9500	779.0000
705	69.3875	779.0000
706	72.1500	778.0000
707	74.4250	778.0000
708	76.7000	778.0000
709	79.3000	778.0000
710	81.7375	779.0000
711	84.1750	779.0000
712	86.7750	779.0000
713	89.3750	779.0000
714	91.9750	779.0000
715	94.4125	779.0000
716	97.0125	779.0000
717	99.9375	778.0000
718	102.3750	779.0000
719	104.9750	778.0000
720	108.0625	779.0000
721	111.3125	778.0000
722	114.0750	778.0000
723	116.8375	778.0000
724	119.1125	779.0000
725	121.8750	779.0000
726	124.6375	779.0000
727	127.4000	779.0000
728	130.3250	779.0000
729	132.9250	779.0000
730	135.8500	778.0000
731	138.7750	778.0000
732	141.2125	778.0000
733	143.1625	778.0000
734	147.0625	778.0000
735	149.6625	778.0000
736	152.7500	779.0000
737	154.2125	779.0000
738	158.1125	779.0000
739	160.0625	779.0000
740	163.3125	779.0000
741	165.2625	779.0000
742	169.0000	775.0000
743	171.9250	778.0000
744	174.8500	778.0000
745	177.7750	778.0000
746	180.2125	778.0000
747	183.4625	778.0000
748	186.2250	778.0000
749	189.3125	779.0000
750	192.0750	779.0000
751	195.1625	779.0000
752	197.9250	779.0000
753	200.8500	779.0000
754	203.7750	779.0000
755	206.5375	779.0000
756	209.4625	779.0000
757	212.3875	778.0000
758	215.3125	779.0000
759	218.4000	778.0000
760	221.1625	779.0000
761	224.2500	779.0000
762	227.0125	779.0000
763	229.9375	775.0000
764	232.8625	779.0000
765	235.7875	779.0000
766	238.7125	779.0000
767	241.4750	779.0000
768	244.7250	779.0000
769	247.8125	779.0000
770	250.5750	778.0000
771	253.0125	779.0000
772	255.1250	779.0000
773	257.0750	779.0000
774	258.8625	779.0000
775	260.3250	780.0000
776	261.4625	780.0000
777	262.7625	780.0000
778	263.5750	780.0000
779	264.3875	779.0000
780	264.8750	779.0000
781	265.2000	779.0000
782	265.0375	779.0000
783	265.0375	779.0000
784	264.8750	779.0000
785	264.8750	779.0000
786	264.8750	779.0000
787	264.3875	780.0000
788	264.2250	780.0000
789	263.7375	780.0000
790	262.9250	780.0000
791	262.1125	779.0000
792	262.4375	779.0000
793	261.1375	779.0000
794	260.1625	779.0000
795	259.1875	779.0000
796	258.0500	779.0000
797	257.0750	779.0000
798	255.6125	779.0000
799	254.4750	779.0000
800	252.0375	779.0000
801	249.9250	779.0000
802	250.4125	780.0000
803	249.1125	779.0000
804	247.3250	779.0000
805	246.0250	779.0000
806	244.4000	779.0000
807	242.6125	778.0000
808	240.9875	778.0000
809	229.7750	779.0000
810	236.9250	779.0000
811	234.8125	779.0000
812	233.3500	779.0000
813	231.5625	779.0000
814	229.4500	779.0000
815	227.8250	780.0000
816	226.0375	779.0000
817	223.9250	776.0000
818	222.1375	779.0000
819	220.0250	779.0000
820	218.2375	779.0000
821	216.2875	779.0000
822	214.0125	779.0000
823	211.9000	779.0000
824	209.9500	780.0000
825	207.8375	779.0000
826	205.5625	780.0000
827	203.4500	780.0000
828	201.3375	779.0000
829	199.0625	779.0000
830	175.9875	779.0000
831	185.0875	779.0000
832	187.2000	779.0000
833	189.9625	779.0000
834	188.0125	779.0000
835	185.7375	779.0000
836	183.3000	779.0000
837	181.0250	779.0000
838	178.7500	779.0000
839	176.1500	779.0000
840	173.7125	779.0000
841	171.7625	779.0000
842	169.1625	779.0000
843	166.8875	779.0000
844	164.2875	779.0000
845	162.8250	779.0000
846	160.0625	779.0000
847	157.4625	779.0000
848	154.8625	779.0000
849	153.0750	779.0000
850	150.4750	779.0000
851	147.7125	779.0000
852	143.9750	779.0000
853	142.1875	779.0000
854	140.2375	779.0000
855	137.6375	778.0000
856	134.2250	775.0000
857	132.2750	778.0000
858	129.6750	778.0000
859	127.4000	779.0000
860	124.6375	779.0000
861	122.2000	779.0000
862	119.4375	779.0000
863	116.8375	779.0000
864	114.2375	779.0000
865	111.8000	779.0000
866	109.2000	779.0000
867	106.7625	778.0000
868	104.0000	778.0000
869	101.7250	778.0000
870	99.1250	778.0000
871	96.3625	778.0000
872	93.7625	779.0000
873	91.3250	778.0000
874	88.4000	779.0000
875	85.9625	779.0000
876	83.2000	779.0000
877	80.7625	779.0000
878	78.1625	779.0000
879	75.4000	778.0000
880	72.9625	778.0000
881	71.0125	778.0000
882	68.2500	780.0000
883	65.6500	778.0000
884	62.7250	778.0000
885	60.6125	778.0000
886	58.0125	778.0000
887	55.5750	779.0000
888	52.4875	779.0000
889	50.8625	779.0000
890	48.7500	779.0000
891	46.1500	778.0000
892	44.6875	779.0000
893	42.9000	777.0000
894	42.5750	777.0000
895	40.7875	778.0000
896	40.9500	778.0000
897	40.4625	778.0000
898	38.8375	778.0000
899	39.3250	778.0000
900	38.8375	779.0000
901	38.6750	779.0000
902	38.3500	779.0000
903	38.1875	776.0000
904	38.0250	778.0000
905	38.0250	778.0000
906	37.8625	778.0000
907	37.5375	777.0000
908	37.3750	778.0000
909	37.3750	778.0000
910	37.0500	774.0000
911	37.2125	778.0000
912	37.0500	778.0000
913	37.0500	779.0000
914	36.8875	779.0000
915	36.7250	779.0000
916	36.7250	778.0000
917	36.5625	778.0000
918	36.2375	778.0000
919	36.2375	778.0000
920	36.0750	778.0000
921	32.6625	779.0000
922	32.9875	778.0000
923	32.9875	778.0000
924	36.0750	779.0000
925	36.0750	779.0000
926	35.7500	779.0000
927	35.9125	779.0000
928	35.9125	779.0000
929	35.7500	778.0000
930	35.7500	778.0000
931	35.7500	777.0000
932	35.5875	778.0000
933	35.5875	778.0000
934	35.7500	778.0000
935	35.5875	778.0000
936	35.5875	778.0000
937	35.5875	779.0000
938	35.4250	779.0000
939	35.2625	779.0000
940	35.2625	778.0000
941	35.2625	777.0000
942	35.2625	778.0000
943	35.4250	778.0000
944	35.5875	777.0000
945	35.2625	775.0000
946	35.5875	778.0000
947	35.4250	778.0000
948	35.5875	778.0000
949	35.5875	779.0000
950	35.4250	779.0000
951	35.2625	779.0000
952	35.4250	778.0000
953	35.4250	778.0000
954	35.4250	778.0000
955	35.4250	778.0000
956	35.1000	778.0000
957	35.1000	777.0000
958	35.1000	777.0000
959	35.1000	778.0000
960	35.1000	778.0000
961	34.6125	779.0000
962	34.6125	778.0000
963	34.2875	778.0000
964	34.4500	778.0000
965	34.4500	778.0000
966	34.4500	777.0000
967	34.2875	777.0000
968	34.2875	777.0000
969	34.4500	777.0000
970	34.2875	778.0000
971	34.2875	777.0000
972	34.1250	778.0000
973	34.1250	778.0000
974	34.1250	778.0000
975	33.9625	778.0000
976	34.1250	779.0000
977	34.1250	778.0000
978	33.9625	778.0000
979	33.9625	777.0000
980	33.8000	778.0000
981	33.9625	777.0000
982	33.9625	777.0000
983	34.1250	778.0000
984	33.9625	778.0000
985	33.8000	778.0000
986	33.8000	779.0000
987	33.8000	778.0000
988	33.6375	778.0000
989	33.8000	778.0000
990	33.8000	778.0000
991	33.4750	778.0000
992	33.6375	778.0000
993	33.6375	777.0000
994	33.8000	778.0000
995	33.4750	777.0000
996	33.6375	778.0000
997	33.4750	778.0000
998	33.4750	778.0000
999	33.4750	778.0000
1000	33.6375	778.0000
1001	33.4750	779.0000
1002	33.4750	778.0000
1003	33.4750	778.0000
1004	33.4750	778.0000
1005	33.4750	777.0000
1006	33.3125	777.0000
1007	33.3125	777.0000
1008	33.3125	777.0000
1009	33.3125	778.0000
1010	33.3125	778.0000
1011	33.3125	778.0000
1012	33.3125	778.0000
1013	33.3125	778.0000
1014	33.6375	778.0000
1015	33.9625	778.0000
1016	33.8000	778.0000
1017	33.9625	777.0000
1018	33.6375	778.0000
1019	33.4750	777.0000
1020	33.1500	777.0000
1021	33.8000	777.0000
1022	33.3125	778.0000
1023	33.6375	778.0000

0	33.1500	778.0000
1	33.1500	778.0000
2	19.8250	778.0000
3	33.1500	778.0000
4	33.1500	777.0000
5	33.3125	777.0000
6	30.5500	777.0000
7	32.9875	778.0000
8	32.9875	778.0000
9	33.1500	778.0000
10	33.3125	778.0000
11	32.8250	778.0000
12	32.9875	778.0000
13	32.9875	778.0000
14	32.9875	778.0000
15	32.9875	778.0000
16	33.1500	778.0000
17	32.9875	777.0000
18	32.9875	777.0000
19	32.9875	777.0000
20	32.9875	778.0000
21	32.9875	778.0000
22	32.8250	778.0000
23	32.9875	778.0000
24	32.8250	778.0000
25	32.8250	778.0000
26	32.8250	778.0000
27	32.6625	777.0000
28	32.6625	777.0000
29	32.6625	777.0000
30	32.8250	777.0000
31	32.9875	777.0000
32	32.8250	777.0000
33	32.8250	778.0000
34	32.8250	778.0000
35	32.8250	778.0000
36	32.8250	778.0000
37	32.6625	778.0000
38	32.8250	778.0000
39	32.6625	778.0000
40	32.6625	777.0000
41	32.6625	777.0000
42	32.5000	777.0000
43	32.3375	777.0000
44	32.5000	777.0000
45	32.9875	777.0000
46	33.1500	778.0000
47	32.9875	778.0000
48	32.9875	778.0000
49	32.6625	778.0000
50	32.9875	778.0000
51	32.8250	778.0000
52	32.8250	778.0000
53	32.8250	777.0000
54	32.9875	777.0000
55	31.6875	777.0000
56	32.6625	777.0000
57	32.8250	778.0000
58	32.8250	778.0000
59	32.8250	778.0000
60	31.6875	778.0000
61	32.3375	779.0000
62	32.0125	778.0000
63	31.8500	778.0000
64	31.8500	778.0000
65	31.6875	778.0000
66	31.6875	777.0000
67	31.6875	777.0000
68	31.6875	777.0000
69	31.6875	777.0000
70	31.6875	778.0000
71	31.6875	778.0000
72	31.5250	778.0000
73	31.6875	778.0000
74	31.6875	779.0000
75	31.5250	779.0000
76	31.3625	778.0000
77	31.3625	778.0000
78	31.2000	777.0000
79	31.2000	777.0000
80	31.2000	777.0000
81	31.2000	777.0000
82	31.0375	778.0000
83	31.0375	778.0000
84	31.2000	778.0000
85	31.0375	779.0000
86	31.0375	779.0000
87	31.0375	778.0000
88	31.0375	778.0000
89	30.8750	778.0000
90	30.8750	778.0000
91	30.8750	777.0000
92	30.7125	777.0000
93	30.7125	777.0000
94	30.7125	777.0000
95	30.3875	776.0000
96	30.5500	778.0000
97	30.3875	778.0000
98	30.3875	778.0000
99	30.5500	779.0000
100	30.2250	778.0000
101	30.3875	778.0000
102	30.3875	778.0000
103	30.3875	777.0000
104	30.0625	777.0000
105	30.2250	777.0000
106	30.0625	777.0000
107	29.9000	778.0000
108	29.9000	778.0000
109	29.7375	778.0000
110	29.7375	779.0000
111	28.9250	778.0000
112	26.4875	778.0000
113	29.4125	778.0000
114	29.4125	778.0000
115	29.4125	778.0000
116	29.5750	778.0000
117	29.5750	777.0000
118	29.2500	777.0000
119	29.2500	777.0000
120	29.2500	778.0000
121	29.0875	778.0000
122	29.0875	778.0000
123	29.0875	778.0000
124	28.9250	778.0000
125	28.9250	778.0000
126	28.4375	778.0000
127	29.0875	777.0000
128	28.1125	777.0000
129	28.7625	777.0000
130	27.9500	777.0000
131	28.7625	777.0000
132	28.4375	777.0000
133	28.6000	778.0000
134	27.3000	778.0000
135	27.7875	778.0000
136	27.6250	778.0000
137	27.6250	778.0000
138	27.6250	777.0000
139	27.3000	777.0000
140	27.3000	777.0000
141	26.9750	777.0000
142	27.1375	776.0000
143	26.8125	777.0000
144	26.9750	777.0000
145	26.8125	777.0000
146	26.6500	777.0000
147	26.3250	777.0000
148	26.3250	777.0000
149	25.6750	778.0000
150	25.3500	778.0000
151	25.0250	777.0000
152	24.5375	777.0000
153	23.8875	777.0000
154	22.7500	777.0000
155	22.4250	777.0000
156	21.6125	776.0000
157	20.6375	777.0000
158	19.6625	777.0000
159	18.8500	777.0000
160	17.8750	777.0000
161	16.7375	778.0000
162	15.6000	777.0000
163	14.4625	777.0000
164	13.1625	777.0000
165	11.8625	777.0000
166	10.7250	777.0000
167	8.9375	777.0000
168	7.6375	777.0000
169	6.0125	777.0000
170	4.5500	778.0000
171	2.7625	778.0000
172	0.9750	778.0000
173	-0.6500	778.0000
174	-2.4375	778.0000
175	-4.0625	778.0000
176	-5.8500	777.0000
177	-8.1250	777.0000
178	-9.7500	777.0000
179	-11.2125	777.0000
180	-13.3250	777.0000
181	-14.9500	777.0000
182	-17.3875	777.0000
183	-19.6625	778.0000
184	-21.6125	778.0000
185	-23.5625	777.0000
186	-25.8375	778.0000
187	-27.9500	778.0000
188	-30.2250	778.0000
189	-32.6625	777.0000
190	-34.9375	778.0000
191	-37.8625	777.0000
192	-39.6500	777.0000
193	-42.7375	777.0000
194	-44.5250	777.0000
195	-47.1250	778.0000
196	-49.0750	778.0000
197	-52.3250	778.0000
198	-54.7625	778.0000
199	-57.3625	778.0000
200	-59.9625	778.0000
201	-62.0750	778.0000
202	-64.8375	778.0000
203	-67.4375	777.0000
204	-70.0375	777.0000
205	-72.4750	778.0000
206	-75.0750	777.0000
207	-77.6750	778.0000
208	-80.1125	778.0000
209	-82.5500	778.0000
210	-85.4750	778.0000
211	-88.2375	778.0000
212	-90.5125	778.0000
213	-93.2750	778.0000
214	-96.0375	778.0000
215	-108.3875	777.0000
216	-101.4000	777.0000
217	-104.1625	777.0000
218	-106.7625	777.0000
219	-109.3625	778.0000
220	-116.3500	778.0000
221	-115.0500	779.0000
222	-122.5250	778.0000
223	-120.4125	779.0000
224	-123.1750	778.0000
225	-125.6125	778.0000
226	-128.5375	778.0000
227	-131.1375	778.0000
228	-133.9000	778.0000
229	-136.5000	777.0000
230	-139.4250	778.0000
231	-142.1875	777.0000
232	-144.9500	778.0000
233	-147.5500	778.0000
234	-150.3125	779.0000
235	-152.9125	778.0000
236	-155.8375	778.0000
237	-158.2750	778.0000
238	-165.5875	778.0000
239	-163.9625	776.0000
240	-166.7250	777.0000
241	-169.3250	778.0000
242	-172.7375	777.0000
243	-175.6625	777.0000
244	-178.2625	778.0000
245	-181.0250	778.0000
246	-183.7875	779.0000
247	-186.8750	779.0000
248	-189.6375	779.0000
249	-192.2375	778.0000
250	-195.0000	778.0000
251	-197.7625	778.0000
252	-200.5250	778.0000
253	-203.4500	778.0000
254	-206.2125	777.0000
255	-209.1375	777.0000
256	-211.9000	778.0000
257	-214.5000	778.0000
258	-217.1000	778.0000
259	-226.5250	779.0000
260	-222.3000	779.0000
261	-223.7625	783.0000
262	-225.3875	779.0000
263	-226.6875	778.0000
264	-227.9875	779.0000
265	-228.8000	778.0000
266	-229.4500	778.0000
267	-230.4250	778.0000
268	-230.7500	777.0000
269	-231.2375	778.0000
270	-231.4000	779.0000
271	-231.4000	779.0000
272	-231.2375	779.0000
273	-230.9125	780.0000
274	-230.5875	779.0000
275	-230.4250	779.0000
276	-229.9375	778.0000
277	-229.1250	778.0000
278	-228.1500	778.0000
279	-227.3375	777.0000
280	-226.5250	778.0000
281	-225.7125	778.0000
282	-227.0125	778.0000
283	-224.0875	778.0000
284	-222.9500	779.0000
285	-221.8125	779.0000
286	-221.1625	779.0000
287	-219.7000	779.0000
288	-218.4000	778.0000
289	-216.9375	778.0000
290	-215.8000	778.0000
291	-214.3375	778.0000
292	-212.8750	777.0000
293	-211.2500	777.0000
294	-209.7875	778.0000
295	-208.1625	778.0000
296	-206.7000	778.0000
297	-204.9125	779.0000
298	-203.2875	778.0000
299	-201.6625	779.0000
300	-199.8750	779.0000
301	-198.0875	778.0000
302	-196.1375	777.0000
303	-194.5125	777.0000
304	-192.5625	777.0000
305	-190.7750	777.0000
306	-188.8250	777.0000
307	-186.8750	778.0000
308	-185.0875	778.0000
309	-182.9750	777.0000
310	-181.0250	778.0000
311	-178.9125	779.0000
312	-176.8000	778.0000
313	-174.5250	778.0000
314	-172.4125	778.0000
315	-170.3000	778.0000
316	-168.0250	777.0000
317	-166.0750	777.0000
318	-163.9625	777.0000
319	-162.3375	777.0000
320	-159.5750	778.0000
321	-157.4625	778.0000
322	-155.0250	778.0000
323	-153.5625	778.0000
324	-151.2875	778.0000
325	-149.0125	777.0000
326	-146.7375	778.0000
327	-144.4625	777.0000
328	-142.3500	777.0000
329	-139.7500	777.0000
330	-137.6375	777.0000
331	-135.3625	777.0000
332	-132.9250	777.0000
333	-131.3000	778.0000
334	-130.9750	778.0000
335	-126.2625	778.0000
336	-123.6625	778.0000
337	-121.2250	778.0000
338	-118.7875	777.0000
339	-116.5125	777.0000
340	-114.0750	777.0000
341	-111.6375	777.0000
342	-109.2000	777.0000
343	-106.7625	777.0000
344	-104.3250	777.0000
345	-101.8875	777.0000
346	-99.2875	777.0000
347	-97.0125	778.0000
348	-94.4125	778.0000
349	-91.9750	778.0000
350	-89.5375	778.0000
351	-87.2625	777.0000
352	-84.6625	777.0000
353	-82.2250	778.0000
354	-79.7875	777.0000
355	-77.3500	777.0000
356	-74.9125	777.0000
357	-72.3125	777.0000
358	-69.7125	778.0000
359	-67.2750	778.0000
360	-64.8375	778.0000
361	-62.2375	778.0000
362	-59.8000	778.0000
363	-57.2000	777.0000
364	-54.6000	776.0000
365	-52.1625	777.0000
366	-49.5625	777.0000
367	-47.2875	777.0000
368	-44.5250	777.0000
369	-42.0875	777.0000
370	-39.4875	777.0000
371	-37.0500	777.0000
372	-34.4500	778.0000
373	-32.0125	778.0000
374	-29.5750	778.0000
375	-27.1375	777.0000
376	-24.8625	777.0000
377	-22.2625	777.0000
378	-19.9875	777.0000
379	-18.0375	777.0000
380	-16.5750	777.0000
381	-15.2750	777.0000
382	-14.1375	777.0000
383	-13.3250	777.0000
384	-12.5125	778.0000
385	-12.0250	777.0000
386	-11.7000	777.0000
387	-11.7000	777.0000
388	-11.0500	777.0000
389	-11.7000	777.0000
390	-10.7250	777.0000
391	-11.3750	776.0000
392	-10.0750	777.0000
393	-10.5625	776.0000
394	-10.0750	777.0000
395	-10.2375	777.0000
396	-9.7500	777.0000
397	-9.7500	778.0000
398	-9.5875	778.0000
399	-9.5875	778.0000
400	-9.1000	777.0000
401	-9.1000	777.0000
402	-9.1000	777.0000
403	-9.1000	776.0000
404	-9.1000	776.0000
405	-8.9375	776.0000
406	-8.7750	777.0000
407	-8.7750	776.0000
408	-8.7750	776.0000
409	-8.6125	777.0000
410	-8.6125	777.0000
411	-8.4500	777.0000
412	-8.4500	777.0000
413	-8.6125	777.0000
414	-8.4500	776.0000
415	-8.2875	777.0000
416	-8.1250	776.0000
417	-8.1250	776.0000
418	-8.1250	776.0000
419	-8.1250	776.0000
420	-8.1250	777.0000
421	-8.1250	780.0000
422	-7.9625	777.0000
423	-7.9625	777.0000
424	-7.8000	777.0000
425	-7.8000	777.0000
426	-7.8000	777.0000
427	-7.8000	777.0000
428	-7.6375	776.0000
429	-7.6375	776.0000
430	-7.4750	776.0000
431	-7.6375	777.0000
432	-7.6375	777.0000
433	-7.4750	777.0000
434	-7.3125	777.0000
435	-7.4750	777.0000
436	-7.3125	777.0000
437	-7.1500	777.0000
438	-7.3125	777.0000
439	-7.3125	777.0000
440	-7.3125	776.0000
441	-6.9875	776.0000
442	-6.9875	776.0000
443	-6.9875	777.0000
444	-7.3125	776.0000
445	-7.1500	777.0000
446	-7.1500	777.0000
447	-6.9875	777.0000
448	-6.8250	777.0000
449	-6.8250	778.0000
450	-6.6625	777.0000
451	-6.6625	777.0000
452	-6.6625	777.0000
453	-7.4750	777.0000
454	-6.6625	777.0000
455	-6.6625	777.0000
456	-6.6625	777.0000
457	-6.6625	777.0000
458	-6.6625	777.0000
459	-6.6625	778.0000
460	-6.5000	778.0000
461	-6.5000	778.0000
462	-6.5000	777.0000
463	-6.5000	777.0000
464	-6.3375	777.0000
465	-6.1750	776.0000
466	-6.1750	776.0000
467	-6.3375	776.0000
468	-6.3375	776.0000
469	-6.1750	777.0000
470	-6.1750	777.0000
471	-6.1750	778.0000
472	-6.1750	778.0000
473	-6.0125	777.0000
474	-6.0125	777.0000
475	-6.0125	777.0000
476	-6.0125	777.0000
477	-6.1750	777.0000
478	-6.1750	776.0000
479	-6.0125	776.0000
480	-6.0125	777.0000
481	-6.0125	777.0000
482	-6.1750	777.0000
483	-6.0125	777.0000
484	-5.8500	777.0000
485	-5.8500	777.0000
486	-5.8500	777.0000
487	-5.6875	777.0000
488	-5.8500	779.0000
489	-5.6875	777.0000
490	-5.6875	777.0000
491	-5.6875	777.0000
492	-5.8500	777.0000
493	-5.6875	777.0000
494	-5.5250	777.0000
495	-5.6875	777.0000
496	-5.5250	777.0000
497	-5.5250	777.0000
498	-5.5250	777.0000
499	-9.5875	777.0000
500	-5.5250	777.0000
501	-5.5250	777.0000
502	-5.5250	776.0000
503	-5.5250	776.0000
504	-5.5250	776.0000
505	-5.3625	777.0000
506	-5.8500	777.0000
507	-5.5250	777.0000
508	-5.3625	778.0000
509	-5.5250	778.0000
510	-5.5250	778.0000
511	-5.5250	778.0000
512	-8.2875	778.0000
513	-5.3625	777.0000
514	-5.0375	777.0000
515	-5.2000	777.0000
516	-5.2000	777.0000
517	-5.6875	777.0000
518	-5.2000	775.0000
519	-5.2000	777.0000
520	-5.2000	777.0000
521	-5.0375	777.0000
522	-5.2000	778.0000
523	-5.2000	778.0000
524	-5.2000	778.0000
525	-5.2000	778.0000
526	-4.8750	777.0000
527	-5.2000	777.0000
528	-4.8750	776.0000
529	-7.8000	777.0000
530	-5.0375	777.0000
531	-4.7125	774.0000
532	-4.5500	777.0000
533	-4.7125	777.0000
534	-6.6625	777.0000
535	-4.8750	778.0000
536	-4.3875	778.0000
537	-4.7125	778.0000
538	-5.5250	778.0000
539	-5.2000	777.0000
540	-5.0375	777.0000
541	-5.0375	777.0000
542	-4.8750	777.0000
543	-12.3500	777.0000
544	-5.0375	777.0000
545	-5.0375	777.0000
546	-5.0375	777.0000
547	-5.0375	778.0000
548	-5.0375	778.0000
549	-4.8750	778.0000
550	-4.8750	778.0000
551	-4.8750	777.0000
552	-5.0375	777.0000
553	-4.8750	777.0000
554	-4.8750	777.0000
555	-6.1750	777.0000
556	-5.3625	777.0000
557	-9.2625	777.0000
558	-4.8750	778.0000
559	-4.8750	777.0000
560	-9.2625	778.0000
561	-4.7125	778.0000
562	-4.7125	778.0000
563	-4.7125	777.0000
564	-4.7125	777.0000
565	-4.7125	777.0000
566	-4.7125	777.0000
567	-4.5500	777.0000
568	-4.7125	777.0000
569	-4.5500	777.0000
570	-4.5500	777.0000
571	-4.5500	777.0000
572	-4.2250	777.0000
573	-4.3875	777.0000
574	-4.2250	777.0000
575	-4.2250	778.0000
576	-12.5125	777.0000
577	-4.2250	777.0000
578	-4.3875	777.0000
579	-6.9875	777.0000
580	-4.2250	774.0000
581	-7.1500	777.0000
582	-4.0625	777.0000
583	-11.2125	777.0000
584	-4.2250	777.0000
585	-14.6250	778.0000
586	-4.2250	777.0000
587	-5.6875	777.0000
588	-7.1500	777.0000
589	-3.9000	777.0000
590	-6.6625	777.0000
591	-4.0625	777.0000
592	-9.7500	776.0000
593	-3.7375	777.0000
594	-13.1625	777.0000
595	-3.9000	777.0000
596	-6.8250	777.0000
597	-6.6625	777.0000
598	-3.4125	777.0000
599	-6.1750	778.0000
600	-3.4125	777.0000
601	-5.5250	777.0000
602	-3.2500	777.0000
603	-12.8375	777.0000
604	-3.0875	776.0000
605	-9.5875	777.0000
606	-3.9000	777.0000
607	-3.4125	777.0000
608	-5.8500	777.0000
609	-3.4125	778.0000
610	-3.0875	778.0000
611	-3.0875	778.0000
612	-11.8625	778.0000
613	-2.7625	777.0000
614	-2.7625	777.0000
615	-2.6000	777.0000
616	-2.6000	777.0000
617	-2.4375	776.0000
618	-2.4375	777.0000
619	-2.4375	777.0000
620	-2.4375	777.0000
621	-2.2750	775.0000
622	-2.2750	777.0000
623	-2.2750	778.0000
624	-5.2000	778.0000
625	-1.7875	777.0000
626	-1.7875	777.0000
627	-1.7875	777.0000
628	-1.6250	777.0000
629	-1.3000	777.0000
630	-1.3000	777.0000
631	-1.6250	777.0000
632	-0.9750	777.0000
633	-1.4625	777.0000
634	-0.8125	777.0000
635	-4.5500	778.0000
636	-1.4625	778.0000
637	-1.3000	778.0000
638	-1.3000	777.0000
639	-1.1375	777.0000
640	-1.1375	777.0000
641	-0.9750	777.0000
642	-0.8125	777.0000
643	-0.6500	777.0000
644	-3.4125	777.0000
645	-0.3250	777.0000
646	-0.4875	777.0000
647	-0.8125	778.0000
648	-0.3250	778.0000
649	0.0000	775.0000
650	0.0000	778.0000
651	0.1625	777.0000
652	0.0000	777.0000
653	-4.3875	777.0000
654	-3.2500	777.0000
655	0.4875	777.0000
656	0.4875	777.0000
657	0.8125	777.0000
658	0.9750	778.0000
659	0.9750	778.0000
660	1.1375	778.0000
661	1.4625	778.0000
662	1.7875	778.0000
663	2.2750	778.0000
664	2.7625	777.0000
665	3.4125	777.0000
666	3.7375	777.0000
667	4.5500	777.0000
668	0.8125	777.0000
669	6.1750	777.0000
670	6.9875	777.0000
671	7.8000	777.0000
672	8.9375	778.0000
673	10.0750	781.0000
674	11.2125	778.0000
675	12.3500	778.0000
676	13.4875	778.0000
677	13.1625	777.0000
678	16.2500	777.0000
679	17.7125	777.0000
680	19.0125	777.0000
681	20.6375	776.0000
682	21.9375	777.0000
683	23.7250	778.0000
684	25.3500	778.0000
685	27.1375	778.0000
686	28.9250	778.0000
687	30.5500	778.0000
688	32.3375	778.0000
689	34.2875	777.0000
690	36.4000	777.0000
691	33.4750	777.0000
692	40.1375	777.0000
693	42.2500	777.0000
694	44.3625	777.0000
695	46.4750	777.0000
696	48.7500	778.0000
697	50.8625	778.0000
698	53.3000	778.0000
699	47.6125	778.0000
700	57.5250	778.0000
701	59.8000	778.0000
702	61.9125	777.0000
703	64.3500	777.0000
704	66.7875	777.0000
705	69.3875	777.0000
706	71.8250	777.0000
707	74.2625	777.0000
708	76.5375	777.0000
709	79.1375	778.0000
710	81.5750	778.0000
711	84.0125	778.0000
712	86.6125	778.0000
713	89.8625	778.0000
714	89.3750	777.0000
715	90.8375	777.0000
716	97.3375	777.0000
717	99.7750	777.0000
718	102.8625	777.0000
719	105.4625	777.0000
720	108.5500	777.0000
721	111.1500	778.0000
722	113.7500	778.0000
723	116.0250	778.0000
724	119.1125	778.0000
725	122.0375	778.0000
726	124.4750	778.0000
727	127.4000	778.0000
728	130.0000	777.0000
729	132.9250	777.0000
730	134.8750	777.0000
731	137.6375	777.0000
732	140.5625	777.0000
733	143.3250	778.0000
734	146.2500	778.0000
735	149.0125	778.0000
736	151.7750	778.0000
737	154.5375	779.0000
738	154.0500	778.0000
739	160.0625	778.0000
740	162.9875	778.0000
741	166.0750	777.0000
742	169.0000	778.0000
743	171.7625	777.0000
744	174.6875	778.0000
745	177.6125	778.0000
746	180.3750	778.0000
747	183.3000	779.0000
748	186.0625	779.0000
749	189.1500	779.0000
750	192.0750	779.0000
751	194.8375	779.0000
752	197.9250	778.0000
753	200.6875	775.0000
754	203.6125	778.0000
755	206.5375	777.0000
756	209.4625	778.0000
757	212.3875	778.0000
758	215.1500	779.0000
759	218.0750	779.0000
760	221.1625	779.0000
761	224.0875	779.0000
762	226.8500	779.0000
763	229.7750	779.0000
764	232.8625	779.0000
765	235.6250	777.0000
766	238.5500	778.0000
767	241.9625	778.0000
768	245.2125	778.0000
769	248.3000	778.0000
770	251.2250	779.0000
771	253.5000	779.0000
772	255.7750	779.0000
773	257.7250	779.0000
774	259.3500	780.0000
775	260.0000	779.0000
776	261.9500	779.0000
777	263.4125	779.0000
778	260.0000	779.0000
779	260.9750	782.0000
780	264.5500	778.0000
781	263.7375	778.0000
782	264.8750	779.0000
783	265.0375	779.0000
784	265.0375	779.0000
785	265.3625	779.0000
786	264.8750	779.0000
787	264.7125	780.0000
788	264.0625	776.0000
789	263.5750	779.0000
790	262.7625	779.0000
791	261.7875	778.0000
792	258.5375	778.0000
793	260.1625	777.0000
794	259.1875	778.0000
795	258.0500	778.0000
796	257.4000	779.0000
797	255.9375	778.0000
798	254.9625	779.0000
799	253.8250	779.0000
800	252.3625	779.0000
801	251.2250	779.0000
802	250.0875	779.0000
803	249.1125	778.0000
804	247.1625	778.0000
805	246.1875	778.0000
806	235.7875	778.0000
807	238.8750	778.0000
808	240.9875	779.0000
809	239.5250	779.0000
810	236.1125	779.0000
811	235.7875	779.0000
812	234.0000	779.0000
813	232.0500	779.0000
814	230.2625	778.0000
815	227.8250	777.0000
816	226.6875	777.0000
817	224.0875	777.0000
818	222.6250	777.0000
819	220.5125	778.0000
820	218.4000	778.0000
821	216.7750	777.0000
822	211.2500	778.0000
823	212.2250	778.0000
824	210.1125	779.0000
825	208.0000	779.0000
826	206.2125	778.0000
827	204.5875	777.0000
828	202.1500	777.0000
829	200.0375	777.0000
830	192.0750	777.0000
831	195.0000	777.0000
832	192.0750	778.0000
833	190.4500	778.0000
834	188.1750	778.0000
835	186.0625	778.0000
836	183.6250	778.0000
837	181.3500	778.0000
838	179.0750	778.0000
839	176.4750	778.0000
840	174.0375	778.0000
841	172.2500	778.0000
842	169.6500	778.0000
843	167.2125	777.0000
844	164.6125	778.0000
845	162.3375	778.0000
846	159.9000	778.0000
847	157.6250	778.0000
848	155.1875	779.0000
849	153.2375	779.0000
850	150.4750	778.0000
851	147.8750	778.0000
852	145.4375	778.0000
853	138.4500	778.0000
854	140.4000	778.0000
855	138.1250	778.0000
856	135.8500	777.0000
857	132.6000	778.0000
858	129.8375	778.0000
859	127.5625	778.0000
860	124.9625	779.0000
861	122.2000	779.0000
862	119.6000	778.0000
863	117.3250	779.0000
864	114.4000	778.0000
865	111.9625	777.0000
866	109.3625	778.0000
867	106.9250	778.0000
868	104.1625	777.0000
869	101.7250	777.0000
870	99.1250	778.0000
871	96.5250	778.0000
872	93.7625	778.0000
873	91.3250	778.0000
874	88.7250	778.0000
875	86.1250	778.0000
876	83.3625	778.0000
877	80.7625	778.0000
878	78.0000	778.0000
879	75.5625	777.0000
880	72.9625	776.0000
881	70.5250	777.0000
882	67.9250	777.0000
883	65.6500	777.0000
884	63.2125	778.0000
885	60.4500	778.0000
886	58.0125	779.0000
887	55.7375	778.0000
888	52.4875	778.0000
889	45.3375	778.0000
890	38.8375	777.0000
891	46.1500	777.0000
892	41.1125	777.0000
893	42.9000	777.0000
894	39.1625	777.0000
895	40.9500	777.0000
896	40.6250	777.0000
897	40.1375	778.0000
898	39.8125	778.0000
899	39.3250	778.0000
900	39.0000	778.0000
901	38.8375	778.0000
902	38.3500	777.0000
903	38.1875	777.0000
904	38.0250	777.0000
905	37.8625	777.0000
906	37.8625	777.0000
907	37.5375	777.0000
908	37.5375	777.0000
909	37.2125	778.0000
910	37.3750	777.0000
911	29.9000	778.0000
912	36.8875	778.0000
913	37.0500	778.0000
914	36.7250	777.0000
915	36.7250	777.0000
916	36.7250	777.0000
917	36.5625	777.0000
918	13.0000	777.0000
919	7.8000	780.0000
920	7.8000	777.0000
921	7.9625	778.0000
922	8.7750	778.0000
923	20.8000	778.0000
924	19.6625	778.0000
925	30.2250	778.0000
926	26.1625	778.0000
927	24.5375	777.0000
928	7.8000	777.0000
929	14.9500	777.0000
930	15.9250	777.0000
931	13.3250	777.0000
932	15.9250	777.0000
933	19.8250	777.0000
934	19.3375	777.0000
935	32.3375	777.0000
936	35.2625	777.0000
937	35.4250	777.0000
938	35.4250	777.0000
939	35.4250	777.0000
940	35.4250	777.0000
941	35.4250	777.0000
942	35.2625	777.0000
943	35.2625	777.0000
944	35.2625	777.0000
945	35.9125	777.0000
946	35.7500	777.0000
947	35.5875	777.0000
948	35.5875	777.0000
949	35.5875	778.0000
950	35.4250	778.0000
951	34.4500	778.0000
952	35.4250	777.0000
953	34.7750	778.0000
954	35.2625	777.0000
955	35.2625	776.0000
956	35.2625	777.0000
957	35.2625	777.0000
958	35.2625	777.0000
959	35.2625	777.0000
960	13.9750	777.0000
961	3.0875	778.0000
962	3.5750	778.0000
963	13.3250	778.0000
964	17.7125	777.0000
965	15.4375	777.0000
966	21.6125	777.0000
967	30.0625	778.0000
968	29.0875	777.0000
969	33.3125	777.0000
970	32.8250	777.0000
971	25.0250	777.0000
972	24.5375	778.0000
973	28.7625	778.0000
974	31.2000	778.0000
975	31.5250	778.0000
976	33.9625	779.0000
977	33.9625	777.0000
978	33.6375	776.0000
979	33.6375	777.0000
980	32.5000	777.0000
981	31.5250	777.0000
982	26.8125	777.0000
983	27.4625	777.0000
984	26.6500	777.0000
985	28.4375	777.0000
986	31.2000	777.0000
987	33.6375	778.0000
988	33.8000	778.0000
989	33.3125	777.0000
990	33.6375	777.0000
991	33.3125	777.0000
992	31.2000	777.0000
993	28.6000	777.0000
994	26.8125	777.0000
995	26.1625	777.0000
996	31.8500	777.0000
997	32.0125	777.0000
998	33.3125	777.0000
999	33.4750	778.0000
1000	24.2125	781.0000
1001	30.2250	777.0000
1002	33.3125	777.0000
1003	33.4750	777.0000
1004	33.1500	777.0000
1005	33.3125	777.0000
1006	33.3125	777.0000
1007	33.1500	777.0000
1008	33.3125	780.0000
1009	33.3125	777.0000
1010	32.9875	778.0000
1011	32.9875	778.0000
1012	32.9875	777.0000
1013	33.1500	778.0000
1014	32.9875	777.0000
1015	33.3125	777.0000
1016	33.3125	777.0000
1017	33.8000	776.0000
1018	33.6375	777.0000
1019	33.6375	776.0000
1020	33.6375	777.0000
1021	33.4750	775.0000
1022	29.9000	777.0000
1023	33.4750	777.0000

