#	2.76	4413.49
0	2.6000	902.0000
1	3.4125	902.0000
2	2.9250	902.0000
3	3.0875	902.0000
4	3.0875	902.0000
5	3.4125	902.0000
6	3.4125	903.0000
7	3.9000	902.0000
8	4.0625	903.0000
9	3.9000	902.0000
10	3.9000	902.0000
11	3.9000	902.0000
12	3.9000	902.0000
13	3.9000	902.0000
14	4.0625	902.0000
15	3.7375	901.0000
16	3.9000	903.0000
17	3.9000	902.0000
18	3.9000	902.0000
19	3.5750	902.0000
20	3.9000	902.0000
21	3.5750	902.0000
22	3.7375	902.0000
23	3.5750	902.0000
24	3.5750	902.0000
25	2.9250	902.0000
26	3.4125	902.0000
27	3.7375	902.0000
28	3.7375	902.0000
29	3.4125	903.0000
30	3.7375	902.0000
31	3.5750	904.0000
32	3.7375	902.0000
33	3.5750	903.0000
34	3.5750	902.0000
35	3.5750	903.0000
36	3.5750	902.0000
37	3.5750	902.0000
38	3.5750	902.0000
39	3.7375	903.0000
40	3.5750	903.0000
41	3.7375	902.0000
42	3.4125	902.0000
43	3.7375	903.0000
44	3.7375	902.0000
45	3.5750	903.0000
46	3.4125	902.0000
47	3.4125	902.0000
48	3.0875	902.0000
49	3.5750	902.0000
50	3.4125	902.0000
51	3.5750	900.0000
52	3.5750	902.0000
53	3.4125	902.0000
54	3.4125	902.0000
55	3.5750	902.0000
56	3.2500	902.0000
57	3.0875	902.0000
58	3.2500	903.0000
59	3.2500	902.0000
60	3.0875	902.0000
61	3.0875	902.0000
62	3.2500	903.0000
63	3.0875	902.0000
64	3.0875	903.0000
65	3.0875	902.0000
66	3.4125	902.0000
67	3.2500	902.0000
68	3.2500	902.0000
69	3.0875	902.0000
70	3.2500	902.0000
71	3.0875	902.0000
72	2.9250	902.0000
73	2.9250	902.0000
74	2.9250	902.0000
75	2.9250	902.0000
76	2.9250	902.0000
77	2.9250	902.0000
78	2.9250	902.0000
79	2.1125	903.0000
80	3.0875	902.0000
81	2.9250	903.0000
82	2.7625	902.0000
83	2.7625	902.0000
84	2.9250	902.0000
85	2.7625	903.0000
86	2.4375	902.0000
87	2.6000	902.0000
88	2.6000	902.0000
89	2.7625	902.0000
90	2.1125	902.0000
91	2.2750	902.0000
92	2.6000	902.0000
93	2.6000	902.0000
94	2.2750	902.0000
95	2.2750	902.0000
96	2.6000	902.0000
97	2.4375	902.0000
98	1.9500	902.0000
99	2.4375	902.0000
100	2.2750	902.0000
101	2.2750	902.0000
102	2.1125	902.0000
103	2.1125	902.0000
104	1.7875	902.0000
105	2.1125	902.0000
106	1.7875	902.0000
107	2.1125	902.0000
108	2.1125	903.0000
109	1.9500	899.0000
110	1.9500	902.0000
111	1.7875	902.0000
112	-0.1625	902.0000
113	1.7875	902.0000
114	1.9500	903.0000
115	1.7875	904.0000
116	1.9500	902.0000
117	1.4625	902.0000
118	1.6250	902.0000
119	1.1375	902.0000
120	1.6250	902.0000
121	1.4625	902.0000
122	1.4625	902.0000
123	1.3000	902.0000
124	1.4625	902.0000
125	1.1375	902.0000
126	0.9750	902.0000
127	0.6500	902.0000
128	1.3000	902.0000
129	1.3000	902.0000
130	1.1375	902.0000
131	0.9750	903.0000
132	0.9750	902.0000
133	1.1375	903.0000
134	0.9750	901.0000
135	0.8125	902.0000
136	0.9750	902.0000
137	0.8125	902.0000
138	0.8125	902.0000
139	0.6500	903.0000
140	0.4875	902.0000
141	0.6500	902.0000
142	0.3250	902.0000
143	0.3250	902.0000
144	0.1625	902.0000
145	0.1625	902.0000
146	0.3250	900.0000
147	-0.4875	902.0000
148	-0.1625	902.0000
149	-0.3250	902.0000
150	-0.1625	902.0000
151	-0.3250	902.0000
152	-0.6500	902.0000
153	-0.4875	902.0000
154	-0.6500	903.0000
155	-0.8125	902.0000
156	-1.6250	903.0000
157	-1.3000	902.0000
158	-1.4625	903.0000
159	-1.7875	902.0000
160	-2.1125	903.0000
161	-2.4375	902.0000
162	-2.6000	903.0000
163	-3.0875	902.0000
164	-3.4125	902.0000
165	-4.0625	902.0000
166	-4.2250	902.0000
167	-4.7125	902.0000
168	-5.0375	902.0000
169	-6.0125	902.0000
170	-6.0125	903.0000
171	-6.6625	902.0000
172	-6.9875	902.0000
173	-7.8000	902.0000
174	-8.2875	902.0000
175	-8.9375	902.0000
176	-9.4250	902.0000
177	-10.5625	902.0000
178	-10.7250	902.0000
179	-11.2125	902.0000
180	-12.1875	901.0000
181	-12.6750	902.0000
182	-13.6500	902.0000
183	-14.3000	903.0000
184	-15.1125	901.0000
185	-15.7625	902.0000
186	-16.4125	902.0000
187	-17.2250	902.0000
188	-18.2000	902.0000
189	-19.3375	902.0000
190	-19.9875	903.0000
191	-20.6375	901.0000
192	-21.4500	902.0000
193	-22.4250	902.0000
194	-23.2375	902.0000
195	-24.2125	902.0000
196	-25.1875	902.0000
197	-26.3250	902.0000
198	-27.3000	902.0000
199	-28.4375	903.0000
200	-29.0875	905.0000
201	-30.2250	906.0000
202	-32.1750	908.0000
203	-32.5000	908.0000
204	-33.4750	909.0000
205	-34.6125	909.0000
206	-36.0750	914.0000
207	-36.8875	911.0000
208	-38.0250	912.0000
209	-39.1625	912.0000
210	-40.3000	914.0000
211	-41.6000	913.0000
212	-42.9000	914.0000
213	-43.8750	914.0000
214	-45.0125	915.0000
215	-46.4750	915.0000
216	-47.6125	916.0000
217	-48.7500	915.0000
218	-50.0500	916.0000
219	-51.3500	916.0000
220	-52.8125	917.0000
221	-53.9500	917.0000
222	-54.9250	917.0000
223	-56.0625	917.0000
224	-57.5250	918.0000
225	-58.6625	918.0000
226	-59.9625	918.0000
227	-61.9125	918.0000
228	-62.7250	918.0000
229	-64.0250	919.0000
230	-65.1625	918.0000
231	-66.6250	919.0000
232	-67.9250	918.0000
233	-69.0625	919.0000
234	-70.6875	920.0000
235	-71.8250	919.0000
236	-73.1250	919.0000
237	-75.2375	920.0000
238	-75.8875	919.0000
239	-77.0250	920.0000
240	-78.3250	919.0000
241	-79.6250	920.0000
242	-81.2500	918.0000
243	-82.7125	920.0000
244	-84.0125	919.0000
245	-85.3125	920.0000
246	-86.7750	920.0000
247	-87.9125	920.0000
248	-89.5375	920.0000
249	-90.5125	920.0000
250	-91.9750	920.0000
251	-93.4375	920.0000
252	-94.9000	920.0000
253	-96.3625	920.0000
254	-97.3375	920.0000
255	-98.8000	919.0000
256	-100.2625	920.0000
257	-101.5625	919.0000
258	-102.7000	920.0000
259	-104.0000	920.0000
260	-105.3000	920.0000
261	-106.2750	920.0000
262	-107.0875	920.0000
263	-108.0625	920.0000
264	-110.0125	920.0000
265	-110.0125	920.0000
266	-110.8250	920.0000
267	-111.9625	920.0000
268	-112.4500	920.0000
269	-113.1000	920.0000
270	-113.7500	920.0000
271	-114.2375	920.0000
272	-114.7250	920.0000
273	-114.8875	922.0000
274	-115.3750	920.0000
275	-115.8625	920.0000
276	-116.0250	920.0000
277	-116.1875	920.0000
278	-116.5125	920.0000
279	-116.6750	920.0000
280	-117.0000	920.0000
281	-117.0000	920.0000
282	-117.0000	920.0000
283	-117.0000	920.0000
284	-117.0000	920.0000
285	-117.0000	920.0000
286	-117.0000	920.0000
287	-116.8375	920.0000
288	-116.6750	920.0000
289	-116.5125	920.0000
290	-116.3500	920.0000
291	-116.1875	920.0000
292	-116.0250	920.0000
293	-115.5375	920.0000
294	-115.5375	920.0000
295	-114.8875	920.0000
296	-114.7250	920.0000
297	-114.7250	920.0000
298	-114.2375	920.0000
299	-113.4250	920.0000
300	-113.1000	920.0000
301	-112.6125	920.0000
302	-112.6125	922.0000
303	-111.6375	920.0000
304	-111.4750	921.0000
305	-110.8250	920.0000
306	-110.1750	920.0000
307	-110.0125	920.0000
308	-109.2000	920.0000
309	-108.7125	920.0000
310	-108.0625	921.0000
311	-107.4125	920.0000
312	-106.7625	920.0000
313	-105.9500	920.0000
314	-105.4625	921.0000
315	-104.6500	920.0000
316	-104.0000	920.0000
317	-103.3500	920.0000
318	-103.3500	920.0000
319	-101.7250	919.0000
320	-100.9125	920.0000
321	-100.5875	920.0000
322	-99.2875	920.0000
323	-98.4750	920.0000
324	-97.6625	919.0000
325	-97.0125	920.0000
326	-96.0375	920.0000
327	-95.0625	920.0000
328	-94.4125	919.0000
329	-93.4375	920.0000
330	-92.4625	920.0000
331	-91.4875	920.0000
332	-90.5125	919.0000
333	-89.5375	920.0000
334	-88.5625	920.0000
335	-87.5875	920.0000
336	-86.9375	920.0000
337	-85.4750	920.0000
338	-84.5000	920.0000
339	-83.5250	920.0000
340	-82.5500	920.0000
341	-81.4125	920.0000
342	-80.6000	919.0000
343	-79.4625	920.0000
344	-78.8125	920.0000
345	-77.5125	920.0000
346	-76.2125	920.0000
347	-75.2375	920.0000
348	-74.4250	920.0000
349	-73.1250	919.0000
350	-71.6625	920.0000
351	-70.3625	920.0000
352	-69.2250	920.0000
353	-68.2500	920.0000
354	-66.9500	920.0000
355	-65.8125	919.0000
356	-64.5125	920.0000
357	-63.3750	919.0000
358	-61.9125	920.0000
359	-60.9375	920.0000
360	-59.6375	920.0000
361	-58.1750	920.0000
362	-61.7500	920.0000
363	-57.2000	919.0000
364	-59.1500	920.0000
365	-53.9500	919.0000
366	-52.1625	920.0000
367	-51.1875	920.0000
368	-50.2125	920.0000
369	-48.5875	920.0000
370	-47.1250	920.0000
371	-45.8250	919.0000
372	-43.7125	920.0000
373	-42.5750	920.0000
374	-41.2750	920.0000
375	-39.8125	920.0000
376	-38.3500	920.0000
377	-37.2125	920.0000
378	-35.9125	919.0000
379	-34.4500	920.0000
380	-33.3125	920.0000
381	-32.0125	920.0000
382	-30.8750	919.0000
383	-29.5750	920.0000
384	-28.4375	919.0000
385	-27.1375	920.0000
386	-26.1625	918.0000
387	-25.3500	920.0000
388	-24.3750	920.0000
389	-23.5625	920.0000
390	-23.0750	920.0000
391	-22.4250	920.0000
392	-22.1000	920.0000
393	-21.9375	920.0000
394	-21.2875	920.0000
395	-20.9625	920.0000
396	-20.8000	920.0000
397	-20.8000	920.0000
398	-20.3125	920.0000
399	-20.1500	920.0000
400	-19.8250	920.0000
401	-19.6625	920.0000
402	-19.6625	920.0000
403	-19.8250	919.0000
404	-19.1750	920.0000
405	-19.1750	919.0000
406	-19.0125	920.0000
407	-18.8500	919.0000
408	-18.6875	920.0000
409	-18.5250	920.0000
410	-18.3625	920.0000
411	-18.6875	920.0000
412	-18.3625	920.0000
413	-18.3625	920.0000
414	-18.0375	920.0000
415	-18.2000	920.0000
416	-18.0375	921.0000
417	-18.0375	919.0000
418	-17.7125	920.0000
419	-17.7125	920.0000
420	-17.7125	920.0000
421	-17.7125	920.0000
422	-17.8750	920.0000
423	-17.5500	920.0000
424	-17.5500	920.0000
425	-17.5500	920.0000
426	-17.5500	920.0000
427	-17.3875	920.0000
428	-17.3875	919.0000
429	-17.3875	920.0000
430	-17.3875	919.0000
431	-17.2250	920.0000
432	-17.2250	920.0000
433	-17.0625	920.0000
434	-17.8750	920.0000
435	-17.2250	920.0000
436	-17.3875	920.0000
437	-17.3875	920.0000
438	-17.2250	920.0000
439	-16.9000	920.0000
440	-16.9000	920.0000
441	-17.0625	920.0000
442	-16.9000	920.0000
443	-16.9000	920.0000
444	-16.9000	920.0000
445	-16.7375	920.0000
446	-16.7375	920.0000
447	-16.7375	920.0000
448	-16.7375	920.0000
449	-16.5750	920.0000
450	-16.5750	920.0000
451	-16.7375	919.0000
452	-16.5750	920.0000
453	-16.4125	920.0000
454	-16.4125	920.0000
455	-16.4125	919.0000
456	-16.4125	920.0000
457	-16.5750	919.0000
458	-16.5750	920.0000
459	-17.0625	920.0000
460	-16.5750	920.0000
461	-16.4125	919.0000
462	-16.4125	920.0000
463	-16.4125	920.0000
464	-16.7375	920.0000
465	-17.0625	920.0000
466	-16.5750	920.0000
467	-16.5750	920.0000
468	-16.4125	920.0000
469	-16.0875	920.0000
470	-16.0875	920.0000
471	-16.9000	920.0000
472	-16.2500	920.0000
473	-16.0875	920.0000
474	-16.0875	920.0000
475	-16.2500	920.0000
476	-16.0875	919.0000
477	-16.0875	920.0000
478	-16.0875	919.0000
479	-16.4125	920.0000
480	-16.0875	919.0000
481	-16.0875	920.0000
482	-16.0875	920.0000
483	-15.9250	920.0000
484	-15.9250	919.0000
485	-15.9250	920.0000
486	-16.0875	919.0000
487	-18.0375	920.0000
488	-16.4125	919.0000
489	-15.9250	920.0000
490	-16.0875	920.0000
491	-15.7625	920.0000
492	-15.9250	920.0000
493	-15.7625	920.0000
494	-16.2500	920.0000
495	-15.7625	920.0000
496	-16.4125	920.0000
497	-15.7625	920.0000
498	-15.9250	920.0000
499	-15.7625	920.0000
500	-15.7625	920.0000
501	-15.7625	920.0000
502	-15.9250	920.0000
503	-15.7625	920.0000
504	-15.9250	920.0000
505	-15.7625	919.0000
506	-15.7625	920.0000
507	-15.7625	919.0000
508	-15.7625	920.0000
509	-15.9250	920.0000
510	-15.7625	920.0000
511	-15.7625	919.0000
512	-15.7625	920.0000
513	-15.6000	919.0000
514	-15.6000	920.0000
515	-15.6000	918.0000
516	-15.6000	920.0000
517	-15.9250	919.0000
518	-15.6000	920.0000
519	-15.6000	920.0000
520	-15.4375	920.0000
521	-15.6000	920.0000
522	-15.6000	920.0000
523	-15.9250	920.0000
524	-15.4375	920.0000
525	-15.6000	920.0000
526	-15.2750	919.0000
527	-15.4375	920.0000
528	-15.4375	919.0000
529	-15.6000	920.0000
530	-15.4375	919.0000
531	-15.4375	920.0000
532	-15.2750	919.0000
533	-15.9250	920.0000
534	-15.4375	920.0000
535	-15.6000	920.0000
536	-15.4375	919.0000
537	-15.4375	920.0000
538	-15.6000	920.0000
539	-15.4375	920.0000
540	-16.0875	919.0000
541	-15.2750	920.0000
542	-15.2750	920.0000
543	-15.4375	920.0000
544	-15.2750	920.0000
545	-15.2750	920.0000
546	-15.2750	920.0000
547	-15.1125	920.0000
548	-15.6000	920.0000
549	-15.2750	920.0000
550	-15.4375	920.0000
551	-15.2750	920.0000
552	-15.4375	920.0000
553	-15.1125	919.0000
554	-15.2750	920.0000
555	-15.1125	919.0000
556	-15.1125	920.0000
557	-14.9500	920.0000
558	-15.1125	920.0000
559	-15.4375	919.0000
560	-15.1125	923.0000
561	-14.9500	919.0000
562	-15.2750	920.0000
563	-14.7875	919.0000
564	-14.9500	920.0000
565	-14.9500	920.0000
566	-14.9500	920.0000
567	-15.1125	920.0000
568	-14.9500	920.0000
569	-15.1125	920.0000
570	-14.9500	920.0000
571	-15.1125	920.0000
572	-15.1125	920.0000
573	-14.9500	920.0000
574	-14.9500	920.0000
575	-14.9500	920.0000
576	-14.9500	920.0000
577	-14.7875	920.0000
578	-14.7875	919.0000
579	-14.9500	920.0000
580	-14.9500	919.0000
581	-14.6250	920.0000
582	-14.7875	920.0000
583	-14.6250	920.0000
584	-14.6250	920.0000
585	-14.4625	920.0000
586	-14.7875	919.0000
587	-14.7875	920.0000
588	-14.6250	919.0000
589	-14.7875	920.0000
590	-14.6250	920.0000
591	-14.4625	920.0000
592	-14.3000	920.0000
593	-14.3000	920.0000
594	-14.3000	920.0000
595	-14.3000	920.0000
596	-14.4625	920.0000
597	-14.3000	919.0000
598	-14.3000	920.0000
599	-14.4625	919.0000
600	-14.4625	920.0000
601	-14.3000	919.0000
602	-14.3000	920.0000
603	-14.3000	919.0000
604	-14.6250	920.0000
605	-14.1375	919.0000
606	-13.9750	920.0000
607	-13.9750	919.0000
608	-14.1375	920.0000
609	-13.9750	919.0000
610	-14.1375	920.0000
611	-14.1375	920.0000
612	-15.1125	920.0000
613	-14.1375	919.0000
614	-13.9750	920.0000
615	-13.8125	920.0000
616	-13.8125	920.0000
617	-13.9750	920.0000
618	-13.6500	921.0000
619	-13.9750	920.0000
620	-13.8125	920.0000
621	-13.4875	920.0000
622	-13.4875	920.0000
623	-13.6500	920.0000
624	-13.6500	919.0000
625	-13.4875	920.0000
626	-13.4875	919.0000
627	-13.4875	920.0000
628	-13.3250	919.0000
629	-13.3250	920.0000
630	-13.3250	919.0000
631	-13.3250	920.0000
632	-13.3250	919.0000
633	-13.3250	920.0000
634	-13.3250	919.0000
635	-13.3250	920.0000
636	-13.1625	920.0000
637	-13.3250	920.0000
638	-13.1625	920.0000
639	-13.1625	920.0000
640	-13.1625	919.0000
641	-12.6750	920.0000
642	-12.5125	918.0000
643	-12.8375	920.0000
644	-12.6750	920.0000
645	-12.3500	920.0000
646	-12.5125	920.0000
647	-12.5125	920.0000
648	-13.0000	920.0000
649	-12.5125	919.0000
650	-12.5125	920.0000
651	-12.5125	921.0000
652	-12.0250	920.0000
653	-12.1875	919.0000
654	-12.1875	920.0000
655	-12.1875	919.0000
656	-12.0250	920.0000
657	-11.8625	919.0000
658	-11.8625	920.0000
659	-11.8625	919.0000
660	-11.7000	920.0000
661	-11.5375	919.0000
662	-11.7000	920.0000
663	-11.7000	919.0000
664	-11.3750	920.0000
665	-11.2125	919.0000
666	-11.2125	918.0000
667	-10.8875	920.0000
668	-10.7250	920.0000
669	-10.4000	920.0000
670	-10.2375	920.0000
671	-10.2375	920.0000
672	-9.7500	919.0000
673	-9.5875	920.0000
674	-9.5875	919.0000
675	-9.1000	920.0000
676	-8.7750	919.0000
677	-8.4500	920.0000
678	-7.8000	919.0000
679	-7.1500	919.0000
680	-6.8250	919.0000
681	-6.3375	920.0000
682	-5.6875	919.0000
683	-5.5250	920.0000
684	-4.8750	919.0000
685	-4.3875	920.0000
686	-3.9000	919.0000
687	-3.2500	920.0000
688	-2.7625	920.0000
689	-2.2750	920.0000
690	-1.7875	919.0000
691	-1.1375	920.0000
692	-0.3250	919.0000
693	0.4875	920.0000
694	1.4625	920.0000
695	1.9500	920.0000
696	2.7625	919.0000
697	3.4125	918.0000
698	4.2250	917.0000
699	4.8750	915.0000
700	5.8500	915.0000
701	6.5000	913.0000
702	7.4750	913.0000
703	8.2875	912.0000
704	9.2625	912.0000
705	9.9125	910.0000
706	11.0500	910.0000
707	12.0250	909.0000
708	12.8375	909.0000
709	14.1375	908.0000
710	15.1125	908.0000
711	16.0875	907.0000
712	17.2250	907.0000
713	18.0375	906.0000
714	19.3375	906.0000
715	20.1500	906.0000
716	21.4500	906.0000
717	22.5875	905.0000
718	23.7250	905.0000
719	24.7000	905.0000
720	25.5125	904.0000
721	27.1375	905.0000
722	28.2750	904.0000
723	29.2500	904.0000
724	30.0625	903.0000
725	31.8500	901.0000
726	32.8250	903.0000
727	34.1250	904.0000
728	35.2625	903.0000
729	36.2375	903.0000
730	37.8625	903.0000
731	39.1625	903.0000
732	39.9750	902.0000
733	41.7625	903.0000
734	43.0625	902.0000
735	44.0375	903.0000
736	45.3375	902.0000
737	45.6625	903.0000
738	48.1000	902.0000
739	49.2375	903.0000
740	51.0250	902.0000
741	52.0000	903.0000
742	53.3000	902.0000
743	54.6000	902.0000
744	56.0625	902.0000
745	57.3625	902.0000
746	58.8250	902.0000
747	59.8000	902.0000
748	61.4250	902.0000
749	62.5625	902.0000
750	64.0250	902.0000
751	65.1625	902.0000
752	66.6250	902.0000
753	67.9250	902.0000
754	69.3875	902.0000
755	70.8500	902.0000
756	71.6625	902.0000
757	73.4500	901.0000
758	75.0750	902.0000
759	76.3750	901.0000
760	77.6750	902.0000
761	78.9750	901.0000
762	80.4375	902.0000
763	81.7375	901.0000
764	83.0375	902.0000
765	84.3375	901.0000
766	85.9625	902.0000
767	86.9375	902.0000
768	88.7250	901.0000
769	90.0250	902.0000
770	91.3250	902.0000
771	92.4625	902.0000
772	93.6000	901.0000
773	94.9000	902.0000
774	96.3625	902.0000
775	97.3375	902.0000
776	98.1500	901.0000
777	99.2875	902.0000
778	99.2875	901.0000
779	100.4250	902.0000
780	101.0750	901.0000
781	101.8875	902.0000
782	101.8875	902.0000
783	102.7000	902.0000
784	103.5125	901.0000
785	103.8375	902.0000
786	104.6500	901.0000
787	104.9750	902.0000
788	105.3000	901.0000
789	105.6250	902.0000
790	105.9500	902.0000
791	106.1125	902.0000
792	106.1125	902.0000
793	105.9500	902.0000
794	106.1125	902.0000
795	105.3000	902.0000
796	106.2750	902.0000
797	105.7875	899.0000
798	105.7875	902.0000
799	105.9500	901.0000
800	105.9500	902.0000
801	105.7875	901.0000
802	105.6250	902.0000
803	104.8125	901.0000
804	105.1375	903.0000
805	104.8125	901.0000
806	104.8125	902.0000
807	104.1625	901.0000
808	103.8375	902.0000
809	103.5125	901.0000
810	103.1875	902.0000
811	102.8625	901.0000
812	102.5375	902.0000
813	102.0500	901.0000
814	101.7250	902.0000
815	100.9125	902.0000
816	100.5875	902.0000
817	100.1000	901.0000
818	99.4500	901.0000
819	98.8000	902.0000
820	98.4750	901.0000
821	97.8250	902.0000
822	97.3375	902.0000
823	96.6875	902.0000
824	95.8750	901.0000
825	95.3875	902.0000
826	94.2500	901.0000
827	93.9250	902.0000
828	93.2750	901.0000
829	92.4625	902.0000
830	91.8125	901.0000
831	91.0000	902.0000
832	89.8625	901.0000
833	89.5375	902.0000
834	88.7250	901.0000
835	87.7500	902.0000
836	87.1000	901.0000
837	86.2875	902.0000
838	85.1500	901.0000
839	84.5000	902.0000
840	83.0375	902.0000
841	82.5500	902.0000
842	81.5750	902.0000
843	80.7625	902.0000
844	79.7875	902.0000
845	78.9750	901.0000
846	78.0000	902.0000
847	76.8625	901.0000
848	75.8875	902.0000
849	74.9125	901.0000
850	73.7750	902.0000
851	72.8000	901.0000
852	71.6625	902.0000
853	70.6875	901.0000
854	69.3875	902.0000
855	68.0875	901.0000
856	67.4375	902.0000
857	66.3000	901.0000
858	65.3250	902.0000
859	63.5375	901.0000
860	63.0500	901.0000
861	61.7500	901.0000
862	55.0875	902.0000
863	58.1750	901.0000
864	57.6875	902.0000
865	57.0375	901.0000
866	55.7375	901.0000
867	54.4375	902.0000
868	53.3000	901.0000
869	52.0000	901.0000
870	50.8625	901.0000
871	49.4000	901.0000
872	47.4500	901.0000
873	46.9625	902.0000
874	45.6625	901.0000
875	44.3625	902.0000
876	43.2250	901.0000
877	41.7625	902.0000
878	40.4625	901.0000
879	39.1625	902.0000
880	37.7000	901.0000
881	36.4000	902.0000
882	34.9375	901.0000
883	33.6375	902.0000
884	32.1750	901.0000
885	31.0375	902.0000
886	29.0875	901.0000
887	28.1125	901.0000
888	26.3250	901.0000
889	25.3500	901.0000
890	23.7250	901.0000
891	22.7500	901.0000
892	21.2875	901.0000
893	19.8250	901.0000
894	18.8500	901.0000
895	17.7125	900.0000
896	16.4125	901.0000
897	15.4375	901.0000
898	13.9750	902.0000
899	13.1625	901.0000
900	12.5125	902.0000
901	12.0250	901.0000
902	11.3750	901.0000
903	11.0500	901.0000
904	10.4000	902.0000
905	9.4250	901.0000
906	9.4250	902.0000
907	9.2625	900.0000
908	9.2625	901.0000
909	8.9375	901.0000
910	8.4500	901.0000
911	8.2875	901.0000
912	8.1250	901.0000
913	7.8000	901.0000
914	7.8000	901.0000
915	7.3125	900.0000
916	7.6375	901.0000
917	7.4750	902.0000
918	7.3125	901.0000
919	6.8250	901.0000
920	6.9875	901.0000
921	6.8250	902.0000
922	6.6625	901.0000
923	6.0125	902.0000
924	6.6625	901.0000
925	6.6625	901.0000
926	6.5000	901.0000
927	6.3375	902.0000
928	6.3375	900.0000
929	6.1750	902.0000
930	6.0125	901.0000
931	5.6875	902.0000
932	6.0125	901.0000
933	6.0125	902.0000
934	5.6875	900.0000
935	5.8500	901.0000
936	5.3625	901.0000
937	5.5250	901.0000
938	5.5250	901.0000
939	5.5250	901.0000
940	5.5250	901.0000
941	5.6875	901.0000
942	5.5250	901.0000
943	5.5250	901.0000
944	5.0375	902.0000
945	5.6875	901.0000
946	5.5250	902.0000
947	5.5250	900.0000
948	5.2000	901.0000
949	5.3625	901.0000
950	5.3625	901.0000
951	5.3625	900.0000
952	5.0375	901.0000
953	5.2000	901.0000
954	5.2000	902.0000
955	5.0375	901.0000
956	5.0375	902.0000
957	5.0375	901.0000
958	5.0375	901.0000
959	5.0375	901.0000
960	4.8750	900.0000
961	4.8750	901.0000
962	4.8750	901.0000
963	4.8750	901.0000
964	4.7125	901.0000
965	4.7125	901.0000
966	4.7125	901.0000
967	4.7125	902.0000
968	4.7125	901.0000
969	4.5500	901.0000
970	2.1125	901.0000
971	3.2500	901.0000
972	4.2250	901.0000
973	4.2250	902.0000
974	4.2250	901.0000
975	4.0625	901.0000
976	4.2250	901.0000
977	4.2250	902.0000
978	4.2250	901.0000
979	4.2250	902.0000
980	4.2250	901.0000
981	4.3875	901.0000
982	4.5500	901.0000
983	4.3875	901.0000
984	4.2250	901.0000
985	4.3875	901.0000
986	4.3875	901.0000
987	2.6000	901.0000
988	4.2250	901.0000
989	3.9000	901.0000
990	3.9000	901.0000
991	3.9000	901.0000
992	3.4125	901.0000
993	3.4125	900.0000
994	3.4125	902.0000
995	3.5750	901.0000
996	3.5750	901.0000
997	4.2250	901.0000
998	4.2250	901.0000
999	4.2250	901.0000
1000	4.0625	903.0000
1001	4.0625	901.0000
1002	3.9000	901.0000
1003	3.9000	901.0000
1004	4.0625	902.0000
1005	4.0625	900.0000
1006	3.9000	902.0000
1007	4.0625	901.0000
1008	3.9000	902.0000
1009	3.9000	901.0000
1010	3.9000	901.0000
1011	3.9000	901.0000
1012	4.0625	901.0000
1013	3.9000	901.0000
1014	3.7375	901.0000
1015	3.9000	901.0000
1016	3.9000	901.0000
1017	3.9000	902.0000
1018	3.5750	901.0000
1019	3.9000	901.0000
1020	3.9000	901.0000
1021	3.9000	901.0000
1022	3.9000	901.0000
1023	3.7375	902.0000
#8327
0	3.0875	902.0000
1	3.0875	901.0000
2	-4.0625	903.0000
3	-4.0625	901.0000
4	2.7625	900.0000
5	2.7625	902.0000
6	0.1625	900.0000
7	-4.7125	901.0000
8	3.0875	900.0000
9	3.0875	901.0000
10	3.2500	901.0000
11	3.0875	901.0000
12	3.2500	900.0000
13	3.2500	902.0000
14	3.0875	901.0000
15	3.0875	901.0000
16	3.0875	901.0000
17	3.0875	901.0000
18	2.9250	901.0000
19	3.0875	901.0000
20	3.0875	901.0000
21	3.0875	901.0000
22	2.9250	901.0000
23	3.0875	901.0000
24	2.9250	901.0000
25	3.0875	901.0000
26	3.0875	901.0000
27	3.0875	901.0000
28	3.2500	901.0000
29	3.4125	900.0000
30	3.4125	901.0000
31	3.4125	901.0000
32	3.4125	901.0000
33	3.7375	900.0000
34	3.2500	901.0000
35	3.5750	901.0000
36	3.7375	899.0000
37	3.5750	900.0000
38	3.2500	901.0000
39	3.4125	901.0000
40	2.9250	901.0000
41	3.5750	900.0000
42	3.4125	901.0000
43	3.5750	901.0000
44	3.0875	901.0000
45	3.2500	901.0000
46	3.2500	901.0000
47	3.2500	901.0000
48	3.0875	901.0000
49	3.4125	901.0000
50	3.4125	901.0000
51	2.7625	901.0000
52	3.2500	901.0000
53	3.5750	901.0000
54	3.4125	900.0000
55	2.9250	901.0000
56	3.2500	900.0000
57	3.4125	901.0000
58	3.2500	901.0000
59	3.2500	901.0000
60	3.2500	901.0000
61	2.6000	901.0000
62	2.7625	900.0000
63	1.7875	901.0000
64	3.0875	900.0000
65	2.9250	901.0000
66	3.0875	901.0000
67	2.9250	903.0000
68	3.0875	901.0000
69	3.0875	902.0000
70	2.9250	901.0000
71	1.6250	901.0000
72	2.6000	901.0000
73	2.6000	901.0000
74	2.9250	901.0000
75	2.6000	901.0000
76	2.7625	901.0000
77	2.7625	901.0000
78	2.6000	901.0000
79	2.6000	900.0000
80	2.6000	901.0000
81	2.6000	900.0000
82	2.2750	901.0000
83	2.6000	900.0000
84	2.2750	901.0000
85	2.4375	901.0000
86	2.6000	901.0000
87	1.6250	900.0000
88	2.2750	901.0000
89	2.4375	900.0000
90	2.1125	901.0000
91	2.2750	900.0000
92	2.4375	901.0000
93	2.2750	901.0000
94	2.1125	901.0000
95	2.2750	900.0000
96	2.1125	901.0000
97	2.2750	901.0000
98	2.1125	901.0000
99	2.1125	901.0000
100	2.2750	900.0000
101	1.9500	901.0000
102	2.1125	900.0000
103	1.9500	901.0000
104	2.1125	900.0000
105	1.9500	901.0000
106	1.9500	900.0000
107	1.9500	901.0000
108	1.6250	900.0000
109	1.7875	901.0000
110	1.6250	900.0000
111	1.7875	901.0000
112	1.7875	900.0000
113	1.6250	901.0000
114	1.6250	901.0000
115	1.6250	901.0000
116	1.6250	901.0000
117	1.4625	901.0000
118	1.4625	901.0000
119	1.6250	901.0000
120	1.4625	901.0000
121	1.6250	901.0000
122	1.3000	901.0000
123	1.4625	901.0000
124	0.9750	901.0000
125	0.9750	901.0000
126	0.9750	901.0000
127	0.9750	900.0000
128	0.8125	901.0000
129	0.9750	900.0000
130	0.8125	901.0000
131	0.6500	900.0000
132	0.8125	901.0000
133	0.8125	900.0000
134	0.8125	901.0000
135	0.6500	900.0000
136	0.4875	901.0000
137	0.4875	900.0000
138	0.4875	901.0000
139	0.3250	900.0000
140	0.3250	901.0000
141	0.0000	901.0000
142	0.3250	901.0000
143	-0.1625	901.0000
144	-0.3250	901.0000
145	-0.1625	901.0000
146	-0.1625	901.0000
147	-0.1625	901.0000
148	-0.1625	901.0000
149	-0.1625	901.0000
150	-0.3250	900.0000
151	-0.9750	901.0000
152	-0.4875	900.0000
153	-0.6500	901.0000
154	-0.9750	900.0000
155	-0.9750	901.0000
156	-1.3000	900.0000
157	-1.3000	901.0000
158	-1.7875	900.0000
159	-1.7875	901.0000
160	-2.2750	900.0000
161	-2.4375	901.0000
162	-2.7625	901.0000
163	-3.0875	901.0000
164	-3.5750	900.0000
165	-3.9000	901.0000
166	-4.2250	900.0000
167	-4.8750	901.0000
168	-5.2000	901.0000
169	-5.6875	901.0000
170	-6.3375	901.0000
171	-6.8250	901.0000
172	-7.4750	901.0000
173	-7.9625	901.0000
174	-8.6125	901.0000
175	-8.9375	901.0000
176	-9.9125	901.0000
177	-10.0750	904.0000
178	-10.7250	901.0000
179	-11.3750	900.0000
180	-12.0250	901.0000
181	-12.8375	900.0000
182	-13.3250	900.0000
183	-14.1375	900.0000
184	-14.9500	901.0000
185	-15.9250	900.0000
186	-16.9000	901.0000
187	-17.5500	901.0000
188	-18.3625	901.0000
189	-18.8500	900.0000
190	-19.9875	901.0000
191	-20.6375	900.0000
192	-21.7750	901.0000
193	-22.5875	900.0000
194	-23.5625	901.0000
195	-24.3750	901.0000
196	-26.1625	901.0000
197	-26.6500	901.0000
198	-27.3000	902.0000
199	-28.4375	903.0000
200	-29.4125	904.0000
201	-30.5500	905.0000
202	-31.6875	906.0000
203	-32.5000	907.0000
204	-33.6375	908.0000
205	-34.9375	909.0000
206	-35.9125	909.0000
207	-36.8875	911.0000
208	-38.1875	911.0000
209	-39.3250	911.0000
210	-40.7875	911.0000
211	-41.4375	913.0000
212	-42.5750	912.0000
213	-44.0375	914.0000
214	-45.0125	913.0000
215	-46.3125	915.0000
216	-47.7750	914.0000
217	-49.2375	915.0000
218	-50.0500	915.0000
219	-51.1875	915.0000
220	-52.4875	915.0000
221	-53.7875	916.0000
222	-55.0875	916.0000
223	-56.3875	916.0000
224	-57.6875	916.0000
225	-58.9875	916.0000
226	-60.2875	917.0000
227	-61.2625	916.0000
228	-62.8875	917.0000
229	-63.8625	917.0000
230	-65.4875	917.0000
231	-66.4625	917.0000
232	-67.9250	918.0000
233	-69.5500	917.0000
234	-70.5250	918.0000
235	-71.6625	918.0000
236	-73.1250	918.0000
237	-74.9125	917.0000
238	-76.0500	918.0000
239	-77.3500	918.0000
240	-78.6500	918.0000
241	-79.7875	918.0000
242	-81.0875	918.0000
243	-82.3875	918.0000
244	-83.8500	918.0000
245	-85.1500	918.0000
246	-86.2875	918.0000
247	-87.7500	918.0000
248	-89.0500	918.0000
249	-90.5125	919.0000
250	-91.8125	918.0000
251	-93.4375	919.0000
252	-94.4125	918.0000
253	-95.7125	919.0000
254	-97.1750	919.0000
255	-98.4750	919.0000
256	-99.9375	918.0000
257	-101.4000	919.0000
258	-102.5375	918.0000
259	-104.0000	919.0000
260	-104.9750	918.0000
261	-106.2750	919.0000
262	-107.4125	919.0000
263	-108.3875	919.0000
264	-109.0375	919.0000
265	-109.8500	919.0000
266	-110.8250	919.0000
267	-111.6375	919.0000
268	-112.2875	919.0000
269	-112.7750	919.0000
270	-113.4250	919.0000
271	-114.0750	919.0000
272	-114.5625	919.0000
273	-114.8875	920.0000
274	-115.5375	919.0000
275	-116.0250	919.0000
276	-115.7000	919.0000
277	-116.0250	918.0000
278	-116.1875	919.0000
279	-116.5125	918.0000
280	-116.8375	919.0000
281	-116.8375	918.0000
282	-117.0000	919.0000
283	-117.3250	918.0000
284	-117.1625	919.0000
285	-116.8375	919.0000
286	-117.0000	919.0000
287	-116.8375	918.0000
288	-116.8375	919.0000
289	-116.5125	919.0000
290	-116.8375	919.0000
291	-116.0250	919.0000
292	-115.8625	919.0000
293	-115.7000	918.0000
294	-115.3750	919.0000
295	-114.8875	919.0000
296	-114.7250	918.0000
297	-114.7250	919.0000
298	-113.9125	919.0000
299	-113.4250	919.0000
300	-112.9375	918.0000
301	-112.7750	919.0000
302	-112.1250	918.0000
303	-111.6375	919.0000
304	-111.1500	918.0000
305	-110.5000	919.0000
306	-110.6625	919.0000
307	-109.5250	919.0000
308	-108.7125	918.0000
309	-108.5500	919.0000
310	-107.7375	918.0000
311	-106.9250	919.0000
312	-106.4375	919.0000
313	-106.1125	919.0000
314	-105.3000	919.0000
315	-104.3250	919.0000
316	-103.8375	919.0000
317	-103.3500	917.0000
318	-102.2125	919.0000
319	-101.5625	919.0000
320	-101.0750	919.0000
321	-104.3250	918.0000
322	-99.1250	919.0000
323	-98.3125	918.0000
324	-97.5000	919.0000
325	-96.6875	919.0000
326	-95.8750	919.0000
327	-95.0625	918.0000
328	-94.2500	919.0000
329	-93.1125	918.0000
330	-92.7875	919.0000
331	-91.4875	918.0000
332	-90.3500	919.0000
333	-89.5375	918.0000
334	-88.4000	919.0000
335	-87.4250	918.0000
336	-86.7750	919.0000
337	-85.4750	918.0000
338	-84.5000	918.0000
339	-83.5250	918.0000
340	-82.3875	919.0000
341	-81.4125	918.0000
342	-80.2750	919.0000
343	-79.1375	919.0000
344	-78.0000	919.0000
345	-77.1875	919.0000
346	-76.0500	919.0000
347	-74.7500	919.0000
348	-73.6125	918.0000
349	-72.4750	919.0000
350	-71.5000	918.0000
351	-70.2000	919.0000
352	-69.2250	918.0000
353	-67.9250	919.0000
354	-66.7875	918.0000
355	-65.4875	919.0000
356	-64.6750	918.0000
357	-63.5375	919.0000
358	-62.0750	918.0000
359	-61.7500	919.0000
360	-59.4750	918.0000
361	-58.0125	919.0000
362	-57.0375	919.0000
363	-55.7375	919.0000
364	-54.6000	918.0000
365	-53.1375	919.0000
366	-51.8375	918.0000
367	-50.7000	919.0000
368	-49.2375	919.0000
369	-47.7750	918.0000
370	-46.4750	918.0000
371	-45.3375	918.0000
372	-43.7125	919.0000
373	-42.4125	918.0000
374	-41.1125	919.0000
375	-39.9750	918.0000
376	-38.6750	919.0000
377	-37.7000	918.0000
378	-36.2375	919.0000
379	-34.7750	918.0000
380	-33.6375	919.0000
381	-32.1750	918.0000
382	-31.6875	919.0000
383	-30.0625	918.0000
384	-28.6000	919.0000
385	-27.1375	918.0000
386	-26.3250	919.0000
387	-25.6750	918.0000
388	-24.3750	919.0000
389	-23.7250	918.0000
390	-23.2375	919.0000
391	-22.7500	918.0000
392	-22.4250	919.0000
393	-22.5875	919.0000
394	-21.6125	918.0000
395	-21.4500	919.0000
396	-20.8000	918.0000
397	-20.8000	919.0000
398	-20.4750	918.0000
399	-20.1500	920.0000
400	-19.9875	918.0000
401	-19.9875	919.0000
402	-19.6625	918.0000
403	-19.5000	919.0000
404	-19.3375	918.0000
405	-20.3125	919.0000
406	-19.1750	918.0000
407	-18.8500	919.0000
408	-19.0125	918.0000
409	-19.3375	919.0000
410	-18.6875	918.0000
411	-18.5250	919.0000
412	-18.8500	918.0000
413	-19.0125	919.0000
414	-18.3625	918.0000
415	-18.2000	918.0000
416	-18.2000	918.0000
417	-18.2000	918.0000
418	-18.0375	919.0000
419	-17.8750	918.0000
420	-17.7125	919.0000
421	-17.8750	918.0000
422	-18.0375	919.0000
423	-17.7125	918.0000
424	-17.7125	919.0000
425	-18.2000	918.0000
426	-17.7125	919.0000
427	-17.5500	918.0000
428	-18.0375	919.0000
429	-17.3875	918.0000
430	-17.5500	919.0000
431	-17.3875	918.0000
432	-17.5500	919.0000
433	-17.8750	918.0000
434	-17.3875	919.0000
435	-17.3875	916.0000
436	-17.3875	919.0000
437	-17.2250	918.0000
438	-17.2250	919.0000
439	-17.2250	918.0000
440	-17.2250	919.0000
441	-17.2250	918.0000
442	-17.2250	918.0000
443	-16.9000	918.0000
444	-16.9000	918.0000
445	-16.9000	919.0000
446	-18.0375	918.0000
447	-16.9000	918.0000
448	-16.9000	918.0000
449	-16.7375	919.0000
450	-16.7375	918.0000
451	-16.9000	919.0000
452	-16.7375	918.0000
453	-16.7375	919.0000
454	-16.9000	918.0000
455	-16.9000	919.0000
456	-16.7375	918.0000
457	-16.5750	919.0000
458	-16.5750	918.0000
459	-16.5750	919.0000
460	-16.4125	918.0000
461	-16.2500	918.0000
462	-16.5750	918.0000
463	-16.4125	919.0000
464	-16.5750	918.0000
465	-16.2500	919.0000
466	-16.4125	918.0000
467	-16.2500	918.0000
468	-16.0875	918.0000
469	-16.0875	918.0000
470	-16.2500	919.0000
471	-16.2500	918.0000
472	-16.2500	919.0000
473	-16.2500	918.0000
474	-16.4125	919.0000
475	-16.2500	918.0000
476	-16.2500	919.0000
477	-16.2500	918.0000
478	-16.4125	919.0000
479	-16.4125	918.0000
480	-16.2500	919.0000
481	-16.2500	918.0000
482	-16.4125	918.0000
483	-16.2500	918.0000
484	-16.2500	919.0000
485	-16.0875	918.0000
486	-16.4125	918.0000
487	-16.4125	918.0000
488	-15.9250	918.0000
489	-16.0875	918.0000
490	-16.5750	919.0000
491	-16.2500	918.0000
492	-16.0875	918.0000
493	-16.4125	918.0000
494	-16.0875	918.0000
495	-16.0875	919.0000
496	-15.9250	918.0000
497	-16.0875	918.0000
498	-15.9250	918.0000
499	-16.0875	919.0000
500	-15.9250	918.0000
501	-15.9250	919.0000
502	-15.9250	918.0000
503	-15.7625	919.0000
504	-15.9250	918.0000
505	-15.9250	918.0000
506	-15.9250	918.0000
507	-15.9250	919.0000
508	-15.9250	918.0000
509	-15.9250	918.0000
510	-15.7625	918.0000
511	-15.7625	918.0000
512	-16.2500	918.0000
513	-15.6000	918.0000
514	-15.6000	919.0000
515	-15.7625	918.0000
516	-15.7625	918.0000
517	-15.7625	918.0000
518	-16.0875	919.0000
519	-15.7625	918.0000
520	-15.7625	918.0000
521	-15.7625	918.0000
522	-15.7625	919.0000
523	-15.6000	918.0000
524	-15.9250	918.0000
525	-15.7625	918.0000
526	-15.6000	919.0000
527	-15.6000	918.0000
528	-15.7625	919.0000
529	-15.7625	918.0000
530	-15.7625	919.0000
531	-15.7625	918.0000
532	-15.9250	919.0000
533	-15.9250	916.0000
534	-15.6000	919.0000
535	-15.6000	917.0000
536	-15.7625	918.0000
537	-15.6000	918.0000
538	-15.4375	918.0000
539	-15.2750	918.0000
540	-15.4375	918.0000
541	-15.4375	918.0000
542	-15.2750	918.0000
543	-15.4375	918.0000
544	-15.4375	918.0000
545	-15.2750	918.0000
546	-15.4375	918.0000
547	-15.2750	919.0000
548	-15.2750	918.0000
549	-15.4375	919.0000
550	-15.2750	918.0000
551	-15.7625	918.0000
552	-15.2750	918.0000
553	-15.6000	919.0000
554	-15.2750	918.0000
555	-15.4375	918.0000
556	-15.2750	917.0000
557	-15.2750	918.0000
558	-15.6000	918.0000
559	-15.2750	918.0000
560	-15.2750	918.0000
561	-15.2750	918.0000
562	-15.4375	918.0000
563	-15.7625	918.0000
564	-15.1125	917.0000
565	-15.1125	918.0000
566	-15.2750	918.0000
567	-15.1125	918.0000
568	-15.1125	918.0000
569	-15.2750	918.0000
570	-15.2750	918.0000
571	-15.6000	918.0000
572	-15.1125	918.0000
573	-15.1125	918.0000
574	-15.1125	919.0000
575	-14.7875	917.0000
576	-15.1125	919.0000
577	-14.7875	918.0000
578	-14.7875	918.0000
579	-14.7875	918.0000
580	-14.6250	918.0000
581	-14.7875	918.0000
582	-14.7875	918.0000
583	-14.6250	918.0000
584	-14.7875	918.0000
585	-14.7875	918.0000
586	-14.9500	918.0000
587	-14.7875	918.0000
588	-14.7875	918.0000
589	-14.6250	918.0000
590	-14.7875	918.0000
591	-15.1125	918.0000
592	-14.7875	918.0000
593	-14.6250	918.0000
594	-14.6250	918.0000
595	-14.7875	918.0000
596	-14.7875	917.0000
597	-14.7875	918.0000
598	-14.6250	918.0000
599	-14.6250	918.0000
600	-14.4625	917.0000
601	-14.6250	919.0000
602	-14.4625	917.0000
603	-14.3000	918.0000
604	-14.3000	918.0000
605	-14.3000	918.0000
606	-14.1375	918.0000
607	-14.7875	918.0000
608	-14.4625	918.0000
609	-14.3000	918.0000
610	-14.1375	918.0000
611	-13.9750	918.0000
612	-13.9750	918.0000
613	-14.1375	918.0000
614	-14.1375	918.0000
615	-13.9750	918.0000
616	-14.1375	918.0000
617	-13.8125	918.0000
618	-13.8125	918.0000
619	-13.6500	918.0000
620	-13.8125	919.0000
621	-13.6500	918.0000
622	-13.6500	918.0000
623	-13.8125	918.0000
624	-13.6500	918.0000
625	-13.4875	918.0000
626	-13.6500	918.0000
627	-13.6500	918.0000
628	-13.8125	918.0000
629	-13.4875	918.0000
630	-13.3250	918.0000
631	-13.3250	918.0000
632	-13.4875	918.0000
633	-13.3250	918.0000
634	-13.4875	918.0000
635	-13.1625	918.0000
636	-13.1625	918.0000
637	-13.1625	918.0000
638	-13.0000	918.0000
639	-13.0000	918.0000
640	-13.0000	915.0000
641	-13.0000	918.0000
642	-12.8375	918.0000
643	-13.0000	918.0000
644	-13.0000	918.0000
645	-13.0000	919.0000
646	-12.8375	918.0000
647	-12.6750	919.0000
648	-13.0000	917.0000
649	-12.6750	919.0000
650	-12.3500	917.0000
651	-12.3500	919.0000
652	-12.5125	917.0000
653	-12.5125	918.0000
654	-12.1875	918.0000
655	-12.1875	918.0000
656	-12.0250	918.0000
657	-12.1875	918.0000
658	-11.8625	918.0000
659	-11.7000	918.0000
660	-12.0250	917.0000
661	-11.7000	918.0000
662	-11.7000	918.0000
663	-11.5375	918.0000
664	-11.7000	918.0000
665	-11.7000	918.0000
666	-11.2125	918.0000
667	-11.5375	916.0000
668	-10.8875	918.0000
669	-10.5625	917.0000
670	-10.5625	918.0000
671	-10.0750	917.0000
672	-9.9125	918.0000
673	-9.5875	918.0000
674	-9.4250	918.0000
675	-8.9375	917.0000
676	-8.6125	918.0000
677	-8.2875	918.0000
678	-7.9625	918.0000
679	-7.3125	918.0000
680	-6.9875	918.0000
681	-6.3375	918.0000
682	-6.0125	918.0000
683	-6.3375	918.0000
684	-7.4750	918.0000
685	-5.5250	918.0000
686	-4.5500	918.0000
687	-3.7375	918.0000
688	-4.8750	918.0000
689	-2.4375	918.0000
690	-1.7875	918.0000
691	-0.8125	918.0000
692	-0.1625	918.0000
693	0.6500	919.0000
694	1.1375	917.0000
695	1.6250	918.0000
696	-1.6250	917.0000
697	0.1625	917.0000
698	1.7875	915.0000
699	4.3875	915.0000
700	5.6875	913.0000
701	6.3375	913.0000
702	6.9875	909.0000
703	8.2875	911.0000
704	8.9375	910.0000
705	10.0750	910.0000
706	11.2125	908.0000
707	12.1875	908.0000
708	13.1625	907.0000
709	14.1375	907.0000
710	15.1125	906.0000
711	16.2500	906.0000
712	17.0625	905.0000
713	18.2000	905.0000
714	19.3375	905.0000
715	20.3125	904.0000
716	21.4500	904.0000
717	22.7500	903.0000
718	23.7250	903.0000
719	24.8625	903.0000
720	26.0000	903.0000
721	26.9750	902.0000
722	27.6250	903.0000
723	29.4125	902.0000
724	30.7125	903.0000
725	31.8500	902.0000
726	32.9875	902.0000
727	34.1250	901.0000
728	35.2625	902.0000
729	36.7250	901.0000
730	37.8625	902.0000
731	39.1625	901.0000
732	40.4625	902.0000
733	41.7625	901.0000
734	42.7375	901.0000
735	44.2000	901.0000
736	45.3375	901.0000
737	46.8000	901.0000
738	48.2625	901.0000
739	49.4000	900.0000
740	50.7000	901.0000
741	51.8375	901.0000
742	53.3000	900.0000
743	54.4375	901.0000
744	55.9000	900.0000
745	57.2000	901.0000
746	58.3375	900.0000
747	59.8000	901.0000
748	61.2625	900.0000
749	62.5625	901.0000
750	63.8625	900.0000
751	65.3250	900.0000
752	66.6250	900.0000
753	67.9250	900.0000
754	69.3875	900.0000
755	70.6875	900.0000
756	72.1500	900.0000
757	73.4500	900.0000
758	74.9125	900.0000
759	76.2125	900.0000
760	77.6750	900.0000
761	78.9750	900.0000
762	79.9500	900.0000
763	81.7375	900.0000
764	83.0375	900.0000
765	84.3375	900.0000
766	85.4750	900.0000
767	86.9375	900.0000
768	88.2375	900.0000
769	90.0250	900.0000
770	91.3250	901.0000
771	92.4625	900.0000
772	93.9250	901.0000
773	94.9000	899.0000
774	96.0375	900.0000
775	97.0125	899.0000
776	97.8250	900.0000
777	98.6375	900.0000
778	99.6125	900.0000
779	100.2625	900.0000
780	101.2375	900.0000
781	101.7250	900.0000
782	102.2125	900.0000
783	103.0250	900.0000
784	103.5125	900.0000
785	103.8375	900.0000
786	104.1625	899.0000
787	104.6500	900.0000
788	105.1375	900.0000
789	105.1375	900.0000
790	105.6250	900.0000
791	105.6250	900.0000
792	105.7875	900.0000
793	105.9500	900.0000
794	105.7875	899.0000
795	106.1125	900.0000
796	105.9500	899.0000
797	105.9500	900.0000
798	105.9500	900.0000
799	105.9500	900.0000
800	105.7875	899.0000
801	105.7875	900.0000
802	105.4625	899.0000
803	105.4625	900.0000
804	104.9750	900.0000
805	104.9750	900.0000
806	104.4875	899.0000
807	104.3250	900.0000
808	104.0000	900.0000
809	103.6750	900.0000
810	103.0250	900.0000
811	102.8625	900.0000
812	102.2125	900.0000
813	101.7250	899.0000
814	101.2375	900.0000
815	100.9125	899.0000
816	100.2625	900.0000
817	99.9375	899.0000
818	99.2875	900.0000
819	98.8000	899.0000
820	98.4750	900.0000
821	94.2500	899.0000
822	96.8500	900.0000
823	96.3625	899.0000
824	95.7125	900.0000
825	95.2250	900.0000
826	94.4125	900.0000
827	93.9250	899.0000
828	93.1125	900.0000
829	92.3000	899.0000
830	91.6500	898.0000
831	90.8375	899.0000
832	90.1875	899.0000
833	89.3750	900.0000
834	88.4000	900.0000
835	87.4250	900.0000
836	86.7750	900.0000
837	85.8000	900.0000
838	85.3125	900.0000
839	83.8500	900.0000
840	83.5250	900.0000
841	82.5500	900.0000
842	81.4125	899.0000
843	79.9500	900.0000
844	79.4625	899.0000
845	78.8125	900.0000
846	77.8375	899.0000
847	76.5375	900.0000
848	75.5625	899.0000
849	74.9125	900.0000
850	73.4500	900.0000
851	71.5000	900.0000
852	62.8875	899.0000
853	68.9000	900.0000
854	69.0625	899.0000
855	68.4125	900.0000
856	67.2750	899.0000
857	66.1375	900.0000
858	65.0000	900.0000
859	63.8625	900.0000
860	62.0750	899.0000
861	61.4250	900.0000
862	60.1250	900.0000
863	59.1500	900.0000
864	57.6875	900.0000
865	55.7375	900.0000
866	53.9500	900.0000
867	54.1125	899.0000
868	52.9750	900.0000
869	52.0000	899.0000
870	50.8625	900.0000
871	49.4000	899.0000
872	48.2625	900.0000
873	46.9625	899.0000
874	40.1375	900.0000
875	43.7125	899.0000
876	42.5750	900.0000
877	41.4375	899.0000
878	39.9750	900.0000
879	38.8375	899.0000
880	37.3750	900.0000
881	36.0750	899.0000
882	34.7750	900.0000
883	33.3125	899.0000
884	32.1750	900.0000
885	30.3875	899.0000
886	29.2500	900.0000
887	27.9500	900.0000
888	26.6500	899.0000
889	25.3500	900.0000
890	23.8875	899.0000
891	22.4250	900.0000
892	21.4500	899.0000
893	19.8250	900.0000
894	18.6875	899.0000
895	17.5500	900.0000
896	16.2500	899.0000
897	15.1125	899.0000
898	14.1375	900.0000
899	13.3250	900.0000
900	12.8375	899.0000
901	11.8625	900.0000
902	11.5375	899.0000
903	10.8875	900.0000
904	10.4000	899.0000
905	9.9125	900.0000
906	9.4250	899.0000
907	9.2625	900.0000
908	8.9375	900.0000
909	8.6125	900.0000
910	8.4500	900.0000
911	8.4500	900.0000
912	8.1250	900.0000
913	7.9625	900.0000
914	7.6375	900.0000
915	7.6375	899.0000
916	7.4750	900.0000
917	7.4750	899.0000
918	7.3125	900.0000
919	7.1500	899.0000
920	6.8250	900.0000
921	6.9875	899.0000
922	6.1750	900.0000
923	6.8250	899.0000
924	6.1750	900.0000
925	6.6625	899.0000
926	6.5000	900.0000
927	6.5000	899.0000
928	6.3375	900.0000
929	6.5000	899.0000
930	6.0125	900.0000
931	5.6875	899.0000
932	6.0125	900.0000
933	5.6875	899.0000
934	5.8500	900.0000
935	5.6875	899.0000
936	5.6875	900.0000
937	5.8500	899.0000
938	5.3625	900.0000
939	5.5250	900.0000
940	5.5250	897.0000
941	5.3625	900.0000
942	5.3625	899.0000
943	5.3625	900.0000
944	5.3625	899.0000
945	5.3625	900.0000
946	4.5500	899.0000
947	5.0375	900.0000
948	5.2000	899.0000
949	5.2000	900.0000
950	5.3625	899.0000
951	5.0375	900.0000
952	5.2000	899.0000
953	5.2000	900.0000
954	4.8750	900.0000
955	5.0375	900.0000
956	5.0375	899.0000
957	4.8750	900.0000
958	5.0375	899.0000
959	4.8750	899.0000
960	5.0375	900.0000
961	5.0375	899.0000
962	4.7125	899.0000
963	4.8750	899.0000
964	4.8750	900.0000
965	4.7125	899.0000
966	4.8750	900.0000
967	4.8750	899.0000
968	4.5500	900.0000
969	4.7125	899.0000
970	4.5500	900.0000
971	4.5500	899.0000
972	4.3875	900.0000
973	4.5500	899.0000
974	4.3875	900.0000
975	4.5500	899.0000
976	4.3875	900.0000
977	4.3875	899.0000
978	4.3875	900.0000
979	4.2250	899.0000
980	4.3875	900.0000
981	4.3875	899.0000
982	4.3875	900.0000
983	4.3875	899.0000
984	4.0625	900.0000
985	4.0625	900.0000
986	4.3875	899.0000
987	4.2250	900.0000
988	4.2250	899.0000
989	4.3875	899.0000
990	4.2250	899.0000
991	4.0625	900.0000
992	4.2250	899.0000
993	4.2250	900.0000
994	4.2250	899.0000
995	4.3875	900.0000
996	4.2250	899.0000
997	4.0625	900.0000
998	3.5750	899.0000
999	4.0625	900.0000
1000	4.0625	899.0000
1001	3.9000	900.0000
1002	4.0625	899.0000
1003	4.0625	900.0000
1004	3.9000	899.0000
1005	3.4125	899.0000
1006	3.7375	899.0000
1007	4.0625	900.0000
1008	3.9000	899.0000
1009	3.5750	900.0000
1010	3.7375	899.0000
1011	3.9000	899.0000
1012	3.7375	900.0000
1013	3.7375	899.0000
1014	3.7375	899.0000
1015	3.9000	899.0000
1016	3.9000	900.0000
1017	3.4125	899.0000
1018	3.4125	900.0000
1019	3.5750	899.0000
1020	3.5750	900.0000
1021	3.4125	900.0000
1022	3.2500	900.0000
1023	3.5750	899.0000
#8328
0	3.5750	900.0000
1	3.4125	899.0000
2	-1.4625	900.0000
3	3.4125	899.0000
4	3.2500	900.0000
5	2.9250	899.0000
6	-2.4375	900.0000
7	2.1125	899.0000
8	3.0875	900.0000
9	3.0875	899.0000
10	3.0875	900.0000
11	3.0875	899.0000
12	3.0875	900.0000
13	2.9250	899.0000
14	3.0875	900.0000
15	3.0875	899.0000
16	3.0875	902.0000
17	3.0875	899.0000
18	3.0875	899.0000
19	3.0875	900.0000
20	3.0875	900.0000
21	3.0875	900.0000
22	2.9250	899.0000
23	3.0875	900.0000
24	3.0875	899.0000
25	3.0875	900.0000
26	2.9250	899.0000
27	2.9250	899.0000
28	3.0875	899.0000
29	2.7625	900.0000
30	-0.4875	899.0000
31	2.4375	900.0000
32	2.7625	899.0000
33	2.9250	900.0000
34	2.7625	899.0000
35	2.9250	900.0000
36	2.7625	899.0000
37	2.7625	899.0000
38	2.7625	899.0000
39	2.7625	899.0000
40	2.9250	899.0000
41	2.7625	899.0000
42	2.7625	899.0000
43	2.7625	899.0000
44	2.7625	899.0000
45	2.6000	899.0000
46	2.6000	900.0000
47	2.6000	899.0000
48	2.6000	900.0000
49	2.7625	899.0000
50	2.6000	900.0000
51	2.7625	899.0000
52	2.6000	900.0000
53	2.4375	899.0000
54	2.6000	900.0000
55	2.6000	899.0000
56	2.6000	900.0000
57	2.6000	899.0000
58	2.6000	900.0000
59	2.6000	899.0000
60	2.6000	900.0000
61	2.4375	899.0000
62	2.4375	900.0000
63	2.2750	899.0000
64	2.4375	900.0000
65	2.4375	899.0000
66	2.4375	900.0000
67	2.4375	900.0000
68	2.4375	902.0000
69	2.2750	900.0000
70	2.6000	899.0000
71	2.9250	900.0000
72	2.6000	899.0000
73	2.6000	900.0000
74	2.6000	899.0000
75	2.2750	900.0000
76	2.6000	897.0000
77	2.2750	900.0000
78	2.6000	899.0000
79	2.6000	900.0000
80	2.1125	899.0000
81	2.6000	900.0000
82	2.4375	899.0000
83	2.2750	900.0000
84	2.4375	899.0000
85	2.6000	900.0000
86	2.2750	899.0000
87	2.4375	899.0000
88	2.1125	899.0000
89	2.2750	900.0000
90	2.1125	899.0000
91	2.2750	899.0000
92	2.2750	899.0000
93	2.1125	899.0000
94	2.1125	900.0000
95	2.1125	899.0000
96	1.9500	900.0000
97	1.9500	899.0000
98	1.4625	900.0000
99	2.2750	899.0000
100	2.1125	900.0000
101	1.9500	899.0000
102	1.9500	900.0000
103	1.4625	899.0000
104	1.7875	900.0000
105	1.7875	899.0000
106	1.9500	901.0000
107	1.9500	899.0000
108	1.7875	900.0000
109	1.6250	899.0000
110	1.6250	900.0000
111	1.6250	899.0000
112	1.7875	900.0000
113	1.4625	899.0000
114	1.4625	900.0000
115	1.3000	901.0000
116	1.4625	899.0000
117	1.3000	900.0000
118	1.4625	899.0000
119	1.3000	899.0000
120	1.3000	899.0000
121	1.1375	900.0000
122	0.9750	899.0000
123	1.1375	900.0000
124	1.1375	899.0000
125	0.9750	900.0000
126	0.4875	899.0000
127	0.9750	900.0000
128	0.1625	899.0000
129	0.8125	900.0000
130	0.4875	899.0000
131	0.8125	900.0000
132	0.8125	899.0000
133	0.6500	900.0000
134	0.8125	899.0000
135	0.4875	900.0000
136	0.4875	899.0000
137	0.0000	899.0000
138	0.0000	899.0000
139	0.4875	900.0000
140	0.3250	899.0000
141	0.1625	899.0000
142	-0.1625	899.0000
143	0.1625	899.0000
144	0.0000	899.0000
145	0.0000	899.0000
146	-0.1625	899.0000
147	-0.1625	899.0000
148	-0.1625	899.0000
149	-0.3250	899.0000
150	-0.4875	900.0000
151	-0.4875	899.0000
152	-0.6500	900.0000
153	-0.6500	899.0000
154	-0.8125	900.0000
155	-2.9250	899.0000
156	-1.4625	900.0000
157	-1.6250	899.0000
158	-1.9500	899.0000
159	-1.7875	899.0000
160	-1.9500	900.0000
161	-2.2750	899.0000
162	-2.7625	900.0000
163	-3.0875	899.0000
164	-3.2500	899.0000
165	-3.9000	899.0000
166	-4.2250	899.0000
167	-4.7125	900.0000
168	-5.0375	899.0000
169	-5.6875	899.0000
170	-6.0125	899.0000
171	-6.6625	899.0000
172	-7.3125	899.0000
173	-7.8000	900.0000
174	-8.2875	899.0000
175	-9.2625	900.0000
176	-9.4250	899.0000
177	-10.0750	900.0000
178	-10.7250	899.0000
179	-11.3750	900.0000
180	-12.0250	899.0000
181	-12.6750	900.0000
182	-13.4875	899.0000
183	-14.1375	900.0000
184	-15.2750	899.0000
185	-15.7625	900.0000
186	-16.5750	899.0000
187	-17.3875	900.0000
188	-18.5250	899.0000
189	-19.0125	899.0000
190	-19.8250	899.0000
191	-20.8000	900.0000
192	-21.7750	899.0000
193	-22.5875	899.0000
194	-23.5625	900.0000
195	-24.8625	899.0000
196	-25.3500	900.0000
197	-26.4875	899.0000
198	-27.4625	901.0000
199	-28.6000	901.0000
200	-29.7375	903.0000
201	-30.5500	903.0000
202	-31.5250	905.0000
203	-32.9875	905.0000
204	-33.6375	907.0000
205	-34.7750	907.0000
206	-36.0750	908.0000
207	-36.8875	908.0000
208	-38.1875	910.0000
209	-39.4875	910.0000
210	-40.4625	911.0000
211	-41.4375	911.0000
212	-42.7375	912.0000
213	-44.0375	912.0000
214	-45.1750	912.0000
215	-46.3125	912.0000
216	-47.6125	913.0000
217	-48.9125	913.0000
218	-50.2125	913.0000
219	-51.3500	914.0000
220	-52.4875	914.0000
221	-54.1125	915.0000
222	-55.0875	915.0000
223	-56.3875	916.0000
224	-57.5250	915.0000
225	-58.9875	916.0000
226	-60.2875	915.0000
227	-61.2625	916.0000
228	-62.7250	915.0000
229	-64.1875	916.0000
230	-65.3250	915.0000
231	-66.4625	916.0000
232	-67.9250	916.0000
233	-69.2250	917.0000
234	-70.3625	916.0000
235	-71.6625	917.0000
236	-73.1250	916.0000
237	-74.4250	916.0000
238	-76.0500	916.0000
239	-77.0250	916.0000
240	-78.6500	916.0000
241	-79.7875	917.0000
242	-81.2500	917.0000
243	-82.5500	917.0000
244	-84.0125	917.0000
245	-85.1500	917.0000
246	-86.9375	917.0000
247	-87.5875	917.0000
248	-88.8875	918.0000
249	-90.5125	917.0000
250	-91.8125	918.0000
251	-93.1125	917.0000
252	-94.4125	918.0000
253	-95.8750	917.0000
254	-97.1750	918.0000
255	-98.6375	917.0000
256	-99.9375	918.0000
257	-101.0750	917.0000
258	-102.5375	918.0000
259	-103.6750	917.0000
260	-105.1375	918.0000
261	-106.2750	917.0000
262	-107.2500	918.0000
263	-108.0625	917.0000
264	-109.8500	917.0000
265	-110.1750	917.0000
266	-110.8250	917.0000
267	-111.6375	918.0000
268	-112.2875	917.0000
269	-112.9375	918.0000
270	-113.4250	917.0000
271	-114.2375	918.0000
272	-114.7250	917.0000
273	-115.2125	918.0000
274	-115.2125	917.0000
275	-115.5375	918.0000
276	-115.7000	917.0000
277	-116.1875	918.0000
278	-116.5125	917.0000
279	-116.5125	918.0000
280	-120.4125	917.0000
281	-117.1625	918.0000
282	-117.6500	917.0000
283	-117.1625	918.0000
284	-117.1625	917.0000
285	-117.3250	918.0000
286	-117.1625	917.0000
287	-117.1625	918.0000
288	-116.8375	918.0000
289	-116.6750	918.0000
290	-116.3500	917.0000
291	-116.1875	918.0000
292	-115.5375	918.0000
293	-115.3750	918.0000
294	-115.3750	918.0000
295	-114.8875	918.0000
296	-114.5625	918.0000
297	-114.2375	918.0000
298	-113.9125	918.0000
299	-113.2625	917.0000
300	-112.7750	918.0000
301	-112.6125	917.0000
302	-112.1250	918.0000
303	-111.8000	917.0000
304	-111.1500	918.0000
305	-110.6625	917.0000
306	-110.1750	918.0000
307	-109.5250	917.0000
308	-109.0375	918.0000
309	-108.3875	918.0000
310	-107.7375	918.0000
311	-107.0875	917.0000
312	-106.4375	918.0000
313	-105.7875	917.0000
314	-104.9750	918.0000
315	-104.4875	918.0000
316	-103.8375	918.0000
317	-103.0250	918.0000
318	-102.3750	917.0000
319	-101.5625	918.0000
320	-101.0750	917.0000
321	-100.7500	918.0000
322	-99.2875	917.0000
323	-98.4750	918.0000
324	-97.5000	917.0000
325	-96.8500	918.0000
326	-96.0375	917.0000
327	-95.0625	918.0000
328	-94.2500	917.0000
329	-93.4375	918.0000
330	-92.4625	917.0000
331	-91.4875	918.0000
332	-90.6750	917.0000
333	-89.5375	918.0000
334	-88.5625	917.0000
335	-87.7500	918.0000
336	-86.7750	917.0000
337	-85.6375	918.0000
338	-84.6625	918.0000
339	-83.5250	918.0000
340	-82.5500	918.0000
341	-81.5750	917.0000
342	-80.4375	918.0000
343	-79.4625	918.0000
344	-78.4875	918.0000
345	-77.1875	915.0000
346	-76.2125	918.0000
347	-75.2375	918.0000
348	-73.7750	918.0000
349	-72.9625	917.0000
350	-71.5000	918.0000
351	-70.5250	917.0000
352	-69.3875	918.0000
353	-68.0875	917.0000
354	-66.9500	918.0000
355	-65.4875	917.0000
356	-64.1875	918.0000
357	-63.2125	917.0000
358	-61.9125	918.0000
359	-60.6125	917.0000
360	-59.3125	918.0000
361	-58.1750	917.0000
362	-56.8750	918.0000
363	-55.5750	918.0000
364	-54.2750	918.0000
365	-52.9750	918.0000
366	-52.0000	917.0000
367	-50.5375	918.0000
368	-49.0750	917.0000
369	-47.7750	918.0000
370	-46.6375	917.0000
371	-45.3375	918.0000
372	-43.8750	917.0000
373	-42.7375	918.0000
374	-41.4375	917.0000
375	-39.9750	918.0000
376	-38.6750	917.0000
377	-37.3750	918.0000
378	-36.2375	917.0000
379	-34.6125	918.0000
380	-33.3125	917.0000
381	-32.0125	918.0000
382	-31.0375	917.0000
383	-29.7375	918.0000
384	-28.4375	917.0000
385	-27.4625	918.0000
386	-26.1625	917.0000
387	-25.1875	918.0000
388	-24.5375	917.0000
389	-24.0500	918.0000
390	-23.2375	918.0000
391	-22.7500	918.0000
392	-22.4250	917.0000
393	-21.9375	917.0000
394	-21.6125	918.0000
395	-21.4500	917.0000
396	-21.1250	918.0000
397	-20.9625	917.0000
398	-20.6375	918.0000
399	-20.4750	917.0000
400	-20.1500	918.0000
401	-19.9875	917.0000
402	-19.9875	918.0000
403	-19.5000	917.0000
404	-19.5000	918.0000
405	-20.6375	917.0000
406	-19.6625	918.0000
407	-19.1750	917.0000
408	-18.8500	918.0000
409	-19.0125	917.0000
410	-18.6875	918.0000
411	-18.8500	917.0000
412	-18.8500	918.0000
413	-18.5250	917.0000
414	-18.3625	917.0000
415	-18.6875	918.0000
416	-18.5250	917.0000
417	-18.3625	918.0000
418	-18.3625	917.0000
419	-18.0375	918.0000
420	-18.2000	917.0000
421	-18.2000	918.0000
422	-18.0375	917.0000
423	-18.0375	918.0000
424	-17.8750	917.0000
425	-18.0375	918.0000
426	-17.8750	917.0000
427	-17.8750	917.0000
428	-17.7125	917.0000
429	-17.7125	918.0000
430	-17.7125	917.0000
431	-17.7125	918.0000
432	-17.5500	917.0000
433	-17.5500	918.0000
434	-17.3875	917.0000
435	-17.3875	918.0000
436	-17.3875	917.0000
437	-17.0625	918.0000
438	-17.2250	917.0000
439	-17.0625	917.0000
440	-17.2250	917.0000
441	-18.5250	917.0000
442	-16.9000	918.0000
443	-17.0625	917.0000
444	-17.0625	918.0000
445	-17.2250	917.0000
446	-17.0625	918.0000
447	-16.9000	917.0000
448	-17.0625	918.0000
449	-16.9000	917.0000
450	-16.7375	918.0000
451	-17.0625	917.0000
452	-16.7375	918.0000
453	-16.7375	917.0000
454	-16.7375	918.0000
455	-16.9000	917.0000
456	-16.7375	918.0000
457	-16.7375	917.0000
458	-16.5750	918.0000
459	-16.5750	917.0000
460	-16.4125	918.0000
461	-16.5750	917.0000
462	-16.5750	918.0000
463	-17.0625	917.0000
464	-16.5750	918.0000
465	-16.5750	918.0000
466	-16.4125	918.0000
467	-16.4125	918.0000
468	-16.4125	917.0000
469	-16.4125	918.0000
470	-16.4125	917.0000
471	-16.5750	918.0000
472	-16.4125	917.0000
473	-16.2500	918.0000
474	-16.7375	917.0000
475	-16.2500	918.0000
476	-16.2500	917.0000
477	-16.7375	918.0000
478	-16.2500	917.0000
479	-16.2500	918.0000
480	-16.2500	917.0000
481	-16.0875	918.0000
482	-17.3875	917.0000
483	-15.9250	918.0000
484	-15.9250	917.0000
485	-16.0875	918.0000
486	-16.2500	917.0000
487	-16.0875	918.0000
488	-16.0875	918.0000
489	-16.0875	917.0000
490	-16.2500	918.0000
491	-16.5750	918.0000
492	-16.7375	918.0000
493	-16.4125	918.0000
494	-16.4125	918.0000
495	-16.5750	917.0000
496	-16.2500	918.0000
497	-16.2500	917.0000
498	-16.0875	918.0000
499	-16.0875	917.0000
500	-15.7625	918.0000
501	-15.7625	917.0000
502	-15.7625	918.0000
503	-15.7625	917.0000
504	-16.0875	918.0000
505	-15.7625	917.0000
506	-15.7625	918.0000
507	-16.2500	917.0000
508	-15.9250	918.0000
509	-15.9250	917.0000
510	-16.0875	918.0000
511	-15.7625	917.0000
512	-15.7625	918.0000
513	-16.2500	918.0000
514	-15.6000	918.0000
515	-15.7625	918.0000
516	-15.7625	917.0000
517	-15.7625	918.0000
518	-15.7625	917.0000
519	-16.2500	918.0000
520	-15.7625	918.0000
521	-15.7625	918.0000
522	-15.7625	917.0000
523	-15.6000	918.0000
524	-15.9250	917.0000
525	-15.7625	918.0000
526	-16.0875	917.0000
527	-15.6000	918.0000
528	-15.7625	917.0000
529	-15.4375	918.0000
530	-17.2250	917.0000
531	-15.4375	918.0000
532	-15.4375	917.0000
533	-15.6000	918.0000
534	-15.4375	918.0000
535	-15.6000	918.0000
536	-15.9250	917.0000
537	-15.6000	920.0000
538	-15.7625	918.0000
539	-15.7625	918.0000
540	-15.6000	918.0000
541	-15.4375	918.0000
542	-15.4375	918.0000
543	-15.4375	918.0000
544	-15.4375	918.0000
545	-15.2750	917.0000
546	-15.2750	918.0000
547	-15.2750	917.0000
548	-15.1125	918.0000
549	-15.1125	917.0000
550	-15.1125	918.0000
551	-15.4375	917.0000
552	-15.4375	918.0000
553	-15.2750	917.0000
554	-15.1125	918.0000
555	-15.1125	917.0000
556	-15.2750	918.0000
557	-15.2750	917.0000
558	-15.6000	918.0000
559	-15.2750	917.0000
560	-15.6000	918.0000
561	-15.2750	918.0000
562	-15.4375	918.0000
563	-15.2750	918.0000
564	-15.2750	918.0000
565	-15.2750	918.0000
566	-14.9500	918.0000
567	-15.1125	918.0000
568	-15.1125	917.0000
569	-14.9500	918.0000
570	-14.9500	917.0000
571	-15.1125	918.0000
572	-14.9500	917.0000
573	-15.1125	917.0000
574	-15.1125	917.0000
575	-14.9500	918.0000
576	-14.9500	917.0000
577	-14.7875	918.0000
578	-14.6250	917.0000
579	-14.6250	918.0000
580	-14.7875	917.0000
581	-14.9500	918.0000
582	-14.7875	918.0000
583	-14.6250	918.0000
584	-14.7875	918.0000
585	-14.7875	918.0000
586	-15.2750	918.0000
587	-14.7875	918.0000
588	-14.6250	918.0000
589	-14.7875	918.0000
590	-14.7875	918.0000
591	-14.6250	918.0000
592	-14.6250	918.0000
593	-14.6250	918.0000
594	-14.7875	918.0000
595	-14.6250	917.0000
596	-14.4625	918.0000
597	-14.7875	918.0000
598	-14.6250	918.0000
599	-14.4625	917.0000
600	-14.4625	918.0000
601	-14.4625	918.0000
602	-14.7875	918.0000
603	-14.4625	917.0000
604	-14.6250	918.0000
605	-14.4625	914.0000
606	-14.3000	918.0000
607	-14.3000	917.0000
608	-14.3000	918.0000
609	-14.3000	917.0000
610	-14.1375	918.0000
611	-14.1375	918.0000
612	-14.3000	918.0000
613	-14.1375	918.0000
614	-13.9750	918.0000
615	-14.1375	918.0000
616	-14.4625	918.0000
617	-14.3000	918.0000
618	-14.1375	918.0000
619	-14.3000	918.0000
620	-14.4625	917.0000
621	-14.1375	918.0000
622	-13.9750	918.0000
623	-13.8125	918.0000
624	-13.6500	917.0000
625	-13.6500	918.0000
626	-13.6500	917.0000
627	-13.4875	918.0000
628	-13.6500	917.0000
629	-13.3250	918.0000
630	-13.4875	918.0000
631	-13.8125	918.0000
632	-13.4875	918.0000
633	-13.3250	918.0000
634	-13.3250	918.0000
635	-13.3250	918.0000
636	-13.1625	918.0000
637	-13.1625	918.0000
638	-13.1625	918.0000
639	-13.1625	918.0000
640	-13.3250	918.0000
641	-13.0000	917.0000
642	-13.0000	918.0000
643	-12.8375	917.0000
644	-12.8375	918.0000
645	-12.8375	917.0000
646	-12.8375	918.0000
647	-13.0000	917.0000
648	-13.4875	918.0000
649	-13.4875	917.0000
650	-13.4875	918.0000
651	-12.8375	917.0000
652	-12.6750	918.0000
653	-12.8375	917.0000
654	-12.8375	918.0000
655	-14.4625	918.0000
656	-12.3500	918.0000
657	-13.3250	917.0000
658	-13.0000	918.0000
659	-12.5125	918.0000
660	-12.1875	918.0000
661	-12.1875	918.0000
662	-12.0250	918.0000
663	-12.0250	918.0000
664	-11.8625	918.0000
665	-11.5375	918.0000
666	-11.5375	918.0000
667	-11.0500	918.0000
668	-10.8875	918.0000
669	-10.8875	918.0000
670	-10.8875	917.0000
671	-10.4000	918.0000
672	-10.0750	917.0000
673	-9.7500	918.0000
674	-9.4250	917.0000
675	-9.4250	918.0000
676	-8.6125	917.0000
677	-8.2875	918.0000
678	-7.8000	918.0000
679	-7.3125	918.0000
680	-6.9875	917.0000
681	-6.5000	918.0000
682	-6.0125	918.0000
683	-5.3625	920.0000
684	-4.8750	918.0000
685	-4.3875	918.0000
686	-3.9000	918.0000
687	-3.4125	918.0000
688	-2.7625	918.0000
689	-2.1125	918.0000
690	-1.4625	918.0000
691	-0.6500	918.0000
692	-0.4875	918.0000
693	0.4875	918.0000
694	1.3000	918.0000
695	1.7875	917.0000
696	2.1125	918.0000
697	3.4125	917.0000
698	4.0625	917.0000
699	4.8750	915.0000
700	5.6875	915.0000
701	6.5000	913.0000
702	7.1500	913.0000
703	8.2875	911.0000
704	9.2625	911.0000
705	10.0750	909.0000
706	10.8875	909.0000
707	12.0250	908.0000
708	13.1625	908.0000
709	14.1375	907.0000
710	14.9500	907.0000
711	15.9250	906.0000
712	16.7375	905.0000
713	18.0375	905.0000
714	19.0125	905.0000
715	20.1500	904.0000
716	21.1250	904.0000
717	22.2625	904.0000
718	23.4000	904.0000
719	24.5375	903.0000
720	25.6750	902.0000
721	26.8125	903.0000
722	27.9500	902.0000
723	29.2500	903.0000
724	30.0625	902.0000
725	31.5250	903.0000
726	32.6625	902.0000
727	33.6375	902.0000
728	34.9375	902.0000
729	36.4000	902.0000
730	37.7000	900.0000
731	38.5125	902.0000
732	40.1375	901.0000
733	41.2750	901.0000
734	42.7375	901.0000
735	43.8750	901.0000
736	45.1750	900.0000
737	46.4750	901.0000
738	47.7750	900.0000
739	49.4000	901.0000
740	50.7000	901.0000
741	52.1625	900.0000
742	53.3000	901.0000
743	54.6000	900.0000
744	55.7375	901.0000
745	57.2000	900.0000
746	58.6625	901.0000
747	59.8000	900.0000
748	61.4250	900.0000
749	62.5625	900.0000
750	64.0250	900.0000
751	65.3250	902.0000
752	66.4625	900.0000
753	67.9250	900.0000
754	69.3875	900.0000
755	70.6875	900.0000
756	71.8250	900.0000
757	73.2875	900.0000
758	74.5875	900.0000
759	76.0500	899.0000
760	77.3500	900.0000
761	78.8125	899.0000
762	79.7875	900.0000
763	81.5750	900.0000
764	82.8750	900.0000
765	84.1750	900.0000
766	85.6375	900.0000
767	86.6125	900.0000
768	88.4000	900.0000
769	89.5375	900.0000
770	91.1625	900.0000
771	91.8125	900.0000
772	93.2750	899.0000
773	94.9000	901.0000
774	95.8750	899.0000
775	97.0125	900.0000
776	97.8250	899.0000
777	98.6375	900.0000
778	99.6125	899.0000
779	100.2625	900.0000
780	94.4125	900.0000
781	101.0750	900.0000
782	102.0500	899.0000
783	102.7000	900.0000
784	103.1875	900.0000
785	103.6750	900.0000
786	104.1625	899.0000
787	104.3250	900.0000
788	104.6500	900.0000
789	104.9750	900.0000
790	105.3000	900.0000
791	105.4625	900.0000
792	105.7875	899.0000
793	105.7875	900.0000
794	105.9500	900.0000
795	105.6250	900.0000
796	105.7875	901.0000
797	105.6250	900.0000
798	105.6250	900.0000
799	105.6250	900.0000
800	105.3000	901.0000
801	105.1375	899.0000
802	104.9750	900.0000
803	104.8125	900.0000
804	104.8125	900.0000
805	104.4875	900.0000
806	104.3250	900.0000
807	103.8375	900.0000
808	103.6750	900.0000
809	103.1875	900.0000
810	102.8625	900.0000
811	102.3750	900.0000
812	102.2125	900.0000
813	101.5625	900.0000
814	101.2375	900.0000
815	100.7500	900.0000
816	100.2625	900.0000
817	99.7750	900.0000
818	99.2875	900.0000
819	98.8000	900.0000
820	98.1500	899.0000
821	97.0125	901.0000
822	96.6875	899.0000
823	96.2000	899.0000
824	95.5500	899.0000
825	95.0625	900.0000
826	94.4125	900.0000
827	93.7625	900.0000
828	92.7875	899.0000
829	92.3000	900.0000
830	91.3250	900.0000
831	90.6750	900.0000
832	90.0250	900.0000
833	88.7250	900.0000
834	88.2375	899.0000
835	87.4250	900.0000
836	86.6125	900.0000
837	85.9625	900.0000
838	84.9875	900.0000
839	83.3625	900.0000
840	83.2000	900.0000
841	82.2250	900.0000
842	81.2500	900.0000
843	80.4375	900.0000
844	79.6250	901.0000
845	78.4875	900.0000
846	77.5125	900.0000
847	76.3750	900.0000
848	75.5625	899.0000
849	74.5875	900.0000
850	73.6125	901.0000
851	72.4750	900.0000
852	71.5000	900.0000
853	70.5250	900.0000
854	69.2250	900.0000
855	67.9250	900.0000
856	66.7875	900.0000
857	65.8125	900.0000
858	64.8375	900.0000
859	63.2125	900.0000
860	62.7250	900.0000
861	61.2625	900.0000
862	60.2875	900.0000
863	58.9875	901.0000
864	57.3625	900.0000
865	56.5500	900.0000
866	55.2500	900.0000
867	53.7875	900.0000
868	52.9750	900.0000
869	51.5125	900.0000
870	50.2125	900.0000
871	48.7500	900.0000
872	47.7750	900.0000
873	46.3125	900.0000
874	45.3375	899.0000
875	44.0375	900.0000
876	42.5750	900.0000
877	41.2750	900.0000
878	39.8125	899.0000
879	38.8375	900.0000
880	37.2125	900.0000
881	35.9125	900.0000
882	34.6125	899.0000
883	33.3125	900.0000
884	31.8500	900.0000
885	30.8750	900.0000
886	28.9250	900.0000
887	27.9500	900.0000
888	26.1625	900.0000
889	25.1875	900.0000
890	23.4000	900.0000
891	22.5875	900.0000
892	21.1250	900.0000
893	19.6625	900.0000
894	18.5250	900.0000
895	17.2250	899.0000
896	16.0875	902.0000
897	14.3000	900.0000
898	13.9750	900.0000
899	13.1625	900.0000
900	12.1875	900.0000
901	11.3750	900.0000
902	11.0500	900.0000
903	10.7250	899.0000
904	10.2375	900.0000
905	7.9625	900.0000
906	9.1000	900.0000
907	9.1000	901.0000
908	8.9375	900.0000
909	8.6125	900.0000
910	8.4500	900.0000
911	8.4500	900.0000
912	8.1250	900.0000
913	7.9625	900.0000
914	7.9625	900.0000
915	7.6375	900.0000
916	7.4750	900.0000
917	7.3125	900.0000
918	7.3125	900.0000
919	7.1500	900.0000
920	6.9875	899.0000
921	6.8250	901.0000
922	6.8250	899.0000
923	6.3375	900.0000
924	6.5000	900.0000
925	6.5000	900.0000
926	6.3375	899.0000
927	6.1750	900.0000
928	6.1750	900.0000
929	6.0125	900.0000
930	6.0125	900.0000
931	6.3375	900.0000
932	6.1750	899.0000
933	5.6875	900.0000
934	5.8500	900.0000
935	6.0125	900.0000
936	5.5250	900.0000
937	5.6875	900.0000
938	5.5250	900.0000
939	5.6875	900.0000
940	5.5250	900.0000
941	5.5250	900.0000
942	5.5250	900.0000
943	5.5250	902.0000
944	5.5250	900.0000
945	5.3625	900.0000
946	4.8750	900.0000
947	5.3625	899.0000
948	4.8750	900.0000
949	5.3625	899.0000
950	5.2000	900.0000
951	5.0375	899.0000
952	4.5500	900.0000
953	5.0375	899.0000
954	5.2000	900.0000
955	5.2000	899.0000
956	5.0375	900.0000
957	4.7125	900.0000
958	4.8750	900.0000
959	4.8750	900.0000
960	4.7125	900.0000
961	4.8750	900.0000
962	5.0375	900.0000
963	3.7375	900.0000
964	4.5500	900.0000
965	4.5500	900.0000
966	4.8750	900.0000
967	4.7125	900.0000
968	4.8750	899.0000
969	4.7125	900.0000
970	4.7125	900.0000
971	4.5500	899.0000
972	4.5500	899.0000
973	4.5500	900.0000
974	4.2250	899.0000
975	4.2250	900.0000
976	4.5500	899.0000
977	4.0625	900.0000
978	4.2250	900.0000
979	4.3875	900.0000
980	4.2250	900.0000
981	4.2250	900.0000
982	4.2250	900.0000
983	4.2250	900.0000
984	4.2250	900.0000
985	4.2250	900.0000
986	4.0625	900.0000
987	4.2250	900.0000
988	3.9000	900.0000
989	3.7375	900.0000
990	4.0625	900.0000
991	4.0625	900.0000
992	4.0625	900.0000
993	4.0625	900.0000
994	4.2250	900.0000
995	4.3875	898.0000
996	3.9000	900.0000
997	4.2250	900.0000
998	4.2250	900.0000
999	4.0625	900.0000
1000	3.9000	900.0000
1001	4.0625	899.0000
1002	4.0625	900.0000
1003	4.0625	900.0000
1004	4.0625	900.0000
1005	3.9000	900.0000
1006	3.9000	900.0000
1007	3.9000	900.0000
1008	3.9000	900.0000
1009	3.4125	899.0000
1010	3.5750	900.0000
1011	3.4125	900.0000
1012	3.7375	900.0000
1013	3.5750	900.0000
1014	3.9000	900.0000
1015	3.5750	900.0000
1016	3.7375	899.0000
1017	3.7375	900.0000
1018	3.7375	900.0000
1019	3.9000	900.0000
1020	3.7375	899.0000
1021	3.2500	900.0000
1022	3.4125	899.0000
1023	3.4125	900.0000
#8328
