# Jueves 8 de febrero de 2018
# Medida Efecto Kerr Magneto óptico
# Muestra FeC0%
# Polarizadores LPVI050 ThorLabs
# Láser polarizado 500 mWatts
# Photodiodo vtb 6061
# ángulo de reflexión aproximado 45°
# eje del polarizador a 20° de P (170°)
# eje de extinción del analizador 202°
# intensidad en la extinción 175 mV 
# intensidad en 196°: 4500 mV
# delay 0 ms
# ángulo azimutal 0°
0	3.0875	786.0000
1	3.2500	786.0000
2	3.0875	786.0000
3	2.9250	786.0000
4	2.6000	785.0000
5	3.0875	786.0000
6	-1.7875	786.0000
7	-4.8750	786.0000
8	3.0875	785.0000
9	3.0875	786.0000
10	3.0875	787.0000
11	3.2500	786.0000
12	3.2500	786.0000
13	3.2500	786.0000
14	3.0875	786.0000
15	3.2500	786.0000
16	2.9250	785.0000
17	2.4375	786.0000
18	2.9250	786.0000
19	3.0875	786.0000
20	2.9250	786.0000
21	3.0875	786.0000
22	3.0875	786.0000
23	3.0875	786.0000
24	2.9250	786.0000
25	2.6000	786.0000
26	2.7625	786.0000
27	2.9250	785.0000
28	2.9250	786.0000
29	3.0875	785.0000
30	2.7625	786.0000
31	2.9250	786.0000
32	2.7625	786.0000
33	2.9250	785.0000
34	2.7625	786.0000
35	2.7625	785.0000
36	2.7625	786.0000
37	2.7625	785.0000
38	2.9250	786.0000
39	2.9250	786.0000
40	2.9250	786.0000
41	2.9250	785.0000
42	2.9250	786.0000
43	2.9250	786.0000
44	2.7625	786.0000
45	2.9250	786.0000
46	2.6000	786.0000
47	2.6000	786.0000
48	2.7625	786.0000
49	2.6000	786.0000
50	2.6000	786.0000
51	2.6000	786.0000
52	2.6000	785.0000
53	2.6000	786.0000
54	2.6000	785.0000
55	2.4375	786.0000
56	2.4375	785.0000
57	2.6000	786.0000
58	2.2750	785.0000
59	2.4375	786.0000
60	1.6250	785.0000
61	2.2750	786.0000
62	1.7875	785.0000
63	2.4375	786.0000
64	2.4375	785.0000
65	2.4375	786.0000
66	1.9500	785.0000
67	2.2750	786.0000
68	2.2750	785.0000
69	2.4375	786.0000
70	2.2750	785.0000
71	2.4375	786.0000
72	2.2750	785.0000
73	2.2750	786.0000
74	2.1125	785.0000
75	2.2750	785.0000
76	2.1125	786.0000
77	2.2750	785.0000
78	1.9500	786.0000
79	2.2750	785.0000
80	1.9500	786.0000
81	2.1125	786.0000
82	1.9500	786.0000
83	2.1125	785.0000
84	0.8125	786.0000
85	1.4625	785.0000
86	1.9500	786.0000
87	1.9500	785.0000
88	1.9500	786.0000
89	1.9500	785.0000
90	1.7875	786.0000
91	1.6250	785.0000
92	1.7875	786.0000
93	1.6250	785.0000
94	1.6250	786.0000
95	1.6250	786.0000
96	1.4625	786.0000
97	1.4625	785.0000
98	1.6250	786.0000
99	1.6250	786.0000
100	1.7875	785.0000
101	1.7875	786.0000
102	1.6250	785.0000
103	1.6250	786.0000
104	1.9500	785.0000
105	1.9500	786.0000
106	1.7875	785.0000
107	1.7875	786.0000
108	1.6250	785.0000
109	1.4625	786.0000
110	1.6250	785.0000
111	1.6250	786.0000
112	1.4625	785.0000
113	1.7875	786.0000
114	1.4625	785.0000
115	1.3000	786.0000
116	1.4625	785.0000
117	1.6250	785.0000
118	0.8125	785.0000
119	1.3000	786.0000
120	1.1375	786.0000
121	1.3000	785.0000
122	0.9750	786.0000
123	0.9750	786.0000
124	0.3250	786.0000
125	0.1625	785.0000
126	0.4875	786.0000
127	0.6500	785.0000
128	0.8125	786.0000
129	0.9750	785.0000
130	0.8125	786.0000
131	0.8125	785.0000
132	1.1375	786.0000
133	0.8125	785.0000
134	0.8125	786.0000
135	0.6500	785.0000
136	0.3250	786.0000
137	0.0000	785.0000
138	0.1625	786.0000
139	0.0000	786.0000
140	-1.1375	786.0000
141	-2.1125	785.0000
142	-0.8125	786.0000
143	-0.3250	785.0000
144	-0.6500	786.0000
145	-0.6500	786.0000
146	-0.6500	786.0000
147	-0.6500	786.0000
148	-0.6500	786.0000
149	-0.8125	786.0000
150	-0.8125	785.0000
151	-0.9750	786.0000
152	-0.9750	785.0000
153	-1.4625	786.0000
154	-1.4625	785.0000
155	-1.4625	786.0000
156	-1.6250	785.0000
157	-1.9500	786.0000
158	-2.1125	785.0000
159	-2.2750	786.0000
160	-2.7625	785.0000
161	-2.9250	786.0000
162	-3.2500	785.0000
163	-3.5750	786.0000
164	-3.9000	785.0000
165	-4.3875	786.0000
166	-4.8750	785.0000
167	-5.2000	786.0000
168	-5.6875	785.0000
169	-6.0125	786.0000
170	-6.8250	786.0000
171	-6.9875	786.0000
172	-7.8000	786.0000
173	-8.2875	786.0000
174	-8.7750	786.0000
175	-9.2625	786.0000
176	-9.9125	786.0000
177	-10.5625	785.0000
178	-11.2125	786.0000
179	-11.7000	786.0000
180	-12.6750	783.0000
181	-13.1625	785.0000
182	-13.9750	786.0000
183	-14.6250	785.0000
184	-15.6000	786.0000
185	-16.2500	785.0000
186	-17.2250	786.0000
187	-17.7125	785.0000
188	-18.5250	786.0000
189	-19.3375	785.0000
190	-20.3125	786.0000
191	-21.1250	785.0000
192	-22.1000	786.0000
193	-23.0750	785.0000
194	-23.8875	786.0000
195	-25.0250	786.0000
196	-25.8375	786.0000
197	-26.8125	786.0000
198	-27.7875	787.0000
199	-28.7625	788.0000
200	-29.7375	789.0000
201	-30.8750	790.0000
202	-31.8500	791.0000
203	-32.9875	792.0000
204	-33.9625	792.0000
205	-35.1000	793.0000
206	-36.0750	793.0000
207	-37.3750	795.0000
208	-38.5125	795.0000
209	-40.9500	796.0000
210	-40.9500	796.0000
211	-42.0875	797.0000
212	-43.0625	797.0000
213	-44.2000	797.0000
214	-45.5000	797.0000
215	-46.6375	798.0000
216	-47.7750	798.0000
217	-49.0750	801.0000
218	-50.3750	799.0000
219	-51.1875	799.0000
220	-52.6500	799.0000
221	-53.7875	799.0000
222	-55.0875	799.0000
223	-56.2250	798.0000
224	-57.6875	800.0000
225	-58.8250	800.0000
226	-60.1250	800.0000
227	-61.2625	800.0000
228	-62.5625	801.0000
229	-63.8625	800.0000
230	-65.3250	801.0000
231	-66.4625	800.0000
232	-67.9250	801.0000
233	-69.2250	800.0000
234	-70.5250	801.0000
235	-71.8250	801.0000
236	-73.1250	801.0000
237	-74.4250	801.0000
238	-75.8875	801.0000
239	-77.0250	801.0000
240	-78.4875	801.0000
241	-79.6250	801.0000
242	-80.6000	802.0000
243	-81.9000	801.0000
244	-83.0375	802.0000
245	-84.5000	801.0000
246	-86.1250	802.0000
247	-87.4250	802.0000
248	-88.7250	802.0000
249	-89.8625	801.0000
250	-91.3250	801.0000
251	-92.3000	802.0000
252	-94.4125	802.0000
253	-95.3875	802.0000
254	-96.3625	801.0000
255	-97.6625	802.0000
256	-99.2875	802.0000
257	-100.7500	802.0000
258	-101.8875	802.0000
259	-102.8625	802.0000
260	-104.0000	802.0000
261	-105.7875	803.0000
262	-105.9500	801.0000
263	-106.9250	803.0000
264	-108.2250	802.0000
265	-109.0375	802.0000
266	-109.6875	802.0000
267	-110.3375	803.0000
268	-110.8250	802.0000
269	-111.6375	803.0000
270	-112.2875	802.0000
271	-112.6125	802.0000
272	-113.1000	802.0000
273	-113.9125	802.0000
274	-114.8875	802.0000
275	-114.4000	801.0000
276	-114.7250	802.0000
277	-116.1875	802.0000
278	-115.3750	802.0000
279	-115.2125	803.0000
280	-115.3750	803.0000
281	-115.5375	802.0000
282	-116.0250	803.0000
283	-116.0250	802.0000
284	-116.1875	802.0000
285	-116.1875	802.0000
286	-116.1875	802.0000
287	-115.8625	802.0000
288	-116.0250	802.0000
289	-115.7000	802.0000
290	-115.5375	802.0000
291	-115.3750	802.0000
292	-114.8875	803.0000
293	-114.7250	802.0000
294	-114.5625	803.0000
295	-114.7250	802.0000
296	-113.9125	802.0000
297	-113.5875	802.0000
298	-113.2625	802.0000
299	-112.6125	802.0000
300	-112.2875	802.0000
301	-111.9625	802.0000
302	-111.4750	802.0000
303	-111.6375	802.0000
304	-110.5000	802.0000
305	-110.0125	803.0000
306	-109.5250	802.0000
307	-108.8750	802.0000
308	-108.2250	802.0000
309	-107.9000	802.0000
310	-107.0875	802.0000
311	-106.6000	802.0000
312	-105.9500	801.0000
313	-105.3000	802.0000
314	-104.6500	802.0000
315	-104.0000	803.0000
316	-103.3500	802.0000
317	-102.5375	802.0000
318	-101.7250	802.0000
319	-100.9125	803.0000
320	-100.4250	802.0000
321	-99.4500	803.0000
322	-98.8000	802.0000
323	-97.8250	802.0000
324	-97.0125	802.0000
325	-96.2000	802.0000
326	-95.3875	802.0000
327	-94.5750	802.0000
328	-93.6000	802.0000
329	-92.7875	801.0000
330	-91.9750	802.0000
331	-90.8375	802.0000
332	-89.8625	802.0000
333	-88.8875	801.0000
334	-88.8875	802.0000
335	-90.5125	801.0000
336	-86.4500	802.0000
337	-85.3125	801.0000
338	-84.3375	803.0000
339	-83.2000	801.0000
340	-82.3875	802.0000
341	-81.2500	802.0000
342	-80.1125	802.0000
343	-79.1375	802.0000
344	-78.1625	802.0000
345	-77.5125	801.0000
346	-76.0500	802.0000
347	-74.9125	802.0000
348	-77.5125	802.0000
349	-79.9500	802.0000
350	-77.1875	802.0000
351	-71.8250	802.0000
352	-71.1750	802.0000
353	-69.8750	802.0000
354	-70.2000	802.0000
355	-65.9750	802.0000
356	-66.6250	801.0000
357	-63.3750	802.0000
358	-63.5375	801.0000
359	-61.1000	802.0000
360	-60.9375	802.0000
361	-58.8250	803.0000
362	-58.8250	802.0000
363	-56.2250	802.0000
364	-56.3875	802.0000
365	-53.3000	802.0000
366	-53.4625	802.0000
367	-51.0250	802.0000
368	-50.7000	802.0000
369	-48.9125	802.0000
370	-48.1000	802.0000
371	-45.9875	802.0000
372	-45.5000	802.0000
373	-43.5500	802.0000
374	-43.0625	802.0000
375	-41.2750	802.0000
376	-41.2750	802.0000
377	-38.0250	802.0000
378	-36.7250	802.0000
379	-36.7250	802.0000
380	-33.8000	804.0000
381	-34.2875	801.0000
382	-31.5250	802.0000
383	-33.1500	801.0000
384	-31.5250	802.0000
385	-29.5750	801.0000
386	-27.1375	802.0000
387	-28.1125	801.0000
388	-25.0250	802.0000
389	-26.8125	801.0000
390	-23.8875	802.0000
391	-24.8625	801.0000
392	-23.2375	802.0000
393	-24.3750	801.0000
394	-22.4250	802.0000
395	-23.5625	801.0000
396	-21.7750	802.0000
397	-21.6125	801.0000
398	-22.7500	802.0000
399	-21.2875	801.0000
400	-22.4250	802.0000
401	-20.9625	802.0000
402	-22.1000	801.0000
403	-20.4750	802.0000
404	-21.6125	801.0000
405	-20.1500	802.0000
406	-21.4500	801.0000
407	-19.9875	802.0000
408	-21.2875	801.0000
409	-19.8250	802.0000
410	-20.9625	801.0000
411	-19.5000	802.0000
412	-20.8000	801.0000
413	-19.1750	802.0000
414	-21.4500	801.0000
415	-19.3375	802.0000
416	-20.6375	801.0000
417	-19.9875	802.0000
418	-20.4750	801.0000
419	-33.9625	802.0000
420	-18.5250	801.0000
421	-20.8000	801.0000
422	-18.6875	801.0000
423	-19.8250	801.0000
424	-18.5250	801.0000
425	-18.3625	801.0000
426	-18.3625	801.0000
427	-18.3625	801.0000
428	-19.8250	802.0000
429	-18.0375	801.0000
430	-18.3625	801.0000
431	-30.2250	801.0000
432	-24.7000	801.0000
433	-42.9000	801.0000
434	-47.7750	801.0000
435	-43.5500	801.0000
436	-45.1750	802.0000
437	-46.9625	801.0000
438	-46.3125	802.0000
439	-30.8750	801.0000
440	-18.2000	802.0000
441	-27.4625	801.0000
442	-18.0375	802.0000
443	-24.0500	801.0000
444	-17.7125	802.0000
445	-24.7000	801.0000
446	-17.8750	801.0000
447	-24.0500	801.0000
448	-21.2875	801.0000
449	-23.0750	801.0000
450	-19.3375	802.0000
451	-19.1750	802.0000
452	-21.6125	799.0000
453	-18.5250	801.0000
454	-23.2375	801.0000
455	-18.2000	802.0000
456	-23.2375	801.0000
457	-17.5500	802.0000
458	-17.5500	801.0000
459	-19.1750	802.0000
460	-23.8875	801.0000
461	-17.2250	802.0000
462	-17.2250	801.0000
463	-27.3000	802.0000
464	-18.5250	801.0000
465	-22.5875	802.0000
466	-25.5125	801.0000
467	-17.2250	802.0000
468	-24.2125	801.0000
469	-17.7125	801.0000
470	-17.3875	801.0000
471	-23.2375	802.0000
472	-20.3125	801.0000
473	-17.3875	801.0000
474	-19.8250	801.0000
475	-17.3875	801.0000
476	-19.3375	801.0000
477	-17.3875	801.0000
478	-18.6875	801.0000
479	-17.0625	801.0000
480	-18.3625	802.0000
481	-17.2250	801.0000
482	-18.3625	802.0000
483	-17.0625	801.0000
484	-18.2000	802.0000
485	-16.9000	801.0000
486	-18.2000	802.0000
487	-17.0625	801.0000
488	-17.0625	802.0000
489	-18.5250	801.0000
490	-16.9000	802.0000
491	-19.3375	798.0000
492	-16.9000	802.0000
493	-19.8250	801.0000
494	-16.9000	802.0000
495	-19.8250	801.0000
496	-18.0375	802.0000
497	-18.5250	801.0000
498	-17.0625	802.0000
499	-18.5250	801.0000
500	-16.9000	801.0000
501	-18.0375	802.0000
502	-16.5750	801.0000
503	-16.9000	802.0000
504	-16.5750	802.0000
505	-16.7375	802.0000
506	-18.6875	801.0000
507	-16.7375	801.0000
508	-16.9000	801.0000
509	-16.5750	801.0000
510	-16.5750	802.0000
511	-16.7375	802.0000
512	-16.5750	801.0000
513	-16.4125	802.0000
514	-16.5750	801.0000
515	-16.5750	802.0000
516	-16.2500	801.0000
517	-16.2500	802.0000
518	-16.4125	801.0000
519	-16.4125	802.0000
520	-16.4125	801.0000
521	-16.4125	802.0000
522	-16.4125	801.0000
523	-16.4125	802.0000
524	-16.2500	801.0000
525	-16.4125	801.0000
526	-16.4125	801.0000
527	-16.2500	801.0000
528	-16.4125	801.0000
529	-16.2500	801.0000
530	-16.2500	802.0000
531	-16.0875	801.0000
532	-16.4125	802.0000
533	-16.0875	802.0000
534	-16.2500	802.0000
535	-16.2500	801.0000
536	-16.4125	802.0000
537	-16.2500	801.0000
538	-16.2500	802.0000
539	-16.2500	801.0000
540	-16.2500	802.0000
541	-16.2500	802.0000
542	-15.9250	802.0000
543	-15.4375	801.0000
544	-15.6000	802.0000
545	-15.6000	801.0000
546	-15.7625	802.0000
547	-15.6000	801.0000
548	-15.6000	802.0000
549	-15.6000	801.0000
550	-15.2750	801.0000
551	-15.6000	801.0000
552	-15.4375	801.0000
553	-15.7625	802.0000
554	-15.6000	801.0000
555	-15.7625	802.0000
556	-15.6000	801.0000
557	-15.4375	802.0000
558	-15.7625	801.0000
559	-15.9250	802.0000
560	-15.7625	801.0000
561	-17.7125	802.0000
562	-15.2750	801.0000
563	-15.1125	802.0000
564	-15.6000	801.0000
565	-15.4375	802.0000
566	-15.4375	801.0000
567	-15.2750	802.0000
568	-15.6000	801.0000
569	-15.2750	802.0000
570	-15.1125	801.0000
571	-15.1125	802.0000
572	-15.2750	801.0000
573	-15.1125	802.0000
574	-15.2750	801.0000
575	-15.2750	801.0000
576	-15.2750	804.0000
577	-15.1125	801.0000
578	-15.2750	801.0000
579	-14.9500	801.0000
580	-15.2750	801.0000
581	-14.7875	801.0000
582	-14.7875	802.0000
583	-15.4375	801.0000
584	-16.9000	801.0000
585	-23.2375	801.0000
586	-19.8250	802.0000
587	-15.1125	801.0000
588	-16.7375	803.0000
589	-15.1125	801.0000
590	-15.1125	802.0000
591	-14.9500	801.0000
592	-15.6000	802.0000
593	-15.2750	801.0000
594	-14.9500	802.0000
595	-14.9500	801.0000
596	-14.6250	802.0000
597	-14.4625	801.0000
598	-14.6250	802.0000
599	-15.1125	801.0000
600	-14.7875	801.0000
601	-14.6250	801.0000
602	-14.3000	802.0000
603	-14.6250	801.0000
604	-14.3000	801.0000
605	-14.3000	802.0000
606	-14.3000	801.0000
607	-14.3000	802.0000
608	-14.3000	801.0000
609	-14.3000	801.0000
610	-14.3000	801.0000
611	-14.1375	802.0000
612	-14.3000	801.0000
613	-14.1375	802.0000
614	-14.1375	801.0000
615	-14.1375	802.0000
616	-13.9750	801.0000
617	-13.9750	802.0000
618	-13.9750	801.0000
619	-14.1375	802.0000
620	-13.8125	801.0000
621	-13.6500	802.0000
622	-13.6500	801.0000
623	-13.6500	802.0000
624	-13.9750	801.0000
625	-14.3000	802.0000
626	-14.1375	801.0000
627	-13.6500	801.0000
628	-13.6500	802.0000
629	-13.6500	801.0000
630	-13.8125	802.0000
631	-13.6500	802.0000
632	-13.4875	802.0000
633	-13.3250	801.0000
634	-13.4875	802.0000
635	-13.4875	801.0000
636	-13.1625	802.0000
637	-14.6250	801.0000
638	-13.3250	802.0000
639	-13.1625	801.0000
640	-13.1625	802.0000
641	-13.1625	801.0000
642	-13.0000	802.0000
643	-12.8375	801.0000
644	-12.6750	804.0000
645	-12.6750	801.0000
646	-13.0000	802.0000
647	-12.6750	801.0000
648	-12.3500	801.0000
649	-12.5125	801.0000
650	-12.5125	801.0000
651	-12.3500	801.0000
652	-12.1875	801.0000
653	-12.3500	801.0000
654	-12.1875	801.0000
655	-12.1875	801.0000
656	-12.0250	801.0000
657	-11.8625	802.0000
658	-11.8625	801.0000
659	-11.8625	802.0000
660	-11.7000	801.0000
661	-11.7000	802.0000
662	-11.5375	801.0000
663	-11.3750	801.0000
664	-11.5375	801.0000
665	-11.3750	802.0000
666	-11.2125	801.0000
667	-11.0500	802.0000
668	-10.8875	801.0000
669	-10.7250	802.0000
670	-10.5625	801.0000
671	-10.0750	802.0000
672	-10.2375	801.0000
673	-9.5875	801.0000
674	-9.2625	801.0000
675	-8.9375	802.0000
676	-8.6125	801.0000
677	-8.1250	801.0000
678	-7.8000	801.0000
679	-7.1500	801.0000
680	-6.9875	801.0000
681	-6.3375	801.0000
682	-6.0125	801.0000
683	-5.3625	801.0000
684	-5.5250	802.0000
685	-4.3875	801.0000
686	-4.0625	801.0000
687	-3.7375	801.0000
688	-2.7625	802.0000
689	-2.1125	801.0000
690	-1.6250	802.0000
691	-0.9750	801.0000
692	-0.1625	802.0000
693	0.3250	801.0000
694	0.6500	802.0000
695	0.4875	801.0000
696	2.2750	801.0000
697	3.0875	801.0000
698	4.0625	800.0000
699	4.8750	799.0000
700	5.5250	798.0000
701	6.3375	797.0000
702	7.3125	796.0000
703	8.1250	796.0000
704	9.1000	795.0000
705	9.9125	795.0000
706	11.0500	793.0000
707	11.8625	793.0000
708	13.1625	792.0000
709	12.5125	792.0000
710	13.4875	791.0000
711	14.7875	791.0000
712	16.2500	790.0000
713	17.2250	791.0000
714	18.3625	790.0000
715	19.5000	790.0000
716	20.8000	789.0000
717	21.6125	789.0000
718	22.9125	790.0000
719	24.2125	789.0000
720	25.3500	788.0000
721	26.4875	788.0000
722	27.7875	787.0000
723	28.9250	788.0000
724	30.0625	787.0000
725	31.3625	787.0000
726	32.3375	788.0000
727	33.8000	787.0000
728	34.7750	787.0000
729	36.0750	787.0000
730	37.0500	787.0000
731	38.6750	787.0000
732	39.8125	787.0000
733	41.1125	786.0000
734	42.2500	787.0000
735	43.5500	786.0000
736	45.0125	787.0000
737	46.3125	783.0000
738	47.4500	787.0000
739	48.7500	786.0000
740	50.0500	786.0000
741	51.3500	786.0000
742	52.6500	786.0000
743	53.7875	786.0000
744	54.9250	786.0000
745	56.2250	785.0000
746	57.5250	786.0000
747	58.9875	786.0000
748	60.4500	786.0000
749	61.7500	786.0000
750	63.0500	785.0000
751	64.1875	785.0000
752	65.8125	786.0000
753	66.7875	786.0000
754	68.2500	785.0000
755	69.5500	786.0000
756	71.1750	785.0000
757	72.3125	786.0000
758	73.7750	785.0000
759	74.9125	786.0000
760	76.2125	785.0000
761	77.5125	786.0000
762	78.9750	785.0000
763	80.4375	786.0000
764	81.5750	785.0000
765	83.0375	786.0000
766	84.3375	784.0000
767	85.4750	786.0000
768	86.9375	785.0000
769	88.4000	786.0000
770	89.7000	785.0000
771	91.0000	786.0000
772	92.1375	785.0000
773	93.1125	785.0000
774	93.9250	785.0000
775	94.4125	786.0000
776	94.7375	785.0000
777	95.0625	785.0000
778	95.2250	785.0000
779	97.5000	785.0000
780	98.4750	785.0000
781	99.2875	785.0000
782	99.7750	785.0000
783	100.7500	785.0000
784	101.2375	785.0000
785	101.8875	785.0000
786	102.0500	785.0000
787	102.5375	785.0000
788	102.7000	786.0000
789	103.0250	785.0000
790	103.0250	785.0000
791	103.3500	785.0000
792	103.3500	786.0000
793	103.6750	785.0000
794	103.6750	786.0000
795	103.5125	785.0000
796	103.5125	786.0000
797	103.6750	785.0000
798	103.6750	785.0000
799	103.6750	785.0000
800	103.3500	785.0000
801	103.3500	785.0000
802	103.1875	785.0000
803	102.8625	785.0000
804	103.0250	785.0000
805	102.3750	785.0000
806	102.2125	785.0000
807	102.0500	786.0000
808	101.7250	785.0000
809	101.2375	785.0000
810	100.7500	785.0000
811	100.4250	786.0000
812	100.2625	785.0000
813	80.7625	786.0000
814	97.5000	786.0000
815	98.6375	786.0000
816	98.4750	785.0000
817	97.8250	786.0000
818	97.3375	785.0000
819	96.8500	785.0000
820	96.0375	785.0000
821	95.5500	786.0000
822	94.0875	785.0000
823	94.2500	785.0000
824	93.6000	785.0000
825	92.4625	785.0000
826	84.6625	785.0000
827	63.7000	785.0000
828	79.9500	785.0000
829	84.5000	785.0000
830	88.4000	785.0000
831	88.2375	785.0000
832	87.1000	785.0000
833	86.6125	785.0000
834	84.6625	786.0000
835	85.1500	785.0000
836	84.0125	786.0000
837	83.3625	785.0000
838	82.3875	784.0000
839	81.5750	785.0000
840	80.7625	785.0000
841	79.9500	785.0000
842	78.9750	786.0000
843	78.1625	785.0000
844	77.1875	786.0000
845	76.3750	785.0000
846	75.2375	786.0000
847	74.2625	785.0000
848	73.2875	788.0000
849	72.3125	785.0000
850	71.3375	785.0000
851	70.3625	785.0000
852	69.2250	785.0000
853	68.0875	785.0000
854	67.1125	785.0000
855	65.8125	786.0000
856	64.6750	785.0000
857	63.7000	785.0000
858	62.5625	785.0000
859	61.5875	786.0000
860	60.6125	785.0000
861	59.3125	785.0000
862	58.1750	785.0000
863	57.3625	785.0000
864	56.3875	785.0000
865	55.0875	785.0000
866	53.7875	785.0000
867	52.8125	785.0000
868	51.5125	785.0000
869	50.3750	785.0000
870	49.2375	785.0000
871	47.9375	785.0000
872	46.6375	785.0000
873	45.5000	785.0000
874	43.8750	785.0000
875	41.7625	785.0000
876	41.4375	785.0000
877	40.4625	785.0000
878	38.8375	785.0000
879	37.7000	785.0000
880	35.9125	785.0000
881	35.1000	785.0000
882	33.4750	785.0000
883	32.0125	785.0000
884	30.5500	786.0000
885	29.7375	785.0000
886	28.2750	785.0000
887	26.9750	785.0000
888	25.5125	785.0000
889	24.5375	785.0000
890	22.7500	786.0000
891	21.6125	785.0000
892	20.1500	785.0000
893	19.0125	785.0000
894	17.7125	787.0000
895	16.5750	785.0000
896	15.4375	786.0000
897	14.1375	785.0000
898	13.3250	785.0000
899	12.5125	785.0000
900	11.8625	785.0000
901	11.2125	785.0000
902	9.9125	785.0000
903	10.2375	785.0000
904	9.7500	785.0000
905	9.4250	785.0000
906	8.7750	785.0000
907	8.6125	785.0000
908	8.6125	785.0000
909	8.1250	785.0000
910	7.6375	785.0000
911	7.8000	785.0000
912	7.6375	785.0000
913	7.3125	785.0000
914	7.1500	785.0000
915	6.9875	785.0000
916	6.9875	787.0000
917	6.8250	786.0000
918	6.8250	785.0000
919	6.5000	786.0000
920	6.3375	785.0000
921	6.3375	785.0000
922	5.6875	785.0000
923	6.1750	785.0000
924	6.0125	785.0000
925	5.8500	785.0000
926	5.8500	785.0000
927	5.8500	785.0000
928	5.6875	785.0000
929	5.3625	785.0000
930	5.5250	785.0000
931	5.5250	785.0000
932	5.5250	785.0000
933	5.5250	785.0000
934	5.3625	785.0000
935	5.2000	785.0000
936	5.3625	785.0000
937	4.7125	785.0000
938	5.0375	785.0000
939	5.2000	785.0000
940	4.8750	785.0000
941	5.0375	785.0000
942	4.8750	785.0000
943	5.0375	785.0000
944	4.8750	786.0000
945	4.8750	785.0000
946	4.7125	786.0000
947	4.5500	785.0000
948	4.8750	785.0000
949	4.7125	785.0000
950	4.7125	785.0000
951	4.7125	785.0000
952	4.3875	785.0000
953	4.5500	785.0000
954	4.3875	785.0000
955	4.5500	785.0000
956	4.5500	785.0000
957	4.3875	785.0000
958	4.2250	785.0000
959	2.4375	786.0000
960	-0.8125	785.0000
961	4.2250	785.0000
962	4.3875	785.0000
963	4.2250	785.0000
964	4.2250	785.0000
965	4.5500	785.0000
966	4.2250	785.0000
967	4.0625	785.0000
968	3.9000	785.0000
969	3.9000	785.0000
970	4.0625	787.0000
971	3.7375	785.0000
972	3.9000	785.0000
973	4.0625	785.0000
974	3.9000	785.0000
975	3.4125	785.0000
976	4.0625	785.0000
977	4.0625	785.0000
978	3.9000	785.0000
979	3.5750	785.0000
980	3.9000	785.0000
981	4.0625	785.0000
982	3.9000	785.0000
983	3.9000	785.0000
984	3.7375	785.0000
985	4.0625	784.0000
986	3.7375	785.0000
987	3.7375	785.0000
988	3.9000	785.0000
989	3.9000	783.0000
990	3.7375	785.0000
991	3.7375	785.0000
992	3.7375	785.0000
993	3.7375	785.0000
994	3.7375	785.0000
995	3.5750	785.0000
996	3.9000	785.0000
997	3.7375	785.0000
998	3.7375	785.0000
999	3.4125	785.0000
1000	3.7375	785.0000
1001	3.7375	785.0000
1002	3.5750	785.0000
1003	3.4125	785.0000
1004	3.5750	785.0000
1005	3.5750	785.0000
1006	3.4125	785.0000
1007	-7.4750	785.0000
1008	2.6000	785.0000
1009	2.9250	786.0000
1010	3.0875	782.0000
1011	2.9250	785.0000
1012	3.0875	785.0000
1013	1.3000	785.0000
1014	0.6500	785.0000
1015	3.4125	785.0000
1016	3.0875	785.0000
1017	1.9500	785.0000
1018	3.2500	785.0000
1019	1.7875	785.0000
1020	2.7625	785.0000
1021	3.0875	785.0000
1022	2.9250	785.0000
1023	2.9250	785.0000
#8327
0	-0.8125	785.0000
1	-0.8125	785.0000
2	1.3000	785.0000
3	2.6000	785.0000
4	1.4625	785.0000
5	-2.2750	785.0000
6	1.4625	785.0000
7	2.6000	785.0000
8	2.4375	785.0000
9	2.6000	785.0000
10	2.4375	785.0000
11	2.6000	785.0000
12	2.6000	785.0000
13	2.6000	785.0000
14	2.4375	785.0000
15	2.6000	785.0000
16	2.4375	785.0000
17	2.6000	785.0000
18	2.4375	785.0000
19	2.6000	785.0000
20	2.4375	785.0000
21	2.6000	785.0000
22	2.4375	785.0000
23	2.4375	785.0000
24	2.2750	785.0000
25	2.2750	785.0000
26	2.4375	785.0000
27	2.4375	785.0000
28	2.4375	785.0000
29	2.4375	785.0000
30	2.4375	785.0000
31	2.4375	785.0000
32	2.2750	785.0000
33	2.4375	785.0000
34	2.4375	785.0000
35	2.4375	785.0000
36	2.4375	785.0000
37	2.2750	785.0000
38	2.2750	785.0000
39	2.2750	785.0000
40	2.2750	785.0000
41	2.1125	785.0000
42	2.4375	785.0000
43	0.8125	786.0000
44	-1.9500	785.0000
45	-2.7625	785.0000
46	-7.9625	785.0000
47	-3.0875	785.0000
48	-11.2125	785.0000
49	2.6000	785.0000
50	1.7875	788.0000
51	2.6000	785.0000
52	2.6000	785.0000
53	2.4375	785.0000
54	1.9500	785.0000
55	2.6000	785.0000
56	2.4375	785.0000
57	2.1125	785.0000
58	2.1125	785.0000
59	2.6000	785.0000
60	2.6000	785.0000
61	2.4375	785.0000
62	2.4375	783.0000
63	2.4375	785.0000
64	2.4375	786.0000
65	2.4375	785.0000
66	2.4375	785.0000
67	2.6000	785.0000
68	2.2750	785.0000
69	2.2750	785.0000
70	2.2750	785.0000
71	2.4375	785.0000
72	2.2750	786.0000
73	2.2750	785.0000
74	2.2750	786.0000
75	2.2750	785.0000
76	2.4375	786.0000
77	1.9500	785.0000
78	2.1125	785.0000
79	1.9500	785.0000
80	1.3000	785.0000
81	1.6250	785.0000
82	1.7875	785.0000
83	1.9500	785.0000
84	2.1125	785.0000
85	1.9500	785.0000
86	1.9500	785.0000
87	1.7875	785.0000
88	1.6250	785.0000
89	1.7875	785.0000
90	1.7875	785.0000
91	1.9500	785.0000
92	1.9500	785.0000
93	1.6250	785.0000
94	1.7875	785.0000
95	1.1375	786.0000
96	1.6250	785.0000
97	1.6250	786.0000
98	1.7875	785.0000
99	1.7875	786.0000
100	1.6250	785.0000
101	1.6250	786.0000
102	1.4625	785.0000
103	1.4625	786.0000
104	1.4625	785.0000
105	1.4625	785.0000
106	1.4625	784.0000
107	1.1375	785.0000
108	1.1375	785.0000
109	1.3000	785.0000
110	1.3000	785.0000
111	1.1375	785.0000
112	0.4875	785.0000
113	1.4625	785.0000
114	1.3000	785.0000
115	1.1375	785.0000
116	1.1375	785.0000
117	1.3000	785.0000
118	1.1375	786.0000
119	1.1375	785.0000
120	0.6500	785.0000
121	0.9750	785.0000
122	0.6500	785.0000
123	0.8125	785.0000
124	0.6500	785.0000
125	0.8125	785.0000
126	0.3250	785.0000
127	0.3250	785.0000
128	0.6500	785.0000
129	0.4875	785.0000
130	0.1625	786.0000
131	0.1625	785.0000
132	0.4875	785.0000
133	0.1625	785.0000
134	0.1625	785.0000
135	0.3250	786.0000
136	0.1625	785.0000
137	0.0000	785.0000
138	-0.1625	785.0000
139	0.0000	785.0000
140	0.0000	785.0000
141	-0.1625	784.0000
142	-0.3250	785.0000
143	-0.3250	785.0000
144	-0.6500	785.0000
145	-0.4875	786.0000
146	-0.4875	785.0000
147	-0.4875	786.0000
148	-0.4875	785.0000
149	-0.8125	786.0000
150	-0.9750	785.0000
151	-0.9750	786.0000
152	-1.1375	785.0000
153	-1.4625	786.0000
154	-1.4625	785.0000
155	-1.3000	786.0000
156	-1.6250	785.0000
157	-2.6000	785.0000
158	-2.2750	785.0000
159	-2.4375	785.0000
160	-2.7625	785.0000
161	-2.9250	785.0000
162	-3.4125	785.0000
163	-3.4125	785.0000
164	-3.9000	785.0000
165	-4.3875	785.0000
166	-4.8750	785.0000
167	-5.0375	785.0000
168	-6.9875	785.0000
169	-6.6625	785.0000
170	-11.2125	786.0000
171	-8.1250	785.0000
172	-8.7750	786.0000
173	-9.1000	785.0000
174	-9.7500	786.0000
175	-9.9125	785.0000
176	-10.4000	786.0000
177	-10.8875	785.0000
178	-11.3750	786.0000
179	-11.7000	785.0000
180	-12.5125	786.0000
181	-13.1625	784.0000
182	-13.8125	786.0000
183	-14.6250	785.0000
184	-15.4375	786.0000
185	-16.0875	785.0000
186	-16.7375	785.0000
187	-17.7125	785.0000
188	-18.5250	785.0000
189	-19.3375	785.0000
190	-20.1500	785.0000
191	-20.9625	785.0000
192	-21.9375	785.0000
193	-22.7500	787.0000
194	-23.5625	785.0000
195	-24.7000	786.0000
196	-25.3500	785.0000
197	-26.4875	786.0000
198	-27.6250	787.0000
199	-28.4375	788.0000
200	-29.2500	788.0000
201	-30.3875	790.0000
202	-31.5250	791.0000
203	-32.9875	792.0000
204	-33.6375	792.0000
205	-34.7750	793.0000
206	-36.0750	793.0000
207	-37.3750	794.0000
208	-38.3500	794.0000
209	-39.3250	795.0000
210	-40.6250	795.0000
211	-42.0875	796.0000
212	-42.7375	796.0000
213	-43.8750	797.0000
214	-45.1750	797.0000
215	-46.4750	798.0000
216	-47.7750	798.0000
217	-48.5875	798.0000
218	-50.0500	799.0000
219	-51.0250	798.0000
220	-52.4875	800.0000
221	-53.7875	799.0000
222	-54.9250	799.0000
223	-56.2250	799.0000
224	-58.0125	799.0000
225	-58.5000	799.0000
226	-60.6125	800.0000
227	-60.9375	799.0000
228	-62.7250	800.0000
229	-63.7000	800.0000
230	-65.3250	800.0000
231	-66.1375	799.0000
232	-67.7625	801.0000
233	-68.9000	800.0000
234	-70.5250	801.0000
235	-71.5000	800.0000
236	-73.1250	800.0000
237	-74.1000	800.0000
238	-75.7250	801.0000
239	-76.7000	801.0000
240	-78.0000	801.0000
241	-79.4625	801.0000
242	-80.6000	801.0000
243	-81.9000	801.0000
244	-83.3625	801.0000
245	-84.6625	801.0000
246	-85.9625	801.0000
247	-87.4250	802.0000
248	-88.5625	801.0000
249	-90.1875	802.0000
250	-91.3250	801.0000
251	-92.4625	802.0000
252	-93.9250	801.0000
253	-95.5500	801.0000
254	-96.5250	801.0000
255	-97.6625	802.0000
256	-98.9625	801.0000
257	-100.2625	802.0000
258	-101.4000	799.0000
259	-102.5375	802.0000
260	-104.0000	801.0000
261	-105.6250	802.0000
262	-106.1125	801.0000
263	-106.9250	802.0000
264	-108.0625	801.0000
265	-109.6875	801.0000
266	-110.0125	802.0000
267	-110.1750	801.0000
268	-111.1500	802.0000
269	-111.8000	801.0000
270	-112.9375	802.0000
271	-112.7750	801.0000
272	-113.4250	802.0000
273	-113.7500	801.0000
274	-114.4000	802.0000
275	-114.0750	801.0000
276	-114.7250	802.0000
277	-114.7250	801.0000
278	-115.0500	802.0000
279	-115.2125	801.0000
280	-115.3750	802.0000
281	-115.3750	801.0000
282	-115.5375	802.0000
283	-115.5375	801.0000
284	-115.7000	802.0000
285	-115.5375	801.0000
286	-115.7000	802.0000
287	-115.3750	801.0000
288	-115.3750	802.0000
289	-115.0500	801.0000
290	-114.8875	802.0000
291	-114.5625	802.0000
292	-114.5625	802.0000
293	-115.7000	802.0000
294	-115.5375	801.0000
295	-113.7500	802.0000
296	-113.2625	801.0000
297	-112.9375	802.0000
298	-112.4500	801.0000
299	-112.1250	802.0000
300	-111.6375	801.0000
301	-111.3125	802.0000
302	-110.6625	801.0000
303	-110.1750	802.0000
304	-109.6875	801.0000
305	-109.3625	802.0000
306	-108.7125	801.0000
307	-108.2250	802.0000
308	-107.7375	801.0000
309	-107.0875	802.0000
310	-106.6000	802.0000
311	-106.2750	802.0000
312	-105.9500	802.0000
313	-104.6500	802.0000
314	-104.0000	801.0000
315	-103.3500	802.0000
316	-102.5375	802.0000
317	-101.7250	802.0000
318	-101.0750	802.0000
319	-100.4250	801.0000
320	-99.6125	802.0000
321	-98.8000	801.0000
322	-97.9875	802.0000
323	-97.1750	801.0000
324	-96.3625	802.0000
325	-95.5500	801.0000
326	-94.7375	802.0000
327	-93.7625	802.0000
328	-93.4375	802.0000
329	-92.1375	801.0000
330	-91.6500	802.0000
331	-90.3500	801.0000
332	-89.3750	802.0000
333	-88.5625	801.0000
334	-87.5875	802.0000
335	-86.6125	801.0000
336	-85.6375	802.0000
337	-84.6625	801.0000
338	-83.5250	802.0000
339	-82.7125	801.0000
340	-81.5750	802.0000
341	-80.6000	801.0000
342	-79.3000	801.0000
343	-78.3250	802.0000
344	-77.8375	801.0000
345	-76.3750	802.0000
346	-75.2375	801.0000
347	-74.1000	802.0000
348	-73.6125	801.0000
349	-72.3125	802.0000
350	-70.8500	801.0000
351	-69.7125	802.0000
352	-68.7375	801.0000
353	-67.2750	802.0000
354	-66.1375	801.0000
355	-65.0000	802.0000
356	-64.3500	801.0000
357	-62.7250	802.0000
358	-61.2625	801.0000
359	-60.1250	802.0000
360	-58.9875	801.0000
361	-58.5000	801.0000
362	-56.5500	801.0000
363	-55.0875	802.0000
364	-54.1125	801.0000
365	-52.6500	801.0000
366	-51.3500	801.0000
367	-49.8875	801.0000
368	-48.7500	801.0000
369	-47.6125	801.0000
370	-45.9875	801.0000
371	-44.6875	801.0000
372	-43.7125	802.0000
373	-42.0875	801.0000
374	-40.7875	802.0000
375	-39.3250	801.0000
376	-38.1875	802.0000
377	-37.3750	801.0000
378	-35.5875	802.0000
379	-34.1250	801.0000
380	-33.6375	802.0000
381	-31.8500	801.0000
382	-30.5500	802.0000
383	-29.2500	801.0000
384	-28.2750	801.0000
385	-27.1375	801.0000
386	-26.8125	802.0000
387	-25.1875	801.0000
388	-24.3750	801.0000
389	-23.7250	801.0000
390	-23.2375	801.0000
391	-22.5875	801.0000
392	-22.4250	801.0000
393	-22.1000	801.0000
394	-22.1000	801.0000
395	-22.1000	801.0000
396	-20.8000	801.0000
397	-20.6375	801.0000
398	-20.4750	801.0000
399	-20.3125	801.0000
400	-19.9875	801.0000
401	-19.6625	801.0000
402	-20.3125	801.0000
403	-19.5000	801.0000
404	-19.3375	801.0000
405	-19.1750	801.0000
406	-19.3375	800.0000
407	-19.1750	801.0000
408	-18.8500	801.0000
409	-18.8500	801.0000
410	-18.6875	801.0000
411	-19.0125	801.0000
412	-18.5250	800.0000
413	-18.3625	801.0000
414	-18.6875	801.0000
415	-18.6875	801.0000
416	-18.3625	801.0000
417	-18.0375	801.0000
418	-20.4750	801.0000
419	-19.9875	801.0000
420	-18.0375	801.0000
421	-18.0375	801.0000
422	-18.2000	801.0000
423	-17.7125	801.0000
424	-17.8750	801.0000
425	-17.7125	801.0000
426	-17.7125	801.0000
427	-17.7125	801.0000
428	-17.5500	802.0000
429	-17.3875	801.0000
430	-17.5500	801.0000
431	-17.5500	801.0000
432	-17.2250	801.0000
433	-17.5500	801.0000
434	-17.8750	801.0000
435	-17.8750	801.0000
436	-17.5500	801.0000
437	-17.5500	801.0000
438	-17.3875	801.0000
439	-17.3875	801.0000
440	-17.3875	801.0000
441	-17.0625	801.0000
442	-16.9000	801.0000
443	-17.0625	801.0000
444	-16.7375	801.0000
445	-17.0625	801.0000
446	-16.7375	801.0000
447	-17.0625	802.0000
448	-16.9000	801.0000
449	-16.7375	801.0000
450	-16.7375	801.0000
451	-16.7375	801.0000
452	-16.7375	801.0000
453	-16.7375	801.0000
454	-16.5750	802.0000
455	-16.7375	801.0000
456	-16.7375	801.0000
457	-16.7375	801.0000
458	-16.7375	801.0000
459	-16.5750	801.0000
460	-16.7375	801.0000
461	-16.7375	801.0000
462	-16.7375	801.0000
463	-16.5750	801.0000
464	-16.7375	801.0000
465	-16.5750	801.0000
466	-16.5750	801.0000
467	-16.4125	801.0000
468	-16.5750	801.0000
469	-16.2500	801.0000
470	-16.4125	801.0000
471	-16.2500	801.0000
472	-16.5750	801.0000
473	-16.4125	801.0000
474	-16.2500	801.0000
475	-16.2500	801.0000
476	-16.4125	802.0000
477	-16.5750	801.0000
478	-16.4125	801.0000
479	-16.2500	801.0000
480	-16.5750	801.0000
481	-16.2500	801.0000
482	-16.2500	801.0000
483	-16.0875	801.0000
484	-16.2500	801.0000
485	-16.0875	801.0000
486	-16.2500	802.0000
487	-16.2500	801.0000
488	-15.9250	801.0000
489	-17.0625	801.0000
490	-16.0875	801.0000
491	-16.0875	801.0000
492	-15.9250	801.0000
493	-16.4125	801.0000
494	-16.4125	801.0000
495	-16.2500	801.0000
496	-16.0875	801.0000
497	-16.2500	801.0000
498	-16.0875	801.0000
499	-15.9250	801.0000
500	-15.9250	800.0000
501	-16.0875	801.0000
502	-16.2500	800.0000
503	-15.9250	801.0000
504	-15.9250	801.0000
505	-16.2500	801.0000
506	-16.2500	802.0000
507	-15.9250	801.0000
508	-15.6000	801.0000
509	-15.6000	801.0000
510	-15.9250	801.0000
511	-15.6000	801.0000
512	-15.7625	800.0000
513	-15.4375	801.0000
514	-15.7625	801.0000
515	-15.6000	801.0000
516	-15.6000	801.0000
517	-15.6000	801.0000
518	-15.9250	801.0000
519	-15.2750	801.0000
520	-15.7625	801.0000
521	-15.6000	801.0000
522	-15.9250	801.0000
523	-15.6000	801.0000
524	-15.6000	801.0000
525	-15.6000	801.0000
526	-15.9250	801.0000
527	-15.7625	801.0000
528	-15.9250	801.0000
529	-15.7625	801.0000
530	-15.7625	801.0000
531	-15.6000	801.0000
532	-15.6000	801.0000
533	-15.6000	801.0000
534	-16.2500	801.0000
535	-16.9000	801.0000
536	-16.0875	801.0000
537	-15.9250	801.0000
538	-15.9250	801.0000
539	-15.9250	801.0000
540	-15.9250	801.0000
541	-17.8750	801.0000
542	-15.6000	801.0000
543	-17.7125	801.0000
544	-16.2500	801.0000
545	-15.6000	801.0000
546	-15.6000	801.0000
547	-15.7625	801.0000
548	-16.2500	801.0000
549	-17.3875	801.0000
550	-15.6000	801.0000
551	-15.4375	802.0000
552	-16.7375	801.0000
553	-15.7625	801.0000
554	-15.4375	801.0000
555	-15.7625	801.0000
556	-15.6000	801.0000
557	-15.4375	801.0000
558	-15.4375	800.0000
559	-15.4375	801.0000
560	-15.6000	801.0000
561	-15.2750	801.0000
562	-15.2750	801.0000
563	-15.1125	801.0000
564	-15.4375	801.0000
565	-14.9500	801.0000
566	-15.4375	801.0000
567	-15.2750	801.0000
568	-15.2750	801.0000
569	-15.1125	801.0000
570	-15.1125	801.0000
571	-14.9500	801.0000
572	-15.1125	801.0000
573	-14.9500	801.0000
574	-14.9500	801.0000
575	-14.9500	800.0000
576	-15.1125	801.0000
577	-14.7875	800.0000
578	-14.7875	798.0000
579	-14.6250	801.0000
580	-14.7875	801.0000
581	-14.7875	801.0000
582	-14.7875	801.0000
583	-14.7875	800.0000
584	-14.7875	801.0000
585	-14.7875	800.0000
586	-14.7875	801.0000
587	-14.6250	801.0000
588	-14.6250	801.0000
589	-14.4625	801.0000
590	-14.7875	801.0000
591	-14.6250	801.0000
592	-14.6250	801.0000
593	-14.6250	801.0000
594	-14.6250	801.0000
595	-14.4625	801.0000
596	-14.4625	801.0000
597	-14.4625	801.0000
598	-14.4625	801.0000
599	-14.4625	801.0000
600	-14.3000	800.0000
601	-14.4625	801.0000
602	-14.3000	800.0000
603	-14.3000	801.0000
604	-14.1375	800.0000
605	-14.1375	802.0000
606	-14.3000	801.0000
607	-14.4625	801.0000
608	-14.1375	801.0000
609	-14.3000	801.0000
610	-14.3000	801.0000
611	-13.9750	801.0000
612	-14.1375	801.0000
613	-13.9750	801.0000
614	-13.9750	801.0000
615	-13.9750	801.0000
616	-14.1375	801.0000
617	-13.9750	801.0000
618	-15.6000	801.0000
619	-14.1375	801.0000
620	-13.9750	801.0000
621	-13.8125	801.0000
622	-13.8125	801.0000
623	-13.8125	801.0000
624	-13.6500	801.0000
625	-13.6500	801.0000
626	-13.8125	801.0000
627	-13.4875	801.0000
628	-13.6500	801.0000
629	-13.4875	801.0000
630	-13.6500	802.0000
631	-13.1625	801.0000
632	-13.3250	801.0000
633	-13.3250	801.0000
634	-13.3250	801.0000
635	-13.1625	801.0000
636	-13.1625	801.0000
637	-13.1625	800.0000
638	-13.1625	801.0000
639	-13.0000	801.0000
640	-13.0000	801.0000
641	-13.1625	801.0000
642	-13.0000	801.0000
643	-13.4875	801.0000
644	-13.0000	801.0000
645	-13.0000	801.0000
646	-13.3250	801.0000
647	-12.8375	801.0000
648	-12.5125	801.0000
649	-12.6750	802.0000
650	-12.3500	800.0000
651	-12.3500	801.0000
652	-12.1875	800.0000
653	-12.3500	801.0000
654	-12.1875	801.0000
655	-12.1875	801.0000
656	-12.0250	801.0000
657	-12.1875	801.0000
658	-11.7000	800.0000
659	-11.8625	801.0000
660	-11.5375	801.0000
661	-11.5375	801.0000
662	-11.7000	800.0000
663	-11.7000	801.0000
664	-11.7000	801.0000
665	-11.3750	801.0000
666	-11.2125	801.0000
667	-12.0250	801.0000
668	-13.4875	801.0000
669	-11.8625	801.0000
670	-10.7250	801.0000
671	-10.4000	801.0000
672	-10.4000	801.0000
673	-9.9125	801.0000
674	-9.7500	801.0000
675	-9.2625	801.0000
676	-8.9375	801.0000
677	-8.4500	800.0000
678	-8.2875	801.0000
679	-7.8000	801.0000
680	-7.3125	801.0000
681	-6.8250	801.0000
682	-6.5000	801.0000
683	-6.0125	801.0000
684	-5.5250	801.0000
685	-4.8750	801.0000
686	-4.2250	801.0000
687	-3.7375	800.0000
688	-3.0875	800.0000
689	-2.6000	801.0000
690	-1.9500	801.0000
691	-1.3000	801.0000
692	-0.4875	801.0000
693	0.0000	801.0000
694	1.1375	801.0000
695	1.6250	801.0000
696	2.2750	801.0000
697	3.0875	801.0000
698	4.0625	800.0000
699	4.5500	799.0000
700	5.5250	797.0000
701	6.3375	797.0000
702	6.9875	796.0000
703	8.1250	796.0000
704	9.1000	794.0000
705	9.7500	794.0000
706	10.8875	793.0000
707	12.0250	793.0000
708	12.8375	792.0000
709	13.6500	792.0000
710	14.6250	791.0000
711	15.9250	791.0000
712	16.9000	790.0000
713	17.5500	790.0000
714	18.8500	790.0000
715	19.9875	789.0000
716	20.8000	789.0000
717	21.9375	789.0000
718	22.9125	788.0000
719	24.2125	788.0000
720	25.3500	788.0000
721	26.6500	787.0000
722	27.4625	788.0000
723	28.9250	786.0000
724	30.0625	787.0000
725	30.7125	786.0000
726	32.3375	787.0000
727	33.6375	787.0000
728	34.6125	787.0000
729	35.9125	786.0000
730	37.0500	787.0000
731	38.5125	786.0000
732	39.6500	787.0000
733	40.7875	786.0000
734	41.9250	786.0000
735	43.0625	786.0000
736	44.8500	786.0000
737	46.1500	785.0000
738	47.4500	786.0000
739	48.4250	785.0000
740	49.8875	786.0000
741	51.0250	785.0000
742	52.3250	785.0000
743	53.6250	785.0000
744	55.0875	785.0000
745	56.2250	785.0000
746	57.8500	785.0000
747	58.8250	785.0000
748	60.4500	785.0000
749	61.5875	786.0000
750	62.8875	785.0000
751	64.1875	786.0000
752	65.6500	785.0000
753	66.7875	786.0000
754	68.2500	785.0000
755	69.5500	785.0000
756	70.6875	785.0000
757	72.3125	786.0000
758	73.4500	785.0000
759	74.9125	785.0000
760	76.2125	785.0000
761	77.6750	785.0000
762	78.8125	785.0000
763	80.1125	785.0000
764	81.2500	785.0000
765	82.7125	785.0000
766	83.8500	785.0000
767	85.3125	785.0000
768	85.8000	785.0000
769	88.2375	785.0000
770	89.3750	785.0000
771	88.4000	785.0000
772	91.6500	785.0000
773	93.1125	785.0000
774	93.9250	786.0000
775	95.0625	785.0000
776	95.8750	785.0000
777	96.8500	785.0000
778	97.5000	786.0000
779	98.1500	785.0000
780	98.4750	785.0000
781	99.1250	785.0000
782	99.7750	786.0000
783	100.4250	785.0000
784	100.9125	785.0000
785	101.4000	785.0000
786	102.0500	785.0000
787	102.2125	785.0000
788	102.5375	785.0000
789	103.1875	785.0000
790	103.3500	785.0000
791	103.1875	785.0000
792	102.8625	785.0000
793	102.7000	785.0000
794	101.8875	785.0000
795	103.8375	785.0000
796	103.5125	785.0000
797	103.5125	785.0000
798	103.5125	785.0000
799	103.5125	785.0000
800	103.3500	785.0000
801	103.0250	785.0000
802	103.0250	785.0000
803	102.7000	785.0000
804	102.7000	785.0000
805	102.2125	785.0000
806	101.8875	785.0000
807	101.7250	786.0000
808	101.4000	785.0000
809	101.2375	785.0000
810	100.9125	785.0000
811	100.4250	785.0000
812	99.9375	785.0000
813	99.6125	785.0000
814	98.9625	785.0000
815	98.8000	785.0000
816	98.1500	785.0000
817	97.5000	785.0000
818	96.5250	785.0000
819	96.6875	785.0000
820	96.0375	785.0000
821	94.7375	785.0000
822	94.5750	785.0000
823	94.2500	787.0000
824	93.4375	785.0000
825	92.7875	785.0000
826	92.3000	785.0000
827	91.8125	785.0000
828	90.8375	785.0000
829	90.1875	785.0000
830	89.5375	787.0000
831	89.0500	785.0000
832	88.0750	785.0000
833	86.2875	785.0000
834	86.1250	785.0000
835	85.4750	785.0000
836	84.6625	785.0000
837	83.3625	784.0000
838	83.0375	785.0000
839	82.2250	785.0000
840	81.4125	785.0000
841	80.1125	785.0000
842	79.4625	785.0000
843	78.6500	785.0000
844	77.6750	785.0000
845	76.5375	785.0000
846	75.7250	785.0000
847	74.5875	785.0000
848	73.2875	785.0000
849	72.6375	787.0000
850	71.6625	785.0000
851	71.0125	785.0000
852	70.0375	784.0000
853	68.7375	785.0000
854	67.6000	785.0000
855	66.6250	789.0000
856	65.4875	785.0000
857	64.3500	785.0000
858	63.3750	785.0000
859	62.0750	785.0000
860	60.7750	784.0000
861	59.6375	786.0000
862	58.5000	785.0000
863	57.5250	785.0000
864	56.2250	784.0000
865	55.0875	785.0000
866	53.3000	785.0000
867	52.6500	785.0000
868	51.6750	785.0000
869	50.5375	785.0000
870	49.0750	785.0000
871	47.9375	785.0000
872	46.4750	785.0000
873	45.3375	785.0000
874	44.0375	785.0000
875	42.4125	785.0000
876	41.1125	785.0000
877	40.3000	785.0000
878	38.6750	785.0000
879	37.2125	785.0000
880	36.0750	785.0000
881	34.9375	785.0000
882	33.6375	785.0000
883	31.0375	785.0000
884	30.8750	785.0000
885	29.7375	785.0000
886	28.2750	785.0000
887	26.9750	785.0000
888	25.3500	785.0000
889	24.2125	784.0000
890	23.0750	785.0000
891	21.4500	785.0000
892	20.3125	785.0000
893	19.1750	785.0000
894	17.7125	785.0000
895	16.5750	785.0000
896	14.9500	785.0000
897	14.1375	785.0000
898	13.1625	784.0000
899	12.3500	785.0000
900	11.8625	784.0000
901	11.0500	785.0000
902	10.5625	784.0000
903	10.0750	785.0000
904	9.5875	781.0000
905	9.4250	785.0000
906	8.6125	785.0000
907	8.7750	785.0000
908	8.2875	785.0000
909	8.2875	785.0000
910	7.9625	785.0000
911	7.8000	785.0000
912	7.3125	784.0000
913	7.3125	785.0000
914	6.6625	784.0000
915	7.1500	785.0000
916	6.8250	784.0000
917	6.6625	785.0000
918	3.5750	785.0000
919	-8.4500	785.0000
920	-1.9500	785.0000
921	5.5250	785.0000
922	5.6875	785.0000
923	6.0125	784.0000
924	5.8500	785.0000
925	5.6875	784.0000
926	5.5250	785.0000
927	5.8500	784.0000
928	5.8500	785.0000
929	5.8500	785.0000
930	5.5250	785.0000
931	5.8500	784.0000
932	5.8500	785.0000
933	5.3625	785.0000
934	5.3625	785.0000
935	5.5250	784.0000
936	5.3625	785.0000
937	4.7125	784.0000
938	5.2000	785.0000
939	5.0375	785.0000
940	4.7125	785.0000
941	4.3875	784.0000
942	4.8750	784.0000
943	4.7125	784.0000
944	4.8750	785.0000
945	4.3875	785.0000
946	4.8750	785.0000
947	4.8750	785.0000
948	4.5500	785.0000
949	4.7125	785.0000
950	4.5500	785.0000
951	4.5500	785.0000
952	4.5500	784.0000
953	4.3875	785.0000
954	4.0625	785.0000
955	4.5500	785.0000
956	4.3875	784.0000
957	4.3875	785.0000
958	4.3875	784.0000
959	4.3875	785.0000
960	4.2250	785.0000
961	4.3875	785.0000
962	4.0625	784.0000
963	4.2250	785.0000
964	4.5500	784.0000
965	4.3875	785.0000
966	4.0625	785.0000
967	4.2250	785.0000
968	4.2250	785.0000
969	4.2250	785.0000
970	3.9000	785.0000
971	4.2250	785.0000
972	3.9000	785.0000
973	4.0625	785.0000
974	3.7375	785.0000
975	4.0625	785.0000
976	3.9000	785.0000
977	3.9000	784.0000
978	3.9000	785.0000
979	3.7375	784.0000
980	3.9000	785.0000
981	3.9000	785.0000
982	3.4125	785.0000
983	2.9250	784.0000
984	3.5750	785.0000
985	3.7375	784.0000
986	3.5750	783.0000
987	3.4125	785.0000
988	3.7375	785.0000
989	3.5750	784.0000
990	3.7375	785.0000
991	3.4125	784.0000
992	3.7375	785.0000
993	3.5750	785.0000
994	3.5750	785.0000
995	3.5750	785.0000
996	3.4125	784.0000
997	3.5750	785.0000
998	2.9250	785.0000
999	3.5750	785.0000
1000	3.4125	785.0000
1001	3.4125	785.0000
1002	3.4125	785.0000
1003	3.2500	785.0000
1004	3.5750	784.0000
1005	3.0875	785.0000
1006	3.4125	784.0000
1007	3.4125	785.0000
1008	3.4125	784.0000
1009	3.2500	785.0000
1010	3.0875	784.0000
1011	3.0875	785.0000
1012	3.4125	784.0000
1013	3.2500	785.0000
1014	2.4375	784.0000
1015	3.0875	785.0000
1016	1.7875	784.0000
1017	2.9250	785.0000
1018	1.1375	785.0000
1019	3.0875	785.0000
1020	2.7625	785.0000
1021	2.4375	784.0000
1022	2.9250	785.0000
1023	3.2500	786.0000
#8328
0	2.2750	784.0000
1	2.2750	785.0000
2	2.9250	785.0000
3	3.2500	785.0000
4	-4.7125	785.0000
5	1.3000	785.0000
6	2.4375	785.0000
7	2.4375	785.0000
8	2.4375	785.0000
9	2.6000	784.0000
10	2.6000	785.0000
11	2.6000	784.0000
12	2.4375	785.0000
13	2.6000	784.0000
14	2.2750	785.0000
15	2.6000	784.0000
16	2.4375	785.0000
17	2.6000	784.0000
18	2.6000	785.0000
19	2.6000	785.0000
20	2.4375	785.0000
21	2.6000	784.0000
22	2.4375	785.0000
23	2.2750	785.0000
24	2.4375	785.0000
25	2.4375	784.0000
26	2.4375	785.0000
27	2.4375	784.0000
28	2.4375	785.0000
29	2.4375	785.0000
30	2.4375	784.0000
31	2.4375	784.0000
32	2.4375	784.0000
33	2.2750	785.0000
34	2.4375	784.0000
35	2.4375	785.0000
36	2.4375	786.0000
37	1.1375	785.0000
38	2.4375	784.0000
39	2.2750	785.0000
40	2.2750	784.0000
41	2.4375	785.0000
42	2.2750	784.0000
43	2.2750	785.0000
44	2.4375	784.0000
45	2.2750	785.0000
46	2.2750	784.0000
47	2.2750	785.0000
48	2.1125	785.0000
49	2.2750	785.0000
50	2.2750	785.0000
51	2.2750	785.0000
52	2.1125	785.0000
53	2.2750	785.0000
54	2.1125	785.0000
55	2.1125	785.0000
56	1.9500	785.0000
57	2.1125	784.0000
58	1.9500	785.0000
59	2.1125	784.0000
60	1.9500	785.0000
61	2.1125	784.0000
62	1.9500	785.0000
63	1.9500	784.0000
64	1.9500	785.0000
65	2.1125	784.0000
66	2.2750	785.0000
67	2.6000	784.0000
68	2.4375	785.0000
69	2.1125	785.0000
70	2.2750	785.0000
71	2.2750	784.0000
72	2.1125	785.0000
73	2.2750	785.0000
74	1.6250	785.0000
75	2.4375	784.0000
76	0.9750	785.0000
77	2.1125	785.0000
78	1.3000	785.0000
79	1.9500	783.0000
80	2.1125	784.0000
81	2.1125	785.0000
82	2.1125	785.0000
83	1.6250	785.0000
84	1.3000	784.0000
85	2.1125	785.0000
86	1.9500	784.0000
87	2.1125	785.0000
88	1.7875	784.0000
89	1.4625	785.0000
90	1.7875	784.0000
91	1.1375	785.0000
92	1.7875	784.0000
93	1.6250	785.0000
94	1.6250	784.0000
95	1.3000	785.0000
96	1.6250	784.0000
97	1.4625	785.0000
98	1.6250	785.0000
99	1.4625	785.0000
100	1.6250	784.0000
101	1.6250	785.0000
102	1.4625	785.0000
103	1.4625	785.0000
104	1.4625	785.0000
105	0.9750	784.0000
106	0.9750	785.0000
107	1.3000	785.0000
108	0.9750	785.0000
109	1.3000	784.0000
110	1.1375	785.0000
111	0.9750	784.0000
112	0.9750	785.0000
113	1.1375	785.0000
114	0.8125	785.0000
115	1.1375	784.0000
116	0.6500	785.0000
117	1.1375	784.0000
118	0.8125	785.0000
119	1.1375	785.0000
120	0.4875	785.0000
121	0.9750	785.0000
122	0.8125	785.0000
123	0.6500	785.0000
124	0.8125	785.0000
125	0.8125	785.0000
126	0.6500	785.0000
127	-0.3250	785.0000
128	-0.4875	785.0000
129	0.3250	785.0000
130	0.3250	785.0000
131	0.4875	785.0000
132	0.4875	785.0000
133	0.1625	785.0000
134	0.0000	785.0000
135	-0.3250	785.0000
136	0.0000	783.0000
137	-0.1625	785.0000
138	0.1625	785.0000
139	-0.1625	785.0000
140	-0.6500	784.0000
141	-0.6500	785.0000
142	-0.4875	785.0000
143	-0.4875	785.0000
144	-0.4875	782.0000
145	-0.6500	785.0000
146	-0.4875	784.0000
147	-0.4875	785.0000
148	-0.6500	785.0000
149	-0.9750	785.0000
150	-0.9750	785.0000
151	-1.1375	785.0000
152	-1.4625	785.0000
153	-1.3000	785.0000
154	-1.6250	785.0000
155	-1.4625	785.0000
156	-1.7875	785.0000
157	-2.1125	785.0000
158	-2.2750	785.0000
159	-2.2750	784.0000
160	-2.9250	785.0000
161	-3.2500	784.0000
162	-3.5750	785.0000
163	-3.4125	784.0000
164	-4.0625	785.0000
165	-4.3875	784.0000
166	-4.8750	785.0000
167	-5.3625	785.0000
168	-5.8500	785.0000
169	-6.3375	784.0000
170	-6.6625	785.0000
171	-7.1500	785.0000
172	-7.9625	785.0000
173	-8.4500	788.0000
174	-8.7750	785.0000
175	-9.4250	784.0000
176	-10.2375	785.0000
177	-10.5625	785.0000
178	-11.2125	785.0000
179	-11.8625	785.0000
180	-13.0000	785.0000
181	-13.3250	785.0000
182	-13.8125	784.0000
183	-14.6250	785.0000
184	-15.6000	785.0000
185	-16.2500	786.0000
186	-16.9000	785.0000
187	-17.8750	785.0000
188	-18.3625	784.0000
189	-19.3375	785.0000
190	-20.3125	785.0000
191	-21.6125	785.0000
192	-22.1000	784.0000
193	-23.2375	785.0000
194	-23.8875	784.0000
195	-25.1875	786.0000
196	-25.6750	785.0000
197	-26.4875	786.0000
198	-27.7875	786.0000
199	-28.9250	788.0000
200	-29.7375	788.0000
201	-31.0375	789.0000
202	-31.8500	790.0000
203	-32.8250	791.0000
204	-33.9625	792.0000
205	-34.9375	792.0000
206	-36.2375	793.0000
207	-37.2125	793.0000
208	-38.5125	795.0000
209	-39.3250	794.0000
210	-40.6250	795.0000
211	-41.7625	795.0000
212	-43.5500	797.0000
213	-43.8750	796.0000
214	-46.6375	797.0000
215	-46.4750	796.0000
216	-47.7750	798.0000
217	-48.7500	797.0000
218	-50.0500	798.0000
219	-51.1875	798.0000
220	-52.6500	799.0000
221	-53.4625	798.0000
222	-55.0875	799.0000
223	-56.2250	799.0000
224	-57.5250	799.0000
225	-58.8250	799.0000
226	-60.1250	799.0000
227	-61.1000	799.0000
228	-62.4000	799.0000
229	-64.1875	799.0000
230	-65.0000	799.0000
231	-67.2750	800.0000
232	-67.7625	800.0000
233	-68.9000	800.0000
234	-70.0375	799.0000
235	-71.3375	801.0000
236	-72.8000	800.0000
237	-74.1000	800.0000
238	-75.7250	800.0000
239	-76.7000	801.0000
240	-78.0000	800.0000
241	-79.7875	801.0000
242	-80.7625	800.0000
243	-81.7375	801.0000
244	-83.3625	800.0000
245	-84.8250	801.0000
246	-85.9625	801.0000
247	-87.1000	801.0000
248	-88.5625	801.0000
249	-89.8625	801.0000
250	-91.1625	800.0000
251	-92.4625	802.0000
252	-95.5500	801.0000
253	-95.7125	801.0000
254	-96.6875	801.0000
255	-97.8250	802.0000
256	-98.9625	801.0000
257	-100.1000	801.0000
258	-101.5625	801.0000
259	-102.5375	800.0000
260	-103.8375	801.0000
261	-104.9750	801.0000
262	-105.9500	801.0000
263	-106.7625	801.0000
264	-108.2250	801.0000
265	-108.5500	801.0000
266	-109.3625	801.0000
267	-110.1750	801.0000
268	-111.3125	801.0000
269	-111.4750	801.0000
270	-112.2875	801.0000
271	-112.6125	801.0000
272	-113.4250	801.0000
273	-113.5875	801.0000
274	-113.9125	801.0000
275	-114.0750	801.0000
276	-114.4000	801.0000
277	-114.7250	801.0000
278	-115.0500	801.0000
279	-115.2125	801.0000
280	-115.2125	801.0000
281	-115.3750	801.0000
282	-115.3750	801.0000
283	-115.3750	801.0000
284	-115.5375	801.0000
285	-115.3750	802.0000
286	-115.3750	801.0000
287	-115.2125	801.0000
288	-115.2125	801.0000
289	-114.8875	801.0000
290	-114.5625	801.0000
291	-114.7250	802.0000
292	-114.2375	801.0000
293	-114.0750	801.0000
294	-113.7500	801.0000
295	-113.4250	801.0000
296	-113.2625	801.0000
297	-112.7750	802.0000
298	-112.4500	801.0000
299	-111.9625	801.0000
300	-111.6375	801.0000
301	-111.1500	801.0000
302	-110.6625	801.0000
303	-110.3375	801.0000
304	-109.8500	801.0000
305	-109.3625	801.0000
306	-108.7125	802.0000
307	-108.5500	801.0000
308	-107.5750	801.0000
309	-106.7625	801.0000
310	-106.4375	802.0000
311	-105.7875	801.0000
312	-105.1375	802.0000
313	-104.4875	801.0000
314	-104.0000	801.0000
315	-103.3500	801.0000
316	-102.5375	802.0000
317	-101.5625	801.0000
318	-100.9125	802.0000
319	-100.2625	801.0000
320	-99.6125	801.0000
321	-98.8000	801.0000
322	-98.1500	801.0000
323	-97.1750	801.0000
324	-96.2000	801.0000
325	-95.5500	801.0000
326	-95.2250	802.0000
327	-93.7625	801.0000
328	-92.9500	801.0000
329	-92.1375	801.0000
330	-91.6500	801.0000
331	-90.3500	801.0000
332	-89.2125	801.0000
333	-88.5625	801.0000
334	-87.5875	801.0000
335	-86.6125	801.0000
336	-85.6375	799.0000
337	-84.6625	801.0000
338	-83.6875	801.0000
339	-82.7125	801.0000
340	-81.7375	801.0000
341	-80.6000	801.0000
342	-79.7875	801.0000
343	-78.4875	801.0000
344	-77.3500	801.0000
345	-76.8625	802.0000
346	-75.2375	801.0000
347	-74.1000	801.0000
348	-73.1250	801.0000
349	-71.8250	801.0000
350	-71.1750	801.0000
351	-69.5500	801.0000
352	-68.9000	801.0000
353	-67.4375	801.0000
354	-65.8125	801.0000
355	-64.5125	801.0000
356	-63.8625	800.0000
357	-62.5625	801.0000
358	-61.2625	801.0000
359	-59.9625	801.0000
360	-58.8250	801.0000
361	-57.5250	801.0000
362	-56.0625	802.0000
363	-54.7625	801.0000
364	-54.1125	801.0000
365	-52.1625	800.0000
366	-51.0250	801.0000
367	-49.5625	801.0000
368	-49.0750	801.0000
369	-47.2875	800.0000
370	-45.8250	801.0000
371	-44.5250	800.0000
372	-43.7125	801.0000
373	-41.7625	801.0000
374	-40.7875	801.0000
375	-39.1625	800.0000
376	-38.0250	801.0000
377	-38.8375	801.0000
378	-37.7000	801.0000
379	-34.1250	801.0000
380	-32.9875	800.0000
381	-32.0125	801.0000
382	-30.3875	801.0000
383	-29.2500	801.0000
384	-27.7875	800.0000
385	-26.8125	800.0000
386	-25.6750	800.0000
387	-24.8625	801.0000
388	-24.0500	801.0000
389	-23.8875	801.0000
390	-22.9125	800.0000
391	-22.7500	802.0000
392	-22.1000	800.0000
393	-22.1000	801.0000
394	-21.4500	800.0000
395	-21.2875	801.0000
396	-20.9625	801.0000
397	-20.8000	801.0000
398	-20.4750	800.0000
399	-20.1500	801.0000
400	-20.1500	800.0000
401	-19.8250	801.0000
402	-19.6625	801.0000
403	-19.6625	801.0000
404	-19.3375	801.0000
405	-19.1750	801.0000
406	-19.3375	801.0000
407	-19.0125	800.0000
408	-18.8500	801.0000
409	-18.5250	800.0000
410	-19.0125	801.0000
411	-18.5250	801.0000
412	-18.5250	801.0000
413	-18.2000	800.0000
414	-18.5250	801.0000
415	-18.5250	800.0000
416	-18.2000	801.0000
417	-18.2000	801.0000
418	-18.0375	801.0000
419	-17.8750	800.0000
420	-17.7125	801.0000
421	-17.7125	800.0000
422	-17.8750	801.0000
423	-17.7125	801.0000
424	-17.5500	801.0000
425	-17.7125	800.0000
426	-17.8750	801.0000
427	-17.7125	801.0000
428	-17.3875	801.0000
429	-17.5500	801.0000
430	-17.3875	801.0000
431	-17.8750	801.0000
432	-17.2250	801.0000
433	-17.3875	801.0000
434	-17.0625	801.0000
435	-17.7125	801.0000
436	-17.2250	801.0000
437	-17.0625	801.0000
438	-17.0625	800.0000
439	-17.0625	803.0000
440	-17.0625	801.0000
441	-17.0625	801.0000
442	-17.0625	800.0000
443	-17.0625	801.0000
444	-16.9000	800.0000
445	-17.0625	801.0000
446	-16.9000	800.0000
447	-16.9000	801.0000
448	-16.9000	800.0000
449	-16.7375	801.0000
450	-16.7375	799.0000
451	-16.7375	801.0000
452	-17.2250	800.0000
453	-16.4125	801.0000
454	-16.5750	801.0000
455	-16.5750	801.0000
456	-16.7375	801.0000
457	-16.5750	800.0000
458	-16.5750	801.0000
459	-16.4125	801.0000
460	-17.3875	801.0000
461	-16.4125	800.0000
462	-16.4125	801.0000
463	-16.4125	801.0000
464	-16.9000	801.0000
465	-16.4125	800.0000
466	-16.2500	801.0000
467	-16.0875	800.0000
468	-16.4125	801.0000
469	-16.2500	800.0000
470	-16.4125	801.0000
471	-16.7375	800.0000
472	-16.7375	801.0000
473	-16.2500	800.0000
474	-16.4125	801.0000
475	-16.5750	801.0000
476	-16.2500	801.0000
477	-16.5750	800.0000
478	-16.4125	800.0000
479	-16.9000	801.0000
480	-16.2500	800.0000
481	-16.0875	801.0000
482	-16.5750	800.0000
483	-16.2500	801.0000
484	-16.2500	800.0000
485	-16.0875	801.0000
486	-16.0875	800.0000
487	-16.2500	801.0000
488	-15.9250	800.0000
489	-16.0875	801.0000
490	-15.9250	800.0000
491	-15.9250	801.0000
492	-16.0875	800.0000
493	-15.9250	801.0000
494	-15.9250	800.0000
495	-16.0875	801.0000
496	-15.9250	800.0000
497	-15.9250	801.0000
498	-15.9250	800.0000
499	-15.7625	801.0000
500	-15.9250	800.0000
501	-16.2500	801.0000
502	-17.2250	801.0000
503	-16.2500	801.0000
504	-17.7125	800.0000
505	-16.9000	801.0000
506	-18.0375	801.0000
507	-16.0875	800.0000
508	-16.2500	801.0000
509	-16.0875	803.0000
510	-16.4125	801.0000
511	-16.0875	800.0000
512	-16.0875	801.0000
513	-15.4375	800.0000
514	-15.6000	801.0000
515	-15.2750	800.0000
516	-15.6000	801.0000
517	-15.6000	800.0000
518	-15.7625	801.0000
519	-15.4375	800.0000
520	-15.6000	801.0000
521	-15.6000	800.0000
522	-15.6000	801.0000
523	-15.4375	800.0000
524	-15.6000	801.0000
525	-15.6000	800.0000
526	-15.6000	801.0000
527	-15.6000	801.0000
528	-15.7625	800.0000
529	-15.6000	801.0000
530	-15.6000	801.0000
531	-15.7625	801.0000
532	-15.4375	800.0000
533	-15.6000	801.0000
534	-15.9250	800.0000
535	-15.7625	801.0000
536	-15.6000	800.0000
537	-15.9250	801.0000
538	-15.9250	800.0000
539	-15.7625	801.0000
540	-15.6000	800.0000
541	-16.0875	801.0000
542	-15.7625	800.0000
543	-15.6000	801.0000
544	-15.4375	800.0000
545	-15.7625	801.0000
546	-15.4375	800.0000
547	-15.4375	801.0000
548	-15.4375	800.0000
549	-16.2500	799.0000
550	-15.4375	800.0000
551	-15.4375	801.0000
552	-15.6000	801.0000
553	-15.1125	800.0000
554	-15.2750	801.0000
555	-14.9500	800.0000
556	-15.4375	801.0000
557	-14.9500	800.0000
558	-15.1125	801.0000
559	-15.1125	800.0000
560	-15.4375	801.0000
561	-14.9500	800.0000
562	-15.2750	801.0000
563	-15.2750	800.0000
564	-15.2750	800.0000
565	-15.2750	800.0000
566	-15.2750	801.0000
567	-15.2750	800.0000
568	-15.9250	801.0000
569	-15.1125	800.0000
570	-15.1125	801.0000
571	-15.2750	800.0000
572	-14.9500	801.0000
573	-14.9500	800.0000
574	-14.9500	801.0000
575	-14.9500	800.0000
576	-14.9500	801.0000
577	-14.9500	800.0000
578	-14.6250	800.0000
579	-14.9500	801.0000
580	-14.7875	800.0000
581	-14.7875	801.0000
582	-14.6250	800.0000
583	-14.9500	801.0000
584	-14.9500	800.0000
585	-14.9500	801.0000
586	-14.6250	800.0000
587	-14.7875	801.0000
588	-14.7875	800.0000
589	-14.9500	801.0000
590	-14.6250	800.0000
591	-14.9500	801.0000
592	-14.6250	800.0000
593	-14.7875	801.0000
594	-14.6250	800.0000
595	-14.6250	801.0000
596	-14.6250	800.0000
597	-14.4625	801.0000
598	-14.4625	800.0000
599	-14.4625	801.0000
600	-14.6250	800.0000
601	-14.3000	801.0000
602	-14.6250	801.0000
603	-14.1375	800.0000
604	-14.4625	801.0000
605	-14.3000	800.0000
606	-14.9500	801.0000
607	-14.4625	800.0000
608	-14.4625	801.0000
609	-14.3000	800.0000
610	-14.1375	801.0000
611	-13.9750	800.0000
612	-14.1375	801.0000
613	-14.4625	800.0000
614	-14.4625	801.0000
615	-14.1375	800.0000
616	-14.1375	801.0000
617	-14.3000	800.0000
618	-14.7875	801.0000
619	-14.1375	800.0000
620	-13.9750	801.0000
621	-14.6250	800.0000
622	-13.6500	801.0000
623	-13.6500	801.0000
624	-13.6500	800.0000
625	-13.9750	801.0000
626	-13.4875	801.0000
627	-15.4375	800.0000
628	-13.6500	800.0000
629	-13.8125	801.0000
630	-13.6500	800.0000
631	-13.4875	801.0000
632	-13.3250	800.0000
633	-13.6500	801.0000
634	-13.3250	800.0000
635	-13.3250	801.0000
636	-13.1625	800.0000
637	-13.6500	801.0000
638	-13.3250	802.0000
639	-13.0000	801.0000
640	-13.0000	800.0000
641	-13.0000	801.0000
642	-13.3250	800.0000
643	-12.8375	801.0000
644	-13.0000	800.0000
645	-12.8375	801.0000
646	-13.0000	800.0000
647	-12.8375	801.0000
648	-13.1625	800.0000
649	-12.3500	800.0000
650	-12.5125	800.0000
651	-12.3500	800.0000
652	-12.6750	800.0000
653	-12.3500	800.0000
654	-12.5125	801.0000
655	-12.0250	800.0000
656	-12.3500	801.0000
657	-11.8625	800.0000
658	-11.8625	801.0000
659	-11.7000	800.0000
660	-11.7000	801.0000
661	-11.5375	800.0000
662	-11.7000	801.0000
663	-11.3750	800.0000
664	-11.7000	801.0000
665	-11.3750	800.0000
666	-11.3750	801.0000
667	-11.2125	800.0000
668	-11.0500	801.0000
669	-10.5625	800.0000
670	-10.5625	801.0000
671	-10.7250	800.0000
672	-10.2375	801.0000
673	-9.7500	800.0000
674	-9.2625	800.0000
675	-9.4250	800.0000
676	-9.4250	800.0000
677	-8.2875	800.0000
678	-7.8000	800.0000
679	-7.6375	801.0000
680	-7.1500	800.0000
681	-6.6625	800.0000
682	-6.0125	800.0000
683	-5.6875	801.0000
684	-5.3625	800.0000
685	-4.8750	801.0000
686	-3.9000	800.0000
687	-3.5750	798.0000
688	-3.0875	800.0000
689	-2.4375	801.0000
690	-1.6250	800.0000
691	-1.6250	801.0000
692	-0.4875	800.0000
693	0.1625	801.0000
694	0.9750	800.0000
695	1.6250	801.0000
696	2.2750	800.0000
697	3.2500	800.0000
698	3.5750	799.0000
699	4.8750	799.0000
700	5.3625	797.0000
701	6.5000	796.0000
702	6.9875	795.0000
703	8.1250	794.0000
704	8.7750	794.0000
705	9.7500	793.0000
706	10.4000	793.0000
707	11.8625	792.0000
708	12.6750	792.0000
709	13.8125	790.0000
710	14.6250	791.0000
711	15.7625	790.0000
712	16.5750	790.0000
713	17.7125	789.0000
714	18.6875	789.0000
715	19.9875	788.0000
716	20.8000	789.0000
717	21.7750	788.0000
718	22.4250	788.0000
719	24.2125	787.0000
720	25.1875	787.0000
721	26.1625	787.0000
722	27.4625	787.0000
723	28.7625	787.0000
724	29.5750	787.0000
725	31.2000	786.0000
726	32.1750	786.0000
727	33.3125	786.0000
728	34.6125	787.0000
729	35.5875	786.0000
730	37.0500	785.0000
731	38.3500	786.0000
732	39.1625	785.0000
733	40.3000	786.0000
734	41.6000	785.0000
735	43.2250	786.0000
736	44.6875	785.0000
737	45.6625	785.0000
738	46.8000	785.0000
739	48.4250	785.0000
740	49.7250	785.0000
741	50.7000	785.0000
742	52.1625	787.0000
743	53.6250	785.0000
744	54.6000	784.0000
745	56.2250	785.0000
746	57.3625	785.0000
747	58.9875	785.0000
748	59.6375	784.0000
749	61.4250	785.0000
750	62.7250	784.0000
751	64.0250	785.0000
752	63.8625	785.0000
753	64.6750	785.0000
754	67.7625	784.0000
755	69.0625	785.0000
756	70.3625	785.0000
757	71.8250	784.0000
758	72.9625	785.0000
759	74.4250	784.0000
760	75.7250	785.0000
761	77.0250	784.0000
762	78.3250	784.0000
763	79.7875	785.0000
764	80.9250	785.0000
765	82.2250	784.0000
766	83.5250	785.0000
767	84.9875	784.0000
768	86.6125	785.0000
769	87.7500	784.0000
770	89.3750	785.0000
771	90.5125	784.0000
772	91.4875	785.0000
773	92.6250	784.0000
774	93.6000	785.0000
775	94.5750	784.0000
776	95.5500	784.0000
777	96.3625	785.0000
778	97.3375	784.0000
779	98.1500	785.0000
780	98.8000	784.0000
781	99.6125	785.0000
782	100.2625	784.0000
783	100.4250	785.0000
784	101.2375	784.0000
785	101.5625	785.0000
786	101.8875	784.0000
787	102.0500	785.0000
788	102.2125	784.0000
789	102.8625	786.0000
790	103.0250	784.0000
791	102.7000	785.0000
792	103.3500	784.0000
793	103.3500	785.0000
794	103.3500	784.0000
795	103.5125	784.0000
796	102.7000	784.0000
797	103.3500	785.0000
798	103.1875	784.0000
799	103.3500	784.0000
800	103.1875	784.0000
801	103.1875	784.0000
802	102.3750	785.0000
803	102.7000	784.0000
804	101.8875	785.0000
805	102.0500	784.0000
806	101.8875	786.0000
807	101.7250	784.0000
808	100.9125	785.0000
809	101.0750	784.0000
810	100.5875	785.0000
811	100.4250	783.0000
812	99.6125	785.0000
813	99.2875	784.0000
814	98.9625	784.0000
815	98.4750	784.0000
816	97.8250	785.0000
817	97.3375	784.0000
818	96.8500	785.0000
819	96.3625	784.0000
820	95.7125	784.0000
821	95.0625	784.0000
822	94.7375	784.0000
823	94.0875	784.0000
824	93.4375	784.0000
825	92.7875	784.0000
826	92.1375	784.0000
827	91.4875	784.0000
828	90.6750	784.0000
829	89.8625	785.0000
830	89.2125	784.0000
831	88.5625	785.0000
832	87.7500	784.0000
833	87.1000	785.0000
834	86.1250	784.0000
835	85.3125	785.0000
836	84.5000	784.0000
837	83.8500	785.0000
838	83.2000	784.0000
839	82.2250	785.0000
840	81.2500	784.0000
841	80.4375	785.0000
842	79.4625	784.0000
843	78.8125	785.0000
844	77.3500	784.0000
845	76.3750	785.0000
846	75.8875	784.0000
847	74.9125	784.0000
848	73.4500	784.0000
849	72.8000	784.0000
850	71.8250	784.0000
851	70.8500	784.0000
852	69.7125	784.0000
853	68.4125	784.0000
854	67.4375	785.0000
855	66.4625	784.0000
856	65.1625	784.0000
857	64.3500	785.0000
858	62.0750	785.0000
859	61.7500	784.0000
860	60.4500	784.0000
861	59.9625	784.0000
862	58.6625	785.0000
863	57.3625	784.0000
864	56.3875	785.0000
865	55.4125	784.0000
866	54.2750	785.0000
867	52.8125	784.0000
868	51.8375	785.0000
869	50.7000	784.0000
870	49.4000	783.0000
871	47.9375	784.0000
872	46.9625	784.0000
873	45.5000	784.0000
874	44.2000	784.0000
875	42.4125	784.0000
876	41.6000	784.0000
877	38.0250	784.0000
878	37.0500	784.0000
879	37.3750	784.0000
880	36.2375	784.0000
881	32.3375	785.0000
882	31.5250	784.0000
883	32.1750	785.0000
884	30.5500	784.0000
885	29.4125	784.0000
886	27.9500	784.0000
887	26.1625	784.0000
888	24.8625	784.0000
889	23.5625	784.0000
890	22.4250	784.0000
891	21.4500	785.0000
892	20.3125	784.0000
893	19.0125	784.0000
894	17.5500	784.0000
895	16.5750	784.0000
896	15.1125	784.0000
897	14.1375	784.0000
898	13.1625	784.0000
899	12.3500	784.0000
900	11.5375	784.0000
901	11.2125	784.0000
902	10.4000	784.0000
903	9.4250	784.0000
904	9.4250	785.0000
905	9.1000	784.0000
906	8.9375	784.0000
907	8.7750	784.0000
908	8.2875	785.0000
909	8.2875	784.0000
910	7.9625	785.0000
911	7.8000	784.0000
912	7.4750	785.0000
913	7.1500	785.0000
914	7.1500	785.0000
915	7.1500	784.0000
916	6.8250	784.0000
917	6.5000	784.0000
918	6.6625	785.0000
919	6.5000	784.0000
920	6.3375	784.0000
921	6.1750	784.0000
922	6.1750	784.0000
923	6.1750	784.0000
924	6.0125	784.0000
925	5.6875	784.0000
926	5.8500	784.0000
927	5.8500	784.0000
928	5.3625	784.0000
929	5.5250	785.0000
930	5.6875	784.0000
931	5.6875	785.0000
932	5.0375	784.0000
933	5.3625	785.0000
934	5.2000	784.0000
935	5.3625	784.0000
936	5.2000	784.0000
937	5.2000	784.0000
938	5.0375	784.0000
939	5.2000	785.0000
940	4.7125	784.0000
941	5.0375	785.0000
942	4.8750	784.0000
943	5.0375	784.0000
944	4.5500	784.0000
945	4.7125	784.0000
946	4.7125	784.0000
947	4.8750	784.0000
948	4.7125	784.0000
949	4.5500	784.0000
950	4.5500	785.0000
951	4.7125	784.0000
952	4.5500	785.0000
953	4.3875	784.0000
954	4.3875	784.0000
955	4.5500	784.0000
956	4.2250	785.0000
957	4.3875	784.0000
958	4.2250	785.0000
959	4.2250	784.0000
960	4.2250	785.0000
961	4.2250	784.0000
962	4.2250	784.0000
963	4.2250	781.0000
964	4.0625	784.0000
965	3.7375	784.0000
966	4.0625	785.0000
967	4.0625	784.0000
968	3.7375	784.0000
969	4.0625	784.0000
970	4.0625	784.0000
971	3.9000	784.0000
972	4.0625	784.0000
973	3.9000	784.0000
974	3.9000	784.0000
975	4.0625	784.0000
976	3.9000	784.0000
977	3.9000	784.0000
978	3.9000	784.0000
979	3.7375	785.0000
980	3.9000	784.0000
981	3.7375	785.0000
982	3.7375	784.0000
983	3.4125	785.0000
984	3.7375	784.0000
985	3.5750	785.0000
986	3.7375	784.0000
987	3.9000	784.0000
988	3.7375	784.0000
989	3.9000	784.0000
990	3.5750	784.0000
991	3.5750	785.0000
992	3.5750	784.0000
993	3.7375	784.0000
994	3.4125	784.0000
995	3.7375	784.0000
996	3.7375	784.0000
997	3.7375	784.0000
998	3.4125	784.0000
999	3.5750	784.0000
1000	3.7375	784.0000
1001	3.5750	784.0000
1002	1.4625	784.0000
1003	2.1125	784.0000
1004	3.0875	784.0000
1005	3.4125	784.0000
1006	3.4125	785.0000
1007	3.5750	784.0000
1008	3.2500	784.0000
1009	3.5750	784.0000
1010	3.4125	784.0000
1011	3.4125	784.0000
1012	3.4125	785.0000
1013	3.4125	784.0000
1014	3.4125	785.0000
1015	3.4125	784.0000
1016	3.2500	784.0000
1017	3.4125	784.0000
1018	3.0875	785.0000
1019	3.2500	784.0000
1020	3.0875	785.0000
1021	3.0875	783.0000
1022	3.2500	784.0000
1023	3.2500	784.0000
#8328
0	2.7625	784.0000
1	2.7625	784.0000
2	3.0875	784.0000
3	2.4375	783.0000
4	-2.9250	784.0000
5	3.0875	784.0000
6	2.9250	784.0000
7	-1.1375	784.0000
8	-24.7000	784.0000
9	-28.6000	784.0000
10	-22.5875	784.0000
11	3.0875	784.0000
12	2.9250	784.0000
13	3.0875	785.0000
14	2.9250	785.0000
15	3.0875	784.0000
16	3.0875	783.0000
17	3.2500	785.0000
18	3.2500	784.0000
19	2.7625	784.0000
20	3.2500	784.0000
21	3.2500	784.0000
22	3.0875	784.0000
23	3.0875	784.0000
24	2.9250	783.0000
25	3.0875	784.0000
26	3.0875	784.0000
27	2.7625	784.0000
28	3.2500	784.0000
29	3.2500	784.0000
30	2.9250	784.0000
31	3.0875	784.0000
32	2.9250	784.0000
33	2.7625	784.0000
34	2.9250	784.0000
35	2.9250	784.0000
36	2.9250	784.0000
37	2.7625	784.0000
38	2.9250	784.0000
39	2.9250	784.0000
40	2.9250	784.0000
41	2.9250	784.0000
42	2.9250	784.0000
43	2.9250	783.0000
44	2.7625	784.0000
45	2.7625	783.0000
46	2.6000	784.0000
47	2.6000	784.0000
48	2.6000	784.0000
49	2.7625	784.0000
50	2.7625	784.0000
51	2.9250	784.0000
52	2.9250	784.0000
53	2.6000	784.0000
54	2.7625	784.0000
55	2.6000	784.0000
56	2.9250	786.0000
57	2.6000	784.0000
58	2.7625	784.0000
59	2.2750	784.0000
60	1.1375	784.0000
61	1.9500	784.0000
62	2.2750	784.0000
63	2.1125	784.0000
64	2.1125	784.0000
65	2.4375	787.0000
66	2.2750	784.0000
67	1.9500	784.0000
68	2.2750	783.0000
69	2.2750	784.0000
70	2.1125	783.0000
71	2.1125	784.0000
72	2.1125	784.0000
73	2.2750	784.0000
74	2.1125	784.0000
75	2.1125	784.0000
76	2.1125	784.0000
77	1.9500	784.0000
78	2.1125	784.0000
79	1.9500	784.0000
80	2.2750	784.0000
81	2.4375	784.0000
82	2.2750	784.0000
83	2.2750	784.0000
84	2.1125	784.0000
85	2.1125	784.0000
86	1.1375	784.0000
87	-1.9500	784.0000
88	0.9750	786.0000
89	-0.3250	784.0000
90	1.7875	785.0000
91	0.0000	784.0000
92	1.9500	784.0000
93	1.7875	784.0000
94	1.9500	784.0000
95	1.9500	784.0000
96	1.9500	785.0000
97	1.4625	784.0000
98	1.7875	784.0000
99	1.7875	784.0000
100	1.7875	784.0000
101	1.6250	784.0000
102	1.7875	784.0000
103	1.6250	784.0000
104	1.6250	784.0000
105	1.4625	784.0000
106	1.6250	784.0000
107	1.4625	784.0000
108	1.4625	784.0000
109	1.4625	784.0000
110	1.1375	784.0000
111	1.1375	784.0000
112	1.3000	784.0000
113	1.1375	784.0000
114	0.9750	784.0000
115	1.1375	784.0000
116	1.1375	784.0000
117	1.3000	784.0000
118	0.9750	784.0000
119	0.9750	784.0000
120	0.9750	783.0000
121	0.8125	785.0000
122	0.6500	784.0000
123	0.8125	784.0000
124	0.6500	784.0000
125	0.6500	784.0000
126	0.4875	783.0000
127	0.6500	784.0000
128	0.4875	784.0000
129	0.8125	784.0000
130	0.3250	784.0000
131	0.4875	784.0000
132	0.1625	784.0000
133	-0.1625	782.0000
134	0.3250	784.0000
135	0.1625	784.0000
136	-0.1625	784.0000
137	-0.1625	784.0000
138	-0.1625	784.0000
139	-0.1625	783.0000
140	-0.1625	784.0000
141	-0.3250	783.0000
142	-0.1625	785.0000
143	-0.4875	784.0000
144	-0.4875	784.0000
145	-0.9750	784.0000
146	-0.4875	784.0000
147	-0.6500	783.0000
148	-0.8125	784.0000
149	-1.3000	784.0000
150	-0.9750	784.0000
151	-0.9750	784.0000
152	-0.8125	784.0000
153	-1.1375	783.0000
154	-1.3000	784.0000
155	-1.4625	784.0000
156	-1.7875	784.0000
157	-1.7875	784.0000
158	-2.1125	784.0000
159	-2.4375	784.0000
160	-2.6000	784.0000
161	-3.2500	784.0000
162	-3.5750	784.0000
163	-4.0625	784.0000
164	-4.3875	784.0000
165	-4.7125	785.0000
166	-5.0375	784.0000
167	-5.5250	785.0000
168	-5.8500	784.0000
169	-6.0125	785.0000
170	-6.6625	784.0000
171	-7.1500	785.0000
172	-7.9625	784.0000
173	-8.4500	784.0000
174	-8.7750	784.0000
175	-9.2625	784.0000
176	-9.9125	784.0000
177	-10.0750	784.0000
178	-11.0500	784.0000
179	-11.8625	784.0000
180	-12.5125	784.0000
181	-13.0000	783.0000
182	-13.8125	784.0000
183	-14.6250	784.0000
184	-15.4375	784.0000
185	-15.9250	783.0000
186	-16.9000	784.0000
187	-17.5500	784.0000
188	-18.5250	784.0000
189	-19.0125	783.0000
190	-20.1500	785.0000
191	-21.1250	784.0000
192	-22.1000	785.0000
193	-23.0750	784.0000
194	-23.7250	785.0000
195	-24.7000	784.0000
196	-25.8375	784.0000
197	-26.6500	784.0000
198	-27.6250	786.0000
199	-28.9250	787.0000
200	-29.5750	788.0000
201	-31.2000	789.0000
202	-31.5250	790.0000
203	-32.6625	790.0000
204	-33.8000	791.0000
205	-34.9375	792.0000
206	-36.0750	792.0000
207	-37.0500	793.0000
208	-38.1875	793.0000
209	-39.1625	794.0000
210	-40.9500	794.0000
211	-42.7375	795.0000
212	-44.6875	795.0000
213	-48.1000	796.0000
214	-45.6625	796.0000
215	-46.9625	797.0000
216	-48.2625	796.0000
217	-49.4000	797.0000
218	-50.7000	796.0000
219	-51.8375	798.0000
220	-52.8125	797.0000
221	-53.6250	798.0000
222	-54.9250	798.0000
223	-56.0625	799.0000
224	-57.3625	798.0000
225	-58.6625	799.0000
226	-60.1250	798.0000
227	-61.4250	799.0000
228	-62.5625	799.0000
229	-63.8625	799.0000
230	-65.1625	799.0000
231	-66.4625	799.0000
232	-67.7625	799.0000
233	-68.9000	799.0000
234	-70.3625	799.0000
235	-71.6625	800.0000
236	-72.8000	800.0000
237	-74.7500	799.0000
238	-75.4000	800.0000
239	-76.5375	799.0000
240	-77.8375	800.0000
241	-79.3000	799.0000
242	-80.6000	800.0000
243	-81.7375	799.0000
244	-83.2000	800.0000
245	-84.5000	799.0000
246	-85.9625	800.0000
247	-86.9375	799.0000
248	-88.5625	800.0000
249	-89.7000	800.0000
250	-91.0000	800.0000
251	-92.4625	800.0000
252	-93.9250	800.0000
253	-95.0625	799.0000
254	-96.3625	800.0000
255	-97.8250	800.0000
256	-98.8000	800.0000
257	-100.1000	800.0000
258	-101.4000	800.0000
259	-102.7000	800.0000
260	-104.0000	800.0000
261	-104.9750	800.0000
262	-106.4375	800.0000
263	-107.0875	801.0000
264	-107.9000	800.0000
265	-109.0375	801.0000
266	-109.8500	800.0000
267	-110.3375	801.0000
268	-111.1500	800.0000
269	-111.6375	801.0000
270	-112.1250	800.0000
271	-112.7750	801.0000
272	-113.2625	800.0000
273	-113.4250	801.0000
274	-113.9125	800.0000
275	-114.2375	800.0000
276	-114.4000	800.0000
277	-114.7250	801.0000
278	-114.8875	800.0000
279	-114.8875	800.0000
280	-115.2125	800.0000
281	-115.0500	800.0000
282	-115.5375	803.0000
283	-115.2125	800.0000
284	-115.3750	800.0000
285	-115.2125	800.0000
286	-115.7000	801.0000
287	-115.2125	800.0000
288	-115.3750	801.0000
289	-114.7250	800.0000
290	-114.7250	801.0000
291	-114.5625	800.0000
292	-114.2375	801.0000
293	-113.9125	800.0000
294	-113.7500	801.0000
295	-113.4250	800.0000
296	-113.1000	801.0000
297	-112.6125	800.0000
298	-112.7750	801.0000
299	-111.8000	800.0000
300	-111.4750	801.0000
301	-110.9875	800.0000
302	-110.5000	801.0000
303	-110.0125	800.0000
304	-109.5250	801.0000
305	-109.0375	800.0000
306	-108.3875	801.0000
307	-107.9000	800.0000
308	-107.4125	800.0000
309	-107.0875	800.0000
310	-106.4375	800.0000
311	-105.6250	801.0000
312	-105.1375	800.0000
313	-104.4875	801.0000
314	-103.6750	800.0000
315	-103.0250	801.0000
316	-102.3750	801.0000
317	-101.5625	800.0000
318	-101.5625	800.0000
319	-100.2625	801.0000
320	-99.4500	800.0000
321	-98.8000	801.0000
322	-97.8250	800.0000
323	-97.1750	800.0000
324	-96.3625	800.0000
325	-95.5500	801.0000
326	-94.9000	800.0000
327	-93.7625	801.0000
328	-92.7875	800.0000
329	-91.9750	800.0000
330	-91.4875	800.0000
331	-90.1875	800.0000
332	-89.2125	800.0000
333	-88.4000	800.0000
334	-87.5875	800.0000
335	-86.2875	800.0000
336	-88.0750	801.0000
337	-85.9625	800.0000
338	-83.5250	801.0000
339	-82.5500	800.0000
340	-81.5750	801.0000
341	-80.4375	800.0000
342	-79.4625	801.0000
343	-78.1625	800.0000
344	-77.1875	800.0000
345	-76.0500	800.0000
346	-74.9125	800.0000
347	-73.9375	800.0000
348	-72.9625	800.0000
349	-71.6625	800.0000
350	-70.6875	800.0000
351	-69.5500	800.0000
352	-68.2500	801.0000
353	-66.9500	800.0000
354	-65.9750	800.0000
355	-65.0000	800.0000
356	-63.7000	800.0000
357	-62.4000	800.0000
358	-61.2625	800.0000
359	-59.9625	800.0000
360	-58.8250	800.0000
361	-57.5250	800.0000
362	-56.2250	800.0000
363	-54.9250	801.0000
364	-53.6250	800.0000
365	-52.4875	800.0000
366	-51.1875	799.0000
367	-50.0500	800.0000
368	-49.0750	800.0000
369	-47.1250	800.0000
370	-45.9875	800.0000
371	-44.6875	800.0000
372	-43.5500	800.0000
373	-41.9250	800.0000
374	-40.7875	800.0000
375	-39.1625	800.0000
376	-38.0250	800.0000
377	-36.5625	800.0000
378	-35.4250	800.0000
379	-34.2875	800.0000
380	-32.9875	800.0000
381	-31.6875	800.0000
382	-30.8750	800.0000
383	-29.5750	800.0000
384	-28.1125	800.0000
385	-26.6500	800.0000
386	-26.6500	800.0000
387	-25.6750	799.0000
388	-24.3750	800.0000
389	-23.7250	799.0000
390	-23.2375	800.0000
391	-23.4000	799.0000
392	-22.4250	800.0000
393	-22.1000	799.0000
394	-22.2625	800.0000
395	-21.1250	799.0000
396	-21.1250	800.0000
397	-20.8000	800.0000
398	-20.6375	800.0000
399	-20.4750	799.0000
400	-19.9875	800.0000
401	-19.8250	799.0000
402	-19.9875	800.0000
403	-19.6625	800.0000
404	-19.5000	800.0000
405	-19.3375	800.0000
406	-19.1750	800.0000
407	-19.0125	800.0000
408	-18.8500	800.0000
409	-18.8500	800.0000
410	-18.6875	800.0000
411	-18.6875	800.0000
412	-18.8500	799.0000
413	-18.5250	800.0000
414	-18.3625	803.0000
415	-18.6875	800.0000
416	-18.3625	799.0000
417	-18.5250	800.0000
418	-18.2000	799.0000
419	-18.6875	800.0000
420	-17.8750	799.0000
421	-18.2000	800.0000
422	-17.8750	799.0000
423	-18.8500	800.0000
424	-17.8750	799.0000
425	-17.8750	800.0000
426	-17.7125	800.0000
427	-17.7125	798.0000
428	-17.5500	800.0000
429	-17.8750	800.0000
430	-17.8750	800.0000
431	-17.5500	800.0000
432	-17.5500	800.0000
433	-17.3875	800.0000
434	-17.3875	800.0000
435	-17.2250	800.0000
436	-17.5500	800.0000
437	-17.5500	799.0000
438	-17.3875	800.0000
439	-17.0625	799.0000
440	-17.3875	800.0000
441	-17.2250	799.0000
442	-17.2250	800.0000
443	-18.0375	799.0000
444	-17.8750	801.0000
445	-17.3875	799.0000
446	-17.0625	800.0000
447	-17.0625	799.0000
448	-17.3875	800.0000
449	-16.7375	799.0000
450	-17.0625	800.0000
451	-16.9000	799.0000
452	-16.7375	800.0000
453	-16.7375	800.0000
454	-16.7375	800.0000
455	-16.5750	800.0000
456	-16.5750	799.0000
457	-16.7375	800.0000
458	-16.5750	800.0000
459	-16.7375	800.0000
460	-17.3875	799.0000
461	-17.8750	800.0000
462	-17.3875	799.0000
463	-17.2250	800.0000
464	-17.2250	799.0000
465	-16.5750	800.0000
466	-16.5750	799.0000
467	-16.9000	799.0000
468	-16.5750	799.0000
469	-16.5750	800.0000
470	-16.7375	799.0000
471	-16.4125	800.0000
472	-16.2500	799.0000
473	-16.2500	800.0000
474	-16.4125	799.0000
475	-16.2500	800.0000
476	-16.2500	799.0000
477	-16.0875	800.0000
478	-16.0875	799.0000
479	-16.2500	800.0000
480	-16.4125	800.0000
481	-16.0875	799.0000
482	-16.0875	800.0000
483	-16.2500	800.0000
484	-16.0875	802.0000
485	-16.2500	799.0000
486	-16.7375	800.0000
487	-16.7375	799.0000
488	-15.9250	800.0000
489	-16.0875	799.0000
490	-16.2500	800.0000
491	-16.0875	799.0000
492	-16.0875	800.0000
493	-15.9250	799.0000
494	-16.2500	800.0000
495	-16.0875	799.0000
496	-16.0875	800.0000
497	-15.9250	799.0000
498	-16.2500	800.0000
499	-16.0875	799.0000
500	-16.0875	800.0000
501	-15.9250	799.0000
502	-15.9250	801.0000
503	-16.5750	799.0000
504	-15.7625	800.0000
505	-15.7625	799.0000
506	-16.0875	800.0000
507	-15.9250	800.0000
508	-16.2500	800.0000
509	-15.7625	800.0000
510	-15.9250	799.0000
511	-15.7625	800.0000
512	-15.7625	799.0000
513	-15.7625	800.0000
514	-16.0875	799.0000
515	-15.7625	800.0000
516	-15.7625	799.0000
517	-15.7625	800.0000
518	-16.5750	799.0000
519	-16.0875	800.0000
520	-15.7625	799.0000
521	-15.9250	800.0000
522	-15.7625	799.0000
523	-15.7625	800.0000
524	-15.7625	800.0000
525	-15.7625	800.0000
526	-15.7625	799.0000
527	-15.7625	800.0000
528	-15.6000	799.0000
529	-15.6000	800.0000
530	-15.6000	800.0000
531	-15.4375	800.0000
532	-15.4375	800.0000
533	-15.4375	800.0000
534	-15.6000	800.0000
535	-15.4375	799.0000
536	-15.4375	800.0000
537	-15.6000	799.0000
538	-15.6000	800.0000
539	-15.4375	799.0000
540	-15.7625	801.0000
541	-15.6000	799.0000
542	-15.6000	800.0000
543	-15.2750	800.0000
544	-16.0875	800.0000
545	-15.7625	799.0000
546	-15.4375	800.0000
547	-15.4375	799.0000
548	-15.6000	800.0000
549	-15.4375	800.0000
550	-15.6000	800.0000
551	-15.4375	799.0000
552	-15.4375	800.0000
553	-15.4375	799.0000
554	-15.2750	800.0000
555	-15.2750	800.0000
556	-15.4375	800.0000
557	-15.2750	800.0000
558	-15.1125	800.0000
559	-15.4375	800.0000
560	-15.4375	799.0000
561	-15.1125	800.0000
562	-15.2750	799.0000
563	-14.9500	800.0000
564	-15.9250	799.0000
565	-15.2750	800.0000
566	-16.2500	800.0000
567	-16.9000	800.0000
568	-17.7125	799.0000
569	-15.4375	800.0000
570	-16.2500	799.0000
571	-15.7625	801.0000
572	-15.4375	799.0000
573	-15.2750	800.0000
574	-15.4375	799.0000
575	-15.7625	800.0000
576	-14.9500	799.0000
577	-14.7875	800.0000
578	-15.2750	799.0000
579	-14.9500	800.0000
580	-14.9500	800.0000
581	-15.1125	800.0000
582	-15.1125	800.0000
583	-14.9500	800.0000
584	-14.9500	800.0000
585	-15.2750	799.0000
586	-16.9000	800.0000
587	-14.7875	799.0000
588	-14.6250	800.0000
589	-14.9500	799.0000
590	-14.9500	797.0000
591	-14.7875	799.0000
592	-14.6250	800.0000
593	-14.9500	799.0000
594	-14.6250	800.0000
595	-15.1125	799.0000
596	-14.6250	801.0000
597	-14.3000	799.0000
598	-14.6250	800.0000
599	-14.4625	799.0000
600	-14.4625	800.0000
601	-14.1375	799.0000
602	-14.4625	800.0000
603	-14.1375	799.0000
604	-13.9750	800.0000
605	-14.1375	799.0000
606	-14.3000	800.0000
607	-14.6250	800.0000
608	-14.3000	799.0000
609	-14.7875	800.0000
610	-14.1375	799.0000
611	-14.4625	800.0000
612	-13.9750	799.0000
613	-13.9750	800.0000
614	-14.3000	799.0000
615	-14.1375	802.0000
616	-13.8125	799.0000
617	-13.9750	800.0000
618	-13.8125	799.0000
619	-13.8125	800.0000
620	-13.8125	799.0000
621	-13.8125	800.0000
622	-13.8125	799.0000
623	-13.6500	800.0000
624	-13.8125	799.0000
625	-13.6500	800.0000
626	-13.6500	799.0000
627	-13.4875	800.0000
628	-13.6500	799.0000
629	-13.4875	800.0000
630	-13.4875	800.0000
631	-13.8125	800.0000
632	-13.4875	800.0000
633	-13.3250	799.0000
634	-13.4875	800.0000
635	-13.1625	799.0000
636	-13.6500	800.0000
637	-13.1625	799.0000
638	-13.0000	800.0000
639	-13.0000	799.0000
640	-13.4875	800.0000
641	-12.8375	799.0000
642	-12.8375	799.0000
643	-12.8375	799.0000
644	-13.3250	800.0000
645	-12.5125	799.0000
646	-12.6750	800.0000
647	-12.6750	799.0000
648	-12.6750	800.0000
649	-12.6750	799.0000
650	-12.5125	800.0000
651	-12.5125	799.0000
652	-12.3500	799.0000
653	-12.3500	800.0000
654	-12.1875	799.0000
655	-12.1875	799.0000
656	-12.0250	799.0000
657	-12.0250	800.0000
658	-11.8625	799.0000
659	-12.1875	800.0000
660	-11.8625	799.0000
661	-11.8625	800.0000
662	-11.7000	799.0000
663	-11.8625	800.0000
664	-11.7000	799.0000
665	-11.3750	800.0000
666	-11.2125	799.0000
667	-11.3750	800.0000
668	-11.0500	799.0000
669	-10.7250	799.0000
670	-10.4000	799.0000
671	-10.5625	800.0000
672	-10.4000	799.0000
673	-9.9125	800.0000
674	-9.2625	799.0000
675	-8.9375	800.0000
676	-8.7750	799.0000
677	-8.2875	800.0000
678	-7.8000	800.0000
679	-7.8000	800.0000
680	-7.1500	800.0000
681	-6.6625	799.0000
682	-6.3375	800.0000
683	-5.8500	800.0000
684	-5.5250	800.0000
685	-4.5500	800.0000
686	-4.2250	800.0000
687	-3.4125	800.0000
688	-2.9250	800.0000
689	-2.2750	799.0000
690	-1.7875	800.0000
691	-0.8125	799.0000
692	-0.4875	800.0000
693	0.0000	799.0000
694	0.0000	800.0000
695	1.6250	799.0000
696	2.2750	800.0000
697	3.2500	799.0000
698	3.4125	799.0000
699	4.7125	797.0000
700	5.6875	796.0000
701	6.3375	795.0000
702	7.1500	795.0000
703	8.1250	794.0000
704	9.1000	793.0000
705	9.9125	792.0000
706	11.0500	792.0000
707	12.0250	791.0000
708	12.8375	791.0000
709	13.3250	791.0000
710	14.7875	789.0000
711	13.6500	790.0000
712	16.0875	788.0000
713	17.3875	788.0000
714	18.6875	788.0000
715	19.9875	788.0000
716	21.2875	787.0000
717	22.2625	787.0000
718	23.2375	787.0000
719	24.2125	787.0000
720	25.5125	786.0000
721	26.8125	787.0000
722	27.7875	786.0000
723	29.0875	786.0000
724	30.0625	785.0000
725	31.2000	786.0000
726	31.8500	785.0000
727	33.1500	785.0000
728	34.9375	785.0000
729	35.5875	785.0000
730	36.7250	785.0000
731	38.5125	785.0000
732	39.1625	785.0000
733	41.1125	784.0000
734	41.7625	785.0000
735	43.3875	784.0000
736	44.3625	785.0000
737	46.1500	784.0000
738	47.2875	785.0000
739	48.5875	784.0000
740	49.2375	785.0000
741	51.1875	784.0000
742	52.4875	785.0000
743	53.6250	784.0000
744	54.4375	784.0000
745	56.3875	784.0000
746	57.5250	784.0000
747	58.8250	784.0000
748	59.9625	784.0000
749	61.5875	784.0000
750	62.8875	784.0000
751	64.0250	784.0000
752	65.3250	784.0000
753	66.7875	784.0000
754	68.2500	784.0000
755	68.5750	784.0000
756	70.6875	784.0000
757	71.9875	784.0000
758	73.2875	784.0000
759	74.4250	784.0000
760	76.0500	784.0000
761	77.0250	784.0000
762	78.8125	783.0000
763	79.6250	784.0000
764	81.0875	783.0000
765	82.3875	784.0000
766	83.8500	783.0000
767	84.6625	784.0000
768	86.6125	784.0000
769	87.9125	784.0000
770	89.3750	783.0000
771	90.5125	784.0000
772	91.6500	783.0000
773	92.7875	784.0000
774	93.4375	783.0000
775	94.5750	784.0000
776	95.3875	784.0000
777	96.3625	784.0000
778	97.0125	784.0000
779	98.1500	784.0000
780	98.4750	784.0000
781	99.4500	784.0000
782	99.7750	784.0000
783	100.5875	783.0000
784	100.7500	784.0000
785	101.2375	783.0000
786	101.4000	784.0000
787	102.0500	784.0000
788	102.3750	784.0000
789	102.8625	783.0000
790	102.7000	784.0000
791	103.1875	784.0000
792	103.1875	784.0000
793	103.1875	783.0000
794	103.1875	784.0000
795	103.5125	784.0000
796	103.5125	783.0000
797	103.1875	784.0000
798	102.7000	784.0000
799	103.1875	783.0000
800	103.3500	784.0000
801	102.2125	783.0000
802	103.0250	784.0000
803	102.5375	784.0000
804	102.3750	784.0000
805	101.5625	784.0000
806	102.0500	784.0000
807	101.7250	784.0000
808	101.5625	785.0000
809	100.7500	784.0000
810	100.9125	783.0000
811	100.2625	784.0000
812	99.6125	783.0000
813	99.4500	784.0000
814	98.9625	783.0000
815	98.4750	784.0000
816	97.9875	783.0000
817	97.5000	784.0000
818	96.8500	783.0000
819	96.0375	784.0000
820	95.7125	784.0000
821	95.2250	784.0000
822	94.5750	783.0000
823	94.0875	784.0000
824	93.4375	783.0000
825	92.6250	784.0000
826	92.1375	783.0000
827	91.4875	784.0000
828	90.3500	783.0000
829	90.0250	784.0000
830	88.8875	784.0000
831	88.5625	784.0000
832	87.4250	784.0000
833	87.1000	783.0000
834	86.1250	784.0000
835	85.3125	783.0000
836	81.4125	784.0000
837	82.2250	783.0000
838	81.7375	783.0000
839	81.0875	783.0000
840	80.4375	784.0000
841	79.6250	783.0000
842	78.6500	784.0000
843	77.6750	783.0000
844	76.7000	784.0000
845	75.8875	783.0000
846	75.4000	784.0000
847	74.2625	783.0000
848	73.4500	784.0000
849	72.8000	783.0000
850	71.6625	783.0000
851	70.5250	783.0000
852	69.2250	784.0000
853	67.7625	783.0000
854	67.1125	783.0000
855	66.1375	784.0000
856	65.1625	784.0000
857	63.8625	783.0000
858	62.5625	783.0000
859	61.5875	784.0000
860	61.2625	783.0000
861	59.9625	784.0000
862	59.1500	783.0000
863	57.5250	784.0000
864	56.7125	783.0000
865	55.5750	784.0000
866	54.4375	783.0000
867	52.9750	784.0000
868	51.6750	781.0000
869	50.5375	784.0000
870	49.2375	783.0000
871	47.7750	784.0000
872	46.4750	784.0000
873	45.6625	784.0000
874	44.2000	783.0000
875	42.2500	784.0000
876	41.4375	783.0000
877	40.4625	783.0000
878	38.8375	783.0000
879	37.7000	784.0000
880	36.2375	783.0000
881	35.2625	784.0000
882	33.8000	784.0000
883	32.5000	783.0000
884	30.8750	784.0000
885	29.7375	783.0000
886	28.2750	784.0000
887	27.3000	783.0000
888	25.6750	784.0000
889	24.3750	783.0000
890	22.9125	784.0000
891	21.9375	783.0000
892	20.3125	784.0000
893	19.0125	783.0000
894	17.8750	784.0000
895	16.7375	783.0000
896	15.4375	784.0000
897	14.4625	783.0000
898	13.4875	784.0000
899	12.5125	783.0000
900	11.8625	784.0000
901	11.2125	783.0000
902	10.7250	781.0000
903	10.0750	783.0000
904	9.7500	784.0000
905	9.4250	783.0000
906	8.6125	784.0000
907	8.6125	784.0000
908	8.6125	783.0000
909	7.9625	784.0000
910	7.9625	783.0000
911	7.6375	784.0000
912	7.6375	783.0000
913	7.3125	784.0000
914	7.3125	783.0000
915	7.3125	784.0000
916	7.1500	783.0000
917	6.9875	784.0000
918	6.6625	783.0000
919	6.6625	784.0000
920	6.6625	783.0000
921	6.3375	784.0000
922	5.6875	783.0000
923	6.1750	784.0000
924	5.5250	783.0000
925	5.8500	784.0000
926	5.6875	783.0000
927	5.8500	784.0000
928	5.3625	783.0000
929	5.8500	784.0000
930	5.5250	783.0000
931	5.5250	784.0000
932	5.2000	784.0000
933	5.5250	783.0000
934	5.2000	784.0000
935	5.5250	784.0000
936	4.8750	784.0000
937	5.2000	783.0000
938	5.0375	784.0000
939	4.8750	783.0000
940	4.8750	784.0000
941	5.2000	783.0000
942	4.7125	784.0000
943	4.7125	783.0000
944	4.3875	784.0000
945	4.7125	783.0000
946	4.3875	784.0000
947	4.5500	783.0000
948	4.7125	784.0000
949	4.5500	783.0000
950	4.5500	784.0000
951	3.2500	783.0000
952	4.5500	784.0000
953	4.3875	783.0000
954	4.5500	784.0000
955	4.3875	784.0000
956	4.5500	784.0000
957	4.2250	784.0000
958	4.5500	784.0000
959	4.0625	784.0000
960	4.3875	784.0000
961	4.2250	784.0000
962	4.2250	783.0000
963	4.0625	784.0000
964	4.3875	783.0000
965	4.3875	784.0000
966	4.3875	786.0000
967	4.0625	784.0000
968	4.0625	783.0000
969	4.0625	784.0000
970	4.2250	783.0000
971	4.2250	784.0000
972	4.2250	783.0000
973	4.2250	784.0000
974	4.0625	783.0000
975	4.0625	784.0000
976	4.0625	783.0000
977	4.3875	784.0000
978	3.9000	783.0000
979	4.0625	784.0000
980	3.9000	783.0000
981	4.0625	784.0000
982	3.7375	781.0000
983	3.7375	784.0000
984	3.5750	784.0000
985	3.7375	783.0000
986	3.5750	784.0000
987	3.9000	783.0000
988	3.5750	786.0000
989	3.7375	783.0000
990	3.7375	784.0000
991	3.7375	783.0000
992	3.5750	784.0000
993	3.5750	782.0000
994	3.5750	784.0000
995	3.5750	783.0000
996	3.5750	784.0000
997	3.5750	783.0000
998	3.4125	784.0000
999	3.5750	783.0000
1000	3.0875	784.0000
1001	3.4125	783.0000
1002	3.0875	784.0000
1003	3.5750	783.0000
1004	3.4125	784.0000
1005	2.7625	783.0000
1006	3.2500	784.0000
1007	3.4125	784.0000
1008	3.5750	784.0000
1009	3.4125	784.0000
1010	3.5750	783.0000
1011	3.4125	784.0000
1012	3.4125	783.0000
1013	2.6000	784.0000
1014	3.4125	783.0000
1015	3.4125	784.0000
1016	3.4125	783.0000
1017	3.2500	784.0000
1018	3.2500	783.0000
1019	3.4125	784.0000
1020	3.2500	783.0000
1021	3.0875	784.0000
1022	3.4125	783.0000
1023	3.4125	784.0000
#8328
