# Jueves 8 de febrero de 2018
# Medida Efecto Kerr Magneto óptico
# Muestra FeC0%
# Polarizadores LPVI050 ThorLabs
# Láser polarizado 500 mWatts
# Photodiodo vtb 6061
# ángulo de reflexión aproximado 45°
# eje del polarizador a 20° de P (195°)
# eje de extinción del analizador 227°
# intensidad en la extinción 175 mV 
# intensidad en 220°: 4500 mV
# delay 0 ms
# ángulo azimutal 0°
0	5.0375	752.0000
1	3.9000	753.0000
2	4.7125	752.0000
3	4.7125	753.0000
4	-0.9750	752.0000
5	3.5750	753.0000
6	4.7125	753.0000
7	4.7125	752.0000
8	4.7125	753.0000
9	4.5500	752.0000
10	4.7125	753.0000
11	4.7125	752.0000
12	4.3875	753.0000
13	4.5500	752.0000
14	3.5750	753.0000
15	4.5500	752.0000
16	4.3875	753.0000
17	4.5500	752.0000
18	4.5500	753.0000
19	4.7125	752.0000
20	4.5500	753.0000
21	4.5500	752.0000
22	4.5500	753.0000
23	4.7125	752.0000
24	4.5500	753.0000
25	4.5500	752.0000
26	4.3875	753.0000
27	4.5500	752.0000
28	4.5500	753.0000
29	4.5500	753.0000
30	4.3875	753.0000
31	4.5500	753.0000
32	4.3875	753.0000
33	4.3875	753.0000
34	4.3875	753.0000
35	4.5500	753.0000
36	4.3875	752.0000
37	4.3875	753.0000
38	4.3875	752.0000
39	4.3875	753.0000
40	4.3875	752.0000
41	4.3875	753.0000
42	4.2250	752.0000
43	4.3875	753.0000
44	4.0625	752.0000
45	4.2250	753.0000
46	4.0625	753.0000
47	4.2250	753.0000
48	4.0625	752.0000
49	4.5500	753.0000
50	4.5500	752.0000
51	4.7125	753.0000
52	4.7125	752.0000
53	3.7375	753.0000
54	4.2250	752.0000
55	4.5500	753.0000
56	4.5500	752.0000
57	4.5500	752.0000
58	4.5500	753.0000
59	4.3875	752.0000
60	-0.8125	753.0000
61	4.2250	753.0000
62	4.3875	753.0000
63	4.5500	752.0000
64	4.3875	753.0000
65	4.3875	752.0000
66	4.3875	753.0000
67	4.3875	752.0000
68	4.2250	753.0000
69	4.5500	752.0000
70	4.3875	753.0000
71	4.3875	752.0000
72	4.5500	753.0000
73	4.2250	752.0000
74	4.2250	753.0000
75	4.2250	752.0000
76	4.0625	753.0000
77	4.2250	752.0000
78	4.0625	753.0000
79	4.2250	752.0000
80	4.0625	752.0000
81	4.2250	752.0000
82	4.0625	752.0000
83	3.9000	753.0000
84	3.7375	752.0000
85	3.9000	753.0000
86	3.7375	752.0000
87	3.9000	753.0000
88	3.9000	752.0000
89	3.9000	753.0000
90	3.5750	752.0000
91	3.7375	753.0000
92	3.5750	752.0000
93	3.5750	753.0000
94	3.4125	752.0000
95	3.2500	753.0000
96	3.4125	752.0000
97	2.9250	752.0000
98	3.0875	752.0000
99	2.6000	753.0000
100	3.0875	752.0000
101	3.2500	753.0000
102	3.0875	752.0000
103	3.0875	753.0000
104	3.4125	752.0000
105	3.4125	752.0000
106	3.0875	752.0000
107	2.9250	752.0000
108	2.9250	752.0000
109	3.0875	752.0000
110	3.0875	752.0000
111	3.0875	752.0000
112	2.9250	753.0000
113	3.0875	754.0000
114	2.9250	753.0000
115	2.6000	752.0000
116	0.1625	753.0000
117	2.4375	752.0000
118	2.7625	752.0000
119	2.7625	752.0000
120	2.7625	752.0000
121	2.6000	752.0000
122	2.6000	753.0000
123	2.6000	752.0000
124	2.4375	753.0000
125	2.6000	752.0000
126	2.6000	752.0000
127	2.4375	752.0000
128	2.1125	752.0000
129	0.8125	752.0000
130	2.1125	752.0000
131	1.9500	752.0000
132	1.9500	752.0000
133	2.1125	752.0000
134	1.9500	752.0000
135	1.9500	752.0000
136	1.7875	752.0000
137	1.7875	753.0000
138	1.6250	751.0000
139	1.4625	752.0000
140	1.4625	752.0000
141	1.4625	753.0000
142	1.6250	752.0000
143	1.4625	752.0000
144	1.4625	752.0000
145	1.3000	752.0000
146	1.1375	752.0000
147	1.1375	753.0000
148	0.8125	752.0000
149	0.6500	752.0000
150	0.6500	753.0000
151	0.6500	752.0000
152	0.4875	752.0000
153	0.1625	752.0000
154	0.0000	752.0000
155	-0.1625	752.0000
156	-0.4875	751.0000
157	-1.7875	752.0000
158	-0.8125	752.0000
159	-0.8125	752.0000
160	-1.3000	752.0000
161	-1.7875	752.0000
162	-1.9500	752.0000
163	-2.4375	751.0000
164	-2.9250	752.0000
165	-3.4125	752.0000
166	-3.7375	752.0000
167	-4.2250	752.0000
168	-4.8750	752.0000
169	-5.3625	752.0000
170	-5.8500	752.0000
171	-6.3375	752.0000
172	-7.1500	752.0000
173	-7.6375	751.0000
174	-8.2875	752.0000
175	-8.7750	751.0000
176	-9.9125	752.0000
177	-10.2375	752.0000
178	-10.8875	752.0000
179	-11.7000	752.0000
180	-12.5125	752.0000
181	-13.1625	752.0000
182	-13.8125	752.0000
183	-14.6250	752.0000
184	-15.6000	752.0000
185	-17.7125	752.0000
186	-17.3875	751.0000
187	-18.2000	752.0000
188	-19.1750	752.0000
189	-19.9875	752.0000
190	-20.9625	751.0000
191	-21.9375	752.0000
192	-23.2375	752.0000
193	-24.2125	752.0000
194	-25.0250	751.0000
195	-26.0000	752.0000
196	-27.1375	752.0000
197	-27.9500	752.0000
198	-29.2500	751.0000
199	-30.8750	752.0000
200	-31.5250	752.0000
201	-32.5000	752.0000
202	-33.8000	751.0000
203	-34.9375	752.0000
204	-36.2375	751.0000
205	-37.3750	751.0000
206	-38.5125	751.0000
207	-39.6500	751.0000
208	-41.1125	751.0000
209	-42.4125	751.0000
210	-43.7125	752.0000
211	-45.0125	751.0000
212	-46.4750	752.0000
213	-47.7750	752.0000
214	-48.9125	752.0000
215	-49.8875	751.0000
216	-51.3500	752.0000
217	-52.6500	751.0000
218	-53.9500	752.0000
219	-55.4125	751.0000
220	-56.8750	752.0000
221	-58.0125	751.0000
222	-59.4750	752.0000
223	-60.6125	751.0000
224	-62.2375	752.0000
225	-63.5375	751.0000
226	-64.8375	752.0000
227	-66.3000	751.0000
228	-67.7625	752.0000
229	-69.2250	751.0000
230	-70.3625	752.0000
231	-72.1500	751.0000
232	-73.4500	751.0000
233	-74.7500	751.0000
234	-76.2125	751.0000
235	-77.6750	752.0000
236	-78.9750	751.0000
237	-80.2750	752.0000
238	-82.0625	751.0000
239	-83.2000	752.0000
240	-84.8250	751.0000
241	-86.1250	752.0000
242	-87.5875	751.0000
243	-89.2125	752.0000
244	-90.6750	751.0000
245	-91.8125	752.0000
246	-93.4375	751.0000
247	-94.9000	752.0000
248	-96.3625	752.0000
249	-97.6625	752.0000
250	-99.1250	751.0000
251	-100.7500	752.0000
252	-102.2125	752.0000
253	-103.5125	752.0000
254	-104.9750	751.0000
255	-106.4375	751.0000
256	-107.9000	751.0000
257	-109.2000	752.0000
258	-110.6625	751.0000
259	-111.9625	751.0000
260	-113.5875	752.0000
261	-114.5625	751.0000
262	-115.8625	752.0000
263	-116.8375	751.0000
264	-118.7875	752.0000
265	-118.6250	751.0000
266	-119.4375	752.0000
267	-120.0875	751.0000
268	-121.0625	752.0000
269	-121.5500	751.0000
270	-122.0375	752.0000
271	-122.8500	751.0000
272	-123.3375	752.0000
273	-123.6625	751.0000
274	-124.1500	752.0000
275	-124.4750	751.0000
276	-124.8000	752.0000
277	-125.1250	751.0000
278	-125.4500	752.0000
279	-125.2875	751.0000
280	-125.6125	752.0000
281	-125.6125	751.0000
282	-125.7750	751.0000
283	-125.6125	754.0000
284	-125.7750	751.0000
285	-125.6125	751.0000
286	-125.4500	751.0000
287	-125.2875	752.0000
288	-125.1250	751.0000
289	-125.1250	752.0000
290	-124.8000	751.0000
291	-124.4750	752.0000
292	-124.4750	751.0000
293	-123.9875	752.0000
294	-123.5000	751.0000
295	-123.3375	752.0000
296	-123.0125	751.0000
297	-122.5250	752.0000
298	-122.2000	751.0000
299	-121.7125	752.0000
300	-121.3875	750.0000
301	-120.7375	752.0000
302	-120.4125	751.0000
303	-119.7625	751.0000
304	-119.2750	751.0000
305	-118.7875	751.0000
306	-118.1375	751.0000
307	-117.4875	751.0000
308	-116.8375	752.0000
309	-116.3500	751.0000
310	-116.1875	752.0000
311	-114.8875	751.0000
312	-114.2375	751.0000
313	-113.5875	751.0000
314	-112.9375	751.0000
315	-112.1250	751.0000
316	-111.3125	752.0000
317	-110.5000	751.0000
318	-109.8500	752.0000
319	-108.8750	750.0000
320	-108.2250	751.0000
321	-107.0875	751.0000
322	-106.2750	752.0000
323	-105.1375	751.0000
324	-104.4875	751.0000
325	-103.5125	751.0000
326	-102.7000	752.0000
327	-101.7250	751.0000
328	-100.7500	751.0000
329	-99.9375	751.0000
330	-98.8000	751.0000
331	-97.8250	751.0000
332	-96.8500	751.0000
333	-95.5500	751.0000
334	-94.9000	751.0000
335	-93.6000	750.0000
336	-92.7875	751.0000
337	-91.6500	752.0000
338	-90.3500	750.0000
339	-89.3750	752.0000
340	-88.2375	751.0000
341	-86.9375	752.0000
342	-85.8000	751.0000
343	-84.6625	752.0000
344	-83.3625	751.0000
345	-82.3875	751.0000
346	-81.2500	750.0000
347	-80.4375	751.0000
348	-78.8125	751.0000
349	-77.5125	751.0000
350	-76.0500	751.0000
351	-74.7500	751.0000
352	-73.9375	751.0000
353	-72.6375	751.0000
354	-70.6875	751.0000
355	-69.7125	751.0000
356	-68.2500	751.0000
357	-66.9500	751.0000
358	-65.8125	751.0000
359	-64.5125	751.0000
360	-63.0500	751.0000
361	-61.5875	749.0000
362	-60.4500	751.0000
363	-58.6625	750.0000
364	-57.5250	751.0000
365	-55.9000	750.0000
366	-54.4375	751.0000
367	-52.9750	750.0000
368	-51.8375	752.0000
369	-50.2125	750.0000
370	-49.0750	751.0000
371	-47.4500	750.0000
372	-45.9875	751.0000
373	-44.5250	750.0000
374	-42.9000	751.0000
375	-41.6000	750.0000
376	-52.8125	751.0000
377	-39.0000	751.0000
378	-37.2125	751.0000
379	-35.5875	751.0000
380	-34.7750	751.0000
381	-32.9875	751.0000
382	-31.6875	751.0000
383	-30.7125	751.0000
384	-29.2500	751.0000
385	-28.2750	751.0000
386	-27.6250	751.0000
387	-26.1625	751.0000
388	-25.5125	751.0000
389	-24.5375	751.0000
390	-23.8875	750.0000
391	-23.7250	751.0000
392	-23.2375	752.0000
393	-41.2750	751.0000
394	-29.5750	751.0000
395	-22.5875	751.0000
396	-22.2625	751.0000
397	-21.7750	751.0000
398	-21.6125	750.0000
399	-21.2875	751.0000
400	-21.2875	751.0000
401	-20.9625	751.0000
402	-20.8000	750.0000
403	-20.8000	751.0000
404	-20.6375	751.0000
405	-20.3125	751.0000
406	-20.3125	751.0000
407	-19.9875	751.0000
408	-20.1500	751.0000
409	-19.8250	751.0000
410	-19.8250	751.0000
411	-19.6625	751.0000
412	-19.6625	751.0000
413	-19.5000	750.0000
414	-19.5000	751.0000
415	-19.3375	750.0000
416	-19.3375	751.0000
417	-19.1750	750.0000
418	-19.0125	751.0000
419	-19.0125	750.0000
420	-19.0125	752.0000
421	-19.0125	750.0000
422	-18.8500	751.0000
423	-18.8500	750.0000
424	-18.8500	751.0000
425	-18.6875	750.0000
426	-18.6875	751.0000
427	-18.5250	751.0000
428	-18.6875	751.0000
429	-18.5250	751.0000
430	-18.3625	751.0000
431	-18.2000	751.0000
432	-18.3625	751.0000
433	-18.2000	751.0000
434	-18.3625	750.0000
435	-19.1750	751.0000
436	-18.2000	750.0000
437	-18.0375	751.0000
438	-18.2000	750.0000
439	-18.0375	751.0000
440	-18.0375	750.0000
441	-18.0375	751.0000
442	-18.0375	750.0000
443	-17.8750	751.0000
444	-17.8750	750.0000
445	-17.8750	751.0000
446	-17.8750	750.0000
447	-17.7125	751.0000
448	-28.7625	751.0000
449	-17.7125	751.0000
450	-17.5500	750.0000
451	-17.3875	751.0000
452	-17.2250	750.0000
453	-16.9000	751.0000
454	-17.0625	751.0000
455	-17.0625	751.0000
456	-17.0625	751.0000
457	-16.7375	750.0000
458	-16.7375	751.0000
459	-16.7375	750.0000
460	-16.9000	751.0000
461	-16.9000	750.0000
462	-16.9000	751.0000
463	-16.9000	750.0000
464	-16.9000	751.0000
465	-16.5750	750.0000
466	-16.7375	751.0000
467	-16.9000	750.0000
468	-17.0625	751.0000
469	-16.5750	750.0000
470	-16.4125	751.0000
471	-16.5750	750.0000
472	-16.5750	750.0000
473	-16.5750	750.0000
474	-16.7375	751.0000
475	-16.7375	750.0000
476	-16.7375	751.0000
477	-16.5750	750.0000
478	-16.9000	751.0000
479	-16.5750	750.0000
480	-16.7375	750.0000
481	-16.4125	750.0000
482	-16.2500	750.0000
483	-16.5750	750.0000
484	-16.4125	750.0000
485	-16.4125	751.0000
486	-16.2500	750.0000
487	-16.0875	751.0000
488	-16.4125	749.0000
489	-16.2500	751.0000
490	-16.0875	750.0000
491	-16.2500	751.0000
492	-16.2500	750.0000
493	-16.0875	751.0000
494	-15.9250	750.0000
495	-15.9250	751.0000
496	-16.4125	750.0000
497	-16.0875	751.0000
498	-16.0875	750.0000
499	-15.9250	751.0000
500	-16.0875	750.0000
501	-15.9250	751.0000
502	-16.0875	750.0000
503	-15.9250	751.0000
504	-15.9250	750.0000
505	-15.9250	750.0000
506	-16.2500	750.0000
507	-15.7625	750.0000
508	-15.9250	751.0000
509	-15.7625	750.0000
510	-15.7625	751.0000
511	-15.7625	750.0000
512	-15.7625	751.0000
513	-15.6000	750.0000
514	-15.9250	751.0000
515	-15.6000	750.0000
516	-15.9250	750.0000
517	-15.6000	750.0000
518	-15.7625	751.0000
519	-15.7625	750.0000
520	-15.9250	751.0000
521	-15.9250	750.0000
522	-15.9250	751.0000
523	-15.6000	750.0000
524	-15.7625	750.0000
525	-15.7625	750.0000
526	-15.6000	751.0000
527	-15.6000	750.0000
528	-15.9250	750.0000
529	-15.9250	750.0000
530	-15.6000	750.0000
531	-15.7625	750.0000
532	-15.7625	750.0000
533	-15.7625	750.0000
534	-15.6000	750.0000
535	-15.7625	751.0000
536	-15.9250	750.0000
537	-15.7625	750.0000
538	-15.6000	750.0000
539	-15.6000	751.0000
540	-15.6000	750.0000
541	-15.4375	751.0000
542	-15.4375	750.0000
543	-15.7625	751.0000
544	-16.0875	750.0000
545	-15.9250	751.0000
546	-15.9250	750.0000
547	-15.7625	750.0000
548	-15.7625	750.0000
549	-15.9250	750.0000
550	-15.7625	750.0000
551	-15.9250	751.0000
552	-15.6000	750.0000
553	-15.4375	750.0000
554	-15.6000	750.0000
555	-15.4375	748.0000
556	-15.4375	750.0000
557	-15.2750	750.0000
558	-15.4375	750.0000
559	-15.4375	750.0000
560	-26.9750	750.0000
561	-24.0500	750.0000
562	-16.0875	750.0000
563	-15.6000	749.0000
564	-15.6000	751.0000
565	-15.7625	750.0000
566	-15.6000	750.0000
567	-15.6000	749.0000
568	-15.7625	751.0000
569	-15.1125	750.0000
570	-15.1125	750.0000
571	-15.1125	750.0000
572	-14.9500	751.0000
573	-14.9500	749.0000
574	-14.7875	750.0000
575	-14.9500	750.0000
576	-14.7875	750.0000
577	-14.7875	750.0000
578	-14.9500	750.0000
579	-14.9500	750.0000
580	-15.1125	750.0000
581	-14.7875	750.0000
582	-14.7875	750.0000
583	-14.9500	750.0000
584	-14.9500	749.0000
585	-14.7875	750.0000
586	-14.9500	749.0000
587	-14.7875	750.0000
588	-14.9500	750.0000
589	-14.7875	750.0000
590	-14.7875	749.0000
591	-15.1125	750.0000
592	-14.7875	750.0000
593	-14.6250	750.0000
594	-14.7875	749.0000
595	-14.7875	750.0000
596	-14.6250	749.0000
597	-14.6250	750.0000
598	-14.6250	750.0000
599	-14.3000	750.0000
600	-14.7875	749.0000
601	-14.6250	750.0000
602	-14.4625	749.0000
603	-14.7875	750.0000
604	-14.9500	750.0000
605	-14.3000	750.0000
606	-14.1375	750.0000
607	-13.9750	750.0000
608	-14.3000	750.0000
609	-13.9750	749.0000
610	-13.9750	750.0000
611	-13.9750	749.0000
612	-13.9750	750.0000
613	-13.8125	749.0000
614	-13.8125	750.0000
615	-13.8125	749.0000
616	-13.9750	750.0000
617	-13.8125	749.0000
618	-13.6500	750.0000
619	-13.6500	749.0000
620	-13.8125	750.0000
621	-13.8125	749.0000
622	-13.9750	750.0000
623	-13.6500	749.0000
624	-13.4875	750.0000
625	-13.4875	749.0000
626	-13.4875	750.0000
627	-13.3250	749.0000
628	-13.3250	750.0000
629	-13.6500	749.0000
630	-13.1625	750.0000
631	-13.1625	750.0000
632	-13.3250	750.0000
633	-13.1625	750.0000
634	-13.1625	749.0000
635	-13.0000	750.0000
636	-13.1625	749.0000
637	-13.3250	750.0000
638	-12.8375	749.0000
639	-12.6750	750.0000
640	-12.6750	749.0000
641	-12.6750	750.0000
642	-12.6750	749.0000
643	-12.5125	750.0000
644	-12.3500	749.0000
645	-12.5125	750.0000
646	-12.5125	749.0000
647	-12.3500	750.0000
648	-12.1875	749.0000
649	-12.5125	753.0000
650	-12.3500	749.0000
651	-12.0250	750.0000
652	-12.0250	749.0000
653	-12.1875	750.0000
654	-12.1875	749.0000
655	-12.0250	750.0000
656	-12.0250	749.0000
657	-11.8625	749.0000
658	-11.8625	750.0000
659	-11.7000	749.0000
660	-11.7000	750.0000
661	-11.5375	749.0000
662	-11.5375	750.0000
663	-11.2125	749.0000
664	-11.3750	750.0000
665	-11.2125	749.0000
666	-10.7250	750.0000
667	-10.5625	750.0000
668	-10.5625	750.0000
669	-10.0750	750.0000
670	-9.9125	750.0000
671	-9.5875	746.0000
672	-9.4250	750.0000
673	-9.1000	749.0000
674	-8.6125	750.0000
675	-8.4500	749.0000
676	-7.9625	750.0000
677	-7.6375	749.0000
678	-7.3125	750.0000
679	-6.8250	749.0000
680	-6.1750	750.0000
681	-5.5250	750.0000
682	-5.0375	749.0000
683	-4.5500	750.0000
684	-3.9000	749.0000
685	-4.3875	750.0000
686	-2.6000	749.0000
687	-1.9500	750.0000
688	-1.4625	749.0000
689	-0.4875	750.0000
690	0.1625	750.0000
691	0.3250	750.0000
692	1.4625	749.0000
693	2.1125	750.0000
694	2.9250	749.0000
695	3.5750	750.0000
696	4.5500	750.0000
697	5.5250	749.0000
698	6.1750	749.0000
699	6.9875	750.0000
700	7.9625	750.0000
701	9.1000	750.0000
702	10.0750	749.0000
703	10.8875	750.0000
704	12.0250	750.0000
705	13.0000	750.0000
706	13.9750	750.0000
707	15.1125	750.0000
708	15.6000	750.0000
709	16.9000	750.0000
710	18.2000	750.0000
711	19.1750	749.0000
712	19.9875	750.0000
713	21.6125	749.0000
714	22.7500	750.0000
715	24.0500	749.0000
716	24.5375	750.0000
717	26.3250	749.0000
718	27.7875	750.0000
719	29.0875	749.0000
720	29.9000	750.0000
721	31.3625	749.0000
722	32.6625	750.0000
723	33.8000	749.0000
724	34.7750	750.0000
725	36.5625	749.0000
726	37.8625	750.0000
727	39.1625	749.0000
728	40.3000	750.0000
729	41.1125	749.0000
730	43.0625	750.0000
731	44.5250	750.0000
732	45.8250	749.0000
733	47.2875	750.0000
734	48.9125	749.0000
735	50.2125	750.0000
736	51.3500	749.0000
737	52.6500	750.0000
738	54.4375	749.0000
739	55.5750	750.0000
740	57.0375	749.0000
741	58.5000	750.0000
742	60.1250	749.0000
743	61.5875	750.0000
744	62.2375	749.0000
745	64.0250	750.0000
746	65.4875	749.0000
747	66.7875	749.0000
748	68.5750	749.0000
749	70.0375	749.0000
750	71.3375	749.0000
751	72.9625	748.0000
752	74.1000	749.0000
753	75.4000	746.0000
754	77.1875	749.0000
755	78.6500	748.0000
756	80.1125	749.0000
757	81.2500	749.0000
758	83.2000	750.0000
759	84.6625	749.0000
760	85.3125	750.0000
761	87.5875	749.0000
762	88.7250	750.0000
763	90.3500	749.0000
764	91.8125	750.0000
765	93.1125	749.0000
766	94.4125	750.0000
767	95.8750	749.0000
768	97.6625	750.0000
769	99.2875	749.0000
770	100.4250	750.0000
771	101.8875	748.0000
772	103.1875	750.0000
773	104.3250	749.0000
774	105.6250	750.0000
775	106.6000	749.0000
776	107.5750	750.0000
777	108.3875	749.0000
778	108.5500	750.0000
779	109.8500	749.0000
780	110.8250	750.0000
781	111.8000	749.0000
782	111.9625	749.0000
783	112.6125	750.0000
784	113.4250	749.0000
785	113.7500	750.0000
786	114.2375	749.0000
787	114.5625	750.0000
788	114.8875	749.0000
789	115.3750	750.0000
790	115.2125	749.0000
791	115.7000	750.0000
792	115.8625	749.0000
793	115.7000	750.0000
794	115.8625	749.0000
795	116.1875	750.0000
796	116.0250	749.0000
797	116.1875	750.0000
798	115.8625	750.0000
799	115.8625	750.0000
800	114.2375	750.0000
801	114.8875	749.0000
802	114.7250	749.0000
803	114.5625	749.0000
804	114.2375	749.0000
805	114.2375	749.0000
806	113.1000	750.0000
807	113.7500	749.0000
808	113.2625	750.0000
809	113.1000	749.0000
810	111.6375	750.0000
811	112.1250	749.0000
812	111.8000	750.0000
813	111.4750	749.0000
814	110.6625	750.0000
815	110.3375	749.0000
816	109.5250	747.0000
817	109.0375	749.0000
818	108.2250	750.0000
819	107.9000	749.0000
820	107.2500	750.0000
821	106.2750	750.0000
822	106.1125	750.0000
823	105.4625	749.0000
824	104.8125	749.0000
825	104.1625	749.0000
826	103.3500	749.0000
827	102.5375	749.0000
828	101.5625	749.0000
829	100.7500	749.0000
830	100.2625	749.0000
831	99.4500	749.0000
832	98.4750	749.0000
833	97.6625	749.0000
834	96.8500	749.0000
835	96.2000	749.0000
836	94.7375	748.0000
837	94.0875	750.0000
838	93.1125	748.0000
839	92.4625	750.0000
840	91.1625	748.0000
841	90.5125	749.0000
842	89.3750	748.0000
843	88.4000	749.0000
844	87.2625	748.0000
845	86.2875	749.0000
846	84.9875	748.0000
847	84.0125	749.0000
848	82.8750	748.0000
849	81.7375	749.0000
850	80.4375	748.0000
851	79.4625	749.0000
852	78.3250	749.0000
853	76.8625	749.0000
854	76.0500	749.0000
855	74.9125	749.0000
856	73.9375	749.0000
857	72.4750	748.0000
858	70.8500	749.0000
859	70.0375	748.0000
860	68.2500	749.0000
861	67.6000	748.0000
862	65.9750	749.0000
863	64.8375	748.0000
864	63.7000	749.0000
865	61.5875	749.0000
866	61.1000	749.0000
867	59.8000	748.0000
868	58.3375	749.0000
869	56.2250	748.0000
870	55.7375	749.0000
871	54.4375	748.0000
872	52.9750	749.0000
873	51.1875	748.0000
874	49.8875	749.0000
875	48.4250	748.0000
876	47.1250	749.0000
877	45.6625	748.0000
878	44.2000	748.0000
879	43.0625	748.0000
880	41.4375	748.0000
881	39.9750	748.0000
882	38.5125	748.0000
883	36.7250	749.0000
884	35.2625	748.0000
885	33.9625	749.0000
886	32.1750	748.0000
887	31.0375	749.0000
888	29.5750	748.0000
889	28.1125	749.0000
890	25.8375	748.0000
891	25.0250	751.0000
892	23.7250	748.0000
893	22.4250	749.0000
894	20.8000	748.0000
895	19.8250	748.0000
896	18.0375	748.0000
897	17.2250	748.0000
898	16.0875	748.0000
899	15.2750	748.0000
900	14.3000	748.0000
901	13.8125	748.0000
902	13.3250	748.0000
903	12.5125	748.0000
904	11.8625	748.0000
905	11.5375	748.0000
906	11.3750	748.0000
907	11.2125	748.0000
908	10.7250	748.0000
909	10.7250	748.0000
910	10.4000	748.0000
911	10.2375	747.0000
912	9.7500	749.0000
913	9.7500	748.0000
914	9.5875	746.0000
915	9.2625	747.0000
916	9.1000	748.0000
917	9.1000	747.0000
918	9.1000	748.0000
919	8.9375	747.0000
920	8.7750	749.0000
921	8.6125	748.0000
922	8.6125	748.0000
923	8.4500	748.0000
924	8.2875	748.0000
925	8.2875	747.0000
926	8.2875	748.0000
927	8.1250	748.0000
928	7.6375	748.0000
929	7.8000	748.0000
930	8.1250	748.0000
931	7.6375	748.0000
932	7.6375	748.0000
933	7.8000	748.0000
934	7.4750	748.0000
935	5.8500	748.0000
936	7.3125	748.0000
937	7.3125	748.0000
938	7.3125	747.0000
939	7.3125	748.0000
940	6.9875	747.0000
941	7.1500	748.0000
942	7.1500	747.0000
943	6.8250	748.0000
944	6.9875	748.0000
945	6.9875	748.0000
946	6.6625	748.0000
947	6.8250	747.0000
948	6.8250	747.0000
949	6.9875	748.0000
950	6.9875	748.0000
951	6.8250	748.0000
952	6.5000	748.0000
953	6.5000	748.0000
954	6.5000	748.0000
955	6.5000	748.0000
956	6.3375	748.0000
957	6.6625	748.0000
958	6.5000	748.0000
959	6.3375	748.0000
960	6.1750	748.0000
961	6.1750	747.0000
962	6.6625	748.0000
963	6.5000	747.0000
964	6.5000	748.0000
965	6.5000	747.0000
966	6.6625	748.0000
967	6.3375	747.0000
968	6.3375	748.0000
969	6.0125	747.0000
970	6.3375	748.0000
971	6.1750	747.0000
972	6.1750	748.0000
973	6.0125	747.0000
974	5.8500	748.0000
975	6.0125	747.0000
976	6.0125	748.0000
977	5.6875	747.0000
978	5.6875	747.0000
979	6.0125	748.0000
980	5.8500	747.0000
981	5.6875	748.0000
982	5.6875	747.0000
983	5.8500	748.0000
984	5.8500	747.0000
985	5.6875	748.0000
986	5.6875	747.0000
987	5.8500	748.0000
988	5.8500	747.0000
989	5.6875	748.0000
990	5.0375	747.0000
991	5.8500	748.0000
992	5.3625	747.0000
993	5.3625	748.0000
994	5.5250	747.0000
995	5.5250	748.0000
996	5.5250	747.0000
997	5.5250	748.0000
998	5.2000	747.0000
999	5.6875	748.0000
1000	5.5250	747.0000
1001	5.3625	748.0000
1002	5.2000	747.0000
1003	5.5250	748.0000
1004	5.2000	747.0000
1005	5.5250	747.0000
1006	5.3625	748.0000
1007	5.5250	747.0000
1008	5.3625	748.0000
1009	5.5250	747.0000
1010	5.3625	748.0000
1011	5.3625	747.0000
1012	5.5250	748.0000
1013	5.2000	747.0000
1014	5.5250	748.0000
1015	5.3625	747.0000
1016	5.2000	748.0000
1017	5.2000	747.0000
1018	5.0375	748.0000
1019	5.2000	747.0000
1020	5.2000	748.0000
1021	5.2000	747.0000
1022	5.2000	748.0000
1023	5.3625	747.0000
#8328
0	5.0375	747.0000
1	4.0625	747.0000
2	-4.2250	750.0000
3	-3.2500	747.0000
4	4.2250	748.0000
5	4.3875	747.0000
6	0.9750	747.0000
7	-0.8125	747.0000
8	4.2250	748.0000
9	4.3875	747.0000
10	4.5500	747.0000
11	4.2250	747.0000
12	4.3875	747.0000
13	4.5500	747.0000
14	4.5500	747.0000
15	4.3875	747.0000
16	4.3875	747.0000
17	4.5500	748.0000
18	4.7125	747.0000
19	0.1625	748.0000
20	4.3875	747.0000
21	4.5500	748.0000
22	4.5500	747.0000
23	4.5500	748.0000
24	4.3875	747.0000
25	4.5500	747.0000
26	4.2250	746.0000
27	4.2250	747.0000
28	4.3875	747.0000
29	4.5500	748.0000
30	4.5500	747.0000
31	5.0375	747.0000
32	5.0375	747.0000
33	4.5500	748.0000
34	4.7125	747.0000
35	4.8750	747.0000
36	4.8750	747.0000
37	4.8750	747.0000
38	4.7125	747.0000
39	4.7125	747.0000
40	4.3875	747.0000
41	4.2250	747.0000
42	1.9500	747.0000
43	2.7625	747.0000
44	4.3875	747.0000
45	4.3875	747.0000
46	4.5500	747.0000
47	3.0875	746.0000
48	2.7625	747.0000
49	4.5500	746.0000
50	4.5500	747.0000
51	4.5500	746.0000
52	4.7125	747.0000
53	4.0625	746.0000
54	4.5500	747.0000
55	4.5500	747.0000
56	4.3875	747.0000
57	4.2250	747.0000
58	4.3875	747.0000
59	4.2250	747.0000
60	4.2250	747.0000
61	4.5500	747.0000
62	4.2250	747.0000
63	4.2250	747.0000
64	4.3875	748.0000
65	4.3875	747.0000
66	4.0625	746.0000
67	4.2250	747.0000
68	4.2250	746.0000
69	4.2250	747.0000
70	4.0625	746.0000
71	4.3875	747.0000
72	4.2250	746.0000
73	4.2250	747.0000
74	4.0625	747.0000
75	4.0625	747.0000
76	4.2250	746.0000
77	4.3875	747.0000
78	4.2250	746.0000
79	4.3875	747.0000
80	4.2250	746.0000
81	4.2250	747.0000
82	4.0625	746.0000
83	4.2250	747.0000
84	4.0625	746.0000
85	4.0625	747.0000
86	4.0625	747.0000
87	4.0625	747.0000
88	3.9000	747.0000
89	3.7375	747.0000
90	3.9000	747.0000
91	3.9000	746.0000
92	3.9000	747.0000
93	3.9000	746.0000
94	3.7375	747.0000
95	3.7375	746.0000
96	3.7375	747.0000
97	3.5750	746.0000
98	3.4125	747.0000
99	3.5750	746.0000
100	3.4125	747.0000
101	3.4125	746.0000
102	3.4125	747.0000
103	3.4125	746.0000
104	3.0875	747.0000
105	3.0875	746.0000
106	3.0875	747.0000
107	3.0875	746.0000
108	3.0875	747.0000
109	3.2500	746.0000
110	3.0875	747.0000
111	3.0875	746.0000
112	2.9250	746.0000
113	3.2500	747.0000
114	2.7625	746.0000
115	3.0875	747.0000
116	3.0875	746.0000
117	2.9250	747.0000
118	2.9250	746.0000
119	2.7625	747.0000
120	2.7625	746.0000
121	2.7625	747.0000
122	2.7625	745.0000
123	2.6000	747.0000
124	2.6000	746.0000
125	2.4375	747.0000
126	2.4375	746.0000
127	2.2750	747.0000
128	2.2750	746.0000
129	2.4375	747.0000
130	2.2750	746.0000
131	1.9500	747.0000
132	2.1125	746.0000
133	2.1125	747.0000
134	1.9500	746.0000
135	1.9500	746.0000
136	1.7875	746.0000
137	1.7875	747.0000
138	1.6250	747.0000
139	1.4625	746.0000
140	1.6250	747.0000
141	1.4625	746.0000
142	1.4625	747.0000
143	1.1375	745.0000
144	0.4875	747.0000
145	0.9750	745.0000
146	-0.8125	747.0000
147	0.3250	746.0000
148	0.1625	745.0000
149	0.4875	746.0000
150	0.4875	747.0000
151	0.0000	746.0000
152	0.0000	746.0000
153	-0.1625	746.0000
154	0.3250	746.0000
155	0.0000	746.0000
156	-0.1625	746.0000
157	-0.8125	746.0000
158	-0.6500	746.0000
159	-0.9750	746.0000
160	-1.3000	746.0000
161	-1.7875	746.0000
162	-1.9500	746.0000
163	-2.4375	746.0000
164	-3.0875	746.0000
165	-3.0875	746.0000
166	-3.7375	745.0000
167	-4.2250	747.0000
168	-4.8750	745.0000
169	-5.2000	746.0000
170	-6.0125	745.0000
171	-6.3375	746.0000
172	-7.3125	745.0000
173	-7.3125	746.0000
174	-8.4500	745.0000
175	-8.9375	746.0000
176	-9.5875	745.0000
177	-9.9125	746.0000
178	-10.8875	745.0000
179	-11.5375	746.0000
180	-12.8375	745.0000
181	-13.6500	746.0000
182	-14.1375	745.0000
183	-14.9500	746.0000
184	-15.7625	745.0000
185	-16.4125	745.0000
186	-17.3875	746.0000
187	-18.3625	745.0000
188	-19.1750	745.0000
189	-20.6375	745.0000
190	-21.2875	746.0000
191	-21.9375	745.0000
192	-23.0750	746.0000
193	-23.8875	745.0000
194	-25.3500	746.0000
195	-26.1625	745.0000
196	-27.1375	746.0000
197	-28.2750	745.0000
198	-29.2500	746.0000
199	-30.2250	745.0000
200	-31.5250	746.0000
201	-32.6625	745.0000
202	-33.8000	746.0000
203	-35.7500	745.0000
204	-36.4000	745.0000
205	-38.1875	745.0000
206	-38.8375	745.0000
207	-39.9750	745.0000
208	-41.1125	745.0000
209	-42.5750	745.0000
210	-43.7125	745.0000
211	-45.0125	745.0000
212	-46.3125	745.0000
213	-47.7750	745.0000
214	-48.7500	745.0000
215	-50.2125	745.0000
216	-51.3500	745.0000
217	-52.8125	746.0000
218	-54.4375	745.0000
219	-55.5750	745.0000
220	-56.8750	745.0000
221	-58.1750	746.0000
222	-59.8000	745.0000
223	-60.9375	746.0000
224	-62.2375	745.0000
225	-63.5375	746.0000
226	-65.3250	745.0000
227	-66.4625	746.0000
228	-68.2500	745.0000
229	-69.2250	745.0000
230	-71.0125	745.0000
231	-72.1500	745.0000
232	-73.6125	745.0000
233	-75.0750	745.0000
234	-77.0250	745.0000
235	-78.0000	745.0000
236	-79.1375	745.0000
237	-80.4375	745.0000
238	-81.9000	745.0000
239	-83.6875	745.0000
240	-85.1500	746.0000
241	-86.2875	745.0000
242	-87.9125	746.0000
243	-89.2125	745.0000
244	-90.5125	745.0000
245	-92.1375	745.0000
246	-93.7625	746.0000
247	-95.5500	745.0000
248	-96.5250	746.0000
249	-97.8250	745.0000
250	-99.6125	746.0000
251	-101.7250	745.0000
252	-102.3750	745.0000
253	-103.8375	745.0000
254	-105.3000	746.0000
255	-106.7625	745.0000
256	-108.0625	745.0000
257	-109.5250	745.0000
258	-110.8250	745.0000
259	-112.2875	745.0000
260	-113.5875	747.0000
261	-114.7250	745.0000
262	-115.7000	745.0000
263	-117.0000	745.0000
264	-117.9750	745.0000
265	-118.6250	746.0000
266	-119.6000	745.0000
267	-120.4125	746.0000
268	-121.2250	744.0000
269	-122.8500	746.0000
270	-122.3625	745.0000
271	-122.8500	745.0000
272	-123.3375	745.0000
273	-123.6625	745.0000
274	-124.1500	745.0000
275	-124.3125	745.0000
276	-124.8000	745.0000
277	-124.9625	745.0000
278	-125.4500	745.0000
279	-125.2875	745.0000
280	-125.6125	745.0000
281	-125.6125	745.0000
282	-125.6125	745.0000
283	-125.6125	745.0000
284	-125.6125	745.0000
285	-125.7750	745.0000
286	-125.6125	745.0000
287	-125.4500	745.0000
288	-125.2875	745.0000
289	-125.1250	744.0000
290	-125.1250	746.0000
291	-124.8000	744.0000
292	-124.4750	746.0000
293	-124.1500	745.0000
294	-123.8250	745.0000
295	-123.6625	745.0000
296	-123.5000	745.0000
297	-123.0125	745.0000
298	-122.5250	745.0000
299	-122.0375	744.0000
300	-121.5500	745.0000
301	-120.7375	745.0000
302	-120.9000	745.0000
303	-119.9250	745.0000
304	-119.4375	745.0000
305	-119.2750	745.0000
306	-118.3000	745.0000
307	-117.6500	745.0000
308	-117.0000	745.0000
309	-117.0000	745.0000
310	-116.0250	745.0000
311	-115.0500	745.0000
312	-114.5625	745.0000
313	-113.7500	745.0000
314	-112.9375	744.0000
315	-112.4500	745.0000
316	-111.4750	744.0000
317	-110.6625	745.0000
318	-110.1750	744.0000
319	-109.0375	745.0000
320	-108.0625	744.0000
321	-107.2500	745.0000
322	-106.2750	744.0000
323	-105.6250	745.0000
324	-104.6500	744.0000
325	-103.8375	745.0000
326	-103.0250	744.0000
327	-101.8875	745.0000
328	-100.9125	744.0000
329	-99.9375	745.0000
330	-99.2875	744.0000
331	-97.8250	745.0000
332	-97.0125	744.0000
333	-95.8750	745.0000
334	-94.7375	745.0000
335	-93.9250	744.0000
336	-92.7875	745.0000
337	-91.4875	744.0000
338	-90.8375	745.0000
339	-89.2125	744.0000
340	-88.0750	745.0000
341	-87.1000	744.0000
342	-85.9625	745.0000
343	-84.6625	744.0000
344	-83.5250	745.0000
345	-82.2250	745.0000
346	-81.2500	745.0000
347	-79.9500	744.0000
348	-79.1375	745.0000
349	-77.6750	744.0000
350	-76.2125	745.0000
351	-75.0750	744.0000
352	-73.6125	745.0000
353	-72.3125	744.0000
354	-71.0125	745.0000
355	-69.8750	744.0000
356	-68.5750	744.0000
357	-67.2750	744.0000
358	-65.8125	744.0000
359	-64.1875	744.0000
360	-63.0500	744.0000
361	-61.5875	745.0000
362	-60.2875	744.0000
363	-58.9875	745.0000
364	-57.6875	744.0000
365	-56.0625	745.0000
366	-54.7625	744.0000
367	-53.3000	745.0000
368	-51.8375	744.0000
369	-50.3750	745.0000
370	-48.7500	744.0000
371	-47.2875	745.0000
372	-46.6375	744.0000
373	-44.6875	745.0000
374	-43.0625	744.0000
375	-41.9250	745.0000
376	-40.3000	744.0000
377	-38.5125	744.0000
378	-37.3750	744.0000
379	-36.0750	745.0000
380	-34.6125	744.0000
381	-33.6375	744.0000
382	-31.6875	744.0000
383	-30.7125	745.0000
384	-29.2500	744.0000
385	-27.7875	744.0000
386	-26.9750	744.0000
387	-26.3250	744.0000
388	-25.5125	744.0000
389	-25.1875	744.0000
390	-23.8875	745.0000
391	-23.4000	744.0000
392	-23.2375	745.0000
393	-22.7500	743.0000
394	-23.2375	744.0000
395	-22.1000	744.0000
396	-21.6125	745.0000
397	-21.4500	744.0000
398	-21.1250	744.0000
399	-20.9625	744.0000
400	-20.8000	745.0000
401	-20.4750	744.0000
402	-20.3125	744.0000
403	-20.1500	744.0000
404	-19.9875	744.0000
405	-19.8250	742.0000
406	-19.5000	744.0000
407	-19.5000	741.0000
408	-19.3375	744.0000
409	-19.3375	744.0000
410	-19.1750	744.0000
411	-19.0125	744.0000
412	-19.3375	744.0000
413	-19.0125	745.0000
414	-18.8500	743.0000
415	-18.6875	745.0000
416	-18.6875	743.0000
417	-18.8500	742.0000
418	-18.6875	743.0000
419	-18.5250	744.0000
420	-18.5250	743.0000
421	-18.3625	746.0000
422	-18.3625	743.0000
423	-18.5250	744.0000
424	-18.2000	743.0000
425	-18.2000	744.0000
426	-18.2000	743.0000
427	-18.3625	744.0000
428	-17.8750	744.0000
429	-17.7125	744.0000
430	-17.7125	743.0000
431	-17.7125	744.0000
432	-17.5500	744.0000
433	-17.7125	744.0000
434	-17.8750	744.0000
435	-17.7125	744.0000
436	-17.7125	744.0000
437	-18.0375	743.0000
438	-17.3875	744.0000
439	-17.5500	743.0000
440	-17.3875	744.0000
441	-17.8750	743.0000
442	-17.3875	744.0000
443	-17.7125	743.0000
444	-17.2250	744.0000
445	-17.2250	743.0000
446	-17.2250	744.0000
447	-17.0625	743.0000
448	-17.2250	744.0000
449	-17.0625	743.0000
450	-17.3875	744.0000
451	-17.7125	744.0000
452	-17.0625	744.0000
453	-17.0625	744.0000
454	-17.3875	744.0000
455	-16.9000	743.0000
456	-17.0625	744.0000
457	-17.0625	743.0000
458	-17.0625	744.0000
459	-17.3875	744.0000
460	-17.0625	744.0000
461	-16.7375	744.0000
462	-24.8625	743.0000
463	-25.1875	744.0000
464	-20.6375	743.0000
465	-16.4125	744.0000
466	-16.7375	743.0000
467	-16.5750	744.0000
468	-16.5750	743.0000
469	-16.2500	744.0000
470	-16.5750	743.0000
471	-16.4125	744.0000
472	-16.5750	743.0000
473	-16.4125	744.0000
474	-16.2500	744.0000
475	-18.2000	744.0000
476	-18.3625	743.0000
477	-17.2250	744.0000
478	-17.0625	743.0000
479	-17.0625	744.0000
480	-16.9000	743.0000
481	-16.9000	743.0000
482	-16.9000	743.0000
483	-16.9000	743.0000
484	-16.9000	743.0000
485	-16.7375	743.0000
486	-16.9000	743.0000
487	-20.3125	743.0000
488	-18.5250	744.0000
489	-16.9000	743.0000
490	-17.0625	744.0000
491	-16.9000	743.0000
492	-16.9000	744.0000
493	-16.7375	743.0000
494	-16.9000	744.0000
495	-16.9000	742.0000
496	-16.7375	744.0000
497	-16.7375	743.0000
498	-16.7375	744.0000
499	-16.7375	743.0000
500	-16.7375	743.0000
501	-16.7375	743.0000
502	-16.7375	743.0000
503	-16.5750	743.0000
504	-16.5750	743.0000
505	-16.5750	743.0000
506	-16.7375	743.0000
507	-16.4125	743.0000
508	-16.5750	743.0000
509	-16.5750	744.0000
510	-16.4125	743.0000
511	-16.5750	744.0000
512	-17.2250	743.0000
513	-16.0875	744.0000
514	-15.9250	743.0000
515	-15.9250	743.0000
516	-16.2500	743.0000
517	-16.5750	744.0000
518	-16.0875	743.0000
519	-21.4500	744.0000
520	-16.4125	743.0000
521	-16.2500	743.0000
522	-16.2500	743.0000
523	-16.2500	743.0000
524	-16.4125	743.0000
525	-15.9250	743.0000
526	-15.7625	743.0000
527	-15.9250	743.0000
528	-16.4125	743.0000
529	-16.4125	743.0000
530	-15.9250	743.0000
531	-15.9250	743.0000
532	-15.7625	743.0000
533	-15.9250	743.0000
534	-15.7625	743.0000
535	-15.7625	743.0000
536	-15.7625	743.0000
537	-16.0875	743.0000
538	-16.4125	743.0000
539	-16.0875	743.0000
540	-15.7625	744.0000
541	-16.5750	743.0000
542	-15.7625	743.0000
543	-15.7625	743.0000
544	-15.6000	744.0000
545	-15.6000	743.0000
546	-15.7625	743.0000
547	-15.6000	743.0000
548	-15.7625	743.0000
549	-15.7625	743.0000
550	-16.5750	743.0000
551	-15.6000	743.0000
552	-15.7625	743.0000
553	-15.6000	743.0000
554	-15.4375	743.0000
555	-15.4375	743.0000
556	-15.2750	743.0000
557	-15.4375	743.0000
558	-15.4375	743.0000
559	-15.4375	743.0000
560	-15.4375	743.0000
561	-15.2750	743.0000
562	-15.6000	742.0000
563	-15.9250	743.0000
564	-15.4375	742.0000
565	-15.2750	743.0000
566	-15.2750	743.0000
567	-15.2750	743.0000
568	-15.2750	742.0000
569	-15.1125	743.0000
570	-15.2750	743.0000
571	-15.2750	743.0000
572	-15.1125	742.0000
573	-14.9500	743.0000
574	-15.1125	742.0000
575	-15.1125	743.0000
576	-15.1125	744.0000
577	-14.9500	743.0000
578	-15.1125	743.0000
579	-15.4375	743.0000
580	-15.1125	743.0000
581	-14.9500	743.0000
582	-14.9500	743.0000
583	-14.7875	742.0000
584	-14.9500	743.0000
585	-14.7875	743.0000
586	-15.1125	743.0000
587	-14.9500	742.0000
588	-14.6250	740.0000
589	-14.4625	742.0000
590	-14.4625	743.0000
591	-14.4625	742.0000
592	-14.6250	743.0000
593	-14.3000	742.0000
594	-14.4625	746.0000
595	-14.4625	742.0000
596	-14.4625	743.0000
597	-14.1375	742.0000
598	-14.4625	743.0000
599	-14.1375	742.0000
600	-14.3000	743.0000
601	-14.3000	742.0000
602	-14.3000	743.0000
603	-14.3000	742.0000
604	-14.9500	743.0000
605	-14.4625	743.0000
606	-14.1375	742.0000
607	-14.3000	743.0000
608	-14.3000	742.0000
609	-13.9750	743.0000
610	-13.9750	742.0000
611	-13.9750	743.0000
612	-14.1375	742.0000
613	-13.9750	743.0000
614	-13.8125	742.0000
615	-13.8125	743.0000
616	-13.9750	742.0000
617	-13.9750	743.0000
618	-13.9750	742.0000
619	-13.8125	743.0000
620	-13.9750	742.0000
621	-13.6500	743.0000
622	-13.6500	742.0000
623	-13.4875	743.0000
624	-13.6500	742.0000
625	-13.8125	743.0000
626	-13.4875	742.0000
627	-13.4875	743.0000
628	-13.4875	742.0000
629	-13.3250	743.0000
630	-13.3250	743.0000
631	-13.6500	742.0000
632	-13.3250	743.0000
633	-13.3250	743.0000
634	-13.1625	743.0000
635	-13.0000	742.0000
636	-13.1625	743.0000
637	-13.0000	742.0000
638	-13.0000	743.0000
639	-12.8375	742.0000
640	-13.1625	743.0000
641	-12.8375	742.0000
642	-12.8375	743.0000
643	-12.6750	742.0000
644	-14.6250	743.0000
645	-12.6750	742.0000
646	-12.6750	743.0000
647	-12.6750	742.0000
648	-12.6750	743.0000
649	-12.5125	742.0000
650	-12.3500	743.0000
651	-12.5125	742.0000
652	-12.3500	743.0000
653	-12.3500	742.0000
654	-12.1875	743.0000
655	-12.1875	742.0000
656	-11.8625	742.0000
657	-11.8625	742.0000
658	-11.5375	742.0000
659	-11.3750	743.0000
660	-11.3750	742.0000
661	-11.2125	743.0000
662	-11.2125	742.0000
663	-11.2125	743.0000
664	-11.0500	742.0000
665	-11.2125	743.0000
666	-10.5625	742.0000
667	-10.5625	742.0000
668	-10.5625	742.0000
669	-10.4000	742.0000
670	-10.0750	743.0000
671	-9.5875	743.0000
672	-9.4250	742.0000
673	-8.9375	743.0000
674	-9.4250	742.0000
675	-8.4500	742.0000
676	-7.9625	742.0000
677	-7.3125	742.0000
678	-6.9875	742.0000
679	-6.3375	742.0000
680	-6.1750	742.0000
681	-5.3625	742.0000
682	-5.0375	742.0000
683	-4.3875	742.0000
684	-3.9000	742.0000
685	-3.0875	742.0000
686	-2.7625	742.0000
687	-2.1125	742.0000
688	-1.3000	743.0000
689	-0.6500	742.0000
690	-0.1625	742.0000
691	0.6500	741.0000
692	1.4625	742.0000
693	2.2750	742.0000
694	2.9250	743.0000
695	3.9000	742.0000
696	4.3875	742.0000
697	5.6875	742.0000
698	6.1750	742.0000
699	7.1500	742.0000
700	8.1250	742.0000
701	9.1000	742.0000
702	10.0750	742.0000
703	11.0500	742.0000
704	12.0250	742.0000
705	12.5125	742.0000
706	13.6500	742.0000
707	14.9500	743.0000
708	16.0875	742.0000
709	17.3875	743.0000
710	18.3625	742.0000
711	19.3375	743.0000
712	20.6375	742.0000
713	21.9375	743.0000
714	22.9125	742.0000
715	23.8875	743.0000
716	25.3500	742.0000
717	25.8375	743.0000
718	27.7875	742.0000
719	28.7625	743.0000
720	30.2250	742.0000
721	31.5250	742.0000
722	32.8250	742.0000
723	33.9625	742.0000
724	35.2625	742.0000
725	36.7250	742.0000
726	38.0250	742.0000
727	39.1625	742.0000
728	40.6250	742.0000
729	41.9250	742.0000
730	43.2250	742.0000
731	44.5250	742.0000
732	45.8250	742.0000
733	46.8000	742.0000
734	48.7500	742.0000
735	50.3750	741.0000
736	51.3500	742.0000
737	52.9750	742.0000
738	54.2750	742.0000
739	55.5750	741.0000
740	56.8750	743.0000
741	58.3375	742.0000
742	59.8000	742.0000
743	61.4250	741.0000
744	62.7250	743.0000
745	64.1875	742.0000
746	65.4875	742.0000
747	67.1125	741.0000
748	68.4125	742.0000
749	70.0375	741.0000
750	71.0125	742.0000
751	72.8000	742.0000
752	74.2625	742.0000
753	75.7250	742.0000
754	77.1875	742.0000
755	78.6500	742.0000
756	79.7875	742.0000
757	81.7375	742.0000
758	83.0375	742.0000
759	84.5000	742.0000
760	85.9625	742.0000
761	87.2625	742.0000
762	88.7250	741.0000
763	89.8625	742.0000
764	91.6500	742.0000
765	93.1125	743.0000
766	94.4125	741.0000
767	96.0375	742.0000
768	97.5000	741.0000
769	97.0125	742.0000
770	99.4500	741.0000
771	101.8875	742.0000
772	103.1875	741.0000
773	104.3250	742.0000
774	105.7875	739.0000
775	106.1125	742.0000
776	107.4125	742.0000
777	108.2250	742.0000
778	108.8750	742.0000
779	109.3625	742.0000
780	110.8250	742.0000
781	111.3125	741.0000
782	112.2875	742.0000
783	112.7750	742.0000
784	112.9375	742.0000
785	113.9125	742.0000
786	114.0750	742.0000
787	114.7250	741.0000
788	114.2375	742.0000
789	114.8875	741.0000
790	115.5375	742.0000
791	115.5375	741.0000
792	115.7000	742.0000
793	115.8625	741.0000
794	115.5375	742.0000
795	115.7000	741.0000
796	115.7000	742.0000
797	116.0250	742.0000
798	115.7000	742.0000
799	115.7000	742.0000
800	115.5375	742.0000
801	115.5375	742.0000
802	114.5625	742.0000
803	115.0500	742.0000
804	114.2375	742.0000
805	114.5625	742.0000
806	114.2375	741.0000
807	113.9125	742.0000
808	113.2625	741.0000
809	112.9375	742.0000
810	112.6125	741.0000
811	112.1250	742.0000
812	111.4750	741.0000
813	111.1500	742.0000
814	110.9875	741.0000
815	110.5000	742.0000
816	109.8500	741.0000
817	109.3625	742.0000
818	108.8750	741.0000
819	108.2250	742.0000
820	107.7375	741.0000
821	107.0875	742.0000
822	106.2750	741.0000
823	105.4625	742.0000
824	104.9750	741.0000
825	103.0250	742.0000
826	103.3500	741.0000
827	102.7000	741.0000
828	102.0500	742.0000
829	101.2375	741.0000
830	100.2625	741.0000
831	99.4500	741.0000
832	98.6375	742.0000
833	97.8250	740.0000
834	96.8500	742.0000
835	95.8750	741.0000
836	94.9000	742.0000
837	94.2500	741.0000
838	93.2750	741.0000
839	92.3000	740.0000
840	91.1625	742.0000
841	90.3500	740.0000
842	89.2125	741.0000
843	88.2375	741.0000
844	87.4250	741.0000
845	86.4500	740.0000
846	85.4750	741.0000
847	84.3375	740.0000
848	82.8750	741.0000
849	82.0625	741.0000
850	81.0875	741.0000
851	79.7875	741.0000
852	78.4875	741.0000
853	77.5125	741.0000
854	76.5375	741.0000
855	75.2375	741.0000
856	73.1250	741.0000
857	72.4750	741.0000
858	71.6625	741.0000
859	70.0375	741.0000
860	69.0625	740.0000
861	67.6000	741.0000
862	66.6250	740.0000
863	65.0000	741.0000
864	63.8625	740.0000
865	62.5625	741.0000
866	60.9375	740.0000
867	59.8000	741.0000
868	58.5000	740.0000
869	57.3625	741.0000
870	55.5750	740.0000
871	54.4375	741.0000
872	52.8125	740.0000
873	51.5125	741.0000
874	50.0500	740.0000
875	48.5875	741.0000
876	47.2875	741.0000
877	45.9875	741.0000
878	44.0375	740.0000
879	42.5750	740.0000
880	41.1125	741.0000
881	39.0000	740.0000
882	38.0250	741.0000
883	36.5625	740.0000
884	35.4250	741.0000
885	33.9625	740.0000
886	32.3375	741.0000
887	31.2000	740.0000
888	29.5750	740.0000
889	28.1125	740.0000
890	26.6500	742.0000
891	25.1875	740.0000
892	24.0500	741.0000
893	22.4250	740.0000
894	19.3375	741.0000
895	13.9750	740.0000
896	18.0375	741.0000
897	16.9000	740.0000
898	15.9250	741.0000
899	14.7875	740.0000
900	14.3000	740.0000
901	13.6500	740.0000
902	13.0000	740.0000
903	12.3500	740.0000
904	12.5125	740.0000
905	12.0250	742.0000
906	11.7000	740.0000
907	11.3750	741.0000
908	11.2125	740.0000
909	10.8875	743.0000
910	10.7250	740.0000
911	10.4000	741.0000
912	10.2375	740.0000
913	10.0750	740.0000
914	9.7500	739.0000
915	9.5875	740.0000
916	9.4250	739.0000
917	9.4250	740.0000
918	9.1000	740.0000
919	9.1000	740.0000
920	8.4500	739.0000
921	8.6125	740.0000
922	8.6125	740.0000
923	8.4500	740.0000
924	8.1250	740.0000
925	8.1250	740.0000
926	8.1250	740.0000
927	8.1250	740.0000
928	8.1250	740.0000
929	8.2875	737.0000
930	7.9625	740.0000
931	7.9625	739.0000
932	7.4750	740.0000
933	7.6375	739.0000
934	7.4750	740.0000
935	7.6375	739.0000
936	7.3125	740.0000
937	7.1500	739.0000
938	7.3125	740.0000
939	7.1500	739.0000
940	7.1500	740.0000
941	7.3125	739.0000
942	6.9875	740.0000
943	7.1500	740.0000
944	6.8250	740.0000
945	6.9875	739.0000
946	6.9875	740.0000
947	6.8250	739.0000
948	6.6625	740.0000
949	6.8250	742.0000
950	6.6625	740.0000
951	6.6625	739.0000
952	6.8250	739.0000
953	6.8250	740.0000
954	6.6625	739.0000
955	6.6625	740.0000
956	6.3375	739.0000
957	6.0125	740.0000
958	6.5000	739.0000
959	6.6625	740.0000
960	6.6625	739.0000
961	6.5000	740.0000
962	6.5000	739.0000
963	6.5000	740.0000
964	5.3625	741.0000
965	6.5000	740.0000
966	6.6625	739.0000
967	6.5000	740.0000
968	6.3375	739.0000
969	6.3375	740.0000
970	6.1750	739.0000
971	6.0125	740.0000
972	6.1750	739.0000
973	6.0125	739.0000
974	6.0125	739.0000
975	5.6875	739.0000
976	5.0375	739.0000
977	5.6875	740.0000
978	4.8750	739.0000
979	5.6875	739.0000
980	5.3625	740.0000
981	5.5250	739.0000
982	6.0125	740.0000
983	6.0125	739.0000
984	5.8500	740.0000
985	6.0125	739.0000
986	5.8500	740.0000
987	5.8500	739.0000
988	5.6875	740.0000
989	6.0125	739.0000
990	6.0125	740.0000
991	5.3625	739.0000
992	5.8500	740.0000
993	5.6875	739.0000
994	5.2000	740.0000
995	5.8500	739.0000
996	5.6875	739.0000
997	5.5250	739.0000
998	5.5250	738.0000
999	5.5250	739.0000
1000	5.3625	739.0000
1001	5.2000	739.0000
1002	5.5250	739.0000
1003	5.5250	739.0000
1004	5.5250	739.0000
1005	5.5250	740.0000
1006	5.5250	739.0000
1007	5.3625	739.0000
1008	5.5250	739.0000
1009	5.2000	740.0000
1010	5.5250	740.0000
1011	5.3625	740.0000
1012	5.5250	739.0000
1013	5.3625	739.0000
1014	5.3625	739.0000
1015	5.2000	739.0000
1016	5.3625	739.0000
1017	5.2000	740.0000
1018	5.2000	739.0000
1019	0.4875	739.0000
1020	5.2000	739.0000
1021	5.3625	739.0000
1022	5.2000	739.0000
1023	5.2000	739.0000
#8328
0	4.7125	739.0000
1	5.0375	739.0000
2	-0.6500	739.0000
3	3.0875	739.0000
4	4.5500	739.0000
5	4.3875	739.0000
6	-0.9750	739.0000
7	3.4125	739.0000
8	4.5500	739.0000
9	4.5500	739.0000
10	4.7125	739.0000
11	4.7125	739.0000
12	4.7125	739.0000
13	4.7125	738.0000
14	4.7125	739.0000
15	4.8750	738.0000
16	4.7125	739.0000
17	4.7125	738.0000
18	4.7125	739.0000
19	4.8750	738.0000
20	4.5500	739.0000
21	4.5500	738.0000
22	4.5500	739.0000
23	4.5500	738.0000
24	4.5500	739.0000
25	4.5500	738.0000
26	4.5500	739.0000
27	4.5500	738.0000
28	4.7125	739.0000
29	4.5500	739.0000
30	4.5500	739.0000
31	4.3875	738.0000
32	4.7125	739.0000
33	5.0375	739.0000
34	4.8750	739.0000
35	4.8750	739.0000
36	4.5500	739.0000
37	4.8750	739.0000
38	4.7125	738.0000
39	3.9000	739.0000
40	4.8750	738.0000
41	4.7125	739.0000
42	4.7125	739.0000
43	4.7125	739.0000
44	4.7125	738.0000
45	4.2250	739.0000
46	2.7625	738.0000
47	3.0875	738.0000
48	4.2250	738.0000
49	4.7125	739.0000
50	4.5500	738.0000
51	4.3875	739.0000
52	4.5500	738.0000
53	4.0625	739.0000
54	4.3875	738.0000
55	4.2250	739.0000
56	4.3875	738.0000
57	4.2250	739.0000
58	4.2250	738.0000
59	4.3875	738.0000
60	4.2250	738.0000
61	4.3875	738.0000
62	4.2250	739.0000
63	4.5500	738.0000
64	4.2250	739.0000
65	4.3875	737.0000
66	4.3875	739.0000
67	4.2250	738.0000
68	4.2250	739.0000
69	4.3875	738.0000
70	4.0625	739.0000
71	4.3875	738.0000
72	4.3875	739.0000
73	4.3875	738.0000
74	4.0625	739.0000
75	3.9000	738.0000
76	3.9000	738.0000
77	4.0625	738.0000
78	3.7375	738.0000
79	4.2250	738.0000
80	4.0625	738.0000
81	3.9000	738.0000
82	3.9000	738.0000
83	3.7375	738.0000
84	3.7375	738.0000
85	4.0625	739.0000
86	3.9000	738.0000
87	3.9000	738.0000
88	3.7375	738.0000
89	3.5750	739.0000
90	3.5750	737.0000
91	3.4125	739.0000
92	3.5750	738.0000
93	3.2500	739.0000
94	3.4125	737.0000
95	3.2500	739.0000
96	3.2500	737.0000
97	2.6000	738.0000
98	2.9250	738.0000
99	2.9250	735.0000
100	3.0875	738.0000
101	2.6000	738.0000
102	3.2500	737.0000
103	1.7875	738.0000
104	2.7625	737.0000
105	2.7625	738.0000
106	2.9250	738.0000
107	3.0875	738.0000
108	2.9250	738.0000
109	2.9250	738.0000
110	2.9250	738.0000
111	2.7625	737.0000
112	2.2750	738.0000
113	2.6000	737.0000
114	1.9500	738.0000
115	2.6000	737.0000
116	2.6000	738.0000
117	2.4375	737.0000
118	2.6000	738.0000
119	2.6000	737.0000
120	2.6000	738.0000
121	2.4375	737.0000
122	0.8125	738.0000
123	2.4375	737.0000
124	2.2750	737.0000
125	2.2750	737.0000
126	2.1125	738.0000
127	2.2750	737.0000
128	2.1125	738.0000
129	1.9500	737.0000
130	1.7875	738.0000
131	1.9500	738.0000
132	1.9500	738.0000
133	1.9500	738.0000
134	1.6250	737.0000
135	1.6250	738.0000
136	1.4625	737.0000
137	1.6250	738.0000
138	0.9750	737.0000
139	0.9750	738.0000
140	1.1375	738.0000
141	1.3000	738.0000
142	0.9750	737.0000
143	1.1375	738.0000
144	0.9750	739.0000
145	0.4875	738.0000
146	0.8125	738.0000
147	-0.1625	738.0000
148	0.8125	739.0000
149	0.6500	738.0000
150	0.4875	737.0000
151	0.4875	738.0000
152	0.0000	737.0000
153	0.1625	738.0000
154	-0.3250	737.0000
155	-0.4875	738.0000
156	-0.3250	737.0000
157	-0.4875	737.0000
158	-0.9750	737.0000
159	-1.1375	737.0000
160	-1.6250	738.0000
161	-1.7875	737.0000
162	-2.4375	738.0000
163	-2.6000	737.0000
164	-3.2500	738.0000
165	-3.9000	737.0000
166	-3.9000	738.0000
167	-4.7125	737.0000
168	-5.6875	738.0000
169	-5.5250	737.0000
170	-6.6625	738.0000
171	-6.6625	737.0000
172	-7.3125	737.0000
173	-7.8000	737.0000
174	-8.7750	738.0000
175	-9.1000	736.0000
176	-9.7500	737.0000
177	-11.2125	737.0000
178	-11.2125	737.0000
179	-11.8625	737.0000
180	-12.6750	737.0000
181	-13.3250	737.0000
182	-14.1375	737.0000
183	-14.9500	737.0000
184	-15.7625	737.0000
185	-17.2250	737.0000
186	-17.5500	737.0000
187	-18.2000	737.0000
188	-19.3375	737.0000
189	-19.9875	738.0000
190	-21.1250	737.0000
191	-21.9375	738.0000
192	-23.4000	737.0000
193	-24.0500	738.0000
194	-25.5125	736.0000
195	-26.0000	738.0000
196	-26.9750	737.0000
197	-28.1125	737.0000
198	-29.9000	736.0000
199	-30.5500	737.0000
200	-33.1500	738.0000
201	-33.1500	737.0000
202	-34.2875	735.0000
203	-35.2625	737.0000
204	-36.2375	736.0000
205	-37.7000	736.0000
206	-39.1625	736.0000
207	-39.9750	736.0000
208	-41.2750	736.0000
209	-42.9000	736.0000
210	-43.7125	737.0000
211	-45.1750	736.0000
212	-46.1500	737.0000
213	-47.6125	736.0000
214	-49.4000	737.0000
215	-50.5375	736.0000
216	-51.6750	737.0000
217	-53.1375	735.0000
218	-54.2750	737.0000
219	-55.5750	736.0000
220	-56.8750	737.0000
221	-58.1750	736.0000
222	-59.8000	737.0000
223	-61.2625	736.0000
224	-62.8875	737.0000
225	-63.8625	736.0000
226	-65.1625	737.0000
227	-66.3000	736.0000
228	-69.5500	737.0000
229	-69.5500	736.0000
230	-70.8500	737.0000
231	-72.3125	736.0000
232	-73.6125	736.0000
233	-74.9125	736.0000
234	-76.5375	736.0000
235	-77.8375	737.0000
236	-79.3000	736.0000
237	-81.5750	737.0000
238	-82.3875	736.0000
239	-83.8500	737.0000
240	-84.9875	736.0000
241	-86.4500	737.0000
242	-87.9125	736.0000
243	-89.3750	737.0000
244	-91.0000	736.0000
245	-92.1375	737.0000
246	-93.7625	736.0000
247	-95.2250	737.0000
248	-96.6875	736.0000
249	-98.1500	737.0000
250	-99.4500	736.0000
251	-100.9125	737.0000
252	-102.7000	736.0000
253	-103.8375	736.0000
254	-105.9500	736.0000
255	-106.6000	736.0000
256	-108.0625	736.0000
257	-109.3625	736.0000
258	-110.8250	736.0000
259	-112.4500	736.0000
260	-113.5875	737.0000
261	-114.8875	736.0000
262	-116.0250	736.0000
263	-117.0000	736.0000
264	-118.4625	737.0000
265	-118.7875	736.0000
266	-119.7625	737.0000
267	-120.4125	736.0000
268	-121.2250	737.0000
269	-121.8750	736.0000
270	-122.5250	737.0000
271	-123.1750	736.0000
272	-123.8250	737.0000
273	-123.9875	736.0000
274	-124.1500	736.0000
275	-124.9625	736.0000
276	-124.9625	736.0000
277	-125.2875	736.0000
278	-125.4500	736.0000
279	-126.4250	736.0000
280	-125.7750	736.0000
281	-125.9375	736.0000
282	-125.9375	736.0000
283	-126.1000	736.0000
284	-125.7750	736.0000
285	-125.7750	736.0000
286	-125.6125	736.0000
287	-125.4500	736.0000
288	-125.2875	735.0000
289	-124.9625	737.0000
290	-124.9625	736.0000
291	-124.6375	736.0000
292	-124.4750	736.0000
293	-124.1500	736.0000
294	-123.9875	736.0000
295	-123.5000	736.0000
296	-123.3375	736.0000
297	-122.8500	736.0000
298	-122.8500	735.0000
299	-121.8750	736.0000
300	-121.8750	736.0000
301	-120.9000	736.0000
302	-120.5750	736.0000
303	-119.7625	736.0000
304	-119.4375	738.0000
305	-118.9500	736.0000
306	-118.4625	736.0000
307	-117.6500	736.0000
308	-117.3250	736.0000
309	-116.3500	736.0000
310	-116.0250	736.0000
311	-115.0500	735.0000
312	-114.7250	736.0000
313	-113.5875	736.0000
314	-113.2625	736.0000
315	-112.4500	735.0000
316	-111.4750	736.0000
317	-110.5000	735.0000
318	-109.8500	736.0000
319	-108.8750	735.0000
320	-108.0625	736.0000
321	-107.4125	735.0000
322	-106.9250	736.0000
323	-105.9500	735.0000
324	-104.6500	736.0000
325	-104.0000	735.0000
326	-102.8625	736.0000
327	-101.7250	735.0000
328	-100.7500	736.0000
329	-100.2625	735.0000
330	-98.9625	736.0000
331	-97.9875	736.0000
332	-97.0125	735.0000
333	-95.8750	736.0000
334	-95.0625	735.0000
335	-94.0875	736.0000
336	-92.6250	735.0000
337	-92.4625	736.0000
338	-90.5125	735.0000
339	-89.7000	736.0000
340	-88.2375	735.0000
341	-87.4250	736.0000
342	-85.9625	735.0000
343	-84.9875	736.0000
344	-83.8500	735.0000
345	-82.3875	736.0000
346	-81.4125	735.0000
347	-80.1125	736.0000
348	-78.8125	735.0000
349	-77.5125	736.0000
350	-76.3750	735.0000
351	-75.2375	736.0000
352	-73.7750	735.0000
353	-74.2625	735.0000
354	-71.3375	735.0000
355	-69.7125	735.0000
356	-68.5750	735.0000
357	-67.1125	735.0000
358	-65.9750	735.0000
359	-64.5125	735.0000
360	-63.5375	735.0000
361	-61.5875	735.0000
362	-61.5875	736.0000
363	-58.8250	735.0000
364	-57.8500	735.0000
365	-56.0625	735.0000
366	-54.7625	736.0000
367	-53.4625	735.0000
368	-52.0000	736.0000
369	-50.5375	735.0000
370	-49.0750	735.0000
371	-47.6125	735.0000
372	-46.1500	735.0000
373	-44.6875	735.0000
374	-43.0625	735.0000
375	-41.9250	735.0000
376	-40.3000	735.0000
377	-39.0000	735.0000
378	-37.5375	735.0000
379	-36.2375	735.0000
380	-34.7750	735.0000
381	-33.1500	735.0000
382	-31.8500	735.0000
383	-30.8750	735.0000
384	-29.2500	735.0000
385	-28.1125	735.0000
386	-27.1375	735.0000
387	-26.1625	737.0000
388	-25.6750	735.0000
389	-24.5375	735.0000
390	-24.2125	735.0000
391	-23.5625	735.0000
392	-23.0750	735.0000
393	-22.7500	735.0000
394	-22.4250	735.0000
395	-22.1000	735.0000
396	-21.7750	735.0000
397	-21.6125	733.0000
398	-21.2875	735.0000
399	-20.9625	735.0000
400	-21.1250	735.0000
401	-20.6375	736.0000
402	-20.6375	735.0000
403	-20.3125	735.0000
404	-20.4750	735.0000
405	-19.9875	735.0000
406	-19.9875	735.0000
407	-20.3125	735.0000
408	-20.9625	735.0000
409	-20.1500	735.0000
410	-19.5000	735.0000
411	-19.1750	735.0000
412	-19.3375	735.0000
413	-19.3375	735.0000
414	-19.1750	735.0000
415	-19.1750	734.0000
416	-19.0125	735.0000
417	-18.8500	734.0000
418	-19.1750	735.0000
419	-18.5250	734.0000
420	-18.6875	735.0000
421	-18.5250	735.0000
422	-18.5250	735.0000
423	-18.3625	734.0000
424	-18.5250	735.0000
425	-18.2000	734.0000
426	-18.3625	735.0000
427	-18.3625	735.0000
428	-18.0375	735.0000
429	-18.2000	735.0000
430	-18.3625	735.0000
431	-18.3625	735.0000
432	-17.8750	735.0000
433	-18.5250	735.0000
434	-17.8750	735.0000
435	-17.8750	735.0000
436	-18.3625	734.0000
437	-17.8750	735.0000
438	-17.7125	734.0000
439	-17.8750	735.0000
440	-17.7125	734.0000
441	-17.5500	735.0000
442	-17.5500	734.0000
443	-17.8750	735.0000
444	-17.7125	734.0000
445	-17.5500	735.0000
446	-17.5500	734.0000
447	-17.3875	735.0000
448	-17.3875	734.0000
449	-17.7125	735.0000
450	-17.2250	734.0000
451	-18.3625	735.0000
452	-17.3875	734.0000
453	-17.2250	735.0000
454	-17.2250	735.0000
455	-17.0625	734.0000
456	-16.9000	735.0000
457	-16.9000	734.0000
458	-17.0625	735.0000
459	-16.9000	734.0000
460	-17.0625	734.0000
461	-16.7375	734.0000
462	-17.0625	735.0000
463	-16.7375	734.0000
464	-16.9000	735.0000
465	-16.9000	734.0000
466	-16.7375	735.0000
467	-17.2250	734.0000
468	-16.7375	735.0000
469	-16.7375	734.0000
470	-16.5750	733.0000
471	-16.7375	734.0000
472	-16.7375	735.0000
473	-16.5750	734.0000
474	-16.5750	735.0000
475	-16.5750	734.0000
476	-16.4125	735.0000
477	-16.4125	734.0000
478	-21.4500	735.0000
479	-18.0375	734.0000
480	-17.0625	735.0000
481	-16.7375	734.0000
482	-16.9000	734.0000
483	-16.7375	734.0000
484	-16.5750	734.0000
485	-16.5750	734.0000
486	-16.7375	734.0000
487	-16.5750	735.0000
488	-16.4125	734.0000
489	-16.7375	735.0000
490	-16.4125	734.0000
491	-16.4125	734.0000
492	-16.7375	734.0000
493	-16.2500	735.0000
494	-16.2500	734.0000
495	-16.4125	734.0000
496	-16.2500	733.0000
497	-16.2500	734.0000
498	-16.4125	734.0000
499	-16.2500	734.0000
500	-16.5750	734.0000
501	-16.4125	734.0000
502	-16.2500	734.0000
503	-16.5750	734.0000
504	-16.2500	734.0000
505	-16.4125	734.0000
506	-16.5750	734.0000
507	-16.4125	734.0000
508	-16.5750	734.0000
509	-16.2500	734.0000
510	-16.2500	734.0000
511	-16.2500	730.0000
512	-16.0875	734.0000
513	-16.4125	733.0000
514	-16.0875	734.0000
515	-16.2500	733.0000
516	-15.9250	734.0000
517	-15.9250	733.0000
518	-16.0875	734.0000
519	-15.9250	733.0000
520	-15.9250	734.0000
521	-16.0875	733.0000
522	-16.2500	734.0000
523	-16.4125	733.0000
524	-16.0875	734.0000
525	-15.7625	733.0000
526	-15.9250	734.0000
527	-15.7625	733.0000
528	-16.2500	734.0000
529	-15.9250	734.0000
530	-15.7625	734.0000
531	-15.9250	734.0000
532	-15.9250	733.0000
533	-15.7625	734.0000
534	-15.7625	733.0000
535	-15.9250	734.0000
536	-16.2500	733.0000
537	-15.7625	734.0000
538	-16.5750	733.0000
539	-15.7625	734.0000
540	-15.6000	733.0000
541	-15.6000	734.0000
542	-15.6000	733.0000
543	-15.4375	735.0000
544	-15.7625	733.0000
545	-15.7625	734.0000
546	-16.0875	733.0000
547	-15.6000	734.0000
548	-15.4375	733.0000
549	-15.6000	734.0000
550	-15.7625	733.0000
551	-15.7625	734.0000
552	-15.7625	733.0000
553	-15.6000	734.0000
554	-15.7625	733.0000
555	-15.4375	734.0000
556	-15.4375	734.0000
557	-15.2750	733.0000
558	-15.4375	734.0000
559	-15.9250	733.0000
560	-15.4375	734.0000
561	-15.4375	733.0000
562	-15.6000	733.0000
563	-15.4375	733.0000
564	-15.4375	734.0000
565	-15.2750	732.0000
566	-15.2750	734.0000
567	-15.4375	733.0000
568	-15.4375	734.0000
569	-15.2750	733.0000
570	-15.4375	734.0000
571	-15.4375	733.0000
572	-14.9500	734.0000
573	-15.1125	733.0000
574	-15.2750	733.0000
575	-15.2750	733.0000
576	-15.6000	733.0000
577	-15.1125	733.0000
578	-14.9500	734.0000
579	-14.7875	733.0000
580	-14.7875	734.0000
581	-14.7875	734.0000
582	-14.9500	733.0000
583	-14.7875	733.0000
584	-15.1125	733.0000
585	-14.7875	733.0000
586	-14.9500	733.0000
587	-14.7875	734.0000
588	-14.7875	732.0000
589	-14.4625	734.0000
590	-14.7875	732.0000
591	-14.6250	733.0000
592	-14.6250	733.0000
593	-14.7875	734.0000
594	-14.7875	733.0000
595	-14.6250	733.0000
596	-14.6250	733.0000
597	-14.6250	733.0000
598	-14.7875	733.0000
599	-14.6250	733.0000
600	-14.7875	733.0000
601	-14.6250	733.0000
602	-14.4625	733.0000
603	-16.9000	733.0000
604	-14.6250	733.0000
605	-14.6250	733.0000
606	-14.1375	733.0000
607	-14.4625	733.0000
608	-14.3000	733.0000
609	-14.3000	733.0000
610	-14.1375	733.0000
611	-14.1375	732.0000
612	-14.6250	733.0000
613	-13.9750	732.0000
614	-14.1375	733.0000
615	-14.7875	732.0000
616	-13.9750	733.0000
617	-13.9750	732.0000
618	-14.1375	733.0000
619	-13.8125	732.0000
620	-13.8125	733.0000
621	-13.6500	732.0000
622	-14.6250	733.0000
623	-13.8125	732.0000
624	-13.4875	733.0000
625	-13.6500	732.0000
626	-13.4875	733.0000
627	-13.3250	732.0000
628	-13.3250	733.0000
629	-13.4875	732.0000
630	-13.8125	733.0000
631	-13.6500	733.0000
632	-13.4875	732.0000
633	-13.3250	733.0000
634	-13.3250	732.0000
635	-13.0000	733.0000
636	-13.1625	732.0000
637	-13.0000	733.0000
638	-13.3250	732.0000
639	-13.0000	733.0000
640	-13.1625	732.0000
641	-12.8375	733.0000
642	-12.8375	732.0000
643	-12.6750	733.0000
644	-12.6750	733.0000
645	-12.5125	733.0000
646	-12.6750	732.0000
647	-12.5125	733.0000
648	-13.0000	732.0000
649	-12.3500	733.0000
650	-12.6750	732.0000
651	-12.1875	733.0000
652	-12.3500	732.0000
653	-11.8625	732.0000
654	-12.1875	732.0000
655	-12.1875	732.0000
656	-11.8625	732.0000
657	-11.8625	732.0000
658	-11.7000	733.0000
659	-11.8625	732.0000
660	-11.5375	733.0000
661	-12.0250	732.0000
662	-11.5375	733.0000
663	-11.5375	732.0000
664	-11.2125	733.0000
665	-11.2125	732.0000
666	-10.8875	732.0000
667	-11.2125	732.0000
668	-10.4000	732.0000
669	-10.4000	732.0000
670	-10.2375	732.0000
671	-9.7500	732.0000
672	-9.7500	733.0000
673	-9.1000	732.0000
674	-8.9375	732.0000
675	-8.4500	731.0000
676	-8.1250	732.0000
677	-7.8000	732.0000
678	-7.1500	732.0000
679	-6.6625	732.0000
680	-6.1750	732.0000
681	-5.6875	732.0000
682	-5.5250	732.0000
683	-4.7125	732.0000
684	-4.0625	732.0000
685	-3.2500	733.0000
686	-2.9250	732.0000
687	-2.2750	732.0000
688	-1.6250	732.0000
689	-0.8125	733.0000
690	-0.6500	732.0000
691	0.4875	732.0000
692	1.3000	732.0000
693	2.1125	732.0000
694	2.6000	732.0000
695	3.4125	732.0000
696	4.2250	732.0000
697	5.2000	732.0000
698	6.0125	732.0000
699	6.8250	732.0000
700	7.8000	732.0000
701	8.6125	732.0000
702	9.2625	732.0000
703	10.8875	732.0000
704	11.7000	732.0000
705	12.8375	732.0000
706	13.0000	732.0000
707	14.9500	732.0000
708	15.9250	732.0000
709	17.2250	732.0000
710	18.3625	732.0000
711	19.3375	732.0000
712	20.3125	733.0000
713	21.4500	732.0000
714	22.7500	732.0000
715	23.8875	732.0000
716	25.1875	732.0000
717	26.3250	731.0000
718	27.6250	732.0000
719	28.7625	732.0000
720	29.9000	732.0000
721	31.0375	732.0000
722	32.5000	732.0000
723	33.4750	732.0000
724	34.9375	732.0000
725	36.4000	732.0000
726	37.7000	732.0000
727	39.0000	732.0000
728	39.0000	732.0000
729	41.4375	732.0000
730	42.5750	732.0000
731	44.5250	732.0000
732	45.9875	732.0000
733	47.2875	732.0000
734	48.5875	732.0000
735	50.2125	732.0000
736	51.0250	731.0000
737	52.4875	732.0000
738	53.9500	731.0000
739	55.5750	732.0000
740	56.7125	732.0000
741	58.5000	732.0000
742	59.9625	731.0000
743	61.5875	732.0000
744	61.9125	731.0000
745	64.1875	732.0000
746	65.3250	731.0000
747	67.1125	732.0000
748	68.2500	731.0000
749	69.8750	732.0000
750	70.8500	731.0000
751	72.8000	732.0000
752	74.2625	732.0000
753	75.4000	732.0000
754	77.1875	732.0000
755	78.6500	732.0000
756	79.7875	732.0000
757	81.5750	732.0000
758	82.8750	732.0000
759	84.3375	731.0000
760	85.8000	732.0000
761	87.2625	731.0000
762	88.5625	732.0000
763	90.1875	731.0000
764	91.6500	732.0000
765	93.2750	731.0000
766	94.4125	732.0000
767	96.0375	731.0000
768	97.5000	732.0000
769	99.1250	732.0000
770	100.4250	732.0000
771	101.5625	731.0000
772	102.8625	732.0000
773	104.3250	731.0000
774	105.1375	732.0000
775	106.4375	732.0000
776	107.4125	732.0000
777	108.0625	731.0000
778	109.0375	732.0000
779	109.6875	732.0000
780	110.8250	732.0000
781	111.4750	732.0000
782	111.6375	732.0000
783	112.4500	732.0000
784	113.2625	731.0000
785	113.4250	732.0000
786	113.9125	731.0000
787	114.2375	732.0000
788	114.8875	731.0000
789	114.8875	732.0000
790	115.3750	731.0000
791	115.3750	732.0000
792	115.5375	731.0000
793	115.3750	732.0000
794	115.7000	731.0000
795	115.8625	732.0000
796	115.8625	731.0000
797	115.5375	732.0000
798	115.3750	731.0000
799	115.5375	732.0000
800	115.3750	731.0000
801	115.5375	732.0000
802	114.8875	731.0000
803	114.8875	732.0000
804	114.5625	731.0000
805	114.5625	731.0000
806	114.0750	731.0000
807	113.9125	731.0000
808	113.5875	732.0000
809	113.1000	731.0000
810	112.4500	732.0000
811	112.1250	731.0000
812	111.6375	732.0000
813	110.9875	731.0000
814	110.5000	732.0000
815	110.0125	731.0000
816	109.5250	732.0000
817	108.7125	731.0000
818	108.3875	732.0000
819	107.9000	731.0000
820	106.7625	732.0000
821	106.6000	731.0000
822	105.9500	732.0000
823	105.1375	731.0000
824	104.4875	732.0000
825	103.6750	731.0000
826	103.0250	731.0000
827	101.8875	731.0000
828	101.5625	731.0000
829	101.0750	731.0000
830	99.6125	731.0000
831	99.2875	731.0000
832	98.4750	731.0000
833	97.6625	731.0000
834	96.5250	731.0000
835	95.7125	732.0000
836	95.0625	731.0000
837	94.2500	731.0000
838	92.6250	731.0000
839	91.9750	731.0000
840	91.1625	731.0000
841	90.3500	731.0000
842	89.2125	731.0000
843	88.2375	731.0000
844	86.9375	731.0000
845	86.1250	731.0000
846	84.9875	730.0000
847	83.8500	731.0000
848	82.8750	733.0000
849	81.7375	731.0000
850	80.6000	731.0000
851	79.4625	731.0000
852	77.6750	731.0000
853	75.5625	731.0000
854	75.8875	731.0000
855	72.9625	731.0000
856	70.8500	731.0000
857	70.8500	731.0000
858	68.7375	731.0000
859	69.3875	730.0000
860	68.4125	733.0000
861	66.9500	730.0000
862	65.0000	731.0000
863	64.6750	730.0000
864	63.5375	731.0000
865	62.2375	730.0000
866	60.7750	731.0000
867	59.8000	730.0000
868	58.3375	731.0000
869	57.2000	730.0000
870	55.7375	731.0000
871	54.2750	730.0000
872	52.9750	731.0000
873	51.5125	730.0000
874	49.8875	731.0000
875	48.4250	730.0000
876	46.9625	731.0000
877	45.8250	730.0000
878	44.2000	731.0000
879	42.7375	731.0000
880	41.2750	730.0000
881	39.8125	730.0000
882	38.3500	730.0000
883	36.8875	731.0000
884	35.4250	730.0000
885	33.8000	731.0000
886	32.1750	730.0000
887	30.7125	731.0000
888	29.5750	730.0000
889	27.9500	731.0000
890	26.0000	730.0000
891	25.0250	731.0000
892	23.8875	730.0000
893	22.2625	731.0000
894	20.8000	729.0000
895	19.5000	730.0000
896	18.2000	730.0000
897	16.2500	731.0000
898	15.7625	729.0000
899	15.1125	730.0000
900	14.4625	730.0000
901	13.8125	730.0000
902	13.3250	730.0000
903	12.8375	730.0000
904	12.3500	730.0000
905	11.5375	730.0000
906	11.5375	730.0000
907	11.2125	729.0000
908	10.8875	730.0000
909	10.7250	729.0000
910	10.4000	730.0000
911	10.2375	729.0000
912	9.9125	730.0000
913	9.4250	729.0000
914	9.4250	730.0000
915	9.2625	729.0000
916	9.2625	730.0000
917	9.2625	729.0000
918	8.9375	730.0000
919	8.6125	729.0000
920	8.2875	730.0000
921	8.4500	729.0000
922	8.1250	730.0000
923	8.2875	729.0000
924	8.1250	730.0000
925	8.2875	729.0000
926	7.8000	730.0000
927	8.1250	729.0000
928	7.8000	730.0000
929	7.6375	729.0000
930	7.3125	729.0000
931	7.8000	730.0000
932	7.4750	729.0000
933	7.6375	730.0000
934	7.4750	729.0000
935	7.4750	729.0000
936	7.1500	729.0000
937	7.1500	729.0000
938	6.9875	729.0000
939	7.1500	730.0000
940	7.3125	729.0000
941	7.1500	730.0000
942	6.9875	729.0000
943	6.9875	727.0000
944	6.9875	729.0000
945	6.6625	728.0000
946	6.9875	729.0000
947	6.8250	730.0000
948	6.8250	729.0000
949	6.8250	730.0000
950	6.8250	729.0000
951	6.3375	729.0000
952	6.3375	729.0000
953	6.5000	731.0000
954	6.3375	729.0000
955	6.5000	729.0000
956	6.6625	729.0000
957	6.6625	729.0000
958	6.3375	729.0000
959	6.1750	729.0000
960	6.5000	729.0000
961	6.5000	729.0000
962	6.1750	729.0000
963	6.3375	729.0000
964	6.5000	730.0000
965	6.3375	728.0000
966	6.1750	729.0000
967	6.1750	728.0000
968	6.3375	729.0000
969	6.3375	729.0000
970	6.0125	729.0000
971	6.1750	729.0000
972	6.0125	729.0000
973	6.1750	729.0000
974	5.8500	729.0000
975	6.0125	728.0000
976	5.3625	729.0000
977	5.6875	729.0000
978	3.2500	729.0000
979	5.0375	729.0000
980	4.7125	729.0000
981	5.0375	729.0000
982	5.8500	729.0000
983	5.8500	729.0000
984	5.6875	728.0000
985	5.8500	729.0000
986	5.6875	729.0000
987	5.5250	731.0000
988	5.6875	728.0000
989	5.8500	729.0000
990	5.6875	728.0000
991	5.6875	729.0000
992	5.5250	728.0000
993	5.6875	729.0000
994	5.5250	728.0000
995	5.5250	733.0000
996	5.3625	728.0000
997	5.2000	729.0000
998	5.2000	728.0000
999	5.3625	729.0000
1000	5.3625	728.0000
1001	5.3625	729.0000
1002	4.8750	728.0000
1003	5.3625	728.0000
1004	5.5250	728.0000
1005	5.3625	728.0000
1006	5.3625	729.0000
1007	5.3625	728.0000
1008	5.3625	729.0000
1009	5.2000	728.0000
1010	5.2000	729.0000
1011	5.2000	728.0000
1012	5.2000	729.0000
1013	5.0375	728.0000
1014	5.3625	728.0000
1015	5.2000	728.0000
1016	5.2000	729.0000
1017	5.2000	728.0000
1018	5.2000	729.0000
1019	5.2000	728.0000
1020	4.5500	728.0000
1021	5.0375	728.0000
1022	4.7125	729.0000
1023	5.0375	728.0000
#8328
0	4.5500	728.0000
1	2.6000	728.0000
2	-0.1625	729.0000
3	4.5500	728.0000
4	4.3875	729.0000
5	3.4125	728.0000
6	0.4875	728.0000
7	3.2500	728.0000
8	4.3875	728.0000
9	4.3875	728.0000
10	4.5500	728.0000
11	4.5500	728.0000
12	4.5500	728.0000
13	4.5500	728.0000
14	4.5500	728.0000
15	4.5500	728.0000
16	4.5500	728.0000
17	4.5500	731.0000
18	4.3875	728.0000
19	4.5500	728.0000
20	4.3875	728.0000
21	4.3875	728.0000
22	4.3875	728.0000
23	4.3875	728.0000
24	4.3875	727.0000
25	4.3875	728.0000
26	4.0625	727.0000
27	4.2250	728.0000
28	4.0625	727.0000
29	4.2250	728.0000
30	4.2250	727.0000
31	4.2250	728.0000
32	4.2250	728.0000
33	4.3875	728.0000
34	4.5500	727.0000
35	4.5500	729.0000
36	3.9000	728.0000
37	4.3875	728.0000
38	4.5500	728.0000
39	4.7125	728.0000
40	4.5500	728.0000
41	3.9000	728.0000
42	4.5500	728.0000
43	3.0875	728.0000
44	4.5500	728.0000
45	4.5500	727.0000
46	4.5500	728.0000
47	4.8750	727.0000
48	4.0625	728.0000
49	4.5500	727.0000
50	4.7125	729.0000
51	4.5500	727.0000
52	4.5500	728.0000
53	4.5500	727.0000
54	4.5500	728.0000
55	4.5500	727.0000
56	4.3875	728.0000
57	4.2250	727.0000
58	4.3875	728.0000
59	4.5500	727.0000
60	4.7125	729.0000
61	4.5500	727.0000
62	3.4125	728.0000
63	4.2250	727.0000
64	4.2250	727.0000
65	4.3875	728.0000
66	3.7375	727.0000
67	4.5500	728.0000
68	3.9000	727.0000
69	2.6000	728.0000
70	4.3875	727.0000
71	4.2250	728.0000
72	4.0625	727.0000
73	4.0625	728.0000
74	4.2250	727.0000
75	4.0625	728.0000
76	4.2250	727.0000
77	4.0625	728.0000
78	3.9000	727.0000
79	3.9000	728.0000
80	3.9000	727.0000
81	3.7375	727.0000
82	3.2500	727.0000
83	3.0875	727.0000
84	3.7375	727.0000
85	3.7375	728.0000
86	3.7375	727.0000
87	3.4125	727.0000
88	3.7375	727.0000
89	3.7375	727.0000
90	3.5750	727.0000
91	3.7375	727.0000
92	3.5750	727.0000
93	3.7375	727.0000
94	3.4125	728.0000
95	3.5750	727.0000
96	3.2500	728.0000
97	3.4125	727.0000
98	3.2500	728.0000
99	3.4125	727.0000
100	3.4125	728.0000
101	3.2500	728.0000
102	3.0875	728.0000
103	3.2500	727.0000
104	2.9250	728.0000
105	3.0875	727.0000
106	2.9250	727.0000
107	3.0875	727.0000
108	3.0875	728.0000
109	2.6000	727.0000
110	2.2750	727.0000
111	2.9250	727.0000
112	2.7625	728.0000
113	2.7625	727.0000
114	2.7625	727.0000
115	2.7625	727.0000
116	2.6000	727.0000
117	2.6000	727.0000
118	2.6000	727.0000
119	1.9500	727.0000
120	2.4375	727.0000
121	2.2750	727.0000
122	2.4375	727.0000
123	2.1125	728.0000
124	1.9500	727.0000
125	2.2750	727.0000
126	2.1125	727.0000
127	1.9500	727.0000
128	1.9500	727.0000
129	2.1125	727.0000
130	1.9500	726.0000
131	2.1125	727.0000
132	1.6250	727.0000
133	1.4625	727.0000
134	1.6250	727.0000
135	1.6250	727.0000
136	1.6250	727.0000
137	1.4625	727.0000
138	1.4625	727.0000
139	1.6250	727.0000
140	1.4625	727.0000
141	1.1375	727.0000
142	1.1375	727.0000
143	1.3000	727.0000
144	1.1375	727.0000
145	0.9750	726.0000
146	0.8125	727.0000
147	0.6500	726.0000
148	0.6500	727.0000
149	0.6500	726.0000
150	0.3250	727.0000
151	0.4875	726.0000
152	0.0000	727.0000
153	-0.4875	726.0000
154	0.0000	727.0000
155	-0.1625	727.0000
156	-0.8125	727.0000
157	-0.6500	726.0000
158	-1.3000	727.0000
159	-1.6250	726.0000
160	-1.6250	727.0000
161	-1.9500	726.0000
162	-2.7625	727.0000
163	-2.7625	727.0000
164	-3.4125	727.0000
165	-3.5750	726.0000
166	-4.2250	726.0000
167	-4.3875	727.0000
168	-4.8750	726.0000
169	-5.3625	727.0000
170	-5.8500	726.0000
171	-6.5000	727.0000
172	-6.9875	726.0000
173	-7.4750	727.0000
174	-8.2875	726.0000
175	-8.9375	727.0000
176	-9.5875	726.0000
177	-10.4000	727.0000
178	-11.0500	726.0000
179	-12.0250	727.0000
180	-12.3500	726.0000
181	-13.3250	727.0000
182	-13.9750	726.0000
183	-14.6250	727.0000
184	-15.6000	726.0000
185	-16.5750	726.0000
186	-17.3875	726.0000
187	-21.2875	726.0000
188	-23.4000	726.0000
189	-20.6375	726.0000
190	-21.4500	726.0000
191	-22.2625	726.0000
192	-23.2375	726.0000
193	-24.3750	726.0000
194	-25.3500	726.0000
195	-26.3250	726.0000
196	-27.3000	727.0000
197	-28.1125	726.0000
198	-29.4125	726.0000
199	-30.3875	725.0000
200	-31.5250	726.0000
201	-32.6625	725.0000
202	-33.8000	726.0000
203	-34.9375	725.0000
204	-36.2375	726.0000
205	-37.3750	725.0000
206	-38.6750	726.0000
207	-39.9750	725.0000
208	-41.1125	726.0000
209	-42.2500	725.0000
210	-43.8750	726.0000
211	-45.1750	725.0000
212	-46.1500	726.0000
213	-47.4500	725.0000
214	-48.7500	725.0000
215	-50.2125	725.0000
216	-51.6750	726.0000
217	-53.1375	726.0000
218	-54.1125	725.0000
219	-55.5750	726.0000
220	-56.8750	725.0000
221	-58.1750	726.0000
222	-59.6375	725.0000
223	-61.1000	726.0000
224	-62.2375	725.0000
225	-64.0250	726.0000
226	-65.1625	725.0000
227	-66.6250	726.0000
228	-68.0875	725.0000
229	-69.5500	726.0000
230	-70.8500	725.0000
231	-72.3125	726.0000
232	-73.7750	725.0000
233	-75.2375	726.0000
234	-76.3750	725.0000
235	-77.8375	726.0000
236	-79.1375	725.0000
237	-80.6000	726.0000
238	-82.0625	725.0000
239	-83.5250	726.0000
240	-85.1500	725.0000
241	-86.6125	725.0000
242	-88.0750	725.0000
243	-89.2125	725.0000
244	-90.6750	726.0000
245	-92.1375	725.0000
246	-93.6000	726.0000
247	-95.2250	725.0000
248	-96.6875	726.0000
249	-98.3125	725.0000
250	-99.9375	726.0000
251	-100.9125	725.0000
252	-102.3750	726.0000
253	-103.8375	725.0000
254	-105.3000	725.0000
255	-106.6000	725.0000
256	-108.2250	726.0000
257	-109.3625	725.0000
258	-110.8250	726.0000
259	-112.1250	725.0000
260	-113.5875	726.0000
261	-114.7250	725.0000
262	-116.1875	726.0000
263	-117.0000	725.0000
264	-117.9750	725.0000
265	-118.9500	726.0000
266	-119.6000	725.0000
267	-120.0875	725.0000
268	-121.2250	725.0000
269	-121.7125	728.0000
270	-122.2000	725.0000
271	-123.5000	726.0000
272	-123.5000	725.0000
273	-123.9875	725.0000
274	-124.3125	724.0000
275	-124.8000	726.0000
276	-124.9625	725.0000
277	-125.2875	726.0000
278	-125.4500	725.0000
279	-125.6125	726.0000
280	-125.7750	725.0000
281	-125.9375	725.0000
282	-125.7750	725.0000
283	-125.9375	726.0000
284	-125.7750	725.0000
285	-125.9375	726.0000
286	-126.1000	725.0000
287	-126.1000	725.0000
288	-125.7750	725.0000
289	-125.2875	725.0000
290	-125.2875	725.0000
291	-124.9625	725.0000
292	-124.6375	725.0000
293	-124.4750	725.0000
294	-124.1500	725.0000
295	-123.6625	725.0000
296	-123.3375	725.0000
297	-122.8500	724.0000
298	-122.5250	726.0000
299	-121.7125	724.0000
300	-121.3875	725.0000
301	-120.9000	724.0000
302	-120.7375	725.0000
303	-119.7625	724.0000
304	-119.7625	725.0000
305	-118.7875	723.0000
306	-118.3000	725.0000
307	-117.6500	724.0000
308	-117.1625	725.0000
309	-116.8375	725.0000
310	-115.8625	725.0000
311	-115.0500	726.0000
312	-114.8875	725.0000
313	-113.5875	724.0000
314	-112.9375	725.0000
315	-112.1250	724.0000
316	-111.3125	724.0000
317	-110.6625	725.0000
318	-110.0125	724.0000
319	-109.5250	725.0000
320	-108.3875	724.0000
321	-107.5750	725.0000
322	-106.6000	724.0000
323	-105.7875	725.0000
324	-104.6500	724.0000
325	-103.6750	725.0000
326	-102.8625	724.0000
327	-102.2125	725.0000
328	-100.9125	724.0000
329	-100.1000	725.0000
330	-99.1250	723.0000
331	-97.9875	725.0000
332	-96.8500	724.0000
333	-95.8750	725.0000
334	-95.0625	724.0000
335	-93.9250	725.0000
336	-92.6250	724.0000
337	-91.4875	725.0000
338	-90.5125	724.0000
339	-89.3750	725.0000
340	-88.8875	724.0000
341	-87.2625	724.0000
342	-85.9625	724.0000
343	-84.8250	724.0000
344	-83.5250	724.0000
345	-82.3875	724.0000
346	-81.0875	725.0000
347	-79.9500	724.0000
348	-79.3000	725.0000
349	-77.5125	724.0000
350	-76.3750	725.0000
351	-74.9125	723.0000
352	-73.7750	725.0000
353	-72.4750	724.0000
354	-71.1750	724.0000
355	-69.8750	724.0000
356	-68.7375	724.0000
357	-67.2750	724.0000
358	-65.9750	724.0000
359	-64.5125	724.0000
360	-63.2125	724.0000
361	-61.7500	723.0000
362	-60.7750	724.0000
363	-59.1500	724.0000
364	-57.8500	724.0000
365	-56.2250	723.0000
366	-55.0875	724.0000
367	-53.4625	724.0000
368	-52.0000	724.0000
369	-50.5375	724.0000
370	-49.2375	724.0000
371	-47.7750	724.0000
372	-46.1500	723.0000
373	-45.3375	724.0000
374	-43.3875	723.0000
375	-41.9250	725.0000
376	-40.4625	723.0000
377	-39.1625	724.0000
378	-37.5375	723.0000
379	-36.2375	723.0000
380	-34.6125	723.0000
381	-33.1500	724.0000
382	-31.6875	723.0000
383	-30.3875	724.0000
384	-29.2500	723.0000
385	-28.1125	724.0000
386	-27.4625	724.0000
387	-26.3250	724.0000
388	-25.6750	723.0000
389	-24.7000	724.0000
390	-24.3750	724.0000
391	-24.0500	723.0000
392	-23.4000	724.0000
393	-22.9125	723.0000
394	-22.5875	727.0000
395	-22.1000	723.0000
396	-21.7750	724.0000
397	-21.4500	723.0000
398	-21.2875	724.0000
399	-20.9625	723.0000
400	-20.8000	724.0000
401	-20.4750	723.0000
402	-20.9625	724.0000
403	-20.4750	723.0000
404	-20.1500	724.0000
405	-19.9875	723.0000
406	-19.8250	724.0000
407	-19.6625	723.0000
408	-19.5000	724.0000
409	-19.6625	723.0000
410	-19.5000	724.0000
411	-19.1750	723.0000
412	-20.1500	724.0000
413	-19.1750	723.0000
414	-19.0125	724.0000
415	-18.8500	724.0000
416	-19.0125	723.0000
417	-18.8500	724.0000
418	-18.8500	724.0000
419	-18.5250	724.0000
420	-18.3625	723.0000
421	-18.3625	724.0000
422	-18.3625	723.0000
423	-18.2000	725.0000
424	-18.0375	723.0000
425	-18.2000	724.0000
426	-18.0375	723.0000
427	-18.0375	724.0000
428	-17.8750	723.0000
429	-17.8750	724.0000
430	-17.8750	723.0000
431	-17.7125	724.0000
432	-17.8750	723.0000
433	-17.7125	724.0000
434	-17.5500	723.0000
435	-17.5500	724.0000
436	-17.5500	723.0000
437	-22.2625	724.0000
438	-17.7125	723.0000
439	-17.7125	724.0000
440	-17.7125	723.0000
441	-17.7125	723.0000
442	-17.7125	724.0000
443	-17.5500	723.0000
444	-17.3875	723.0000
445	-34.1250	723.0000
446	-29.2500	724.0000
447	-49.0750	723.0000
448	-34.9375	724.0000
449	-18.2000	723.0000
450	-17.5500	724.0000
451	-17.0625	723.0000
452	-17.0625	724.0000
453	-16.9000	723.0000
454	-17.0625	724.0000
455	-16.9000	723.0000
456	-17.0625	724.0000
457	-17.3875	723.0000
458	-16.9000	724.0000
459	-16.7375	723.0000
460	-16.9000	724.0000
461	-16.9000	723.0000
462	-16.7375	724.0000
463	-16.9000	723.0000
464	-17.0625	723.0000
465	-17.0625	723.0000
466	-16.7375	721.0000
467	-16.7375	723.0000
468	-16.9000	723.0000
469	-16.7375	724.0000
470	-16.7375	723.0000
471	-17.2250	724.0000
472	-16.9000	723.0000
473	-16.7375	724.0000
474	-16.9000	723.0000
475	-16.4125	724.0000
476	-16.4125	723.0000
477	-16.4125	724.0000
478	-16.7375	723.0000
479	-16.4125	724.0000
480	-16.7375	723.0000
481	-16.5750	724.0000
482	-16.4125	724.0000
483	-16.4125	724.0000
484	-16.2500	723.0000
485	-16.4125	724.0000
486	-16.5750	723.0000
487	-16.2500	724.0000
488	-16.5750	723.0000
489	-16.7375	724.0000
490	-16.4125	724.0000
491	-16.0875	723.0000
492	-16.2500	723.0000
493	-16.4125	723.0000
494	-16.4125	723.0000
495	-16.0875	724.0000
496	-16.4125	724.0000
497	-16.7375	723.0000
498	-16.2500	724.0000
499	-16.5750	723.0000
500	-16.4125	724.0000
501	-17.0625	724.0000
502	-16.0875	724.0000
503	-16.2500	723.0000
504	-16.0875	724.0000
505	-16.0875	723.0000
506	-16.0875	724.0000
507	-16.2500	723.0000
508	-16.2500	724.0000
509	-16.2500	723.0000
510	-15.9250	723.0000
511	-16.0875	723.0000
512	-15.7625	723.0000
513	-15.7625	723.0000
514	-15.9250	724.0000
515	-15.7625	723.0000
516	-15.9250	724.0000
517	-15.9250	723.0000
518	-16.2500	723.0000
519	-16.4125	724.0000
520	-16.0875	723.0000
521	-15.9250	724.0000
522	-15.9250	723.0000
523	-16.0875	722.0000
524	-15.9250	723.0000
525	-15.7625	724.0000
526	-15.9250	723.0000
527	-16.0875	724.0000
528	-16.0875	723.0000
529	-15.7625	724.0000
530	-15.9250	723.0000
531	-15.7625	723.0000
532	-16.0875	723.0000
533	-15.9250	724.0000
534	-15.9250	723.0000
535	-15.9250	724.0000
536	-15.9250	723.0000
537	-15.9250	723.0000
538	-15.9250	723.0000
539	-15.7625	723.0000
540	-15.7625	723.0000
541	-15.7625	723.0000
542	-15.9250	723.0000
543	-15.7625	723.0000
544	-15.7625	723.0000
545	-15.7625	724.0000
546	-15.7625	723.0000
547	-15.9250	723.0000
548	-15.7625	724.0000
549	-15.6000	723.0000
550	-15.7625	724.0000
551	-15.6000	723.0000
552	-15.4375	723.0000
553	-15.6000	723.0000
554	-15.6000	723.0000
555	-15.4375	723.0000
556	-15.2750	724.0000
557	-15.4375	723.0000
558	-15.4375	724.0000
559	-15.1125	723.0000
560	-15.2750	724.0000
561	-15.7625	723.0000
562	-16.0875	724.0000
563	-15.6000	723.0000
564	-15.2750	723.0000
565	-15.7625	723.0000
566	-15.1125	723.0000
567	-15.2750	723.0000
568	-15.6000	723.0000
569	-15.6000	723.0000
570	-15.2750	723.0000
571	-15.1125	724.0000
572	-15.4375	723.0000
573	-15.6000	724.0000
574	-15.1125	723.0000
575	-14.9500	723.0000
576	-15.1125	723.0000
577	-15.1125	723.0000
578	-15.1125	723.0000
579	-14.9500	724.0000
580	-15.2750	723.0000
581	-14.7875	723.0000
582	-15.1125	723.0000
583	-14.7875	723.0000
584	-14.9500	723.0000
585	-15.1125	723.0000
586	-15.1125	723.0000
587	-14.7875	723.0000
588	-14.7875	723.0000
589	-14.7875	723.0000
590	-14.6250	723.0000
591	-14.7875	723.0000
592	-14.6250	723.0000
593	-14.6250	723.0000
594	-14.7875	723.0000
595	-14.6250	723.0000
596	-14.9500	723.0000
597	-14.4625	723.0000
598	-14.6250	724.0000
599	-14.3000	723.0000
600	-14.4625	723.0000
601	-14.6250	723.0000
602	-14.6250	724.0000
603	-14.3000	723.0000
604	-14.4625	724.0000
605	-14.4625	723.0000
606	-14.3000	723.0000
607	-14.3000	723.0000
608	-14.3000	723.0000
609	-14.4625	723.0000
610	-13.9750	724.0000
611	-14.1375	723.0000
612	-13.9750	723.0000
613	-13.8125	723.0000
614	-13.9750	723.0000
615	-14.1375	723.0000
616	-13.9750	723.0000
617	-14.3000	723.0000
618	-13.8125	723.0000
619	-14.1375	723.0000
620	-13.6500	723.0000
621	-13.8125	723.0000
622	-13.8125	723.0000
623	-13.6500	723.0000
624	-13.8125	722.0000
625	-13.3250	723.0000
626	-13.1625	722.0000
627	-13.3250	724.0000
628	-13.3250	723.0000
629	-13.4875	725.0000
630	-13.3250	723.0000
631	-13.3250	723.0000
632	-13.3250	723.0000
633	-13.1625	724.0000
634	-13.1625	723.0000
635	-13.1625	723.0000
636	-13.1625	723.0000
637	-13.0000	723.0000
638	-13.0000	722.0000
639	-12.8375	723.0000
640	-13.0000	723.0000
641	-12.6750	723.0000
642	-12.6750	723.0000
643	-12.5125	723.0000
644	-12.5125	723.0000
645	-12.5125	723.0000
646	-12.5125	721.0000
647	-12.1875	723.0000
648	-12.8375	723.0000
649	-12.5125	723.0000
650	-12.3500	723.0000
651	-12.0250	723.0000
652	-12.0250	723.0000
653	-12.0250	725.0000
654	-11.8625	723.0000
655	-12.1875	722.0000
656	-12.0250	724.0000
657	-11.7000	723.0000
658	-11.5375	723.0000
659	-12.0250	723.0000
660	-11.5375	723.0000
661	-11.3750	722.0000
662	-11.2125	726.0000
663	-12.1875	723.0000
664	-11.2125	723.0000
665	-11.2125	723.0000
666	-10.8875	723.0000
667	-10.7250	723.0000
668	-10.7250	723.0000
669	-10.7250	723.0000
670	-9.9125	723.0000
671	-9.7500	723.0000
672	-9.5875	723.0000
673	-9.2625	723.0000
674	-8.7750	723.0000
675	-8.2875	723.0000
676	-7.8000	722.0000
677	-7.3125	723.0000
678	-6.9875	723.0000
679	-6.5000	723.0000
680	-6.1750	723.0000
681	-5.5250	723.0000
682	-4.8750	723.0000
683	-4.2250	723.0000
684	-3.5750	723.0000
685	-3.2500	723.0000
686	-2.7625	723.0000
687	-2.7625	724.0000
688	-1.1375	723.0000
689	-0.4875	723.0000
690	0.3250	723.0000
691	0.8125	723.0000
692	1.4625	723.0000
693	2.2750	723.0000
694	2.9250	723.0000
695	3.2500	722.0000
696	4.7125	723.0000
697	5.0375	722.0000
698	5.6875	723.0000
699	7.1500	722.0000
700	7.9625	723.0000
701	9.1000	723.0000
702	10.0750	723.0000
703	10.8875	726.0000
704	12.0250	724.0000
705	13.0000	723.0000
706	13.9750	724.0000
707	15.1125	723.0000
708	16.2500	724.0000
709	17.0625	723.0000
710	18.2000	724.0000
711	19.3375	723.0000
712	20.4750	724.0000
713	21.6125	723.0000
714	22.7500	724.0000
715	24.2125	723.0000
716	25.0250	723.0000
717	26.4875	723.0000
718	27.3000	724.0000
719	28.9250	723.0000
720	30.2250	723.0000
721	31.3625	723.0000
722	32.8250	723.0000
723	33.9625	724.0000
724	35.1000	723.0000
725	36.4000	723.0000
726	37.3750	723.0000
727	39.1625	724.0000
728	40.4625	723.0000
729	41.9250	724.0000
730	43.3875	723.0000
731	44.5250	723.0000
732	45.6625	723.0000
733	47.1250	723.0000
734	48.5875	723.0000
735	50.0500	724.0000
736	51.3500	723.0000
737	52.8125	724.0000
738	54.1125	723.0000
739	55.5750	723.0000
740	57.2000	723.0000
741	58.6625	723.0000
742	59.8000	723.0000
743	61.4250	723.0000
744	62.8875	723.0000
745	64.1875	723.0000
746	65.6500	723.0000
747	66.9500	723.0000
748	68.5750	723.0000
749	69.8750	723.0000
750	71.5000	724.0000
751	72.9625	723.0000
752	74.4250	723.0000
753	75.7250	723.0000
754	77.1875	724.0000
755	78.6500	723.0000
756	80.1125	724.0000
757	81.7375	723.0000
758	83.0375	723.0000
759	84.5000	723.0000
760	85.9625	723.0000
761	87.4250	723.0000
762	88.8875	723.0000
763	90.1875	723.0000
764	91.3250	723.0000
765	93.1125	723.0000
766	94.7375	723.0000
767	96.2000	723.0000
768	97.5000	723.0000
769	99.1250	723.0000
770	100.5875	723.0000
771	102.0500	723.0000
772	103.0250	723.0000
773	104.3250	724.0000
774	105.3000	723.0000
775	106.6000	724.0000
776	107.2500	723.0000
777	108.3875	724.0000
778	108.8750	723.0000
779	110.3375	724.0000
780	110.8250	723.0000
781	111.4750	724.0000
782	112.1250	723.0000
783	112.9375	723.0000
784	113.2625	723.0000
785	113.7500	724.0000
786	114.0750	723.0000
787	114.0750	724.0000
788	114.0750	723.0000
789	115.0500	724.0000
790	115.2125	723.0000
791	115.5375	723.0000
792	115.7000	723.0000
793	115.5375	723.0000
794	116.1875	723.0000
795	115.2125	723.0000
796	116.0250	723.0000
797	116.0250	723.0000
798	116.0250	724.0000
799	115.8625	723.0000
800	115.5375	724.0000
801	115.0500	723.0000
802	115.2125	724.0000
803	115.2125	723.0000
804	114.5625	723.0000
805	114.4000	723.0000
806	114.2375	724.0000
807	113.7500	723.0000
808	113.4250	723.0000
809	112.4500	723.0000
810	112.4500	724.0000
811	112.2875	723.0000
812	105.9500	723.0000
813	103.0250	723.0000
814	110.3375	723.0000
815	110.0125	723.0000
816	109.2000	723.0000
817	108.7125	723.0000
818	107.5750	723.0000
819	107.7375	723.0000
820	106.9250	723.0000
821	106.7625	723.0000
822	105.9500	723.0000
823	105.1375	723.0000
824	104.6500	723.0000
825	104.0000	723.0000
826	103.1875	723.0000
827	102.5375	723.0000
828	101.8875	723.0000
829	100.9125	723.0000
830	100.1000	723.0000
831	99.1250	723.0000
832	98.3125	723.0000
833	97.6625	723.0000
834	96.8500	723.0000
835	96.0375	723.0000
836	94.9000	723.0000
837	94.2500	723.0000
838	92.7875	723.0000
839	92.1375	723.0000
840	91.0000	723.0000
841	90.0250	723.0000
842	89.0500	723.0000
843	88.4000	723.0000
844	87.2625	723.0000
845	86.1250	723.0000
846	84.9875	723.0000
847	83.5250	723.0000
848	83.0375	723.0000
849	81.2500	723.0000
850	80.7625	723.0000
851	79.6250	723.0000
852	78.4875	724.0000
853	77.5125	722.0000
854	76.2125	723.0000
855	74.5875	723.0000
856	73.7750	723.0000
857	72.6375	723.0000
858	71.3375	723.0000
859	70.0375	723.0000
860	68.7375	723.0000
861	67.6000	723.0000
862	65.9750	723.0000
863	64.8375	723.0000
864	63.5375	723.0000
865	62.0750	723.0000
866	60.7750	723.0000
867	59.6375	723.0000
868	58.1750	723.0000
869	57.0375	723.0000
870	55.4125	723.0000
871	54.4375	723.0000
872	52.4875	723.0000
873	51.5125	723.0000
874	49.7250	722.0000
875	48.7500	724.0000
876	47.2875	723.0000
877	45.8250	723.0000
878	44.0375	722.0000
879	42.9000	723.0000
880	41.2750	722.0000
881	39.9750	723.0000
882	38.5125	722.0000
883	37.0500	723.0000
884	35.5875	722.0000
885	34.1250	723.0000
886	32.5000	722.0000
887	31.0375	723.0000
888	29.5750	722.0000
889	28.1125	723.0000
890	26.6500	723.0000
891	25.0250	723.0000
892	23.7250	722.0000
893	22.1000	723.0000
894	20.9625	723.0000
895	19.5000	723.0000
896	18.3625	723.0000
897	16.9000	722.0000
898	15.9250	723.0000
899	15.2750	722.0000
900	14.6250	723.0000
901	13.6500	722.0000
902	13.1625	723.0000
903	12.5125	721.0000
904	12.1875	723.0000
905	11.7000	723.0000
906	11.5375	723.0000
907	11.3750	722.0000
908	10.2375	723.0000
909	10.7250	722.0000
910	10.4000	723.0000
911	10.2375	722.0000
912	10.0750	723.0000
913	9.5875	722.0000
914	9.7500	723.0000
915	9.5875	722.0000
916	9.2625	723.0000
917	9.1000	723.0000
918	8.1250	722.0000
919	8.7750	722.0000
920	8.6125	722.0000
921	8.4500	723.0000
922	8.4500	722.0000
923	8.4500	726.0000
924	8.2875	722.0000
925	8.1250	723.0000
926	7.8000	722.0000
927	7.9625	723.0000
928	7.8000	722.0000
929	7.8000	723.0000
930	7.6375	722.0000
931	7.6375	723.0000
932	7.6375	722.0000
933	7.6375	723.0000
934	7.4750	722.0000
935	7.4750	723.0000
936	7.3125	722.0000
937	0.9750	723.0000
938	3.0875	723.0000
939	3.9000	723.0000
940	-17.7125	722.0000
941	0.0000	723.0000
942	6.9875	722.0000
943	7.1500	722.0000
944	6.9875	722.0000
945	7.1500	722.0000
946	6.9875	722.0000
947	6.8250	722.0000
948	6.6625	723.0000
949	6.8250	722.0000
950	6.6625	723.0000
951	6.5000	722.0000
952	6.6625	723.0000
953	6.0125	722.0000
954	6.1750	723.0000
955	6.5000	722.0000
956	6.5000	723.0000
957	6.0125	722.0000
958	6.3375	723.0000
959	6.0125	722.0000
960	6.3375	722.0000
961	6.5000	722.0000
962	6.3375	723.0000
963	6.5000	722.0000
964	6.3375	723.0000
965	6.5000	722.0000
966	6.3375	723.0000
967	6.1750	722.0000
968	6.1750	720.0000
969	6.1750	722.0000
970	5.6875	723.0000
971	6.0125	723.0000
972	6.0125	722.0000
973	6.1750	723.0000
974	6.1750	720.0000
975	6.0125	723.0000
976	6.0125	722.0000
977	6.1750	723.0000
978	5.3625	721.0000
979	5.6875	723.0000
980	5.3625	722.0000
981	5.6875	723.0000
982	5.8500	721.0000
983	6.0125	723.0000
984	5.6875	722.0000
985	5.8500	723.0000
986	5.8500	722.0000
987	5.8500	723.0000
988	5.3625	722.0000
989	5.6875	722.0000
990	5.6875	722.0000
991	5.6875	722.0000
992	5.5250	722.0000
993	5.5250	722.0000
994	5.5250	722.0000
995	5.3625	722.0000
996	5.6875	722.0000
997	5.6875	722.0000
998	5.3625	722.0000
999	5.6875	722.0000
1000	5.2000	723.0000
1001	5.5250	722.0000
1002	5.5250	723.0000
1003	5.2000	722.0000
1004	5.5250	723.0000
1005	5.3625	722.0000
1006	5.3625	723.0000
1007	5.3625	720.0000
1008	4.8750	722.0000
1009	5.3625	722.0000
1010	5.2000	723.0000
1011	5.0375	722.0000
1012	5.3625	723.0000
1013	5.3625	723.0000
1014	5.3625	723.0000
1015	5.5250	722.0000
1016	5.2000	722.0000
1017	5.2000	722.0000
1018	5.2000	722.0000
1019	5.3625	722.0000
1020	5.3625	722.0000
1021	5.2000	722.0000
1022	5.3625	722.0000
1023	5.3625	722.0000
#8328
