# Jueves 16 de febrero de 2018
# Medida Efecto Kerr Magneto óptico
# Muestra Andreas - 2
# Polarizadores LPVI050 ThorLabs
# Láser polarizado 500 mWatts
# Photodiodo vtb 6061
# ángulo de reflexión aproximado 45°
# eje del polarizador en S (60°)
# eje de extinción del analizador 91°
# intensidad en la extinción 175 mV 
# intensidad en 89°: 1300 mV
# delay 0 ms
# ángulo azimutal 0°
#	-20.48	1075.27
#	-20.64	1070.38
#	-20.80	1075.27
#	-20.15	1070.38
#	-20.80	1075.27
#	-20.48	1070.38
#	-19.99	1075.27
#	-20.31	1070.38
#	-19.99	1080.16
#	-20.80	1070.38
#	-21.29	1075.27
#	-20.31	1070.38
#	-45.66	1075.27
#	-20.80	1070.38
#	-21.12	1075.27
#	-20.80	1070.38
#	-20.64	1070.38
0	-20.1500	219.0000
1	-19.9875	220.0000
2	-20.6375	219.0000
3	-20.4750	220.0000
4	-20.4750	219.0000
5	-20.3125	220.0000
6	-20.1500	219.0000
7	-20.1500	220.0000
8	-20.1500	220.0000
9	-20.1500	220.0000
10	-20.3125	219.0000
11	-20.3125	220.0000
12	-20.3125	220.0000
13	-20.3125	220.0000
14	-20.3125	220.0000
15	-20.4750	219.0000
16	-20.4750	220.0000
17	-20.4750	219.0000
18	-20.4750	220.0000
19	-20.4750	219.0000
20	-20.3125	221.0000
21	-20.3125	219.0000
22	-20.3125	220.0000
23	-20.4750	219.0000
24	-20.4750	220.0000
25	-20.4750	219.0000
26	-20.4750	220.0000
27	-20.1500	219.0000
28	-19.9875	220.0000
29	-21.1250	219.0000
30	-20.3125	220.0000
31	-20.1500	219.0000
32	-20.8000	220.0000
33	-20.6375	219.0000
34	-20.1500	220.0000
35	-20.1500	220.0000
36	-20.6375	220.0000
37	-20.4750	220.0000
38	-19.8250	220.0000
39	-19.8250	220.0000
40	-21.1250	219.0000
41	-20.3125	220.0000
42	-19.9875	219.0000
43	-20.3125	220.0000
44	-21.1250	219.0000
45	-20.6375	220.0000
46	-20.3125	219.0000
47	-20.1500	220.0000
48	-20.3125	219.0000
49	-20.1500	220.0000
50	-20.3125	219.0000
51	-20.3125	220.0000
52	-21.4500	219.0000
53	-20.1500	220.0000
54	-20.1500	219.0000
55	-20.3125	220.0000
56	-20.4750	219.0000
57	-20.4750	220.0000
58	-21.1250	219.0000
59	-20.4750	220.0000
60	-21.1250	220.0000
61	-20.8000	220.0000
62	-21.9375	220.0000
63	-20.4750	219.0000
64	-21.1250	220.0000
65	-20.8000	219.0000
66	-20.4750	220.0000
67	-20.8000	219.0000
68	-20.4750	220.0000
69	-21.6125	219.0000
70	-20.4750	220.0000
71	-20.6375	219.0000
72	-20.9625	220.0000
73	-21.1250	219.0000
74	-20.4750	220.0000
75	-20.9625	219.0000
76	-20.6375	220.0000
77	-21.2875	219.0000
78	-20.6375	220.0000
79	-21.4500	219.0000
80	-20.6375	220.0000
81	-20.9625	219.0000
82	-20.9625	220.0000
83	-20.9625	219.0000
84	-20.6375	220.0000
85	-21.2875	219.0000
86	-20.8000	220.0000
87	-20.9625	220.0000
88	-20.9625	220.0000
89	-20.9625	220.0000
90	-21.9375	219.0000
91	-20.9625	220.0000
92	-21.1250	219.0000
93	-20.9625	220.0000
94	-21.2875	219.0000
95	-21.4500	220.0000
96	-21.1250	219.0000
97	-21.2875	220.0000
98	-22.4250	219.0000
99	-21.1250	220.0000
100	-21.1250	219.0000
101	-20.9625	220.0000
102	-22.2625	219.0000
103	-21.2875	220.0000
104	-21.1250	219.0000
105	-21.1250	220.0000
106	-22.1000	219.0000
107	-21.2875	220.0000
108	-21.2875	219.0000
109	-21.9375	220.0000
110	-21.4500	220.0000
111	-21.6125	220.0000
112	-21.4500	220.0000
113	-22.4250	219.0000
114	-21.7750	219.0000
115	-21.7750	220.0000
116	-21.4500	220.0000
117	-21.7750	219.0000
118	-22.5875	220.0000
119	-22.5875	219.0000
120	-21.7750	220.0000
121	-22.5875	219.0000
122	-21.7750	220.0000
123	-23.4000	219.0000
124	-21.9375	220.0000
125	-22.2625	219.0000
126	-22.1000	220.0000
127	-22.9125	219.0000
128	-21.9375	220.0000
129	-22.7500	219.0000
130	-22.1000	220.0000
131	-22.4250	218.0000
132	-21.9375	220.0000
133	-22.1000	219.0000
134	-22.9125	220.0000
135	-22.9125	219.0000
136	-22.4250	220.0000
137	-22.5875	220.0000
138	-22.5875	219.0000
139	-22.5875	220.0000
140	-23.5625	219.0000
141	-22.9125	219.0000
142	-22.4250	219.0000
143	-22.5875	220.0000
144	-23.8875	218.0000
145	-22.5875	220.0000
146	-22.7500	219.0000
147	-22.7500	220.0000
148	-23.4000	219.0000
149	-22.7500	220.0000
150	-22.9125	219.0000
151	-23.0750	220.0000
152	-23.5625	219.0000
153	-23.4000	220.0000
154	-23.4000	219.0000
155	-23.5625	220.0000
156	-23.8875	219.0000
157	-24.2125	220.0000
158	-24.2125	219.0000
159	-24.3750	220.0000
160	-26.0000	219.0000
161	-25.0250	220.0000
162	-26.0000	220.0000
163	-25.8375	220.0000
164	-26.0000	220.0000
165	-26.0000	219.0000
166	-26.6500	220.0000
167	-28.6000	219.0000
168	-27.6250	220.0000
169	-27.7875	219.0000
170	-28.4375	220.0000
171	-28.7625	219.0000
172	-29.2500	220.0000
173	-30.5500	219.0000
174	-30.2250	220.0000
175	-31.5250	219.0000
176	-31.5250	220.0000
177	-32.3375	219.0000
178	-32.6625	220.0000
179	-33.1500	221.0000
180	-33.8000	220.0000
181	-34.9375	219.0000
182	-35.2625	220.0000
183	-36.0750	219.0000
184	-36.2375	220.0000
185	-37.3750	219.0000
186	-38.8375	220.0000
187	-38.8375	220.0000
188	-39.4875	220.0000
189	-41.2750	220.0000
190	-41.4375	219.0000
191	-41.9250	220.0000
192	-42.9000	219.0000
193	-43.7125	220.0000
194	-44.6875	219.0000
195	-46.3125	220.0000
196	-46.6375	219.0000
197	-47.7750	221.0000
198	-49.4000	219.0000
199	-49.8875	220.0000
200	-50.7000	219.0000
201	-51.5125	220.0000
202	-53.1375	219.0000
203	-54.4375	220.0000
204	-54.6000	219.0000
205	-55.9000	220.0000
206	-57.3625	219.0000
207	-58.3375	220.0000
208	-59.1500	219.0000
209	-60.4500	220.0000
210	-61.9125	219.0000
211	-62.8875	220.0000
212	-64.0250	220.0000
213	-66.3000	219.0000
214	-67.2750	220.0000
215	-67.6000	219.0000
216	-68.9000	220.0000
217	-70.2000	219.0000
218	-71.8250	220.0000
219	-72.8000	219.0000
220	-74.1000	220.0000
221	-75.8875	219.0000
222	-76.8625	220.0000
223	-78.4875	219.0000
224	-79.4625	220.0000
225	-80.9250	219.0000
226	-82.2250	220.0000
227	-83.8500	219.0000
228	-85.1500	220.0000
229	-86.7750	219.0000
230	-88.4000	220.0000
231	-89.7000	219.0000
232	-90.8375	220.0000
233	-92.7875	219.0000
234	-99.6125	220.0000
235	-99.7750	219.0000
236	-99.2875	220.0000
237	-99.1250	219.0000
238	-101.0750	220.0000
239	-102.3750	220.0000
240	-103.3500	220.0000
241	-104.8125	220.0000
242	-106.2750	223.0000
243	-107.7375	220.0000
244	-110.0125	219.0000
245	-110.6625	220.0000
246	-112.2875	219.0000
247	-114.2375	220.0000
248	-115.5375	219.0000
249	-117.1625	220.0000
250	-118.9500	219.0000
251	-120.7375	221.0000
252	-122.8500	219.0000
253	-123.8250	220.0000
254	-125.2875	219.0000
255	-127.0750	220.0000
256	-128.8625	219.0000
257	-130.1625	220.0000
258	-132.2750	219.0000
259	-133.9000	220.0000
260	-135.3625	219.0000
261	-136.3375	220.0000
262	-137.6375	220.0000
263	-138.9375	220.0000
264	-140.7250	220.0000
265	-143.1625	220.0000
266	-142.5125	220.0000
267	-144.4625	219.0000
268	-145.2750	220.0000
269	-144.9500	219.0000
270	-145.6000	220.0000
271	-146.5750	219.0000
272	-147.2250	220.0000
273	-147.5500	219.0000
274	-148.2000	220.0000
275	-149.0125	220.0000
276	-149.1750	221.0000
277	-150.8000	219.0000
278	-150.3125	220.0000
279	-150.3125	219.0000
280	-150.3125	220.0000
281	-150.1500	219.0000
282	-150.3125	220.0000
283	-150.1500	219.0000
284	-150.4750	220.0000
285	-150.4750	220.0000
286	-150.3125	220.0000
287	-150.4750	220.0000
288	-149.9875	220.0000
289	-150.4750	220.0000
290	-149.6625	220.0000
291	-149.6625	220.0000
292	-148.8500	220.0000
293	-148.8500	220.0000
294	-150.4750	219.0000
295	-147.7125	220.0000
296	-147.0625	219.0000
297	-146.9000	221.0000
298	-146.0875	219.0000
299	-145.6000	221.0000
300	-144.9500	219.0000
301	-144.4625	221.0000
302	-144.1375	219.0000
303	-143.3250	220.0000
304	-142.6750	219.0000
305	-142.1875	220.0000
306	-141.3750	219.0000
307	-140.4000	220.0000
308	-139.5875	219.0000
309	-139.2625	220.0000
310	-138.4500	220.0000
311	-137.8000	220.0000
312	-136.6625	220.0000
313	-136.3375	220.0000
314	-135.0375	220.0000
315	-133.9000	220.0000
316	-132.7625	220.0000
317	-131.7875	219.0000
318	-131.4625	220.0000
319	-130.0000	219.0000
320	-129.0250	220.0000
321	-128.7000	219.0000
322	-127.2375	220.0000
323	-125.9375	219.0000
324	-124.8000	220.0000
325	-123.8250	220.0000
326	-122.6875	220.0000
327	-121.3875	219.0000
328	-120.5750	220.0000
329	-119.2750	219.0000
330	-118.4625	220.0000
331	-117.3250	219.0000
332	-115.8625	220.0000
333	-114.4000	219.0000
334	-113.4250	220.0000
335	-112.6125	219.0000
336	-110.9875	220.0000
337	-109.5250	219.0000
338	-108.5500	220.0000
339	-107.4125	222.0000
340	-105.6250	220.0000
341	-104.3250	220.0000
342	-102.8625	219.0000
343	-101.7250	220.0000
344	-100.2625	219.0000
345	-98.9625	220.0000
346	-97.3375	219.0000
347	-96.3625	220.0000
348	-95.3875	219.0000
349	-93.2750	221.0000
350	-91.9750	219.0000
351	-91.0000	220.0000
352	-89.0500	219.0000
353	-87.5875	220.0000
354	-86.1250	219.0000
355	-84.9875	220.0000
356	-84.5000	219.0000
357	-81.9000	220.0000
358	-80.1125	219.0000
359	-78.8125	220.0000
360	-77.3500	219.0000
361	-75.7250	220.0000
362	-74.4250	219.0000
363	-73.1250	220.0000
364	-71.1750	221.0000
365	-69.5500	220.0000
366	-68.0875	220.0000
367	-68.2500	219.0000
368	-65.0000	220.0000
369	-63.5375	219.0000
370	-62.4000	220.0000
371	-60.6125	219.0000
372	-58.9875	220.0000
373	-58.3375	219.0000
374	-55.7375	220.0000
375	-53.9500	219.0000
376	-52.6500	220.0000
377	-51.0250	219.0000
378	-50.3750	221.0000
379	-47.7750	219.0000
380	-46.9625	220.0000
381	-45.3375	219.0000
382	-43.5500	220.0000
383	-41.4375	219.0000
384	-40.3000	220.0000
385	-38.6750	219.0000
386	-37.3750	220.0000
387	-36.0750	220.0000
388	-35.1000	220.0000
389	-32.9875	219.0000
390	-32.3375	220.0000
391	-31.2000	220.0000
392	-30.3875	219.0000
393	-29.5750	220.0000
394	-28.9250	219.0000
395	-28.9250	220.0000
396	-28.6000	219.0000
397	-27.4625	220.0000
398	-27.3000	219.0000
399	-26.8125	220.0000
400	-26.8125	219.0000
401	-26.1625	220.0000
402	-26.0000	219.0000
403	-25.8375	220.0000
404	-25.6750	219.0000
405	-26.0000	220.0000
406	-25.1875	219.0000
407	-25.0250	220.0000
408	-25.3500	219.0000
409	-24.8625	220.0000
410	-24.7000	219.0000
411	-24.3750	220.0000
412	-25.3500	220.0000
413	-24.5375	220.0000
414	-24.7000	220.0000
415	-23.8875	220.0000
416	-23.7250	220.0000
417	-23.8875	219.0000
418	-24.0500	220.0000
419	-24.0500	219.0000
420	-23.8875	220.0000
421	-24.5375	219.0000
422	-23.4000	220.0000
423	-23.2375	219.0000
424	-23.2375	221.0000
425	-23.0750	219.0000
426	-23.4000	220.0000
427	-22.9125	219.0000
428	-22.9125	220.0000
429	-22.7500	219.0000
430	-22.9125	220.0000
431	-22.7500	219.0000
432	-22.7500	220.0000
433	-22.5875	219.0000
434	-22.7500	220.0000
435	-22.4250	219.0000
436	-22.5875	220.0000
437	-22.5875	219.0000
438	-22.4250	220.0000
439	-22.5875	220.0000
440	-22.1000	220.0000
441	-22.2625	220.0000
442	-22.2625	220.0000
443	-22.1000	220.0000
444	-22.1000	219.0000
445	-22.1000	220.0000
446	-22.4250	219.0000
447	-22.2625	220.0000
448	-22.4250	219.0000
449	-22.1000	220.0000
450	-22.1000	219.0000
451	-22.4250	220.0000
452	-21.9375	219.0000
453	-21.9375	220.0000
454	-21.9375	219.0000
455	-22.9125	220.0000
456	-21.7750	219.0000
457	-21.9375	220.0000
458	-21.6125	219.0000
459	-21.7750	220.0000
460	-21.9375	219.0000
461	-21.6125	220.0000
462	-21.6125	223.0000
463	-22.5875	220.0000
464	-21.9375	219.0000
465	-21.6125	220.0000
466	-21.6125	220.0000
467	-21.7750	220.0000
468	-21.4500	220.0000
469	-21.7750	219.0000
470	-21.6125	220.0000
471	-21.6125	219.0000
472	-21.4500	220.0000
473	-21.6125	219.0000
474	-22.1000	221.0000
475	-21.1250	219.0000
476	-21.4500	220.0000
477	-21.1250	219.0000
478	-21.4500	220.0000
479	-21.6125	218.0000
480	-21.2875	220.0000
481	-21.2875	219.0000
482	-21.4500	220.0000
483	-21.2875	219.0000
484	-21.4500	220.0000
485	-21.2875	219.0000
486	-22.4250	220.0000
487	-21.2875	220.0000
488	-21.6125	220.0000
489	-21.2875	220.0000
490	-21.4500	222.0000
491	-21.1250	220.0000
492	-21.2875	220.0000
493	-21.7750	220.0000
494	-21.6125	220.0000
495	-21.4500	220.0000
496	-21.1250	219.0000
497	-21.4500	220.0000
498	-21.2875	219.0000
499	-21.2875	221.0000
500	-21.9375	219.0000
501	-20.9625	220.0000
502	-21.1250	219.0000
503	-21.1250	220.0000
504	-21.2875	219.0000
505	-21.2875	220.0000
506	-21.2875	219.0000
507	-20.9625	220.0000
508	-21.1250	219.0000
509	-21.2875	220.0000
510	-20.9625	219.0000
511	-20.8000	220.0000
512	-20.8000	219.0000
513	-21.1250	220.0000
514	-20.9625	219.0000
515	-20.9625	220.0000
516	-20.9625	220.0000
517	-20.6375	220.0000
518	-20.6375	220.0000
519	-20.6375	219.0000
520	-21.9375	220.0000
521	-21.4500	219.0000
522	-20.6375	220.0000
523	-20.8000	217.0000
524	-20.8000	220.0000
525	-20.6375	219.0000
526	-20.8000	220.0000
527	-20.6375	219.0000
528	-21.1250	220.0000
529	-21.1250	219.0000
530	-20.6375	220.0000
531	-20.6375	219.0000
532	-20.6375	220.0000
533	-21.1250	219.0000
534	-20.6375	220.0000
535	-20.6375	219.0000
536	-21.7750	220.0000
537	-20.6375	219.0000
538	-21.9375	220.0000
539	-20.3125	219.0000
540	-20.6375	220.0000
541	-20.4750	220.0000
542	-20.4750	216.0000
543	-20.4750	220.0000
544	-20.8000	219.0000
545	-20.4750	220.0000
546	-20.3125	219.0000
547	-20.3125	220.0000
548	-20.6375	219.0000
549	-20.1500	220.0000
550	-20.4750	219.0000
551	-20.4750	220.0000
552	-20.1500	219.0000
553	-20.3125	220.0000
554	-20.3125	219.0000
555	-20.4750	223.0000
556	-20.1500	219.0000
557	-20.3125	220.0000
558	-20.1500	219.0000
559	-20.3125	220.0000
560	-20.1500	219.0000
561	-20.1500	220.0000
562	-20.9625	219.0000
563	-21.2875	220.0000
564	-20.3125	219.0000
565	-20.1500	220.0000
566	-20.3125	219.0000
567	-20.6375	220.0000
568	-20.1500	220.0000
569	-20.1500	219.0000
570	-19.9875	220.0000
571	-20.4750	219.0000
572	-20.3125	220.0000
573	-20.3125	219.0000
574	-19.8250	221.0000
575	-20.3125	219.0000
576	-19.9875	220.0000
577	-19.9875	219.0000
578	-20.1500	220.0000
579	-20.8000	219.0000
580	-19.8250	220.0000
581	-19.6625	219.0000
582	-19.9875	220.0000
583	-19.8250	219.0000
584	-20.3125	220.0000
585	-19.8250	219.0000
586	-19.6625	220.0000
587	-19.8250	219.0000
588	-19.8250	218.0000
589	-20.6375	220.0000
590	-19.5000	220.0000
591	-20.3125	220.0000
592	-20.6375	220.0000
593	-19.6625	220.0000
594	-19.5000	219.0000
595	-19.6625	220.0000
596	-19.6625	219.0000
597	-19.9875	220.0000
598	-19.3375	219.0000
599	-19.3375	219.0000
600	-19.5000	219.0000
601	-19.9875	221.0000
602	-19.3375	219.0000
603	-19.3375	220.0000
604	-19.5000	219.0000
605	-19.8250	220.0000
606	-19.3375	219.0000
607	-19.3375	220.0000
608	-19.1750	219.0000
609	-19.3375	220.0000
610	-19.3375	219.0000
611	-19.1750	220.0000
612	-19.9875	219.0000
613	-19.0125	220.0000
614	-18.8500	219.0000
615	-18.8500	220.0000
616	-19.1750	221.0000
617	-18.6875	220.0000
618	-18.6875	220.0000
619	-18.5250	220.0000
620	-19.3375	220.0000
621	-18.6875	219.0000
622	-18.5250	220.0000
623	-18.5250	219.0000
624	-18.5250	220.0000
625	-18.5250	219.0000
626	-18.6875	220.0000
627	-18.5250	219.0000
628	-18.6875	220.0000
629	-18.8500	219.0000
630	-18.2000	220.0000
631	-18.2000	219.0000
632	-18.3625	220.0000
633	-18.2000	219.0000
634	-18.2000	220.0000
635	-18.3625	219.0000
636	-18.0375	220.0000
637	-18.8500	219.0000
638	-18.0375	220.0000
639	-18.0375	219.0000
640	-17.8750	220.0000
641	-18.2000	220.0000
642	-17.8750	219.0000
643	-17.8750	220.0000
644	-18.2000	220.0000
645	-17.5500	220.0000
646	-17.5500	219.0000
647	-17.5500	220.0000
648	-17.5500	219.0000
649	-17.3875	220.0000
650	-17.2250	219.0000
651	-17.3875	220.0000
652	-17.3875	219.0000
653	-17.0625	220.0000
654	-17.7125	219.0000
655	-17.3875	222.0000
656	-16.9000	219.0000
657	-16.9000	220.0000
658	-16.7375	219.0000
659	-16.9000	220.0000
660	-16.5750	219.0000
661	-16.4125	220.0000
662	-16.4125	219.0000
663	-17.3875	220.0000
664	-16.0875	220.0000
665	-16.7375	220.0000
666	-15.9250	220.0000
667	-15.7625	220.0000
668	-15.4375	220.0000
669	-15.2750	220.0000
670	-16.5750	220.0000
671	-14.7875	219.0000
672	-14.4625	220.0000
673	-14.3000	219.0000
674	-15.1125	220.0000
675	-13.4875	219.0000
676	-13.0000	220.0000
677	-12.5125	219.0000
678	-12.3500	221.0000
679	-12.1875	219.0000
680	-11.3750	220.0000
681	-10.7250	219.0000
682	-10.2375	220.0000
683	-9.7500	219.0000
684	-9.5875	220.0000
685	-8.9375	219.0000
686	-7.9625	220.0000
687	-7.4750	219.0000
688	-6.6625	220.0000
689	-6.5000	220.0000
690	-5.2000	220.0000
691	-5.5250	220.0000
692	-3.7375	220.0000
693	-3.0875	220.0000
694	-2.4375	220.0000
695	-2.6000	220.0000
696	-0.6500	219.0000
697	0.1625	220.0000
698	1.3000	219.0000
699	2.1125	220.0000
700	3.0875	219.0000
701	4.0625	220.0000
702	5.2000	219.0000
703	6.0125	220.0000
704	6.9875	219.0000
705	8.4500	220.0000
706	9.2625	219.0000
707	10.4000	220.0000
708	11.3750	219.0000
709	12.6750	220.0000
710	13.8125	220.0000
711	15.1125	220.0000
712	15.7625	219.0000
713	17.2250	224.0000
714	18.6875	219.0000
715	19.8250	221.0000
716	19.8250	219.0000
717	21.7750	220.0000
718	23.5625	220.0000
719	25.0250	220.0000
720	26.0000	220.0000
721	27.1375	219.0000
722	29.0875	220.0000
723	29.4125	219.0000
724	31.3625	220.0000
725	32.9875	219.0000
726	34.7750	220.0000
727	36.2375	219.0000
728	35.5875	220.0000
729	38.1875	219.0000
730	40.4625	220.0000
731	40.6250	219.0000
732	42.4125	220.0000
733	44.6875	219.0000
734	46.4750	220.0000
735	47.9375	219.0000
736	49.4000	220.0000
737	50.2125	219.0000
738	52.9750	220.0000
739	54.4375	219.0000
740	55.5750	220.0000
741	57.6875	220.0000
742	59.6375	220.0000
743	60.7750	220.0000
744	62.8875	220.0000
745	64.6750	220.0000
746	66.3000	220.0000
747	68.0875	220.0000
748	69.7125	220.0000
749	71.3375	220.0000
750	72.8000	217.0000
751	74.5875	220.0000
752	76.3750	219.0000
753	78.0000	220.0000
754	79.4625	219.0000
755	80.9250	221.0000
756	83.6875	219.0000
757	84.5000	220.0000
758	87.1000	219.0000
759	89.2125	220.0000
760	90.8375	219.0000
761	92.6250	220.0000
762	93.7625	219.0000
763	95.2250	220.0000
764	98.3125	219.0000
765	100.2625	220.0000
766	101.7250	220.0000
767	103.0250	220.0000
768	105.1375	220.0000
769	107.7375	221.0000
770	109.3625	220.0000
771	110.3375	219.0000
772	113.1000	220.0000
773	114.8875	219.0000
774	116.1875	220.0000
775	117.8125	219.0000
776	118.9500	221.0000
777	120.4125	219.0000
778	120.7375	221.0000
779	122.6875	220.0000
780	123.5000	221.0000
781	123.8250	219.0000
782	125.2875	221.0000
783	125.9375	219.0000
784	126.9125	219.0000
785	127.5625	219.0000
786	127.8875	220.0000
787	128.8625	220.0000
788	128.5375	220.0000
789	129.5125	219.0000
790	130.1625	220.0000
791	130.0000	220.0000
792	130.8125	220.0000
793	130.4875	220.0000
794	130.9750	220.0000
795	131.1375	220.0000
796	130.8125	220.0000
797	131.3000	220.0000
798	131.6250	219.0000
799	130.9750	220.0000
800	131.4625	219.0000
801	130.6500	220.0000
802	131.3000	219.0000
803	130.3250	221.0000
804	130.6500	219.0000
805	130.0000	221.0000
806	130.1625	219.0000
807	129.5125	221.0000
808	129.3500	219.0000
809	128.7000	220.0000
810	128.7000	219.0000
811	127.2375	220.0000
812	127.7250	220.0000
813	126.4250	220.0000
814	125.7750	220.0000
815	125.9375	220.0000
816	125.2875	220.0000
817	124.8000	220.0000
818	124.1500	220.0000
819	123.3375	220.0000
820	122.5250	220.0000
821	121.7125	220.0000
822	120.7375	220.0000
823	120.2500	220.0000
824	119.4375	220.0000
825	118.4625	220.0000
826	117.6500	220.0000
827	116.6750	219.0000
828	115.2125	220.0000
829	114.8875	219.0000
830	114.0750	221.0000
831	112.9375	219.0000
832	111.8000	221.0000
833	110.8250	219.0000
834	110.1750	221.0000
835	109.2000	219.0000
836	108.2250	220.0000
837	107.0875	219.0000
838	105.9500	220.0000
839	104.4875	219.0000
840	103.5125	220.0000
841	102.7000	220.0000
842	101.2375	220.0000
843	99.7750	220.0000
844	98.9625	220.0000
845	97.9875	220.0000
846	96.2000	220.0000
847	95.3875	220.0000
848	94.2500	220.0000
849	92.3000	220.0000
850	90.5125	219.0000
851	87.1000	220.0000
852	85.3125	219.0000
853	84.5000	221.0000
854	85.3125	219.0000
855	82.8750	221.0000
856	83.0375	219.0000
857	81.2500	221.0000
858	80.2750	219.0000
859	79.1375	220.0000
860	78.1625	219.0000
861	75.4000	220.0000
862	74.4250	219.0000
863	73.6125	220.0000
864	72.1500	219.0000
865	70.6875	220.0000
866	68.7375	220.0000
867	67.1125	220.0000
868	66.6250	220.0000
869	64.8375	220.0000
870	63.2125	220.0000
871	62.0750	220.0000
872	60.6125	220.0000
873	58.8250	220.0000
874	57.5250	220.0000
875	54.7625	219.0000
876	53.9500	220.0000
877	51.1875	216.0000
878	50.7000	220.0000
879	49.5625	219.0000
880	47.9375	220.0000
881	46.3125	219.0000
882	44.8500	221.0000
883	43.2250	219.0000
884	41.9250	221.0000
885	39.6500	220.0000
886	38.5125	220.0000
887	36.8875	219.0000
888	35.2625	220.0000
889	33.3125	219.0000
890	31.3625	220.0000
891	30.3875	219.0000
892	28.1125	220.0000
893	27.4625	220.0000
894	25.6750	220.0000
895	24.2125	220.0000
896	22.5875	220.0000
897	20.6375	220.0000
898	19.8250	219.0000
899	18.0375	220.0000
900	16.7375	219.0000
901	15.7625	220.0000
902	13.4875	219.0000
903	13.3250	219.0000
904	12.6750	219.0000
905	12.3500	221.0000
906	11.8625	218.0000
907	10.7250	220.0000
908	9.9125	219.0000
909	10.0750	220.0000
910	9.9125	219.0000
911	9.2625	220.0000
912	9.1000	219.0000
913	8.1250	220.0000
914	8.9375	220.0000
915	8.6125	220.0000
916	7.9625	219.0000
917	7.3125	217.0000
918	8.1250	219.0000
919	7.9625	220.0000
920	6.3375	220.0000
921	7.1500	220.0000
922	7.3125	220.0000
923	7.3125	220.0000
924	7.1500	220.0000
925	6.5000	219.0000
926	6.6625	220.0000
927	4.8750	219.0000
928	6.6625	220.0000
929	6.5000	219.0000
930	6.6625	217.0000
931	6.5000	219.0000
932	5.8500	220.0000
933	6.0125	219.0000
934	6.1750	220.0000
935	6.1750	219.0000
936	5.6875	220.0000
937	6.1750	219.0000
938	6.1750	220.0000
939	5.2000	219.0000
940	5.3625	220.0000
941	5.8500	219.0000
942	5.6875	220.0000
943	4.7125	219.0000
944	5.5250	220.0000
945	5.6875	220.0000
946	5.5250	220.0000
947	5.0375	220.0000
948	5.0375	219.0000
949	5.5250	220.0000
950	4.8750	219.0000
951	5.5250	220.0000
952	5.2000	219.0000
953	5.3625	220.0000
954	5.2000	219.0000
955	4.8750	220.0000
956	5.2000	219.0000
957	5.2000	220.0000
958	3.7375	217.0000
959	5.0375	220.0000
960	5.0375	218.0000
961	4.0625	220.0000
962	4.5500	219.0000
963	3.4125	220.0000
964	4.7125	219.0000
965	3.9000	220.0000
966	3.4125	219.0000
967	4.7125	220.0000
968	4.8750	219.0000
969	4.8750	220.0000
970	4.3875	220.0000
971	4.8750	220.0000
972	4.7125	220.0000
973	4.5500	220.0000
974	4.7125	220.0000
975	4.8750	219.0000
976	4.3875	220.0000
977	4.7125	219.0000
978	4.7125	220.0000
979	-2.4375	219.0000
980	4.3875	220.0000
981	2.1125	219.0000
982	3.5750	220.0000
983	2.7625	219.0000
984	4.7125	221.0000
985	4.3875	219.0000
986	4.7125	218.0000
987	4.7125	219.0000
988	4.7125	220.0000
989	4.3875	219.0000
990	4.3875	220.0000
991	4.3875	219.0000
992	4.2250	220.0000
993	4.3875	219.0000
994	4.2250	220.0000
995	4.3875	220.0000
996	3.2500	220.0000
997	4.2250	220.0000
998	4.2250	220.0000
999	3.7375	220.0000
1000	4.2250	219.0000
1001	4.0625	220.0000
1002	3.5750	219.0000
1003	4.2250	220.0000
1004	4.3875	219.0000
1005	4.2250	220.0000
1006	4.0625	218.0000
1007	4.2250	220.0000
1008	3.4125	219.0000
1009	4.0625	217.0000
1010	3.5750	219.0000
1011	3.9000	220.0000
1012	4.0625	219.0000
1013	3.9000	220.0000
1014	3.5750	219.0000
1015	4.0625	220.0000
1016	3.7375	219.0000
1017	4.0625	220.0000
1018	4.0625	219.0000
1019	2.2750	220.0000
1020	3.0875	220.0000
1021	3.7375	220.0000
1022	4.0625	220.0000
1023	3.7375	221.0000
#8328
0	3.5750	219.0000
1	0.6500	220.0000
2	0.8125	220.0000
3	-6.3375	220.0000
4	-2.2750	219.0000
5	2.6000	220.0000
6	3.0875	220.0000
7	3.0875	220.0000
8	3.2500	220.0000
9	3.2500	219.0000
10	3.2500	220.0000
11	3.2500	219.0000
12	3.2500	220.0000
13	3.0875	219.0000
14	3.2500	220.0000
15	3.2500	217.0000
16	3.0875	220.0000
17	3.2500	219.0000
18	3.0875	220.0000
19	3.4125	219.0000
20	3.2500	220.0000
21	3.4125	219.0000
22	3.2500	220.0000
23	3.2500	219.0000
24	3.2500	219.0000
25	3.0875	220.0000
26	3.0875	220.0000
27	3.0875	219.0000
28	3.5750	220.0000
29	2.7625	220.0000
30	3.4125	220.0000
31	3.0875	219.0000
32	2.9250	220.0000
33	3.5750	220.0000
34	3.5750	219.0000
35	3.5750	220.0000
36	2.6000	220.0000
37	3.4125	220.0000
38	3.4125	219.0000
39	3.4125	220.0000
40	3.4125	219.0000
41	3.4125	220.0000
42	3.0875	219.0000
43	3.5750	220.0000
44	3.2500	219.0000
45	2.9250	220.0000
46	2.9250	219.0000
47	3.0875	220.0000
48	2.9250	219.0000
49	2.9250	220.0000
50	3.4125	219.0000
51	3.2500	220.0000
52	3.2500	219.0000
53	3.2500	220.0000
54	2.6000	219.0000
55	3.2500	220.0000
56	3.2500	220.0000
57	3.4125	217.0000
58	3.0875	220.0000
59	3.2500	220.0000
60	3.2500	220.0000
61	1.4625	219.0000
62	1.1375	220.0000
63	1.3000	219.0000
64	2.4375	220.0000
65	1.6250	219.0000
66	3.2500	221.0000
67	2.2750	219.0000
68	0.6500	221.0000
69	3.0875	219.0000
70	2.9250	220.0000
71	3.0875	219.0000
72	2.9250	220.0000
73	2.9250	219.0000
74	2.7625	220.0000
75	2.1125	221.0000
76	2.4375	220.0000
77	1.9500	219.0000
78	2.4375	220.0000
79	2.2750	219.0000
80	2.2750	220.0000
81	2.2750	220.0000
82	2.2750	220.0000
83	1.3000	220.0000
84	2.4375	219.0000
85	2.4375	220.0000
86	0.0000	219.0000
87	2.2750	220.0000
88	2.4375	219.0000
89	1.9500	220.0000
90	2.2750	219.0000
91	2.4375	220.0000
92	2.4375	219.0000
93	2.2750	220.0000
94	0.9750	219.0000
95	2.4375	220.0000
96	2.1125	220.0000
97	2.2750	220.0000
98	2.1125	219.0000
99	2.2750	220.0000
100	2.1125	219.0000
101	2.1125	220.0000
102	0.0000	219.0000
103	2.1125	220.0000
104	1.4625	219.0000
105	1.7875	220.0000
106	1.3000	219.0000
107	1.9500	220.0000
108	1.7875	220.0000
109	0.6500	219.0000
110	1.6250	220.0000
111	1.6250	219.0000
112	1.7875	220.0000
113	1.6250	219.0000
114	0.8125	220.0000
115	1.7875	219.0000
116	1.6250	220.0000
117	1.4625	219.0000
118	1.6250	220.0000
119	0.6500	219.0000
120	1.3000	220.0000
121	0.8125	219.0000
122	1.4625	220.0000
123	0.8125	222.0000
124	0.9750	220.0000
125	0.9750	219.0000
126	1.1375	220.0000
127	0.9750	219.0000
128	0.9750	220.0000
129	-0.9750	219.0000
130	0.3250	220.0000
131	0.6500	220.0000
132	-0.1625	220.0000
133	0.8125	220.0000
134	0.9750	219.0000
135	0.8125	220.0000
136	0.6500	220.0000
137	-0.1625	220.0000
138	0.6500	219.0000
139	0.3250	220.0000
140	0.3250	219.0000
141	-0.1625	220.0000
142	0.1625	219.0000
143	-0.1625	222.0000
144	0.0000	219.0000
145	-1.9500	220.0000
146	-0.1625	219.0000
147	-0.4875	220.0000
148	-0.6500	219.0000
149	-0.6500	220.0000
150	-0.8125	219.0000
151	-0.6500	219.0000
152	-0.8125	219.0000
153	-0.6500	220.0000
154	-0.9750	219.0000
155	-2.2750	220.0000
156	-2.1125	219.0000
157	-1.6250	220.0000
158	-1.7875	220.0000
159	-2.1125	219.0000
160	-3.5750	220.0000
161	-2.7625	219.0000
162	-4.8750	220.0000
163	-3.5750	219.0000
164	-4.0625	220.0000
165	-4.5500	219.0000
166	-6.3375	220.0000
167	-5.5250	219.0000
168	-6.0125	220.0000
169	-6.3375	219.0000
170	-7.1500	221.0000
171	-7.4750	219.0000
172	-8.1250	220.0000
173	-8.6125	219.0000
174	-9.5875	221.0000
175	-10.7250	219.0000
176	-10.8875	220.0000
177	-11.5375	219.0000
178	-12.5125	220.0000
179	-12.6750	219.0000
180	-13.4875	220.0000
181	-14.4625	221.0000
182	-15.6000	220.0000
183	-15.9250	220.0000
184	-16.7375	220.0000
185	-17.8750	220.0000
186	-18.6875	218.0000
187	-19.8250	220.0000
188	-20.4750	219.0000
189	-22.7500	220.0000
190	-27.3000	219.0000
191	-30.3875	220.0000
192	-25.0250	219.0000
193	-25.8375	220.0000
194	-27.1375	219.0000
195	-27.7875	220.0000
196	-28.7625	219.0000
197	-30.0625	219.0000
198	-31.0375	219.0000
199	-32.3375	220.0000
200	-34.6125	219.0000
201	-34.9375	220.0000
202	-35.9125	219.0000
203	-37.2125	220.0000
204	-38.6750	219.0000
205	-39.6500	220.0000
206	-41.1125	219.0000
207	-42.5750	220.0000
208	-43.7125	220.0000
209	-45.9875	219.0000
210	-46.6375	220.0000
211	-47.7750	220.0000
212	-49.4000	220.0000
213	-50.5375	219.0000
214	-52.1625	220.0000
215	-53.4625	219.0000
216	-55.2500	220.0000
217	-56.5500	219.0000
218	-58.3375	221.0000
219	-59.4750	219.0000
220	-60.9375	220.0000
221	-63.8625	216.0000
222	-64.1875	220.0000
223	-65.3250	219.0000
224	-68.0875	220.0000
225	-68.5750	219.0000
226	-70.3625	220.0000
227	-71.8250	219.0000
228	-73.4500	220.0000
229	-75.0750	219.0000
230	-76.5375	220.0000
231	-78.1625	219.0000
232	-80.1125	220.0000
233	-81.5750	220.0000
234	-83.3625	220.0000
235	-84.8250	220.0000
236	-86.4500	219.0000
237	-88.4000	220.0000
238	-90.1875	219.0000
239	-92.1375	220.0000
240	-93.4375	219.0000
241	-95.0625	220.0000
242	-97.0125	219.0000
243	-98.9625	220.0000
244	-102.2125	219.0000
245	-101.8875	220.0000
246	-103.5125	219.0000
247	-106.9250	220.0000
248	-109.0375	219.0000
249	-109.2000	220.0000
250	-111.3125	219.0000
251	-113.1000	220.0000
252	-114.4000	219.0000
253	-116.1875	220.0000
254	-118.3000	219.0000
255	-121.0625	220.0000
256	-121.7125	219.0000
257	-123.3375	220.0000
258	-125.2875	220.0000
259	-127.0750	220.0000
260	-129.1875	220.0000
261	-130.4875	220.0000
262	-131.7875	220.0000
263	-133.4125	219.0000
264	-134.7125	220.0000
265	-135.6875	219.0000
266	-136.9875	220.0000
267	-137.9625	218.0000
268	-139.2625	221.0000
269	-140.0750	219.0000
270	-141.3750	221.0000
271	-141.5375	219.0000
272	-143.1625	220.0000
273	-143.1625	219.0000
274	-144.1375	220.0000
275	-144.4625	219.0000
276	-145.2750	221.0000
277	-144.9500	219.0000
278	-145.6000	220.0000
279	-145.7625	219.0000
280	-146.0875	219.0000
281	-146.4125	220.0000
282	-147.2250	220.0000
283	-146.7375	220.0000
284	-146.7375	220.0000
285	-146.7375	220.0000
286	-147.2250	220.0000
287	-146.5750	220.0000
288	-146.5750	219.0000
289	-146.4125	220.0000
290	-146.7375	219.0000
291	-146.0875	220.0000
292	-145.6000	219.0000
293	-145.7625	221.0000
294	-145.2750	219.0000
295	-144.7875	220.0000
296	-144.3000	218.0000
297	-144.4625	221.0000
298	-143.4875	219.0000
299	-143.6500	217.0000
300	-142.5125	219.0000
301	-143.1625	220.0000
302	-141.5375	219.0000
303	-140.8875	220.0000
304	-140.0750	219.0000
305	-140.8875	220.0000
306	-139.1000	220.0000
307	-138.6125	220.0000
308	-137.4750	220.0000
309	-136.9875	220.0000
310	-136.0125	220.0000
311	-135.3625	219.0000
312	-134.5500	220.0000
313	-135.5250	220.0000
314	-132.9250	221.0000
315	-132.2750	219.0000
316	-131.1375	220.0000
317	-130.0000	219.0000
318	-129.3500	221.0000
319	-128.3750	219.0000
320	-127.8875	220.0000
321	-126.2625	219.0000
322	-125.4500	220.0000
323	-124.4750	219.0000
324	-123.3375	220.0000
325	-122.2000	219.0000
326	-121.0625	220.0000
327	-119.9250	219.0000
328	-119.9250	221.0000
329	-117.6500	220.0000
330	-116.5125	220.0000
331	-115.3750	220.0000
332	-114.4000	220.0000
333	-112.9375	220.0000
334	-112.7750	220.0000
335	-110.5000	220.0000
336	-109.5250	220.0000
337	-108.5500	220.0000
338	-106.9250	221.0000
339	-106.1125	220.0000
340	-104.4875	219.0000
341	-102.8625	220.0000
342	-101.7250	219.0000
343	-100.2625	221.0000
344	-99.1250	219.0000
345	-97.6625	220.0000
346	-96.3625	217.0000
347	-95.2250	221.0000
348	-93.4375	219.0000
349	-92.7875	220.0000
350	-90.6750	219.0000
351	-91.0000	220.0000
352	-88.4000	219.0000
353	-86.6125	220.0000
354	-85.1500	219.0000
355	-84.8250	220.0000
356	-82.0625	220.0000
357	-80.9250	221.0000
358	-79.1375	220.0000
359	-78.4875	220.0000
360	-76.2125	220.0000
361	-74.7500	220.0000
362	-74.2625	220.0000
363	-71.9875	220.0000
364	-70.2000	220.0000
365	-69.2250	219.0000
366	-67.6000	220.0000
367	-65.8125	219.0000
368	-64.1875	220.0000
369	-63.3750	219.0000
370	-61.4250	220.0000
371	-59.4750	219.0000
372	-57.6875	220.0000
373	-56.3875	219.0000
374	-56.7125	220.0000
375	-53.6250	219.0000
376	-52.3250	220.0000
377	-49.8875	219.0000
378	-48.5875	220.0000
379	-46.9625	219.0000
380	-46.1500	220.0000
381	-43.7125	219.0000
382	-42.2500	220.0000
383	-40.7875	220.0000
384	-39.9750	220.0000
385	-37.7000	219.0000
386	-36.2375	220.0000
387	-34.6125	220.0000
388	-33.1500	219.0000
389	-31.6875	220.0000
390	-31.3625	219.0000
391	-29.9000	220.0000
392	-29.5750	219.0000
393	-29.0875	220.0000
394	-27.9500	219.0000
395	-27.4625	220.0000
396	-27.9500	219.0000
397	-26.6500	221.0000
398	-26.1625	219.0000
399	-26.1625	220.0000
400	-25.6750	219.0000
401	-25.8375	220.0000
402	-25.3500	219.0000
403	-24.8625	220.0000
404	-24.5375	219.0000
405	-24.8625	220.0000
406	-24.2125	220.0000
407	-23.8875	220.0000
408	-24.0500	219.0000
409	-28.1125	220.0000
410	-24.3750	220.0000
411	-23.7250	220.0000
412	-23.4000	220.0000
413	-23.5625	219.0000
414	-23.2375	220.0000
415	-23.2375	219.0000
416	-23.2375	220.0000
417	-23.4000	219.0000
418	-22.7500	220.0000
419	-22.4250	219.0000
420	-22.4250	221.0000
421	-22.5875	219.0000
422	-22.5875	220.0000
423	-22.2625	219.0000
424	-22.9125	220.0000
425	-22.2625	219.0000
426	-22.5875	220.0000
427	-21.9375	219.0000
428	-21.9375	220.0000
429	-21.9375	219.0000
430	-22.1000	220.0000
431	-22.1000	220.0000
432	-21.9375	220.0000
433	-21.6125	219.0000
434	-22.5875	220.0000
435	-21.6125	220.0000
436	-21.7750	220.0000
437	-21.6125	220.0000
438	-21.6125	220.0000
439	-22.1000	220.0000
440	-22.4250	219.0000
441	-21.2875	220.0000
442	-21.4500	219.0000
443	-21.1250	220.0000
444	-21.2875	219.0000
445	-21.1250	220.0000
446	-21.2875	219.0000
447	-21.4500	220.0000
448	-21.1250	219.0000
449	-21.1250	220.0000
450	-21.1250	219.0000
451	-21.1250	221.0000
452	-20.9625	219.0000
453	-20.8000	220.0000
454	-20.9625	219.0000
455	-21.7750	220.0000
456	-20.9625	219.0000
457	-21.6125	220.0000
458	-22.2625	219.0000
459	-32.3375	220.0000
460	-21.9375	220.0000
461	-20.9625	220.0000
462	-20.9625	220.0000
463	-20.8000	220.0000
464	-20.6375	220.0000
465	-20.8000	219.0000
466	-20.8000	220.0000
467	-20.6375	219.0000
468	-20.6375	220.0000
469	-20.4750	219.0000
470	-20.4750	220.0000
471	-20.4750	219.0000
472	-20.6375	221.0000
473	-20.4750	219.0000
474	-20.6375	221.0000
475	-20.8000	219.0000
476	-29.2500	220.0000
477	-46.6375	219.0000
478	-23.8875	220.0000
479	-21.4500	219.0000
480	-20.6375	220.0000
481	-20.4750	219.0000
482	-20.6375	220.0000
483	-20.6375	219.0000
484	-20.3125	220.0000
485	-20.4750	219.0000
486	-20.3125	220.0000
487	-19.9875	220.0000
488	-20.3125	220.0000
489	-20.3125	220.0000
490	-20.3125	219.0000
491	-20.3125	220.0000
492	-20.3125	219.0000
493	-21.1250	220.0000
494	-20.3125	219.0000
495	-20.1500	220.0000
496	-20.9625	219.0000
497	-20.3125	220.0000
498	-20.3125	219.0000
499	-22.5875	220.0000
500	-21.1250	219.0000
501	-21.1250	222.0000
502	-24.0500	219.0000
503	-20.9625	220.0000
504	-20.9625	219.0000
505	-20.1500	220.0000
506	-20.8000	219.0000
507	-20.3125	220.0000
508	-20.8000	219.0000
509	-20.1500	220.0000
510	-19.9875	219.0000
511	-20.1500	220.0000
512	-20.1500	219.0000
513	-20.3125	220.0000
514	-19.9875	220.0000
515	-20.1500	219.0000
516	-20.4750	220.0000
517	-19.9875	219.0000
518	-20.1500	220.0000
519	-20.3125	220.0000
520	-20.4750	220.0000
521	-19.9875	218.0000
522	-19.9875	220.0000
523	-20.1500	219.0000
524	-20.3125	220.0000
525	-20.1500	219.0000
526	-19.8250	220.0000
527	-20.1500	219.0000
528	-20.4750	220.0000
529	-20.4750	219.0000
530	-19.9875	222.0000
531	-20.3125	219.0000
532	-20.3125	220.0000
533	-19.8250	218.0000
534	-19.6625	220.0000
535	-19.8250	220.0000
536	-20.3125	220.0000
537	-19.9875	220.0000
538	-19.8250	220.0000
539	-19.8250	220.0000
540	-20.8000	219.0000
541	-19.6625	220.0000
542	-19.8250	219.0000
543	-19.5000	220.0000
544	-20.6375	220.0000
545	-20.3125	220.0000
546	-20.1500	218.0000
547	-20.3125	223.0000
548	-19.6625	219.0000
549	-19.8250	221.0000
550	-19.6625	219.0000
551	-19.8250	220.0000
552	-19.9875	219.0000
553	-19.8250	220.0000
554	-20.9625	219.0000
555	-20.1500	220.0000
556	-19.6625	219.0000
557	-19.5000	220.0000
558	-20.4750	219.0000
559	-20.3125	220.0000
560	-20.1500	219.0000
561	-19.9875	220.0000
562	-22.4250	220.0000
563	-19.8250	220.0000
564	-20.6375	220.0000
565	-20.3125	219.0000
566	-20.8000	220.0000
567	-19.5000	219.0000
568	-19.5000	220.0000
569	-19.3375	219.0000
570	-20.3125	220.0000
571	-21.7750	219.0000
572	-31.2000	220.0000
573	-22.7500	219.0000
574	-20.8000	220.0000
575	-19.9875	219.0000
576	-19.1750	217.0000
577	-19.6625	219.0000
578	-19.6625	221.0000
579	-19.5000	219.0000
580	-19.6625	220.0000
581	-19.1750	219.0000
582	-19.5000	220.0000
583	-19.9875	219.0000
584	-27.7875	220.0000
585	-20.9625	218.0000
586	-23.4000	220.0000
587	-21.4500	219.0000
588	-19.6625	220.0000
589	-19.3375	220.0000
590	-19.5000	219.0000
591	-20.4750	220.0000
592	-20.1500	219.0000
593	-20.1500	220.0000
594	-18.8500	219.0000
595	-19.0125	220.0000
596	-18.6875	220.0000
597	-20.3125	220.0000
598	-19.1750	219.0000
599	-18.6875	220.0000
600	-18.8500	219.0000
601	-19.5000	220.0000
602	-18.6875	219.0000
603	-18.6875	220.0000
604	-18.6875	219.0000
605	-18.8500	220.0000
606	-18.6875	219.0000
607	-18.3625	220.0000
608	-19.1750	219.0000
609	-19.0125	220.0000
610	-19.1750	220.0000
611	-18.3625	220.0000
612	-18.2000	220.0000
613	-18.3625	220.0000
614	-18.2000	220.0000
615	-19.0125	220.0000
616	-19.0125	220.0000
617	-18.0375	219.0000
618	-18.6875	223.0000
619	-18.5250	219.0000
620	-18.3625	220.0000
621	-17.8750	219.0000
622	-18.5250	220.0000
623	-18.0375	219.0000
624	-19.6625	220.0000
625	-17.8750	219.0000
626	-18.0375	220.0000
627	-18.5250	219.0000
628	-17.8750	220.0000
629	-17.8750	219.0000
630	-17.8750	220.0000
631	-17.7125	219.0000
632	-17.3875	220.0000
633	-18.3625	219.0000
634	-17.3875	220.0000
635	-17.3875	219.0000
636	-17.3875	220.0000
637	-17.2250	220.0000
638	-17.2250	220.0000
639	-17.5500	220.0000
640	-17.2250	219.0000
641	-17.0625	220.0000
642	-17.0625	219.0000
643	-17.0625	220.0000
644	-17.2250	219.0000
645	-16.9000	220.0000
646	-17.3875	219.0000
647	-18.3625	220.0000
648	-17.3875	219.0000
649	-17.7125	220.0000
650	-16.9000	219.0000
651	-16.4125	220.0000
652	-16.5750	219.0000
653	-16.7375	220.0000
654	-16.7375	219.0000
655	-17.3875	220.0000
656	-16.4125	219.0000
657	-16.2500	220.0000
658	-17.0625	219.0000
659	-15.9250	220.0000
660	-17.8750	219.0000
661	-15.7625	220.0000
662	-18.5250	220.0000
663	-15.6000	220.0000
664	-15.7625	220.0000
665	-15.9250	220.0000
666	-15.2750	220.0000
667	-15.1125	219.0000
668	-14.7875	220.0000
669	-14.4625	219.0000
670	-14.4625	220.0000
671	-14.1375	219.0000
672	-13.9750	220.0000
673	-13.9750	219.0000
674	-13.9750	220.0000
675	-12.8375	219.0000
676	-12.1875	220.0000
677	-11.8625	219.0000
678	-11.8625	220.0000
679	-10.8875	219.0000
680	-10.4000	222.0000
681	-9.9125	219.0000
682	-10.8875	220.0000
683	-8.9375	219.0000
684	-8.2875	220.0000
685	-8.6125	219.0000
686	-7.4750	220.0000
687	-7.4750	220.0000
688	-9.7500	216.0000
689	-8.1250	220.0000
690	-6.0125	219.0000
691	-4.3875	220.0000
692	-3.2500	219.0000
693	-3.4125	220.0000
694	-1.7875	219.0000
695	-0.4875	220.0000
696	0.4875	221.0000
697	0.9750	220.0000
698	1.9500	217.0000
699	2.9250	220.0000
700	2.7625	219.0000
701	4.8750	220.0000
702	5.6875	219.0000
703	6.3375	220.0000
704	7.8000	219.0000
705	8.4500	220.0000
706	9.9125	219.0000
707	10.2375	220.0000
708	12.3500	219.0000
709	13.4875	220.0000
710	14.6250	219.0000
711	15.6000	220.0000
712	15.4375	220.0000
713	18.2000	220.0000
714	19.3375	220.0000
715	20.4750	223.0000
716	20.4750	220.0000
717	23.2375	219.0000
718	24.3750	220.0000
719	25.6750	219.0000
720	26.4875	220.0000
721	28.4375	219.0000
722	29.5750	220.0000
723	31.0375	219.0000
724	32.3375	220.0000
725	33.9625	219.0000
726	34.6125	223.0000
727	36.7250	219.0000
728	38.3500	220.0000
729	39.8125	219.0000
730	41.2750	220.0000
731	42.5750	219.0000
732	43.7125	220.0000
733	45.8250	219.0000
734	47.2875	220.0000
735	48.9125	219.0000
736	50.0500	220.0000
737	51.3500	219.0000
738	53.7875	220.0000
739	55.2500	220.0000
740	56.8750	220.0000
741	58.5000	220.0000
742	59.8000	219.0000
743	61.7500	220.0000
744	63.2125	220.0000
745	64.5125	220.0000
746	66.6250	219.0000
747	66.9500	221.0000
748	70.2000	219.0000
749	70.6875	220.0000
750	72.9625	219.0000
751	74.9125	220.0000
752	77.0250	219.0000
753	78.3250	220.0000
754	80.1125	219.0000
755	82.3875	220.0000
756	83.8500	219.0000
757	85.9625	220.0000
758	87.7500	219.0000
759	89.5375	220.0000
760	91.4875	220.0000
761	93.2750	220.0000
762	94.2500	219.0000
763	96.8500	220.0000
764	98.4750	220.0000
765	100.4250	220.0000
766	102.2125	220.0000
767	104.1625	219.0000
768	106.1125	220.0000
769	108.2250	219.0000
770	109.3625	220.0000
771	111.9625	219.0000
772	113.4250	221.0000
773	115.0500	219.0000
774	116.1875	221.0000
775	117.6500	219.0000
776	119.2750	220.0000
777	120.0875	219.0000
778	121.5500	220.0000
779	122.8500	219.0000
780	123.8250	221.0000
781	124.6375	219.0000
782	125.4500	220.0000
783	126.4250	219.0000
784	126.7500	220.0000
785	127.7250	219.0000
786	127.8875	222.0000
787	128.8625	220.0000
788	129.5125	220.0000
789	129.8375	220.0000
790	130.3250	220.0000
791	130.9750	220.0000
792	130.9750	220.0000
793	130.4875	220.0000
794	131.1375	219.0000
795	131.6250	220.0000
796	130.6500	219.0000
797	131.7875	221.0000
798	131.6250	219.0000
799	131.4625	220.0000
800	131.1375	219.0000
801	131.1375	220.0000
802	130.9750	219.0000
803	130.4875	220.0000
804	130.9750	219.0000
805	130.3250	220.0000
806	130.3250	219.0000
807	129.8375	220.0000
808	129.1875	219.0000
809	127.5625	220.0000
810	128.7000	221.0000
811	127.7250	220.0000
812	126.7500	220.0000
813	126.2625	220.0000
814	126.1000	220.0000
815	125.6125	220.0000
816	123.1750	220.0000
817	124.4750	220.0000
818	123.9875	220.0000
819	123.1750	219.0000
820	122.8500	220.0000
821	121.8750	218.0000
822	121.2250	221.0000
823	118.9500	219.0000
824	119.4375	221.0000
825	118.9500	219.0000
826	117.4875	221.0000
827	116.8375	219.0000
828	116.0250	220.0000
829	115.2125	219.0000
830	114.0750	220.0000
831	112.9375	219.0000
832	112.1250	220.0000
833	111.3125	219.0000
834	110.0125	220.0000
835	109.0375	220.0000
836	107.9000	220.0000
837	107.0875	220.0000
838	105.4625	220.0000
839	104.1625	220.0000
840	103.0250	220.0000
841	102.5375	220.0000
842	101.4000	220.0000
843	99.4500	220.0000
844	98.8000	220.0000
845	97.8250	220.0000
846	96.6875	219.0000
847	94.7375	220.0000
848	92.4625	219.0000
849	92.3000	221.0000
850	91.4875	219.0000
851	90.3500	221.0000
852	88.8875	219.0000
853	87.7500	220.0000
854	86.1250	219.0000
855	84.3375	222.0000
856	83.5250	219.0000
857	82.2250	220.0000
858	80.2750	219.0000
859	79.6250	220.0000
860	78.1625	220.0000
861	76.7000	220.0000
862	74.2625	220.0000
863	73.7750	220.0000
864	72.3125	220.0000
865	70.2000	220.0000
866	69.5500	220.0000
867	67.7625	220.0000
868	66.6250	220.0000
869	64.6750	219.0000
870	62.5625	220.0000
871	61.7500	219.0000
872	60.6125	220.0000
873	58.6625	219.0000
874	57.0375	220.0000
875	55.4125	219.0000
876	54.2750	220.0000
877	52.4875	219.0000
878	51.1875	220.0000
879	49.0750	219.0000
880	47.4500	220.0000
881	46.6375	219.0000
882	44.8500	220.0000
883	43.3875	219.0000
884	41.9250	220.0000
885	39.3250	219.0000
886	38.5125	220.0000
887	36.8875	219.0000
888	34.7750	220.0000
889	33.4750	219.0000
890	31.5250	220.0000
891	30.0625	220.0000
892	28.6000	220.0000
893	27.4625	220.0000
894	25.5125	219.0000
895	24.2125	220.0000
896	22.5875	219.0000
897	21.2875	220.0000
898	19.6625	219.0000
899	17.8750	220.0000
900	16.2500	219.0000
901	15.7625	220.0000
902	14.6250	218.0000
903	13.9750	220.0000
904	13.1625	219.0000
905	12.1875	220.0000
906	11.8625	219.0000
907	10.8875	220.0000
908	10.8875	219.0000
909	10.2375	220.0000
910	10.0750	219.0000
911	9.5875	220.0000
912	8.1250	219.0000
913	9.1000	220.0000
914	8.4500	218.0000
915	7.6375	220.0000
916	8.6125	220.0000
917	8.4500	220.0000
918	7.6375	220.0000
919	7.3125	220.0000
920	7.6375	220.0000
921	7.4750	219.0000
922	7.1500	220.0000
923	6.0125	219.0000
924	7.1500	220.0000
925	6.5000	219.0000
926	6.9875	220.0000
927	5.2000	219.0000
928	6.6625	220.0000
929	6.8250	219.0000
930	6.6625	220.0000
931	6.1750	219.0000
932	6.0125	220.0000
933	6.3375	219.0000
934	6.6625	220.0000
935	6.5000	219.0000
936	6.3375	220.0000
937	6.1750	219.0000
938	5.8500	220.0000
939	6.1750	219.0000
940	6.1750	220.0000
941	5.5250	220.0000
942	5.5250	220.0000
943	5.8500	220.0000
944	5.3625	219.0000
945	5.0375	220.0000
946	5.5250	219.0000
947	5.0375	220.0000
948	5.2000	219.0000
949	5.5250	220.0000
950	5.6875	219.0000
951	4.3875	220.0000
952	5.0375	219.0000
953	5.5250	220.0000
954	4.7125	219.0000
955	5.2000	220.0000
956	5.0375	219.0000
957	5.3625	220.0000
958	5.0375	219.0000
959	5.0375	220.0000
960	5.0375	219.0000
961	4.8750	220.0000
962	4.5500	219.0000
963	5.0375	220.0000
964	5.2000	219.0000
965	4.8750	219.0000
966	5.0375	220.0000
967	4.5500	220.0000
968	4.7125	220.0000
969	4.5500	219.0000
970	4.8750	220.0000
971	4.8750	219.0000
972	4.7125	220.0000
973	4.2250	219.0000
974	4.8750	220.0000
975	4.2250	219.0000
976	3.5750	220.0000
977	4.5500	219.0000
978	4.8750	220.0000
979	4.7125	219.0000
980	4.0625	220.0000
981	3.4125	219.0000
982	4.5500	220.0000
983	4.7125	219.0000
984	4.5500	220.0000
985	3.9000	219.0000
986	4.5500	220.0000
987	4.5500	219.0000
988	4.3875	220.0000
989	4.2250	219.0000
990	4.3875	220.0000
991	4.5500	220.0000
992	4.5500	219.0000
993	4.2250	220.0000
994	4.2250	220.0000
995	3.9000	220.0000
996	3.0875	219.0000
997	4.0625	220.0000
998	3.4125	219.0000
999	4.2250	220.0000
1000	2.7625	219.0000
1001	4.2250	220.0000
1002	3.7375	219.0000
1003	4.2250	220.0000
1004	4.0625	219.0000
1005	4.0625	220.0000
1006	3.5750	219.0000
1007	3.9000	220.0000
1008	3.9000	219.0000
1009	3.9000	220.0000
1010	3.9000	219.0000
1011	3.9000	220.0000
1012	4.2250	219.0000
1013	4.0625	220.0000
1014	3.0875	219.0000
1015	4.0625	220.0000
1016	3.9000	220.0000
1017	3.9000	220.0000
1018	3.9000	220.0000
1019	3.9000	219.0000
1020	4.0625	220.0000
1021	3.9000	219.0000
1022	3.9000	222.0000
1023	3.9000	219.0000
#8327
0	3.7375	220.0000
1	3.7375	220.0000
2	2.2750	220.0000
3	-1.3000	220.0000
4	2.1125	220.0000
5	3.4125	219.0000
6	3.2500	220.0000
7	3.4125	219.0000
8	3.2500	221.0000
9	3.4125	219.0000
10	3.2500	220.0000
11	3.2500	222.0000
12	3.2500	220.0000
13	3.2500	219.0000
14	3.0875	220.0000
15	3.0875	219.0000
16	3.2500	220.0000
17	3.2500	219.0000
18	3.2500	220.0000
19	3.2500	219.0000
20	3.0875	221.0000
21	2.7625	219.0000
22	3.0875	220.0000
23	2.1125	219.0000
24	3.0875	220.0000
25	3.0875	219.0000
26	3.2500	220.0000
27	3.0875	220.0000
28	3.0875	220.0000
29	3.2500	220.0000
30	3.0875	219.0000
31	3.0875	220.0000
32	3.0875	219.0000
33	2.9250	220.0000
34	3.0875	219.0000
35	3.0875	220.0000
36	3.0875	219.0000
37	3.0875	220.0000
38	2.9250	219.0000
39	2.9250	220.0000
40	3.0875	219.0000
41	2.9250	220.0000
42	2.9250	219.0000
43	3.0875	217.0000
44	2.9250	219.0000
45	2.7625	220.0000
46	2.9250	219.0000
47	3.0875	220.0000
48	2.9250	219.0000
49	2.9250	220.0000
50	3.4125	220.0000
51	2.9250	220.0000
52	2.2750	220.0000
53	3.0875	220.0000
54	3.0875	220.0000
55	2.9250	219.0000
56	2.7625	220.0000
57	3.2500	220.0000
58	3.2500	220.0000
59	1.4625	219.0000
60	2.9250	220.0000
61	3.0875	219.0000
62	2.9250	220.0000
63	2.6000	219.0000
64	2.1125	220.0000
65	2.9250	219.0000
66	2.7625	220.0000
67	2.2750	219.0000
68	3.0875	220.0000
69	2.7625	219.0000
70	2.9250	220.0000
71	3.0875	219.0000
72	2.4375	220.0000
73	2.4375	219.0000
74	2.2750	220.0000
75	2.9250	219.0000
76	2.9250	220.0000
77	1.7875	220.0000
78	2.6000	220.0000
79	1.9500	220.0000
80	2.1125	219.0000
81	2.1125	221.0000
82	2.4375	219.0000
83	2.7625	220.0000
84	2.1125	219.0000
85	2.4375	220.0000
86	2.6000	219.0000
87	2.4375	220.0000
88	2.2750	219.0000
89	1.9500	220.0000
90	2.4375	219.0000
91	2.4375	220.0000
92	2.4375	219.0000
93	2.2750	220.0000
94	0.9750	220.0000
95	2.4375	220.0000
96	1.7875	219.0000
97	2.1125	220.0000
98	2.2750	220.0000
99	2.4375	220.0000
100	1.7875	220.0000
101	1.7875	220.0000
102	1.6250	220.0000
103	1.4625	219.0000
104	2.1125	220.0000
105	1.9500	219.0000
106	1.3000	220.0000
107	2.1125	219.0000
108	1.9500	220.0000
109	1.9500	219.0000
110	1.6250	220.0000
111	1.9500	219.0000
112	1.6250	220.0000
113	1.4625	219.0000
114	1.6250	220.0000
115	1.7875	219.0000
116	1.4625	220.0000
117	1.4625	219.0000
118	1.4625	220.0000
119	1.3000	219.0000
120	0.6500	220.0000
121	1.4625	219.0000
122	1.4625	220.0000
123	1.3000	219.0000
124	1.3000	220.0000
125	0.6500	220.0000
126	1.1375	220.0000
127	0.9750	220.0000
128	0.8125	220.0000
129	0.8125	220.0000
130	0.9750	219.0000
131	0.9750	220.0000
132	0.6500	219.0000
133	1.1375	220.0000
134	0.9750	219.0000
135	0.8125	220.0000
136	0.0000	219.0000
137	0.8125	220.0000
138	0.4875	219.0000
139	-1.1375	220.0000
140	-0.1625	219.0000
141	0.1625	220.0000
142	-0.1625	219.0000
143	-0.8125	220.0000
144	0.0000	219.0000
145	0.0000	220.0000
146	-0.8125	219.0000
147	-2.7625	220.0000
148	-0.1625	219.0000
149	-0.1625	220.0000
150	-0.6500	220.0000
151	-0.6500	220.0000
152	-0.4875	220.0000
153	-0.8125	220.0000
154	-0.9750	220.0000
155	-0.9750	219.0000
156	-1.3000	220.0000
157	-1.6250	219.0000
158	-1.6250	220.0000
159	-2.1125	219.0000
160	-2.6000	220.0000
161	-2.7625	219.0000
162	-3.0875	220.0000
163	-3.5750	216.0000
164	-3.9000	220.0000
165	-4.2250	219.0000
166	-5.0375	220.0000
167	-5.8500	219.0000
168	-6.0125	220.0000
169	-6.5000	219.0000
170	-7.8000	220.0000
171	-8.2875	219.0000
172	-8.2875	220.0000
173	-8.9375	219.0000
174	-9.7500	220.0000
175	-10.2375	219.0000
176	-10.8875	220.0000
177	-11.5375	220.0000
178	-12.5125	219.0000
179	-13.3250	220.0000
180	-13.6500	219.0000
181	-15.2750	220.0000
182	-15.6000	219.0000
183	-16.0875	220.0000
184	-16.9000	219.0000
185	-17.7125	220.0000
186	-19.1750	219.0000
187	-19.8250	220.0000
188	-20.6375	219.0000
189	-23.5625	220.0000
190	-22.5875	219.0000
191	-23.5625	220.0000
192	-24.5375	219.0000
193	-26.0000	218.0000
194	-26.8125	219.0000
195	-27.7875	220.0000
196	-28.6000	220.0000
197	-30.3875	220.0000
198	-30.8750	219.0000
199	-32.1750	220.0000
200	-33.3125	219.0000
201	-34.9375	220.0000
202	-35.7500	220.0000
203	-37.2125	220.0000
204	-38.6750	220.0000
205	-39.8125	220.0000
206	-41.1125	220.0000
207	-43.0625	219.0000
208	-44.5250	220.0000
209	-45.3375	219.0000
210	-48.4250	220.0000
211	-47.7750	219.0000
212	-49.4000	221.0000
213	-50.7000	219.0000
214	-52.3250	220.0000
215	-53.4625	219.0000
216	-55.0875	220.0000
217	-56.5500	219.0000
218	-58.1750	220.0000
219	-59.8000	219.0000
220	-60.9375	220.0000
221	-63.2125	219.0000
222	-64.0250	220.0000
223	-65.9750	219.0000
224	-67.7625	220.0000
225	-68.7375	220.0000
226	-71.0125	220.0000
227	-71.5000	220.0000
228	-73.7750	220.0000
229	-74.9125	219.0000
230	-76.7000	219.0000
231	-78.1625	220.0000
232	-79.7875	219.0000
233	-81.7375	220.0000
234	-84.0125	219.0000
235	-84.9875	220.0000
236	-86.6125	219.0000
237	-88.2375	220.0000
238	-90.0250	219.0000
239	-91.8125	220.0000
240	-93.4375	219.0000
241	-95.0625	220.0000
242	-96.6875	219.0000
243	-98.9625	220.0000
244	-100.2625	219.0000
245	-101.8875	220.0000
246	-103.8375	219.0000
247	-105.7875	220.0000
248	-107.5750	219.0000
249	-109.3625	220.0000
250	-110.8250	219.0000
251	-112.9375	220.0000
252	-114.5625	220.0000
253	-116.5125	220.0000
254	-119.4375	220.0000
255	-121.3875	219.0000
256	-122.5250	220.0000
257	-123.9875	219.0000
258	-126.5875	220.0000
259	-127.8875	219.0000
260	-129.5125	220.0000
261	-130.9750	219.0000
262	-131.9500	221.0000
263	-133.7375	219.0000
264	-134.5500	219.0000
265	-136.0125	219.0000
266	-137.6375	220.0000
267	-137.9625	219.0000
268	-139.2625	220.0000
269	-140.2375	219.0000
270	-141.0500	220.0000
271	-141.8625	219.0000
272	-143.1625	220.0000
273	-143.1625	220.0000
274	-144.3000	220.0000
275	-144.4625	220.0000
276	-144.9500	220.0000
277	-145.2750	220.0000
278	-145.6000	220.0000
279	-146.5750	220.0000
280	-147.0625	219.0000
281	-146.7375	220.0000
282	-146.5750	219.0000
283	-146.7375	220.0000
284	-146.7375	218.0000
285	-146.9000	220.0000
286	-147.5500	219.0000
287	-146.9000	220.0000
288	-146.9000	218.0000
289	-147.7125	221.0000
290	-146.4125	219.0000
291	-145.9250	220.0000
292	-146.0875	219.0000
293	-145.6000	220.0000
294	-145.9250	219.0000
295	-145.1125	220.0000
296	-144.3000	219.0000
297	-144.7875	220.0000
298	-143.9750	219.0000
299	-143.6500	220.0000
300	-142.8375	220.0000
301	-142.8375	216.0000
302	-142.0250	220.0000
303	-141.3750	220.0000
304	-141.0500	220.0000
305	-139.9125	219.0000
306	-139.2625	220.0000
307	-138.7750	219.0000
308	-137.9625	220.0000
309	-137.9625	219.0000
310	-136.1750	220.0000
311	-135.8500	219.0000
312	-136.1750	220.0000
313	-133.7375	219.0000
314	-132.7625	221.0000
315	-132.4375	219.0000
316	-131.1375	220.0000
317	-130.3250	219.0000
318	-129.6750	220.0000
319	-128.2125	219.0000
320	-127.7250	220.0000
321	-126.4250	219.0000
322	-125.2875	220.0000
323	-124.3125	219.0000
324	-123.5000	220.0000
325	-122.3625	219.0000
326	-121.2250	220.0000
327	-119.9250	220.0000
328	-119.4375	220.0000
329	-118.9500	220.0000
330	-116.8375	219.0000
331	-115.3750	220.0000
332	-114.4000	219.0000
333	-113.1000	220.0000
334	-111.9625	219.0000
335	-110.9875	220.0000
336	-109.3625	219.0000
337	-108.5500	220.0000
338	-107.0875	219.0000
339	-105.4625	220.0000
340	-104.3250	219.0000
341	-103.0250	220.0000
342	-101.7250	219.0000
343	-100.7500	220.0000
344	-99.1250	219.0000
345	-97.8250	220.0000
346	-96.5250	219.0000
347	-95.0625	220.0000
348	-93.7625	219.0000
349	-92.3000	220.0000
350	-91.0000	219.0000
351	-89.7000	220.0000
352	-87.9125	220.0000
353	-86.6125	220.0000
354	-85.3125	220.0000
355	-84.0125	219.0000
356	-82.2250	220.0000
357	-80.7625	219.0000
358	-79.6250	220.0000
359	-79.4625	219.0000
360	-76.3750	220.0000
361	-74.9125	219.0000
362	-73.7750	220.0000
363	-72.1500	219.0000
364	-70.2000	220.0000
365	-68.9000	219.0000
366	-67.6000	220.0000
367	-66.3000	219.0000
368	-64.3500	220.0000
369	-62.5625	219.0000
370	-62.0750	220.0000
371	-60.6125	219.0000
372	-58.0125	220.0000
373	-56.5500	219.0000
374	-55.2500	220.0000
375	-55.0875	219.0000
376	-51.8375	219.0000
377	-50.0500	219.0000
378	-48.7500	220.0000
379	-47.2875	220.0000
380	-45.8250	219.0000
381	-44.3625	220.0000
382	-42.2500	219.0000
383	-40.7875	220.0000
384	-39.8125	219.0000
385	-38.3500	220.0000
386	-36.2375	219.0000
387	-34.6125	220.0000
388	-33.4750	219.0000
389	-33.6375	220.0000
390	-30.8750	222.0000
391	-30.3875	220.0000
392	-29.4125	219.0000
393	-29.4125	220.0000
394	-28.1125	219.0000
395	-27.4625	220.0000
396	-28.7625	219.0000
397	-26.9750	220.0000
398	-26.3250	219.0000
399	-26.1625	220.0000
400	-25.8375	219.0000
401	-25.6750	220.0000
402	-25.1875	220.0000
403	-24.8625	220.0000
404	-25.5125	220.0000
405	-24.3750	220.0000
406	-24.2125	220.0000
407	-24.0500	219.0000
408	-24.0500	220.0000
409	-24.5375	219.0000
410	-23.7250	220.0000
411	-23.4000	219.0000
412	-23.8875	220.0000
413	-23.4000	219.0000
414	-23.2375	220.0000
415	-23.0750	219.0000
416	-23.4000	220.0000
417	-23.2375	219.0000
418	-22.9125	220.0000
419	-22.7500	219.0000
420	-23.2375	220.0000
421	-22.4250	219.0000
422	-22.4250	220.0000
423	-22.2625	219.0000
424	-22.7500	220.0000
425	-22.4250	220.0000
426	-22.7500	220.0000
427	-23.0750	220.0000
428	-22.4250	220.0000
429	-22.1000	220.0000
430	-21.9375	219.0000
431	-22.2625	220.0000
432	-21.7750	219.0000
433	-22.2625	220.0000
434	-21.7750	219.0000
435	-22.2625	220.0000
436	-22.1000	219.0000
437	-21.9375	220.0000
438	-22.4250	219.0000
439	-21.6125	220.0000
440	-21.6125	219.0000
441	-21.4500	224.0000
442	-21.7750	219.0000
443	-22.7500	220.0000
444	-21.4500	219.0000
445	-21.4500	220.0000
446	-21.9375	219.0000
447	-21.4500	220.0000
448	-21.9375	219.0000
449	-21.4500	220.0000
450	-21.1250	219.0000
451	-20.9625	220.0000
452	-20.9625	220.0000
453	-20.9625	220.0000
454	-21.4500	220.0000
455	-20.9625	219.0000
456	-20.9625	220.0000
457	-21.1250	219.0000
458	-21.1250	220.0000
459	-21.6125	219.0000
460	-21.7750	220.0000
461	-20.9625	219.0000
462	-20.8000	220.0000
463	-21.4500	219.0000
464	-20.9625	220.0000
465	-20.8000	219.0000
466	-21.4500	220.0000
467	-20.6375	219.0000
468	-20.8000	220.0000
469	-20.8000	219.0000
470	-20.8000	219.0000
471	-20.8000	219.0000
472	-20.8000	220.0000
473	-21.1250	219.0000
474	-20.9625	220.0000
475	-20.4750	219.0000
476	-20.4750	220.0000
477	-20.4750	220.0000
478	-20.4750	220.0000
479	-20.6375	220.0000
480	-20.3125	219.0000
481	-20.6375	220.0000
482	-20.3125	220.0000
483	-20.4750	220.0000
484	-20.1500	219.0000
485	-20.3125	220.0000
486	-20.4750	219.0000
487	-20.8000	220.0000
488	-20.3125	220.0000
489	-20.3125	220.0000
490	-20.6375	219.0000
491	-20.6375	220.0000
492	-20.4750	219.0000
493	-20.4750	220.0000
494	-20.9625	219.0000
495	-20.3125	220.0000
496	-20.6375	219.0000
497	-21.1250	220.0000
498	-20.1500	218.0000
499	-20.1500	220.0000
500	-20.3125	220.0000
501	-20.4750	220.0000
502	-20.8000	219.0000
503	-20.6375	220.0000
504	-20.3125	220.0000
505	-19.9875	219.0000
506	-20.1500	220.0000
507	-19.9875	219.0000
508	-20.3125	220.0000
509	-20.3125	219.0000
510	-20.1500	220.0000
511	-20.9625	219.0000
512	-20.4750	220.0000
513	-19.8250	219.0000
514	-19.9875	219.0000
515	-19.9875	219.0000
516	-20.6375	220.0000
517	-19.8250	219.0000
518	-19.9875	220.0000
519	-19.9875	219.0000
520	-20.9625	220.0000
521	-20.4750	219.0000
522	-19.8250	220.0000
523	-19.9875	219.0000
524	-19.9875	220.0000
525	-21.6125	220.0000
526	-19.8250	220.0000
527	-19.6625	219.0000
528	-19.9875	220.0000
529	-20.4750	220.0000
530	-19.9875	219.0000
531	-19.9875	220.0000
532	-20.1500	220.0000
533	-20.3125	220.0000
534	-19.9875	219.0000
535	-20.6375	220.0000
536	-19.9875	219.0000
537	-20.1500	220.0000
538	-19.8250	219.0000
539	-19.8250	220.0000
540	-20.6375	219.0000
541	-20.3125	220.0000
542	-19.9875	219.0000
543	-19.8250	220.0000
544	-19.8250	219.0000
545	-20.1500	220.0000
546	-19.9875	219.0000
547	-19.6625	220.0000
548	-20.3125	219.0000
549	-19.5000	220.0000
550	-21.1250	219.0000
551	-19.5000	220.0000
552	-19.5000	219.0000
553	-19.6625	220.0000
554	-20.3125	220.0000
555	-19.5000	219.0000
556	-19.5000	220.0000
557	-19.5000	219.0000
558	-20.1500	220.0000
559	-19.3375	219.0000
560	-20.1500	220.0000
561	-19.8250	219.0000
562	-19.3375	220.0000
563	-19.5000	219.0000
564	-19.3375	220.0000
565	-19.5000	219.0000
566	-19.5000	220.0000
567	-19.3375	219.0000
568	-19.5000	220.0000
569	-19.3375	219.0000
570	-19.9875	220.0000
571	-19.3375	219.0000
572	-19.3375	220.0000
573	-19.3375	220.0000
574	-20.4750	220.0000
575	-19.3375	219.0000
576	-19.1750	220.0000
577	-19.3375	220.0000
578	-19.1750	220.0000
579	-19.5000	220.0000
580	-19.1750	219.0000
581	-19.6625	220.0000
582	-19.1750	220.0000
583	-19.1750	220.0000
584	-19.1750	219.0000
585	-20.8000	220.0000
586	-19.1750	219.0000
587	-19.5000	220.0000
588	-21.2875	219.0000
589	-18.8500	224.0000
590	-18.8500	219.0000
591	-19.1750	220.0000
592	-18.6875	219.0000
593	-18.6875	220.0000
594	-18.5250	219.0000
595	-18.8500	220.0000
596	-18.5250	219.0000
597	-18.6875	220.0000
598	-18.8500	219.0000
599	-19.1750	220.0000
600	-19.3375	219.0000
601	-19.5000	216.0000
602	-18.5250	220.0000
603	-18.6875	220.0000
604	-19.9875	220.0000
605	-18.5250	219.0000
606	-18.8500	220.0000
607	-18.5250	219.0000
608	-19.1750	220.0000
609	-18.6875	219.0000
610	-18.3625	220.0000
611	-19.0125	219.0000
612	-19.9875	220.0000
613	-18.0375	219.0000
614	-18.2000	221.0000
615	-18.6875	219.0000
616	-19.0125	220.0000
617	-17.8750	219.0000
618	-18.2000	220.0000
619	-19.3375	219.0000
620	-17.8750	220.0000
621	-18.8500	219.0000
622	-18.0375	220.0000
623	-17.8750	220.0000
624	-17.8750	220.0000
625	-17.8750	219.0000
626	-17.5500	220.0000
627	-17.7125	220.0000
628	-17.8750	220.0000
629	-17.7125	220.0000
630	-17.7125	220.0000
631	-17.7125	220.0000
632	-17.3875	219.0000
633	-17.2250	220.0000
634	-17.0625	219.0000
635	-17.2250	220.0000
636	-17.2250	219.0000
637	-17.3875	220.0000
638	-17.0625	219.0000
639	-19.6625	221.0000
640	-17.0625	219.0000
641	-18.5250	220.0000
642	-17.0625	219.0000
643	-16.9000	220.0000
644	-16.9000	223.0000
645	-17.0625	220.0000
646	-16.9000	219.0000
647	-17.7125	220.0000
648	-16.4125	219.0000
649	-16.5750	220.0000
650	-16.9000	217.0000
651	-16.4125	220.0000
652	-16.2500	220.0000
653	-16.5750	220.0000
654	-16.2500	220.0000
655	-16.0875	219.0000
656	-16.0875	220.0000
657	-16.0875	219.0000
658	-16.0875	220.0000
659	-15.6000	219.0000
660	-15.4375	220.0000
661	-15.9250	219.0000
662	-15.9250	220.0000
663	-15.4375	219.0000
664	-15.4375	220.0000
665	-15.2750	219.0000
666	-15.9250	220.0000
667	-14.7875	219.0000
668	-14.7875	220.0000
669	-15.1125	219.0000
670	-14.9500	220.0000
671	-13.9750	219.0000
672	-13.6500	220.0000
673	-13.4875	219.0000
674	-13.3250	220.0000
675	-12.3500	219.0000
676	-12.0250	221.0000
677	-11.8625	222.0000
678	-11.7000	220.0000
679	-10.7250	220.0000
680	-10.5625	220.0000
681	-10.2375	220.0000
682	-9.5875	219.0000
683	-9.4250	220.0000
684	-8.2875	219.0000
685	-7.9625	220.0000
686	-7.3125	219.0000
687	-6.5000	220.0000
688	-6.1750	219.0000
689	-5.2000	220.0000
690	-4.5500	219.0000
691	-3.9000	220.0000
692	-2.7625	219.0000
693	-2.4375	220.0000
694	-1.4625	219.0000
695	-0.8125	220.0000
696	-0.1625	219.0000
697	1.1375	220.0000
698	1.9500	219.0000
699	2.9250	220.0000
700	3.9000	219.0000
701	4.7125	220.0000
702	5.6875	220.0000
703	6.3375	220.0000
704	6.8250	220.0000
705	8.9375	219.0000
706	10.0750	220.0000
707	11.2125	219.0000
708	12.1875	223.0000
709	13.1625	219.0000
710	14.4625	220.0000
711	15.1125	219.0000
712	16.9000	220.0000
713	17.7125	219.0000
714	19.1750	220.0000
715	19.9875	219.0000
716	21.4500	220.0000
717	22.4250	219.0000
718	24.3750	220.0000
719	25.1875	219.0000
720	26.8125	220.0000
721	27.9500	219.0000
722	29.7375	220.0000
723	30.5500	219.0000
724	32.3375	220.0000
725	33.9625	219.0000
726	35.4250	220.0000
727	36.4000	219.0000
728	37.5375	220.0000
729	39.6500	220.0000
730	41.2750	220.0000
731	42.0875	220.0000
732	43.7125	219.0000
733	45.3375	220.0000
734	47.1250	219.0000
735	48.9125	220.0000
736	50.2125	219.0000
737	52.1625	220.0000
738	53.6250	219.0000
739	54.7625	221.0000
740	56.5500	219.0000
741	58.6625	221.0000
742	59.8000	219.0000
743	61.9125	220.0000
744	63.3750	219.0000
745	63.8625	220.0000
746	66.7875	219.0000
747	68.4125	220.0000
748	70.6875	220.0000
749	71.9875	220.0000
750	73.9375	220.0000
751	75.5625	220.0000
752	76.7000	220.0000
753	78.9750	220.0000
754	80.6000	220.0000
755	82.5500	220.0000
756	84.0125	220.0000
757	85.9625	219.0000
758	88.0750	220.0000
759	88.8875	219.0000
760	91.1625	220.0000
761	92.9500	219.0000
762	95.0625	221.0000
763	97.0125	219.0000
764	97.6625	221.0000
765	100.5875	219.0000
766	102.5375	220.0000
767	104.1625	219.0000
768	106.2750	221.0000
769	108.2250	219.0000
770	109.8500	220.0000
771	111.4750	219.0000
772	112.9375	220.0000
773	114.5625	219.0000
774	115.8625	220.0000
775	117.6500	220.0000
776	119.4375	220.0000
777	119.7625	220.0000
778	121.7125	220.0000
779	123.0125	220.0000
780	123.8250	217.0000
781	124.4750	220.0000
782	125.9375	220.0000
783	126.7500	220.0000
784	126.7500	219.0000
785	128.0500	221.0000
786	128.5375	219.0000
787	129.5125	221.0000
788	129.5125	219.0000
789	130.1625	221.0000
790	130.6500	219.0000
791	130.8125	221.0000
792	131.1375	219.0000
793	130.9750	220.0000
794	130.8125	220.0000
795	131.4625	220.0000
796	131.4625	219.0000
797	131.7875	220.0000
798	129.3500	219.0000
799	131.3000	220.0000
800	130.6500	220.0000
801	130.4875	220.0000
802	129.6750	220.0000
803	130.8125	220.0000
804	129.8375	220.0000
805	130.3250	220.0000
806	130.3250	220.0000
807	129.0250	219.0000
808	129.6750	220.0000
809	129.0250	219.0000
810	128.7000	221.0000
811	127.7250	219.0000
812	127.5625	221.0000
813	126.7500	219.0000
814	126.5875	221.0000
815	125.7750	219.0000
816	125.4500	221.0000
817	124.8000	219.0000
818	124.1500	221.0000
819	121.8750	219.0000
820	122.0375	220.0000
821	122.2000	220.0000
822	121.2250	220.0000
823	119.6000	219.0000
824	119.4375	220.0000
825	117.9750	220.0000
826	117.8125	220.0000
827	115.8625	220.0000
828	116.1875	220.0000
829	114.7250	220.0000
830	114.2375	220.0000
831	111.1500	220.0000
832	111.4750	219.0000
833	111.1500	220.0000
834	109.5250	219.0000
835	108.7125	220.0000
836	107.7375	219.0000
837	107.2500	221.0000
838	106.2750	219.0000
839	103.6750	220.0000
840	103.6750	219.0000
841	102.7000	220.0000
842	100.7500	219.0000
843	100.4250	220.0000
844	98.8000	219.0000
845	98.1500	220.0000
846	96.8500	219.0000
847	95.7125	220.0000
848	93.7625	219.0000
849	92.7875	220.0000
850	91.3250	220.0000
851	90.3500	220.0000
852	88.4000	220.0000
853	87.7500	220.0000
854	86.2875	220.0000
855	85.3125	220.0000
856	82.2250	220.0000
857	82.3875	219.0000
858	80.7625	220.0000
859	79.6250	219.0000
860	78.3250	220.0000
861	76.7000	219.0000
862	74.9125	220.0000
863	73.9375	219.0000
864	72.4750	220.0000
865	70.3625	219.0000
866	69.7125	221.0000
867	68.2500	219.0000
868	66.7875	220.0000
869	64.3500	219.0000
870	63.2125	220.0000
871	61.5875	219.0000
872	60.7750	220.0000
873	59.1500	221.0000
874	57.5250	220.0000
875	56.3875	220.0000
876	54.7625	220.0000
877	52.9750	220.0000
878	51.3500	220.0000
879	49.8875	220.0000
880	48.4250	219.0000
881	46.4750	220.0000
882	45.3375	219.0000
883	43.7125	220.0000
884	42.2500	219.0000
885	40.3000	220.0000
886	38.6750	219.0000
887	37.2125	220.0000
888	35.5875	219.0000
889	34.1250	220.0000
890	32.3375	219.0000
891	30.7125	222.0000
892	28.6000	219.0000
893	27.6250	220.0000
894	26.0000	219.0000
895	24.5375	220.0000
896	22.5875	219.0000
897	21.1250	220.0000
898	19.6625	219.0000
899	18.5250	220.0000
900	16.5750	219.0000
901	16.0875	220.0000
902	14.7875	220.0000
903	13.6500	219.0000
904	13.1625	220.0000
905	12.3500	219.0000
906	11.3750	220.0000
907	11.5375	219.0000
908	10.7250	220.0000
909	10.5625	219.0000
910	10.2375	220.0000
911	9.5875	219.0000
912	9.5875	220.0000
913	9.2625	218.0000
914	8.9375	220.0000
915	8.9375	219.0000
916	8.7750	220.0000
917	8.4500	219.0000
918	8.4500	220.0000
919	7.8000	219.0000
920	7.1500	220.0000
921	7.8000	219.0000
922	7.8000	220.0000
923	7.6375	219.0000
924	7.4750	220.0000
925	7.3125	219.0000
926	7.1500	220.0000
927	4.5500	220.0000
928	6.9875	220.0000
929	6.8250	220.0000
930	6.6625	219.0000
931	6.6625	220.0000
932	6.6625	219.0000
933	6.6625	220.0000
934	6.0125	219.0000
935	6.3375	220.0000
936	6.3375	219.0000
937	6.0125	220.0000
938	6.1750	219.0000
939	5.5250	220.0000
940	6.1750	219.0000
941	6.0125	220.0000
942	5.3625	219.0000
943	5.8500	220.0000
944	6.0125	219.0000
945	5.8500	220.0000
946	5.6875	219.0000
947	5.6875	220.0000
948	5.0375	219.0000
949	5.5250	220.0000
950	5.3625	219.0000
951	5.5250	220.0000
952	5.3625	220.0000
953	5.5250	219.0000
954	4.3875	220.0000
955	5.3625	219.0000
956	5.3625	220.0000
957	4.5500	219.0000
958	5.2000	220.0000
959	4.8750	219.0000
960	5.2000	220.0000
961	4.7125	219.0000
962	4.0625	220.0000
963	5.2000	219.0000
964	4.8750	220.0000
965	5.0375	219.0000
966	5.0375	221.0000
967	4.7125	219.0000
968	4.8750	220.0000
969	4.7125	221.0000
970	4.7125	220.0000
971	4.8750	219.0000
972	4.7125	220.0000
973	4.2250	219.0000
974	4.5500	220.0000
975	4.8750	219.0000
976	4.7125	220.0000
977	4.5500	220.0000
978	4.3875	220.0000
979	4.8750	220.0000
980	4.5500	219.0000
981	4.3875	220.0000
982	4.5500	219.0000
983	4.5500	217.0000
984	4.5500	219.0000
985	4.3875	220.0000
986	4.5500	219.0000
987	4.7125	220.0000
988	4.5500	219.0000
989	3.7375	220.0000
990	4.5500	219.0000
991	4.3875	220.0000
992	4.3875	219.0000
993	3.5750	220.0000
994	4.3875	219.0000
995	4.5500	220.0000
996	3.7375	219.0000
997	3.5750	220.0000
998	4.3875	219.0000
999	4.2250	220.0000
1000	4.0625	219.0000
1001	3.5750	220.0000
1002	3.9000	219.0000
1003	4.2250	220.0000
1004	4.0625	220.0000
1005	4.0625	219.0000
1006	3.9000	220.0000
1007	3.7375	219.0000
1008	4.0625	220.0000
1009	4.2250	220.0000
1010	4.0625	220.0000
1011	2.9250	219.0000
1012	4.2250	220.0000
1013	4.0625	219.0000
1014	3.7375	221.0000
1015	3.0875	219.0000
1016	4.0625	220.0000
1017	4.2250	219.0000
1018	3.7375	220.0000
1019	3.7375	219.0000
1020	4.2250	220.0000
1021	4.2250	219.0000
1022	3.9000	220.0000
1023	3.7375	219.0000
#8328
0	3.7375	220.0000
1	3.7375	219.0000
2	-2.4375	220.0000
3	1.6250	219.0000
4	3.4125	220.0000
5	3.4125	219.0000
6	-1.6250	220.0000
7	0.3250	219.0000
8	3.0875	220.0000
9	3.2500	219.0000
10	3.2500	220.0000
11	3.5750	220.0000
12	3.4125	220.0000
13	3.4125	220.0000
14	3.4125	219.0000
15	3.4125	220.0000
16	3.2500	219.0000
17	3.2500	220.0000
18	3.4125	219.0000
19	3.4125	220.0000
20	3.5750	219.0000
21	3.4125	220.0000
22	3.4125	219.0000
23	3.2500	220.0000
24	3.2500	219.0000
25	3.4125	220.0000
26	3.4125	219.0000
27	3.5750	220.0000
28	3.2500	219.0000
29	3.2500	220.0000
30	3.4125	219.0000
31	3.4125	220.0000
32	3.4125	219.0000
33	3.5750	220.0000
34	3.7375	219.0000
35	2.6000	220.0000
36	3.2500	220.0000
37	3.4125	220.0000
38	3.5750	220.0000
39	2.7625	219.0000
40	2.1125	219.0000
41	3.5750	219.0000
42	3.5750	220.0000
43	2.4375	219.0000
44	2.9250	220.0000
45	1.1375	219.0000
46	2.9250	220.0000
47	2.4375	219.0000
48	2.9250	220.0000
49	3.5750	219.0000
50	3.4125	220.0000
51	3.2500	219.0000
52	3.0875	220.0000
53	3.5750	219.0000
54	3.2500	217.0000
55	3.4125	219.0000
56	3.0875	220.0000
57	3.4125	219.0000
58	3.2500	220.0000
59	2.2750	220.0000
60	2.9250	220.0000
61	3.2500	220.0000
62	2.2750	219.0000
63	3.0875	220.0000
64	2.9250	219.0000
65	3.0875	220.0000
66	1.9500	219.0000
67	2.6000	220.0000
68	1.9500	219.0000
69	2.9250	220.0000
70	2.4375	219.0000
71	2.4375	220.0000
72	2.6000	219.0000
73	3.0875	220.0000
74	2.7625	219.0000
75	3.0875	220.0000
76	2.6000	219.0000
77	2.4375	220.0000
78	2.6000	219.0000
79	3.0875	220.0000
80	2.4375	219.0000
81	2.7625	220.0000
82	2.6000	219.0000
83	2.9250	220.0000
84	2.9250	219.0000
85	2.4375	220.0000
86	2.7625	219.0000
87	2.7625	220.0000
88	2.7625	220.0000
89	2.7625	220.0000
90	2.6000	220.0000
91	2.4375	219.0000
92	2.7625	220.0000
93	1.9500	219.0000
94	2.6000	220.0000
95	2.4375	219.0000
96	2.4375	221.0000
97	2.2750	219.0000
98	2.6000	220.0000
99	2.6000	219.0000
100	2.2750	220.0000
101	-0.4875	219.0000
102	2.2750	220.0000
103	2.2750	219.0000
104	2.1125	220.0000
105	1.6250	219.0000
106	1.7875	219.0000
107	2.1125	219.0000
108	1.7875	220.0000
109	1.9500	219.0000
110	1.7875	220.0000
111	1.9500	220.0000
112	1.7875	220.0000
113	1.6250	220.0000
114	1.7875	219.0000
115	1.6250	220.0000
116	1.6250	219.0000
117	1.7875	220.0000
118	1.6250	219.0000
119	1.6250	220.0000
120	1.4625	219.0000
121	1.3000	220.0000
122	1.3000	219.0000
123	1.4625	220.0000
124	1.3000	219.0000
125	1.3000	220.0000
126	0.9750	219.0000
127	1.3000	220.0000
128	0.8125	219.0000
129	0.4875	220.0000
130	0.6500	220.0000
131	1.1375	220.0000
132	0.9750	220.0000
133	0.8125	220.0000
134	0.8125	219.0000
135	0.0000	219.0000
136	0.8125	220.0000
137	0.6500	219.0000
138	0.1625	220.0000
139	0.1625	219.0000
140	-0.1625	220.0000
141	0.4875	219.0000
142	0.1625	220.0000
143	-0.6500	219.0000
144	-0.4875	220.0000
145	-0.3250	219.0000
146	0.1625	220.0000
147	-1.6250	219.0000
148	0.0000	220.0000
149	-0.3250	219.0000
150	-0.3250	220.0000
151	-0.4875	219.0000
152	-0.4875	220.0000
153	-0.4875	219.0000
154	-0.8125	220.0000
155	-0.8125	219.0000
156	-0.9750	220.0000
157	-1.4625	219.0000
158	-1.6250	220.0000
159	-1.7875	220.0000
160	-2.2750	220.0000
161	-2.4375	220.0000
162	-3.0875	220.0000
163	-3.2500	220.0000
164	-4.3875	219.0000
165	-4.2250	220.0000
166	-4.7125	219.0000
167	-5.2000	220.0000
168	-5.8500	219.0000
169	-6.1750	220.0000
170	-7.1500	219.0000
171	-8.4500	220.0000
172	-7.9625	219.0000
173	-8.6125	220.0000
174	-9.4250	219.0000
175	-9.7500	220.0000
176	-10.4000	219.0000
177	-11.0500	220.0000
178	-12.1875	220.0000
179	-12.5125	220.0000
180	-13.3250	219.0000
181	-14.1375	220.0000
182	-14.9500	219.0000
183	-15.9250	220.0000
184	-17.3875	220.0000
185	-18.0375	220.0000
186	-18.6875	220.0000
187	-19.3375	220.0000
188	-20.3125	220.0000
189	-21.2875	219.0000
190	-22.4250	220.0000
191	-24.0500	219.0000
192	-24.5375	220.0000
193	-26.3250	219.0000
194	-26.1625	220.0000
195	-27.6250	219.0000
196	-28.7625	220.0000
197	-30.0625	219.0000
198	-30.8750	220.0000
199	-32.1750	219.0000
200	-34.2875	220.0000
201	-34.6125	219.0000
202	-35.5875	220.0000
203	-37.0500	219.0000
204	-38.3500	220.0000
205	-39.9750	219.0000
206	-40.9500	220.0000
207	-42.2500	219.0000
208	-43.7125	220.0000
209	-45.0125	219.0000
210	-46.1500	220.0000
211	-47.6125	220.0000
212	-48.9125	219.0000
213	-50.5375	220.0000
214	-51.8375	217.0000
215	-53.1375	220.0000
216	-55.0875	219.0000
217	-56.3875	220.0000
218	-57.6875	219.0000
219	-59.1500	220.0000
220	-61.4250	219.0000
221	-62.2375	220.0000
222	-63.7000	219.0000
223	-65.4875	220.0000
224	-66.9500	219.0000
225	-68.4125	220.0000
226	-70.0375	219.0000
227	-71.5000	220.0000
228	-73.2875	219.0000
229	-74.7500	220.0000
230	-76.5375	219.0000
231	-78.0000	220.0000
232	-79.7875	219.0000
233	-81.2500	220.0000
234	-85.1500	219.0000
235	-84.6625	219.0000
236	-86.2875	220.0000
237	-88.0750	220.0000
238	-92.6250	220.0000
239	-92.4625	219.0000
240	-97.0125	220.0000
241	-96.8500	219.0000
242	-101.8875	220.0000
243	-101.2375	219.0000
244	-102.3750	220.0000
245	-102.8625	215.0000
246	-104.3250	220.0000
247	-106.9250	219.0000
248	-107.9000	220.0000
249	-109.5250	219.0000
250	-110.8250	222.0000
251	-113.4250	219.0000
252	-114.7250	220.0000
253	-116.1875	219.0000
254	-120.0875	220.0000
255	-121.7125	219.0000
256	-122.3625	220.0000
257	-124.1500	220.0000
258	-126.4250	220.0000
259	-129.5125	219.0000
260	-130.0000	219.0000
261	-130.9750	220.0000
262	-132.9250	219.0000
263	-133.4125	220.0000
264	-134.5500	219.0000
265	-135.8500	220.0000
266	-136.8250	219.0000
267	-138.4500	220.0000
268	-139.5875	219.0000
269	-140.8875	220.0000
270	-141.8625	219.0000
271	-142.8375	221.0000
272	-142.6750	219.0000
273	-144.1375	220.0000
274	-143.6500	219.0000
275	-144.1375	220.0000
276	-144.7875	219.0000
277	-145.2750	220.0000
278	-146.0875	219.0000
279	-145.9250	220.0000
280	-146.0875	219.0000
281	-146.0875	220.0000
282	-146.5750	220.0000
283	-146.5750	220.0000
284	-146.7375	220.0000
285	-146.7375	220.0000
286	-146.7375	220.0000
287	-146.7375	220.0000
288	-147.2250	220.0000
289	-146.5750	220.0000
290	-146.5750	220.0000
291	-146.0875	219.0000
292	-146.4125	220.0000
293	-146.4125	219.0000
294	-145.4375	220.0000
295	-144.9500	219.0000
296	-144.9500	220.0000
297	-144.4625	219.0000
298	-143.9750	220.0000
299	-143.1625	219.0000
300	-143.1625	220.0000
301	-142.1875	219.0000
302	-141.7000	220.0000
303	-140.8875	219.0000
304	-140.4000	220.0000
305	-139.9125	219.0000
306	-138.9375	220.0000
307	-138.2875	220.0000
308	-138.2875	220.0000
309	-136.9875	220.0000
310	-136.0125	220.0000
311	-135.5250	220.0000
312	-134.5500	220.0000
313	-133.7375	220.0000
314	-132.7625	219.0000
315	-132.1125	220.0000
316	-131.3000	219.0000
317	-130.1625	221.0000
318	-129.0250	219.0000
319	-128.2125	220.0000
320	-127.5625	219.0000
321	-126.2625	220.0000
322	-124.9625	219.0000
323	-124.1500	220.0000
324	-123.0125	219.0000
325	-122.0375	220.0000
326	-120.9000	219.0000
327	-120.4125	220.0000
328	-118.7875	219.0000
329	-117.6500	220.0000
330	-116.6750	220.0000
331	-115.8625	220.0000
332	-114.2375	220.0000
333	-112.9375	220.0000
334	-111.8000	220.0000
335	-110.6625	220.0000
336	-109.3625	220.0000
337	-107.9000	219.0000
338	-106.7625	220.0000
339	-106.7625	219.0000
340	-104.3250	220.0000
341	-103.0250	219.0000
342	-102.2125	220.0000
343	-100.5875	219.0000
344	-98.9625	220.0000
345	-98.1500	219.0000
346	-96.5250	220.0000
347	-94.9000	220.0000
348	-93.6000	220.0000
349	-91.9750	219.0000
350	-90.6750	220.0000
351	-89.2125	219.0000
352	-88.2375	220.0000
353	-86.4500	219.0000
354	-84.9875	220.0000
355	-84.5000	219.0000
356	-87.1000	220.0000
357	-80.9250	220.0000
358	-79.4625	220.0000
359	-77.8375	220.0000
360	-76.2125	220.0000
361	-75.2375	220.0000
362	-73.2875	219.0000
363	-71.6625	220.0000
364	-70.0375	219.0000
365	-68.7375	220.0000
366	-67.2750	217.0000
367	-66.1375	220.0000
368	-64.5125	219.0000
369	-62.4000	220.0000
370	-60.7750	219.0000
371	-59.6375	220.0000
372	-57.8500	219.0000
373	-56.2250	220.0000
374	-54.7625	219.0000
375	-53.9500	220.0000
376	-51.5125	219.0000
377	-50.2125	220.0000
378	-48.4250	219.0000
379	-48.1000	220.0000
380	-45.1750	219.0000
381	-43.7125	220.0000
382	-42.0875	219.0000
383	-41.2750	220.0000
384	-39.1625	220.0000
385	-38.1875	220.0000
386	-37.0500	220.0000
387	-34.4500	219.0000
388	-33.3125	220.0000
389	-31.8500	219.0000
390	-31.2000	220.0000
391	-30.0625	219.0000
392	-29.5750	220.0000
393	-28.4375	219.0000
394	-28.6000	220.0000
395	-27.4625	219.0000
396	-29.5750	220.0000
397	-29.2500	218.0000
398	-27.4625	220.0000
399	-26.3250	219.0000
400	-27.3000	220.0000
401	-26.8125	219.0000
402	-27.9500	220.0000
403	-25.6750	219.0000
404	-25.3500	220.0000
405	-24.3750	219.0000
406	-24.2125	220.0000
407	-23.8875	219.0000
408	-24.0500	220.0000
409	-23.7250	220.0000
410	-23.7250	219.0000
411	-23.5625	220.0000
412	-23.4000	219.0000
413	-23.7250	220.0000
414	-23.0750	219.0000
415	-23.0750	220.0000
416	-22.9125	219.0000
417	-22.7500	220.0000
418	-22.9125	219.0000
419	-22.9125	220.0000
420	-22.5875	219.0000
421	-23.4000	220.0000
422	-22.5875	219.0000
423	-23.2375	220.0000
424	-22.4250	219.0000
425	-22.4250	220.0000
426	-22.1000	219.0000
427	-22.1000	220.0000
428	-22.1000	219.0000
429	-22.1000	220.0000
430	-21.9375	219.0000
431	-21.9375	220.0000
432	-21.9375	219.0000
433	-21.9375	220.0000
434	-21.9375	220.0000
435	-21.4500	219.0000
436	-21.7750	220.0000
437	-21.6125	220.0000
438	-21.7750	220.0000
439	-21.9375	219.0000
440	-21.9375	220.0000
441	-21.4500	219.0000
442	-22.1000	220.0000
443	-21.6125	219.0000
444	-21.6125	220.0000
445	-21.2875	219.0000
446	-21.7750	220.0000
447	-21.2875	219.0000
448	-21.2875	220.0000
449	-20.9625	219.0000
450	-20.9625	220.0000
451	-20.9625	219.0000
452	-21.1250	220.0000
453	-20.9625	219.0000
454	-20.9625	220.0000
455	-20.8000	219.0000
456	-20.9625	220.0000
457	-20.8000	219.0000
458	-20.9625	220.0000
459	-20.6375	220.0000
460	-20.9625	220.0000
461	-20.9625	220.0000
462	-20.8000	219.0000
463	-20.6375	220.0000
464	-20.9625	219.0000
465	-20.6375	220.0000
466	-20.6375	219.0000
467	-20.4750	220.0000
468	-20.6375	219.0000
469	-20.6375	220.0000
470	-20.8000	219.0000
471	-21.1250	220.0000
472	-20.4750	219.0000
473	-20.6375	220.0000
474	-20.4750	219.0000
475	-20.4750	220.0000
476	-20.3125	219.0000
477	-20.4750	220.0000
478	-20.3125	219.0000
479	-20.8000	220.0000
480	-20.6375	219.0000
481	-20.1500	220.0000
482	-20.3125	219.0000
483	-20.8000	219.0000
484	-20.6375	220.0000
485	-20.3125	219.0000
486	-20.3125	220.0000
487	-20.4750	219.0000
488	-20.1500	220.0000
489	-20.1500	219.0000
490	-20.6375	220.0000
491	-20.6375	219.0000
492	-20.1500	220.0000
493	-20.1500	219.0000
494	-20.1500	220.0000
495	-20.1500	219.0000
496	-19.9875	220.0000
497	-20.1500	219.0000
498	-19.8250	220.0000
499	-19.9875	219.0000
500	-20.6375	220.0000
501	-20.1500	219.0000
502	-20.1500	220.0000
503	-20.3125	219.0000
504	-20.3125	220.0000
505	-19.8250	219.0000
506	-20.1500	220.0000
507	-19.8250	219.0000
508	-20.1500	220.0000
509	-19.9875	220.0000
510	-19.8250	220.0000
511	-19.8250	220.0000
512	-20.1500	219.0000
513	-19.8250	220.0000
514	-19.6625	219.0000
515	-19.8250	220.0000
516	-19.8250	219.0000
517	-19.8250	220.0000
518	-19.9875	219.0000
519	-19.8250	220.0000
520	-19.8250	219.0000
521	-19.6625	220.0000
522	-19.8250	219.0000
523	-21.2875	220.0000
524	-20.4750	219.0000
525	-19.8250	220.0000
526	-19.9875	219.0000
527	-19.6625	220.0000
528	-19.9875	220.0000
529	-20.6375	220.0000
530	-19.6625	219.0000
531	-19.9875	220.0000
532	-19.6625	220.0000
533	-20.1500	220.0000
534	-19.6625	219.0000
535	-19.6625	219.0000
536	-19.5000	220.0000
537	-19.6625	219.0000
538	-19.6625	220.0000
539	-19.5000	219.0000
540	-19.6625	220.0000
541	-19.9875	219.0000
542	-19.8250	220.0000
543	-20.4750	219.0000
544	-19.6625	220.0000
545	-19.8250	219.0000
546	-20.3125	220.0000
547	-20.1500	219.0000
548	-20.4750	220.0000
549	-19.8250	219.0000
550	-20.9625	220.0000
551	-19.6625	219.0000
552	-19.5000	220.0000
553	-20.1500	219.0000
554	-20.3125	220.0000
555	-19.1750	219.0000
556	-19.5000	220.0000
557	-19.3375	220.0000
558	-19.9875	220.0000
559	-19.6625	220.0000
560	-19.3375	220.0000
561	-19.9875	220.0000
562	-19.5000	219.0000
563	-19.3375	218.0000
564	-19.1750	219.0000
565	-19.5000	220.0000
566	-20.6375	219.0000
567	-19.6625	220.0000
568	-19.5000	219.0000
569	-19.5000	220.0000
570	-19.3375	219.0000
571	-19.3375	220.0000
572	-19.3375	219.0000
573	-19.8250	220.0000
574	-19.1750	219.0000
575	-19.6625	220.0000
576	-19.1750	219.0000
577	-19.1750	220.0000
578	-19.6625	219.0000
579	-19.0125	220.0000
580	-19.0125	219.0000
581	-19.3375	222.0000
582	-19.1750	219.0000
583	-19.0125	220.0000
584	-19.3375	220.0000
585	-19.1750	219.0000
586	-19.0125	220.0000
587	-19.0125	219.0000
588	-19.0125	220.0000
589	-19.0125	219.0000
590	-19.0125	220.0000
591	-18.8500	219.0000
592	-19.3375	220.0000
593	-19.0125	219.0000
594	-18.5250	220.0000
595	-19.1750	219.0000
596	-19.0125	220.0000
597	-19.5000	219.0000
598	-18.6875	220.0000
599	-19.0125	219.0000
600	-19.1750	220.0000
601	-18.8500	219.0000
602	-18.5250	220.0000
603	-18.5250	218.0000
604	-19.3375	220.0000
605	-19.0125	219.0000
606	-18.5250	220.0000
607	-18.5250	219.0000
608	-18.5250	219.0000
609	-19.0125	220.0000
610	-18.2000	219.0000
611	-18.5250	220.0000
612	-18.2000	219.0000
613	-18.2000	220.0000
614	-18.3625	219.0000
615	-19.5000	220.0000
616	-18.8500	219.0000
617	-18.0375	220.0000
618	-18.0375	219.0000
619	-18.3625	220.0000
620	-18.6875	219.0000
621	-17.8750	220.0000
622	-17.7125	219.0000
623	-18.6875	220.0000
624	-18.8500	216.0000
625	-17.7125	220.0000
626	-18.3625	219.0000
627	-18.8500	219.0000
628	-17.8750	219.0000
629	-17.7125	220.0000
630	-17.3875	219.0000
631	-17.3875	220.0000
632	-18.2000	220.0000
633	-17.2250	220.0000
634	-17.5500	220.0000
635	-17.3875	219.0000
636	-17.2250	220.0000
637	-17.2250	219.0000
638	-17.3875	220.0000
639	-17.2250	219.0000
640	-17.0625	220.0000
641	-17.0625	219.0000
642	-18.5250	220.0000
643	-17.5500	219.0000
644	-16.9000	220.0000
645	-17.0625	219.0000
646	-17.2250	220.0000
647	-16.7375	219.0000
648	-16.7375	220.0000
649	-16.5750	218.0000
650	-16.4125	220.0000
651	-16.4125	219.0000
652	-17.2250	220.0000
653	-16.4125	219.0000
654	-16.4125	220.0000
655	-16.4125	220.0000
656	-16.4125	220.0000
657	-16.4125	220.0000
658	-15.7625	220.0000
659	-15.6000	220.0000
660	-15.7625	219.0000
661	-15.4375	220.0000
662	-15.4375	219.0000
663	-16.0875	220.0000
664	-15.2750	219.0000
665	-16.0875	223.0000
666	-15.2750	219.0000
667	-14.7875	220.0000
668	-14.9500	219.0000
669	-14.6250	220.0000
670	-15.6000	219.0000
671	-13.9750	220.0000
672	-14.1375	219.0000
673	-13.6500	220.0000
674	-13.3250	219.0000
675	-12.6750	220.0000
676	-12.3500	219.0000
677	-11.8625	219.0000
678	-12.1875	219.0000
679	-10.8875	220.0000
680	-10.5625	220.0000
681	-10.0750	220.0000
682	-10.5625	220.0000
683	-8.7750	220.0000
684	-8.6125	220.0000
685	-7.8000	219.0000
686	-7.9625	220.0000
687	-6.5000	219.0000
688	-6.0125	220.0000
689	-5.0375	218.0000
690	-5.5250	220.0000
691	-3.7375	219.0000
692	-3.0875	220.0000
693	-2.1125	218.0000
694	-1.3000	220.0000
695	-1.1375	219.0000
696	0.3250	220.0000
697	1.1375	219.0000
698	2.1125	220.0000
699	2.2750	219.0000
700	3.9000	220.0000
701	4.5500	219.0000
702	5.6875	220.0000
703	6.3375	219.0000
704	7.8000	220.0000
705	9.1000	220.0000
706	10.2375	220.0000
707	10.7250	220.0000
708	12.3500	220.0000
709	13.1625	220.0000
710	14.6250	219.0000
711	14.9500	220.0000
712	16.9000	219.0000
713	18.2000	220.0000
714	19.3375	219.0000
715	20.6375	220.0000
716	21.6125	219.0000
717	23.2375	220.0000
718	24.5375	219.0000
719	25.8375	220.0000
720	26.8125	219.0000
721	28.6000	220.0000
722	29.9000	219.0000
723	31.2000	220.0000
724	32.8250	219.0000
725	34.4500	220.0000
726	35.7500	220.0000
727	37.0500	220.0000
728	38.3500	219.0000
729	39.6500	220.0000
730	41.4375	220.0000
731	43.0625	220.0000
732	44.0375	220.0000
733	46.1500	220.0000
734	47.4500	220.0000
735	49.0750	219.0000
736	50.2125	220.0000
737	52.1625	219.0000
738	53.3000	220.0000
739	55.2500	219.0000
740	56.7125	221.0000
741	58.8250	220.0000
742	60.2875	220.0000
743	62.0750	219.0000
744	63.2125	220.0000
745	65.3250	219.0000
746	66.9500	220.0000
747	68.2500	219.0000
748	70.2000	220.0000
749	72.1500	219.0000
750	73.7750	220.0000
751	75.0750	219.0000
752	76.7000	221.0000
753	78.9750	220.0000
754	80.9250	220.0000
755	82.5500	220.0000
756	84.3375	220.0000
757	86.1250	220.0000
758	87.9125	220.0000
759	88.7250	220.0000
760	91.4875	219.0000
761	91.9750	220.0000
762	95.0625	219.0000
763	97.0125	220.0000
764	98.9625	219.0000
765	100.4250	220.0000
766	102.3750	219.0000
767	103.0250	220.0000
768	105.1375	219.0000
769	107.7375	220.0000
770	110.0125	219.0000
771	111.6375	220.0000
772	113.4250	219.0000
773	113.9125	220.0000
774	116.5125	219.0000
775	118.1375	220.0000
776	119.2750	219.0000
777	120.4125	220.0000
778	121.8750	220.0000
779	123.0125	220.0000
780	123.8250	219.0000
781	123.9875	220.0000
782	125.4500	220.0000
783	126.5875	220.0000
784	127.2375	220.0000
785	128.0500	219.0000
786	128.8625	220.0000
787	129.5125	219.0000
788	129.3500	220.0000
789	130.0000	219.0000
790	130.4875	221.0000
791	130.9750	222.0000
792	130.1625	221.0000
793	131.3000	219.0000
794	131.4625	221.0000
795	131.9500	219.0000
796	130.8125	221.0000
797	130.8125	219.0000
798	131.1375	220.0000
799	131.4625	219.0000
800	131.6250	220.0000
801	131.6250	219.0000
802	131.6250	220.0000
803	131.3000	220.0000
804	131.1375	220.0000
805	130.0000	220.0000
806	130.3250	220.0000
807	129.8375	220.0000
808	129.5125	220.0000
809	129.3500	220.0000
810	128.8625	221.0000
811	127.2375	220.0000
812	128.0500	219.0000
813	127.4000	221.0000
814	126.7500	219.0000
815	125.7750	221.0000
816	125.2875	219.0000
817	124.1500	220.0000
818	124.3125	219.0000
819	123.3375	221.0000
820	122.8500	219.0000
821	122.0375	220.0000
822	120.7375	219.0000
823	119.2750	220.0000
824	119.2750	219.0000
825	117.6500	220.0000
826	117.8125	219.0000
827	117.0000	220.0000
828	116.1875	219.0000
829	115.2125	220.0000
830	113.7500	219.0000
831	112.6125	220.0000
832	112.4500	220.0000
833	111.3125	217.0000
834	110.0125	220.0000
835	109.0375	219.0000
836	107.9000	220.0000
837	107.2500	219.0000
838	104.4875	220.0000
839	105.1375	219.0000
840	103.6750	220.0000
841	102.3750	219.0000
842	100.9125	221.0000
843	100.4250	219.0000
844	98.8000	220.0000
845	97.1750	219.0000
846	96.8500	220.0000
847	95.3875	220.0000
848	93.6000	220.0000
849	93.1125	219.0000
850	91.3250	220.0000
851	90.3500	219.0000
852	88.7250	220.0000
853	87.7500	220.0000
854	86.4500	220.0000
855	85.1500	220.0000
856	83.8500	220.0000
857	82.2250	220.0000
858	80.9250	220.0000
859	79.7875	220.0000
860	78.3250	219.0000
861	77.1875	220.0000
862	75.4000	219.0000
863	74.1000	220.0000
864	72.4750	219.0000
865	70.8500	220.0000
866	69.5500	219.0000
867	68.0875	220.0000
868	66.7875	219.0000
869	64.1875	220.0000
870	63.5375	219.0000
871	62.0750	220.0000
872	60.4500	219.0000
873	58.8250	220.0000
874	57.2000	219.0000
875	55.9000	220.0000
876	54.4375	219.0000
877	52.4875	220.0000
878	51.3500	222.0000
879	49.5625	220.0000
880	47.9375	220.0000
881	46.6375	220.0000
882	45.1750	220.0000
883	43.3875	219.0000
884	41.7625	220.0000
885	39.8125	217.0000
886	38.6750	220.0000
887	37.2125	219.0000
888	34.7750	220.0000
889	32.5000	219.0000
890	32.3375	220.0000
891	30.2250	219.0000
892	28.6000	220.0000
893	27.6250	219.0000
894	25.5125	220.0000
895	24.3750	219.0000
896	22.9125	220.0000
897	21.4500	219.0000
898	19.9875	220.0000
899	18.5250	219.0000
900	16.9000	220.0000
901	15.6000	219.0000
902	14.6250	220.0000
903	13.9750	219.0000
904	13.0000	220.0000
905	12.5125	220.0000
906	11.7000	220.0000
907	11.2125	220.0000
908	10.4000	219.0000
909	9.7500	220.0000
910	9.5875	219.0000
911	8.7750	220.0000
912	9.1000	219.0000
913	9.1000	220.0000
914	8.4500	219.0000
915	8.1250	220.0000
916	8.6125	219.0000
917	7.3125	220.0000
918	7.9625	220.0000
919	8.1250	220.0000
920	7.9625	219.0000
921	7.8000	220.0000
922	6.9875	219.0000
923	4.2250	220.0000
924	7.1500	219.0000
925	7.1500	220.0000
926	7.1500	219.0000
927	6.3375	220.0000
928	6.8250	219.0000
929	6.8250	220.0000
930	5.8500	220.0000
931	6.6625	220.0000
932	6.5000	220.0000
933	6.6625	219.0000
934	6.5000	220.0000
935	5.5250	219.0000
936	6.3375	220.0000
937	6.0125	219.0000
938	6.1750	220.0000
939	6.1750	219.0000
940	5.8500	220.0000
941	5.8500	219.0000
942	5.6875	220.0000
943	5.2000	219.0000
944	5.8500	220.0000
945	5.8500	219.0000
946	5.6875	220.0000
947	5.6875	219.0000
948	5.6875	220.0000
949	5.5250	219.0000
950	5.2000	220.0000
951	5.6875	219.0000
952	5.5250	220.0000
953	5.6875	219.0000
954	5.3625	220.0000
955	5.3625	219.0000
956	5.2000	219.0000
957	5.2000	220.0000
958	5.2000	219.0000
959	5.2000	220.0000
960	4.8750	219.0000
961	5.0375	220.0000
962	5.0375	219.0000
963	5.2000	220.0000
964	5.0375	219.0000
965	5.2000	220.0000
966	4.8750	219.0000
967	4.8750	220.0000
968	3.7375	219.0000
969	4.8750	220.0000
970	4.2250	219.0000
971	4.7125	220.0000
972	4.0625	219.0000
973	1.3000	220.0000
974	4.0625	219.0000
975	3.9000	220.0000
976	3.2500	219.0000
977	3.0875	218.0000
978	4.5500	219.0000
979	4.0625	220.0000
980	3.9000	220.0000
981	3.2500	219.0000
982	4.5500	220.0000
983	4.3875	219.0000
984	4.0625	223.0000
985	3.9000	219.0000
986	4.3875	220.0000
987	4.5500	219.0000
988	4.3875	220.0000
989	4.2250	219.0000
990	4.3875	220.0000
991	4.3875	219.0000
992	4.0625	220.0000
993	4.3875	219.0000
994	4.3875	224.0000
995	4.3875	219.0000
996	4.3875	220.0000
997	3.2500	219.0000
998	4.2250	220.0000
999	3.5750	219.0000
1000	4.2250	220.0000
1001	3.5750	220.0000
1002	4.2250	220.0000
1003	3.9000	219.0000
1004	4.2250	220.0000
1005	4.0625	220.0000
1006	3.9000	219.0000
1007	4.0625	220.0000
1008	4.2250	219.0000
1009	4.2250	220.0000
1010	3.7375	219.0000
1011	2.9250	220.0000
1012	4.0625	219.0000
1013	4.2250	220.0000
1014	3.4125	219.0000
1015	4.0625	220.0000
1016	4.0625	219.0000
1017	4.0625	220.0000
1018	4.0625	219.0000
1019	4.0625	220.0000
1020	4.2250	219.0000
1021	4.2250	216.0000
1022	3.2500	219.0000
1023	3.9000	220.0000
#8328
