# Jueves 16 de febrero de 2018
# Medida Efecto Kerr Magneto óptico
# Muestra Andreas - 2
# Polarizadores LPVI050 ThorLabs
# Láser polarizado 500 mWatts
# Photodiodo vtb 6061
# ángulo de reflexión aproximado 45°
# eje del polarizador en S (60°)
# eje de extinción del analizador 91°
# intensidad en la extinción 175 mV 
# intensidad en 89°: 1300 mV
# delay 0 ms
# ángulo azimutal 0°
#	-18.85	1133.92
#	-19.66	1129.03
#	-19.01	1138.81
#	-19.50	1129.03
#	-19.34	1138.81
#	-19.82	1011.73
#	-18.85	997.07
#	-19.66	997.07
#	-19.17	1001.95
#	-19.66	1006.84
#	-19.01	1001.95
#	-19.66	1001.95
#	-19.50	1001.95
#	-19.01	1006.84
#	-20.80	997.07
#	-19.66	1001.95
#	-19.17	997.07
0	-20.1500	206.0000
1	-18.5250	205.0000
2	-18.6875	206.0000
3	-18.6875	204.0000
4	-18.5250	206.0000
5	-18.5250	205.0000
6	-18.5250	206.0000
7	-18.6875	205.0000
8	-18.5250	206.0000
9	-18.6875	205.0000
10	-18.6875	206.0000
11	-18.5250	205.0000
12	-18.8500	206.0000
13	-18.6875	205.0000
14	-18.6875	206.0000
15	-18.6875	203.0000
16	-18.8500	205.0000
17	-18.6875	206.0000
18	-18.6875	205.0000
19	-18.6875	206.0000
20	-18.8500	205.0000
21	-18.5250	206.0000
22	-18.8500	205.0000
23	-18.8500	206.0000
24	-18.6875	204.0000
25	-18.8500	206.0000
26	-18.8500	205.0000
27	-18.8500	206.0000
28	-19.0125	205.0000
29	-19.0125	206.0000
30	-19.1750	205.0000
31	-19.0125	206.0000
32	-19.0125	205.0000
33	-19.0125	206.0000
34	-19.0125	205.0000
35	-19.0125	206.0000
36	-19.3375	205.0000
37	-19.1750	205.0000
38	-19.1750	205.0000
39	-19.0125	206.0000
40	-19.1750	205.0000
41	-19.0125	205.0000
42	-19.0125	206.0000
43	-19.1750	205.0000
44	-19.0125	206.0000
45	-19.1750	205.0000
46	-19.1750	207.0000
47	-19.5000	205.0000
48	-19.0125	206.0000
49	-19.1750	204.0000
50	-19.3375	206.0000
51	-19.3375	205.0000
52	-19.1750	206.0000
53	-19.3375	205.0000
54	-19.3375	206.0000
55	-19.5000	205.0000
56	-19.1750	206.0000
57	-19.5000	205.0000
58	-19.6625	206.0000
59	-19.1750	204.0000
60	-19.5000	206.0000
61	-19.5000	205.0000
62	-20.1500	206.0000
63	-19.3375	205.0000
64	-19.6625	206.0000
65	-19.8250	205.0000
66	-19.6625	205.0000
67	-19.3375	206.0000
68	-19.5000	205.0000
69	-19.5000	206.0000
70	-19.5000	205.0000
71	-19.5000	206.0000
72	-19.5000	204.0000
73	-19.5000	206.0000
74	-19.5000	204.0000
75	-19.5000	206.0000
76	-19.5000	204.0000
77	-19.5000	206.0000
78	-19.8250	204.0000
79	-19.6625	206.0000
80	-19.5000	205.0000
81	-19.6625	206.0000
82	-19.9875	205.0000
83	-19.8250	206.0000
84	-19.9875	205.0000
85	-19.8250	206.0000
86	-20.6375	205.0000
87	-19.8250	206.0000
88	-19.6625	205.0000
89	-21.1250	205.0000
90	-19.9875	206.0000
91	-19.9875	205.0000
92	-20.3125	206.0000
93	-20.1500	205.0000
94	-20.1500	206.0000
95	-20.3125	205.0000
96	-19.9875	206.0000
97	-20.4750	205.0000
98	-19.9875	206.0000
99	-20.1500	204.0000
100	-19.9875	206.0000
101	-21.1250	205.0000
102	-20.1500	206.0000
103	-20.3125	205.0000
104	-20.1500	206.0000
105	-20.3125	205.0000
106	-20.1500	206.0000
107	-20.3125	205.0000
108	-20.1500	206.0000
109	-20.4750	205.0000
110	-20.3125	206.0000
111	-20.4750	205.0000
112	-20.8000	206.0000
113	-21.7750	205.0000
114	-20.4750	206.0000
115	-20.6375	205.0000
116	-20.9625	205.0000
117	-20.6375	206.0000
118	-21.1250	205.0000
119	-21.2875	206.0000
120	-21.4500	205.0000
121	-20.9625	206.0000
122	-20.8000	205.0000
123	-20.8000	206.0000
124	-20.9625	204.0000
125	-20.8000	206.0000
126	-21.4500	205.0000
127	-20.9625	206.0000
128	-20.9625	205.0000
129	-20.9625	206.0000
130	-20.9625	205.0000
131	-20.9625	206.0000
132	-20.9625	205.0000
133	-20.9625	206.0000
134	-21.1250	205.0000
135	-21.6125	206.0000
136	-21.6125	205.0000
137	-21.6125	206.0000
138	-21.2875	207.0000
139	-21.6125	205.0000
140	-21.6125	206.0000
141	-21.4500	205.0000
142	-21.4500	206.0000
143	-21.9375	205.0000
144	-22.1000	206.0000
145	-22.5875	205.0000
146	-21.9375	206.0000
147	-21.7750	205.0000
148	-22.2625	206.0000
149	-21.9375	205.0000
150	-22.1000	206.0000
151	-22.1000	204.0000
152	-22.1000	206.0000
153	-22.4250	205.0000
154	-22.4250	206.0000
155	-22.7500	205.0000
156	-22.7500	206.0000
157	-23.0750	205.0000
158	-23.5625	206.0000
159	-23.4000	205.0000
160	-24.2125	206.0000
161	-25.3500	205.0000
162	-24.3750	206.0000
163	-25.6750	206.0000
164	-25.1875	206.0000
165	-25.5125	205.0000
166	-26.6500	205.0000
167	-26.1625	206.0000
168	-26.9750	205.0000
169	-27.1375	206.0000
170	-27.4625	205.0000
171	-27.7875	206.0000
172	-28.2750	205.0000
173	-29.5750	207.0000
174	-29.5750	204.0000
175	-29.9000	206.0000
176	-30.8750	205.0000
177	-32.3375	206.0000
178	-31.5250	204.0000
179	-32.1750	206.0000
180	-32.8250	205.0000
181	-34.9375	206.0000
182	-34.1250	205.0000
183	-34.7750	206.0000
184	-35.5875	205.0000
185	-36.4000	206.0000
186	-37.3750	205.0000
187	-38.1875	205.0000
188	-38.6750	205.0000
189	-40.3000	206.0000
190	-40.4625	205.0000
191	-41.6000	206.0000
192	-42.2500	206.0000
193	-43.5500	205.0000
194	-43.8750	206.0000
195	-45.5000	205.0000
196	-45.9875	206.0000
197	-46.8000	205.0000
198	-47.7750	206.0000
199	-49.0750	204.0000
200	-49.8875	206.0000
201	-51.8375	205.0000
202	-51.8375	206.0000
203	-53.1375	205.0000
204	-54.7625	206.0000
205	-56.0625	205.0000
206	-56.2250	203.0000
207	-57.3625	205.0000
208	-59.3125	206.0000
209	-60.2875	205.0000
210	-61.4250	206.0000
211	-62.2375	205.0000
212	-63.7000	206.0000
213	-64.6750	208.0000
214	-65.8125	205.0000
215	-67.1125	206.0000
216	-69.0625	205.0000
217	-70.3625	206.0000
218	-71.0125	205.0000
219	-72.3125	206.0000
220	-73.7750	205.0000
221	-75.4000	206.0000
222	-76.5375	205.0000
223	-77.6750	206.0000
224	-79.7875	205.0000
225	-80.6000	206.0000
226	-81.9000	205.0000
227	-84.6625	206.0000
228	-84.6625	205.0000
229	-86.1250	206.0000
230	-88.2375	205.0000
231	-89.3750	206.0000
232	-90.5125	205.0000
233	-92.1375	206.0000
234	-93.9250	205.0000
235	-95.2250	206.0000
236	-96.2000	205.0000
237	-97.8250	206.0000
238	-99.2875	205.0000
239	-102.2125	206.0000
240	-102.7000	206.0000
241	-104.0000	205.0000
242	-105.6250	206.0000
243	-107.9000	205.0000
244	-109.2000	206.0000
245	-110.5000	205.0000
246	-113.7500	206.0000
247	-114.0750	205.0000
248	-117.3250	207.0000
249	-117.4875	205.0000
250	-119.7625	206.0000
251	-120.5750	204.0000
252	-122.2000	206.0000
253	-123.8250	205.0000
254	-125.9375	206.0000
255	-126.9125	205.0000
256	-128.3750	206.0000
257	-130.3250	205.0000
258	-131.9500	206.0000
259	-133.5750	205.0000
260	-135.0375	206.0000
261	-136.0125	205.0000
262	-138.7750	206.0000
263	-138.7750	205.0000
264	-139.9125	206.0000
265	-141.5375	206.0000
266	-142.5125	205.0000
267	-143.4875	206.0000
268	-143.8125	205.0000
269	-145.2750	206.0000
270	-146.0875	205.0000
271	-146.4125	206.0000
272	-146.9000	205.0000
273	-147.7125	206.0000
274	-148.0375	205.0000
275	-148.8500	203.0000
276	-148.6875	205.0000
277	-149.1750	206.0000
278	-150.6375	205.0000
279	-149.8250	207.0000
280	-149.8250	205.0000
281	-150.4750	206.0000
282	-149.9875	205.0000
283	-150.1500	206.0000
284	-150.1500	205.0000
285	-151.2875	206.0000
286	-150.6375	205.0000
287	-149.9875	206.0000
288	-149.6625	206.0000
289	-150.3125	206.0000
290	-149.3375	206.0000
291	-149.0125	206.0000
292	-148.8500	206.0000
293	-149.0125	205.0000
294	-148.2000	206.0000
295	-147.3875	205.0000
296	-147.8750	206.0000
297	-146.5750	205.0000
298	-146.5750	207.0000
299	-145.6000	205.0000
300	-144.9500	206.0000
301	-144.9500	205.0000
302	-144.1375	207.0000
303	-143.1625	205.0000
304	-142.6750	207.0000
305	-141.8625	205.0000
306	-141.2125	206.0000
307	-140.5625	205.0000
308	-140.2375	206.0000
309	-138.7750	205.0000
310	-137.9625	206.0000
311	-137.3125	206.0000
312	-136.3375	206.0000
313	-135.3625	205.0000
314	-134.7125	206.0000
315	-133.5750	206.0000
316	-132.7625	206.0000
317	-131.7875	206.0000
318	-130.9750	205.0000
319	-130.0000	206.0000
320	-129.0250	205.0000
321	-127.8875	206.0000
322	-127.0750	205.0000
323	-125.9375	207.0000
324	-126.1000	205.0000
325	-123.6625	206.0000
326	-122.6875	205.0000
327	-121.5500	206.0000
328	-120.2500	205.0000
329	-119.1125	206.0000
330	-117.9750	205.0000
331	-117.0000	206.0000
332	-115.7000	205.0000
333	-114.5625	206.0000
334	-113.2625	205.0000
335	-112.6125	209.0000
336	-111.1500	205.0000
337	-109.5250	206.0000
338	-108.2250	206.0000
339	-107.9000	206.0000
340	-105.7875	206.0000
341	-104.4875	206.0000
342	-103.6750	206.0000
343	-102.3750	205.0000
344	-100.4250	206.0000
345	-98.9625	205.0000
346	-97.6625	206.0000
347	-97.5000	205.0000
348	-94.7375	207.0000
349	-93.4375	205.0000
350	-92.3000	206.0000
351	-90.6750	205.0000
352	-89.0500	207.0000
353	-87.9125	205.0000
354	-86.1250	206.0000
355	-84.9875	205.0000
356	-83.5250	206.0000
357	-81.9000	205.0000
358	-80.6000	206.0000
359	-79.4625	204.0000
360	-78.0000	206.0000
361	-76.2125	206.0000
362	-74.2625	206.0000
363	-73.1250	206.0000
364	-71.3375	206.0000
365	-69.7125	206.0000
366	-68.4125	205.0000
367	-66.6250	206.0000
368	-65.1625	205.0000
369	-63.3750	206.0000
370	-62.4000	205.0000
371	-60.2875	206.0000
372	-58.6625	205.0000
373	-57.2000	206.0000
374	-55.7375	205.0000
375	-54.1125	207.0000
376	-52.6500	205.0000
377	-50.8625	206.0000
378	-49.7250	205.0000
379	-47.7750	206.0000
380	-46.3125	205.0000
381	-45.1750	206.0000
382	-43.0625	205.0000
383	-42.4125	206.0000
384	-40.4625	205.0000
385	-38.6750	206.0000
386	-37.2125	205.0000
387	-35.9125	206.0000
388	-35.2625	206.0000
389	-32.8250	206.0000
390	-31.8500	206.0000
391	-30.8750	205.0000
392	-30.5500	206.0000
393	-29.5750	205.0000
394	-28.9250	206.0000
395	-28.6000	205.0000
396	-28.2750	206.0000
397	-27.7875	205.0000
398	-26.9750	206.0000
399	-26.6500	205.0000
400	-26.6500	206.0000
401	-26.8125	205.0000
402	-25.6750	207.0000
403	-25.5125	205.0000
404	-25.6750	206.0000
405	-25.1875	204.0000
406	-25.3500	203.0000
407	-24.7000	205.0000
408	-25.8375	206.0000
409	-24.7000	205.0000
410	-24.3750	206.0000
411	-24.3750	205.0000
412	-24.0500	206.0000
413	-23.8875	206.0000
414	-24.8625	206.0000
415	-23.8875	206.0000
416	-23.5625	203.0000
417	-23.2375	206.0000
418	-23.2375	205.0000
419	-23.2375	206.0000
420	-23.5625	205.0000
421	-23.4000	206.0000
422	-23.0750	205.0000
423	-23.4000	206.0000
424	-23.0750	205.0000
425	-22.9125	206.0000
426	-23.2375	205.0000
427	-23.5625	206.0000
428	-22.4250	205.0000
429	-22.4250	207.0000
430	-22.4250	205.0000
431	-22.7500	206.0000
432	-22.5875	205.0000
433	-22.4250	206.0000
434	-22.4250	205.0000
435	-22.4250	206.0000
436	-22.2625	205.0000
437	-22.1000	206.0000
438	-22.2625	205.0000
439	-22.4250	206.0000
440	-21.9375	206.0000
441	-22.1000	206.0000
442	-22.2625	206.0000
443	-21.7750	205.0000
444	-21.7750	206.0000
445	-22.1000	205.0000
446	-21.9375	206.0000
447	-22.5875	205.0000
448	-21.7750	206.0000
449	-22.1000	205.0000
450	-22.1000	206.0000
451	-21.9375	205.0000
452	-21.4500	206.0000
453	-21.6125	205.0000
454	-22.1000	206.0000
455	-21.6125	205.0000
456	-21.4500	206.0000
457	-21.2875	205.0000
458	-21.9375	206.0000
459	-21.7750	205.0000
460	-21.4500	206.0000
461	-21.6125	205.0000
462	-21.7750	206.0000
463	-21.4500	205.0000
464	-21.6125	206.0000
465	-21.4500	206.0000
466	-21.7750	206.0000
467	-21.6125	205.0000
468	-22.1000	205.0000
469	-21.2875	206.0000
470	-21.1250	205.0000
471	-21.2875	206.0000
472	-21.1250	205.0000
473	-21.6125	206.0000
474	-20.9625	205.0000
475	-21.1250	206.0000
476	-21.2875	205.0000
477	-21.2875	206.0000
478	-21.1250	205.0000
479	-21.4500	207.0000
480	-21.2875	205.0000
481	-21.1250	206.0000
482	-21.1250	205.0000
483	-21.1250	206.0000
484	-20.9625	205.0000
485	-21.4500	206.0000
486	-20.9625	205.0000
487	-21.2875	206.0000
488	-22.4250	205.0000
489	-21.2875	206.0000
490	-20.9625	206.0000
491	-21.2875	206.0000
492	-20.8000	206.0000
493	-21.7750	205.0000
494	-20.9625	206.0000
495	-20.9625	205.0000
496	-20.9625	206.0000
497	-21.1250	205.0000
498	-21.1250	206.0000
499	-20.8000	205.0000
500	-20.8000	206.0000
501	-20.6375	205.0000
502	-20.6375	206.0000
503	-20.8000	205.0000
504	-20.6375	208.0000
505	-20.4750	205.0000
506	-20.6375	206.0000
507	-20.6375	205.0000
508	-20.9625	206.0000
509	-20.6375	205.0000
510	-20.8000	206.0000
511	-21.6125	205.0000
512	-20.9625	206.0000
513	-20.6375	205.0000
514	-20.4750	206.0000
515	-20.9625	206.0000
516	-21.4500	206.0000
517	-22.1000	206.0000
518	-20.8000	206.0000
519	-20.9625	206.0000
520	-20.8000	205.0000
521	-20.8000	206.0000
522	-20.8000	205.0000
523	-21.9375	206.0000
524	-20.8000	205.0000
525	-20.4750	206.0000
526	-20.3125	205.0000
527	-21.2875	206.0000
528	-20.3125	205.0000
529	-20.4750	206.0000
530	-20.1500	205.0000
531	-20.4750	206.0000
532	-20.3125	205.0000
533	-20.3125	206.0000
534	-20.3125	205.0000
535	-20.4750	206.0000
536	-20.3125	205.0000
537	-20.3125	206.0000
538	-20.3125	205.0000
539	-20.8000	206.0000
540	-20.4750	206.0000
541	-20.4750	206.0000
542	-22.2625	206.0000
543	-20.4750	204.0000
544	-20.3125	206.0000
545	-20.1500	205.0000
546	-20.3125	206.0000
547	-20.1500	205.0000
548	-20.9625	207.0000
549	-20.6375	201.0000
550	-21.1250	207.0000
551	-20.4750	205.0000
552	-20.1500	206.0000
553	-19.9875	204.0000
554	-20.1500	207.0000
555	-20.1500	206.0000
556	-20.1500	206.0000
557	-20.1500	205.0000
558	-20.4750	206.0000
559	-20.3125	205.0000
560	-20.1500	206.0000
561	-20.3125	205.0000
562	-20.9625	206.0000
563	-20.1500	204.0000
564	-19.8250	206.0000
565	-20.6375	206.0000
566	-19.9875	205.0000
567	-20.1500	206.0000
568	-20.3125	206.0000
569	-20.3125	206.0000
570	-19.8250	205.0000
571	-19.9875	206.0000
572	-19.9875	205.0000
573	-19.9875	207.0000
574	-20.1500	205.0000
575	-19.9875	207.0000
576	-19.9875	205.0000
577	-19.8250	207.0000
578	-19.8250	205.0000
579	-19.9875	207.0000
580	-20.9625	205.0000
581	-19.5000	206.0000
582	-19.5000	203.0000
583	-19.6625	207.0000
584	-19.5000	205.0000
585	-19.5000	208.0000
586	-19.5000	205.0000
587	-19.5000	206.0000
588	-19.5000	205.0000
589	-19.5000	206.0000
590	-19.3375	206.0000
591	-19.6625	206.0000
592	-20.1500	206.0000
593	-19.5000	206.0000
594	-19.3375	206.0000
595	-19.8250	206.0000
596	-21.2875	207.0000
597	-19.1750	205.0000
598	-19.3375	207.0000
599	-19.1750	205.0000
600	-19.6625	207.0000
601	-19.1750	205.0000
602	-18.8500	206.0000
603	-19.3375	205.0000
604	-19.3375	207.0000
605	-19.0125	202.0000
606	-19.0125	206.0000
607	-19.0125	205.0000
608	-19.8250	207.0000
609	-19.1750	205.0000
610	-18.8500	206.0000
611	-18.8500	205.0000
612	-18.8500	206.0000
613	-19.6625	208.0000
614	-18.6875	206.0000
615	-18.8500	206.0000
616	-18.8500	206.0000
617	-19.0125	206.0000
618	-18.5250	206.0000
619	-19.1750	206.0000
620	-18.6875	206.0000
621	-18.6875	206.0000
622	-18.3625	205.0000
623	-18.6875	207.0000
624	-18.3625	205.0000
625	-18.6875	207.0000
626	-18.6875	205.0000
627	-18.3625	207.0000
628	-18.2000	205.0000
629	-18.6875	207.0000
630	-18.2000	205.0000
631	-18.3625	207.0000
632	-18.0375	205.0000
633	-18.2000	206.0000
634	-18.6875	205.0000
635	-18.2000	206.0000
636	-18.0375	205.0000
637	-17.7125	206.0000
638	-17.7125	205.0000
639	-17.8750	206.0000
640	-17.7125	206.0000
641	-17.7125	206.0000
642	-17.3875	206.0000
643	-17.5500	206.0000
644	-17.5500	206.0000
645	-17.2250	205.0000
646	-17.5500	206.0000
647	-17.2250	206.0000
648	-17.0625	206.0000
649	-17.2250	205.0000
650	-17.0625	207.0000
651	-17.0625	205.0000
652	-17.0625	207.0000
653	-16.7375	205.0000
654	-16.9000	206.0000
655	-16.7375	205.0000
656	-16.7375	206.0000
657	-16.9000	204.0000
658	-16.7375	206.0000
659	-16.4125	205.0000
660	-16.5750	206.0000
661	-16.4125	205.0000
662	-16.5750	206.0000
663	-16.0875	205.0000
664	-16.2500	206.0000
665	-16.2500	205.0000
666	-15.7625	206.0000
667	-15.6000	206.0000
668	-15.6000	205.0000
669	-15.9250	206.0000
670	-14.9500	205.0000
671	-14.7875	206.0000
672	-14.3000	205.0000
673	-14.3000	207.0000
674	-13.6500	205.0000
675	-13.4875	206.0000
676	-13.0000	205.0000
677	-13.0000	207.0000
678	-11.8625	205.0000
679	-12.1875	207.0000
680	-11.3750	205.0000
681	-11.2125	206.0000
682	-10.0750	205.0000
683	-9.5875	206.0000
684	-8.7750	203.0000
685	-8.6125	206.0000
686	-7.8000	205.0000
687	-7.1500	206.0000
688	-6.9875	205.0000
689	-5.8500	206.0000
690	-5.3625	205.0000
691	-4.3875	206.0000
692	-4.2250	206.0000
693	-3.0875	206.0000
694	-2.2750	206.0000
695	-1.3000	207.0000
696	-0.3250	206.0000
697	0.4875	205.0000
698	1.4625	206.0000
699	2.4375	205.0000
700	3.2500	207.0000
701	4.0625	205.0000
702	5.0375	207.0000
703	6.0125	205.0000
704	7.3125	207.0000
705	8.1250	205.0000
706	9.4250	207.0000
707	10.4000	205.0000
708	11.8625	206.0000
709	13.1625	205.0000
710	14.3000	206.0000
711	15.2750	206.0000
712	16.5750	206.0000
713	17.8750	205.0000
714	19.1750	206.0000
715	20.3125	205.0000
716	21.4500	206.0000
717	22.7500	206.0000
718	24.2125	206.0000
719	25.3500	206.0000
720	26.8125	206.0000
721	28.1125	206.0000
722	29.4125	205.0000
723	30.8750	207.0000
724	32.1750	205.0000
725	33.4750	207.0000
726	34.7750	205.0000
727	36.5625	208.0000
728	37.8625	205.0000
729	39.3250	207.0000
730	40.7875	205.0000
731	42.4125	207.0000
732	43.7125	205.0000
733	45.5000	206.0000
734	46.6375	205.0000
735	48.7500	206.0000
736	50.3750	205.0000
737	51.6750	206.0000
738	53.3000	205.0000
739	54.9250	207.0000
740	56.8750	205.0000
741	58.3375	206.0000
742	59.9625	205.0000
743	61.5875	206.0000
744	63.3750	206.0000
745	64.1875	206.0000
746	66.6250	206.0000
747	68.4125	205.0000
748	70.2000	206.0000
749	71.5000	205.0000
750	73.4500	207.0000
751	75.2375	205.0000
752	77.0250	207.0000
753	78.6500	205.0000
754	80.1125	207.0000
755	82.3875	205.0000
756	84.3375	207.0000
757	85.8000	205.0000
758	87.9125	207.0000
759	89.5375	205.0000
760	91.4875	206.0000
761	93.1125	205.0000
762	94.9000	206.0000
763	96.8500	205.0000
764	98.6375	206.0000
765	100.1000	206.0000
766	102.0500	206.0000
767	104.3250	206.0000
768	106.1125	206.0000
769	107.9000	206.0000
770	109.2000	206.0000
771	110.8250	206.0000
772	113.1000	206.0000
773	113.5875	207.0000
774	113.7500	205.0000
775	117.3250	207.0000
776	118.7875	205.0000
777	120.0875	209.0000
778	121.2250	205.0000
779	122.3625	207.0000
780	123.3375	205.0000
781	124.3125	207.0000
782	125.1250	205.0000
783	126.1000	206.0000
784	126.9125	205.0000
785	127.4000	207.0000
786	128.0500	204.0000
787	128.7000	207.0000
788	129.0250	205.0000
789	129.6750	207.0000
790	130.0000	206.0000
791	130.3250	206.0000
792	130.8125	206.0000
793	130.9750	206.0000
794	131.1375	206.0000
795	131.3000	206.0000
796	131.3000	206.0000
797	131.3000	206.0000
798	131.4625	207.0000
799	131.3000	205.0000
800	131.3000	207.0000
801	130.9750	205.0000
802	130.8125	208.0000
803	130.6500	205.0000
804	130.4875	207.0000
805	130.3250	205.0000
806	130.0000	207.0000
807	129.5125	205.0000
808	129.1875	207.0000
809	128.7000	205.0000
810	128.2125	207.0000
811	127.7250	205.0000
812	127.4000	207.0000
813	126.7500	205.0000
814	126.4250	209.0000
815	125.7750	206.0000
816	125.4500	206.0000
817	124.9625	206.0000
818	123.9875	206.0000
819	123.6625	206.0000
820	122.6875	206.0000
821	121.7125	204.0000
822	121.2250	206.0000
823	120.2500	206.0000
824	119.7625	205.0000
825	118.9500	207.0000
826	117.4875	205.0000
827	117.1625	207.0000
828	116.1875	205.0000
829	115.3750	207.0000
830	114.4000	205.0000
831	112.9375	207.0000
832	111.4750	205.0000
833	111.4750	207.0000
834	109.8500	205.0000
835	109.2000	206.0000
836	108.0625	205.0000
837	107.4125	206.0000
838	106.1125	205.0000
839	105.1375	206.0000
840	104.0000	206.0000
841	102.3750	206.0000
842	99.9375	206.0000
843	100.2625	207.0000
844	99.2875	206.0000
845	97.0125	206.0000
846	96.5250	206.0000
847	95.7125	206.0000
848	94.5750	206.0000
849	92.7875	205.0000
850	91.8125	207.0000
851	90.3500	205.0000
852	89.3750	207.0000
853	87.9125	205.0000
854	86.4500	207.0000
855	85.3125	205.0000
856	84.1750	207.0000
857	79.9500	205.0000
858	81.4125	207.0000
859	79.7875	205.0000
860	78.4875	206.0000
861	76.5375	205.0000
862	75.8875	207.0000
863	74.1000	205.0000
864	72.6375	206.0000
865	70.6875	206.0000
866	69.8750	206.0000
867	68.7375	206.0000
868	66.7875	206.0000
869	64.8375	206.0000
870	63.7000	206.0000
871	62.4000	206.0000
872	60.7750	206.0000
873	59.6375	206.0000
874	58.0125	205.0000
875	56.5500	207.0000
876	54.7625	205.0000
877	52.4875	207.0000
878	51.6750	205.0000
879	49.8875	207.0000
880	46.9625	205.0000
881	46.9625	207.0000
882	45.5000	205.0000
883	43.7125	207.0000
884	42.4125	205.0000
885	40.6250	207.0000
886	38.6750	205.0000
887	37.2125	206.0000
888	35.5875	205.0000
889	34.1250	206.0000
890	32.1750	205.0000
891	31.2000	206.0000
892	29.0875	206.0000
893	27.7875	206.0000
894	26.1625	206.0000
895	24.3750	206.0000
896	23.0750	206.0000
897	21.4500	206.0000
898	19.8250	206.0000
899	17.3875	205.0000
900	16.5750	206.0000
901	15.4375	205.0000
902	14.9500	206.0000
903	13.8125	205.0000
904	13.4875	206.0000
905	12.6750	205.0000
906	12.1875	206.0000
907	11.5375	205.0000
908	11.0500	206.0000
909	10.7250	205.0000
910	10.4000	207.0000
911	9.5875	205.0000
912	9.2625	206.0000
913	9.2625	205.0000
914	9.2625	206.0000
915	7.1500	205.0000
916	8.6125	206.0000
917	8.6125	205.0000
918	8.2875	206.0000
919	5.8500	206.0000
920	7.6375	206.0000
921	7.6375	206.0000
922	7.6375	206.0000
923	6.5000	206.0000
924	7.3125	205.0000
925	7.3125	206.0000
926	6.8250	205.0000
927	6.8250	207.0000
928	5.8500	205.0000
929	6.8250	206.0000
930	6.6625	205.0000
931	6.5000	206.0000
932	6.3375	205.0000
933	6.8250	207.0000
934	6.1750	206.0000
935	6.5000	206.0000
936	6.3375	205.0000
937	6.1750	206.0000
938	6.1750	206.0000
939	6.1750	206.0000
940	6.0125	205.0000
941	6.0125	206.0000
942	6.0125	206.0000
943	6.0125	206.0000
944	6.0125	206.0000
945	6.1750	206.0000
946	5.6875	206.0000
947	5.6875	206.0000
948	5.8500	206.0000
949	5.6875	205.0000
950	5.6875	206.0000
951	5.5250	205.0000
952	5.6875	207.0000
953	5.6875	205.0000
954	5.6875	207.0000
955	5.5250	205.0000
956	5.6875	207.0000
957	5.0375	205.0000
958	5.3625	207.0000
959	5.3625	205.0000
960	5.2000	206.0000
961	3.9000	205.0000
962	5.3625	207.0000
963	5.0375	205.0000
964	5.0375	207.0000
965	5.0375	205.0000
966	5.2000	206.0000
967	4.7125	206.0000
968	5.0375	206.0000
969	4.5500	206.0000
970	5.0375	206.0000
971	4.8750	206.0000
972	4.7125	206.0000
973	4.8750	206.0000
974	5.0375	206.0000
975	5.0375	206.0000
976	4.5500	205.0000
977	4.7125	206.0000
978	5.0375	205.0000
979	4.8750	207.0000
980	4.2250	205.0000
981	4.8750	207.0000
982	4.8750	205.0000
983	4.7125	206.0000
984	4.3875	205.0000
985	4.2250	207.0000
986	4.7125	205.0000
987	4.0625	207.0000
988	3.9000	205.0000
989	3.9000	206.0000
990	4.3875	205.0000
991	4.3875	206.0000
992	4.2250	205.0000
993	4.3875	206.0000
994	4.2250	206.0000
995	2.4375	206.0000
996	4.5500	206.0000
997	4.5500	206.0000
998	3.5750	206.0000
999	4.2250	206.0000
1000	4.3875	206.0000
1001	4.5500	205.0000
1002	4.0625	206.0000
1003	3.5750	205.0000
1004	4.2250	207.0000
1005	4.0625	205.0000
1006	4.2250	206.0000
1007	4.0625	205.0000
1008	4.3875	207.0000
1009	4.2250	205.0000
1010	4.3875	207.0000
1011	3.7375	206.0000
1012	4.2250	207.0000
1013	4.2250	205.0000
1014	4.3875	209.0000
1015	3.7375	205.0000
1016	4.3875	206.0000
1017	3.9000	205.0000
1018	4.0625	206.0000
1019	4.2250	206.0000
1020	4.3875	206.0000
1021	4.2250	205.0000
1022	4.2250	206.0000
1023	4.0625	206.0000
#8327
0	4.0625	206.0000
1	-27.1375	206.0000
2	-26.6500	206.0000
3	-26.6500	206.0000
4	-26.1625	206.0000
5	-27.1375	207.0000
6	-26.9750	206.0000
7	-26.4875	206.0000
8	-26.6500	206.0000
9	-26.3250	206.0000
10	-26.3250	206.0000
11	-19.6625	206.0000
12	3.2500	205.0000
13	3.2500	207.0000
14	3.0875	205.0000
15	3.0875	207.0000
16	3.4125	205.0000
17	3.4125	207.0000
18	3.4125	205.0000
19	3.4125	206.0000
20	3.5750	205.0000
21	3.4125	207.0000
22	3.4125	205.0000
23	3.4125	207.0000
24	3.4125	206.0000
25	3.4125	206.0000
26	3.5750	205.0000
27	3.4125	206.0000
28	3.4125	205.0000
29	3.4125	206.0000
30	3.4125	206.0000
31	3.2500	206.0000
32	3.2500	206.0000
33	3.0875	206.0000
34	3.4125	206.0000
35	2.9250	206.0000
36	2.9250	206.0000
37	3.4125	205.0000
38	3.2500	207.0000
39	3.4125	205.0000
40	3.4125	207.0000
41	3.5750	205.0000
42	3.5750	207.0000
43	2.9250	205.0000
44	2.7625	207.0000
45	3.0875	205.0000
46	1.9500	207.0000
47	3.2500	205.0000
48	3.4125	208.0000
49	1.9500	205.0000
50	3.0875	206.0000
51	3.4125	204.0000
52	3.7375	206.0000
53	3.5750	205.0000
54	3.4125	206.0000
55	3.5750	206.0000
56	3.2500	206.0000
57	3.7375	206.0000
58	3.0875	206.0000
59	2.7625	206.0000
60	2.7625	207.0000
61	1.4625	206.0000
62	3.2500	205.0000
63	2.9250	206.0000
64	3.4125	205.0000
65	3.4125	206.0000
66	3.0875	205.0000
67	3.2500	207.0000
68	3.2500	205.0000
69	2.1125	207.0000
70	1.6250	207.0000
71	2.4375	207.0000
72	2.9250	205.0000
73	2.6000	207.0000
74	2.9250	205.0000
75	2.7625	207.0000
76	2.9250	205.0000
77	2.1125	206.0000
78	2.7625	206.0000
79	2.9250	206.0000
80	3.0875	206.0000
81	2.4375	206.0000
82	3.0875	206.0000
83	3.0875	206.0000
84	2.9250	206.0000
85	2.6000	206.0000
86	2.9250	206.0000
87	2.9250	205.0000
88	2.7625	206.0000
89	2.7625	205.0000
90	2.7625	207.0000
91	2.9250	205.0000
92	2.6000	206.0000
93	2.6000	205.0000
94	1.3000	207.0000
95	2.6000	205.0000
96	2.4375	207.0000
97	1.7875	205.0000
98	2.1125	206.0000
99	2.1125	205.0000
100	1.6250	207.0000
101	2.4375	205.0000
102	2.2750	206.0000
103	2.4375	206.0000
104	1.6250	206.0000
105	2.1125	206.0000
106	1.3000	206.0000
107	2.1125	206.0000
108	0.8125	206.0000
109	1.3000	206.0000
110	1.9500	206.0000
111	1.9500	206.0000
112	1.9500	206.0000
113	1.9500	206.0000
114	2.1125	205.0000
115	1.6250	207.0000
116	1.9500	205.0000
117	1.4625	207.0000
118	1.6250	205.0000
119	1.3000	206.0000
120	1.1375	205.0000
121	1.6250	207.0000
122	0.4875	205.0000
123	1.4625	207.0000
124	1.3000	205.0000
125	0.4875	207.0000
126	-4.2250	205.0000
127	-6.5000	206.0000
128	-1.4625	205.0000
129	1.1375	206.0000
130	1.1375	203.0000
131	-0.9750	206.0000
132	-11.8625	206.0000
133	-25.1875	206.0000
134	-1.3000	206.0000
135	-0.6500	205.0000
136	-0.1625	206.0000
137	0.1625	206.0000
138	-0.1625	207.0000
139	0.3250	205.0000
140	0.6500	207.0000
141	0.8125	205.0000
142	0.6500	207.0000
143	0.3250	205.0000
144	0.0000	207.0000
145	0.3250	205.0000
146	-0.4875	206.0000
147	0.1625	205.0000
148	0.0000	207.0000
149	0.0000	205.0000
150	-0.4875	207.0000
151	-0.9750	205.0000
152	-0.8125	206.0000
153	-0.6500	205.0000
154	-0.8125	206.0000
155	-0.8125	206.0000
156	-1.3000	206.0000
157	-2.4375	206.0000
158	-3.2500	206.0000
159	-1.9500	206.0000
160	-2.6000	206.0000
161	-2.9250	206.0000
162	-3.2500	206.0000
163	-3.5750	206.0000
164	-4.0625	205.0000
165	-4.5500	207.0000
166	-4.8750	205.0000
167	-6.5000	207.0000
168	-6.0125	205.0000
169	-6.5000	207.0000
170	-6.8250	205.0000
171	-7.3125	207.0000
172	-7.9625	205.0000
173	-8.9375	207.0000
174	-9.2625	205.0000
175	-9.9125	206.0000
176	-11.0500	205.0000
177	-11.3750	207.0000
178	-12.0250	205.0000
179	-12.5125	206.0000
180	-13.4875	206.0000
181	-14.4625	206.0000
182	-15.1125	206.0000
183	-15.9250	206.0000
184	-16.7375	207.0000
185	-18.6875	206.0000
186	-18.5250	206.0000
187	-19.6625	205.0000
188	-20.3125	206.0000
189	-22.7500	205.0000
190	-22.4250	207.0000
191	-23.5625	205.0000
192	-25.0250	207.0000
193	-26.4875	205.0000
194	-26.6500	207.0000
195	-27.6250	205.0000
196	-28.9250	207.0000
197	-30.0625	205.0000
198	-31.2000	207.0000
199	-32.1750	205.0000
200	-34.2875	207.0000
201	-34.6125	205.0000
202	-36.0750	207.0000
203	-37.0500	205.0000
204	-39.0000	206.0000
205	-39.6500	205.0000
206	-41.1125	206.0000
207	-42.2500	206.0000
208	-44.2000	206.0000
209	-45.1750	206.0000
210	-46.4750	206.0000
211	-47.7750	206.0000
212	-48.9125	205.0000
213	-50.5375	206.0000
214	-52.4875	205.0000
215	-53.4625	206.0000
216	-55.0875	205.0000
217	-56.2250	207.0000
218	-58.1750	206.0000
219	-59.1500	207.0000
220	-60.9375	205.0000
221	-62.4000	206.0000
222	-64.1875	205.0000
223	-65.4875	207.0000
224	-67.1125	205.0000
225	-68.7375	207.0000
226	-70.2000	205.0000
227	-71.6625	206.0000
228	-73.2875	205.0000
229	-74.9125	206.0000
230	-76.5375	205.0000
231	-78.3250	206.0000
232	-79.6250	205.0000
233	-81.5750	206.0000
234	-83.0375	205.0000
235	-84.9875	206.0000
236	-86.4500	206.0000
237	-88.2375	206.0000
238	-90.0250	206.0000
239	-92.9500	205.0000
240	-94.5750	206.0000
241	-108.0625	205.0000
242	-96.6875	207.0000
243	-98.8000	205.0000
244	-100.1000	207.0000
245	-101.8875	205.0000
246	-103.6750	207.0000
247	-105.4625	207.0000
248	-107.0875	207.0000
249	-108.8750	205.0000
250	-110.9875	204.0000
251	-112.4500	205.0000
252	-114.2375	206.0000
253	-116.1875	205.0000
254	-118.1375	206.0000
255	-119.7625	205.0000
256	-121.5500	206.0000
257	-123.5000	206.0000
258	-125.2875	206.0000
259	-127.0750	206.0000
260	-128.7000	206.0000
261	-130.3250	206.0000
262	-131.6250	206.0000
263	-133.0875	207.0000
264	-134.3875	206.0000
265	-135.6875	204.0000
266	-137.1500	205.0000
267	-137.8000	207.0000
268	-138.9375	206.0000
269	-139.9125	207.0000
270	-140.8875	205.0000
271	-141.7000	207.0000
272	-142.3500	205.0000
273	-143.0000	207.0000
274	-143.6500	205.0000
275	-143.9750	207.0000
276	-144.4625	205.0000
277	-144.9500	207.0000
278	-145.2750	206.0000
279	-145.7625	207.0000
280	-146.0875	206.0000
281	-146.2500	206.0000
282	-146.4125	205.0000
283	-146.4125	206.0000
284	-147.0625	206.0000
285	-146.7375	206.0000
286	-146.5750	206.0000
287	-146.7375	206.0000
288	-146.5750	206.0000
289	-146.5750	206.0000
290	-146.2500	207.0000
291	-145.9250	206.0000
292	-145.9250	207.0000
293	-145.9250	205.0000
294	-145.1125	207.0000
295	-144.9500	205.0000
296	-144.4625	207.0000
297	-144.3000	206.0000
298	-143.4875	207.0000
299	-143.1625	205.0000
300	-142.6750	207.0000
301	-142.6750	205.0000
302	-141.7000	207.0000
303	-140.8875	206.0000
304	-140.8875	207.0000
305	-139.9125	206.0000
306	-139.2625	207.0000
307	-138.2875	206.0000
308	-137.4750	206.0000
309	-136.6625	206.0000
310	-136.0125	206.0000
311	-135.0375	206.0000
312	-134.5500	206.0000
313	-133.7375	206.0000
314	-132.6000	206.0000
315	-132.1125	207.0000
316	-131.1375	205.0000
317	-129.8375	207.0000
318	-129.1875	205.0000
319	-128.2125	207.0000
320	-127.4000	205.0000
321	-126.1000	207.0000
322	-125.2875	205.0000
323	-124.6375	207.0000
324	-123.1750	205.0000
325	-122.2000	207.0000
326	-120.9000	205.0000
327	-119.9250	207.0000
328	-119.1125	205.0000
329	-117.6500	207.0000
330	-116.8375	205.0000
331	-115.7000	207.0000
332	-114.0750	206.0000
333	-112.7750	206.0000
334	-111.9625	206.0000
335	-110.6625	206.0000
336	-109.3625	206.0000
337	-107.9000	206.0000
338	-107.7375	206.0000
339	-105.4625	206.0000
340	-104.1625	206.0000
341	-103.3500	206.0000
342	-102.5375	206.0000
343	-100.1000	205.0000
344	-98.9625	207.0000
345	-97.5000	205.0000
346	-96.2000	204.0000
347	-94.9000	205.0000
348	-93.4375	207.0000
349	-92.3000	205.0000
350	-90.8375	207.0000
351	-90.1875	205.0000
352	-87.9125	207.0000
353	-86.7750	205.0000
354	-86.4500	207.0000
355	-83.6875	205.0000
356	-82.0625	207.0000
357	-80.9250	206.0000
358	-80.1125	206.0000
359	-77.6750	206.0000
360	-76.2125	206.0000
361	-74.9125	205.0000
362	-73.4500	206.0000
363	-72.3125	206.0000
364	-70.2000	206.0000
365	-68.7375	206.0000
366	-67.4375	206.0000
367	-66.1375	206.0000
368	-64.0250	206.0000
369	-63.0500	206.0000
370	-60.9375	205.0000
371	-59.3125	208.0000
372	-57.5250	205.0000
373	-56.2250	207.0000
374	-55.0875	206.0000
375	-53.4625	207.0000
376	-51.8375	205.0000
377	-50.7000	207.0000
378	-48.4250	205.0000
379	-47.1250	207.0000
380	-45.3375	206.0000
381	-43.7125	207.0000
382	-42.2500	206.0000
383	-40.7875	206.0000
384	-39.8125	205.0000
385	-37.8625	206.0000
386	-36.2375	206.0000
387	-34.7750	207.0000
388	-33.3125	206.0000
389	-32.0125	206.0000
390	-31.3625	207.0000
391	-29.9000	206.0000
392	-30.5500	207.0000
393	-28.4375	206.0000
394	-28.1125	207.0000
395	-27.9500	205.0000
396	-28.7625	207.0000
397	-26.6500	205.0000
398	-26.1625	207.0000
399	-26.0000	205.0000
400	-26.1625	207.0000
401	-25.3500	205.0000
402	-25.3500	207.0000
403	-24.7000	205.0000
404	-24.8625	207.0000
405	-24.2125	205.0000
406	-24.0500	207.0000
407	-24.0500	205.0000
408	-23.7250	207.0000
409	-24.7000	206.0000
410	-23.5625	206.0000
411	-23.2375	206.0000
412	-24.3750	207.0000
413	-23.5625	206.0000
414	-23.0750	206.0000
415	-23.7250	206.0000
416	-22.7500	206.0000
417	-22.9125	206.0000
418	-22.5875	206.0000
419	-23.4000	207.0000
420	-22.4250	205.0000
421	-22.9125	207.0000
422	-22.4250	205.0000
423	-23.0750	207.0000
424	-22.1000	205.0000
425	-22.2625	207.0000
426	-22.4250	206.0000
427	-22.4250	207.0000
428	-21.9375	205.0000
429	-21.6125	207.0000
430	-22.9125	205.0000
431	-21.9375	207.0000
432	-21.7750	205.0000
433	-21.6125	207.0000
434	-21.6125	206.0000
435	-21.6125	206.0000
436	-22.1000	206.0000
437	-21.6125	206.0000
438	-22.1000	206.0000
439	-21.6125	206.0000
440	-21.4500	206.0000
441	-21.2875	206.0000
442	-21.6125	206.0000
443	-21.7750	206.0000
444	-21.1250	207.0000
445	-21.2875	205.0000
446	-22.4250	207.0000
447	-21.1250	205.0000
448	-21.1250	207.0000
449	-20.8000	205.0000
450	-21.6125	207.0000
451	-20.8000	205.0000
452	-20.8000	207.0000
453	-21.2875	205.0000
454	-20.8000	207.0000
455	-20.8000	205.0000
456	-20.6375	207.0000
457	-21.4500	205.0000
458	-21.2875	206.0000
459	-21.6125	206.0000
460	-20.6375	206.0000
461	-21.4500	206.0000
462	-20.9625	206.0000
463	-21.4500	206.0000
464	-20.8000	206.0000
465	-21.1250	206.0000
466	-20.8000	206.0000
467	-20.6375	206.0000
468	-20.8000	205.0000
469	-20.8000	207.0000
470	-20.4750	205.0000
471	-20.6375	207.0000
472	-20.8000	205.0000
473	-21.1250	207.0000
474	-20.6375	205.0000
475	-20.4750	207.0000
476	-20.6375	205.0000
477	-20.4750	207.0000
478	-20.4750	205.0000
479	-22.5875	207.0000
480	-21.4500	205.0000
481	-23.4000	207.0000
482	-20.4750	205.0000
483	-20.4750	207.0000
484	-22.2625	206.0000
485	-20.4750	207.0000
486	-20.6375	206.0000
487	-20.4750	206.0000
488	-20.6375	206.0000
489	-20.6375	206.0000
490	-20.3125	206.0000
491	-20.3125	206.0000
492	-20.4750	206.0000
493	-20.1500	206.0000
494	-20.1500	207.0000
495	-19.9875	205.0000
496	-20.1500	207.0000
497	-20.1500	206.0000
498	-19.9875	207.0000
499	-19.9875	205.0000
500	-19.9875	207.0000
501	-19.8250	205.0000
502	-19.8250	207.0000
503	-19.8250	205.0000
504	-19.9875	207.0000
505	-19.6625	205.0000
506	-19.8250	206.0000
507	-19.8250	205.0000
508	-19.9875	207.0000
509	-19.8250	206.0000
510	-19.6625	207.0000
511	-19.9875	206.0000
512	-19.8250	206.0000
513	-19.6625	206.0000
514	-19.8250	206.0000
515	-19.8250	206.0000
516	-19.5000	206.0000
517	-19.6625	206.0000
518	-19.5000	206.0000
519	-19.8250	206.0000
520	-19.5000	205.0000
521	-19.8250	207.0000
522	-20.1500	205.0000
523	-19.6625	206.0000
524	-19.5000	205.0000
525	-19.8250	207.0000
526	-19.6625	205.0000
527	-20.4750	207.0000
528	-19.5000	205.0000
529	-19.6625	207.0000
530	-20.3125	205.0000
531	-19.5000	207.0000
532	-19.5000	206.0000
533	-19.6625	207.0000
534	-20.1500	206.0000
535	-19.9875	207.0000
536	-19.6625	206.0000
537	-19.9875	207.0000
538	-20.4750	206.0000
539	-19.9875	206.0000
540	-19.6625	206.0000
541	-19.5000	206.0000
542	-19.6625	207.0000
543	-19.6625	206.0000
544	-19.5000	206.0000
545	-19.5000	206.0000
546	-19.5000	207.0000
547	-19.5000	205.0000
548	-19.3375	207.0000
549	-19.5000	205.0000
550	-20.9625	207.0000
551	-19.9875	205.0000
552	-19.5000	207.0000
553	-19.5000	205.0000
554	-19.5000	207.0000
555	-19.5000	205.0000
556	-19.3375	207.0000
557	-19.5000	205.0000
558	-19.8250	207.0000
559	-19.3375	205.0000
560	-19.8250	206.0000
561	-20.4750	206.0000
562	-19.8250	206.0000
563	-19.3375	206.0000
564	-19.0125	206.0000
565	-19.5000	206.0000
566	-19.5000	206.0000
567	-19.1750	206.0000
568	-19.5000	206.0000
569	-19.3375	207.0000
570	-19.0125	206.0000
571	-19.0125	207.0000
572	-19.0125	205.0000
573	-19.9875	207.0000
574	-19.1750	205.0000
575	-20.1500	207.0000
576	-19.8250	205.0000
577	-18.8500	207.0000
578	-18.8500	205.0000
579	-19.0125	207.0000
580	-18.8500	205.0000
581	-19.1750	207.0000
582	-18.8500	205.0000
583	-18.8500	207.0000
584	-19.9875	205.0000
585	-19.3375	207.0000
586	-18.8500	206.0000
587	-19.3375	206.0000
588	-19.5000	206.0000
589	-18.6875	207.0000
590	-18.6875	206.0000
591	-18.8500	206.0000
592	-19.5000	206.0000
593	-18.6875	206.0000
594	-18.5250	206.0000
595	-19.1750	206.0000
596	-19.5000	207.0000
597	-18.3625	206.0000
598	-18.5250	207.0000
599	-19.8250	205.0000
600	-18.3625	207.0000
601	-18.2000	208.0000
602	-18.6875	207.0000
603	-18.6875	205.0000
604	-19.3375	207.0000
605	-18.2000	205.0000
606	-18.2000	207.0000
607	-18.5250	205.0000
608	-18.8500	207.0000
609	-19.9875	206.0000
610	-18.2000	207.0000
611	-18.3625	205.0000
612	-18.0375	207.0000
613	-19.0125	206.0000
614	-18.3625	207.0000
615	-18.3625	206.0000
616	-18.0375	208.0000
617	-17.8750	206.0000
618	-17.8750	206.0000
619	-18.0375	206.0000
620	-17.8750	206.0000
621	-17.7125	207.0000
622	-18.5250	206.0000
623	-17.7125	204.0000
624	-18.0375	205.0000
625	-18.0375	207.0000
626	-17.7125	205.0000
627	-17.5500	207.0000
628	-17.2250	205.0000
629	-17.3875	207.0000
630	-17.5500	205.0000
631	-17.0625	207.0000
632	-17.0625	205.0000
633	-17.2250	207.0000
634	-17.3875	206.0000
635	-17.2250	207.0000
636	-16.9000	205.0000
637	-17.0625	207.0000
638	-17.5500	206.0000
639	-16.9000	206.0000
640	-17.0625	206.0000
641	-16.9000	206.0000
642	-16.9000	206.0000
643	-16.7375	206.0000
644	-16.5750	206.0000
645	-17.0625	206.0000
646	-16.7375	207.0000
647	-16.4125	206.0000
648	-16.5750	207.0000
649	-16.9000	205.0000
650	-16.9000	207.0000
651	-16.5750	206.0000
652	-16.2500	207.0000
653	-16.5750	205.0000
654	-16.2500	207.0000
655	-16.4125	205.0000
656	-16.9000	207.0000
657	-15.9250	205.0000
658	-15.7625	207.0000
659	-15.7625	206.0000
660	-15.7625	207.0000
661	-15.6000	206.0000
662	-15.6000	207.0000
663	-15.4375	206.0000
664	-15.1125	207.0000
665	-15.1125	201.0000
666	-15.1125	207.0000
667	-14.6250	206.0000
668	-14.6250	206.0000
669	-14.3000	206.0000
670	-14.3000	206.0000
671	-13.9750	206.0000
672	-13.9750	206.0000
673	-13.6500	208.0000
674	-13.1625	205.0000
675	-12.5125	207.0000
676	-12.3500	205.0000
677	-11.5375	207.0000
678	-11.3750	205.0000
679	-11.0500	207.0000
680	-10.5625	205.0000
681	-10.0750	207.0000
682	-9.4250	205.0000
683	-8.6125	207.0000
684	-8.4500	206.0000
685	-7.6375	207.0000
686	-6.9875	206.0000
687	-6.5000	207.0000
688	-6.0125	209.0000
689	-5.0375	206.0000
690	-4.2250	206.0000
691	-3.5750	207.0000
692	-2.6000	206.0000
693	-2.2750	206.0000
694	-1.3000	206.0000
695	-0.4875	207.0000
696	-0.8125	207.0000
697	0.8125	206.0000
698	2.2750	207.0000
699	1.6250	206.0000
700	3.7375	207.0000
701	4.5500	205.0000
702	6.0125	207.0000
703	6.0125	205.0000
704	7.9625	207.0000
705	8.9375	206.0000
706	10.2375	207.0000
707	10.5625	205.0000
708	12.5125	207.0000
709	13.4875	206.0000
710	14.6250	207.0000
711	15.1125	206.0000
712	16.7375	207.0000
713	18.0375	206.0000
714	19.0125	207.0000
715	19.6625	206.0000
716	21.7750	207.0000
717	23.2375	206.0000
718	24.3750	206.0000
719	25.5125	206.0000
720	27.1375	205.0000
721	28.6000	206.0000
722	28.4375	206.0000
723	31.3625	206.0000
724	31.6875	205.0000
725	33.8000	207.0000
726	35.2625	206.0000
727	36.4000	207.0000
728	38.1875	205.0000
729	39.1625	207.0000
730	40.7875	205.0000
731	42.0875	207.0000
732	44.5250	205.0000
733	46.1500	207.0000
734	47.2875	205.0000
735	49.2375	207.0000
736	50.5375	205.0000
737	51.8375	207.0000
738	53.4625	206.0000
739	55.0875	207.0000
740	57.2000	206.0000
741	58.8250	207.0000
742	59.8000	206.0000
743	61.9125	206.0000
744	63.7000	206.0000
745	63.8625	206.0000
746	67.1125	206.0000
747	68.9000	206.0000
748	70.5250	206.0000
749	71.5000	206.0000
750	73.2875	207.0000
751	75.4000	206.0000
752	77.3500	207.0000
753	78.4875	205.0000
754	80.7625	207.0000
755	82.7125	205.0000
756	84.6625	207.0000
757	86.2875	206.0000
758	88.0750	207.0000
759	89.0500	206.0000
760	91.4875	210.0000
761	92.3000	206.0000
762	95.2250	207.0000
763	97.1750	206.0000
764	98.9625	207.0000
765	100.1000	206.0000
766	102.5375	207.0000
767	104.6500	206.0000
768	105.9500	207.0000
769	108.3875	207.0000
770	110.3375	206.0000
771	112.1250	207.0000
772	113.5875	206.0000
773	114.5625	207.0000
774	116.0250	206.0000
775	118.3000	207.0000
776	119.6000	206.0000
777	120.5750	207.0000
778	121.5500	205.0000
779	123.1750	207.0000
780	123.8250	206.0000
781	125.2875	207.0000
782	125.4500	206.0000
783	126.2625	207.0000
784	126.7500	206.0000
785	128.0500	207.0000
786	128.8625	206.0000
787	129.1875	207.0000
788	129.6750	206.0000
789	130.6500	207.0000
790	130.6500	206.0000
791	130.8125	207.0000
792	131.3000	206.0000
793	130.4875	207.0000
794	131.7875	206.0000
795	132.2750	207.0000
796	131.7875	207.0000
797	131.7875	206.0000
798	132.1125	207.0000
799	131.6250	206.0000
800	131.7875	207.0000
801	131.3000	206.0000
802	131.7875	207.0000
803	131.1375	206.0000
804	131.4625	207.0000
805	131.1375	206.0000
806	130.1625	207.0000
807	130.0000	205.0000
808	129.8375	207.0000
809	128.8625	204.0000
810	128.8625	207.0000
811	128.3750	206.0000
812	127.7250	207.0000
813	126.9125	206.0000
814	126.5875	207.0000
815	126.4250	206.0000
816	125.9375	207.0000
817	124.9625	206.0000
818	124.6375	207.0000
819	123.1750	206.0000
820	123.0125	207.0000
821	122.5250	206.0000
822	120.9000	206.0000
823	120.4125	207.0000
824	120.0875	206.0000
825	119.1125	207.0000
826	117.9750	206.0000
827	117.3250	207.0000
828	116.3500	205.0000
829	115.3750	207.0000
830	112.4500	206.0000
831	113.4250	207.0000
832	111.4750	206.0000
833	111.6375	207.0000
834	110.0125	206.0000
835	109.3625	207.0000
836	108.2250	206.0000
837	106.1125	207.0000
838	104.8125	206.0000
839	104.6500	207.0000
840	103.0250	206.0000
841	102.5375	207.0000
842	100.4250	206.0000
843	100.2625	207.0000
844	98.3125	206.0000
845	97.1750	207.0000
846	96.8500	206.0000
847	95.8750	206.0000
848	94.4125	206.0000
849	93.1125	206.0000
850	92.1375	207.0000
851	90.6750	206.0000
852	89.2125	207.0000
853	87.5875	206.0000
854	86.7750	207.0000
855	80.2750	206.0000
856	84.1750	207.0000
857	82.7125	205.0000
858	81.4125	207.0000
859	79.7875	206.0000
860	78.0000	207.0000
861	76.7000	206.0000
862	75.7250	207.0000
863	74.2625	206.0000
864	72.8000	207.0000
865	71.3375	206.0000
866	69.7125	207.0000
867	68.4125	206.0000
868	65.9750	206.0000
869	65.3250	206.0000
870	63.8625	207.0000
871	62.0750	206.0000
872	60.2875	206.0000
873	58.8250	207.0000
874	57.6875	206.0000
875	55.7375	206.0000
876	53.9500	206.0000
877	52.9750	207.0000
878	51.3500	206.0000
879	50.0500	207.0000
880	48.2625	205.0000
881	46.9625	207.0000
882	45.1750	205.0000
883	43.5500	207.0000
884	42.0875	206.0000
885	40.3000	207.0000
886	38.8375	205.0000
887	37.3750	207.0000
888	35.2625	206.0000
889	33.9625	207.0000
890	32.5000	206.0000
891	30.3875	207.0000
892	29.0875	206.0000
893	27.9500	207.0000
894	26.3250	206.0000
895	24.2125	206.0000
896	23.0750	206.0000
897	21.6125	206.0000
898	19.5000	207.0000
899	18.2000	205.0000
900	17.2250	207.0000
901	16.2500	206.0000
902	14.1375	207.0000
903	14.1375	206.0000
904	13.3250	207.0000
905	12.8375	206.0000
906	11.5375	207.0000
907	10.8875	205.0000
908	11.0500	207.0000
909	10.5625	205.0000
910	10.2375	207.0000
911	9.9125	206.0000
912	9.5875	208.0000
913	9.2625	205.0000
914	7.8000	207.0000
915	8.7750	205.0000
916	8.4500	207.0000
917	8.2875	206.0000
918	7.8000	207.0000
919	7.1500	206.0000
920	7.8000	207.0000
921	7.8000	206.0000
922	6.9875	206.0000
923	6.9875	206.0000
924	7.3125	206.0000
925	7.1500	207.0000
926	6.8250	206.0000
927	6.6625	207.0000
928	6.1750	206.0000
929	6.6625	207.0000
930	6.5000	206.0000
931	6.5000	207.0000
932	6.8250	205.0000
933	6.3375	207.0000
934	6.1750	205.0000
935	6.1750	207.0000
936	5.8500	206.0000
937	6.0125	207.0000
938	5.6875	208.0000
939	6.0125	207.0000
940	5.6875	206.0000
941	5.5250	207.0000
942	5.3625	208.0000
943	5.6875	207.0000
944	5.5250	206.0000
945	5.2000	207.0000
946	5.2000	206.0000
947	5.6875	206.0000
948	5.3625	206.0000
949	5.5250	206.0000
950	5.3625	207.0000
951	5.3625	206.0000
952	4.7125	207.0000
953	5.5250	205.0000
954	5.3625	207.0000
955	5.0375	206.0000
956	5.2000	207.0000
957	4.8750	205.0000
958	5.2000	207.0000
959	4.7125	205.0000
960	4.7125	207.0000
961	4.7125	206.0000
962	5.2000	207.0000
963	5.0375	206.0000
964	5.0375	207.0000
965	5.0375	205.0000
966	5.0375	207.0000
967	4.8750	206.0000
968	4.3875	206.0000
969	4.8750	206.0000
970	4.8750	207.0000
971	4.8750	206.0000
972	4.8750	207.0000
973	4.5500	206.0000
974	4.8750	206.0000
975	4.8750	207.0000
976	4.3875	206.0000
977	4.8750	207.0000
978	4.5500	206.0000
979	4.7125	207.0000
980	4.0625	205.0000
981	3.9000	207.0000
982	4.8750	206.0000
983	3.9000	207.0000
984	4.5500	206.0000
985	4.3875	207.0000
986	4.3875	205.0000
987	4.5500	207.0000
988	3.7375	206.0000
989	4.2250	207.0000
990	4.5500	206.0000
991	3.0875	207.0000
992	3.9000	206.0000
993	4.2250	207.0000
994	4.2250	206.0000
995	4.2250	207.0000
996	4.2250	206.0000
997	4.2250	206.0000
998	4.0625	206.0000
999	2.9250	206.0000
1000	3.7375	206.0000
1001	3.9000	206.0000
1002	3.9000	207.0000
1003	3.9000	206.0000
1004	3.7375	207.0000
1005	3.7375	206.0000
1006	2.6000	207.0000
1007	4.2250	205.0000
1008	4.0625	207.0000
1009	4.2250	206.0000
1010	3.5750	207.0000
1011	3.7375	206.0000
1012	4.0625	207.0000
1013	4.2250	205.0000
1014	2.6000	207.0000
1015	4.0625	206.0000
1016	4.2250	207.0000
1017	3.5750	206.0000
1018	3.5750	207.0000
1019	3.9000	206.0000
1020	4.0625	207.0000
1021	4.0625	206.0000
1022	3.5750	208.0000
1023	4.2250	206.0000
#8327
0	-1.9500	208.0000
1	-1.9500	206.0000
2	1.7875	207.0000
3	3.5750	206.0000
4	3.5750	207.0000
5	-2.2750	206.0000
6	1.9500	206.0000
7	3.2500	207.0000
8	3.4125	206.0000
9	3.4125	207.0000
10	3.4125	206.0000
11	3.4125	203.0000
12	3.4125	206.0000
13	3.2500	207.0000
14	3.2500	207.0000
15	3.2500	207.0000
16	3.2500	206.0000
17	3.2500	207.0000
18	3.4125	205.0000
19	3.2500	207.0000
20	3.0875	206.0000
21	1.9500	205.0000
22	3.0875	206.0000
23	3.0875	207.0000
24	3.2500	205.0000
25	3.2500	207.0000
26	3.4125	206.0000
27	3.2500	207.0000
28	3.4125	206.0000
29	3.0875	207.0000
30	3.2500	206.0000
31	3.0875	206.0000
32	3.2500	206.0000
33	3.0875	206.0000
34	3.2500	206.0000
35	3.4125	206.0000
36	3.4125	207.0000
37	3.0875	206.0000
38	3.0875	207.0000
39	3.0875	205.0000
40	3.2500	207.0000
41	3.0875	206.0000
42	3.0875	207.0000
43	3.2500	205.0000
44	3.0875	207.0000
45	2.9250	206.0000
46	3.0875	207.0000
47	3.0875	205.0000
48	2.9250	207.0000
49	2.7625	206.0000
50	2.7625	207.0000
51	3.0875	206.0000
52	2.9250	207.0000
53	2.9250	206.0000
54	2.9250	207.0000
55	3.0875	206.0000
56	2.9250	206.0000
57	2.7625	206.0000
58	3.2500	206.0000
59	3.2500	206.0000
60	1.9500	206.0000
61	3.0875	207.0000
62	2.7625	206.0000
63	3.0875	207.0000
64	3.0875	206.0000
65	1.6250	207.0000
66	3.0875	205.0000
67	1.6250	207.0000
68	3.0875	206.0000
69	2.6000	207.0000
70	2.9250	206.0000
71	2.4375	207.0000
72	3.0875	205.0000
73	1.6250	207.0000
74	2.9250	206.0000
75	2.6000	207.0000
76	2.7625	206.0000
77	2.4375	207.0000
78	2.9250	206.0000
79	2.6000	207.0000
80	2.4375	206.0000
81	2.1125	206.0000
82	2.2750	206.0000
83	2.4375	206.0000
84	2.2750	206.0000
85	1.4625	206.0000
86	1.9500	207.0000
87	2.1125	206.0000
88	-0.1625	207.0000
89	1.9500	206.0000
90	1.9500	207.0000
91	1.9500	207.0000
92	1.7875	207.0000
93	1.6250	205.0000
94	1.7875	205.0000
95	2.2750	206.0000
96	1.7875	207.0000
97	2.1125	205.0000
98	1.6250	207.0000
99	2.2750	205.0000
100	2.2750	207.0000
101	1.4625	206.0000
102	1.4625	207.0000
103	2.1125	206.0000
104	1.7875	207.0000
105	1.4625	206.0000
106	1.1375	207.0000
107	1.9500	206.0000
108	1.6250	206.0000
109	1.6250	206.0000
110	1.1375	206.0000
111	0.0000	206.0000
112	1.6250	206.0000
113	1.1375	207.0000
114	1.1375	206.0000
115	1.3000	207.0000
116	1.4625	206.0000
117	1.6250	207.0000
118	0.9750	206.0000
119	0.8125	207.0000
120	1.6250	206.0000
121	1.4625	207.0000
122	1.1375	205.0000
123	0.9750	207.0000
124	0.9750	205.0000
125	0.0000	207.0000
126	0.8125	206.0000
127	0.1625	207.0000
128	0.9750	206.0000
129	1.1375	207.0000
130	0.8125	206.0000
131	0.9750	207.0000
132	0.9750	205.0000
133	0.8125	206.0000
134	0.4875	206.0000
135	-0.1625	206.0000
136	0.8125	207.0000
137	0.6500	206.0000
138	0.6500	207.0000
139	0.6500	206.0000
140	0.4875	207.0000
141	0.3250	206.0000
142	0.1625	207.0000
143	0.1625	205.0000
144	0.1625	207.0000
145	-0.1625	205.0000
146	-0.1625	207.0000
147	0.0000	205.0000
148	-0.1625	207.0000
149	-0.4875	206.0000
150	-0.6500	207.0000
151	-0.8125	206.0000
152	-0.8125	207.0000
153	-0.6500	206.0000
154	-1.4625	207.0000
155	-0.9750	206.0000
156	-1.4625	207.0000
157	-2.4375	206.0000
158	-1.7875	206.0000
159	-2.1125	206.0000
160	-3.2500	206.0000
161	-2.7625	207.0000
162	-4.0625	206.0000
163	-3.7375	207.0000
164	-4.5500	205.0000
165	-4.5500	207.0000
166	-5.0375	206.0000
167	-5.5250	207.0000
168	-6.3375	206.0000
169	-6.8250	205.0000
170	-7.8000	206.0000
171	-7.6375	207.0000
172	-8.4500	205.0000
173	-10.0750	207.0000
174	-9.5875	206.0000
175	-10.4000	207.0000
176	-11.7000	206.0000
177	-12.1875	207.0000
178	-12.3500	206.0000
179	-13.0000	207.0000
180	-13.9750	206.0000
181	-15.6000	207.0000
182	-15.1125	206.0000
183	-16.0875	207.0000
184	-17.0625	206.0000
185	-18.5250	206.0000
186	-18.8500	207.0000
187	-19.8250	206.0000
188	-20.6375	207.0000
189	-21.7750	206.0000
190	-22.4250	207.0000
191	-23.5625	206.0000
192	-24.7000	207.0000
193	-25.6750	206.0000
194	-26.6500	207.0000
195	-27.6250	206.0000
196	-29.2500	207.0000
197	-30.0625	206.0000
198	-31.2000	207.0000
199	-32.3375	206.0000
200	-33.8000	207.0000
201	-34.9375	206.0000
202	-36.0750	207.0000
203	-37.3750	206.0000
204	-38.3500	207.0000
205	-39.9750	205.0000
206	-41.6000	207.0000
207	-42.4125	206.0000
208	-43.8750	207.0000
209	-45.1750	206.0000
210	-46.6375	206.0000
211	-48.1000	206.0000
212	-49.2375	206.0000
213	-50.7000	206.0000
214	-52.1625	206.0000
215	-53.7875	207.0000
216	-55.4125	206.0000
217	-56.5500	207.0000
218	-58.3375	206.0000
219	-59.4750	207.0000
220	-60.7750	206.0000
221	-62.5625	207.0000
222	-64.0250	206.0000
223	-65.6500	207.0000
224	-67.2750	205.0000
225	-68.7375	207.0000
226	-70.2000	206.0000
227	-71.5000	207.0000
228	-73.1250	206.0000
229	-74.9125	207.0000
230	-76.5375	206.0000
231	-78.4875	207.0000
232	-80.7625	206.0000
233	-81.4125	206.0000
234	-83.5250	206.0000
235	-84.9875	206.0000
236	-86.4500	207.0000
237	-88.4000	206.0000
238	-90.1875	207.0000
239	-92.6250	206.0000
240	-93.6000	207.0000
241	-95.3875	206.0000
242	-97.1750	207.0000
243	-98.4750	206.0000
244	-100.2625	207.0000
245	-101.8875	206.0000
246	-103.8375	207.0000
247	-105.6250	206.0000
248	-107.4125	207.0000
249	-109.0375	206.0000
250	-110.9875	208.0000
251	-112.7750	206.0000
252	-114.7250	207.0000
253	-116.3500	206.0000
254	-118.3000	207.0000
255	-120.0875	206.0000
256	-121.8750	207.0000
257	-123.6625	206.0000
258	-125.4500	207.0000
259	-127.2375	206.0000
260	-128.8625	207.0000
261	-130.4875	207.0000
262	-131.7875	206.0000
263	-133.5750	207.0000
264	-135.0375	206.0000
265	-137.3125	207.0000
266	-137.1500	206.0000
267	-138.6125	207.0000
268	-139.2625	206.0000
269	-140.2375	207.0000
270	-141.2125	206.0000
271	-141.8625	207.0000
272	-142.8375	206.0000
273	-143.1625	207.0000
274	-143.9750	206.0000
275	-144.4625	207.0000
276	-144.9500	206.0000
277	-145.4375	207.0000
278	-145.7625	206.0000
279	-146.0875	207.0000
280	-147.3875	206.0000
281	-146.4125	207.0000
282	-147.0625	206.0000
283	-146.7375	207.0000
284	-147.3875	206.0000
285	-147.0625	207.0000
286	-146.9000	207.0000
287	-147.0625	206.0000
288	-148.3625	209.0000
289	-147.0625	206.0000
290	-146.5750	207.0000
291	-146.0875	206.0000
292	-147.2250	207.0000
293	-145.7625	206.0000
294	-145.7625	207.0000
295	-145.1125	206.0000
296	-145.2750	207.0000
297	-144.1375	206.0000
298	-143.9750	207.0000
299	-143.4875	206.0000
300	-142.8375	207.0000
301	-143.1625	206.0000
302	-141.7000	207.0000
303	-141.8625	206.0000
304	-141.2125	207.0000
305	-139.9125	206.0000
306	-139.1000	207.0000
307	-138.4500	206.0000
308	-137.8000	207.0000
309	-136.9875	206.0000
310	-136.3375	207.0000
311	-136.0125	207.0000
312	-134.5500	209.0000
313	-135.5250	207.0000
314	-132.7625	206.0000
315	-132.1125	207.0000
316	-130.9750	206.0000
317	-130.4875	207.0000
318	-130.4875	206.0000
319	-128.5375	207.0000
320	-127.7250	206.0000
321	-126.5875	207.0000
322	-125.6125	206.0000
323	-125.7750	207.0000
324	-123.5000	206.0000
325	-123.0125	208.0000
326	-121.2250	206.0000
327	-120.0875	207.0000
328	-118.9500	206.0000
329	-117.9750	207.0000
330	-117.0000	206.0000
331	-116.5125	207.0000
332	-114.4000	206.0000
333	-113.5875	207.0000
334	-112.9375	206.0000
335	-111.1500	207.0000
336	-110.1750	207.0000
337	-108.3875	207.0000
338	-107.7375	207.0000
339	-106.4375	206.0000
340	-104.6500	207.0000
341	-103.6750	206.0000
342	-102.2125	207.0000
343	-100.5875	206.0000
344	-100.5875	207.0000
345	-97.9875	205.0000
346	-96.8500	207.0000
347	-95.0625	206.0000
348	-93.7625	207.0000
349	-92.3000	206.0000
350	-91.0000	207.0000
351	-89.5375	206.0000
352	-88.0750	207.0000
353	-87.1000	206.0000
354	-85.4750	207.0000
355	-83.6875	206.0000
356	-82.2250	207.0000
357	-81.4125	206.0000
358	-79.4625	207.0000
359	-77.8375	206.0000
360	-76.3750	206.0000
361	-74.9125	206.0000
362	-73.2875	206.0000
363	-71.6625	206.0000
364	-70.3625	206.0000
365	-68.7375	207.0000
366	-67.2750	206.0000
367	-65.6500	204.0000
368	-64.0250	206.0000
369	-62.5625	207.0000
370	-60.9375	205.0000
371	-59.4750	209.0000
372	-58.1750	206.0000
373	-56.3875	207.0000
374	-54.7625	205.0000
375	-53.6250	207.0000
376	-51.5125	206.0000
377	-50.0500	207.0000
378	-48.2625	206.0000
379	-46.9625	207.0000
380	-45.3375	206.0000
381	-43.8750	207.0000
382	-42.0875	206.0000
383	-40.7875	206.0000
384	-39.0000	206.0000
385	-38.1875	207.0000
386	-36.2375	206.0000
387	-34.6125	206.0000
388	-33.8000	206.0000
389	-32.1750	206.0000
390	-31.2000	207.0000
391	-29.9000	204.0000
392	-29.5750	207.0000
393	-28.6000	206.0000
394	-27.9500	207.0000
395	-27.4625	205.0000
396	-27.1375	207.0000
397	-26.4875	208.0000
398	-26.1625	207.0000
399	-26.0000	206.0000
400	-26.6500	207.0000
401	-25.1875	206.0000
402	-25.1875	207.0000
403	-25.5125	206.0000
404	-25.0250	207.0000
405	-24.3750	206.0000
406	-24.3750	207.0000
407	-24.0500	206.0000
408	-24.2125	207.0000
409	-23.8875	206.0000
410	-23.7250	207.0000
411	-23.4000	206.0000
412	-23.2375	206.0000
413	-23.0750	206.0000
414	-23.0750	206.0000
415	-22.9125	207.0000
416	-23.0750	206.0000
417	-22.7500	210.0000
418	-22.5875	206.0000
419	-22.4250	207.0000
420	-22.2625	206.0000
421	-22.4250	207.0000
422	-22.2625	206.0000
423	-22.4250	207.0000
424	-22.4250	206.0000
425	-22.4250	207.0000
426	-22.5875	206.0000
427	-21.9375	207.0000
428	-21.9375	206.0000
429	-22.1000	207.0000
430	-22.1000	206.0000
431	-21.9375	207.0000
432	-21.6125	206.0000
433	-21.7750	207.0000
434	-22.7500	206.0000
435	-21.6125	207.0000
436	-21.4500	206.0000
437	-21.4500	207.0000
438	-21.7750	207.0000
439	-21.6125	207.0000
440	-21.4500	207.0000
441	-21.7750	206.0000
442	-21.9375	207.0000
443	-21.4500	207.0000
444	-21.2875	207.0000
445	-21.2875	206.0000
446	-21.9375	207.0000
447	-21.2875	205.0000
448	-21.2875	207.0000
449	-21.6125	206.0000
450	-22.1000	207.0000
451	-21.1250	206.0000
452	-20.9625	207.0000
453	-21.4500	206.0000
454	-21.7750	207.0000
455	-21.2875	206.0000
456	-20.9625	207.0000
457	-21.6125	206.0000
458	-21.4500	205.0000
459	-20.9625	206.0000
460	-21.4500	206.0000
461	-20.9625	206.0000
462	-21.2875	206.0000
463	-20.8000	207.0000
464	-21.2875	206.0000
465	-21.2875	207.0000
466	-20.6375	206.0000
467	-20.6375	207.0000
468	-20.6375	206.0000
469	-20.8000	207.0000
470	-20.6375	206.0000
471	-20.4750	207.0000
472	-20.8000	205.0000
473	-21.1250	207.0000
474	-20.4750	206.0000
475	-20.4750	207.0000
476	-20.4750	206.0000
477	-20.6375	207.0000
478	-20.3125	206.0000
479	-20.8000	207.0000
480	-20.8000	206.0000
481	-20.4750	207.0000
482	-20.3125	206.0000
483	-20.3125	207.0000
484	-20.4750	206.0000
485	-20.3125	207.0000
486	-20.3125	206.0000
487	-20.4750	207.0000
488	-20.4750	207.0000
489	-20.3125	206.0000
490	-20.1500	207.0000
491	-20.1500	206.0000
492	-19.9875	207.0000
493	-20.1500	206.0000
494	-20.3125	207.0000
495	-20.3125	206.0000
496	-20.3125	207.0000
497	-19.9875	206.0000
498	-20.1500	207.0000
499	-19.9875	205.0000
500	-20.6375	207.0000
501	-20.1500	206.0000
502	-20.3125	207.0000
503	-20.9625	206.0000
504	-20.1500	207.0000
505	-19.9875	206.0000
506	-20.8000	207.0000
507	-19.8250	206.0000
508	-20.4750	207.0000
509	-19.9875	206.0000
510	-20.8000	207.0000
511	-20.6375	206.0000
512	-20.1500	206.0000
513	-19.8250	206.0000
514	-20.1500	206.0000
515	-20.9625	207.0000
516	-19.6625	206.0000
517	-19.6625	207.0000
518	-20.9625	206.0000
519	-19.8250	207.0000
520	-20.6375	206.0000
521	-20.6375	207.0000
522	-19.6625	206.0000
523	-21.6125	207.0000
524	-20.6375	206.0000
525	-19.8250	207.0000
526	-19.9875	206.0000
527	-19.6625	204.0000
528	-19.6625	206.0000
529	-19.8250	207.0000
530	-20.1500	206.0000
531	-19.5000	207.0000
532	-19.8250	206.0000
533	-19.8250	207.0000
534	-19.8250	206.0000
535	-19.8250	207.0000
536	-19.6625	206.0000
537	-19.9875	207.0000
538	-20.6375	207.0000
539	-19.8250	206.0000
540	-19.6625	207.0000
541	-20.3125	206.0000
542	-19.9875	207.0000
543	-19.6625	206.0000
544	-19.5000	207.0000
545	-19.5000	206.0000
546	-20.8000	207.0000
547	-19.5000	206.0000
548	-19.3375	207.0000
549	-19.9875	206.0000
550	-19.3375	207.0000
551	-19.3375	206.0000
552	-19.1750	207.0000
553	-19.6625	206.0000
554	-19.5000	207.0000
555	-19.1750	206.0000
556	-19.3375	207.0000
557	-19.5000	206.0000
558	-19.5000	207.0000
559	-19.3375	206.0000
560	-19.3375	207.0000
561	-19.6625	206.0000
562	-19.3375	207.0000
563	-19.6625	207.0000
564	-19.9875	204.0000
565	-19.3375	206.0000
566	-19.5000	206.0000
567	-20.4750	207.0000
568	-19.5000	206.0000
569	-19.9875	207.0000
570	-19.1750	206.0000
571	-19.3375	207.0000
572	-19.5000	205.0000
573	-19.3375	207.0000
574	-19.3375	206.0000
575	-19.3375	207.0000
576	-19.6625	206.0000
577	-19.0125	207.0000
578	-19.3375	206.0000
579	-19.1750	207.0000
580	-19.1750	206.0000
581	-19.8250	207.0000
582	-19.3375	206.0000
583	-18.8500	207.0000
584	-19.8250	206.0000
585	-18.8500	207.0000
586	-19.0125	206.0000
587	-19.9875	206.0000
588	-18.6875	206.0000
589	-18.8500	207.0000
590	-18.6875	207.0000
591	-18.8500	206.0000
592	-18.8500	207.0000
593	-18.5250	209.0000
594	-18.8500	207.0000
595	-18.6875	206.0000
596	-18.5250	207.0000
597	-18.6875	206.0000
598	-18.5250	207.0000
599	-18.5250	206.0000
600	-18.5250	207.0000
601	-18.5250	206.0000
602	-18.5250	207.0000
603	-19.3375	205.0000
604	-18.5250	207.0000
605	-18.3625	206.0000
606	-18.3625	207.0000
607	-18.5250	206.0000
608	-18.0375	207.0000
609	-18.3625	206.0000
610	-18.3625	207.0000
611	-18.0375	206.0000
612	-18.0375	206.0000
613	-18.0375	206.0000
614	-18.0375	206.0000
615	-18.0375	207.0000
616	-19.1750	206.0000
617	-18.0375	207.0000
618	-18.6875	206.0000
619	-18.0375	207.0000
620	-17.8750	206.0000
621	-18.3625	207.0000
622	-18.3625	206.0000
623	-17.8750	207.0000
624	-17.8750	205.0000
625	-17.7125	207.0000
626	-17.7125	206.0000
627	-17.3875	207.0000
628	-17.3875	206.0000
629	-17.5500	207.0000
630	-17.3875	207.0000
631	-17.5500	207.0000
632	-17.7125	206.0000
633	-17.5500	207.0000
634	-17.3875	206.0000
635	-17.7125	207.0000
636	-17.3875	206.0000
637	-17.8750	206.0000
638	-17.3875	206.0000
639	-17.2250	207.0000
640	-17.5500	207.0000
641	-17.5500	206.0000
642	-16.7375	207.0000
643	-17.3875	206.0000
644	-16.7375	207.0000
645	-17.2250	206.0000
646	-17.5500	207.0000
647	-16.5750	206.0000
648	-16.4125	207.0000
649	-17.3875	206.0000
650	-16.2500	207.0000
651	-16.2500	205.0000
652	-16.5750	207.0000
653	-16.4125	206.0000
654	-16.2500	207.0000
655	-16.2500	206.0000
656	-16.4125	207.0000
657	-17.5500	206.0000
658	-15.9250	207.0000
659	-15.7625	206.0000
660	-15.7625	207.0000
661	-16.0875	206.0000
662	-15.4375	207.0000
663	-15.4375	206.0000
664	-15.9250	207.0000
665	-15.2750	207.0000
666	-14.9500	206.0000
667	-14.7875	207.0000
668	-14.7875	206.0000
669	-14.7875	207.0000
670	-14.3000	206.0000
671	-13.9750	207.0000
672	-14.1375	206.0000
673	-13.3250	204.0000
674	-13.1625	206.0000
675	-12.5125	207.0000
676	-12.1875	208.0000
677	-11.7000	207.0000
678	-11.3750	206.0000
679	-10.8875	207.0000
680	-10.4000	206.0000
681	-9.7500	207.0000
682	-9.4250	206.0000
683	-8.6125	207.0000
684	-8.2875	206.0000
685	-7.4750	207.0000
686	-6.8250	206.0000
687	-6.0125	207.0000
688	-5.5250	206.0000
689	-5.2000	206.0000
690	-4.7125	206.0000
691	-3.4125	206.0000
692	-3.2500	207.0000
693	-1.9500	206.0000
694	-1.3000	207.0000
695	-0.4875	206.0000
696	0.3250	204.0000
697	1.1375	206.0000
698	2.1125	207.0000
699	2.6000	205.0000
700	3.7375	207.0000
701	4.5500	206.0000
702	6.0125	207.0000
703	6.8250	206.0000
704	8.1250	207.0000
705	9.1000	206.0000
706	10.2375	207.0000
707	10.8875	206.0000
708	12.3500	207.0000
709	13.6500	206.0000
710	14.4625	207.0000
711	15.6000	206.0000
712	15.9250	207.0000
713	18.3625	206.0000
714	19.5000	207.0000
715	20.6375	206.0000
716	21.9375	206.0000
717	23.2375	207.0000
718	24.5375	206.0000
719	25.8375	207.0000
720	27.1375	206.0000
721	28.4375	207.0000
722	29.7375	206.0000
723	31.3625	207.0000
724	32.8250	206.0000
725	34.1250	207.0000
726	35.5875	206.0000
727	37.0500	207.0000
728	38.3500	206.0000
729	39.9750	207.0000
730	41.2750	206.0000
731	42.9000	207.0000
732	44.3625	206.0000
733	45.5000	207.0000
734	47.1250	206.0000
735	48.9125	207.0000
736	49.8875	206.0000
737	51.8375	207.0000
738	53.6250	206.0000
739	55.5750	207.0000
740	57.2000	207.0000
741	58.6625	206.0000
742	60.4500	207.0000
743	62.4000	206.0000
744	63.7000	207.0000
745	65.4875	206.0000
746	67.2750	207.0000
747	69.0625	205.0000
748	70.3625	207.0000
749	72.3125	206.0000
750	74.2625	207.0000
751	75.8875	206.0000
752	77.5125	207.0000
753	78.9750	206.0000
754	81.2500	207.0000
755	83.0375	206.0000
756	84.0125	207.0000
757	84.8250	206.0000
758	87.7500	207.0000
759	89.5375	206.0000
760	91.3250	207.0000
761	92.3000	206.0000
762	94.9000	207.0000
763	96.8500	206.0000
764	98.8000	207.0000
765	100.9125	207.0000
766	102.7000	206.0000
767	104.6500	207.0000
768	106.4375	206.0000
769	108.7125	207.0000
770	110.3375	206.0000
771	112.1250	207.0000
772	113.9125	206.0000
773	115.3750	207.0000
774	117.0000	206.0000
775	118.1375	207.0000
776	118.4625	206.0000
777	118.9500	208.0000
778	121.8750	206.0000
779	122.6875	207.0000
780	124.3125	206.0000
781	125.1250	207.0000
782	125.9375	206.0000
783	126.7500	207.0000
784	126.2625	206.0000
785	128.2125	207.0000
786	128.3750	206.0000
787	127.7250	210.0000
788	129.8375	207.0000
789	130.1625	207.0000
790	130.6500	207.0000
791	131.1375	207.0000
792	131.3000	207.0000
793	131.3000	206.0000
794	131.7875	207.0000
795	131.6250	207.0000
796	131.9500	207.0000
797	131.9500	206.0000
798	132.1125	207.0000
799	131.4625	207.0000
800	131.9500	208.0000
801	131.7875	209.0000
802	131.1375	207.0000
803	130.8125	206.0000
804	131.1375	208.0000
805	130.9750	206.0000
806	130.3250	207.0000
807	129.3500	206.0000
808	129.6750	207.0000
809	129.5125	206.0000
810	128.5375	207.0000
811	128.8625	206.0000
812	128.0500	207.0000
813	127.4000	206.0000
814	126.9125	207.0000
815	126.5875	207.0000
816	125.7750	207.0000
817	125.1250	207.0000
818	123.8250	206.0000
819	123.5000	207.0000
820	122.8500	206.0000
821	121.3875	207.0000
822	120.4125	206.0000
823	120.0875	206.0000
824	119.1125	206.0000
825	117.6500	208.0000
826	116.5125	206.0000
827	116.6750	207.0000
828	116.0250	206.0000
829	115.2125	207.0000
830	113.5875	206.0000
831	113.4250	207.0000
832	112.4500	206.0000
833	110.9875	207.0000
834	110.3375	206.0000
835	109.3625	207.0000
836	108.7125	206.0000
837	107.0875	207.0000
838	105.9500	206.0000
839	104.9750	205.0000
840	104.0000	207.0000
841	102.2125	207.0000
842	101.5625	207.0000
843	100.1000	207.0000
844	99.2875	207.0000
845	97.5000	206.0000
846	96.8500	207.0000
847	95.5500	206.0000
848	93.2750	207.0000
849	92.3000	206.0000
850	91.8125	207.0000
851	90.6750	206.0000
852	89.0500	207.0000
853	86.9375	206.0000
854	86.2875	207.0000
855	85.3125	206.0000
856	83.3625	207.0000
857	82.2250	206.0000
858	81.0875	207.0000
859	79.9500	206.0000
860	78.3250	207.0000
861	77.0250	206.0000
862	75.7250	207.0000
863	74.1000	206.0000
864	71.5000	207.0000
865	71.3375	207.0000
866	69.7125	207.0000
867	68.5750	207.0000
868	65.4875	207.0000
869	65.1625	207.0000
870	63.7000	206.0000
871	62.2375	207.0000
872	60.7750	202.0000
873	59.1500	207.0000
874	57.5250	206.0000
875	55.9000	208.0000
876	54.2750	206.0000
877	50.7000	207.0000
878	51.6750	206.0000
879	50.0500	207.0000
880	48.5875	206.0000
881	47.1250	207.0000
882	45.3375	206.0000
883	43.7125	207.0000
884	42.2500	206.0000
885	40.6250	207.0000
886	39.0000	206.0000
887	37.3750	207.0000
888	35.7500	206.0000
889	34.1250	207.0000
890	32.5000	206.0000
891	31.0375	207.0000
892	29.4125	207.0000
893	27.9500	206.0000
894	26.3250	207.0000
895	24.7000	206.0000
896	22.9125	206.0000
897	21.6125	206.0000
898	20.3125	207.0000
899	18.8500	206.0000
900	17.3875	207.0000
901	16.0875	206.0000
902	13.6500	208.0000
903	13.9750	206.0000
904	13.3250	207.0000
905	12.5125	206.0000
906	12.0250	207.0000
907	11.5375	206.0000
908	11.0500	207.0000
909	10.7250	206.0000
910	9.7500	207.0000
911	9.5875	206.0000
912	9.5875	207.0000
913	9.1000	206.0000
914	7.6375	207.0000
915	8.6125	207.0000
916	8.4500	207.0000
917	8.1250	207.0000
918	7.8000	207.0000
919	7.6375	207.0000
920	7.8000	206.0000
921	7.8000	207.0000
922	6.3375	206.0000
923	7.4750	206.0000
924	7.4750	206.0000
925	6.8250	207.0000
926	5.6875	206.0000
927	7.1500	207.0000
928	6.8250	206.0000
929	5.5250	207.0000
930	6.5000	206.0000
931	6.8250	210.0000
932	6.6625	206.0000
933	5.6875	207.0000
934	6.5000	206.0000
935	5.6875	207.0000
936	6.1750	206.0000
937	6.0125	207.0000
938	6.0125	206.0000
939	6.0125	207.0000
940	6.3375	207.0000
941	5.5250	207.0000
942	5.6875	207.0000
943	5.0375	206.0000
944	2.6000	207.0000
945	2.6000	206.0000
946	5.5250	207.0000
947	5.5250	206.0000
948	5.2000	207.0000
949	5.5250	206.0000
950	5.2000	209.0000
951	5.2000	205.0000
952	5.0375	208.0000
953	5.3625	206.0000
954	4.8750	210.0000
955	5.0375	206.0000
956	4.8750	207.0000
957	5.2000	206.0000
958	5.2000	207.0000
959	4.7125	206.0000
960	4.7125	207.0000
961	4.0625	206.0000
962	3.9000	207.0000
963	4.0625	206.0000
964	3.7375	207.0000
965	3.4125	207.0000
966	3.9000	207.0000
967	4.2250	207.0000
968	4.3875	206.0000
969	4.7125	207.0000
970	4.3875	206.0000
971	4.7125	207.0000
972	4.2250	206.0000
973	4.7125	207.0000
974	3.9000	206.0000
975	4.7125	207.0000
976	4.8750	206.0000
977	4.8750	207.0000
978	4.5500	206.0000
979	4.7125	207.0000
980	4.5500	206.0000
981	4.5500	207.0000
982	4.7125	206.0000
983	4.2250	207.0000
984	4.3875	206.0000
985	4.7125	207.0000
986	4.5500	206.0000
987	3.9000	207.0000
988	4.3875	206.0000
989	4.3875	207.0000
990	3.7375	207.0000
991	3.7375	207.0000
992	4.5500	207.0000
993	4.3875	206.0000
994	4.3875	207.0000
995	4.5500	207.0000
996	3.7375	207.0000
997	4.5500	206.0000
998	4.7125	207.0000
999	4.3875	209.0000
1000	4.3875	207.0000
1001	4.3875	206.0000
1002	4.2250	208.0000
1003	4.3875	206.0000
1004	4.5500	207.0000
1005	3.7375	202.0000
1006	3.9000	207.0000
1007	4.3875	206.0000
1008	4.3875	207.0000
1009	3.7375	206.0000
1010	3.7375	207.0000
1011	4.0625	206.0000
1012	3.9000	207.0000
1013	3.9000	206.0000
1014	4.2250	207.0000
1015	3.9000	206.0000
1016	3.5750	207.0000
1017	3.9000	207.0000
1018	3.0875	207.0000
1019	3.5750	207.0000
1020	4.0625	206.0000
1021	4.0625	207.0000
1022	2.4375	206.0000
1023	4.2250	207.0000
#8328
0	2.2750	207.0000
1	2.2750	207.0000
2	3.5750	207.0000
3	3.5750	207.0000
4	-2.9250	207.0000
5	2.4375	207.0000
6	3.4125	206.0000
7	3.4125	207.0000
8	3.4125	206.0000
9	3.5750	207.0000
10	3.5750	206.0000
11	3.5750	207.0000
12	3.4125	206.0000
13	3.5750	207.0000
14	3.4125	206.0000
15	3.4125	207.0000
16	3.4125	206.0000
17	3.4125	207.0000
18	3.4125	206.0000
19	3.4125	207.0000
20	3.4125	206.0000
21	3.4125	207.0000
22	3.0875	206.0000
23	1.9500	206.0000
24	3.4125	207.0000
25	3.4125	207.0000
26	3.2500	207.0000
27	3.2500	207.0000
28	3.2500	207.0000
29	3.2500	206.0000
30	3.4125	208.0000
31	3.4125	206.0000
32	3.2500	208.0000
33	3.4125	206.0000
34	3.2500	207.0000
35	3.2500	206.0000
36	3.2500	207.0000
37	3.4125	206.0000
38	2.7625	207.0000
39	3.7375	206.0000
40	3.4125	207.0000
41	3.2500	206.0000
42	3.9000	207.0000
43	1.3000	206.0000
44	1.7875	207.0000
45	3.0875	206.0000
46	3.2500	207.0000
47	3.2500	207.0000
48	3.4125	207.0000
49	2.9250	206.0000
50	3.5750	207.0000
51	3.2500	207.0000
52	3.4125	207.0000
53	2.7625	207.0000
54	3.4125	206.0000
55	3.2500	207.0000
56	3.4125	206.0000
57	2.1125	207.0000
58	2.7625	206.0000
59	2.9250	208.0000
60	3.4125	206.0000
61	2.4375	207.0000
62	3.0875	206.0000
63	3.0875	207.0000
64	3.0875	206.0000
65	3.0875	207.0000
66	3.2500	206.0000
67	2.7625	207.0000
68	3.0875	206.0000
69	2.7625	207.0000
70	2.9250	206.0000
71	3.0875	207.0000
72	3.0875	206.0000
73	3.0875	207.0000
74	3.0875	206.0000
75	3.0875	207.0000
76	2.7625	207.0000
77	3.0875	207.0000
78	2.9250	207.0000
79	3.0875	206.0000
80	2.9250	207.0000
81	2.9250	206.0000
82	3.0875	207.0000
83	2.9250	206.0000
84	1.6250	207.0000
85	2.7625	206.0000
86	2.7625	208.0000
87	2.1125	206.0000
88	2.4375	207.0000
89	2.7625	206.0000
90	2.6000	207.0000
91	2.9250	206.0000
92	2.2750	207.0000
93	2.4375	206.0000
94	2.4375	207.0000
95	2.4375	206.0000
96	2.2750	207.0000
97	1.6250	206.0000
98	2.4375	207.0000
99	0.3250	206.0000
100	1.9500	207.0000
101	2.1125	207.0000
102	2.2750	207.0000
103	0.9750	207.0000
104	0.9750	206.0000
105	0.8125	210.0000
106	2.1125	206.0000
107	1.9500	207.0000
108	1.7875	206.0000
109	1.1375	207.0000
110	1.7875	206.0000
111	1.1375	207.0000
112	0.6500	206.0000
113	1.6250	207.0000
114	1.6250	206.0000
115	0.6500	207.0000
116	1.4625	206.0000
117	1.1375	207.0000
118	1.4625	207.0000
119	0.9750	207.0000
120	1.3000	206.0000
121	1.6250	207.0000
122	0.6500	207.0000
123	1.1375	207.0000
124	1.1375	207.0000
125	1.3000	207.0000
126	1.1375	207.0000
127	-0.1625	207.0000
128	0.8125	207.0000
129	0.9750	206.0000
130	0.1625	207.0000
131	0.1625	204.0000
132	0.4875	207.0000
133	0.3250	206.0000
134	-0.3250	209.0000
135	0.6500	206.0000
136	0.4875	207.0000
137	-0.1625	206.0000
138	-0.4875	207.0000
139	0.3250	206.0000
140	0.3250	207.0000
141	0.3250	206.0000
142	-1.4625	207.0000
143	0.3250	206.0000
144	0.0000	207.0000
145	-0.4875	207.0000
146	-0.1625	207.0000
147	0.0000	206.0000
148	-0.1625	207.0000
149	-0.3250	207.0000
150	-0.4875	207.0000
151	-0.4875	207.0000
152	-0.4875	207.0000
153	-0.8125	207.0000
154	-0.8125	206.0000
155	-1.1375	207.0000
156	-1.1375	206.0000
157	-1.4625	207.0000
158	-2.1125	206.0000
159	-2.2750	207.0000
160	-2.6000	206.0000
161	-2.9250	207.0000
162	-3.2500	206.0000
163	-3.5750	207.0000
164	-3.9000	206.0000
165	-4.5500	207.0000
166	-5.2000	206.0000
167	-5.3625	207.0000
168	-6.0125	206.0000
169	-6.3375	207.0000
170	-7.4750	206.0000
171	-7.8000	207.0000
172	-8.9375	206.0000
173	-8.7750	207.0000
174	-9.2625	206.0000
175	-9.9125	207.0000
176	-10.7250	207.0000
177	-11.3750	207.0000
178	-12.1875	207.0000
179	-12.3500	206.0000
180	-13.6500	207.0000
181	-14.7875	206.0000
182	-15.2750	207.0000
183	-15.9250	206.0000
184	-17.7125	207.0000
185	-17.5500	206.0000
186	-18.6875	208.0000
187	-19.5000	206.0000
188	-20.8000	207.0000
189	-21.6125	206.0000
190	-22.5875	207.0000
191	-23.4000	206.0000
192	-25.6750	207.0000
193	-26.0000	206.0000
194	-27.6250	207.0000
195	-27.6250	206.0000
196	-29.2500	207.0000
197	-29.7375	207.0000
198	-31.0375	207.0000
199	-32.6625	206.0000
200	-33.6375	207.0000
201	-34.6125	207.0000
202	-36.2375	207.0000
203	-38.0250	207.0000
204	-38.5125	207.0000
205	-39.6500	207.0000
206	-41.4375	206.0000
207	-43.3875	207.0000
208	-44.5250	206.0000
209	-45.3375	207.0000
210	-46.3125	206.0000
211	-48.2625	207.0000
212	-49.0750	206.0000
213	-50.8625	207.0000
214	-52.0000	206.0000
215	-53.7875	207.0000
216	-54.9250	206.0000
217	-56.3875	207.0000
218	-57.8500	206.0000
219	-59.4750	210.0000
220	-60.9375	206.0000
221	-62.8875	207.0000
222	-64.3500	206.0000
223	-65.9750	207.0000
224	-67.1125	206.0000
225	-68.7375	207.0000
226	-70.0375	207.0000
227	-71.6625	207.0000
228	-73.2875	207.0000
229	-74.9125	206.0000
230	-76.7000	207.0000
231	-78.3250	206.0000
232	-79.7875	207.0000
233	-81.7375	206.0000
234	-83.6875	208.0000
235	-84.8250	205.0000
236	-86.4500	207.0000
237	-88.2375	205.0000
238	-90.8375	207.0000
239	-101.8875	206.0000
240	-93.4375	207.0000
241	-95.0625	206.0000
242	-97.0125	207.0000
243	-98.4750	206.0000
244	-100.2625	207.0000
245	-102.2125	206.0000
246	-103.8375	207.0000
247	-105.9500	206.0000
248	-108.0625	207.0000
249	-109.2000	206.0000
250	-111.9625	207.0000
251	-114.2375	207.0000
252	-114.7250	207.0000
253	-116.6750	207.0000
254	-120.0875	206.0000
255	-119.9250	207.0000
256	-122.8500	206.0000
257	-125.1250	207.0000
258	-125.9375	206.0000
259	-128.3750	207.0000
260	-129.6750	206.0000
261	-131.1375	208.0000
262	-132.6000	206.0000
263	-134.0625	207.0000
264	-135.3625	206.0000
265	-136.5000	207.0000
266	-137.8000	206.0000
267	-138.9375	207.0000
268	-140.0750	206.0000
269	-140.8875	207.0000
270	-141.8625	206.0000
271	-142.5125	207.0000
272	-143.4875	207.0000
273	-144.1375	207.0000
274	-144.3000	207.0000
275	-144.9500	207.0000
276	-145.6000	207.0000
277	-146.0875	207.0000
278	-146.2500	207.0000
279	-146.7375	206.0000
280	-146.9000	207.0000
281	-147.0625	206.0000
282	-147.3875	207.0000
283	-147.3875	206.0000
284	-147.5500	207.0000
285	-147.5500	208.0000
286	-147.5500	207.0000
287	-147.3875	206.0000
288	-147.3875	208.0000
289	-147.2250	206.0000
290	-146.9000	207.0000
291	-146.9000	206.0000
292	-146.5750	208.0000
293	-146.2500	205.0000
294	-145.9250	207.0000
295	-145.6000	206.0000
296	-145.2750	206.0000
297	-144.7875	206.0000
298	-143.8125	207.0000
299	-143.4875	207.0000
300	-142.8375	207.0000
301	-142.1875	207.0000
302	-141.8625	207.0000
303	-141.2125	207.0000
304	-140.7250	207.0000
305	-139.9125	207.0000
306	-139.4250	206.0000
307	-138.6125	207.0000
308	-137.8000	206.0000
309	-137.3125	207.0000
310	-136.1750	206.0000
311	-135.3625	208.0000
312	-134.7125	206.0000
313	-133.9000	208.0000
314	-133.2500	208.0000
315	-131.9500	207.0000
316	-131.1375	206.0000
317	-130.1625	207.0000
318	-129.1875	206.0000
319	-128.2125	207.0000
320	-127.4000	206.0000
321	-126.4250	207.0000
322	-125.2875	206.0000
323	-124.4750	207.0000
324	-123.8250	207.0000
325	-122.8500	207.0000
326	-121.5500	207.0000
327	-120.5750	207.0000
328	-119.2750	207.0000
329	-118.3000	207.0000
330	-117.1625	207.0000
331	-115.7000	206.0000
332	-114.5625	207.0000
333	-113.4250	206.0000
334	-112.1250	207.0000
335	-110.8250	207.0000
336	-109.5250	207.0000
337	-108.8750	206.0000
338	-107.4125	207.0000
339	-106.2750	206.0000
340	-104.6500	207.0000
341	-103.1875	206.0000
342	-103.0250	207.0000
343	-101.4000	206.0000
344	-99.9375	207.0000
345	-98.8000	206.0000
346	-97.1750	207.0000
347	-95.2250	207.0000
348	-93.9250	207.0000
349	-92.4625	207.0000
350	-91.6500	207.0000
351	-89.5375	207.0000
352	-88.4000	207.0000
353	-87.5875	207.0000
354	-85.3125	207.0000
355	-83.8500	207.0000
356	-82.7125	206.0000
357	-81.4125	207.0000
358	-79.7875	206.0000
359	-78.0000	208.0000
360	-76.7000	206.0000
361	-75.0750	208.0000
362	-73.7750	206.0000
363	-71.6625	207.0000
364	-70.3625	206.0000
365	-69.2250	207.0000
366	-67.4375	206.0000
367	-65.6500	207.0000
368	-65.1625	206.0000
369	-62.8875	207.0000
370	-61.4250	206.0000
371	-59.4750	207.0000
372	-58.0125	208.0000
373	-56.3875	207.0000
374	-55.2500	206.0000
375	-53.3000	207.0000
376	-52.0000	207.0000
377	-50.2125	207.0000
378	-48.7500	207.0000
379	-46.6375	206.0000
380	-45.9875	207.0000
381	-43.7125	206.0000
382	-42.2500	207.0000
383	-40.7875	206.0000
384	-39.4875	207.0000
385	-37.8625	206.0000
386	-36.2375	208.0000
387	-34.9375	206.0000
388	-33.3125	207.0000
389	-32.1750	206.0000
390	-31.0375	207.0000
391	-30.5500	206.0000
392	-29.2500	207.0000
393	-28.4375	206.0000
394	-27.9500	207.0000
395	-27.7875	206.0000
396	-27.1375	207.0000
397	-26.6500	206.0000
398	-26.3250	207.0000
399	-26.1625	207.0000
400	-25.8375	207.0000
401	-25.5125	207.0000
402	-25.0250	207.0000
403	-25.3500	207.0000
404	-24.5375	207.0000
405	-24.3750	207.0000
406	-24.7000	206.0000
407	-24.2125	207.0000
408	-23.8875	206.0000
409	-23.7250	208.0000
410	-23.5625	206.0000
411	-23.5625	207.0000
412	-23.4000	206.0000
413	-23.2375	207.0000
414	-23.5625	206.0000
415	-22.9125	207.0000
416	-23.0750	206.0000
417	-22.9125	207.0000
418	-22.5875	206.0000
419	-22.7500	207.0000
420	-22.7500	208.0000
421	-22.5875	207.0000
422	-23.2375	207.0000
423	-22.9125	207.0000
424	-23.0750	207.0000
425	-22.4250	207.0000
426	-23.0750	207.0000
427	-22.1000	207.0000
428	-21.9375	207.0000
429	-21.9375	206.0000
430	-22.7500	207.0000
431	-21.9375	206.0000
432	-21.7750	208.0000
433	-21.7750	206.0000
434	-21.6125	207.0000
435	-21.6125	206.0000
436	-21.6125	207.0000
437	-21.6125	206.0000
438	-21.6125	211.0000
439	-21.4500	206.0000
440	-21.4500	207.0000
441	-21.4500	206.0000
442	-21.4500	207.0000
443	-21.2875	206.0000
444	-21.2875	207.0000
445	-21.2875	206.0000
446	-21.1250	208.0000
447	-21.1250	206.0000
448	-21.2875	207.0000
449	-21.4500	206.0000
450	-21.1250	207.0000
451	-21.1250	207.0000
452	-21.2875	207.0000
453	-20.9625	207.0000
454	-20.9625	206.0000
455	-21.1250	207.0000
456	-21.1250	204.0000
457	-21.9375	207.0000
458	-20.9625	206.0000
459	-20.8000	207.0000
460	-20.9625	206.0000
461	-21.1250	207.0000
462	-20.9625	206.0000
463	-21.2875	208.0000
464	-21.1250	206.0000
465	-20.8000	207.0000
466	-21.2875	206.0000
467	-20.4750	207.0000
468	-20.6375	206.0000
469	-21.4500	207.0000
470	-20.6375	206.0000
471	-20.6375	207.0000
472	-20.4750	206.0000
473	-20.4750	207.0000
474	-21.2875	207.0000
475	-22.1000	207.0000
476	-20.4750	207.0000
477	-20.3125	207.0000
478	-20.1500	207.0000
479	-20.3125	206.0000
480	-20.8000	207.0000
481	-20.3125	206.0000
482	-20.1500	207.0000
483	-20.3125	206.0000
484	-20.3125	207.0000
485	-20.3125	206.0000
486	-20.4750	208.0000
487	-20.1500	206.0000
488	-20.8000	207.0000
489	-21.2875	206.0000
490	-20.8000	207.0000
491	-21.4500	206.0000
492	-20.1500	207.0000
493	-20.1500	206.0000
494	-20.3125	207.0000
495	-20.9625	206.0000
496	-20.3125	207.0000
497	-20.4750	206.0000
498	-20.4750	207.0000
499	-20.4750	207.0000
500	-19.9875	207.0000
501	-20.8000	207.0000
502	-20.3125	207.0000
503	-19.9875	207.0000
504	-20.8000	207.0000
505	-20.4750	207.0000
506	-20.1500	207.0000
507	-20.3125	207.0000
508	-20.1500	206.0000
509	-20.4750	208.0000
510	-20.1500	206.0000
511	-20.8000	208.0000
512	-19.9875	206.0000
513	-19.8250	208.0000
514	-19.8250	206.0000
515	-19.9875	208.0000
516	-19.6625	206.0000
517	-20.4750	207.0000
518	-20.6375	206.0000
519	-20.4750	207.0000
520	-19.8250	206.0000
521	-19.8250	207.0000
522	-20.4750	206.0000
523	-20.3125	207.0000
524	-21.1250	207.0000
525	-19.9875	207.0000
526	-19.9875	208.0000
527	-20.1500	207.0000
528	-19.8250	207.0000
529	-19.6625	207.0000
530	-19.5000	207.0000
531	-19.5000	206.0000
532	-19.6625	207.0000
533	-19.5000	206.0000
534	-20.8000	207.0000
535	-19.6625	206.0000
536	-19.8250	208.0000
537	-21.4500	206.0000
538	-19.8250	207.0000
539	-19.5000	202.0000
540	-19.6625	207.0000
541	-19.3375	206.0000
542	-19.8250	207.0000
543	-19.6625	206.0000
544	-19.9875	207.0000
545	-19.8250	206.0000
546	-19.5000	207.0000
547	-19.8250	206.0000
548	-20.4750	207.0000
549	-20.8000	206.0000
550	-19.6625	207.0000
551	-19.6625	207.0000
552	-19.3375	207.0000
553	-19.8250	207.0000
554	-19.3375	207.0000
555	-19.3375	207.0000
556	-19.5000	206.0000
557	-19.8250	207.0000
558	-19.5000	206.0000
559	-19.5000	207.0000
560	-19.6625	206.0000
561	-19.5000	207.0000
562	-19.3375	206.0000
563	-19.1750	207.0000
564	-19.1750	206.0000
565	-19.9875	208.0000
566	-19.3375	207.0000
567	-19.3375	207.0000
568	-19.6625	206.0000
569	-19.3375	207.0000
570	-19.3375	206.0000
571	-19.3375	207.0000
572	-19.3375	206.0000
573	-19.5000	207.0000
574	-19.3375	206.0000
575	-19.3375	207.0000
576	-19.5000	207.0000
577	-19.1750	207.0000
578	-18.8500	207.0000
579	-19.0125	207.0000
580	-19.5000	207.0000
581	-18.8500	207.0000
582	-18.8500	207.0000
583	-19.3375	206.0000
584	-19.0125	207.0000
585	-18.8500	206.0000
586	-19.0125	208.0000
587	-19.1750	206.0000
588	-19.0125	207.0000
589	-18.6875	206.0000
590	-18.8500	208.0000
591	-18.8500	206.0000
592	-18.8500	207.0000
593	-18.5250	206.0000
594	-19.6625	207.0000
595	-18.6875	206.0000
596	-18.3625	207.0000
597	-18.3625	207.0000
598	-19.3375	207.0000
599	-18.6875	206.0000
600	-18.5250	207.0000
601	-18.3625	207.0000
602	-18.8500	207.0000
603	-18.3625	207.0000
604	-18.3625	206.0000
605	-18.3625	207.0000
606	-18.8500	206.0000
607	-18.2000	207.0000
608	-18.3625	206.0000
609	-18.5250	207.0000
610	-18.0375	204.0000
611	-19.1750	207.0000
612	-18.3625	206.0000
613	-18.3625	207.0000
614	-18.5250	206.0000
615	-18.5250	207.0000
616	-18.0375	206.0000
617	-18.0375	207.0000
618	-17.8750	206.0000
619	-18.3625	207.0000
620	-17.8750	206.0000
621	-18.0375	207.0000
622	-18.0375	206.0000
623	-18.2000	207.0000
624	-17.8750	204.0000
625	-18.2000	207.0000
626	-18.0375	207.0000
627	-18.5250	206.0000
628	-17.7125	207.0000
629	-17.7125	206.0000
630	-17.7125	204.0000
631	-17.5500	206.0000
632	-17.3875	207.0000
633	-17.2250	206.0000
634	-18.0375	207.0000
635	-17.3875	206.0000
636	-17.7125	207.0000
637	-17.7125	206.0000
638	-17.2250	207.0000
639	-17.0625	206.0000
640	-17.0625	207.0000
641	-17.0625	206.0000
642	-17.2250	207.0000
643	-17.7125	206.0000
644	-19.9875	207.0000
645	-19.1750	206.0000
646	-19.6625	207.0000
647	-17.7125	206.0000
648	-18.5250	207.0000
649	-17.7125	207.0000
650	-18.0375	204.0000
651	-17.7125	207.0000
652	-17.0625	207.0000
653	-16.7375	207.0000
654	-16.4125	207.0000
655	-16.0875	207.0000
656	-16.4125	206.0000
657	-17.0625	207.0000
658	-15.7625	206.0000
659	-15.9250	207.0000
660	-17.7125	206.0000
661	-15.6000	208.0000
662	-15.4375	206.0000
663	-15.6000	208.0000
664	-15.9250	206.0000
665	-15.7625	207.0000
666	-15.7625	206.0000
667	-14.9500	207.0000
668	-16.2500	206.0000
669	-14.7875	207.0000
670	-14.3000	206.0000
671	-13.9750	207.0000
672	-13.8125	206.0000
673	-14.6250	207.0000
674	-12.8375	207.0000
675	-12.8375	207.0000
676	-12.0250	207.0000
677	-12.0250	207.0000
678	-11.3750	207.0000
679	-11.0500	207.0000
680	-10.5625	206.0000
681	-10.2375	206.0000
682	-9.2625	207.0000
683	-9.4250	205.0000
684	-8.1250	208.0000
685	-8.1250	206.0000
686	-7.1500	207.0000
687	-6.3375	206.0000
688	-6.6625	207.0000
689	-5.8500	206.0000
690	-4.3875	207.0000
691	-3.5750	206.0000
692	-2.6000	207.0000
693	-1.7875	206.0000
694	-1.1375	207.0000
695	-0.6500	206.0000
696	0.4875	207.0000
697	1.4625	207.0000
698	1.4625	206.0000
699	3.0875	207.0000
700	3.7375	207.0000
701	5.0375	207.0000
702	5.8500	207.0000
703	6.3375	207.0000
704	8.1250	207.0000
705	8.9375	207.0000
706	8.7750	206.0000
707	10.7250	207.0000
708	12.3500	206.0000
709	13.6500	208.0000
710	14.3000	206.0000
711	15.7625	208.0000
712	16.5750	206.0000
713	18.3625	207.0000
714	18.3625	206.0000
715	20.8000	208.0000
716	21.9375	206.0000
717	23.2375	207.0000
718	24.3750	206.0000
719	25.3500	207.0000
720	26.8125	206.0000
721	27.4625	207.0000
722	29.9000	207.0000
723	31.0375	207.0000
724	32.5000	207.0000
725	33.6375	207.0000
726	35.4250	207.0000
727	37.0500	207.0000
728	38.5125	207.0000
729	39.4875	207.0000
730	41.7625	207.0000
731	43.2250	206.0000
732	44.6875	208.0000
733	46.1500	207.0000
734	47.9375	207.0000
735	48.9125	206.0000
736	50.8625	211.0000
737	51.6750	206.0000
738	53.9500	208.0000
739	55.4125	206.0000
740	57.3625	207.0000
741	58.0125	206.0000
742	60.7750	207.0000
743	62.0750	206.0000
744	63.3750	207.0000
745	65.4875	206.0000
746	67.2750	207.0000
747	68.9000	207.0000
748	70.2000	207.0000
749	71.8250	207.0000
750	73.9375	207.0000
751	75.8875	207.0000
752	77.1875	207.0000
753	79.3000	207.0000
754	80.9250	207.0000
755	82.7125	208.0000
756	84.3375	207.0000
757	86.4500	208.0000
758	88.0750	206.0000
759	89.8625	208.0000
760	91.4875	206.0000
761	93.7625	208.0000
762	95.0625	206.0000
763	97.0125	208.0000
764	97.5000	206.0000
765	100.9125	208.0000
766	102.2125	207.0000
767	103.5125	208.0000
768	104.9750	206.0000
769	107.7375	208.0000
770	110.3375	207.0000
771	111.8000	207.0000
772	113.4250	207.0000
773	113.7500	207.0000
774	116.6750	207.0000
775	117.8125	207.0000
776	119.4375	207.0000
777	120.9000	207.0000
778	122.0375	207.0000
779	123.0125	207.0000
780	123.9875	208.0000
781	125.1250	207.0000
782	125.9375	208.0000
783	126.4250	206.0000
784	127.4000	208.0000
785	128.3750	206.0000
786	129.0250	208.0000
787	129.1875	206.0000
788	129.8375	208.0000
789	129.6750	207.0000
790	130.3250	207.0000
791	129.8375	206.0000
792	131.3000	208.0000
793	131.4625	207.0000
794	131.4625	208.0000
795	130.8125	207.0000
796	131.9500	207.0000
797	131.9500	210.0000
798	131.1375	207.0000
799	131.4625	207.0000
800	131.1375	207.0000
801	130.6500	207.0000
802	131.1375	207.0000
803	131.1375	207.0000
804	130.4875	207.0000
805	130.4875	208.0000
806	129.8375	207.0000
807	130.0000	208.0000
808	129.6750	207.0000
809	128.0500	208.0000
810	128.2125	206.0000
811	128.5375	208.0000
812	128.0500	206.0000
813	127.5625	208.0000
814	126.4250	206.0000
815	126.2625	208.0000
816	125.2875	207.0000
817	125.2875	208.0000
818	123.0125	207.0000
819	123.6625	208.0000
820	123.1750	207.0000
821	122.2000	208.0000
822	120.9000	207.0000
823	120.4125	207.0000
824	119.7625	207.0000
825	118.9500	207.0000
826	117.9750	207.0000
827	117.4875	207.0000
828	116.5125	207.0000
829	114.4000	207.0000
830	114.4000	207.0000
831	113.5875	206.0000
832	112.6125	208.0000
833	111.6375	207.0000
834	110.0125	208.0000
835	109.5250	206.0000
836	108.3875	208.0000
837	106.4375	207.0000
838	105.9500	208.0000
839	104.8125	206.0000
840	103.8375	208.0000
841	102.5375	206.0000
842	101.5625	208.0000
843	100.4250	207.0000
844	98.8000	208.0000
845	97.8250	207.0000
846	96.8500	208.0000
847	95.5500	207.0000
848	94.0875	207.0000
849	92.7875	207.0000
850	91.6500	207.0000
851	90.5125	207.0000
852	89.0500	207.0000
853	87.9125	207.0000
854	86.2875	207.0000
855	85.3125	207.0000
856	83.8500	207.0000
857	82.7125	208.0000
858	81.0875	207.0000
859	79.3000	208.0000
860	77.8375	206.0000
861	77.1875	208.0000
862	75.5625	207.0000
863	74.1000	208.0000
864	72.3125	206.0000
865	71.0125	207.0000
866	69.5500	206.0000
867	67.6000	208.0000
868	66.4625	206.0000
869	65.3250	207.0000
870	62.7250	207.0000
871	62.2375	207.0000
872	60.4500	207.0000
873	59.1500	207.0000
874	57.8500	207.0000
875	55.7375	207.0000
876	54.6000	207.0000
877	52.9750	207.0000
878	51.3500	207.0000
879	49.5625	209.0000
880	47.9375	207.0000
881	46.6375	207.0000
882	45.1750	207.0000
883	43.0625	207.0000
884	41.6000	208.0000
885	39.6500	206.0000
886	38.8375	208.0000
887	37.2125	206.0000
888	35.5875	208.0000
889	33.9625	206.0000
890	32.1750	208.0000
891	30.5500	206.0000
892	29.0875	207.0000
893	27.6250	206.0000
894	26.0000	210.0000
895	23.4000	207.0000
896	22.9125	207.0000
897	21.1250	206.0000
898	18.5250	207.0000
899	18.6875	207.0000
900	17.3875	207.0000
901	15.7625	207.0000
902	14.6250	207.0000
903	13.9750	207.0000
904	13.3250	207.0000
905	12.5125	207.0000
906	10.7250	206.0000
907	11.2125	207.0000
908	11.0500	206.0000
909	10.2375	208.0000
910	9.5875	206.0000
911	9.7500	208.0000
912	9.4250	206.0000
913	8.9375	208.0000
914	8.6125	206.0000
915	8.7750	208.0000
916	8.4500	206.0000
917	8.1250	208.0000
918	7.9625	206.0000
919	8.1250	207.0000
920	7.9625	206.0000
921	7.8000	207.0000
922	7.6375	207.0000
923	7.6375	207.0000
924	6.6625	207.0000
925	7.3125	207.0000
926	5.3625	207.0000
927	6.8250	207.0000
928	6.8250	207.0000
929	6.5000	207.0000
930	6.8250	207.0000
931	6.6625	206.0000
932	6.6625	207.0000
933	6.6625	206.0000
934	6.3375	208.0000
935	6.6625	206.0000
936	6.3375	208.0000
937	4.8750	206.0000
938	5.6875	207.0000
939	6.3375	206.0000
940	6.1750	207.0000
941	6.0125	206.0000
942	6.0125	207.0000
943	5.8500	206.0000
944	5.3625	207.0000
945	6.0125	206.0000
946	5.6875	207.0000
947	5.8500	207.0000
948	5.8500	207.0000
949	5.6875	207.0000
950	5.6875	207.0000
951	5.6875	207.0000
952	4.8750	207.0000
953	5.6875	207.0000
954	5.6875	207.0000
955	5.5250	207.0000
956	5.2000	206.0000
957	5.3625	207.0000
958	5.3625	206.0000
959	4.8750	208.0000
960	5.2000	206.0000
961	5.2000	208.0000
962	5.3625	206.0000
963	4.8750	208.0000
964	4.7125	206.0000
965	4.7125	208.0000
966	4.7125	206.0000
967	4.0625	208.0000
968	4.7125	206.0000
969	4.3875	207.0000
970	4.7125	207.0000
971	4.7125	207.0000
972	5.0375	207.0000
973	5.0375	207.0000
974	4.8750	207.0000
975	4.7125	207.0000
976	4.8750	207.0000
977	4.8750	207.0000
978	4.7125	207.0000
979	4.8750	207.0000
980	4.8750	207.0000
981	4.5500	206.0000
982	4.5500	208.0000
983	4.7125	206.0000
984	4.7125	208.0000
985	4.7125	206.0000
986	4.5500	208.0000
987	4.2250	204.0000
988	3.5750	207.0000
989	4.5500	206.0000
990	4.0625	207.0000
991	3.5750	206.0000
992	4.2250	207.0000
993	4.3875	206.0000
994	4.2250	207.0000
995	3.4125	207.0000
996	3.9000	207.0000
997	4.0625	207.0000
998	3.7375	207.0000
999	4.2250	207.0000
1000	3.9000	207.0000
1001	4.2250	207.0000
1002	3.9000	207.0000
1003	3.7375	207.0000
1004	3.4125	206.0000
1005	4.2250	207.0000
1006	2.7625	206.0000
1007	3.7375	207.0000
1008	4.2250	206.0000
1009	4.0625	207.0000
1010	3.7375	206.0000
1011	3.9000	208.0000
1012	4.2250	206.0000
1013	3.9000	208.0000
1014	4.2250	206.0000
1015	4.2250	208.0000
1016	4.2250	206.0000
1017	4.2250	207.0000
1018	3.9000	206.0000
1019	4.0625	207.0000
1020	4.0625	206.0000
1021	3.9000	207.0000
1022	3.5750	207.0000
1023	4.0625	207.0000
#8328
