# Jueves 16 de febrero de 2018
# Medida Efecto Kerr Magneto óptico
# Muestra Andreas - 2
# Polarizadores LPVI050 ThorLabs
# Láser polarizado 500 mWatts
# Photodiodo vtb 6061
# ángulo de reflexión aproximado 45°
# eje del polarizador en S (64°)
# eje de extinción del analizador 95°
# intensidad en la extinción 175 mV 
# intensidad en 92°: 1300 mV
# delay 0 ms
# ángulo azimutal 0°
#	99.61	1314.76
#	0.49	1319.65
#	-0.33	1314.76
#	0.33	1319.65
#	0.33	1309.87
#	0.49	1319.65
#	-1.30	1314.76
#	0.49	1319.65
#	-0.16	1309.87
#	0.33	1314.76
#	-0.16	1314.76
#	0.49	1314.76
#	-0.65	1319.65
#	0.00	1314.76
#	0.16	1319.65
#	0.16	1309.87
#	0.16	1319.65
#	0.16	1309.87
#	-0.33	1319.65
#	-0.49	1314.76
0	0.3250	270.0000
1	-0.4875	268.0000
2	0.1625	270.0000
3	0.3250	268.0000
4	0.3250	270.0000
5	-0.6500	269.0000
6	0.4875	269.0000
7	0.6500	269.0000
8	-0.4875	268.0000
9	0.3250	269.0000
10	0.4875	270.0000
11	0.4875	269.0000
12	0.3250	269.0000
13	0.1625	270.0000
14	0.1625	269.0000
15	0.4875	270.0000
16	0.4875	268.0000
17	-0.3250	270.0000
18	-0.1625	268.0000
19	0.3250	270.0000
20	-1.6250	268.0000
21	0.1625	270.0000
22	0.0000	268.0000
23	0.3250	270.0000
24	0.4875	268.0000
25	0.0000	270.0000
26	0.4875	268.0000
27	0.3250	270.0000
28	0.3250	269.0000
29	0.4875	270.0000
30	0.3250	269.0000
31	0.1625	269.0000
32	0.1625	269.0000
33	0.4875	269.0000
34	-1.9500	269.0000
35	-0.1625	269.0000
36	-1.4625	270.0000
37	-0.1625	268.0000
38	-0.1625	270.0000
39	-0.4875	269.0000
40	-0.3250	270.0000
41	-0.4875	268.0000
42	-0.3250	273.0000
43	-0.4875	268.0000
44	-0.3250	270.0000
45	-0.3250	268.0000
46	-0.3250	270.0000
47	-0.3250	268.0000
48	-0.4875	270.0000
49	-0.3250	268.0000
50	-0.3250	270.0000
51	-0.4875	269.0000
52	-0.4875	270.0000
53	-0.4875	269.0000
54	-0.4875	270.0000
55	-0.4875	269.0000
56	-0.4875	269.0000
57	-0.4875	269.0000
58	-0.4875	269.0000
59	-0.4875	269.0000
60	-0.4875	269.0000
61	-0.3250	269.0000
62	-0.6500	268.0000
63	-0.6500	270.0000
64	-0.6500	268.0000
65	-0.4875	269.0000
66	-0.6500	268.0000
67	-0.8125	270.0000
68	-0.4875	268.0000
69	-0.4875	273.0000
70	-0.6500	268.0000
71	-0.8125	270.0000
72	-0.6500	268.0000
73	-0.1625	270.0000
74	-0.1625	268.0000
75	-0.3250	270.0000
76	-0.1625	268.0000
77	-1.9500	270.0000
78	0.0000	269.0000
79	-0.4875	270.0000
80	-0.6500	269.0000
81	-1.7875	270.0000
82	-0.3250	269.0000
83	-0.3250	269.0000
84	-0.9750	269.0000
85	-0.6500	268.0000
86	-0.4875	270.0000
87	-0.6500	268.0000
88	-0.6500	270.0000
89	-0.6500	268.0000
90	-0.6500	270.0000
91	-0.9750	268.0000
92	-1.4625	270.0000
93	-0.9750	268.0000
94	-0.8125	269.0000
95	-0.8125	268.0000
96	-1.1375	270.0000
97	-0.6500	268.0000
98	-0.8125	270.0000
99	-1.1375	268.0000
100	-1.3000	270.0000
101	-0.6500	268.0000
102	-0.9750	270.0000
103	-1.1375	269.0000
104	-1.1375	269.0000
105	-2.6000	269.0000
106	-1.4625	270.0000
107	-1.1375	269.0000
108	-1.3000	269.0000
109	-1.3000	269.0000
110	-1.1375	269.0000
111	-1.1375	269.0000
112	-1.4625	268.0000
113	-1.1375	270.0000
114	-1.3000	268.0000
115	-1.1375	271.0000
116	-1.4625	268.0000
117	-1.3000	269.0000
118	-1.6250	268.0000
119	-1.3000	266.0000
120	-1.6250	268.0000
121	-1.6250	270.0000
122	-1.6250	268.0000
123	-1.6250	270.0000
124	-1.6250	268.0000
125	-1.7875	270.0000
126	-1.7875	269.0000
127	-1.7875	270.0000
128	-1.9500	269.0000
129	-1.7875	270.0000
130	-1.9500	269.0000
131	-2.1125	269.0000
132	-1.9500	269.0000
133	-1.9500	269.0000
134	-1.7875	269.0000
135	-2.1125	269.0000
136	-2.1125	269.0000
137	-2.1125	269.0000
138	-2.2750	269.0000
139	-2.2750	268.0000
140	-2.2750	270.0000
141	-2.2750	268.0000
142	-2.4375	270.0000
143	-2.6000	268.0000
144	-2.6000	270.0000
145	-2.9250	268.0000
146	-2.9250	270.0000
147	-2.7625	268.0000
148	-3.0875	270.0000
149	-3.0875	268.0000
150	-3.0875	270.0000
151	-3.2500	268.0000
152	-3.2500	270.0000
153	-3.5750	269.0000
154	-4.0625	269.0000
155	-4.0625	269.0000
156	-4.2250	269.0000
157	-4.3875	269.0000
158	-4.5500	269.0000
159	-4.7125	269.0000
160	-5.8500	269.0000
161	-6.3375	270.0000
162	-6.5000	268.0000
163	-6.5000	270.0000
164	-6.8250	268.0000
165	-7.4750	270.0000
166	-7.4750	268.0000
167	-7.9625	270.0000
168	-8.6125	268.0000
169	-8.6125	270.0000
170	-9.1000	268.0000
171	-9.5875	270.0000
172	-10.2375	268.0000
173	-10.7250	270.0000
174	-11.8625	269.0000
175	-12.0250	270.0000
176	-12.6750	269.0000
177	-13.9750	270.0000
178	-13.9750	269.0000
179	-15.4375	269.0000
180	-15.6000	269.0000
181	-16.7375	269.0000
182	-17.0625	269.0000
183	-17.7125	269.0000
184	-18.8500	269.0000
185	-20.9625	268.0000
186	-20.6375	269.0000
187	-21.6125	268.0000
188	-22.1000	270.0000
189	-24.0500	268.0000
190	-23.8875	270.0000
191	-25.5125	268.0000
192	-26.6500	270.0000
193	-26.6500	268.0000
194	-27.7875	270.0000
195	-29.0875	268.0000
196	-30.3875	270.0000
197	-31.3625	268.0000
198	-32.5000	270.0000
199	-33.6375	268.0000
200	-34.9375	270.0000
201	-36.0750	268.0000
202	-37.2125	269.0000
203	-38.5125	268.0000
204	-39.6500	269.0000
205	-40.6250	269.0000
206	-41.9250	269.0000
207	-43.0625	269.0000
208	-44.3625	269.0000
209	-46.6375	269.0000
210	-47.4500	269.0000
211	-48.7500	270.0000
212	-51.5125	268.0000
213	-51.3500	270.0000
214	-52.9750	268.0000
215	-54.2750	270.0000
216	-57.0375	268.0000
217	-58.1750	270.0000
218	-58.9875	268.0000
219	-60.2875	270.0000
220	-61.4250	268.0000
221	-62.8875	270.0000
222	-64.6750	268.0000
223	-65.9750	270.0000
224	-67.6000	268.0000
225	-69.0625	270.0000
226	-70.5250	268.0000
227	-72.4750	270.0000
228	-73.9375	269.0000
229	-75.5625	269.0000
230	-77.8375	269.0000
231	-79.3000	269.0000
232	-80.4375	269.0000
233	-82.2250	269.0000
234	-84.0125	269.0000
235	-85.6375	269.0000
236	-87.4250	269.0000
237	-89.0500	268.0000
238	-90.3500	270.0000
239	-92.3000	268.0000
240	-93.7625	270.0000
241	-95.7125	268.0000
242	-97.1750	270.0000
243	-99.9375	268.0000
244	-100.4250	270.0000
245	-102.7000	268.0000
246	-104.9750	270.0000
247	-106.2750	268.0000
248	-107.7375	270.0000
249	-110.1750	268.0000
250	-111.6375	270.0000
251	-113.4250	269.0000
252	-114.8875	270.0000
253	-116.6750	268.0000
254	-121.2250	269.0000
255	-120.7375	267.0000
256	-122.3625	269.0000
257	-123.9875	269.0000
258	-126.9125	269.0000
259	-127.7250	269.0000
260	-129.3500	269.0000
261	-130.8125	269.0000
262	-132.4375	268.0000
263	-133.5750	270.0000
264	-134.7125	269.0000
265	-136.1750	270.0000
266	-137.6375	269.0000
267	-138.4500	270.0000
268	-139.4250	268.0000
269	-140.5625	270.0000
270	-141.5375	269.0000
271	-142.0250	270.0000
272	-142.6750	268.0000
273	-143.6500	270.0000
274	-143.9750	268.0000
275	-144.7875	270.0000
276	-144.9500	269.0000
277	-145.4375	270.0000
278	-145.9250	269.0000
279	-148.2000	269.0000
280	-147.2250	269.0000
281	-147.5500	269.0000
282	-147.5500	269.0000
283	-147.7125	269.0000
284	-147.7125	269.0000
285	-147.7125	269.0000
286	-147.7125	270.0000
287	-147.7125	268.0000
288	-147.7125	270.0000
289	-147.3875	268.0000
290	-147.2250	270.0000
291	-146.9000	268.0000
292	-146.7375	270.0000
293	-146.4125	268.0000
294	-146.0875	270.0000
295	-145.7625	268.0000
296	-145.2750	270.0000
297	-144.7875	268.0000
298	-144.4625	270.0000
299	-143.8125	268.0000
300	-143.4875	270.0000
301	-142.8375	269.0000
302	-142.3500	270.0000
303	-141.8625	269.0000
304	-141.2125	269.0000
305	-140.5625	269.0000
306	-139.7500	269.0000
307	-139.1000	268.0000
308	-138.4500	269.0000
309	-137.8000	269.0000
310	-136.9875	269.0000
311	-136.1750	270.0000
312	-135.3625	269.0000
313	-134.3875	270.0000
314	-133.4125	268.0000
315	-132.9250	270.0000
316	-131.4625	268.0000
317	-130.4875	270.0000
318	-129.6750	269.0000
319	-129.5125	270.0000
320	-127.5625	268.0000
321	-126.5875	270.0000
322	-125.9375	268.0000
323	-125.1250	270.0000
324	-123.9875	269.0000
325	-122.5250	270.0000
326	-122.3625	269.0000
327	-120.4125	270.0000
328	-119.1125	269.0000
329	-118.1375	269.0000
330	-117.1625	269.0000
331	-116.1875	269.0000
332	-114.7250	269.0000
333	-113.4250	269.0000
334	-112.7750	270.0000
335	-111.9625	269.0000
336	-110.0125	269.0000
337	-108.5500	268.0000
338	-107.4125	270.0000
339	-106.7625	268.0000
340	-104.8125	270.0000
341	-105.4625	268.0000
342	-102.7000	270.0000
343	-101.0750	268.0000
344	-99.4500	269.0000
345	-97.9875	268.0000
346	-96.8500	270.0000
347	-95.5500	268.0000
348	-94.0875	270.0000
349	-92.9500	269.0000
350	-92.4625	270.0000
351	-89.7000	269.0000
352	-88.4000	270.0000
353	-86.9375	269.0000
354	-86.7750	270.0000
355	-84.5000	269.0000
356	-82.7125	270.0000
357	-81.7375	269.0000
358	-79.7875	270.0000
359	-78.1625	270.0000
360	-76.5375	269.0000
361	-75.5625	270.0000
362	-73.7750	269.0000
363	-71.9875	270.0000
364	-70.5250	268.0000
365	-69.3875	270.0000
366	-67.6000	268.0000
367	-66.1375	270.0000
368	-64.3500	268.0000
369	-64.3500	270.0000
370	-61.7500	268.0000
371	-59.9625	270.0000
372	-58.1750	268.0000
373	-58.3375	270.0000
374	-54.9250	269.0000
375	-53.4625	266.0000
376	-51.6750	269.0000
377	-50.3750	270.0000
378	-49.5625	269.0000
379	-47.2875	269.0000
380	-46.1500	269.0000
381	-44.6875	269.0000
382	-42.5750	269.0000
383	-40.9500	268.0000
384	-40.3000	270.0000
385	-38.0250	269.0000
386	-36.4000	270.0000
387	-34.9375	268.0000
388	-35.4250	272.0000
389	-32.3375	268.0000
390	-31.6875	270.0000
391	-30.2250	268.0000
392	-30.2250	269.0000
393	-28.6000	268.0000
394	-28.1125	270.0000
395	-28.6000	269.0000
396	-27.3000	270.0000
397	-26.8125	268.0000
398	-26.3250	270.0000
399	-26.1625	269.0000
400	-26.3250	270.0000
401	-25.5125	269.0000
402	-25.5125	268.0000
403	-26.8125	269.0000
404	-27.1375	269.0000
405	-25.1875	269.0000
406	-24.5375	268.0000
407	-24.2125	269.0000
408	-23.7250	269.0000
409	-23.8875	269.0000
410	-23.7250	269.0000
411	-23.5625	270.0000
412	-23.4000	268.0000
413	-23.4000	270.0000
414	-23.2375	268.0000
415	-24.3750	269.0000
416	-23.5625	264.0000
417	-23.0750	270.0000
418	-22.9125	268.0000
419	-23.2375	270.0000
420	-22.7500	268.0000
421	-22.4250	270.0000
422	-22.2625	269.0000
423	-22.4250	273.0000
424	-22.9125	268.0000
425	-22.2625	270.0000
426	-22.2625	269.0000
427	-22.9125	270.0000
428	-22.4250	269.0000
429	-22.1000	269.0000
430	-22.9125	269.0000
431	-22.4250	269.0000
432	-22.1000	269.0000
433	-21.9375	269.0000
434	-21.6125	270.0000
435	-21.7750	269.0000
436	-21.9375	270.0000
437	-21.9375	268.0000
438	-22.9125	270.0000
439	-21.4500	268.0000
440	-21.4500	270.0000
441	-21.2875	268.0000
442	-21.6125	270.0000
443	-21.4500	268.0000
444	-21.2875	270.0000
445	-21.2875	268.0000
446	-22.1000	270.0000
447	-21.2875	268.0000
448	-21.2875	270.0000
449	-21.1250	269.0000
450	-22.5875	270.0000
451	-21.1250	269.0000
452	-21.2875	269.0000
453	-22.1000	268.0000
454	-21.1250	269.0000
455	-20.9625	269.0000
456	-21.1250	269.0000
457	-21.7750	269.0000
458	-21.4500	269.0000
459	-21.4500	270.0000
460	-21.1250	268.0000
461	-21.9375	270.0000
462	-20.9625	269.0000
463	-20.8000	270.0000
464	-20.9625	268.0000
465	-22.1000	270.0000
466	-21.6125	268.0000
467	-21.6125	270.0000
468	-21.2875	268.0000
469	-20.9625	270.0000
470	-20.6375	268.0000
471	-20.6375	270.0000
472	-20.6375	268.0000
473	-20.8000	270.0000
474	-20.8000	269.0000
475	-20.8000	270.0000
476	-20.6375	269.0000
477	-21.1250	270.0000
478	-20.9625	269.0000
479	-20.6375	269.0000
480	-21.1250	269.0000
481	-21.1250	269.0000
482	-21.4500	266.0000
483	-20.6375	269.0000
484	-20.9625	269.0000
485	-20.6375	269.0000
486	-20.9625	270.0000
487	-20.4750	268.0000
488	-20.4750	270.0000
489	-20.4750	268.0000
490	-20.4750	270.0000
491	-20.9625	268.0000
492	-20.9625	270.0000
493	-20.4750	268.0000
494	-20.1500	270.0000
495	-20.4750	268.0000
496	-20.3125	270.0000
497	-20.1500	268.0000
498	-20.3125	270.0000
499	-20.3125	269.0000
500	-21.7750	270.0000
501	-20.8000	269.0000
502	-20.4750	270.0000
503	-20.8000	269.0000
504	-20.4750	269.0000
505	-20.3125	269.0000
506	-20.4750	269.0000
507	-21.1250	269.0000
508	-20.1500	269.0000
509	-20.1500	269.0000
510	-20.1500	268.0000
511	-20.1500	270.0000
512	-20.1500	268.0000
513	-19.9875	270.0000
514	-20.1500	268.0000
515	-21.4500	270.0000
516	-19.9875	268.0000
517	-19.8250	270.0000
518	-19.9875	268.0000
519	-20.1500	270.0000
520	-20.1500	268.0000
521	-20.8000	270.0000
522	-19.9875	268.0000
523	-20.9625	270.0000
524	-20.1500	268.0000
525	-19.8250	270.0000
526	-19.8250	269.0000
527	-20.3125	270.0000
528	-19.8250	269.0000
529	-20.8000	270.0000
530	-21.2875	269.0000
531	-19.9875	269.0000
532	-19.8250	270.0000
533	-19.9875	269.0000
534	-19.8250	269.0000
535	-19.9875	269.0000
536	-20.3125	270.0000
537	-20.4750	268.0000
538	-19.9875	270.0000
539	-19.8250	268.0000
540	-19.9875	270.0000
541	-19.8250	268.0000
542	-20.1500	270.0000
543	-19.9875	269.0000
544	-19.9875	270.0000
545	-20.3125	268.0000
546	-20.1500	270.0000
547	-19.8250	268.0000
548	-19.9875	270.0000
549	-19.8250	269.0000
550	-19.8250	270.0000
551	-19.6625	269.0000
552	-20.3125	270.0000
553	-19.8250	269.0000
554	-20.4750	270.0000
555	-19.6625	269.0000
556	-20.1500	269.0000
557	-19.5000	269.0000
558	-20.1500	269.0000
559	-19.8250	270.0000
560	-19.8250	269.0000
561	-19.6625	269.0000
562	-20.6375	268.0000
563	-19.5000	270.0000
564	-19.5000	271.0000
565	-20.4750	270.0000
566	-19.9875	268.0000
567	-19.5000	270.0000
568	-19.5000	268.0000
569	-20.1500	270.0000
570	-19.5000	268.0000
571	-19.5000	270.0000
572	-19.6625	268.0000
573	-19.6625	270.0000
574	-19.3375	268.0000
575	-19.3375	270.0000
576	-19.3375	268.0000
577	-19.3375	269.0000
578	-19.1750	269.0000
579	-19.3375	269.0000
580	-19.0125	269.0000
581	-19.0125	269.0000
582	-19.1750	269.0000
583	-19.0125	269.0000
584	-19.8250	270.0000
585	-18.8500	269.0000
586	-18.8500	270.0000
587	-19.1750	268.0000
588	-19.0125	270.0000
589	-19.0125	268.0000
590	-18.8500	270.0000
591	-19.3375	268.0000
592	-19.9875	270.0000
593	-19.5000	268.0000
594	-19.1750	270.0000
595	-18.8500	268.0000
596	-19.6625	270.0000
597	-18.8500	268.0000
598	-19.1750	270.0000
599	-19.1750	269.0000
600	-18.6875	269.0000
601	-19.3375	269.0000
602	-19.5000	269.0000
603	-19.9875	269.0000
604	-18.8500	269.0000
605	-18.6875	269.0000
606	-19.6625	269.0000
607	-19.0125	269.0000
608	-19.3375	269.0000
609	-18.5250	270.0000
610	-19.1750	269.0000
611	-19.1750	269.0000
612	-18.5250	268.0000
613	-18.2000	270.0000
614	-18.3625	268.0000
615	-18.2000	268.0000
616	-18.2000	268.0000
617	-18.2000	270.0000
618	-18.3625	268.0000
619	-18.2000	270.0000
620	-18.0375	268.0000
621	-18.0375	270.0000
622	-18.3625	268.0000
623	-18.3625	270.0000
624	-18.3625	269.0000
625	-18.0375	269.0000
626	-17.8750	269.0000
627	-19.8250	270.0000
628	-19.1750	269.0000
629	-18.5250	269.0000
630	-17.8750	269.0000
631	-18.3625	269.0000
632	-17.8750	269.0000
633	-17.7125	269.0000
634	-18.6875	270.0000
635	-17.7125	269.0000
636	-17.7125	270.0000
637	-17.7125	268.0000
638	-17.5500	270.0000
639	-17.3875	269.0000
640	-17.3875	270.0000
641	-17.2250	268.0000
642	-17.5500	270.0000
643	-17.3875	269.0000
644	-16.9000	270.0000
645	-17.7125	268.0000
646	-18.8500	270.0000
647	-17.0625	269.0000
648	-16.9000	270.0000
649	-16.7375	269.0000
650	-16.7375	270.0000
651	-16.7375	269.0000
652	-16.7375	270.0000
653	-16.7375	269.0000
654	-17.3875	269.0000
655	-17.0625	269.0000
656	-16.5750	269.0000
657	-16.4125	270.0000
658	-16.0875	269.0000
659	-15.9250	270.0000
660	-16.9000	268.0000
661	-16.0875	270.0000
662	-16.0875	269.0000
663	-15.7625	270.0000
664	-15.6000	268.0000
665	-15.7625	270.0000
666	-16.2500	268.0000
667	-15.1125	270.0000
668	-15.2750	268.0000
669	-15.6000	270.0000
670	-14.7875	268.0000
671	-14.1375	270.0000
672	-14.3000	269.0000
673	-14.1375	270.0000
674	-13.3250	269.0000
675	-12.8375	269.0000
676	-13.1625	268.0000
677	-12.0250	270.0000
678	-11.7000	269.0000
679	-11.2125	269.0000
680	-10.8875	269.0000
681	-10.2375	269.0000
682	-9.5875	269.0000
683	-8.9375	269.0000
684	-8.6125	270.0000
685	-8.4500	268.0000
686	-7.8000	270.0000
687	-6.8250	268.0000
688	-6.0125	270.0000
689	-5.3625	268.0000
690	-4.5500	270.0000
691	-3.9000	269.0000
692	-2.9250	270.0000
693	-2.4375	269.0000
694	-1.6250	270.0000
695	-0.6500	268.0000
696	-0.1625	270.0000
697	0.9750	269.0000
698	1.9500	270.0000
699	2.6000	269.0000
700	3.5750	270.0000
701	4.7125	269.0000
702	5.6875	269.0000
703	6.1750	269.0000
704	7.9625	269.0000
705	8.7750	269.0000
706	9.9125	269.0000
707	10.7250	270.0000
708	12.1875	269.0000
709	13.1625	270.0000
710	14.4625	268.0000
711	15.6000	270.0000
712	16.9000	269.0000
713	18.2000	270.0000
714	19.1750	268.0000
715	20.4750	270.0000
716	21.9375	268.0000
717	22.7500	270.0000
718	23.2375	268.0000
719	25.5125	270.0000
720	26.9750	269.0000
721	28.6000	270.0000
722	28.9250	269.0000
723	30.8750	270.0000
724	31.5250	269.0000
725	33.9625	270.0000
726	34.9375	269.0000
727	36.8875	269.0000
728	38.3500	269.0000
729	39.6500	269.0000
730	40.6250	270.0000
731	42.5750	269.0000
732	44.0375	269.0000
733	45.6625	269.0000
734	47.2875	270.0000
735	48.7500	269.0000
736	49.7250	270.0000
737	51.8375	269.0000
738	53.3000	270.0000
739	55.0875	268.0000
740	56.8750	270.0000
741	58.5000	269.0000
742	59.9625	270.0000
743	61.2625	268.0000
744	63.0500	270.0000
745	65.1625	268.0000
746	66.7875	270.0000
747	67.9250	269.0000
748	69.3875	270.0000
749	71.8250	269.0000
750	73.2875	270.0000
751	75.0750	269.0000
752	77.0250	269.0000
753	78.8125	269.0000
754	80.6000	269.0000
755	81.2500	269.0000
756	83.8500	271.0000
757	85.3125	270.0000
758	86.7750	268.0000
759	89.3750	270.0000
760	91.1625	269.0000
761	92.1375	270.0000
762	94.9000	269.0000
763	96.6875	270.0000
764	97.6625	269.0000
765	100.1000	270.0000
766	102.2125	268.0000
767	104.1625	270.0000
768	105.6250	269.0000
769	107.7375	270.0000
770	110.0125	269.0000
771	111.4750	270.0000
772	113.4250	269.0000
773	115.2125	270.0000
774	116.5125	269.0000
775	117.9750	270.0000
776	118.7875	269.0000
777	120.5750	270.0000
778	121.7125	269.0000
779	122.2000	270.0000
780	121.0625	270.0000
781	123.9875	269.0000
782	124.9625	270.0000
783	125.7750	269.0000
784	126.5875	270.0000
785	127.2375	269.0000
786	127.8875	270.0000
787	128.2125	269.0000
788	129.0250	270.0000
789	129.5125	269.0000
790	129.8375	271.0000
791	130.0000	268.0000
792	130.4875	270.0000
793	130.6500	269.0000
794	130.8125	270.0000
795	130.9750	269.0000
796	130.9750	270.0000
797	130.9750	269.0000
798	131.1375	270.0000
799	130.8125	267.0000
800	130.8125	270.0000
801	130.8125	269.0000
802	130.6500	270.0000
803	130.4875	269.0000
804	130.1625	270.0000
805	130.0000	270.0000
806	129.6750	269.0000
807	129.3500	270.0000
808	128.8625	269.0000
809	128.5375	271.0000
810	128.2125	269.0000
811	127.5625	270.0000
812	127.0750	269.0000
813	126.5875	271.0000
814	126.2625	269.0000
815	125.6125	271.0000
816	125.1250	269.0000
817	124.6375	270.0000
818	123.6625	269.0000
819	122.5250	270.0000
820	122.3625	269.0000
821	121.7125	270.0000
822	119.9250	269.0000
823	120.0875	270.0000
824	119.2750	269.0000
825	118.4625	270.0000
826	115.8625	269.0000
827	115.8625	270.0000
828	115.7000	270.0000
829	114.8875	270.0000
830	112.4500	270.0000
831	112.4500	269.0000
832	112.1250	270.0000
833	111.1500	269.0000
834	109.2000	270.0000
835	108.7125	269.0000
836	107.0875	270.0000
837	106.2750	268.0000
838	105.7875	270.0000
839	104.6500	269.0000
840	103.6750	270.0000
841	102.5375	268.0000
842	100.5875	270.0000
843	99.2875	269.0000
844	99.1250	270.0000
845	97.8250	269.0000
846	96.8500	270.0000
847	95.3875	269.0000
848	94.2500	270.0000
849	92.1375	269.0000
850	91.6500	270.0000
851	89.2125	269.0000
852	88.5625	270.0000
853	87.2625	269.0000
854	86.1250	269.0000
855	84.0125	269.0000
856	83.2000	269.0000
857	81.7375	270.0000
858	80.7625	269.0000
859	79.3000	270.0000
860	76.8625	269.0000
861	75.5625	270.0000
862	75.0750	268.0000
863	73.6125	270.0000
864	72.1500	269.0000
865	70.0375	270.0000
866	69.2250	268.0000
867	67.9250	270.0000
868	66.1375	268.0000
869	65.0000	270.0000
870	63.5375	269.0000
871	61.5875	270.0000
872	60.2875	269.0000
873	57.2000	270.0000
874	57.5250	269.0000
875	55.4125	270.0000
876	54.4375	269.0000
877	52.3250	269.0000
878	50.7000	269.0000
879	49.8875	269.0000
880	48.1000	269.0000
881	46.1500	269.0000
882	45.1750	270.0000
883	43.3875	269.0000
884	41.2750	270.0000
885	40.1375	268.0000
886	38.3500	270.0000
887	37.0500	268.0000
888	35.2625	270.0000
889	33.6375	269.0000
890	32.1750	270.0000
891	30.2250	268.0000
892	29.0875	270.0000
893	27.4625	268.0000
894	25.8375	270.0000
895	24.0500	268.0000
896	21.9375	270.0000
897	21.2875	269.0000
898	19.3375	270.0000
899	18.2000	269.0000
900	16.5750	270.0000
901	15.7625	269.0000
902	14.7875	269.0000
903	13.0000	269.0000
904	7.6375	269.0000
905	12.1875	269.0000
906	11.3750	269.0000
907	11.2125	270.0000
908	10.8875	269.0000
909	10.5625	270.0000
910	10.4000	268.0000
911	9.7500	270.0000
912	9.4250	268.0000
913	8.9375	270.0000
914	8.6125	268.0000
915	8.7750	270.0000
916	8.6125	268.0000
917	8.2875	270.0000
918	7.9625	269.0000
919	7.9625	270.0000
920	7.8000	268.0000
921	7.6375	270.0000
922	7.4750	269.0000
923	7.3125	270.0000
924	7.3125	268.0000
925	6.6625	270.0000
926	6.5000	269.0000
927	5.6875	269.0000
928	6.8250	269.0000
929	6.6625	269.0000
930	6.0125	270.0000
931	6.0125	269.0000
932	6.5000	270.0000
933	6.0125	269.0000
934	6.3375	270.0000
935	6.1750	268.0000
936	6.3375	270.0000
937	6.0125	268.0000
938	5.6875	270.0000
939	5.8500	268.0000
940	5.6875	270.0000
941	5.0375	268.0000
942	5.0375	270.0000
943	5.6875	269.0000
944	5.5250	270.0000
945	5.2000	268.0000
946	5.3625	270.0000
947	5.5250	268.0000
948	5.5250	270.0000
949	5.2000	270.0000
950	5.2000	270.0000
951	5.3625	269.0000
952	5.3625	269.0000
953	5.0375	269.0000
954	5.3625	269.0000
955	5.3625	269.0000
956	5.3625	269.0000
957	4.8750	270.0000
958	5.0375	268.0000
959	4.7125	270.0000
960	4.7125	268.0000
961	5.2000	270.0000
962	4.8750	268.0000
963	5.0375	270.0000
964	4.7125	268.0000
965	4.8750	270.0000
966	4.8750	268.0000
967	4.7125	270.0000
968	4.2250	268.0000
969	4.8750	270.0000
970	4.8750	268.0000
971	4.8750	270.0000
972	4.2250	268.0000
973	4.8750	270.0000
974	4.5500	269.0000
975	4.7125	269.0000
976	3.4125	269.0000
977	4.7125	269.0000
978	4.7125	270.0000
979	4.2250	269.0000
980	4.5500	269.0000
981	4.2250	269.0000
982	4.2250	270.0000
983	4.2250	269.0000
984	4.3875	270.0000
985	3.2500	268.0000
986	4.2250	270.0000
987	4.2250	268.0000
988	4.2250	270.0000
989	4.0625	268.0000
990	4.2250	270.0000
991	3.7375	268.0000
992	4.0625	270.0000
993	3.9000	268.0000
994	4.3875	270.0000
995	4.0625	268.0000
996	3.9000	270.0000
997	4.2250	269.0000
998	4.2250	270.0000
999	4.2250	269.0000
1000	4.2250	269.0000
1001	4.2250	269.0000
1002	4.0625	269.0000
1003	4.0625	269.0000
1004	3.5750	269.0000
1005	4.0625	270.0000
1006	3.4125	269.0000
1007	4.0625	270.0000
1008	2.9250	269.0000
1009	4.0625	270.0000
1010	3.7375	268.0000
1011	4.2250	270.0000
1012	3.9000	268.0000
1013	4.0625	270.0000
1014	2.9250	268.0000
1015	4.2250	270.0000
1016	3.9000	268.0000
1017	3.7375	270.0000
1018	3.7375	268.0000
1019	3.2500	270.0000
1020	3.7375	269.0000
1021	3.5750	270.0000
1022	1.4625	269.0000
1023	3.5750	270.0000
#8327
0	3.5750	268.0000
1	3.2500	270.0000
2	-7.8000	269.0000
3	-2.9250	270.0000
4	1.9500	268.0000
5	2.7625	270.0000
6	-5.3625	269.0000
7	0.0000	270.0000
8	2.7625	268.0000
9	3.0875	269.0000
10	2.9250	269.0000
11	3.0875	270.0000
12	2.9250	269.0000
13	3.0875	269.0000
14	3.0875	270.0000
15	3.0875	269.0000
16	3.0875	270.0000
17	2.9250	269.0000
18	3.0875	270.0000
19	2.9250	268.0000
20	3.0875	270.0000
21	3.0875	268.0000
22	3.0875	270.0000
23	3.0875	268.0000
24	2.9250	270.0000
25	3.0875	268.0000
26	3.0875	270.0000
27	3.0875	268.0000
28	3.0875	270.0000
29	3.0875	269.0000
30	2.9250	270.0000
31	2.7625	269.0000
32	2.9250	270.0000
33	2.9250	269.0000
34	3.2500	269.0000
35	3.2500	269.0000
36	3.4125	270.0000
37	2.7625	269.0000
38	3.4125	269.0000
39	2.6000	270.0000
40	3.0875	269.0000
41	3.4125	270.0000
42	-0.3250	269.0000
43	0.6500	270.0000
44	2.7625	268.0000
45	3.0875	270.0000
46	2.4375	268.0000
47	2.9250	270.0000
48	2.6000	269.0000
49	2.7625	270.0000
50	2.7625	269.0000
51	3.0875	270.0000
52	3.2500	269.0000
53	3.2500	270.0000
54	3.0875	269.0000
55	3.0875	270.0000
56	3.2500	268.0000
57	3.0875	270.0000
58	2.7625	269.0000
59	3.0875	270.0000
60	3.2500	269.0000
61	2.9250	269.0000
62	2.7625	269.0000
63	2.9250	269.0000
64	2.7625	270.0000
65	2.9250	268.0000
66	2.9250	270.0000
67	2.6000	268.0000
68	2.9250	270.0000
69	3.0875	268.0000
70	2.9250	270.0000
71	2.9250	269.0000
72	2.6000	270.0000
73	2.7625	268.0000
74	2.7625	270.0000
75	2.7625	268.0000
76	2.7625	270.0000
77	2.6000	268.0000
78	2.6000	270.0000
79	2.6000	269.0000
80	2.2750	270.0000
81	2.6000	269.0000
82	1.6250	270.0000
83	2.4375	269.0000
84	2.6000	269.0000
85	2.4375	269.0000
86	2.4375	269.0000
87	1.4625	269.0000
88	1.4625	269.0000
89	2.2750	270.0000
90	2.4375	269.0000
91	1.7875	271.0000
92	2.2750	268.0000
93	2.2750	270.0000
94	2.2750	269.0000
95	2.1125	266.0000
96	1.6250	268.0000
97	1.6250	270.0000
98	-0.1625	268.0000
99	1.7875	270.0000
100	1.7875	268.0000
101	1.6250	270.0000
102	1.7875	269.0000
103	1.7875	270.0000
104	1.7875	269.0000
105	1.9500	270.0000
106	0.8125	269.0000
107	1.6250	270.0000
108	0.9750	268.0000
109	1.3000	269.0000
110	1.6250	269.0000
111	1.4625	269.0000
112	0.9750	270.0000
113	1.4625	269.0000
114	1.4625	270.0000
115	1.1375	269.0000
116	1.4625	270.0000
117	0.6500	269.0000
118	0.8125	270.0000
119	1.6250	268.0000
120	-0.3250	270.0000
121	1.3000	268.0000
122	1.1375	270.0000
123	1.1375	268.0000
124	1.1375	270.0000
125	0.0000	269.0000
126	0.9750	270.0000
127	0.8125	269.0000
128	0.9750	270.0000
129	0.1625	269.0000
130	0.6500	270.0000
131	0.6500	269.0000
132	0.8125	270.0000
133	0.6500	270.0000
134	0.6500	269.0000
135	0.3250	269.0000
136	0.6500	269.0000
137	0.4875	269.0000
138	-0.8125	269.0000
139	0.1625	270.0000
140	0.1625	269.0000
141	0.3250	270.0000
142	0.1625	269.0000
143	-0.1625	270.0000
144	-0.1625	268.0000
145	-0.1625	271.0000
146	-1.3000	268.0000
147	-1.1375	270.0000
148	-0.1625	268.0000
149	-0.8125	270.0000
150	-0.8125	269.0000
151	-0.4875	270.0000
152	-0.6500	269.0000
153	-1.1375	270.0000
154	-1.3000	269.0000
155	-1.3000	270.0000
156	-1.3000	269.0000
157	-1.7875	270.0000
158	-2.2750	269.0000
159	-2.4375	269.0000
160	-3.2500	269.0000
161	-3.7375	269.0000
162	-3.2500	270.0000
163	-3.5750	269.0000
164	-3.9000	269.0000
165	-4.5500	268.0000
166	-4.7125	270.0000
167	-5.3625	269.0000
168	-5.8500	270.0000
169	-6.5000	268.0000
170	-6.9875	270.0000
171	-7.4750	268.0000
172	-7.9625	270.0000
173	-8.7750	269.0000
174	-9.4250	270.0000
175	-10.0750	268.0000
176	-11.0500	270.0000
177	-11.3750	269.0000
178	-12.1875	270.0000
179	-12.8375	268.0000
180	-13.8125	270.0000
181	-14.6250	269.0000
182	-15.1125	270.0000
183	-16.4125	269.0000
184	-16.9000	269.0000
185	-17.5500	269.0000
186	-18.3625	269.0000
187	-20.1500	269.0000
188	-20.9625	269.0000
189	-21.6125	270.0000
190	-22.4250	268.0000
191	-24.2125	270.0000
192	-24.8625	268.0000
193	-25.5125	270.0000
194	-26.6500	269.0000
195	-27.7875	270.0000
196	-28.9250	268.0000
197	-30.0625	270.0000
198	-31.2000	268.0000
199	-32.5000	270.0000
200	-33.4750	269.0000
201	-34.9375	270.0000
202	-36.0750	267.0000
203	-37.2125	270.0000
204	-38.5125	269.0000
205	-39.8125	269.0000
206	-41.1125	269.0000
207	-42.4125	270.0000
208	-43.8750	269.0000
209	-45.9875	269.0000
210	-46.9625	269.0000
211	-48.4250	269.0000
212	-49.7250	270.0000
213	-51.3500	269.0000
214	-52.3250	270.0000
215	-53.6250	269.0000
216	-55.5750	270.0000
217	-56.7125	270.0000
218	-58.0125	270.0000
219	-60.2875	268.0000
220	-61.4250	270.0000
221	-63.0500	268.0000
222	-65.1625	270.0000
223	-66.7875	268.0000
224	-67.4375	270.0000
225	-68.9000	268.0000
226	-71.3375	270.0000
227	-72.1500	269.0000
228	-73.4500	270.0000
229	-75.0750	269.0000
230	-76.8625	270.0000
231	-79.1375	269.0000
232	-80.4375	269.0000
233	-81.7375	269.0000
234	-83.5250	269.0000
235	-85.1500	269.0000
236	-86.6125	269.0000
237	-88.2375	270.0000
238	-90.3500	269.0000
239	-91.6500	270.0000
240	-93.4375	269.0000
241	-95.8750	270.0000
242	-97.1750	269.0000
243	-99.4500	270.0000
244	-100.2625	268.0000
245	-102.2125	270.0000
246	-104.4875	268.0000
247	-105.9500	270.0000
248	-107.4125	268.0000
249	-109.3625	270.0000
250	-112.4500	269.0000
251	-112.7750	270.0000
252	-114.5625	269.0000
253	-116.3500	270.0000
254	-118.4625	269.0000
255	-120.0875	270.0000
256	-122.0375	269.0000
257	-123.6625	269.0000
258	-126.2625	269.0000
259	-127.4000	269.0000
260	-128.8625	269.0000
261	-130.6500	269.0000
262	-132.1125	270.0000
263	-133.0875	269.0000
264	-134.8750	270.0000
265	-136.8250	268.0000
266	-137.3125	270.0000
267	-138.2875	268.0000
268	-139.1000	270.0000
269	-140.0750	269.0000
270	-140.8875	270.0000
271	-141.8625	268.0000
272	-143.0000	270.0000
273	-143.8125	269.0000
274	-144.6250	270.0000
275	-144.4625	269.0000
276	-144.6250	270.0000
277	-145.2750	269.0000
278	-145.7625	270.0000
279	-145.9250	268.0000
280	-146.0875	270.0000
281	-146.4125	269.0000
282	-147.2250	270.0000
283	-146.9000	269.0000
284	-147.0625	270.0000
285	-147.3875	270.0000
286	-147.7125	269.0000
287	-146.9000	270.0000
288	-146.7375	269.0000
289	-146.4125	270.0000
290	-146.2500	269.0000
291	-146.2500	270.0000
292	-146.2500	269.0000
293	-146.2500	270.0000
294	-145.2750	269.0000
295	-145.7625	270.0000
296	-145.2750	268.0000
297	-143.9750	270.0000
298	-143.9750	269.0000
299	-143.3250	270.0000
300	-143.1625	269.0000
301	-142.1875	270.0000
302	-141.5375	269.0000
303	-141.3750	270.0000
304	-141.0500	269.0000
305	-139.5875	270.0000
306	-139.2625	269.0000
307	-138.9375	270.0000
308	-137.8000	269.0000
309	-136.9875	269.0000
310	-136.1750	270.0000
311	-135.3625	269.0000
312	-134.5500	270.0000
313	-133.5750	269.0000
314	-132.9250	270.0000
315	-131.9500	269.0000
316	-131.3000	270.0000
317	-130.4875	269.0000
318	-129.3500	270.0000
319	-128.5375	269.0000
320	-127.4000	270.0000
321	-126.2625	269.0000
322	-125.4500	270.0000
323	-125.6125	269.0000
324	-123.3375	270.0000
325	-123.1750	269.0000
326	-121.2250	270.0000
327	-120.4125	269.0000
328	-119.9250	270.0000
329	-117.8125	269.0000
330	-116.5125	270.0000
331	-115.7000	269.0000
332	-115.2125	270.0000
333	-113.1000	269.0000
334	-112.6125	269.0000
335	-110.8250	269.0000
336	-109.8500	269.0000
337	-109.6875	270.0000
338	-107.4125	269.0000
339	-105.7875	270.0000
340	-104.3250	269.0000
341	-103.0250	271.0000
342	-102.2125	268.0000
343	-100.2625	270.0000
344	-98.9625	269.0000
345	-97.6625	270.0000
346	-96.3625	268.0000
347	-95.7125	270.0000
348	-94.2500	269.0000
349	-92.3000	270.0000
350	-91.0000	269.0000
351	-89.3750	270.0000
352	-87.9125	269.0000
353	-86.4500	270.0000
354	-85.1500	269.0000
355	-83.6875	270.0000
356	-82.2250	269.0000
357	-81.0875	270.0000
358	-79.3000	269.0000
359	-77.8375	266.0000
360	-76.2125	270.0000
361	-74.9125	269.0000
362	-73.4500	270.0000
363	-71.6625	269.0000
364	-70.2000	270.0000
365	-69.5500	269.0000
366	-67.2750	270.0000
367	-65.6500	268.0000
368	-64.0250	270.0000
369	-63.8625	268.0000
370	-61.1000	270.0000
371	-59.4750	268.0000
372	-58.1750	270.0000
373	-56.2250	269.0000
374	-54.6000	270.0000
375	-53.4625	268.0000
376	-52.0000	270.0000
377	-50.2125	269.0000
378	-48.2625	270.0000
379	-46.9625	269.0000
380	-45.3375	270.0000
381	-43.5500	269.0000
382	-42.2500	269.0000
383	-40.9500	269.0000
384	-39.1625	269.0000
385	-37.7000	269.0000
386	-36.5625	269.0000
387	-34.7750	270.0000
388	-33.6375	269.0000
389	-32.0125	270.0000
390	-31.0375	268.0000
391	-30.0625	270.0000
392	-29.4125	268.0000
393	-28.4375	270.0000
394	-28.2750	268.0000
395	-27.4625	270.0000
396	-27.4625	269.0000
397	-26.8125	270.0000
398	-26.8125	268.0000
399	-26.6500	270.0000
400	-25.8375	269.0000
401	-25.3500	270.0000
402	-25.3500	269.0000
403	-25.5125	270.0000
404	-25.0250	269.0000
405	-24.5375	270.0000
406	-25.0250	269.0000
407	-24.2125	269.0000
408	-24.0500	270.0000
409	-23.8875	269.0000
410	-24.5375	270.0000
411	-25.5125	269.0000
412	-23.8875	270.0000
413	-23.2375	268.0000
414	-23.0750	270.0000
415	-23.7250	267.0000
416	-23.2375	270.0000
417	-23.4000	268.0000
418	-23.5625	270.0000
419	-22.9125	268.0000
420	-23.2375	270.0000
421	-22.7500	268.0000
422	-22.5875	270.0000
423	-22.7500	269.0000
424	-22.5875	270.0000
425	-22.2625	269.0000
426	-22.4250	270.0000
427	-22.4250	269.0000
428	-22.2625	270.0000
429	-22.2625	269.0000
430	-21.9375	270.0000
431	-22.1000	269.0000
432	-21.9375	270.0000
433	-22.5875	270.0000
434	-22.5875	269.0000
435	-22.2625	270.0000
436	-21.6125	269.0000
437	-21.9375	270.0000
438	-21.7750	269.0000
439	-21.6125	270.0000
440	-21.6125	268.0000
441	-21.9375	270.0000
442	-21.4500	266.0000
443	-21.2875	270.0000
444	-21.4500	268.0000
445	-22.1000	270.0000
446	-22.1000	268.0000
447	-21.2875	270.0000
448	-21.6125	269.0000
449	-21.4500	270.0000
450	-21.1250	269.0000
451	-21.1250	270.0000
452	-20.9625	269.0000
453	-21.1250	270.0000
454	-21.1250	269.0000
455	-20.9625	270.0000
456	-21.1250	269.0000
457	-22.1000	269.0000
458	-20.9625	270.0000
459	-20.9625	269.0000
460	-20.8000	270.0000
461	-20.6375	269.0000
462	-20.9625	270.0000
463	-20.9625	269.0000
464	-20.8000	271.0000
465	-20.9625	268.0000
466	-20.9625	270.0000
467	-20.8000	268.0000
468	-20.4750	270.0000
469	-20.6375	268.0000
470	-20.8000	270.0000
471	-20.8000	268.0000
472	-21.7750	270.0000
473	-22.4250	269.0000
474	-21.2875	270.0000
475	-20.9625	269.0000
476	-20.4750	270.0000
477	-20.4750	269.0000
478	-20.3125	270.0000
479	-20.4750	269.0000
480	-20.4750	269.0000
481	-20.4750	269.0000
482	-21.4500	270.0000
483	-20.6375	270.0000
484	-20.6375	269.0000
485	-20.6375	270.0000
486	-20.4750	269.0000
487	-20.4750	270.0000
488	-21.6125	269.0000
489	-20.6375	270.0000
490	-20.3125	269.0000
491	-20.4750	270.0000
492	-20.3125	269.0000
493	-20.3125	270.0000
494	-20.3125	268.0000
495	-20.9625	270.0000
496	-20.3125	268.0000
497	-20.1500	270.0000
498	-20.4750	269.0000
499	-20.4750	269.0000
500	-20.9625	269.0000
501	-20.1500	270.0000
502	-19.9875	269.0000
503	-21.4500	270.0000
504	-20.1500	269.0000
505	-19.9875	269.0000
506	-19.9875	269.0000
507	-20.3125	269.0000
508	-19.9875	269.0000
509	-19.9875	269.0000
510	-20.1500	270.0000
511	-20.4750	269.0000
512	-20.3125	270.0000
513	-19.9875	268.0000
514	-19.9875	270.0000
515	-19.9875	268.0000
516	-19.9875	270.0000
517	-19.8250	268.0000
518	-20.6375	270.0000
519	-19.8250	268.0000
520	-19.9875	270.0000
521	-19.9875	268.0000
522	-19.8250	270.0000
523	-19.9875	268.0000
524	-19.8250	270.0000
525	-19.6625	269.0000
526	-20.1500	270.0000
527	-19.9875	269.0000
528	-21.1250	269.0000
529	-19.9875	269.0000
530	-19.8250	269.0000
531	-19.5000	269.0000
532	-19.9875	269.0000
533	-19.6625	270.0000
534	-20.8000	269.0000
535	-21.1250	270.0000
536	-20.4750	269.0000
537	-20.1500	270.0000
538	-20.1500	268.0000
539	-19.9875	270.0000
540	-19.8250	268.0000
541	-20.3125	270.0000
542	-20.3125	268.0000
543	-20.8000	270.0000
544	-19.6625	268.0000
545	-19.8250	270.0000
546	-20.1500	269.0000
547	-19.8250	270.0000
548	-19.6625	268.0000
549	-19.8250	270.0000
550	-20.1500	270.0000
551	-19.6625	270.0000
552	-19.6625	269.0000
553	-20.4750	270.0000
554	-20.1500	269.0000
555	-19.5000	269.0000
556	-19.6625	269.0000
557	-19.8250	269.0000
558	-19.8250	269.0000
559	-19.5000	269.0000
560	-19.8250	270.0000
561	-20.8000	270.0000
562	-19.5000	270.0000
563	-19.5000	269.0000
564	-19.9875	270.0000
565	-20.8000	268.0000
566	-19.1750	270.0000
567	-19.3375	268.0000
568	-19.5000	270.0000
569	-19.6625	268.0000
570	-19.3375	270.0000
571	-19.3375	268.0000
572	-19.9875	270.0000
573	-19.1750	269.0000
574	-19.5000	270.0000
575	-19.1750	268.0000
576	-19.5000	270.0000
577	-19.0125	269.0000
578	-19.5000	269.0000
579	-19.1750	269.0000
580	-19.9875	269.0000
581	-19.0125	269.0000
582	-19.5000	269.0000
583	-19.0125	270.0000
584	-19.0125	269.0000
585	-19.0125	270.0000
586	-19.6625	269.0000
587	-19.5000	270.0000
588	-19.6625	269.0000
589	-19.1750	271.0000
590	-19.0125	268.0000
591	-19.9875	270.0000
592	-19.0125	268.0000
593	-19.0125	270.0000
594	-19.0125	268.0000
595	-18.8500	271.0000
596	-19.5000	268.0000
597	-19.3375	270.0000
598	-19.9875	268.0000
599	-19.8250	270.0000
600	-19.0125	269.0000
601	-18.8500	270.0000
602	-18.5250	269.0000
603	-18.8500	270.0000
604	-18.3625	269.0000
605	-18.6875	269.0000
606	-18.3625	269.0000
607	-20.1500	269.0000
608	-18.5250	269.0000
609	-18.3625	269.0000
610	-18.5250	270.0000
611	-18.8500	268.0000
612	-19.3375	270.0000
613	-18.5250	268.0000
614	-18.3625	269.0000
615	-18.5250	268.0000
616	-18.2000	270.0000
617	-18.2000	268.0000
618	-18.8500	270.0000
619	-18.2000	269.0000
620	-17.8750	270.0000
621	-18.0375	269.0000
622	-18.3625	270.0000
623	-18.2000	269.0000
624	-17.8750	270.0000
625	-18.0375	269.0000
626	-18.0375	270.0000
627	-17.7125	269.0000
628	-17.3875	269.0000
629	-17.7125	269.0000
630	-17.5500	269.0000
631	-17.5500	270.0000
632	-17.5500	269.0000
633	-17.7125	270.0000
634	-17.7125	269.0000
635	-17.5500	270.0000
636	-17.2250	268.0000
637	-17.2250	270.0000
638	-17.3875	268.0000
639	-17.7125	270.0000
640	-17.5500	268.0000
641	-17.8750	267.0000
642	-16.9000	269.0000
643	-17.0625	270.0000
644	-16.7375	268.0000
645	-16.7375	270.0000
646	-17.2250	269.0000
647	-16.9000	270.0000
648	-16.7375	269.0000
649	-16.9000	270.0000
650	-16.5750	269.0000
651	-16.4125	270.0000
652	-16.4125	269.0000
653	-18.0375	269.0000
654	-16.2500	269.0000
655	-16.5750	269.0000
656	-16.2500	269.0000
657	-16.2500	269.0000
658	-16.0875	269.0000
659	-16.0875	269.0000
660	-16.4125	270.0000
661	-16.9000	268.0000
662	-16.2500	270.0000
663	-16.0875	268.0000
664	-15.9250	270.0000
665	-15.7625	268.0000
666	-15.6000	270.0000
667	-15.4375	268.0000
668	-15.1125	270.0000
669	-14.9500	269.0000
670	-14.6250	270.0000
671	-14.1375	269.0000
672	-15.1125	270.0000
673	-13.4875	269.0000
674	-12.8375	270.0000
675	-12.8375	268.0000
676	-12.5125	270.0000
677	-12.0250	269.0000
678	-11.3750	269.0000
679	-10.8875	269.0000
680	-10.5625	269.0000
681	-10.0750	269.0000
682	-9.4250	269.0000
683	-9.1000	269.0000
684	-8.7750	269.0000
685	-7.6375	270.0000
686	-7.3125	268.0000
687	-6.5000	270.0000
688	-6.1750	268.0000
689	-5.0375	270.0000
690	-4.5500	268.0000
691	-3.7375	270.0000
692	-3.4125	268.0000
693	-2.1125	270.0000
694	-1.4625	265.0000
695	-0.8125	270.0000
696	0.3250	269.0000
697	1.1375	270.0000
698	1.9500	268.0000
699	2.9250	270.0000
700	3.7375	269.0000
701	4.7125	269.0000
702	5.6875	269.0000
703	6.1750	269.0000
704	7.6375	269.0000
705	8.9375	269.0000
706	9.4250	270.0000
707	11.0500	269.0000
708	12.1875	270.0000
709	13.1625	270.0000
710	14.3000	270.0000
711	15.2750	268.0000
712	16.7375	270.0000
713	17.7125	268.0000
714	19.1750	270.0000
715	19.9875	268.0000
716	21.1250	269.0000
717	22.7500	268.0000
718	24.3750	272.0000
719	25.6750	269.0000
720	26.8125	270.0000
721	28.1125	268.0000
722	29.7375	270.0000
723	30.5500	269.0000
724	32.0125	270.0000
725	33.6375	269.0000
726	35.2625	270.0000
727	36.7250	269.0000
728	38.1875	270.0000
729	39.8125	270.0000
730	41.1125	269.0000
731	42.7375	270.0000
732	43.5500	269.0000
733	45.3375	270.0000
734	46.8000	269.0000
735	48.5875	270.0000
736	50.2125	269.0000
737	51.6750	270.0000
738	53.7875	269.0000
739	55.0875	270.0000
740	56.8750	269.0000
741	58.5000	270.0000
742	60.1250	268.0000
743	61.7500	270.0000
744	63.3750	268.0000
745	64.8375	270.0000
746	66.6250	272.0000
747	68.4125	270.0000
748	69.8750	269.0000
749	70.3625	270.0000
750	72.6375	269.0000
751	75.2375	270.0000
752	76.8625	269.0000
753	78.6500	269.0000
754	80.2750	269.0000
755	82.0625	269.0000
756	84.1750	270.0000
757	85.9625	269.0000
758	87.5875	270.0000
759	89.3750	269.0000
760	91.1625	270.0000
761	93.1125	269.0000
762	94.7375	270.0000
763	96.8500	269.0000
764	98.4750	270.0000
765	100.5875	269.0000
766	102.5375	270.0000
767	104.1625	268.0000
768	105.6250	270.0000
769	107.7375	269.0000
770	109.8500	271.0000
771	111.3125	269.0000
772	111.9625	270.0000
773	114.7250	269.0000
774	116.3500	270.0000
775	117.6500	269.0000
776	118.9500	270.0000
777	120.2500	270.0000
778	121.3875	270.0000
779	120.7375	269.0000
780	123.6625	270.0000
781	124.4750	270.0000
782	125.4500	269.0000
783	126.5875	270.0000
784	126.7500	269.0000
785	126.5875	270.0000
786	127.7250	269.0000
787	128.5375	271.0000
788	129.3500	269.0000
789	130.3250	271.0000
790	130.6500	269.0000
791	130.8125	270.0000
792	130.9750	269.0000
793	131.3000	270.0000
794	131.6250	269.0000
795	131.1375	270.0000
796	131.7875	268.0000
797	131.9500	270.0000
798	131.4625	269.0000
799	131.4625	270.0000
800	130.4875	270.0000
801	131.3000	270.0000
802	130.4875	270.0000
803	131.1375	270.0000
804	130.3250	270.0000
805	130.4875	269.0000
806	129.8375	270.0000
807	129.6750	269.0000
808	129.1875	270.0000
809	129.1875	270.0000
810	127.5625	270.0000
811	127.7250	270.0000
812	127.5625	271.0000
813	127.0750	269.0000
814	125.7750	270.0000
815	125.9375	269.0000
816	125.1250	270.0000
817	124.4750	269.0000
818	122.3625	270.0000
819	122.8500	269.0000
820	122.6875	270.0000
821	121.7125	269.0000
822	120.9000	271.0000
823	120.2500	269.0000
824	119.6000	270.0000
825	118.1375	269.0000
826	117.8125	270.0000
827	116.8375	270.0000
828	115.8625	270.0000
829	114.7250	270.0000
830	113.7500	269.0000
831	112.9375	269.0000
832	111.3125	269.0000
833	110.8250	270.0000
834	109.0375	269.0000
835	109.0375	270.0000
836	108.2250	269.0000
837	106.4375	271.0000
838	105.9500	269.0000
839	104.6500	270.0000
840	103.6750	269.0000
841	102.5375	270.0000
842	101.0750	269.0000
843	100.1000	270.0000
844	98.9625	269.0000
845	97.8250	270.0000
846	96.3625	269.0000
847	95.3875	270.0000
848	93.6000	269.0000
849	91.8125	270.0000
850	91.4875	269.0000
851	89.8625	270.0000
852	89.0500	269.0000
853	87.7500	270.0000
854	85.9625	270.0000
855	84.8250	269.0000
856	83.3625	270.0000
857	81.9000	271.0000
858	79.9500	270.0000
859	79.6250	269.0000
860	77.8375	270.0000
861	76.2125	268.0000
862	74.5875	270.0000
863	73.7750	269.0000
864	71.6625	271.0000
865	70.6875	269.0000
866	69.0625	270.0000
867	68.0875	269.0000
868	65.8125	270.0000
869	65.0000	269.0000
870	63.5375	270.0000
871	61.5875	269.0000
872	60.4500	270.0000
873	58.8250	269.0000
874	57.2000	270.0000
875	55.5750	268.0000
876	54.2750	270.0000
877	52.6500	269.0000
878	51.0250	269.0000
879	49.5625	270.0000
880	47.9375	269.0000
881	46.4750	270.0000
882	45.0125	269.0000
883	43.0625	270.0000
884	41.2750	268.0000
885	39.8125	270.0000
886	38.6750	269.0000
887	36.2375	270.0000
888	35.2625	268.0000
889	33.6375	270.0000
890	32.0125	268.0000
891	29.9000	270.0000
892	28.9250	268.0000
893	27.4625	270.0000
894	25.8375	269.0000
895	24.2125	270.0000
896	22.9125	269.0000
897	21.2875	270.0000
898	19.8250	269.0000
899	18.2000	270.0000
900	16.5750	269.0000
901	15.9250	269.0000
902	14.6250	269.0000
903	13.8125	269.0000
904	13.0000	270.0000
905	12.1875	269.0000
906	11.7000	270.0000
907	11.3750	269.0000
908	10.4000	270.0000
909	10.0750	269.0000
910	9.7500	270.0000
911	6.9875	269.0000
912	8.4500	270.0000
913	8.6125	268.0000
914	8.7750	270.0000
915	8.7750	269.0000
916	8.6125	270.0000
917	8.2875	269.0000
918	7.9625	270.0000
919	7.9625	269.0000
920	7.6375	270.0000
921	7.6375	269.0000
922	7.3125	270.0000
923	7.3125	269.0000
924	6.5000	270.0000
925	6.8250	269.0000
926	6.8250	270.0000
927	6.8250	269.0000
928	6.8250	270.0000
929	6.6625	269.0000
930	6.5000	269.0000
931	6.3375	269.0000
932	6.3375	269.0000
933	5.5250	270.0000
934	6.1750	269.0000
935	6.0125	270.0000
936	6.1750	269.0000
937	5.6875	270.0000
938	5.8500	269.0000
939	6.0125	270.0000
940	6.0125	268.0000
941	5.5250	270.0000
942	5.8500	269.0000
943	5.6875	270.0000
944	5.6875	269.0000
945	5.3625	270.0000
946	5.2000	269.0000
947	5.5250	270.0000
948	5.3625	269.0000
949	5.5250	270.0000
950	5.5250	269.0000
951	5.3625	269.0000
952	5.5250	269.0000
953	5.0375	269.0000
954	5.2000	270.0000
955	5.2000	269.0000
956	5.0375	270.0000
957	5.2000	269.0000
958	4.5500	270.0000
959	4.7125	269.0000
960	5.0375	270.0000
961	5.0375	269.0000
962	4.7125	270.0000
963	4.7125	268.0000
964	4.3875	270.0000
965	5.0375	268.0000
966	4.8750	270.0000
967	4.5500	269.0000
968	4.3875	270.0000
969	4.7125	269.0000
970	4.7125	270.0000
971	4.7125	269.0000
972	4.8750	270.0000
973	4.2250	269.0000
974	3.7375	270.0000
975	3.9000	269.0000
976	4.0625	269.0000
977	4.0625	269.0000
978	4.2250	269.0000
979	4.0625	270.0000
980	4.2250	269.0000
981	4.2250	270.0000
982	4.0625	269.0000
983	3.7375	270.0000
984	4.2250	269.0000
985	4.2250	270.0000
986	4.2250	268.0000
987	4.2250	270.0000
988	4.0625	268.0000
989	4.2250	270.0000
990	4.2250	268.0000
991	3.9000	270.0000
992	4.2250	269.0000
993	4.2250	270.0000
994	4.0625	269.0000
995	3.4125	270.0000
996	4.0625	269.0000
997	4.2250	270.0000
998	4.0625	269.0000
999	3.9000	269.0000
1000	4.0625	269.0000
1001	3.9000	270.0000
1002	3.7375	269.0000
1003	3.7375	269.0000
1004	3.9000	270.0000
1005	3.9000	269.0000
1006	3.7375	270.0000
1007	3.9000	269.0000
1008	3.9000	270.0000
1009	3.7375	268.0000
1010	3.7375	270.0000
1011	3.9000	269.0000
1012	3.9000	270.0000
1013	3.4125	268.0000
1014	3.5750	269.0000
1015	3.9000	268.0000
1016	3.9000	270.0000
1017	2.7625	268.0000
1018	3.5750	270.0000
1019	3.5750	269.0000
1020	3.5750	270.0000
1021	3.9000	270.0000
1022	3.5750	270.0000
1023	3.7375	269.0000
#8328
0	3.7375	270.0000
1	-3.5750	268.0000
2	-0.4875	270.0000
3	3.0875	269.0000
4	2.9250	270.0000
5	-1.7875	269.0000
6	-0.9750	270.0000
7	2.9250	268.0000
8	3.0875	270.0000
9	2.9250	269.0000
10	3.0875	269.0000
11	3.0875	269.0000
12	3.0875	269.0000
13	3.0875	270.0000
14	3.2500	269.0000
15	3.0875	270.0000
16	2.9250	269.0000
17	2.9250	270.0000
18	2.9250	269.0000
19	2.9250	270.0000
20	3.0875	268.0000
21	2.9250	270.0000
22	2.9250	269.0000
23	2.9250	270.0000
24	2.9250	269.0000
25	2.9250	270.0000
26	2.9250	268.0000
27	2.9250	270.0000
28	2.9250	269.0000
29	2.9250	270.0000
30	2.7625	269.0000
31	2.9250	270.0000
32	2.7625	269.0000
33	2.7625	270.0000
34	2.9250	269.0000
35	3.2500	269.0000
36	2.6000	270.0000
37	3.0875	269.0000
38	2.6000	270.0000
39	3.4125	269.0000
40	3.5750	270.0000
41	3.4125	269.0000
42	2.7625	270.0000
43	3.0875	268.0000
44	3.4125	270.0000
45	3.0875	268.0000
46	1.4625	270.0000
47	2.6000	268.0000
48	3.0875	270.0000
49	2.1125	269.0000
50	-0.1625	270.0000
51	2.7625	269.0000
52	2.7625	271.0000
53	2.7625	268.0000
54	2.9250	270.0000
55	3.0875	269.0000
56	2.9250	269.0000
57	0.0000	269.0000
58	2.6000	269.0000
59	2.1125	269.0000
60	2.7625	269.0000
61	3.0875	269.0000
62	3.0875	269.0000
63	2.7625	269.0000
64	2.9250	269.0000
65	2.6000	270.0000
66	2.7625	268.0000
67	1.4625	270.0000
68	2.6000	268.0000
69	2.4375	270.0000
70	2.6000	268.0000
71	1.3000	271.0000
72	-1.9500	268.0000
73	2.6000	270.0000
74	2.7625	268.0000
75	2.6000	270.0000
76	2.6000	269.0000
77	2.6000	270.0000
78	2.2750	269.0000
79	2.7625	269.0000
80	2.2750	269.0000
81	2.4375	270.0000
82	1.9500	269.0000
83	2.6000	269.0000
84	2.2750	269.0000
85	2.4375	269.0000
86	2.2750	269.0000
87	2.4375	269.0000
88	2.1125	270.0000
89	2.1125	268.0000
90	2.2750	270.0000
91	2.2750	269.0000
92	2.1125	270.0000
93	2.1125	268.0000
94	2.2750	270.0000
95	2.1125	269.0000
96	2.1125	270.0000
97	2.2750	268.0000
98	1.9500	270.0000
99	1.6250	268.0000
100	1.6250	270.0000
101	1.7875	269.0000
102	2.1125	270.0000
103	2.1125	269.0000
104	1.9500	270.0000
105	1.9500	269.0000
106	1.9500	270.0000
107	1.6250	269.0000
108	1.6250	269.0000
109	1.7875	269.0000
110	1.6250	269.0000
111	1.6250	270.0000
112	1.6250	269.0000
113	1.4625	270.0000
114	1.4625	269.0000
115	0.9750	270.0000
116	1.4625	269.0000
117	0.9750	270.0000
118	1.1375	268.0000
119	0.9750	270.0000
120	0.3250	268.0000
121	-1.6250	270.0000
122	0.6500	268.0000
123	0.8125	270.0000
124	0.9750	268.0000
125	0.9750	270.0000
126	0.6500	269.0000
127	-0.1625	270.0000
128	0.8125	268.0000
129	0.8125	270.0000
130	0.6500	269.0000
131	0.6500	270.0000
132	0.6500	269.0000
133	0.6500	269.0000
134	0.4875	269.0000
135	0.6500	269.0000
136	0.3250	270.0000
137	0.1625	269.0000
138	0.3250	270.0000
139	0.3250	269.0000
140	0.1625	270.0000
141	0.0000	268.0000
142	-0.1625	270.0000
143	-0.3250	268.0000
144	-0.1625	270.0000
145	-0.4875	268.0000
146	-0.1625	270.0000
147	-0.3250	269.0000
148	-0.4875	270.0000
149	-0.4875	269.0000
150	-2.1125	270.0000
151	-0.8125	269.0000
152	-1.1375	270.0000
153	-2.9250	272.0000
154	-1.3000	270.0000
155	-1.4625	269.0000
156	-1.6250	270.0000
157	-2.1125	269.0000
158	-2.1125	270.0000
159	-2.6000	269.0000
160	-2.7625	269.0000
161	-4.3875	270.0000
162	-3.5750	269.0000
163	-3.7375	270.0000
164	-4.2250	269.0000
165	-5.8500	270.0000
166	-5.6875	268.0000
167	-7.3125	270.0000
168	-6.5000	268.0000
169	-6.9875	270.0000
170	-7.8000	268.0000
171	-8.7750	270.0000
172	-8.4500	267.0000
173	-10.2375	270.0000
174	-10.8875	269.0000
175	-10.5625	270.0000
176	-11.0500	269.0000
177	-11.5375	270.0000
178	-12.6750	269.0000
179	-13.3250	270.0000
180	-14.3000	269.0000
181	-14.7875	269.0000
182	-16.4125	269.0000
183	-17.5500	272.0000
184	-18.2000	269.0000
185	-18.6875	269.0000
186	-19.3375	269.0000
187	-20.4750	269.0000
188	-21.4500	270.0000
189	-22.4250	269.0000
190	-23.4000	270.0000
191	-24.2125	269.0000
192	-25.5125	270.0000
193	-26.3250	268.0000
194	-27.4625	270.0000
195	-28.6000	268.0000
196	-29.5750	270.0000
197	-30.7125	268.0000
198	-32.0125	270.0000
199	-33.3125	266.0000
200	-34.2875	270.0000
201	-35.5875	269.0000
202	-36.7250	270.0000
203	-37.8625	269.0000
204	-39.1625	270.0000
205	-40.4625	269.0000
206	-41.7625	269.0000
207	-43.2250	269.0000
208	-44.5250	269.0000
209	-45.9875	270.0000
210	-47.1250	269.0000
211	-48.5875	270.0000
212	-50.0500	269.0000
213	-51.3500	270.0000
214	-52.8125	268.0000
215	-54.2750	271.0000
216	-55.2500	268.0000
217	-56.8750	270.0000
218	-58.1750	268.0000
219	-60.1250	270.0000
220	-61.7500	268.0000
221	-62.8875	270.0000
222	-64.6750	268.0000
223	-65.9750	270.0000
224	-67.4375	268.0000
225	-69.2250	270.0000
226	-70.5250	266.0000
227	-72.8000	270.0000
228	-73.7750	269.0000
229	-75.4000	269.0000
230	-78.4875	269.0000
231	-78.6500	269.0000
232	-80.1125	269.0000
233	-82.0625	269.0000
234	-83.5250	269.0000
235	-85.8000	269.0000
236	-87.2625	270.0000
237	-88.8875	269.0000
238	-90.8375	270.0000
239	-92.3000	269.0000
240	-93.7625	270.0000
241	-95.3875	268.0000
242	-98.8000	270.0000
243	-98.8000	268.0000
244	-100.7500	270.0000
245	-103.6750	268.0000
246	-105.6250	270.0000
247	-105.9500	269.0000
248	-107.5750	270.0000
249	-109.5250	269.0000
250	-111.1500	270.0000
251	-112.9375	269.0000
252	-114.7250	270.0000
253	-116.6750	269.0000
254	-118.3000	270.0000
255	-120.0875	269.0000
256	-122.0375	269.0000
257	-123.8250	269.0000
258	-125.6125	269.0000
259	-127.2375	269.0000
260	-129.1875	269.0000
261	-130.9750	270.0000
262	-132.2750	269.0000
263	-133.5750	270.0000
264	-135.0375	268.0000
265	-136.5000	270.0000
266	-137.6375	268.0000
267	-138.4500	270.0000
268	-139.1000	268.0000
269	-140.7250	270.0000
270	-141.3750	269.0000
271	-142.0250	270.0000
272	-142.5125	268.0000
273	-143.9750	270.0000
274	-144.3000	269.0000
275	-144.4625	270.0000
276	-144.9500	269.0000
277	-145.6000	270.0000
278	-145.7625	269.0000
279	-145.9250	270.0000
280	-146.5750	269.0000
281	-147.3875	268.0000
282	-146.7375	269.0000
283	-146.9000	271.0000
284	-147.3875	270.0000
285	-146.9000	269.0000
286	-147.0625	270.0000
287	-146.9000	269.0000
288	-147.2250	270.0000
289	-146.9000	269.0000
290	-146.2500	270.0000
291	-146.4125	269.0000
292	-146.0875	270.0000
293	-145.6000	268.0000
294	-145.2750	270.0000
295	-145.1125	268.0000
296	-145.2750	270.0000
297	-144.1375	269.0000
298	-144.1375	270.0000
299	-143.8125	269.0000
300	-142.8375	270.0000
301	-142.1875	269.0000
302	-142.1875	270.0000
303	-141.3750	269.0000
304	-140.5625	270.0000
305	-139.9125	269.0000
306	-139.5875	270.0000
307	-138.9375	269.0000
308	-138.4500	269.0000
309	-137.6375	270.0000
310	-136.5000	269.0000
311	-135.5250	274.0000
312	-134.5500	269.0000
313	-133.7375	270.0000
314	-132.9250	269.0000
315	-131.9500	270.0000
316	-131.1375	269.0000
317	-130.4875	270.0000
318	-129.3500	269.0000
319	-128.5375	270.0000
320	-127.5625	268.0000
321	-126.4250	270.0000
322	-125.6125	268.0000
323	-124.3125	270.0000
324	-123.1750	269.0000
325	-122.5250	271.0000
326	-121.2250	269.0000
327	-120.0875	269.0000
328	-119.6000	269.0000
329	-117.9750	267.0000
330	-117.0000	269.0000
331	-115.7000	270.0000
332	-114.5625	269.0000
333	-113.5875	269.0000
334	-112.1250	270.0000
335	-110.8250	269.0000
336	-109.5250	270.0000
337	-108.2250	269.0000
338	-107.5750	270.0000
339	-105.7875	269.0000
340	-105.4625	270.0000
341	-103.1875	269.0000
342	-101.8875	270.0000
343	-100.7500	268.0000
344	-99.2875	270.0000
345	-100.7500	268.0000
346	-97.1750	270.0000
347	-95.5500	268.0000
348	-93.7625	270.0000
349	-94.0875	269.0000
350	-91.1625	270.0000
351	-89.7000	269.0000
352	-88.4000	270.0000
353	-86.7750	269.0000
354	-85.4750	270.0000
355	-83.6875	269.0000
356	-82.8750	270.0000
357	-80.9250	269.0000
358	-79.9500	269.0000
359	-78.1625	269.0000
360	-76.5375	269.0000
361	-75.2375	269.0000
362	-73.4500	269.0000
363	-72.1500	270.0000
364	-70.5250	269.0000
365	-68.9000	270.0000
366	-67.4375	269.0000
367	-65.9750	270.0000
368	-64.1875	269.0000
369	-62.7250	270.0000
370	-62.0750	268.0000
371	-61.7500	270.0000
372	-58.5000	268.0000
373	-56.3875	270.0000
374	-54.7625	269.0000
375	-53.1375	270.0000
376	-51.6750	269.0000
377	-50.2125	270.0000
378	-48.4250	269.0000
379	-46.9625	269.0000
380	-45.5000	269.0000
381	-43.8750	269.0000
382	-42.4125	269.0000
383	-40.7875	269.0000
384	-39.8125	269.0000
385	-38.0250	269.0000
386	-36.4000	270.0000
387	-34.7750	269.0000
388	-34.1250	270.0000
389	-32.3375	268.0000
390	-31.2000	270.0000
391	-30.7125	268.0000
392	-29.4125	270.0000
393	-28.7625	268.0000
394	-28.1125	270.0000
395	-27.6250	269.0000
396	-27.3000	270.0000
397	-26.8125	268.0000
398	-26.1625	270.0000
399	-26.1625	268.0000
400	-25.6750	270.0000
401	-26.0000	269.0000
402	-25.1875	270.0000
403	-26.4875	269.0000
404	-24.7000	270.0000
405	-24.8625	269.0000
406	-24.2125	269.0000
407	-25.0250	269.0000
408	-24.2125	269.0000
409	-24.0500	270.0000
410	-23.8875	269.0000
411	-23.8875	270.0000
412	-23.5625	269.0000
413	-23.4000	270.0000
414	-23.2375	269.0000
415	-23.5625	270.0000
416	-23.0750	268.0000
417	-23.2375	270.0000
418	-22.9125	269.0000
419	-23.2375	270.0000
420	-22.7500	269.0000
421	-22.5875	270.0000
422	-23.5625	268.0000
423	-22.4250	270.0000
424	-22.7500	269.0000
425	-22.9125	271.0000
426	-23.7250	269.0000
427	-22.4250	270.0000
428	-22.1000	269.0000
429	-22.1000	270.0000
430	-22.9125	269.0000
431	-21.9375	269.0000
432	-21.9375	269.0000
433	-22.5875	269.0000
434	-22.9125	269.0000
435	-21.6125	269.0000
436	-21.6125	270.0000
437	-21.9375	269.0000
438	-21.4500	270.0000
439	-21.6125	268.0000
440	-21.6125	270.0000
441	-21.6125	268.0000
442	-21.4500	270.0000
443	-21.6125	268.0000
444	-21.4500	270.0000
445	-21.6125	268.0000
446	-21.4500	270.0000
447	-21.4500	268.0000
448	-21.2875	270.0000
449	-21.4500	268.0000
450	-21.2875	270.0000
451	-21.1250	269.0000
452	-21.2875	269.0000
453	-21.4500	269.0000
454	-21.4500	270.0000
455	-21.2875	269.0000
456	-21.1250	269.0000
457	-21.2875	269.0000
458	-20.9625	269.0000
459	-21.1250	269.0000
460	-21.2875	268.0000
461	-21.9375	270.0000
462	-21.1250	269.0000
463	-21.1250	270.0000
464	-20.9625	269.0000
465	-21.4500	270.0000
466	-20.8000	268.0000
467	-20.8000	270.0000
468	-21.4500	269.0000
469	-20.9625	270.0000
470	-20.9625	269.0000
471	-20.8000	270.0000
472	-21.2875	268.0000
473	-20.9625	270.0000
474	-20.8000	268.0000
475	-20.8000	270.0000
476	-21.6125	269.0000
477	-20.8000	270.0000
478	-20.6375	269.0000
479	-20.6375	269.0000
480	-20.8000	269.0000
481	-20.6375	269.0000
482	-20.6375	269.0000
483	-20.4750	269.0000
484	-20.6375	269.0000
485	-20.4750	269.0000
486	-20.6375	270.0000
487	-20.4750	269.0000
488	-21.6125	270.0000
489	-20.4750	268.0000
490	-20.6375	269.0000
491	-20.6375	268.0000
492	-20.3125	269.0000
493	-20.4750	268.0000
494	-20.4750	270.0000
495	-21.6125	268.0000
496	-22.2625	270.0000
497	-20.9625	268.0000
498	-20.8000	270.0000
499	-20.9625	269.0000
500	-20.9625	270.0000
501	-20.9625	269.0000
502	-20.9625	270.0000
503	-21.1250	269.0000
504	-20.9625	270.0000
505	-20.8000	270.0000
506	-20.9625	269.0000
507	-20.9625	269.0000
508	-20.9625	269.0000
509	-20.9625	270.0000
510	-20.8000	269.0000
511	-20.9625	270.0000
512	-20.9625	269.0000
513	-20.8000	270.0000
514	-20.9625	269.0000
515	-20.8000	270.0000
516	-20.6375	269.0000
517	-20.6375	270.0000
518	-20.6375	268.0000
519	-20.8000	270.0000
520	-20.8000	268.0000
521	-20.6375	270.0000
522	-20.6375	268.0000
523	-20.6375	270.0000
524	-20.4750	268.0000
525	-20.6375	270.0000
526	-20.8000	269.0000
527	-20.6375	270.0000
528	-20.8000	269.0000
529	-20.8000	270.0000
530	-20.8000	269.0000
531	-20.8000	270.0000
532	-20.6375	269.0000
533	-20.6375	269.0000
534	-20.6375	269.0000
535	-20.6375	267.0000
536	-20.4750	270.0000
537	-20.1500	269.0000
538	-19.9875	270.0000
539	-19.9875	268.0000
540	-20.8000	270.0000
541	-19.9875	269.0000
542	-22.2625	270.0000
543	-20.3125	268.0000
544	-20.1500	269.0000
545	-20.1500	268.0000
546	-20.8000	270.0000
547	-19.8250	268.0000
548	-20.4750	270.0000
549	-19.9875	268.0000
550	-22.2625	270.0000
551	-33.3125	269.0000
552	-48.7500	270.0000
553	-49.2375	269.0000
554	-49.0750	270.0000
555	-49.0750	269.0000
556	-49.2375	270.0000
557	-49.0750	269.0000
558	-49.0750	269.0000
559	-49.4000	269.0000
560	-48.9125	269.0000
561	-48.9125	270.0000
562	-48.7500	268.0000
563	-48.9125	270.0000
564	-49.0750	268.0000
565	-48.7500	270.0000
566	-49.0750	268.0000
567	-48.7500	270.0000
568	-49.0750	268.0000
569	-48.9125	270.0000
570	-48.5875	268.0000
571	-49.0750	270.0000
572	-48.7500	268.0000
573	-48.7500	270.0000
574	-49.0750	268.0000
575	-49.2375	270.0000
576	-49.2375	269.0000
577	-48.9125	270.0000
578	-48.9125	267.0000
579	-48.9125	270.0000
580	-49.0750	269.0000
581	-48.9125	269.0000
582	-49.2375	269.0000
583	-48.9125	269.0000
584	-48.7500	269.0000
585	-48.7500	270.0000
586	-48.7500	270.0000
587	-48.7500	269.0000
588	-48.7500	270.0000
589	-48.7500	269.0000
590	-49.2375	271.0000
591	-48.9125	269.0000
592	-48.5875	270.0000
593	-48.7500	268.0000
594	-49.0750	270.0000
595	-48.5875	268.0000
596	-48.5875	270.0000
597	-48.4250	268.0000
598	-48.2625	270.0000
599	-48.4250	269.0000
600	-48.5875	270.0000
601	-32.8250	269.0000
602	-19.0125	270.0000
603	-18.5250	269.0000
604	-18.5250	270.0000
605	-18.5250	269.0000
606	-19.6625	269.0000
607	-18.8500	269.0000
608	-18.6875	269.0000
609	-18.5250	269.0000
610	-18.5250	269.0000
611	-18.3625	269.0000
612	-19.1750	269.0000
613	-19.3375	270.0000
614	-18.5250	269.0000
615	-18.3625	270.0000
616	-18.2000	268.0000
617	-18.2000	270.0000
618	-18.0375	268.0000
619	-18.2000	270.0000
620	-18.5250	268.0000
621	-18.6875	270.0000
622	-19.1750	269.0000
623	-18.3625	270.0000
624	-18.3625	269.0000
625	-18.0375	270.0000
626	-18.2000	269.0000
627	-17.8750	270.0000
628	-17.8750	269.0000
629	-17.8750	266.0000
630	-17.8750	269.0000
631	-17.8750	269.0000
632	-17.7125	269.0000
633	-17.8750	269.0000
634	-17.5500	268.0000
635	-17.5500	269.0000
636	-17.5500	270.0000
637	-17.5500	269.0000
638	-17.5500	270.0000
639	-17.3875	268.0000
640	-17.3875	270.0000
641	-17.0625	268.0000
642	-17.2250	270.0000
643	-17.0625	269.0000
644	-16.9000	270.0000
645	-17.0625	269.0000
646	-17.0625	270.0000
647	-16.7375	268.0000
648	-17.0625	270.0000
649	-17.3875	269.0000
650	-17.2250	270.0000
651	-16.7375	269.0000
652	-16.5750	270.0000
653	-16.7375	269.0000
654	-16.5750	269.0000
655	-16.5750	269.0000
656	-16.4125	269.0000
657	-16.2500	266.0000
658	-16.2500	269.0000
659	-16.2500	270.0000
660	-16.2500	269.0000
661	-15.9250	270.0000
662	-15.9250	268.0000
663	-15.7625	270.0000
664	-15.9250	268.0000
665	-15.6000	270.0000
666	-15.7625	269.0000
667	-15.1125	270.0000
668	-15.2750	269.0000
669	-14.9500	270.0000
670	-14.6250	269.0000
671	-14.4625	270.0000
672	-15.2750	268.0000
673	-13.6500	270.0000
674	-13.6500	269.0000
675	-13.4875	270.0000
676	-12.3500	269.0000
677	-12.1875	270.0000
678	-11.5375	269.0000
679	-11.2125	268.0000
680	-10.5625	269.0000
681	-10.0750	270.0000
682	-9.4250	269.0000
683	-9.9125	269.0000
684	-8.9375	269.0000
685	-8.1250	269.0000
686	-7.6375	270.0000
687	-6.9875	269.0000
688	-6.0125	270.0000
689	-5.5250	269.0000
690	-4.7125	270.0000
691	-4.0625	268.0000
692	-3.0875	271.0000
693	-2.7625	269.0000
694	-1.4625	270.0000
695	-0.8125	269.0000
696	0.1625	270.0000
697	0.8125	268.0000
698	1.9500	270.0000
699	2.9250	269.0000
700	3.5750	270.0000
701	4.7125	269.0000
702	5.0375	270.0000
703	6.5000	269.0000
704	7.4750	270.0000
705	7.8000	269.0000
706	9.5875	269.0000
707	10.7250	269.0000
708	11.2125	269.0000
709	12.8375	270.0000
710	14.1375	270.0000
711	15.4375	270.0000
712	16.2500	269.0000
713	17.5500	270.0000
714	17.7125	269.0000
715	20.3125	270.0000
716	21.4500	269.0000
717	22.7500	270.0000
718	24.2125	268.0000
719	25.6750	270.0000
720	26.9750	268.0000
721	28.2750	270.0000
722	29.7375	269.0000
723	30.8750	270.0000
724	32.3375	269.0000
725	33.8000	270.0000
726	35.1000	269.0000
727	36.5625	270.0000
728	38.1875	269.0000
729	39.3250	270.0000
730	41.1125	269.0000
731	42.5750	269.0000
732	44.2000	269.0000
733	45.3375	269.0000
734	46.9625	269.0000
735	48.1000	269.0000
736	50.2125	270.0000
737	51.5125	269.0000
738	52.9750	270.0000
739	55.5750	269.0000
740	56.8750	270.0000
741	57.8500	268.0000
742	59.9625	270.0000
743	61.7500	269.0000
744	63.3750	270.0000
745	64.8375	268.0000
746	65.8125	270.0000
747	67.9250	269.0000
748	70.0375	270.0000
749	71.9875	269.0000
750	73.7750	270.0000
751	75.5625	269.0000
752	76.8625	270.0000
753	78.6500	271.0000
754	80.4375	270.0000
755	82.3875	269.0000
756	84.1750	270.0000
757	85.8000	270.0000
758	87.5875	270.0000
759	89.7000	270.0000
760	91.3250	269.0000
761	93.1125	270.0000
762	94.9000	269.0000
763	96.8500	270.0000
764	98.6375	269.0000
765	100.4250	270.0000
766	101.5625	269.0000
767	103.8375	270.0000
768	105.7875	269.0000
769	107.9000	270.0000
770	109.8500	269.0000
771	111.3125	270.0000
772	112.7750	269.0000
773	114.5625	270.0000
774	116.5125	269.0000
775	117.6500	270.0000
776	119.1125	269.0000
777	120.5750	270.0000
778	121.5500	269.0000
779	122.8500	269.0000
780	123.9875	270.0000
781	124.6375	270.0000
782	125.6125	270.0000
783	126.4250	270.0000
784	127.0750	270.0000
785	127.8875	269.0000
786	128.3750	270.0000
787	129.0250	269.0000
788	129.6750	269.0000
789	130.0000	269.0000
790	130.1625	270.0000
791	130.4875	268.0000
792	130.9750	270.0000
793	131.1375	269.0000
794	131.3000	270.0000
795	131.6250	269.0000
796	131.1375	270.0000
797	131.6250	269.0000
798	131.6250	270.0000
799	131.4625	269.0000
800	131.1375	270.0000
801	131.3000	269.0000
802	130.9750	270.0000
803	130.6500	270.0000
804	130.8125	270.0000
805	130.3250	270.0000
806	129.6750	270.0000
807	129.6750	270.0000
808	128.8625	270.0000
809	128.0500	270.0000
810	128.0500	269.0000
811	127.7250	270.0000
812	127.2375	269.0000
813	126.9125	270.0000
814	126.2625	270.0000
815	125.2875	270.0000
816	125.4500	269.0000
817	124.6375	270.0000
818	123.5000	269.0000
819	123.1750	270.0000
820	122.5250	269.0000
821	121.5500	270.0000
822	120.5750	269.0000
823	119.9250	270.0000
824	119.2750	269.0000
825	118.3000	270.0000
826	117.3250	269.0000
827	116.6750	270.0000
828	115.8625	269.0000
829	114.5625	270.0000
830	114.0750	269.0000
831	113.1000	270.0000
832	112.1250	270.0000
833	110.9875	268.0000
834	110.1750	270.0000
835	108.8750	269.0000
836	107.9000	270.0000
837	106.7625	269.0000
838	105.7875	270.0000
839	104.4875	269.0000
840	103.5125	270.0000
841	102.5375	269.0000
842	101.4000	270.0000
843	100.2625	269.0000
844	98.9625	270.0000
845	96.6875	269.0000
846	96.6875	270.0000
847	95.3875	269.0000
848	94.0875	270.0000
849	92.9500	269.0000
850	91.6500	270.0000
851	90.5125	269.0000
852	88.8875	270.0000
853	86.9375	269.0000
854	85.8000	270.0000
855	84.9875	269.0000
856	83.5250	270.0000
857	81.9000	269.0000
858	80.7625	269.0000
859	79.4625	273.0000
860	78.1625	269.0000
861	76.2125	270.0000
862	75.0750	269.0000
863	73.4500	270.0000
864	72.1500	269.0000
865	70.0375	270.0000
866	69.2250	269.0000
867	67.7625	270.0000
868	66.3000	268.0000
869	64.6750	270.0000
870	63.3750	269.0000
871	60.2875	270.0000
872	59.6375	269.0000
873	58.3375	270.0000
874	57.2000	269.0000
875	55.7375	270.0000
876	54.2750	269.0000
877	52.1625	270.0000
878	50.7000	269.0000
879	49.5625	270.0000
880	48.1000	269.0000
881	46.4750	269.0000
882	44.6875	269.0000
883	42.4125	269.0000
884	41.7625	270.0000
885	40.1375	269.0000
886	38.3500	270.0000
887	36.2375	269.0000
888	35.4250	270.0000
889	33.8000	269.0000
890	32.0125	270.0000
891	30.2250	268.0000
892	28.7625	270.0000
893	27.1375	268.0000
894	25.0250	270.0000
895	23.8875	268.0000
896	22.2625	270.0000
897	21.2875	268.0000
898	19.1750	270.0000
899	18.3625	268.0000
900	16.9000	271.0000
901	15.7625	268.0000
902	14.1375	270.0000
903	12.6750	269.0000
904	12.8375	270.0000
905	12.1875	269.0000
906	11.0500	270.0000
907	10.5625	269.0000
908	10.5625	269.0000
909	10.2375	269.0000
910	9.9125	269.0000
911	9.4250	269.0000
912	8.9375	269.0000
913	8.6125	270.0000
914	8.2875	268.0000
915	8.1250	270.0000
916	8.1250	268.0000
917	7.1500	270.0000
918	7.8000	268.0000
919	7.3125	270.0000
920	7.6375	268.0000
921	7.1500	270.0000
922	6.9875	268.0000
923	6.9875	270.0000
924	7.1500	269.0000
925	6.6625	270.0000
926	6.6625	269.0000
927	6.6625	270.0000
928	6.6625	269.0000
929	6.1750	270.0000
930	6.5000	269.0000
931	6.6625	269.0000
932	6.5000	269.0000
933	4.3875	270.0000
934	5.6875	270.0000
935	5.8500	269.0000
936	5.8500	270.0000
937	5.8500	269.0000
938	5.8500	270.0000
939	5.6875	268.0000
940	5.2000	270.0000
941	5.5250	268.0000
942	5.3625	270.0000
943	5.5250	268.0000
944	4.5500	270.0000
945	5.3625	268.0000
946	4.7125	270.0000
947	5.5250	268.0000
948	4.0625	270.0000
949	5.2000	269.0000
950	5.3625	270.0000
951	5.2000	269.0000
952	4.7125	270.0000
953	5.2000	269.0000
954	5.2000	270.0000
955	5.0375	269.0000
956	4.8750	270.0000
957	5.0375	271.0000
958	4.2250	269.0000
959	4.7125	269.0000
960	4.5500	269.0000
961	4.8750	270.0000
962	4.8750	269.0000
963	5.0375	270.0000
964	4.7125	265.0000
965	5.0375	270.0000
966	4.7125	268.0000
967	4.7125	270.0000
968	4.5500	269.0000
969	4.5500	270.0000
970	4.8750	268.0000
971	4.7125	269.0000
972	4.5500	269.0000
973	4.5500	270.0000
974	4.5500	269.0000
975	4.0625	270.0000
976	4.2250	269.0000
977	4.3875	270.0000
978	4.5500	268.0000
979	4.3875	270.0000
980	4.3875	269.0000
981	4.3875	269.0000
982	4.5500	269.0000
983	4.2250	269.0000
984	4.2250	269.0000
985	4.2250	269.0000
986	4.5500	270.0000
987	4.2250	270.0000
988	4.2250	270.0000
989	4.2250	268.0000
990	3.9000	270.0000
991	3.7375	269.0000
992	4.0625	270.0000
993	4.0625	268.0000
994	3.7375	270.0000
995	4.0625	268.0000
996	1.9500	270.0000
997	3.4125	269.0000
998	3.7375	270.0000
999	4.0625	269.0000
1000	4.0625	270.0000
1001	4.2250	269.0000
1002	3.9000	270.0000
1003	3.9000	269.0000
1004	4.0625	270.0000
1005	4.0625	270.0000
1006	3.7375	270.0000
1007	4.0625	268.0000
1008	3.9000	269.0000
1009	4.2250	269.0000
1010	3.9000	269.0000
1011	4.0625	269.0000
1012	3.9000	269.0000
1013	4.0625	270.0000
1014	3.9000	265.0000
1015	3.7375	270.0000
1016	3.9000	269.0000
1017	3.9000	270.0000
1018	3.0875	268.0000
1019	3.5750	270.0000
1020	3.9000	268.0000
1021	3.2500	270.0000
1022	3.7375	269.0000
1023	3.7375	270.0000
#8328
0	3.7375	268.0000
1	2.2750	270.0000
2	3.0875	268.0000
3	3.2500	270.0000
4	-1.7875	268.0000
5	-0.4875	270.0000
6	3.0875	269.0000
7	2.9250	270.0000
8	3.0875	269.0000
9	2.9250	270.0000
10	3.2500	269.0000
11	3.0875	270.0000
12	3.0875	269.0000
13	3.0875	270.0000
14	3.0875	269.0000
15	3.0875	270.0000
16	3.0875	269.0000
17	3.0875	269.0000
18	2.9250	270.0000
19	2.7625	269.0000
20	3.0875	270.0000
21	3.0875	269.0000
22	3.0875	270.0000
23	2.9250	269.0000
24	3.0875	270.0000
25	2.9250	269.0000
26	3.0875	270.0000
27	3.0875	268.0000
28	2.9250	270.0000
29	2.9250	268.0000
30	2.9250	270.0000
31	2.9250	268.0000
32	2.9250	270.0000
33	0.8125	268.0000
34	-0.4875	270.0000
35	2.9250	268.0000
36	2.9250	270.0000
37	2.9250	269.0000
38	2.9250	270.0000
39	2.9250	267.0000
40	2.9250	270.0000
41	2.9250	269.0000
42	2.7625	269.0000
43	3.0875	269.0000
44	2.9250	269.0000
45	2.7625	270.0000
46	2.7625	269.0000
47	2.7625	270.0000
48	2.6000	267.0000
49	2.7625	270.0000
50	2.7625	268.0000
51	2.7625	270.0000
52	2.7625	268.0000
53	2.7625	270.0000
54	2.7625	269.0000
55	2.7625	270.0000
56	2.6000	269.0000
57	3.2500	270.0000
58	3.0875	269.0000
59	3.0875	270.0000
60	0.8125	266.0000
61	2.4375	270.0000
62	2.9250	269.0000
63	2.9250	270.0000
64	2.6000	269.0000
65	1.3000	270.0000
66	2.9250	269.0000
67	2.9250	269.0000
68	2.7625	269.0000
69	2.4375	269.0000
70	2.7625	270.0000
71	2.9250	269.0000
72	2.6000	270.0000
73	2.6000	269.0000
74	2.7625	270.0000
75	2.7625	268.0000
76	2.6000	270.0000
77	2.4375	269.0000
78	2.2750	270.0000
79	2.6000	269.0000
80	1.7875	270.0000
81	0.6500	268.0000
82	2.1125	270.0000
83	2.1125	268.0000
84	1.7875	270.0000
85	1.4625	269.0000
86	1.7875	270.0000
87	2.4375	269.0000
88	2.2750	270.0000
89	1.6250	269.0000
90	2.4375	270.0000
91	2.4375	269.0000
92	1.3000	269.0000
93	2.2750	269.0000
94	1.9500	269.0000
95	1.9500	269.0000
96	1.9500	269.0000
97	2.2750	272.0000
98	1.3000	269.0000
99	1.9500	270.0000
100	1.9500	268.0000
101	1.9500	270.0000
102	1.6250	268.0000
103	1.4625	270.0000
104	1.9500	268.0000
105	1.7875	270.0000
106	1.7875	268.0000
107	0.3250	270.0000
108	1.6250	269.0000
109	1.6250	270.0000
110	0.3250	269.0000
111	0.4875	270.0000
112	1.4625	269.0000
113	1.4625	270.0000
114	0.8125	269.0000
115	0.8125	270.0000
116	1.4625	269.0000
117	1.1375	269.0000
118	0.8125	270.0000
119	1.3000	269.0000
120	1.3000	270.0000
121	0.9750	269.0000
122	0.9750	270.0000
123	-0.9750	268.0000
124	1.1375	270.0000
125	1.1375	271.0000
126	0.3250	270.0000
127	0.3250	268.0000
128	0.6500	270.0000
129	0.1625	268.0000
130	0.1625	270.0000
131	0.8125	268.0000
132	0.8125	270.0000
133	0.4875	268.0000
134	0.3250	270.0000
135	-0.3250	268.0000
136	0.3250	273.0000
137	0.4875	269.0000
138	0.3250	269.0000
139	-0.3250	269.0000
140	0.1625	270.0000
141	0.1625	269.0000
142	-0.6500	270.0000
143	-2.1125	269.0000
144	-1.6250	269.0000
145	-0.8125	269.0000
146	-0.3250	269.0000
147	-0.6500	270.0000
148	-0.6500	269.0000
149	-0.6500	270.0000
150	-0.6500	268.0000
151	-0.8125	270.0000
152	-0.8125	268.0000
153	-1.1375	270.0000
154	-1.1375	268.0000
155	-1.3000	270.0000
156	-1.7875	268.0000
157	-1.9500	270.0000
158	-2.2750	268.0000
159	-2.4375	270.0000
160	-2.7625	269.0000
161	-3.0875	270.0000
162	-3.2500	269.0000
163	-3.5750	270.0000
164	-4.3875	269.0000
165	-4.5500	270.0000
166	-5.2000	269.0000
167	-5.5250	269.0000
168	-6.3375	270.0000
169	-7.8000	269.0000
170	-7.4750	270.0000
171	-7.8000	269.0000
172	-9.4250	270.0000
173	-9.1000	269.0000
174	-10.0750	270.0000
175	-10.7250	268.0000
176	-12.0250	270.0000
177	-11.5375	268.0000
178	-12.3500	270.0000
179	-13.6500	268.0000
180	-14.3000	270.0000
181	-14.7875	268.0000
182	-15.6000	270.0000
183	-16.2500	267.0000
184	-17.3875	270.0000
185	-18.5250	269.0000
186	-19.1750	270.0000
187	-20.1500	269.0000
188	-20.8000	270.0000
189	-21.7750	269.0000
190	-22.7500	269.0000
191	-24.0500	269.0000
192	-24.8625	269.0000
193	-25.8375	269.0000
194	-27.1375	269.0000
195	-28.1125	270.0000
196	-29.4125	269.0000
197	-31.5250	270.0000
198	-31.3625	268.0000
199	-34.4500	270.0000
200	-33.6375	268.0000
201	-35.1000	270.0000
202	-36.2375	268.0000
203	-38.8375	270.0000
204	-38.6750	268.0000
205	-40.7875	270.0000
206	-41.9250	268.0000
207	-42.9000	270.0000
208	-44.2000	269.0000
209	-45.3375	270.0000
210	-46.3125	268.0000
211	-47.9375	270.0000
212	-48.9125	269.0000
213	-50.5375	270.0000
214	-52.0000	269.0000
215	-53.4625	269.0000
216	-54.7625	269.0000
217	-56.5500	269.0000
218	-59.1500	269.0000
219	-59.6375	269.0000
220	-60.9375	270.0000
221	-62.5625	269.0000
222	-64.5125	270.0000
223	-65.6500	269.0000
224	-67.1125	270.0000
225	-68.9000	268.0000
226	-70.5250	270.0000
227	-71.8250	268.0000
228	-73.2875	270.0000
229	-74.9125	268.0000
230	-77.5125	271.0000
231	-78.3250	269.0000
232	-80.1125	270.0000
233	-82.5500	268.0000
234	-84.0125	270.0000
235	-84.9875	269.0000
236	-86.7750	270.0000
237	-88.4000	269.0000
238	-90.1875	270.0000
239	-91.8125	269.0000
240	-93.6000	270.0000
241	-95.2250	269.0000
242	-97.0125	269.0000
243	-98.8000	269.0000
244	-100.5875	269.0000
245	-102.2125	269.0000
246	-104.6500	269.0000
247	-105.9500	270.0000
248	-107.5750	268.0000
249	-109.8500	270.0000
250	-111.1500	268.0000
251	-114.0750	270.0000
252	-114.7250	268.0000
253	-116.3500	270.0000
254	-118.4625	268.0000
255	-120.7375	270.0000
256	-122.8500	269.0000
257	-123.9875	270.0000
258	-125.6125	269.0000
259	-127.8875	270.0000
260	-129.0250	269.0000
261	-131.6250	270.0000
262	-132.2750	269.0000
263	-133.5750	270.0000
264	-135.6875	269.0000
265	-136.6625	270.0000
266	-137.3125	269.0000
267	-138.4500	270.0000
268	-141.2125	270.0000
269	-141.2125	269.0000
270	-141.5375	270.0000
271	-142.0250	269.0000
272	-142.8375	270.0000
273	-143.3250	269.0000
274	-143.9750	270.0000
275	-144.3000	268.0000
276	-144.9500	270.0000
277	-145.4375	269.0000
278	-145.6000	270.0000
279	-146.4125	269.0000
280	-146.7375	270.0000
281	-147.8750	269.0000
282	-146.7375	270.0000
283	-146.7375	269.0000
284	-147.0625	270.0000
285	-146.9000	269.0000
286	-146.7375	270.0000
287	-146.9000	269.0000
288	-147.0625	270.0000
289	-146.4125	269.0000
290	-146.4125	270.0000
291	-146.2500	269.0000
292	-145.9250	269.0000
293	-145.6000	269.0000
294	-145.6000	269.0000
295	-144.9500	270.0000
296	-144.6250	269.0000
297	-144.3000	270.0000
298	-143.6500	269.0000
299	-143.1625	270.0000
300	-142.8375	269.0000
301	-142.0250	270.0000
302	-141.7000	268.0000
303	-140.8875	270.0000
304	-140.5625	268.0000
305	-139.9125	270.0000
306	-139.1000	269.0000
307	-138.9375	270.0000
308	-137.6375	269.0000
309	-137.8000	270.0000
310	-136.5000	269.0000
311	-135.5250	270.0000
312	-134.8750	269.0000
313	-133.9000	270.0000
314	-133.0875	269.0000
315	-133.2500	270.0000
316	-131.1375	269.0000
317	-130.3250	270.0000
318	-130.3250	270.0000
319	-128.5375	269.0000
320	-127.4000	270.0000
321	-126.4250	269.0000
322	-126.4250	270.0000
323	-124.8000	269.0000
324	-123.5000	270.0000
325	-122.3625	269.0000
326	-121.7125	270.0000
327	-120.2500	269.0000
328	-118.9500	270.0000
329	-117.8125	268.0000
330	-118.9500	270.0000
331	-116.3500	269.0000
332	-114.7250	270.0000
333	-113.4250	269.0000
334	-111.9625	270.0000
335	-110.8250	269.0000
336	-109.6875	270.0000
337	-108.2250	269.0000
338	-107.2500	270.0000
339	-105.7875	269.0000
340	-104.3250	270.0000
341	-103.6750	269.0000
342	-102.7000	270.0000
343	-100.4250	269.0000
344	-99.4500	269.0000
345	-98.1500	269.0000
346	-96.6875	268.0000
347	-95.2250	270.0000
348	-93.7625	268.0000
349	-92.4625	270.0000
350	-91.1625	269.0000
351	-89.8625	270.0000
352	-88.4000	268.0000
353	-87.2625	271.0000
354	-85.1500	269.0000
355	-84.5000	270.0000
356	-83.6875	270.0000
357	-80.9250	270.0000
358	-79.4625	269.0000
359	-79.4625	270.0000
360	-77.5125	269.0000
361	-75.8875	270.0000
362	-73.2875	269.0000
363	-71.9875	270.0000
364	-70.5250	269.0000
365	-69.3875	269.0000
366	-67.6000	269.0000
367	-65.9750	266.0000
368	-65.1625	269.0000
369	-62.7250	269.0000
370	-60.9375	269.0000
371	-59.8000	269.0000
372	-58.3375	270.0000
373	-56.3875	269.0000
374	-54.9250	270.0000
375	-53.3000	268.0000
376	-52.1625	270.0000
377	-50.0500	268.0000
378	-48.4250	270.0000
379	-47.1250	268.0000
380	-45.8250	270.0000
381	-43.8750	268.0000
382	-42.2500	270.0000
383	-40.7875	268.0000
384	-40.3000	270.0000
385	-37.8625	269.0000
386	-36.2375	270.0000
387	-34.7750	268.0000
388	-33.3125	270.0000
389	-32.1750	266.0000
390	-30.8750	270.0000
391	-30.2250	269.0000
392	-29.5750	269.0000
393	-29.5750	269.0000
394	-28.9250	269.0000
395	-27.6250	270.0000
396	-27.3000	269.0000
397	-26.8125	270.0000
398	-26.3250	269.0000
399	-26.8125	270.0000
400	-26.0000	268.0000
401	-25.3500	270.0000
402	-25.3500	269.0000
403	-25.1875	270.0000
404	-25.1875	268.0000
405	-24.7000	270.0000
406	-24.7000	269.0000
407	-24.3750	270.0000
408	-24.0500	268.0000
409	-23.8875	270.0000
410	-24.0500	269.0000
411	-23.7250	270.0000
412	-23.4000	269.0000
413	-24.0500	270.0000
414	-23.5625	269.0000
415	-23.0750	270.0000
416	-23.2375	269.0000
417	-23.2375	269.0000
418	-23.0750	269.0000
419	-23.0750	269.0000
420	-23.2375	270.0000
421	-23.0750	269.0000
422	-23.0750	270.0000
423	-22.4250	269.0000
424	-22.9125	270.0000
425	-23.0750	269.0000
426	-22.5875	270.0000
427	-22.5875	268.0000
428	-22.2625	270.0000
429	-22.7500	264.0000
430	-22.5875	270.0000
431	-22.2625	268.0000
432	-22.2625	270.0000
433	-22.2625	268.0000
434	-21.9375	270.0000
435	-21.9375	269.0000
436	-21.7750	270.0000
437	-21.7750	269.0000
438	-22.4250	269.0000
439	-21.7750	269.0000
440	-21.7750	269.0000
441	-21.9375	269.0000
442	-21.7750	269.0000
443	-21.4500	269.0000
444	-21.6125	269.0000
445	-22.4250	269.0000
446	-21.6125	269.0000
447	-21.6125	270.0000
448	-21.2875	269.0000
449	-21.6125	270.0000
450	-21.4500	268.0000
451	-21.2875	270.0000
452	-21.1250	269.0000
453	-21.7750	270.0000
454	-21.6125	269.0000
455	-21.6125	270.0000
456	-21.4500	268.0000
457	-21.7750	270.0000
458	-20.9625	269.0000
459	-20.8000	270.0000
460	-21.4500	268.0000
461	-22.2625	270.0000
462	-21.1250	269.0000
463	-21.4500	270.0000
464	-21.1250	269.0000
465	-21.2875	270.0000
466	-20.8000	269.0000
467	-20.9625	270.0000
468	-20.6375	269.0000
469	-20.8000	269.0000
470	-20.9625	269.0000
471	-21.2875	270.0000
472	-20.8000	270.0000
473	-20.8000	269.0000
474	-20.4750	270.0000
475	-20.6375	268.0000
476	-20.8000	270.0000
477	-20.8000	269.0000
478	-20.6375	270.0000
479	-20.6375	269.0000
480	-20.8000	270.0000
481	-20.4750	269.0000
482	-20.6375	270.0000
483	-21.7750	269.0000
484	-20.4750	270.0000
485	-20.6375	269.0000
486	-20.3125	270.0000
487	-20.8000	269.0000
488	-20.3125	270.0000
489	-20.3125	269.0000
490	-20.6375	270.0000
491	-20.4750	270.0000
492	-21.2875	269.0000
493	-20.4750	270.0000
494	-20.6375	269.0000
495	-20.8000	268.0000
496	-20.9625	269.0000
497	-20.3125	270.0000
498	-20.1500	269.0000
499	-20.4750	270.0000
500	-20.6375	268.0000
501	-20.1500	270.0000
502	-20.1500	268.0000
503	-20.9625	270.0000
504	-20.3125	268.0000
505	-20.1500	270.0000
506	-20.4750	268.0000
507	-20.1500	270.0000
508	-20.1500	268.0000
509	-20.1500	270.0000
510	-20.3125	269.0000
511	-20.4750	270.0000
512	-20.6375	269.0000
513	-19.9875	270.0000
514	-20.8000	269.0000
515	-19.9875	270.0000
516	-19.9875	269.0000
517	-20.4750	267.0000
518	-21.1250	269.0000
519	-21.1250	269.0000
520	-20.3125	270.0000
521	-20.1500	269.0000
522	-20.6375	270.0000
523	-19.9875	269.0000
524	-20.1500	270.0000
525	-20.3125	269.0000
526	-20.9625	270.0000
527	-20.3125	269.0000
528	-19.9875	270.0000
529	-21.6125	269.0000
530	-20.3125	270.0000
531	-19.8250	268.0000
532	-19.8250	270.0000
533	-21.2875	269.0000
534	-19.8250	270.0000
535	-19.9875	268.0000
536	-19.8250	270.0000
537	-20.1500	269.0000
538	-19.8250	270.0000
539	-19.6625	271.0000
540	-19.6625	270.0000
541	-20.9625	269.0000
542	-19.8250	269.0000
543	-19.8250	269.0000
544	-19.9875	269.0000
545	-19.9875	270.0000
546	-19.9875	269.0000
547	-19.6625	270.0000
548	-20.1500	269.0000
549	-19.9875	270.0000
550	-19.6625	268.0000
551	-19.5000	270.0000
552	-19.5000	268.0000
553	-19.5000	270.0000
554	-20.1500	268.0000
555	-19.5000	270.0000
556	-19.8250	269.0000
557	-19.5000	270.0000
558	-20.6375	269.0000
559	-19.6625	268.0000
560	-19.6625	268.0000
561	-19.9875	270.0000
562	-19.9875	269.0000
563	-19.6625	270.0000
564	-19.8250	269.0000
565	-19.9875	269.0000
566	-19.5000	269.0000
567	-19.5000	269.0000
568	-19.8250	269.0000
569	-19.5000	269.0000
570	-20.1500	270.0000
571	-19.3375	269.0000
572	-19.5000	270.0000
573	-19.3375	269.0000
574	-19.1750	270.0000
575	-19.3375	269.0000
576	-19.3375	270.0000
577	-19.1750	268.0000
578	-19.0125	270.0000
579	-19.1750	268.0000
580	-19.0125	270.0000
581	-22.4250	269.0000
582	-19.8250	270.0000
583	-19.3375	269.0000
584	-19.1750	270.0000
585	-19.0125	268.0000
586	-19.1750	270.0000
587	-19.5000	270.0000
588	-19.0125	270.0000
589	-18.6875	269.0000
590	-18.8500	270.0000
591	-19.0125	269.0000
592	-19.8250	270.0000
593	-18.6875	270.0000
594	-18.8500	268.0000
595	-18.8500	270.0000
596	-18.6875	269.0000
597	-18.5250	270.0000
598	-18.8500	269.0000
599	-18.6875	270.0000
600	-18.6875	268.0000
601	-18.8500	270.0000
602	-19.3375	268.0000
603	-18.6875	270.0000
604	-19.1750	269.0000
605	-18.5250	270.0000
606	-18.3625	268.0000
607	-18.5250	270.0000
608	-19.1750	269.0000
609	-18.3625	270.0000
610	-19.0125	269.0000
611	-18.2000	270.0000
612	-18.6875	269.0000
613	-18.3625	270.0000
614	-18.3625	269.0000
615	-18.0375	270.0000
616	-18.3625	269.0000
617	-18.2000	270.0000
618	-18.2000	269.0000
619	-17.8750	266.0000
620	-18.0375	269.0000
621	-18.5250	269.0000
622	-17.8750	270.0000
623	-18.0375	269.0000
624	-18.2000	270.0000
625	-18.0375	269.0000
626	-18.3625	270.0000
627	-17.5500	268.0000
628	-17.5500	270.0000
629	-17.7125	269.0000
630	-17.7125	270.0000
631	-17.7125	268.0000
632	-17.5500	271.0000
633	-18.6875	269.0000
634	-18.2000	271.0000
635	-17.3875	268.0000
636	-17.5500	270.0000
637	-17.3875	269.0000
638	-17.8750	270.0000
639	-17.7125	269.0000
640	-17.3875	269.0000
641	-17.3875	269.0000
642	-17.3875	269.0000
643	-18.3625	269.0000
644	-17.7125	269.0000
645	-17.0625	269.0000
646	-17.2250	269.0000
647	-17.0625	270.0000
648	-17.0625	269.0000
649	-16.9000	270.0000
650	-16.9000	268.0000
651	-16.7375	270.0000
652	-16.7375	268.0000
653	-16.7375	270.0000
654	-16.9000	268.0000
655	-16.5750	270.0000
656	-16.7375	269.0000
657	-16.5750	270.0000
658	-16.0875	268.0000
659	-16.0875	270.0000
660	-16.7375	269.0000
661	-15.7625	270.0000
662	-15.9250	269.0000
663	-15.9250	270.0000
664	-15.9250	269.0000
665	-15.2750	269.0000
666	-15.2750	269.0000
667	-14.9500	269.0000
668	-14.9500	269.0000
669	-14.7875	269.0000
670	-15.1125	270.0000
671	-14.4625	269.0000
672	-13.9750	270.0000
673	-13.6500	269.0000
674	-13.6500	270.0000
675	-13.3250	269.0000
676	-12.5125	270.0000
677	-12.0250	268.0000
678	-11.8625	270.0000
679	-11.7000	268.0000
680	-10.5625	270.0000
681	-10.0750	269.0000
682	-9.7500	270.0000
683	-8.9375	269.0000
684	-8.1250	270.0000
685	-7.6375	269.0000
686	-7.8000	270.0000
687	-6.5000	269.0000
688	-6.0125	270.0000
689	-5.2000	270.0000
690	-4.3875	269.0000
691	-3.7375	269.0000
692	-3.2500	269.0000
693	-2.2750	270.0000
694	-1.3000	269.0000
695	-0.8125	270.0000
696	0.3250	269.0000
697	0.0000	270.0000
698	1.9500	268.0000
699	2.7625	270.0000
700	3.5750	269.0000
701	4.7125	270.0000
702	5.5250	268.0000
703	6.0125	270.0000
704	7.6375	268.0000
705	8.9375	270.0000
706	9.5875	268.0000
707	9.1000	269.0000
708	11.7000	269.0000
709	13.1625	270.0000
710	13.9750	269.0000
711	15.1125	270.0000
712	16.7375	269.0000
713	18.0375	270.0000
714	19.1750	269.0000
715	20.4750	270.0000
716	21.9375	269.0000
717	22.5875	269.0000
718	23.7250	269.0000
719	25.5125	269.0000
720	26.3250	269.0000
721	27.9500	269.0000
722	29.7375	270.0000
723	31.2000	268.0000
724	32.1750	269.0000
725	33.1500	268.0000
726	35.4250	270.0000
727	36.5625	268.0000
728	38.3500	270.0000
729	39.4875	273.0000
730	41.4375	270.0000
731	42.5750	268.0000
732	43.8750	270.0000
733	45.6625	269.0000
734	47.4500	270.0000
735	48.5875	269.0000
736	50.3750	270.0000
737	52.0000	269.0000
738	53.9500	270.0000
739	55.4125	269.0000
740	55.7375	270.0000
741	57.6875	269.0000
742	59.6375	270.0000
743	61.9125	269.0000
744	63.3750	269.0000
745	65.1625	270.0000
746	66.9500	269.0000
747	68.7375	270.0000
748	70.2000	268.0000
749	71.8250	270.0000
750	73.7750	269.0000
751	75.4000	270.0000
752	77.0250	268.0000
753	78.9750	270.0000
754	80.7625	269.0000
755	82.3875	270.0000
756	83.8500	269.0000
757	85.9625	270.0000
758	87.9125	268.0000
759	89.5375	270.0000
760	91.1625	269.0000
761	93.1125	269.0000
762	95.2250	269.0000
763	96.6875	270.0000
764	98.6375	269.0000
765	100.4250	270.0000
766	102.5375	270.0000
767	104.3250	270.0000
768	105.6250	269.0000
769	107.4125	269.0000
770	110.0125	270.0000
771	111.4750	269.0000
772	113.5875	270.0000
773	115.0500	269.0000
774	116.6750	270.0000
775	117.8125	269.0000
776	119.1125	270.0000
777	120.5750	269.0000
778	121.7125	271.0000
779	122.8500	269.0000
780	123.0125	270.0000
781	123.6625	269.0000
782	123.9875	270.0000
783	122.6875	269.0000
784	125.9375	272.0000
785	127.2375	269.0000
786	127.8875	270.0000
787	127.0750	269.0000
788	129.1875	270.0000
789	128.0500	269.0000
790	130.1625	270.0000
791	130.6500	269.0000
792	130.8125	270.0000
793	131.1375	270.0000
794	128.5375	270.0000
795	131.1375	270.0000
796	131.4625	269.0000
797	131.4625	270.0000
798	131.3000	269.0000
799	130.9750	270.0000
800	131.3000	269.0000
801	131.3000	270.0000
802	130.0000	269.0000
803	130.3250	273.0000
804	130.8125	269.0000
805	130.4875	270.0000
806	129.6750	269.0000
807	129.0250	270.0000
808	129.1875	269.0000
809	129.0250	270.0000
810	128.0500	269.0000
811	128.0500	270.0000
812	127.5625	269.0000
813	126.9125	270.0000
814	126.1000	269.0000
815	125.1250	270.0000
816	125.1250	269.0000
817	124.4750	270.0000
818	123.6625	270.0000
819	122.6875	270.0000
820	122.3625	270.0000
821	121.5500	269.0000
822	120.5750	270.0000
823	119.9250	269.0000
824	119.1125	270.0000
825	118.3000	269.0000
826	117.8125	274.0000
827	116.6750	269.0000
828	114.7250	271.0000
829	114.7250	269.0000
830	114.0750	270.0000
831	112.9375	269.0000
832	111.1500	270.0000
833	110.9875	269.0000
834	110.1750	270.0000
835	109.0375	269.0000
836	107.9000	270.0000
837	106.7625	270.0000
838	105.9500	270.0000
839	104.8125	269.0000
840	103.5125	270.0000
841	102.5375	270.0000
842	101.4000	270.0000
843	100.4250	270.0000
844	98.9625	269.0000
845	97.6625	270.0000
846	96.3625	269.0000
847	95.3875	270.0000
848	93.6000	269.0000
849	92.7875	270.0000
850	91.6500	269.0000
851	90.3500	270.0000
852	87.2625	269.0000
853	87.4250	270.0000
854	86.1250	269.0000
855	84.3375	271.0000
856	83.2000	269.0000
857	82.2250	271.0000
858	80.9250	269.0000
859	79.6250	270.0000
860	78.0000	269.0000
861	76.5375	270.0000
862	75.4000	269.0000
863	73.2875	270.0000
864	71.9875	269.0000
865	70.3625	270.0000
866	69.3875	269.0000
867	67.9250	270.0000
868	66.4625	270.0000
869	64.8375	269.0000
870	63.0500	270.0000
871	61.9125	269.0000
872	60.1250	270.0000
873	58.5000	268.0000
874	57.2000	270.0000
875	55.7375	269.0000
876	54.1125	270.0000
877	52.6500	269.0000
878	50.8625	270.0000
879	49.5625	269.0000
880	47.6125	271.0000
881	45.3375	268.0000
882	44.8500	270.0000
883	42.9000	269.0000
884	41.7625	270.0000
885	39.1625	269.0000
886	38.5125	270.0000
887	36.2375	269.0000
888	35.2625	270.0000
889	33.6375	269.0000
890	31.0375	270.0000
891	29.9000	269.0000
892	28.1125	269.0000
893	26.3250	270.0000
894	23.2375	269.0000
895	23.7250	270.0000
896	22.2625	269.0000
897	20.8000	270.0000
898	19.3375	269.0000
899	17.8750	270.0000
900	16.5750	269.0000
901	15.7625	270.0000
902	14.4625	268.0000
903	13.3250	270.0000
904	13.0000	268.0000
905	11.2125	270.0000
906	11.3750	268.0000
907	11.2125	270.0000
908	10.7250	269.0000
909	9.9125	267.0000
910	9.4250	269.0000
911	9.2625	268.0000
912	8.1250	269.0000
913	7.9625	270.0000
914	8.1250	269.0000
915	7.6375	269.0000
916	7.1500	269.0000
917	7.8000	270.0000
918	7.4750	269.0000
919	7.6375	269.0000
920	7.4750	270.0000
921	6.8250	269.0000
922	7.4750	270.0000
923	7.3125	268.0000
924	7.1500	269.0000
925	6.9875	268.0000
926	6.8250	270.0000
927	6.5000	269.0000
928	6.6625	270.0000
929	6.1750	268.0000
930	6.3375	270.0000
931	6.3375	268.0000
932	5.6875	270.0000
933	6.5000	268.0000
934	6.3375	270.0000
935	6.0125	269.0000
936	5.0375	270.0000
937	5.8500	269.0000
938	5.8500	270.0000
939	5.3625	269.0000
940	4.8750	270.0000
941	5.6875	269.0000
942	5.5250	270.0000
943	5.5250	270.0000
944	5.6875	269.0000
945	5.3625	270.0000
946	5.3625	269.0000
947	5.2000	271.0000
948	4.0625	269.0000
949	5.3625	270.0000
950	5.3625	269.0000
951	5.2000	270.0000
952	4.3875	268.0000
953	5.0375	270.0000
954	4.2250	269.0000
955	4.8750	270.0000
956	2.6000	269.0000
957	4.7125	270.0000
958	4.8750	269.0000
959	4.7125	270.0000
960	4.5500	269.0000
961	4.5500	270.0000
962	4.8750	269.0000
963	5.0375	270.0000
964	4.5500	269.0000
965	4.8750	269.0000
966	5.0375	269.0000
967	4.7125	269.0000
968	4.5500	269.0000
969	4.0625	269.0000
970	4.5500	270.0000
971	4.0625	269.0000
972	4.2250	270.0000
973	4.0625	269.0000
974	4.0625	270.0000
975	4.2250	268.0000
976	4.2250	270.0000
977	3.7375	269.0000
978	4.2250	270.0000
979	4.5500	268.0000
980	4.7125	270.0000
981	4.0625	269.0000
982	4.3875	270.0000
983	4.0625	269.0000
984	4.2250	270.0000
985	3.4125	269.0000
986	4.2250	270.0000
987	3.4125	269.0000
988	4.2250	270.0000
989	4.0625	269.0000
990	3.0875	266.0000
991	4.2250	269.0000
992	4.0625	269.0000
993	3.9000	269.0000
994	4.0625	269.0000
995	3.5750	270.0000
996	4.0625	268.0000
997	4.0625	270.0000
998	4.0625	269.0000
999	3.7375	270.0000
1000	4.0625	269.0000
1001	1.6250	270.0000
1002	3.7375	265.0000
1003	3.9000	270.0000
1004	3.9000	269.0000
1005	4.0625	270.0000
1006	3.7375	269.0000
1007	3.9000	270.0000
1008	3.7375	268.0000
1009	3.2500	270.0000
1010	3.9000	269.0000
1011	3.4125	270.0000
1012	3.9000	269.0000
1013	3.0875	270.0000
1014	3.7375	269.0000
1015	3.7375	270.0000
1016	3.9000	269.0000
1017	3.5750	270.0000
1018	3.7375	269.0000
1019	2.2750	269.0000
1020	3.4125	270.0000
1021	3.9000	269.0000
1022	3.7375	270.0000
1023	3.7375	269.0000
#8328
