#	22.91	4095.80
#	22.26	4100.68
#	22.42	4095.80
#	22.75	4095.80
#	22.91	4090.91
#	22.91	4095.80
#	22.91	4086.02
#	20.96	4090.91
#	22.91	4086.02
#	23.07	4090.91
#	22.59	4081.13
#	22.91	4086.02
#	22.91	4081.13
#	22.59	4081.13
#	22.59	4081.13
#	22.10	4081.13
#	22.42	4076.25
#	22.26	4076.25
0	23.0750	833.0000
1	22.9125	833.0000
2	20.3125	834.0000
3	22.7500	834.0000
4	22.1000	834.0000
5	22.2625	833.0000
6	22.7500	834.0000
7	22.7500	833.0000
8	22.7500	834.0000
9	22.9125	833.0000
10	22.7500	834.0000
11	22.5875	833.0000
12	22.9125	834.0000
13	22.7500	833.0000
14	22.9125	834.0000
15	22.5875	833.0000
16	22.7500	834.0000
17	22.7500	833.0000
18	22.7500	833.0000
19	22.7500	833.0000
20	23.0750	834.0000
21	22.9125	833.0000
22	22.9125	834.0000
23	22.9125	833.0000
24	20.8000	834.0000
25	22.9125	833.0000
26	23.0750	834.0000
27	22.9125	834.0000
28	23.0750	831.0000
29	22.9125	832.0000
30	22.7500	833.0000
31	22.7500	834.0000
32	22.7500	833.0000
33	22.5875	834.0000
34	22.5875	833.0000
35	22.5875	834.0000
36	22.4250	833.0000
37	22.5875	834.0000
38	22.4250	833.0000
39	22.4250	834.0000
40	22.4250	833.0000
41	22.4250	834.0000
42	22.4250	833.0000
43	22.4250	834.0000
44	22.4250	833.0000
45	22.4250	833.0000
46	22.2625	833.0000
47	21.9375	834.0000
48	20.4750	833.0000
49	21.6125	834.0000
50	21.9375	833.0000
51	21.9375	833.0000
52	21.9375	835.0000
53	21.9375	833.0000
54	21.4500	837.0000
55	21.7750	832.0000
56	21.4500	833.0000
57	21.4500	833.0000
58	21.7750	834.0000
59	21.4500	833.0000
60	21.4500	833.0000
61	21.4500	833.0000
62	21.6125	834.0000
63	21.4500	833.0000
64	21.6125	834.0000
65	20.3125	833.0000
66	21.2875	834.0000
67	20.6375	833.0000
68	21.2875	834.0000
69	21.1250	833.0000
70	21.2875	836.0000
71	21.1250	833.0000
72	20.1500	833.0000
73	18.3625	832.0000
74	20.8000	833.0000
75	20.6375	833.0000
76	20.6375	833.0000
77	19.0125	833.0000
78	20.4750	833.0000
79	19.9875	833.0000
80	20.4750	833.0000
81	20.3125	834.0000
82	19.9875	833.0000
83	20.1500	834.0000
84	19.9875	833.0000
85	19.8250	834.0000
86	19.8250	833.0000
87	19.8250	832.0000
88	19.6625	833.0000
89	19.1750	834.0000
90	19.5000	833.0000
91	19.6625	834.0000
92	18.3625	833.0000
93	19.0125	833.0000
94	19.3375	832.0000
95	18.8500	836.0000
96	18.8500	833.0000
97	19.0125	833.0000
98	18.3625	833.0000
99	18.6875	833.0000
100	18.5250	833.0000
101	18.5250	833.0000
102	18.2000	833.0000
103	18.2000	833.0000
104	17.7125	833.0000
105	18.2000	832.0000
106	15.6000	833.0000
107	12.3500	833.0000
108	17.8750	833.0000
109	17.7125	832.0000
110	17.7125	833.0000
111	16.7375	833.0000
112	17.3875	833.0000
113	17.2250	831.0000
114	15.7625	833.0000
115	12.6750	832.0000
116	16.7375	833.0000
117	15.7625	832.0000
118	15.7625	834.0000
119	15.6000	833.0000
120	11.5375	833.0000
121	15.6000	832.0000
122	15.7625	833.0000
123	14.4625	832.0000
124	15.4375	833.0000
125	15.1125	833.0000
126	14.7875	833.0000
127	14.1375	833.0000
128	14.3000	833.0000
129	13.9750	833.0000
130	13.6500	833.0000
131	13.3250	833.0000
132	13.4875	833.0000
133	13.1625	833.0000
134	13.0000	832.0000
135	11.0500	833.0000
136	12.5125	832.0000
137	12.3500	834.0000
138	11.3750	832.0000
139	11.5375	833.0000
140	10.5625	832.0000
141	10.7250	833.0000
142	10.0750	832.0000
143	8.9375	832.0000
144	7.1500	831.0000
145	7.4750	830.0000
146	5.8500	832.0000
147	4.8750	833.0000
148	2.7625	832.0000
149	1.3000	833.0000
150	0.0000	833.0000
151	-1.4625	833.0000
152	-4.5500	833.0000
153	-6.3375	833.0000
154	-8.1250	833.0000
155	-10.5625	833.0000
156	-14.4625	833.0000
157	-15.7625	832.0000
158	-18.5250	833.0000
159	-21.7750	832.0000
160	-24.8625	833.0000
161	-28.2750	832.0000
162	-31.2000	833.0000
163	-34.4500	833.0000
164	-38.5125	833.0000
165	-41.1125	832.0000
166	-45.5000	833.0000
167	-48.9125	832.0000
168	-52.8125	833.0000
169	-57.0375	832.0000
170	-61.1000	833.0000
171	-65.1625	832.0000
172	-69.5500	833.0000
173	-74.2625	832.0000
174	-78.1625	833.0000
175	-83.0375	832.0000
176	-87.7500	834.0000
177	-92.6250	832.0000
178	-97.1750	835.0000
179	-101.8875	833.0000
180	-106.9250	831.0000
181	-112.4500	833.0000
182	-117.1625	832.0000
183	-122.5250	833.0000
184	-128.5375	833.0000
185	-133.4125	833.0000
186	-138.4500	832.0000
187	-144.1375	833.0000
188	-149.6625	832.0000
189	-155.5125	833.0000
190	-161.0375	832.0000
191	-166.5625	833.0000
192	-172.7375	832.0000
193	-179.0750	834.0000
194	-184.1125	833.0000
195	-190.1250	834.0000
196	-196.4625	833.0000
197	-202.4750	834.0000
198	-209.3000	833.0000
199	-214.5000	833.0000
200	-220.6750	833.0000
201	-227.6625	834.0000
202	-233.5125	833.0000
203	-239.6875	834.0000
204	-246.8375	834.0000
205	-252.8500	834.0000
206	-259.0250	834.0000
207	-265.6875	834.0000
208	-272.1875	834.0000
209	-278.8500	833.0000
210	-286.6500	834.0000
211	-292.0125	834.0000
212	-299.6500	835.0000
213	-305.8250	833.0000
214	-313.3000	835.0000
215	-319.4750	834.0000
216	-326.1375	835.0000
217	-333.4500	834.0000
218	-340.1125	836.0000
219	-347.1000	834.0000
220	-353.6000	836.0000
221	-360.5875	835.0000
222	-367.5750	836.0000
223	-374.4000	835.0000
224	-381.2250	836.0000
225	-388.7000	836.0000
226	-395.6875	837.0000
227	-404.1375	836.0000
228	-410.1500	837.0000
229	-417.4625	837.0000
230	-424.6125	837.0000
231	-431.9250	837.0000
232	-439.0750	837.0000
233	-448.8250	838.0000
234	-453.5375	838.0000
235	-460.8500	839.0000
236	-468.1625	838.0000
237	-475.6375	839.0000
238	-482.6250	837.0000
239	-490.1000	839.0000
240	-499.3625	839.0000
241	-506.1875	839.0000
242	-512.2000	839.0000
243	-522.9250	840.0000
244	-530.5625	839.0000
245	-537.0625	840.0000
246	-543.5625	839.0000
247	-553.6375	841.0000
248	-563.3875	840.0000
249	-567.2875	841.0000
250	-572.3250	841.0000
251	-579.8000	841.0000
252	-586.3000	841.0000
253	-593.7750	841.0000
254	-601.2500	841.0000
255	-608.5625	842.0000
256	-617.5000	842.0000
257	-623.6750	842.0000
258	-631.3125	843.0000
259	-638.4625	845.0000
260	-644.9625	843.0000
261	-652.2750	842.0000
262	-657.6375	844.0000
263	-669.5000	843.0000
264	-669.0125	844.0000
265	-674.0500	843.0000
266	-679.2500	844.0000
267	-684.9375	843.0000
268	-688.1875	845.0000
269	-691.9250	844.0000
270	-695.9875	845.0000
271	-699.7250	844.0000
272	-703.4625	846.0000
273	-706.3875	845.0000
274	-708.8250	846.0000
275	-711.2625	845.0000
276	-714.1875	846.0000
277	-715.8125	845.0000
278	-717.6000	846.0000
279	-719.3875	846.0000
280	-721.1750	846.0000
281	-722.8000	846.0000
282	-723.4500	846.0000
283	-724.7500	846.0000
284	-725.2375	846.0000
285	-726.5375	847.0000
286	-726.2125	845.0000
287	-726.7000	847.0000
288	-728.0000	846.0000
289	-728.8125	847.0000
290	-726.7000	846.0000
291	-726.2125	847.0000
292	-725.7250	846.0000
293	-725.2375	847.0000
294	-723.9375	846.0000
295	-723.4500	847.0000
296	-723.7750	846.0000
297	-721.1750	847.0000
298	-719.5500	846.0000
299	-718.9000	847.0000
300	-716.9500	845.0000
301	-714.8375	847.0000
302	-713.0500	848.0000
303	-711.2625	847.0000
304	-709.3125	846.0000
305	-706.7125	846.0000
306	-704.9250	847.0000
307	-702.1625	847.0000
308	-699.7250	846.0000
309	-697.2875	846.0000
310	-695.0125	847.0000
311	-691.6000	846.0000
312	-688.8375	846.0000
313	-685.9125	845.0000
314	-682.8250	847.0000
315	-680.0625	846.0000
316	-676.6500	847.0000
317	-673.4000	846.0000
318	-669.8250	846.0000
319	-666.4125	845.0000
320	-662.6750	846.0000
321	-658.9375	845.0000
322	-655.6875	846.0000
323	-651.3000	845.0000
324	-647.7250	846.0000
325	-644.1500	844.0000
326	-639.9250	845.0000
327	-635.3750	844.0000
328	-630.8250	845.0000
329	-627.5750	844.0000
330	-622.7000	845.0000
331	-617.8250	844.0000
332	-613.1125	844.0000
333	-608.7250	844.0000
334	-604.3375	844.0000
335	-600.1125	844.0000
336	-594.4250	843.0000
337	-589.5500	844.0000
338	-584.6750	843.0000
339	-580.2875	844.0000
340	-574.6000	843.0000
341	-569.8875	844.0000
342	-564.5250	843.0000
343	-559.4875	844.0000
344	-554.1250	842.0000
345	-549.4125	844.0000
346	-547.3000	842.0000
347	-539.6625	843.0000
348	-533.3250	842.0000
349	-527.9625	842.0000
350	-521.9500	841.0000
351	-516.1000	843.0000
352	-510.0875	841.0000
353	-504.7250	843.0000
354	-498.8750	841.0000
355	-492.5375	841.0000
356	-486.5250	841.0000
357	-480.8375	841.0000
358	-475.1500	841.0000
359	-469.4625	840.0000
360	-462.4750	841.0000
361	-456.4625	840.0000
362	-450.2875	841.0000
363	-444.4375	840.0000
364	-437.9375	841.0000
365	-433.8750	839.0000
366	-425.7500	840.0000
367	-418.9250	839.0000
368	-413.2375	840.0000
369	-405.9250	839.0000
370	-399.4250	840.0000
371	-393.4125	838.0000
372	-386.5875	839.0000
373	-379.9250	838.0000
374	-373.2625	839.0000
375	-371.6375	838.0000
376	-360.2625	839.0000
377	-353.2750	838.0000
378	-346.7750	838.0000
379	-339.9500	838.0000
380	-333.2875	838.0000
381	-326.3000	838.0000
382	-319.4750	837.0000
383	-312.6500	837.0000
384	-305.6625	836.0000
385	-298.5125	837.0000
386	-291.5250	836.0000
387	-284.5375	837.0000
388	-278.5250	836.0000
389	-271.7000	837.0000
390	-263.0875	836.0000
391	-255.9375	837.0000
392	-249.2750	835.0000
393	-241.8000	837.0000
394	-234.4875	835.0000
395	-227.1750	836.0000
396	-220.0250	836.0000
397	-212.7125	836.0000
398	-205.4000	835.0000
399	-198.0875	836.0000
400	-190.7750	834.0000
401	-183.1375	835.0000
402	-175.8250	834.0000
403	-168.5125	835.0000
404	-161.0375	835.0000
405	-153.7250	835.0000
406	-146.2500	835.0000
407	-138.6125	834.0000
408	-131.3000	835.0000
409	-123.9875	834.0000
410	-116.1875	834.0000
411	-108.8750	834.0000
412	-101.2375	835.0000
413	-94.9000	833.0000
414	-89.7000	835.0000
415	-85.4750	833.0000
416	-82.0625	834.0000
417	-78.9750	833.0000
418	-76.3750	834.0000
419	-74.4250	833.0000
420	-72.6375	834.0000
421	-70.8500	832.0000
422	-69.0625	834.0000
423	-67.6000	833.0000
424	-66.4625	835.0000
425	-65.3250	833.0000
426	-64.1875	834.0000
427	-63.2125	833.0000
428	-62.2375	834.0000
429	-61.2625	833.0000
430	-60.6125	833.0000
431	-59.8000	833.0000
432	-58.9875	833.0000
433	-58.3375	833.0000
434	-57.8500	833.0000
435	-57.2000	833.0000
436	-56.8750	833.0000
437	-56.0625	833.0000
438	-55.7375	832.0000
439	-55.2500	833.0000
440	-54.7625	833.0000
441	-54.4375	833.0000
442	-54.2750	834.0000
443	-53.6250	833.0000
444	-53.3000	833.0000
445	-52.8125	833.0000
446	-52.6500	832.0000
447	-52.3250	833.0000
448	-52.0000	832.0000
449	-51.8375	833.0000
450	-51.5125	832.0000
451	-51.1875	833.0000
452	-50.8625	832.0000
453	-50.7000	833.0000
454	-50.3750	832.0000
455	-49.8875	833.0000
456	-49.8875	833.0000
457	-49.5625	833.0000
458	-49.4000	833.0000
459	-49.4000	833.0000
460	-49.0750	833.0000
461	-48.9125	832.0000
462	-48.5875	833.0000
463	-48.4250	832.0000
464	-48.4250	833.0000
465	-48.5875	832.0000
466	-48.2625	833.0000
467	-47.9375	832.0000
468	-47.6125	833.0000
469	-47.6125	832.0000
470	-48.1000	833.0000
471	-47.6125	832.0000
472	-47.1250	833.0000
473	-46.9625	833.0000
474	-47.1250	833.0000
475	-46.6375	832.0000
476	-46.8000	833.0000
477	-46.6375	832.0000
478	-46.4750	833.0000
479	-46.9625	832.0000
480	-45.9875	833.0000
481	-45.6625	832.0000
482	-46.4750	833.0000
483	-46.1500	833.0000
484	-49.7250	833.0000
485	-45.5000	833.0000
486	-47.7750	833.0000
487	-45.6625	833.0000
488	-46.3125	833.0000
489	-45.3375	833.0000
490	-47.4500	832.0000
491	-45.1750	833.0000
492	-45.0125	832.0000
493	-44.8500	833.0000
494	-44.8500	832.0000
495	-46.1500	833.0000
496	-45.9875	832.0000
497	-44.6875	833.0000
498	-44.6875	832.0000
499	-45.1750	833.0000
500	-44.6875	832.0000
501	-44.8500	834.0000
502	-44.3625	832.0000
503	-45.3375	833.0000
504	-44.5250	832.0000
505	-44.2000	833.0000
506	-44.2000	832.0000
507	-45.1750	833.0000
508	-44.2000	832.0000
509	-44.2000	833.0000
510	-44.0375	833.0000
511	-44.2000	832.0000
512	-44.5250	833.0000
513	-43.7125	832.0000
514	-43.8750	833.0000
515	-44.0375	832.0000
516	-43.7125	833.0000
517	-44.5250	832.0000
518	-43.3875	833.0000
519	-43.7125	831.0000
520	-43.7125	833.0000
521	-44.0375	832.0000
522	-43.3875	833.0000
523	-43.3875	832.0000
524	-43.3875	833.0000
525	-43.3875	832.0000
526	-43.2250	833.0000
527	-43.2250	832.0000
528	-43.3875	833.0000
529	-43.2250	832.0000
530	-43.8750	833.0000
531	-43.0625	832.0000
532	-43.2250	833.0000
533	-42.9000	832.0000
534	-42.7375	832.0000
535	-42.7375	832.0000
536	-42.5750	832.0000
537	-42.7375	833.0000
538	-42.7375	832.0000
539	-42.7375	833.0000
540	-43.2250	832.0000
541	-42.5750	833.0000
542	-43.7125	831.0000
543	-42.5750	833.0000
544	-42.7375	829.0000
545	-47.9375	832.0000
546	-42.9000	832.0000
547	-42.5750	833.0000
548	-43.0625	831.0000
549	-42.9000	833.0000
550	-42.4125	832.0000
551	-42.0875	832.0000
552	-42.5750	831.0000
553	-43.5500	833.0000
554	-42.7375	833.0000
555	-42.0875	833.0000
556	-41.7625	832.0000
557	-41.9250	833.0000
558	-42.9000	832.0000
559	-41.9250	832.0000
560	-41.7625	832.0000
561	-41.6000	832.0000
562	-41.4375	831.0000
563	-41.2750	832.0000
564	-41.2750	832.0000
565	-41.1125	831.0000
566	-40.9500	833.0000
567	-40.9500	832.0000
568	-40.9500	833.0000
569	-40.9500	831.0000
570	-40.6250	833.0000
571	-40.7875	832.0000
572	-40.3000	833.0000
573	-40.6250	832.0000
574	-40.4625	833.0000
575	-41.2750	831.0000
576	-40.3000	832.0000
577	-40.3000	831.0000
578	-40.1375	833.0000
579	-40.3000	831.0000
580	-40.1375	833.0000
581	-39.6500	832.0000
582	-39.4875	832.0000
583	-40.1375	832.0000
584	-39.8125	832.0000
585	-39.4875	832.0000
586	-39.9750	832.0000
587	-39.4875	833.0000
588	-39.1625	832.0000
589	-39.0000	832.0000
590	-39.0000	832.0000
591	-40.3000	833.0000
592	-38.8375	831.0000
593	-38.5125	833.0000
594	-38.5125	831.0000
595	-38.5125	833.0000
596	-38.5125	832.0000
597	-38.3500	833.0000
598	-38.3500	831.0000
599	-38.0250	832.0000
600	-38.0250	831.0000
601	-37.8625	832.0000
602	-37.7000	831.0000
603	-37.5375	834.0000
604	-37.5375	832.0000
605	-37.0500	833.0000
606	-37.2125	831.0000
607	-37.0500	832.0000
608	-37.2125	832.0000
609	-36.7250	832.0000
610	-38.6750	832.0000
611	-37.0500	832.0000
612	-36.5625	832.0000
613	-36.2375	834.0000
614	-36.2375	831.0000
615	-39.4875	832.0000
616	-36.4000	832.0000
617	-35.7500	831.0000
618	-35.4250	833.0000
619	-35.4250	832.0000
620	-35.2625	833.0000
621	-35.1000	832.0000
622	-35.1000	833.0000
623	-35.1000	831.0000
624	-41.4375	833.0000
625	-61.2625	831.0000
626	-68.7375	833.0000
627	-68.0875	832.0000
628	-50.2125	832.0000
629	-34.2875	831.0000
630	-33.9625	833.0000
631	-33.6375	831.0000
632	-33.4750	832.0000
633	-33.3125	831.0000
634	-33.1500	832.0000
635	-33.1500	831.0000
636	-33.1500	832.0000
637	-33.3125	832.0000
638	-32.5000	832.0000
639	-32.3375	832.0000
640	-33.6375	831.0000
641	-31.5250	832.0000
642	-31.0375	831.0000
643	-30.8750	832.0000
644	-30.8750	831.0000
645	-30.2250	832.0000
646	-30.0625	832.0000
647	-29.7375	833.0000
648	-29.4125	831.0000
649	-29.2500	832.0000
650	-28.9250	831.0000
651	-28.7625	833.0000
652	-28.4375	831.0000
653	-28.4375	832.0000
654	-27.1375	831.0000
655	-26.4875	832.0000
656	-25.8375	832.0000
657	-25.3500	832.0000
658	-23.5625	831.0000
659	-22.1000	832.0000
660	-20.8000	832.0000
661	-19.1750	831.0000
662	-17.5500	831.0000
663	-15.7625	832.0000
664	-13.6500	832.0000
665	-12.0250	831.0000
666	-9.4250	832.0000
667	-6.9875	831.0000
668	-4.5500	832.0000
669	-4.0625	831.0000
670	0.8125	832.0000
671	3.2500	831.0000
672	6.8250	833.0000
673	9.5875	831.0000
674	5.8500	832.0000
675	16.5750	831.0000
676	20.1500	832.0000
677	23.7250	831.0000
678	26.8125	832.0000
679	31.2000	831.0000
680	35.1000	833.0000
681	39.1625	831.0000
682	43.2250	832.0000
683	47.1250	832.0000
684	51.8375	832.0000
685	55.9000	831.0000
686	60.4500	832.0000
687	65.1625	832.0000
688	69.7125	831.0000
689	73.2875	832.0000
690	79.1375	832.0000
691	84.3375	832.0000
692	89.0500	831.0000
693	94.4125	832.0000
694	99.4500	832.0000
695	104.8125	833.0000
696	110.1750	831.0000
697	115.3750	833.0000
698	120.0875	831.0000
699	126.1000	833.0000
700	132.1125	832.0000
701	137.4750	833.0000
702	143.0000	832.0000
703	147.3875	833.0000
704	155.0250	832.0000
705	161.0375	833.0000
706	166.2375	832.0000
707	172.2500	833.0000
708	178.9125	833.0000
709	185.5750	833.0000
710	191.7500	833.0000
711	197.2750	834.0000
712	203.7750	833.0000
713	210.6000	833.0000
714	216.7750	833.0000
715	223.1125	833.0000
716	229.6125	834.0000
717	235.9500	833.0000
718	242.4500	834.0000
719	248.6250	833.0000
720	255.9375	835.0000
721	262.6000	833.0000
722	269.1000	835.0000
723	275.7625	833.0000
724	282.9125	835.0000
725	289.9000	832.0000
726	296.5625	835.0000
727	302.4125	834.0000
728	310.3750	834.0000
729	317.2000	834.0000
730	324.1875	836.0000
731	331.0125	835.0000
732	336.8625	835.0000
733	344.5000	835.0000
734	351.1625	836.0000
735	359.2875	835.0000
736	366.6000	836.0000
737	373.4250	835.0000
738	381.0625	836.0000
739	388.2125	836.0000
740	393.9000	835.0000
741	386.7500	836.0000
742	409.1750	835.0000
743	417.4625	836.0000
744	424.1250	836.0000
745	432.2500	837.0000
746	439.0750	836.0000
747	446.7125	837.0000
748	453.2125	836.0000
749	461.6625	837.0000
750	468.1625	836.0000
751	475.9625	838.0000
752	483.4375	836.0000
753	490.5875	838.0000
754	498.8750	837.0000
755	505.0500	838.0000
756	514.1500	838.0000
757	520.4875	839.0000
758	527.6375	838.0000
759	535.9250	839.0000
760	543.0750	838.0000
761	551.0375	839.0000
762	558.8375	838.0000
763	566.3125	839.0000
764	573.7875	839.0000
765	579.1500	839.0000
766	588.7375	839.0000
767	596.8625	839.0000
768	604.5000	840.0000
769	611.8125	840.0000
770	620.1000	841.0000
771	624.9750	840.0000
772	633.1000	841.0000
773	640.9000	841.0000
774	647.2375	841.0000
775	652.6000	840.0000
776	658.4500	842.0000
777	662.6750	841.0000
778	669.1750	842.0000
779	673.5625	841.0000
780	678.2750	843.0000
781	682.3375	843.0000
782	686.5625	842.0000
783	688.8375	841.0000
784	693.5500	843.0000
785	696.8000	842.0000
786	699.7250	844.0000
787	702.6500	843.0000
788	704.9250	844.0000
789	707.5250	843.0000
790	709.1500	843.0000
791	711.1000	843.0000
792	711.9125	844.0000
793	714.1875	844.0000
794	715.1625	844.0000
795	712.2375	844.0000
796	717.4375	843.0000
797	717.9250	845.0000
798	718.5750	844.0000
799	719.0625	844.0000
800	719.0625	844.0000
801	719.0625	845.0000
802	718.7375	844.0000
803	718.7375	845.0000
804	718.4125	844.0000
805	716.4625	845.0000
806	716.6250	844.0000
807	715.3250	845.0000
808	714.1875	844.0000
809	713.8625	846.0000
810	712.0750	845.0000
811	710.6125	844.0000
812	709.6375	844.0000
813	707.8500	845.0000
814	705.0875	844.0000
815	703.3000	845.0000
816	701.8375	846.0000
817	699.5625	846.0000
818	697.4500	845.0000
819	695.0125	844.0000
820	692.9000	844.0000
821	688.5125	844.0000
822	685.9125	845.0000
823	683.6375	844.0000
824	682.0125	845.0000
825	678.9250	844.0000
826	675.0250	844.0000
827	672.4250	844.0000
828	669.3375	844.0000
829	666.0875	842.0000
830	662.5125	843.0000
831	658.4500	843.0000
832	654.5500	844.0000
833	651.4625	842.0000
834	647.8875	844.0000
835	642.6875	843.0000
836	639.7625	844.0000
837	634.8875	843.0000
838	631.8000	844.0000
839	625.9500	843.0000
840	622.8625	843.0000
841	618.4750	843.0000
842	614.4125	842.0000
843	609.5375	843.0000
844	604.1750	841.0000
845	600.2750	843.0000
846	595.7250	842.0000
847	591.1750	843.0000
848	585.9750	841.0000
849	581.4250	842.0000
850	576.3875	841.0000
851	571.0250	842.0000
852	566.3125	845.0000
853	561.2750	842.0000
854	556.2375	840.0000
855	550.7125	842.0000
856	544.5375	841.0000
857	540.1500	841.0000
858	534.6250	840.0000
859	528.6125	841.0000
860	523.0875	840.0000
861	517.8875	841.0000
862	512.3625	839.0000
863	505.3750	841.0000
864	500.1750	840.0000
865	490.4250	840.0000
866	489.1250	840.0000
867	483.2750	840.0000
868	476.6125	839.0000
869	471.2500	839.0000
870	465.4000	839.0000
871	459.0625	839.0000
872	452.2375	839.0000
873	446.0625	838.0000
874	440.7000	840.0000
875	433.8750	838.0000
876	427.0500	839.0000
877	420.0625	838.0000
878	415.0250	838.0000
879	408.2000	837.0000
880	394.2250	839.0000
881	393.0875	837.0000
882	388.8625	838.0000
883	382.3625	836.0000
884	375.3750	837.0000
885	368.3875	837.0000
886	361.7250	836.0000
887	353.2750	836.0000
888	344.9875	837.0000
889	339.7875	836.0000
890	334.1000	836.0000
891	328.0875	836.0000
892	320.6125	836.0000
893	313.3000	835.0000
894	307.1250	835.0000
895	299.9750	835.0000
896	293.3125	835.0000
897	286.0000	835.0000
898	279.1750	833.0000
899	272.0250	835.0000
900	264.7125	834.0000
901	257.5625	835.0000
902	249.9250	833.0000
903	242.4500	834.0000
904	235.7875	833.0000
905	228.3125	834.0000
906	220.6750	832.0000
907	213.8500	833.0000
908	205.2375	832.0000
909	197.9250	833.0000
910	190.9375	832.0000
911	184.1125	833.0000
912	176.8000	831.0000
913	169.1625	832.0000
914	161.5250	831.0000
915	154.0500	832.0000
916	146.5750	832.0000
917	137.6375	832.0000
918	131.4625	831.0000
919	123.9875	831.0000
920	116.3500	831.0000
921	108.7125	831.0000
922	101.2375	831.0000
923	93.9250	831.0000
924	86.2875	832.0000
925	79.1375	830.0000
926	72.8000	831.0000
927	68.9000	830.0000
928	65.9750	831.0000
929	62.7250	830.0000
930	59.9625	831.0000
931	57.0375	829.0000
932	55.7375	831.0000
933	53.7875	829.0000
934	52.1625	831.0000
935	49.0750	830.0000
936	49.4000	830.0000
937	48.1000	830.0000
938	47.2875	831.0000
939	44.8500	829.0000
940	45.0125	830.0000
941	44.0375	829.0000
942	43.3875	830.0000
943	42.2500	830.0000
944	41.9250	831.0000
945	40.9500	830.0000
946	40.4625	829.0000
947	38.5125	830.0000
948	39.4875	829.0000
949	39.0000	830.0000
950	37.8625	829.0000
951	37.0500	830.0000
952	37.5375	829.0000
953	36.4000	830.0000
954	36.7250	829.0000
955	35.2625	830.0000
956	36.2375	829.0000
957	35.7500	830.0000
958	34.9375	829.0000
959	34.9375	830.0000
960	33.3125	829.0000
961	34.7750	830.0000
962	33.3125	829.0000
963	34.2875	830.0000
964	33.8000	829.0000
965	33.8000	830.0000
966	33.4750	829.0000
967	33.3125	829.0000
968	32.6625	830.0000
969	31.8500	831.0000
970	32.3375	830.0000
971	31.8500	829.0000
972	31.6875	829.0000
973	30.8750	829.0000
974	31.3625	829.0000
975	31.5250	829.0000
976	31.0375	831.0000
977	31.2000	829.0000
978	30.8750	829.0000
979	30.8750	828.0000
980	29.0875	830.0000
981	30.7125	829.0000
982	30.3875	830.0000
983	30.0625	828.0000
984	29.5750	830.0000
985	29.9000	829.0000
986	29.9000	830.0000
987	29.5750	828.0000
988	29.0875	830.0000
989	28.9250	829.0000
990	28.6000	830.0000
991	28.9250	829.0000
992	29.2500	829.0000
993	27.3000	829.0000
994	29.0875	829.0000
995	28.7625	829.0000
996	28.7625	829.0000
997	28.4375	829.0000
998	28.2750	829.0000
999	27.9500	830.0000
1000	28.4375	828.0000
1001	28.1125	829.0000
1002	28.2750	829.0000
1003	27.7875	830.0000
1004	27.6250	828.0000
1005	25.8375	830.0000
1006	27.1375	828.0000
1007	25.8375	830.0000
1008	27.4625	828.0000
1009	26.0000	830.0000
1010	25.8375	829.0000
1011	27.4625	829.0000
1012	27.3000	828.0000
1013	26.9750	830.0000
1014	26.9750	829.0000
1015	26.4875	829.0000
1016	26.9750	828.0000
1017	27.1375	830.0000
1018	26.4875	828.0000
1019	26.4875	829.0000
1020	26.6500	828.0000
1021	26.1625	828.0000
1022	26.3250	828.0000
1023	25.5125	828.0000
#8328
0	26.6500	828.0000
1	26.1625	830.0000
2	20.1500	828.0000
3	18.8500	829.0000
4	24.2125	829.0000
5	22.2625	829.0000
6	15.1125	829.0000
7	21.4500	829.0000
8	25.5125	829.0000
9	25.8375	828.0000
10	25.6750	830.0000
11	25.8375	828.0000
12	25.6750	830.0000
13	25.6750	828.0000
14	25.5125	830.0000
15	25.6750	827.0000
16	25.6750	830.0000
17	25.6750	827.0000
18	25.6750	830.0000
19	25.5125	827.0000
20	25.6750	830.0000
21	25.5125	827.0000
22	25.5125	830.0000
23	25.5125	828.0000
24	25.3500	830.0000
25	25.5125	828.0000
26	25.3500	829.0000
27	25.3500	828.0000
28	25.1875	829.0000
29	25.3500	828.0000
30	24.8625	828.0000
31	25.1875	828.0000
32	25.0250	828.0000
33	25.1875	829.0000
34	24.8625	827.0000
35	24.8625	830.0000
36	25.0250	827.0000
37	24.7000	829.0000
38	24.8625	827.0000
39	24.7000	829.0000
40	24.8625	827.0000
41	24.2125	829.0000
42	24.8625	827.0000
43	22.5875	829.0000
44	24.7000	827.0000
45	24.7000	829.0000
46	24.0500	827.0000
47	24.2125	830.0000
48	23.5625	828.0000
49	24.2125	829.0000
50	22.9125	827.0000
51	23.7250	829.0000
52	24.3750	827.0000
53	24.5375	830.0000
54	22.2625	828.0000
55	23.5625	828.0000
56	22.9125	828.0000
57	23.7250	828.0000
58	21.4500	829.0000
59	23.4000	828.0000
60	22.9125	829.0000
61	20.9625	827.0000
62	21.6125	828.0000
63	23.0750	827.0000
64	22.9125	828.0000
65	23.0750	827.0000
66	22.9125	829.0000
67	22.9125	827.0000
68	22.7500	829.0000
69	22.5875	827.0000
70	22.5875	829.0000
71	22.4250	828.0000
72	22.4250	829.0000
73	22.2625	827.0000
74	18.2000	829.0000
75	21.6125	827.0000
76	21.9375	829.0000
77	21.7750	827.0000
78	21.7750	829.0000
79	21.4500	827.0000
80	21.2875	828.0000
81	21.2875	827.0000
82	21.1250	827.0000
83	21.1250	828.0000
84	21.1250	828.0000
85	20.9625	829.0000
86	20.8000	827.0000
87	20.6375	829.0000
88	20.3125	827.0000
89	19.9875	829.0000
90	20.3125	827.0000
91	20.4750	829.0000
92	20.1500	827.0000
93	19.9875	829.0000
94	19.8250	827.0000
95	19.6625	829.0000
96	19.5000	827.0000
97	19.5000	829.0000
98	19.3375	827.0000
99	19.3375	829.0000
100	19.0125	827.0000
101	19.0125	828.0000
102	19.1750	830.0000
103	19.3375	828.0000
104	19.0125	827.0000
105	18.6875	828.0000
106	18.6875	828.0000
107	18.3625	828.0000
108	18.2000	828.0000
109	17.3875	828.0000
110	17.7125	828.0000
111	17.5500	828.0000
112	17.2250	828.0000
113	16.4125	827.0000
114	17.0625	829.0000
115	17.0625	827.0000
116	16.9000	829.0000
117	16.2500	827.0000
118	15.9250	829.0000
119	16.0875	827.0000
120	15.2750	829.0000
121	15.9250	828.0000
122	14.9500	829.0000
123	15.9250	827.0000
124	15.6000	829.0000
125	15.4375	827.0000
126	14.3000	829.0000
127	14.4625	827.0000
128	14.6250	829.0000
129	14.1375	827.0000
130	13.8125	828.0000
131	13.3250	827.0000
132	13.8125	829.0000
133	13.3250	828.0000
134	12.8375	827.0000
135	12.8375	828.0000
136	12.5125	827.0000
137	11.8625	828.0000
138	11.2125	827.0000
139	10.8875	828.0000
140	11.0500	827.0000
141	10.5625	829.0000
142	8.6125	827.0000
143	9.2625	828.0000
144	7.8000	826.0000
145	6.8250	828.0000
146	5.5250	827.0000
147	4.2250	829.0000
148	3.4125	826.0000
149	1.3000	828.0000
150	-0.3250	827.0000
151	-2.9250	829.0000
152	-3.7375	827.0000
153	-6.0125	829.0000
154	-8.4500	826.0000
155	-11.2125	828.0000
156	-13.0000	827.0000
157	-15.6000	828.0000
158	-18.5250	827.0000
159	-21.4500	827.0000
160	-24.3750	828.0000
161	-27.4625	827.0000
162	-31.0375	828.0000
163	-34.1250	826.0000
164	-37.3750	828.0000
165	-41.1125	827.0000
166	-44.5250	829.0000
167	-49.5625	826.0000
168	-52.6500	829.0000
169	-56.3875	826.0000
170	-60.6125	829.0000
171	-66.1375	826.0000
172	-69.0625	829.0000
173	-73.4500	826.0000
174	-77.6750	828.0000
175	-82.7125	827.0000
176	-86.9375	830.0000
177	-91.9750	826.0000
178	-96.5250	828.0000
179	-101.4000	827.0000
180	-106.4375	828.0000
181	-111.4750	827.0000
182	-116.6750	828.0000
183	-121.7125	827.0000
184	-127.0750	828.0000
185	-132.4375	828.0000
186	-137.6375	827.0000
187	-143.1625	828.0000
188	-148.6875	827.0000
189	-154.0500	829.0000
190	-159.7375	826.0000
191	-165.2625	829.0000
192	-171.2750	827.0000
193	-177.9375	829.0000
194	-182.8125	827.0000
195	-188.5000	829.0000
196	-194.1875	827.0000
197	-200.2000	829.0000
198	-206.2125	827.0000
199	-213.6875	829.0000
200	-219.7000	827.0000
201	-224.4125	829.0000
202	-230.9125	826.0000
203	-237.0875	829.0000
204	-243.7500	828.0000
205	-249.6000	829.0000
206	-256.7500	828.0000
207	-263.0875	829.0000
208	-269.2625	829.0000
209	-276.4125	829.0000
210	-282.2625	829.0000
211	-288.9250	828.0000
212	-296.0750	830.0000
213	-302.5750	828.0000
214	-309.2375	830.0000
215	-316.0625	828.0000
216	-323.3750	831.0000
217	-330.0375	829.0000
218	-336.8625	831.0000
219	-343.8500	828.0000
220	-351.0000	831.0000
221	-358.1500	829.0000
222	-364.9750	831.0000
223	-371.9625	830.0000
224	-379.2750	831.0000
225	-386.9125	830.0000
226	-393.2500	832.0000
227	-400.5625	831.0000
228	-407.5500	832.0000
229	-415.1875	831.0000
230	-422.1750	833.0000
231	-429.4875	831.0000
232	-436.6375	832.0000
233	-444.1125	832.0000
234	-451.5875	832.0000
235	-458.9000	833.0000
236	-466.0500	832.0000
237	-473.2000	834.0000
238	-481.4875	833.0000
239	-488.6375	834.0000
240	-495.3000	832.0000
241	-502.6125	835.0000
242	-510.5750	833.0000
243	-517.4000	835.0000
244	-524.8750	833.0000
245	-532.3500	836.0000
246	-541.1250	834.0000
247	-547.3000	836.0000
248	-554.9375	834.0000
249	-562.2500	837.0000
250	-570.0500	834.0000
251	-577.0375	837.0000
252	-584.6750	835.0000
253	-592.1500	837.0000
254	-599.9500	835.0000
255	-607.4250	838.0000
256	-614.9000	837.0000
257	-623.0250	838.0000
258	-630.3375	837.0000
259	-637.0000	838.0000
260	-643.9875	838.0000
261	-650.4875	838.0000
262	-656.6625	839.0000
263	-663.1625	836.0000
264	-668.2000	839.0000
265	-673.5625	838.0000
266	-678.9250	839.0000
267	-684.6125	838.0000
268	-688.0250	840.0000
269	-692.2500	838.0000
270	-695.8250	840.0000
271	-700.2125	839.0000
272	-702.6500	841.0000
273	-705.2500	839.0000
274	-708.0125	841.0000
275	-710.7750	839.0000
276	-712.8875	841.0000
277	-715.0000	839.0000
278	-716.9500	841.0000
279	-718.9000	839.0000
280	-720.6875	841.0000
281	-721.6625	840.0000
282	-723.2875	841.0000
283	-724.1000	840.0000
284	-724.7500	841.0000
285	-725.2375	840.0000
286	-725.5625	841.0000
287	-727.3500	841.0000
288	-725.7250	840.0000
289	-725.8875	842.0000
290	-725.8875	840.0000
291	-725.2375	842.0000
292	-725.2375	840.0000
293	-723.9375	842.0000
294	-722.9625	840.0000
295	-721.9875	843.0000
296	-721.0125	840.0000
297	-720.0375	842.0000
298	-718.5750	840.0000
299	-716.9500	842.0000
300	-715.1625	840.0000
301	-713.3750	844.0000
302	-711.2625	840.0000
303	-709.4750	842.0000
304	-707.5250	841.0000
305	-705.2500	842.0000
306	-702.9750	840.0000
307	-700.5375	842.0000
308	-698.1000	840.0000
309	-695.1750	841.0000
310	-692.5750	841.0000
311	-689.8125	841.0000
312	-687.2125	840.0000
313	-683.9625	840.0000
314	-681.0375	842.0000
315	-677.9500	840.0000
316	-676.1625	842.0000
317	-672.2625	839.0000
318	-668.0375	841.0000
319	-664.6250	839.0000
320	-661.0500	842.0000
321	-657.1500	839.0000
322	-653.4125	841.0000
323	-649.5125	839.0000
324	-646.9125	841.0000
325	-641.7125	839.0000
326	-637.4875	840.0000
327	-633.4250	839.0000
328	-633.5875	840.0000
329	-624.9750	838.0000
330	-620.5875	840.0000
331	-616.2000	838.0000
332	-611.6500	840.0000
333	-607.1000	839.0000
334	-602.3875	839.0000
335	-597.6750	839.0000
336	-592.8000	839.0000
337	-588.7375	839.0000
338	-583.5375	838.0000
339	-578.1750	839.0000
340	-573.3000	837.0000
341	-568.4250	839.0000
342	-562.9000	837.0000
343	-557.8625	839.0000
344	-555.9125	836.0000
345	-547.4625	838.0000
346	-542.4250	837.0000
347	-536.7375	838.0000
348	-531.3750	836.0000
349	-525.8500	838.0000
350	-520.3250	836.0000
351	-514.6375	838.0000
352	-509.1125	835.0000
353	-503.9125	838.0000
354	-498.7125	835.0000
355	-491.5625	837.0000
356	-486.3625	835.0000
357	-483.4375	837.0000
358	-473.8500	835.0000
359	-468.1625	836.0000
360	-461.6625	835.0000
361	-455.4875	836.0000
362	-449.4750	835.0000
363	-443.1375	835.0000
364	-436.9625	835.0000
365	-430.6250	835.0000
366	-424.6125	835.0000
367	-417.9500	834.0000
368	-411.7750	835.0000
369	-406.2500	833.0000
370	-399.1000	835.0000
371	-392.4375	833.0000
372	-385.7750	835.0000
373	-379.1125	832.0000
374	-372.7750	835.0000
375	-365.9500	832.0000
376	-359.2875	834.0000
377	-352.9500	832.0000
378	-345.6375	834.0000
379	-339.6250	831.0000
380	-332.3125	833.0000
381	-325.6500	831.0000
382	-318.6625	833.0000
383	-312.6500	831.0000
384	-305.3375	833.0000
385	-298.0250	831.0000
386	-291.0375	831.0000
387	-284.2125	831.0000
388	-277.0625	831.0000
389	-270.0750	831.0000
390	-262.9250	831.0000
391	-256.2625	831.0000
392	-249.7625	830.0000
393	-241.6375	831.0000
394	-234.3250	830.0000
395	-227.5000	831.0000
396	-219.7000	829.0000
397	-212.5500	831.0000
398	-205.0750	829.0000
399	-198.5750	831.0000
400	-190.2875	828.0000
401	-183.1375	831.0000
402	-175.6625	828.0000
403	-168.8375	831.0000
404	-160.7125	828.0000
405	-153.8875	830.0000
406	-145.9250	828.0000
407	-138.9375	831.0000
408	-132.2750	828.0000
409	-123.6625	830.0000
410	-116.0250	828.0000
411	-108.7125	829.0000
412	-102.2125	829.0000
413	-95.0625	829.0000
414	-90.0250	829.0000
415	-86.4500	828.0000
416	-84.5000	829.0000
417	-78.9750	828.0000
418	-76.5375	829.0000
419	-74.4250	827.0000
420	-72.3125	829.0000
421	-70.8500	827.0000
422	-69.2250	829.0000
423	-68.2500	827.0000
424	-66.4625	829.0000
425	-65.1625	826.0000
426	-64.1875	829.0000
427	-63.0500	827.0000
428	-63.0500	829.0000
429	-61.4250	827.0000
430	-60.6125	829.0000
431	-59.8000	827.0000
432	-59.1500	829.0000
433	-58.6625	827.0000
434	-58.0125	829.0000
435	-57.8500	827.0000
436	-57.0375	828.0000
437	-56.5500	827.0000
438	-56.0625	826.0000
439	-55.2500	825.0000
440	-59.6375	828.0000
441	-54.6000	828.0000
442	-54.4375	827.0000
443	-53.7875	828.0000
444	-54.1125	827.0000
445	-54.1125	829.0000
446	-53.4625	827.0000
447	-52.6500	828.0000
448	-52.1625	827.0000
449	-53.7875	829.0000
450	-56.5500	827.0000
451	-53.1375	828.0000
452	-52.3250	827.0000
453	-51.3500	829.0000
454	-50.3750	827.0000
455	-50.2125	828.0000
456	-50.5375	826.0000
457	-50.2125	828.0000
458	-49.4000	827.0000
459	-49.2375	828.0000
460	-48.9125	827.0000
461	-48.9125	828.0000
462	-48.7500	827.0000
463	-48.2625	828.0000
464	-50.0500	828.0000
465	-48.1000	827.0000
466	-47.7750	828.0000
467	-47.6125	827.0000
468	-47.4500	828.0000
469	-47.6125	826.0000
470	-47.1250	828.0000
471	-47.1250	826.0000
472	-47.4500	828.0000
473	-47.1250	826.0000
474	-47.6125	828.0000
475	-46.9625	827.0000
476	-46.4750	828.0000
477	-46.4750	827.0000
478	-47.2875	828.0000
479	-46.1500	827.0000
480	-46.8000	828.0000
481	-45.8250	827.0000
482	-50.2125	829.0000
483	-45.6625	827.0000
484	-45.5000	828.0000
485	-45.5000	826.0000
486	-45.5000	828.0000
487	-45.3375	827.0000
488	-45.1750	828.0000
489	-45.0125	827.0000
490	-45.1750	828.0000
491	-45.0125	828.0000
492	-44.6875	827.0000
493	-44.6875	828.0000
494	-44.8500	827.0000
495	-45.8250	828.0000
496	-44.5250	826.0000
497	-44.6875	828.0000
498	-44.5250	826.0000
499	-44.3625	828.0000
500	-44.0375	826.0000
501	-44.2000	828.0000
502	-44.5250	826.0000
503	-44.5250	829.0000
504	-44.0375	826.0000
505	-44.2000	832.0000
506	-44.5250	826.0000
507	-47.4500	829.0000
508	-44.2000	826.0000
509	-44.0375	828.0000
510	-44.0375	826.0000
511	-45.5000	829.0000
512	-43.8750	827.0000
513	-43.3875	828.0000
514	-43.8750	827.0000
515	-44.0375	827.0000
516	-43.3875	828.0000
517	-43.0625	827.0000
518	-44.0375	828.0000
519	-43.3875	827.0000
520	-43.3875	828.0000
521	-43.2250	826.0000
522	-43.5500	828.0000
523	-50.7000	826.0000
524	-43.8750	828.0000
525	-43.2250	826.0000
526	-44.0375	829.0000
527	-42.9000	827.0000
528	-43.3875	828.0000
529	-43.3875	826.0000
530	-43.3875	829.0000
531	-42.7375	826.0000
532	-42.5750	828.0000
533	-43.0625	827.0000
534	-42.5750	828.0000
535	-42.7375	827.0000
536	-43.2250	828.0000
537	-42.7375	827.0000
538	-43.3875	828.0000
539	-42.5750	827.0000
540	-42.5750	828.0000
541	-42.9000	827.0000
542	-42.5750	827.0000
543	-42.4125	827.0000
544	-42.4125	827.0000
545	-42.9000	829.0000
546	-42.2500	827.0000
547	-43.2250	828.0000
548	-48.4250	826.0000
549	-42.0875	828.0000
550	-41.9250	827.0000
551	-41.6000	829.0000
552	-41.6000	826.0000
553	-42.9000	828.0000
554	-42.7375	826.0000
555	-44.5250	828.0000
556	-44.2000	826.0000
557	-43.8750	828.0000
558	-42.2500	826.0000
559	-41.9250	828.0000
560	-42.0875	826.0000
561	-44.2000	829.0000
562	-41.7625	827.0000
563	-41.4375	828.0000
564	-41.1125	827.0000
565	-41.4375	828.0000
566	-41.7625	828.0000
567	-41.2750	827.0000
568	-42.5750	828.0000
569	-42.4125	827.0000
570	-40.9500	828.0000
571	-41.2750	827.0000
572	-40.7875	828.0000
573	-41.6000	826.0000
574	-44.0375	829.0000
575	-40.4625	826.0000
576	-40.6250	828.0000
577	-39.9750	826.0000
578	-40.3000	828.0000
579	-39.9750	827.0000
580	-39.8125	828.0000
581	-39.8125	826.0000
582	-40.3000	829.0000
583	-39.6500	826.0000
584	-39.6500	828.0000
585	-39.4875	826.0000
586	-39.6500	828.0000
587	-39.4875	827.0000
588	-39.1625	828.0000
589	-39.0000	827.0000
590	-39.3250	828.0000
591	-39.1625	827.0000
592	-39.1625	828.0000
593	-39.0000	828.0000
594	-39.8125	827.0000
595	-38.5125	828.0000
596	-38.6750	827.0000
597	-38.3500	832.0000
598	-38.3500	826.0000
599	-38.8375	829.0000
600	-39.3250	826.0000
601	-38.1875	828.0000
602	-38.5125	827.0000
603	-37.8625	828.0000
604	-37.5375	826.0000
605	-37.3750	828.0000
606	-37.5375	826.0000
607	-37.8625	829.0000
608	-37.2125	826.0000
609	-37.5375	829.0000
610	-37.0500	826.0000
611	-36.7250	828.0000
612	-36.7250	827.0000
613	-36.4000	828.0000
614	-36.4000	827.0000
615	-37.3750	828.0000
616	-35.7500	827.0000
617	-36.4000	827.0000
618	-36.2375	828.0000
619	-36.0750	827.0000
620	-35.5875	829.0000
621	-35.5875	827.0000
622	-35.5875	828.0000
623	-35.5875	826.0000
624	-35.1000	828.0000
625	-34.6125	827.0000
626	-34.6125	828.0000
627	-35.4250	826.0000
628	-33.9625	828.0000
629	-33.9625	826.0000
630	-34.4500	829.0000
631	-33.6375	825.0000
632	-33.4750	829.0000
633	-33.3125	826.0000
634	-33.1500	828.0000
635	-32.6625	826.0000
636	-32.6625	829.0000
637	-32.1750	827.0000
638	-32.6625	828.0000
639	-32.1750	827.0000
640	-31.6875	828.0000
641	-31.6875	827.0000
642	-31.0375	827.0000
643	-30.7125	828.0000
644	-30.8750	827.0000
645	-30.3875	828.0000
646	-30.2250	827.0000
647	-29.7375	828.0000
648	-29.5750	826.0000
649	-30.2250	828.0000
650	-28.9250	827.0000
651	-29.0875	829.0000
652	-29.4125	826.0000
653	-27.9500	828.0000
654	-27.1375	826.0000
655	-26.3250	829.0000
656	-25.8375	826.0000
657	-24.8625	828.0000
658	-23.8875	827.0000
659	-22.4250	828.0000
660	-20.9625	826.0000
661	-19.6625	828.0000
662	-17.5500	827.0000
663	-15.7625	828.0000
664	-13.8125	827.0000
665	-12.6750	828.0000
666	-9.4250	827.0000
667	-6.8250	827.0000
668	-4.3875	828.0000
669	-2.1125	827.0000
670	0.8125	828.0000
671	4.0625	827.0000
672	6.6625	828.0000
673	3.9000	826.0000
674	13.1625	828.0000
675	16.9000	827.0000
676	20.3125	828.0000
677	23.8875	826.0000
678	27.6250	829.0000
679	31.3625	826.0000
680	35.2625	828.0000
681	39.1625	826.0000
682	43.5500	828.0000
683	47.4500	827.0000
684	51.6750	829.0000
685	56.2250	826.0000
686	60.7750	828.0000
687	65.3250	827.0000
688	69.3875	828.0000
689	73.9375	827.0000
690	79.6250	828.0000
691	83.8500	828.0000
692	89.5375	828.0000
693	94.9000	828.0000
694	100.1000	827.0000
695	104.8125	829.0000
696	110.5000	827.0000
697	116.0250	829.0000
698	121.2250	827.0000
699	125.2875	829.0000
700	132.4375	826.0000
701	138.2875	829.0000
702	143.3250	827.0000
703	149.5000	830.0000
704	155.5125	827.0000
705	161.3625	830.0000
706	167.3750	828.0000
707	172.4125	830.0000
708	179.4000	828.0000
709	185.5750	830.0000
710	189.9625	828.0000
711	198.2500	829.0000
712	204.2625	828.0000
713	210.6000	830.0000
714	216.9375	828.0000
715	223.2750	830.0000
716	229.7750	829.0000
717	236.4375	830.0000
718	241.6375	830.0000
719	249.6000	829.0000
720	256.2625	830.0000
721	263.0875	829.0000
722	268.7750	831.0000
723	276.0875	829.0000
724	283.5625	831.0000
725	290.0625	829.0000
726	296.7250	831.0000
727	303.8750	829.0000
728	311.0250	831.0000
729	318.1750	829.0000
730	325.0000	832.0000
731	332.1500	830.0000
732	333.9375	832.0000
733	346.2875	830.0000
734	353.2750	832.0000
735	358.8000	830.0000
736	367.2500	832.0000
737	374.5625	830.0000
738	381.8750	832.0000
739	388.0500	831.0000
740	396.3375	832.0000
741	403.4875	831.0000
742	411.4500	831.0000
743	417.9500	831.0000
744	425.2625	831.0000
745	432.2500	832.0000
746	440.3750	831.0000
747	447.8500	833.0000
748	455.3250	831.0000
749	463.1250	833.0000
750	470.4375	831.0000
751	478.0750	834.0000
752	485.3875	832.0000
753	492.8625	834.0000
754	500.5000	832.0000
755	507.9750	835.0000
756	513.8250	832.0000
757	523.4125	835.0000
758	531.2125	833.0000
759	538.2000	835.0000
760	546.3250	833.0000
761	553.9625	835.0000
762	561.4375	834.0000
763	569.0750	835.0000
764	575.9000	834.0000
765	584.5125	835.0000
766	591.0125	835.0000
767	599.9500	835.0000
768	605.6375	836.0000
769	615.7125	835.0000
770	622.7000	837.0000
771	630.5000	836.0000
772	636.6750	837.0000
773	644.1500	836.0000
774	650.3250	838.0000
775	656.5000	836.0000
776	661.7000	838.0000
777	667.2250	836.0000
778	672.5875	839.0000
779	677.6250	837.0000
780	681.3625	839.0000
781	686.2375	837.0000
782	690.3000	839.0000
783	694.0375	837.0000
784	696.9625	840.0000
785	700.2125	838.0000
786	703.3000	840.0000
787	706.0625	839.0000
788	708.9875	840.0000
789	710.7750	839.0000
790	713.2125	840.0000
791	714.8375	839.0000
792	716.7875	840.0000
793	718.2500	840.0000
794	719.2250	841.0000
795	720.2000	840.0000
796	721.3375	839.0000
797	721.5000	841.0000
798	722.1500	839.0000
799	722.8000	841.0000
800	722.4750	839.0000
801	722.9625	841.0000
802	722.4750	839.0000
803	722.4750	841.0000
804	721.9875	839.0000
805	721.5000	842.0000
806	720.6875	839.0000
807	719.8750	842.0000
808	718.7375	839.0000
809	717.6000	841.0000
810	716.1375	840.0000
811	714.6750	841.0000
812	713.3750	840.0000
813	711.4250	841.0000
814	708.9875	840.0000
815	707.6875	841.0000
816	705.5750	840.0000
817	703.3000	841.0000
818	701.0250	840.0000
819	698.9125	840.0000
820	696.8000	840.0000
821	694.0375	839.0000
822	691.2750	841.0000
823	688.1875	839.0000
824	681.6875	841.0000
825	681.3625	839.0000
826	677.6250	840.0000
827	676.3250	839.0000
828	673.0750	840.0000
829	669.8250	838.0000
830	663.8125	841.0000
831	662.6750	838.0000
832	659.1000	840.0000
833	655.6875	839.0000
834	651.4625	841.0000
835	647.7250	839.0000
836	644.1500	840.0000
837	639.1125	839.0000
838	635.5375	839.0000
839	627.0875	839.0000
840	626.1125	839.0000
841	622.5375	839.0000
842	617.3375	839.0000
843	612.7875	839.0000
844	608.8875	838.0000
845	604.3375	839.0000
846	599.6250	838.0000
847	593.9375	839.0000
848	589.0625	837.0000
849	584.6750	839.0000
850	579.9625	837.0000
851	574.6000	839.0000
852	569.4000	836.0000
853	562.2500	839.0000
854	558.8375	836.0000
855	552.3375	839.0000
856	547.7875	837.0000
857	542.5875	838.0000
858	537.3875	836.0000
859	531.3750	838.0000
860	526.0125	835.0000
861	520.3250	838.0000
862	513.9875	835.0000
863	508.4625	837.0000
864	502.2875	835.0000
865	496.7625	836.0000
866	490.7500	836.0000
867	484.9000	836.0000
868	477.9125	835.0000
869	472.3875	835.0000
870	466.8625	836.0000
871	460.6875	834.0000
872	453.0500	835.0000
873	448.1750	834.0000
874	441.8375	835.0000
875	435.3375	833.0000
876	428.8375	835.0000
877	422.6625	833.0000
878	416.1625	835.0000
879	408.6875	832.0000
880	402.1875	835.0000
881	396.0125	832.0000
882	389.6750	834.0000
883	382.5250	832.0000
884	376.3500	835.0000
885	369.6875	832.0000
886	362.8625	833.0000
887	356.0375	832.0000
888	348.5625	833.0000
889	341.0875	831.0000
890	335.5625	834.0000
891	328.9000	835.0000
892	322.0750	832.0000
893	315.0875	831.0000
894	308.1000	831.0000
895	300.7875	831.0000
896	294.2875	830.0000
897	286.1625	831.0000
898	279.8250	830.0000
899	272.8375	831.0000
900	265.8500	830.0000
901	258.5375	832.0000
902	250.7375	829.0000
903	244.0750	831.0000
904	236.9250	829.0000
905	228.9625	831.0000
906	221.3250	828.0000
907	214.1750	831.0000
908	207.8375	829.0000
909	199.8750	830.0000
910	192.5625	828.0000
911	185.0875	830.0000
912	176.8000	828.0000
913	169.8125	830.0000
914	162.0125	828.0000
915	155.1875	829.0000
916	147.7125	828.0000
917	140.2375	828.0000
918	132.2750	828.0000
919	125.4500	827.0000
920	117.6500	825.0000
921	109.8500	827.0000
922	102.7000	828.0000
923	87.4250	827.0000
924	87.4250	828.0000
925	80.4375	826.0000
926	73.6125	830.0000
927	70.5250	826.0000
928	66.4625	828.0000
929	63.2125	826.0000
930	59.8000	828.0000
931	57.8500	826.0000
932	55.9000	828.0000
933	53.7875	825.0000
934	51.6750	828.0000
935	51.0250	825.0000
936	49.0750	828.0000
937	48.4250	825.0000
938	43.7125	827.0000
939	45.6625	826.0000
940	44.8500	827.0000
941	44.2000	825.0000
942	42.0875	827.0000
943	42.5750	826.0000
944	41.7625	826.0000
945	40.6250	826.0000
946	40.7875	826.0000
947	40.3000	827.0000
948	39.4875	825.0000
949	36.2375	827.0000
950	39.0000	825.0000
951	38.0250	827.0000
952	37.5375	825.0000
953	37.7000	827.0000
954	37.0500	825.0000
955	36.4000	827.0000
956	36.0750	825.0000
957	35.5875	827.0000
958	35.5875	825.0000
959	35.4250	827.0000
960	34.6125	825.0000
961	34.7750	827.0000
962	34.4500	824.0000
963	32.9875	827.0000
964	34.1250	825.0000
965	33.6375	827.0000
966	32.8250	825.0000
967	33.1500	826.0000
968	31.8500	826.0000
969	32.3375	826.0000
970	32.3375	826.0000
971	31.2000	826.0000
972	32.0125	826.0000
973	31.8500	825.0000
974	31.6875	826.0000
975	30.8750	825.0000
976	30.7125	827.0000
977	30.8750	824.0000
978	30.7125	827.0000
979	30.8750	825.0000
980	29.2500	827.0000
981	29.9000	825.0000
982	30.5500	827.0000
983	30.5500	824.0000
984	30.2250	827.0000
985	30.0625	823.0000
986	29.9000	827.0000
987	29.9000	825.0000
988	29.7375	827.0000
989	29.5750	825.0000
990	29.2500	827.0000
991	29.5750	825.0000
992	27.9500	826.0000
993	29.0875	826.0000
994	27.9500	826.0000
995	28.9250	825.0000
996	28.2750	826.0000
997	28.9250	826.0000
998	28.4375	826.0000
999	28.4375	827.0000
1000	28.1125	825.0000
1001	28.2750	827.0000
1002	27.9500	825.0000
1003	28.1125	827.0000
1004	28.1125	824.0000
1005	27.3000	827.0000
1006	27.6250	825.0000
1007	27.7875	827.0000
1008	27.6250	824.0000
1009	27.4625	827.0000
1010	27.6250	824.0000
1011	27.6250	827.0000
1012	27.4625	824.0000
1013	26.4875	827.0000
1014	25.5125	825.0000
1015	27.1375	827.0000
1016	27.4625	825.0000
1017	27.3000	826.0000
1018	26.4875	825.0000
1019	27.3000	826.0000
1020	26.8125	826.0000
1021	26.9750	825.0000
1022	26.9750	826.0000
1023	27.1375	825.0000
#8328
0	26.9750	825.0000
1	21.7750	827.0000
2	24.2125	825.0000
3	26.4875	826.0000
4	26.6500	826.0000
5	22.9125	826.0000
6	22.1000	826.0000
7	25.5125	825.0000
8	26.0000	827.0000
9	25.8375	825.0000
10	26.1625	827.0000
11	26.0000	825.0000
12	25.8375	827.0000
13	25.6750	825.0000
14	25.6750	827.0000
15	25.8375	825.0000
16	25.6750	826.0000
17	25.5125	825.0000
18	25.6750	827.0000
19	25.5125	824.0000
20	25.3500	827.0000
21	25.1875	824.0000
22	24.0500	827.0000
23	25.1875	824.0000
24	25.3500	826.0000
25	25.3500	825.0000
26	25.3500	826.0000
27	25.3500	825.0000
28	25.3500	826.0000
29	25.0250	825.0000
30	25.1875	825.0000
31	25.1875	826.0000
32	25.0250	825.0000
33	20.1500	827.0000
34	24.8625	825.0000
35	25.1875	827.0000
36	25.0250	824.0000
37	25.0250	827.0000
38	25.0250	825.0000
39	24.8625	827.0000
40	25.0250	825.0000
41	24.8625	827.0000
42	24.8625	824.0000
43	25.1875	827.0000
44	25.0250	825.0000
45	24.5375	827.0000
46	23.5625	824.0000
47	24.8625	826.0000
48	25.0250	824.0000
49	24.8625	826.0000
50	24.8625	825.0000
51	24.7000	826.0000
52	24.5375	825.0000
53	24.5375	826.0000
54	24.0500	825.0000
55	24.2125	825.0000
56	23.4000	826.0000
57	24.0500	826.0000
58	22.7500	826.0000
59	23.0750	825.0000
60	23.4000	827.0000
61	23.2375	824.0000
62	23.7250	827.0000
63	23.7250	824.0000
64	23.5625	827.0000
65	23.5625	825.0000
66	23.4000	827.0000
67	23.4000	824.0000
68	22.9125	827.0000
69	23.2375	824.0000
70	23.2375	827.0000
71	22.4250	825.0000
72	22.7500	827.0000
73	22.7500	825.0000
74	22.7500	826.0000
75	21.1250	825.0000
76	22.5875	826.0000
77	22.2625	825.0000
78	22.5875	826.0000
79	22.1000	826.0000
80	21.6125	825.0000
81	21.4500	825.0000
82	22.1000	825.0000
83	21.7750	825.0000
84	21.4500	825.0000
85	21.4500	827.0000
86	21.2875	825.0000
87	21.2875	827.0000
88	20.1500	825.0000
89	20.9625	827.0000
90	20.9625	824.0000
91	20.8000	827.0000
92	19.8250	824.0000
93	20.6375	827.0000
94	20.1500	825.0000
95	20.3125	827.0000
96	19.8250	824.0000
97	19.9875	826.0000
98	19.9875	825.0000
99	19.6625	824.0000
100	19.3375	825.0000
101	19.3375	827.0000
102	18.5250	826.0000
103	19.5000	826.0000
104	18.3625	826.0000
105	19.1750	825.0000
106	19.1750	826.0000
107	18.6875	825.0000
108	19.0125	826.0000
109	18.5250	824.0000
110	18.3625	827.0000
111	18.2000	825.0000
112	18.0375	827.0000
113	17.5500	824.0000
114	17.5500	827.0000
115	17.2250	824.0000
116	17.2250	827.0000
117	16.9000	825.0000
118	16.7375	827.0000
119	16.2500	825.0000
120	16.4125	827.0000
121	16.2500	824.0000
122	14.7875	826.0000
123	15.9250	825.0000
124	15.6000	827.0000
125	15.4375	825.0000
126	15.4375	826.0000
127	14.7875	825.0000
128	14.7875	826.0000
129	12.5125	826.0000
130	14.4625	826.0000
131	13.9750	826.0000
132	13.4875	825.0000
133	13.3250	826.0000
134	13.4875	824.0000
135	13.1625	827.0000
136	13.0000	825.0000
137	12.5125	827.0000
138	12.1875	825.0000
139	11.8625	827.0000
140	11.3750	824.0000
141	10.8875	827.0000
142	10.0750	824.0000
143	9.5875	826.0000
144	8.4500	824.0000
145	6.6625	827.0000
146	6.0125	825.0000
147	5.2000	827.0000
148	2.9250	825.0000
149	2.2750	826.0000
150	0.1625	825.0000
151	-1.1375	826.0000
152	-3.2500	825.0000
153	-5.3625	823.0000
154	-7.9625	824.0000
155	-10.0750	825.0000
156	-12.1875	826.0000
157	-14.7875	825.0000
158	-19.6625	827.0000
159	-25.8375	825.0000
160	-23.2375	826.0000
161	-26.9750	825.0000
162	-29.9000	827.0000
163	-32.6625	824.0000
164	-36.4000	826.0000
165	-39.6500	824.0000
166	-43.3875	827.0000
167	-47.2875	824.0000
168	-50.8625	827.0000
169	-54.9250	824.0000
170	-58.9875	827.0000
171	-64.0250	824.0000
172	-67.2750	827.0000
173	-72.3125	824.0000
174	-76.0500	826.0000
175	-80.7625	825.0000
176	-84.9875	826.0000
177	-89.5375	825.0000
178	-93.9250	826.0000
179	-98.6375	826.0000
180	-103.3500	825.0000
181	-108.2250	826.0000
182	-113.1000	825.0000
183	-117.9750	826.0000
184	-123.5000	825.0000
185	-128.5375	826.0000
186	-134.8750	824.0000
187	-139.2625	826.0000
188	-144.7875	825.0000
189	-149.9875	827.0000
190	-155.0250	825.0000
191	-160.8750	827.0000
192	-166.0750	825.0000
193	-171.4375	827.0000
194	-177.1250	825.0000
195	-182.9750	828.0000
196	-188.5000	825.0000
197	-194.3500	828.0000
198	-199.7125	824.0000
199	-205.8875	831.0000
200	-211.7375	826.0000
201	-218.2375	827.0000
202	-224.7375	825.0000
203	-231.8875	827.0000
204	-237.5750	825.0000
205	-244.5625	823.0000
206	-251.0625	827.0000
207	-258.5375	826.0000
208	-265.3625	827.0000
209	-271.8625	826.0000
210	-277.8750	828.0000
211	-284.7000	826.0000
212	-291.6875	828.0000
213	-298.6750	826.0000
214	-305.1750	828.0000
215	-312.8125	827.0000
216	-319.4750	828.0000
217	-326.4625	827.0000
218	-333.2875	828.0000
219	-340.4375	827.0000
220	-347.4250	829.0000
221	-354.5750	827.0000
222	-361.5625	830.0000
223	-369.0375	828.0000
224	-376.8375	830.0000
225	-383.1750	828.0000
226	-390.1625	830.0000
227	-396.9875	829.0000
228	-404.3000	830.0000
229	-411.7750	830.0000
230	-418.9250	830.0000
231	-425.9125	831.0000
232	-433.3875	830.0000
233	-440.5375	831.0000
234	-447.8500	830.0000
235	-455.3250	832.0000
236	-462.4750	830.0000
237	-469.9500	832.0000
238	-477.4250	831.0000
239	-484.4125	833.0000
240	-491.7250	831.0000
241	-499.8500	833.0000
242	-506.8375	831.0000
243	-513.9875	834.0000
244	-521.4625	831.0000
245	-529.1000	834.0000
246	-536.4125	831.0000
247	-544.2125	834.0000
248	-551.3625	832.0000
249	-558.6750	835.0000
250	-566.1500	833.0000
251	-573.7875	835.0000
252	-581.2625	834.0000
253	-589.2250	834.0000
254	-596.5375	834.0000
255	-604.0125	835.0000
256	-611.3250	835.0000
257	-619.1250	835.0000
258	-627.4125	836.0000
259	-633.4250	835.0000
260	-640.4125	836.0000
261	-647.0750	835.0000
262	-653.2500	838.0000
263	-658.9375	835.0000
264	-664.4625	837.0000
265	-669.8250	835.0000
266	-674.5375	839.0000
267	-679.4125	835.0000
268	-683.8000	839.0000
269	-688.0250	836.0000
270	-691.9250	839.0000
271	-695.5000	836.0000
272	-698.9125	839.0000
273	-702.0000	837.0000
274	-704.9250	838.0000
275	-707.2000	837.0000
276	-709.8000	839.0000
277	-712.0750	838.0000
278	-714.1875	839.0000
279	-715.9750	839.0000
280	-717.9250	839.0000
281	-718.9000	839.0000
282	-720.0375	839.0000
283	-725.2375	840.0000
284	-724.2625	839.0000
285	-722.6375	840.0000
286	-722.9625	838.0000
287	-723.4500	840.0000
288	-723.6125	838.0000
289	-723.6125	840.0000
290	-723.1250	839.0000
291	-722.9625	840.0000
292	-722.3125	838.0000
293	-721.6625	840.0000
294	-721.0125	839.0000
295	-720.5250	841.0000
296	-719.2250	839.0000
297	-718.4125	841.0000
298	-716.9500	838.0000
299	-715.4875	840.0000
300	-713.5375	839.0000
301	-712.2375	841.0000
302	-710.2875	839.0000
303	-708.3375	840.0000
304	-706.0625	839.0000
305	-703.9500	839.0000
306	-701.8375	840.0000
307	-699.2375	839.0000
308	-697.1250	840.0000
309	-694.3625	839.0000
310	-691.6000	840.0000
311	-689.3250	838.0000
312	-686.5625	841.0000
313	-682.8250	838.0000
314	-680.0625	840.0000
315	-676.9750	840.0000
316	-673.7250	840.0000
317	-669.9875	838.0000
318	-666.0875	840.0000
319	-662.5125	838.0000
320	-659.2625	840.0000
321	-655.3625	838.0000
322	-651.7875	839.0000
323	-647.5625	837.0000
324	-644.3125	839.0000
325	-639.7625	837.0000
326	-636.0250	839.0000
327	-631.6375	838.0000
328	-627.4125	839.0000
329	-623.1875	838.0000
330	-618.8000	838.0000
331	-614.2500	838.0000
332	-609.5375	837.0000
333	-604.9875	838.0000
334	-600.2750	836.0000
335	-595.4000	838.0000
336	-590.6875	836.0000
337	-586.7875	838.0000
338	-581.1000	836.0000
339	-576.0625	838.0000
340	-571.1875	836.0000
341	-565.9875	838.0000
342	-561.1125	835.0000
343	-555.7500	837.0000
344	-550.2250	835.0000
345	-545.1875	837.0000
346	-539.8250	835.0000
347	-534.3000	837.0000
348	-528.6125	835.0000
349	-523.2500	836.0000
350	-517.7250	834.0000
351	-512.0375	836.0000
352	-506.3500	835.0000
353	-500.6625	835.0000
354	-495.1375	835.0000
355	-488.9625	835.0000
356	-482.9500	835.0000
357	-478.5625	835.0000
358	-471.4125	835.0000
359	-465.5625	834.0000
360	-459.8750	835.0000
361	-453.7000	833.0000
362	-446.8750	835.0000
363	-441.0250	833.0000
364	-434.8500	835.0000
365	-428.3500	832.0000
366	-422.1750	834.0000
367	-415.8375	831.0000
368	-410.1500	834.0000
369	-403.1625	832.0000
370	-396.6625	834.0000
371	-390.4875	831.0000
372	-383.9875	833.0000
373	-377.6500	831.0000
374	-370.6625	833.0000
375	-364.1625	831.0000
376	-357.3375	833.0000
377	-350.8375	831.0000
378	-344.6625	832.0000
379	-337.3500	831.0000
380	-331.3375	831.0000
381	-324.0250	831.0000
382	-317.6875	831.0000
383	-311.0250	831.0000
384	-303.5500	831.0000
385	-296.5625	831.0000
386	-289.4125	830.0000
387	-282.2625	831.0000
388	-276.4125	830.0000
389	-268.1250	831.0000
390	-262.1125	830.0000
391	-254.1500	831.0000
392	-247.0000	829.0000
393	-239.8500	831.0000
394	-232.8625	826.0000
395	-227.1750	830.0000
396	-218.5625	828.0000
397	-211.4125	830.0000
398	-204.9125	827.0000
399	-196.7875	830.0000
400	-189.6375	828.0000
401	-182.4875	829.0000
402	-174.8500	828.0000
403	-167.5375	829.0000
404	-160.3875	828.0000
405	-152.7500	828.0000
406	-145.2750	828.0000
407	-138.2875	828.0000
408	-130.8125	828.0000
409	-123.9875	827.0000
410	-115.8625	828.0000
411	-108.7125	827.0000
412	-101.2375	828.0000
413	-94.9000	827.0000
414	-90.0250	829.0000
415	-85.8000	827.0000
416	-82.3875	828.0000
417	-78.8125	827.0000
418	-76.2125	828.0000
419	-74.2625	826.0000
420	-71.6625	829.0000
421	-70.3625	826.0000
422	-68.7375	828.0000
423	-67.2750	827.0000
424	-66.3000	829.0000
425	-65.0000	826.0000
426	-64.0250	828.0000
427	-62.8875	827.0000
428	-62.0750	828.0000
429	-61.4250	827.0000
430	-60.6125	828.0000
431	-59.6375	827.0000
432	-59.1500	827.0000
433	-58.3375	827.0000
434	-58.5000	827.0000
435	-57.3625	828.0000
436	-56.7125	826.0000
437	-57.5250	828.0000
438	-56.0625	826.0000
439	-55.4125	828.0000
440	-54.9250	826.0000
441	-54.9250	828.0000
442	-54.1125	826.0000
443	-53.7875	828.0000
444	-55.2500	826.0000
445	-52.8125	828.0000
446	-52.6500	826.0000
447	-52.3250	828.0000
448	-52.1625	826.0000
449	-52.4875	828.0000
450	-51.3500	826.0000
451	-51.0250	828.0000
452	-50.8625	826.0000
453	-51.1875	828.0000
454	-50.2125	827.0000
455	-50.0500	827.0000
456	-49.8875	827.0000
457	-51.0250	827.0000
458	-49.4000	827.0000
459	-49.4000	827.0000
460	-49.4000	827.0000
461	-49.2375	826.0000
462	-48.7500	828.0000
463	-48.7500	826.0000
464	-48.5875	828.0000
465	-48.4250	826.0000
466	-48.1000	828.0000
467	-47.7750	825.0000
468	-47.9375	828.0000
469	-47.6125	826.0000
470	-47.4500	828.0000
471	-47.1250	826.0000
472	-48.2625	828.0000
473	-47.1250	825.0000
474	-46.8000	828.0000
475	-46.6375	825.0000
476	-46.6375	828.0000
477	-46.6375	826.0000
478	-46.6375	828.0000
479	-46.3125	826.0000
480	-46.9625	827.0000
481	-45.9875	827.0000
482	-45.8250	829.0000
483	-45.6625	825.0000
484	-45.5000	828.0000
485	-45.8250	828.0000
486	-46.3125	826.0000
487	-45.1750	825.0000
488	-45.0125	825.0000
489	-45.1750	829.0000
490	-46.1500	825.0000
491	-45.8250	828.0000
492	-44.6875	826.0000
493	-44.8500	828.0000
494	-45.3375	825.0000
495	-44.8500	826.0000
496	-44.6875	826.0000
497	-44.5250	828.0000
498	-44.3625	826.0000
499	-44.2000	826.0000
500	-44.3625	826.0000
501	-44.2000	828.0000
502	-44.2000	827.0000
503	-44.2000	827.0000
504	-44.6875	826.0000
505	-44.2000	827.0000
506	-44.2000	827.0000
507	-44.2000	827.0000
508	-45.8250	827.0000
509	-44.0375	827.0000
510	-43.8750	828.0000
511	-43.8750	824.0000
512	-43.7125	829.0000
513	-43.3875	826.0000
514	-43.3875	828.0000
515	-43.2250	826.0000
516	-43.2250	828.0000
517	-43.3875	826.0000
518	-43.2250	828.0000
519	-43.2250	826.0000
520	-43.0625	828.0000
521	-43.3875	825.0000
522	-43.2250	828.0000
523	-42.9000	825.0000
524	-42.9000	828.0000
525	-43.0625	826.0000
526	-43.2250	828.0000
527	-43.8750	826.0000
528	-42.9000	828.0000
529	-42.9000	826.0000
530	-43.0625	828.0000
531	-43.2250	827.0000
532	-42.9000	827.0000
533	-45.1750	827.0000
534	-43.2250	827.0000
535	-42.7375	828.0000
536	-42.5750	826.0000
537	-42.5750	828.0000
538	-42.2500	826.0000
539	-42.4125	828.0000
540	-42.5750	826.0000
541	-42.4125	828.0000
542	-42.2500	826.0000
543	-42.2500	828.0000
544	-42.2500	826.0000
545	-42.2500	828.0000
546	-42.2500	826.0000
547	-41.9250	828.0000
548	-42.0875	826.0000
549	-41.9250	828.0000
550	-42.0875	826.0000
551	-41.9250	827.0000
552	-42.0875	826.0000
553	-41.9250	828.0000
554	-41.6000	826.0000
555	-41.7625	828.0000
556	-41.6000	827.0000
557	-41.7625	828.0000
558	-41.6000	827.0000
559	-41.6000	826.0000
560	-41.6000	827.0000
561	-41.2750	827.0000
562	-41.2750	827.0000
563	-45.5000	826.0000
564	-41.2750	828.0000
565	-41.1125	826.0000
566	-40.9500	828.0000
567	-41.4375	825.0000
568	-41.1125	828.0000
569	-40.9500	826.0000
570	-40.9500	828.0000
571	-41.1125	827.0000
572	-40.4625	828.0000
573	-40.7875	826.0000
574	-40.7875	824.0000
575	-41.7625	826.0000
576	-40.3000	828.0000
577	-40.3000	827.0000
578	-40.3000	828.0000
579	-40.1375	826.0000
580	-39.9750	828.0000
581	-39.9750	826.0000
582	-39.8125	827.0000
583	-40.4625	827.0000
584	-39.9750	827.0000
585	-39.8125	827.0000
586	-39.3250	826.0000
587	-39.4875	828.0000
588	-39.1625	826.0000
589	-39.6500	827.0000
590	-39.0000	827.0000
591	-39.0000	828.0000
592	-38.8375	826.0000
593	-39.0000	828.0000
594	-39.6500	826.0000
595	-39.0000	828.0000
596	-38.6750	826.0000
597	-38.3500	828.0000
598	-39.1625	826.0000
599	-38.3500	828.0000
600	-38.0250	826.0000
601	-38.0250	828.0000
602	-39.6500	826.0000
603	-37.8625	828.0000
604	-37.8625	826.0000
605	-37.7000	827.0000
606	-38.0250	827.0000
607	-38.1875	827.0000
608	-37.2125	827.0000
609	-37.0500	827.0000
610	-38.1875	827.0000
611	-36.8875	826.0000
612	-36.5625	828.0000
613	-36.4000	827.0000
614	-37.8625	828.0000
615	-36.2375	826.0000
616	-36.0750	828.0000
617	-35.9125	826.0000
618	-36.2375	828.0000
619	-36.0750	826.0000
620	-35.4250	827.0000
621	-35.2625	826.0000
622	-35.1000	828.0000
623	-35.4250	826.0000
624	-35.5875	828.0000
625	-34.7750	826.0000
626	-34.7750	828.0000
627	-34.6125	826.0000
628	-33.9625	828.0000
629	-34.2875	826.0000
630	-33.9625	827.0000
631	-33.6375	826.0000
632	-34.1250	827.0000
633	-33.3125	827.0000
634	-34.9375	827.0000
635	-33.1500	827.0000
636	-33.9625	826.0000
637	-32.6625	828.0000
638	-32.6625	826.0000
639	-32.9875	828.0000
640	-32.6625	826.0000
641	-31.8500	828.0000
642	-31.3625	826.0000
643	-32.3375	828.0000
644	-31.0375	826.0000
645	-30.7125	828.0000
646	-30.5500	826.0000
647	-31.5250	828.0000
648	-29.7375	826.0000
649	-30.2250	828.0000
650	-29.2500	826.0000
651	-28.7625	828.0000
652	-29.7375	826.0000
653	-28.2750	828.0000
654	-27.7875	826.0000
655	-26.6500	828.0000
656	-26.3250	827.0000
657	-25.1875	827.0000
658	-25.8375	826.0000
659	-22.5875	827.0000
660	-21.1250	828.0000
661	-19.8250	826.0000
662	-18.2000	828.0000
663	-16.5750	826.0000
664	-14.4625	828.0000
665	-12.5125	826.0000
666	-10.0750	826.0000
667	-7.8000	829.0000
668	-5.3625	828.0000
669	-2.6000	825.0000
670	0.0000	828.0000
671	2.6000	826.0000
672	4.5500	828.0000
673	8.7750	826.0000
674	12.0250	828.0000
675	15.4375	826.0000
676	18.2000	828.0000
677	22.2625	826.0000
678	25.8375	828.0000
679	29.4125	827.0000
680	33.1500	827.0000
681	37.0500	827.0000
682	41.4375	827.0000
683	44.8500	827.0000
684	49.2375	827.0000
685	53.6250	828.0000
686	58.0125	827.0000
687	62.0750	828.0000
688	62.7250	827.0000
689	71.3375	829.0000
690	75.7250	826.0000
691	80.9250	828.0000
692	85.1500	826.0000
693	90.5125	828.0000
694	95.3875	826.0000
695	100.1000	828.0000
696	105.6250	826.0000
697	110.8250	829.0000
698	116.0250	827.0000
699	120.9000	828.0000
700	126.1000	826.0000
701	131.4625	829.0000
702	137.3125	827.0000
703	142.6750	828.0000
704	148.0375	827.0000
705	153.8875	828.0000
706	159.9000	828.0000
707	166.4000	828.0000
708	172.5750	828.0000
709	178.9125	828.0000
710	185.0875	828.0000
711	191.2625	828.0000
712	197.4375	829.0000
713	203.9375	827.0000
714	210.4375	829.0000
715	217.1000	827.0000
716	223.7625	830.0000
717	230.4250	827.0000
718	236.6000	832.0000
719	243.9125	828.0000
720	250.4125	830.0000
721	257.2375	828.0000
722	263.2500	831.0000
723	271.2125	828.0000
724	278.0375	830.0000
725	284.8625	828.0000
726	291.3625	831.0000
727	298.3500	829.0000
728	305.5000	831.0000
729	312.6500	829.0000
730	319.6375	831.0000
731	327.1125	830.0000
732	334.2625	827.0000
733	340.9250	830.0000
734	348.2375	830.0000
735	355.5500	831.0000
736	361.5625	830.0000
737	370.0125	831.0000
738	377.1625	830.0000
739	384.8000	831.0000
740	391.9500	830.0000
741	397.3125	832.0000
742	406.2500	830.0000
743	413.2375	832.0000
744	420.5500	830.0000
745	427.3750	833.0000
746	434.6875	831.0000
747	441.1875	833.0000
748	448.3375	831.0000
749	453.5375	833.0000
750	461.9875	831.0000
751	468.0000	833.0000
752	476.6125	831.0000
753	483.2750	834.0000
754	490.7500	832.0000
755	496.4375	834.0000
756	504.2375	832.0000
757	512.3625	834.0000
758	519.5125	834.0000
759	526.3375	833.0000
760	534.3000	834.0000
761	541.4500	833.0000
762	548.7625	834.0000
763	555.1000	833.0000
764	563.2250	835.0000
765	570.3750	834.0000
766	577.3625	836.0000
767	584.5125	835.0000
768	591.8250	836.0000
769	600.2750	834.0000
770	608.4000	837.0000
771	615.5500	835.0000
772	622.3750	837.0000
773	630.0125	835.0000
774	636.5125	838.0000
775	642.5250	837.0000
776	648.5375	837.0000
777	654.0625	836.0000
778	659.7500	837.0000
779	664.4625	836.0000
780	668.0375	838.0000
781	673.4000	837.0000
782	677.9500	838.0000
783	679.2500	838.0000
784	685.2625	838.0000
785	688.8375	838.0000
786	691.6000	838.0000
787	694.5250	839.0000
788	695.1750	838.0000
789	699.8875	839.0000
790	702.3250	837.0000
791	703.1375	839.0000
792	705.9000	838.0000
793	707.6875	840.0000
794	708.9875	838.0000
795	710.1250	840.0000
796	710.6125	838.0000
797	711.4250	840.0000
798	712.4000	838.0000
799	712.4000	841.0000
800	712.8875	838.0000
801	712.4000	840.0000
802	711.4250	839.0000
803	712.5625	841.0000
804	710.9375	839.0000
805	710.1250	841.0000
806	710.6125	839.0000
807	708.8250	840.0000
808	708.8250	840.0000
809	706.2250	839.0000
810	706.7125	840.0000
811	705.5750	839.0000
812	703.4625	840.0000
813	701.1875	839.0000
814	700.3750	841.0000
815	698.9125	839.0000
816	697.1250	841.0000
817	695.0125	839.0000
818	692.7375	840.0000
819	690.3000	838.0000
820	688.1875	841.0000
821	684.4500	838.0000
822	682.9875	840.0000
823	680.3875	838.0000
824	677.4625	841.0000
825	673.8875	838.0000
826	671.6125	840.0000
827	668.3625	838.0000
828	665.1125	840.0000
829	661.2125	839.0000
830	657.6375	839.0000
831	655.2000	839.0000
832	651.6250	839.0000
833	647.7250	839.0000
834	644.1500	839.0000
835	640.7375	839.0000
836	636.8375	838.0000
837	632.9375	839.0000
838	628.3875	838.0000
839	624.3250	839.0000
840	620.2625	837.0000
841	616.0375	839.0000
842	611.0000	837.0000
843	607.2625	839.0000
844	602.8750	837.0000
845	597.8375	839.0000
846	592.9625	837.0000
847	588.9000	839.0000
848	583.8625	833.0000
849	578.3375	839.0000
850	574.2750	836.0000
851	569.0750	838.0000
852	563.5500	836.0000
853	558.8375	837.0000
854	553.9625	836.0000
855	548.1125	837.0000
856	542.9125	836.0000
857	538.5250	837.0000
858	533.1625	836.0000
859	527.1500	836.0000
860	521.7875	836.0000
861	515.9375	836.0000
862	510.4125	836.0000
863	504.5625	835.0000
864	498.7125	836.0000
865	493.1875	834.0000
866	487.0125	836.0000
867	481.1625	834.0000
868	475.3125	836.0000
869	469.6250	833.0000
870	463.4500	835.0000
871	457.2750	833.0000
872	450.7750	835.0000
873	444.7625	833.0000
874	438.7500	834.0000
875	430.4625	833.0000
876	426.2375	835.0000
877	419.5750	833.0000
878	412.9125	835.0000
879	405.9250	833.0000
880	400.4000	833.0000
881	394.0625	833.0000
882	387.0750	833.0000
883	380.5750	832.0000
884	373.9125	832.0000
885	367.4125	833.0000
886	360.7500	831.0000
887	354.0875	833.0000
888	347.4250	831.0000
889	340.6000	833.0000
890	332.8000	831.0000
891	326.6250	832.0000
892	319.9625	830.0000
893	312.6500	834.0000
894	305.8250	830.0000
895	299.1625	832.0000
896	292.0125	829.0000
897	284.8625	832.0000
898	277.7125	829.0000
899	271.0500	831.0000
900	263.7375	829.0000
901	256.5875	831.0000
902	249.4375	829.0000
903	242.1250	830.0000
904	235.1375	828.0000
905	227.9875	830.0000
906	220.3500	829.0000
907	213.2000	829.0000
908	204.2625	829.0000
909	192.0750	829.0000
910	191.1000	829.0000
911	183.7875	828.0000
912	176.3125	829.0000
913	168.6750	827.0000
914	160.8750	830.0000
915	153.5625	827.0000
916	145.9250	829.0000
917	138.2875	827.0000
918	130.9750	829.0000
919	123.6625	826.0000
920	115.8625	829.0000
921	106.9250	826.0000
922	100.7500	828.0000
923	91.8125	826.0000
924	85.9625	828.0000
925	79.1375	825.0000
926	73.7750	828.0000
927	69.2250	825.0000
928	65.4875	828.0000
929	61.1000	825.0000
930	59.6375	827.0000
931	57.5250	826.0000
932	55.2500	827.0000
933	53.3000	826.0000
934	52.0000	826.0000
935	50.5375	827.0000
936	48.7500	826.0000
937	47.2875	827.0000
938	45.6625	825.0000
939	45.5000	827.0000
940	45.1750	825.0000
941	44.2000	827.0000
942	43.2250	825.0000
943	42.5750	827.0000
944	41.9250	825.0000
945	41.4375	827.0000
946	40.6250	825.0000
947	40.3000	827.0000
948	39.4875	824.0000
949	39.1625	827.0000
950	38.5125	824.0000
951	38.1875	827.0000
952	37.7000	824.0000
953	37.2125	826.0000
954	36.8875	825.0000
955	36.4000	827.0000
956	36.2375	825.0000
957	35.7500	826.0000
958	35.4250	825.0000
959	35.2625	825.0000
960	34.7750	825.0000
961	34.7750	825.0000
962	34.1250	827.0000
963	34.1250	825.0000
964	33.9625	826.0000
965	33.4750	824.0000
966	33.6375	826.0000
967	33.3125	824.0000
968	32.6625	828.0000
969	32.6625	824.0000
970	32.5000	826.0000
971	32.3375	824.0000
972	32.1750	827.0000
973	31.5250	824.0000
974	31.5250	827.0000
975	31.0375	824.0000
976	31.3625	827.0000
977	31.0375	824.0000
978	31.0375	827.0000
979	30.2250	824.0000
980	30.5500	826.0000
981	30.5500	824.0000
982	30.2250	826.0000
983	28.7625	825.0000
984	30.0625	826.0000
985	29.4125	825.0000
986	29.5750	826.0000
987	27.9500	826.0000
988	29.5750	825.0000
989	29.4125	826.0000
990	28.7625	824.0000
991	28.4375	826.0000
992	29.0875	825.0000
993	28.7625	827.0000
994	28.9250	824.0000
995	28.9250	827.0000
996	28.4375	824.0000
997	28.6000	827.0000
998	28.4375	824.0000
999	28.4375	827.0000
1000	28.4375	824.0000
1001	28.4375	827.0000
1002	28.1125	824.0000
1003	28.1125	826.0000
1004	27.9500	824.0000
1005	27.1375	827.0000
1006	27.7875	824.0000
1007	27.7875	826.0000
1008	27.4625	825.0000
1009	23.0750	825.0000
1010	27.4625	825.0000
1011	27.4625	825.0000
1012	27.1375	826.0000
1013	27.3000	825.0000
1014	27.1375	826.0000
1015	27.3000	824.0000
1016	27.1375	826.0000
1017	27.1375	824.0000
1018	26.9750	826.0000
1019	27.1375	824.0000
1020	26.9750	826.0000
1021	26.8125	824.0000
1022	26.4875	827.0000
1023	26.9750	824.0000
#8328
0	26.6500	826.0000
1	21.4500	824.0000
2	26.3250	826.0000
3	26.3250	824.0000
4	22.5875	826.0000
5	20.6375	825.0000
6	25.6750	826.0000
7	25.6750	824.0000
8	25.5125	827.0000
9	25.6750	824.0000
10	25.6750	827.0000
11	25.6750	824.0000
12	25.6750	827.0000
13	25.5125	825.0000
14	25.6750	827.0000
15	25.5125	825.0000
16	25.3500	826.0000
17	25.3500	825.0000
18	25.5125	825.0000
19	25.5125	826.0000
20	25.5125	824.0000
21	25.5125	826.0000
22	25.3500	824.0000
23	25.3500	826.0000
24	25.3500	825.0000
25	25.3500	826.0000
26	25.3500	824.0000
27	25.3500	826.0000
28	25.1875	824.0000
29	25.1875	827.0000
30	24.8625	824.0000
31	25.0250	826.0000
32	24.8625	824.0000
33	24.8625	826.0000
34	24.8625	826.0000
35	24.8625	827.0000
36	24.7000	824.0000
37	24.8625	826.0000
38	24.7000	824.0000
39	24.3750	826.0000
40	24.5375	825.0000
41	24.3750	826.0000
42	24.3750	825.0000
43	24.3750	826.0000
44	23.2375	825.0000
45	24.2125	825.0000
46	24.2125	825.0000
47	24.0500	824.0000
48	23.8875	827.0000
49	23.8875	824.0000
50	23.8875	826.0000
51	23.8875	824.0000
52	23.7250	826.0000
53	23.5625	824.0000
54	23.4000	826.0000
55	23.4000	824.0000
56	23.4000	827.0000
57	23.2375	824.0000
58	23.2375	826.0000
59	23.2375	824.0000
60	23.0750	827.0000
61	22.9125	823.0000
62	22.9125	826.0000
63	22.7500	825.0000
64	22.9125	826.0000
65	22.9125	822.0000
66	22.7500	826.0000
67	22.7500	825.0000
68	22.5875	825.0000
69	22.4250	825.0000
70	22.4250	825.0000
71	22.4250	825.0000
72	22.1000	825.0000
73	22.1000	826.0000
74	22.1000	824.0000
75	21.9375	826.0000
76	21.9375	824.0000
77	21.7750	827.0000
78	21.6125	824.0000
79	21.4500	827.0000
80	21.1250	824.0000
81	21.2875	825.0000
82	21.2875	824.0000
83	21.2875	826.0000
84	21.2875	824.0000
85	21.1250	826.0000
86	21.1250	824.0000
87	19.8250	827.0000
88	19.3375	824.0000
89	20.8000	826.0000
90	20.6375	824.0000
91	20.6375	825.0000
92	20.1500	825.0000
93	20.3125	825.0000
94	19.5000	825.0000
95	19.6625	824.0000
96	18.3625	826.0000
97	19.8250	824.0000
98	18.5250	826.0000
99	18.6875	824.0000
100	19.5000	826.0000
101	19.5000	824.0000
102	19.1750	826.0000
103	17.2250	823.0000
104	15.4375	826.0000
105	18.3625	824.0000
106	17.5500	826.0000
107	17.5500	824.0000
108	17.0625	826.0000
109	17.2250	824.0000
110	17.2250	826.0000
111	17.2250	824.0000
112	17.3875	826.0000
113	17.3875	824.0000
114	17.2250	826.0000
115	16.0875	824.0000
116	16.2500	825.0000
117	15.4375	825.0000
118	15.9250	825.0000
119	15.9250	825.0000
120	16.0875	825.0000
121	16.2500	825.0000
122	15.9250	824.0000
123	15.9250	826.0000
124	15.1125	824.0000
125	15.1125	826.0000
126	13.8125	824.0000
127	14.9500	826.0000
128	14.1375	824.0000
129	14.3000	827.0000
130	13.9750	824.0000
131	13.9750	826.0000
132	13.3250	824.0000
133	13.1625	826.0000
134	13.0000	824.0000
135	12.8375	826.0000
136	12.1875	824.0000
137	12.1875	826.0000
138	11.7000	825.0000
139	11.3750	826.0000
140	10.8875	825.0000
141	10.2375	825.0000
142	10.0750	825.0000
143	9.1000	825.0000
144	8.1250	825.0000
145	7.1500	825.0000
146	6.0125	825.0000
147	4.7125	824.0000
148	3.4125	826.0000
149	1.6250	824.0000
150	-0.1625	826.0000
151	-1.7875	824.0000
152	-4.0625	827.0000
153	-7.9625	824.0000
154	-8.6125	826.0000
155	-10.7250	824.0000
156	-13.9750	826.0000
157	-16.4125	823.0000
158	-18.8500	826.0000
159	-21.7750	824.0000
160	-24.8625	827.0000
161	-27.9500	824.0000
162	-32.8250	826.0000
163	-34.4500	824.0000
164	-38.8375	826.0000
165	-41.6000	824.0000
166	-45.3375	825.0000
167	-50.0500	824.0000
168	-53.9500	825.0000
169	-57.0375	825.0000
170	-61.9125	825.0000
171	-65.9750	826.0000
172	-69.8750	824.0000
173	-74.1000	826.0000
174	-79.3000	824.0000
175	-83.6875	826.0000
176	-88.0750	824.0000
177	-92.9500	826.0000
178	-101.5625	824.0000
179	-103.5125	826.0000
180	-107.5750	824.0000
181	-113.1000	826.0000
182	-117.6500	824.0000
183	-122.6875	826.0000
184	-128.0500	824.0000
185	-133.4125	826.0000
186	-138.9375	824.0000
187	-144.3000	827.0000
188	-149.9875	825.0000
189	-155.1875	826.0000
190	-161.3625	825.0000
191	-167.0500	826.0000
192	-172.7375	825.0000
193	-178.4250	826.0000
194	-184.4375	825.0000
195	-190.4500	826.0000
196	-196.4625	826.0000
197	-202.6375	826.0000
198	-208.9750	827.0000
199	-215.3125	825.0000
200	-221.0000	827.0000
201	-227.1750	825.0000
202	-233.6750	828.0000
203	-240.0125	825.0000
204	-246.3500	827.0000
205	-252.8500	825.0000
206	-259.1875	828.0000
207	-266.5000	825.0000
208	-272.3500	828.0000
209	-278.8500	825.0000
210	-286.1625	827.0000
211	-292.1750	825.0000
212	-298.6750	828.0000
213	-305.5000	826.0000
214	-312.8125	828.0000
215	-319.6375	826.0000
216	-325.8125	827.0000
217	-332.8000	827.0000
218	-339.9500	828.0000
219	-347.4250	828.0000
220	-354.9000	828.0000
221	-360.5875	828.0000
222	-367.5750	827.0000
223	-374.5625	829.0000
224	-381.5500	827.0000
225	-388.7000	830.0000
226	-395.3625	828.0000
227	-402.5125	830.0000
228	-411.4500	828.0000
229	-416.6500	831.0000
230	-423.9625	829.0000
231	-430.9500	831.0000
232	-438.2625	828.0000
233	-445.2500	831.0000
234	-452.5625	829.0000
235	-459.5500	831.0000
236	-467.0250	830.0000
237	-474.0125	832.0000
238	-481.4875	830.0000
239	-488.8000	832.0000
240	-496.6000	831.0000
241	-503.1000	832.0000
242	-513.0125	831.0000
243	-517.7250	833.0000
244	-525.2000	832.0000
245	-532.1875	832.0000
246	-539.6625	833.0000
247	-546.8125	832.0000
248	-554.1250	834.0000
249	-561.6000	832.0000
250	-569.2375	834.0000
251	-576.3875	832.0000
252	-583.8625	835.0000
253	-591.3375	833.0000
254	-598.6500	835.0000
255	-606.2875	833.0000
256	-613.7625	836.0000
257	-621.2375	833.0000
258	-628.5500	836.0000
259	-635.5375	834.0000
260	-642.3625	836.0000
261	-648.8625	834.0000
262	-654.8750	837.0000
263	-660.8875	835.0000
264	-666.5750	837.0000
265	-671.7750	835.0000
266	-676.8125	837.0000
267	-681.0375	836.0000
268	-685.4250	837.0000
269	-689.6500	837.0000
270	-693.2250	837.0000
271	-696.9625	838.0000
272	-700.2125	836.0000
273	-703.3000	838.0000
274	-706.0625	836.0000
275	-708.5000	838.0000
276	-710.9375	837.0000
277	-713.0500	839.0000
278	-715.8125	837.0000
279	-717.2750	839.0000
280	-718.4125	837.0000
281	-719.7125	839.0000
282	-721.0125	838.0000
283	-721.8250	840.0000
284	-722.8000	838.0000
285	-723.4500	840.0000
286	-724.7500	838.0000
287	-723.9375	839.0000
288	-724.2625	838.0000
289	-724.2625	840.0000
290	-724.1000	838.0000
291	-723.4500	839.0000
292	-723.1250	839.0000
293	-722.3125	840.0000
294	-721.6625	839.0000
295	-720.6875	839.0000
296	-719.5500	839.0000
297	-718.4125	839.0000
298	-717.1125	840.0000
299	-715.6500	838.0000
300	-714.1875	840.0000
301	-712.4000	839.0000
302	-710.6125	840.0000
303	-708.6625	838.0000
304	-706.7125	840.0000
305	-704.6000	838.0000
306	-702.3250	840.0000
307	-700.0500	838.0000
308	-697.6125	840.0000
309	-695.0125	839.0000
310	-692.4125	840.0000
311	-689.8125	838.0000
312	-687.0500	840.0000
313	-683.9625	838.0000
314	-681.0375	840.0000
315	-677.7875	838.0000
316	-675.0250	839.0000
317	-671.4500	838.0000
318	-668.0375	839.0000
319	-665.6000	838.0000
320	-661.0500	838.0000
321	-657.1500	839.0000
322	-653.5750	838.0000
323	-649.8375	839.0000
324	-645.6125	837.0000
325	-641.5500	839.0000
326	-637.4875	837.0000
327	-633.5875	839.0000
328	-629.3625	837.0000
329	-624.9750	839.0000
330	-620.9125	836.0000
331	-616.3625	839.0000
332	-611.8125	837.0000
333	-607.4250	839.0000
334	-603.0375	836.0000
335	-597.8375	839.0000
336	-593.4500	836.0000
337	-589.5500	838.0000
338	-583.2125	836.0000
339	-578.3375	838.0000
340	-573.7875	835.0000
341	-568.2625	837.0000
342	-563.0625	836.0000
343	-558.0250	836.0000
344	-553.1500	836.0000
345	-547.6250	835.0000
346	-542.2625	836.0000
347	-537.2250	835.0000
348	-531.7000	837.0000
349	-526.0125	835.0000
350	-520.3250	836.0000
351	-514.6375	834.0000
352	-509.9250	836.0000
353	-503.1000	833.0000
354	-497.4125	836.0000
355	-491.4000	833.0000
356	-486.0375	835.0000
357	-479.8625	832.0000
358	-473.8500	835.0000
359	-467.6750	833.0000
360	-461.6625	835.0000
361	-455.6500	832.0000
362	-449.4750	835.0000
363	-443.3000	832.0000
364	-437.1250	834.0000
365	-430.9500	832.0000
366	-424.9375	834.0000
367	-420.0625	832.0000
368	-412.5875	833.0000
369	-406.9000	832.0000
370	-399.1000	832.0000
371	-392.9250	833.0000
372	-386.5875	831.0000
373	-380.0875	832.0000
374	-372.7750	831.0000
375	-366.2750	832.0000
376	-359.6125	830.0000
377	-352.6250	832.0000
378	-346.1250	830.0000
379	-339.3000	832.0000
380	-333.2875	830.0000
381	-325.9750	831.0000
382	-318.8250	829.0000
383	-312.1625	832.0000
384	-305.1750	830.0000
385	-298.6750	831.0000
386	-290.8750	829.0000
387	-284.0500	831.0000
388	-277.2250	829.0000
389	-270.0750	830.0000
390	-263.0875	829.0000
391	-255.9375	830.0000
392	-248.9500	829.0000
393	-241.4750	829.0000
394	-234.6500	829.0000
395	-227.0125	829.0000
396	-219.7000	829.0000
397	-212.7125	828.0000
398	-205.4000	832.0000
399	-197.7625	827.0000
400	-190.4500	830.0000
401	-182.9750	828.0000
402	-175.6625	829.0000
403	-168.1875	827.0000
404	-160.7125	829.0000
405	-153.4000	826.0000
406	-146.4125	829.0000
407	-138.4500	826.0000
408	-130.9750	826.0000
409	-123.6625	826.0000
410	-117.0000	829.0000
411	-108.5500	826.0000
412	-101.7250	828.0000
413	-94.7375	822.0000
414	-89.7000	828.0000
415	-85.4750	827.0000
416	-82.2250	825.0000
417	-80.1125	827.0000
418	-76.8625	827.0000
419	-74.4250	827.0000
420	-72.4750	827.0000
421	-70.5250	827.0000
422	-69.8750	826.0000
423	-67.6000	827.0000
424	-66.4625	825.0000
425	-65.3250	828.0000
426	-64.1875	824.0000
427	-63.3750	827.0000
428	-62.5625	825.0000
429	-61.4250	828.0000
430	-61.4250	825.0000
431	-60.4500	828.0000
432	-59.4750	825.0000
433	-58.6625	828.0000
434	-58.8250	825.0000
435	-58.3375	828.0000
436	-56.8750	826.0000
437	-56.3875	828.0000
438	-56.5500	826.0000
439	-55.7375	827.0000
440	-54.7625	826.0000
441	-54.2750	827.0000
442	-53.9500	826.0000
443	-54.4375	826.0000
444	-53.4625	827.0000
445	-52.9750	827.0000
446	-52.9750	827.0000
447	-52.1625	827.0000
448	-52.9750	827.0000
449	-51.6750	826.0000
450	-51.3500	828.0000
451	-51.0250	825.0000
452	-52.1625	828.0000
453	-51.3500	825.0000
454	-50.2125	828.0000
455	-51.0250	825.0000
456	-50.7000	828.0000
457	-49.8875	825.0000
458	-49.5625	828.0000
459	-49.2375	825.0000
460	-50.8625	828.0000
461	-49.5625	825.0000
462	-48.7500	827.0000
463	-49.0750	825.0000
464	-48.9125	827.0000
465	-48.4250	826.0000
466	-47.9375	827.0000
467	-47.6125	826.0000
468	-48.1000	827.0000
469	-47.9375	826.0000
470	-47.1250	826.0000
471	-46.9625	826.0000
472	-47.4500	825.0000
473	-47.2875	827.0000
474	-46.6375	825.0000
475	-46.4750	827.0000
476	-46.4750	826.0000
477	-46.9625	827.0000
478	-46.1500	825.0000
479	-45.9875	827.0000
480	-45.9875	825.0000
481	-46.1500	828.0000
482	-45.9875	825.0000
483	-46.3125	827.0000
484	-45.6625	825.0000
485	-45.6625	827.0000
486	-45.8250	826.0000
487	-45.9875	828.0000
488	-45.1750	826.0000
489	-45.9875	827.0000
490	-45.0125	826.0000
491	-45.9875	827.0000
492	-52.3250	826.0000
493	-45.9875	827.0000
494	-45.0125	825.0000
495	-44.6875	827.0000
496	-44.8500	827.0000
497	-45.0125	826.0000
498	-44.3625	827.0000
499	-44.3625	825.0000
500	-44.3625	827.0000
501	-44.2000	826.0000
502	-44.0375	827.0000
503	-44.0375	825.0000
504	-43.8750	828.0000
505	-43.8750	825.0000
506	-43.8750	828.0000
507	-43.5500	825.0000
508	-43.7125	827.0000
509	-43.5500	824.0000
510	-43.7125	830.0000
511	-43.5500	825.0000
512	-43.3875	828.0000
513	-43.3875	825.0000
514	-43.3875	827.0000
515	-43.3875	826.0000
516	-43.2250	827.0000
517	-43.5500	826.0000
518	-44.3625	827.0000
519	-43.3875	826.0000
520	-43.2250	826.0000
521	-43.2250	826.0000
522	-44.0375	825.0000
523	-43.3875	827.0000
524	-43.5500	825.0000
525	-45.6625	827.0000
526	-43.3875	825.0000
527	-43.8750	827.0000
528	-43.2250	824.0000
529	-43.3875	827.0000
530	-43.7125	825.0000
531	-42.7375	827.0000
532	-43.2250	825.0000
533	-43.2250	827.0000
534	-42.7375	825.0000
535	-43.2250	828.0000
536	-42.4125	825.0000
537	-43.5500	827.0000
538	-42.5750	825.0000
539	-43.0625	827.0000
540	-43.0625	826.0000
541	-42.9000	827.0000
542	-42.4125	826.0000
543	-43.2250	826.0000
544	-42.4125	827.0000
545	-42.7375	826.0000
546	-42.4125	827.0000
547	-42.9000	825.0000
548	-41.9250	827.0000
549	-42.2500	825.0000
550	-43.3875	827.0000
551	-42.2500	825.0000
552	-42.0875	827.0000
553	-41.7625	825.0000
554	-42.0875	828.0000
555	-41.7625	825.0000
556	-41.6000	828.0000
557	-41.4375	825.0000
558	-41.4375	828.0000
559	-42.0875	825.0000
560	-41.6000	828.0000
561	-41.4375	825.0000
562	-41.1125	827.0000
563	-40.9500	825.0000
564	-41.4375	827.0000
565	-40.7875	825.0000
566	-40.9500	827.0000
567	-40.6250	826.0000
568	-40.6250	827.0000
569	-40.9500	826.0000
570	-40.6250	826.0000
571	-41.6000	827.0000
572	-40.7875	826.0000
573	-40.4625	827.0000
574	-40.7875	826.0000
575	-40.9500	828.0000
576	-41.1125	825.0000
577	-40.1375	827.0000
578	-40.1375	825.0000
579	-39.8125	828.0000
580	-40.9500	825.0000
581	-39.8125	828.0000
582	-39.8125	825.0000
583	-39.6500	828.0000
584	-40.1375	825.0000
585	-39.8125	827.0000
586	-39.3250	825.0000
587	-39.0000	827.0000
588	-39.1625	825.0000
589	-39.1625	827.0000
590	-39.1625	826.0000
591	-39.3250	827.0000
592	-38.6750	826.0000
593	-38.8375	827.0000
594	-38.3500	827.0000
595	-38.6750	825.0000
596	-38.1875	827.0000
597	-38.0250	828.0000
598	-38.0250	827.0000
599	-37.8625	826.0000
600	-37.7000	827.0000
601	-37.5375	825.0000
602	-37.5375	827.0000
603	-37.5375	826.0000
604	-37.2125	831.0000
605	-37.3750	824.0000
606	-37.3750	826.0000
607	-37.2125	825.0000
608	-37.0500	828.0000
609	-36.8875	825.0000
610	-36.5625	828.0000
611	-36.7250	825.0000
612	-36.4000	827.0000
613	-36.4000	826.0000
614	-36.2375	827.0000
615	-36.2375	826.0000
616	-35.9125	827.0000
617	-36.8875	826.0000
618	-36.2375	826.0000
619	-35.7500	827.0000
620	-35.4250	826.0000
621	-35.4250	827.0000
622	-35.4250	825.0000
623	-34.9375	827.0000
624	-34.7750	826.0000
625	-34.4500	827.0000
626	-34.4500	825.0000
627	-34.9375	827.0000
628	-33.9625	825.0000
629	-33.6375	827.0000
630	-33.8000	825.0000
631	-33.3125	827.0000
632	-33.1500	825.0000
633	-33.1500	827.0000
634	-33.1500	826.0000
635	-32.6625	827.0000
636	-32.3375	825.0000
637	-32.3375	827.0000
638	-32.0125	825.0000
639	-31.6875	827.0000
640	-31.5250	825.0000
641	-31.2000	827.0000
642	-30.8750	825.0000
643	-30.8750	826.0000
644	-30.5500	827.0000
645	-30.2250	825.0000
646	-29.9000	827.0000
647	-29.7375	826.0000
648	-29.5750	827.0000
649	-29.0875	825.0000
650	-28.7625	827.0000
651	-28.6000	825.0000
652	-27.7875	827.0000
653	-27.6250	825.0000
654	-26.8125	827.0000
655	-26.3250	825.0000
656	-25.6750	827.0000
657	-24.3750	825.0000
658	-23.2375	828.0000
659	-22.4250	825.0000
660	-20.9625	827.0000
661	-19.5000	825.0000
662	-17.7125	828.0000
663	-15.9250	826.0000
664	-13.8125	827.0000
665	-11.5375	825.0000
666	-9.9125	826.0000
667	-7.1500	826.0000
668	-5.6875	826.0000
669	-2.1125	827.0000
670	0.1625	825.0000
671	3.2500	827.0000
672	6.6625	825.0000
673	10.0750	827.0000
674	13.0000	825.0000
675	16.4125	828.0000
676	19.3375	825.0000
677	23.8875	827.0000
678	27.4625	825.0000
679	30.2250	828.0000
680	34.7750	825.0000
681	39.0000	828.0000
682	43.3875	825.0000
683	47.7750	828.0000
684	50.8625	825.0000
685	55.7375	828.0000
686	60.6125	826.0000
687	65.1625	827.0000
688	68.5750	825.0000
689	74.7500	827.0000
690	79.6250	826.0000
691	83.0375	827.0000
692	89.5375	827.0000
693	94.7375	827.0000
694	98.4750	827.0000
695	104.6500	826.0000
696	110.1750	828.0000
697	115.5375	826.0000
698	120.5750	828.0000
699	126.1000	826.0000
700	131.9500	829.0000
701	137.9625	826.0000
702	141.8625	828.0000
703	149.5000	826.0000
704	155.3500	828.0000
705	161.2000	826.0000
706	167.5375	828.0000
707	173.2250	827.0000
708	179.2375	828.0000
709	185.4125	827.0000
710	191.5875	828.0000
711	197.4375	827.0000
712	204.1000	826.0000
713	209.9500	828.0000
714	216.1250	828.0000
715	223.1125	828.0000
716	229.7750	828.0000
717	234.0000	828.0000
718	242.6125	828.0000
719	248.7875	829.0000
720	254.3125	828.0000
721	261.7875	829.0000
722	269.4250	828.0000
723	275.9250	830.0000
724	282.4250	828.0000
725	288.9250	831.0000
726	295.9125	828.0000
727	302.7375	831.0000
728	309.8875	828.0000
729	316.0625	831.0000
730	322.8875	829.0000
731	330.6875	831.0000
732	336.7000	828.0000
733	344.6625	831.0000
734	351.1625	829.0000
735	358.8000	831.0000
736	365.3000	829.0000
737	372.7750	831.0000
738	379.9250	830.0000
739	387.2375	831.0000
740	394.3875	829.0000
741	401.3750	831.0000
742	404.3000	831.0000
743	414.5375	831.0000
744	422.1750	831.0000
745	428.6750	830.0000
746	436.4750	831.0000
747	442.9750	830.0000
748	452.0750	832.0000
749	458.5750	830.0000
750	466.2125	833.0000
751	473.8500	831.0000
752	481.6500	833.0000
753	489.1250	831.0000
754	496.2750	833.0000
755	503.4250	831.0000
756	511.5500	834.0000
757	519.0250	831.0000
758	526.3375	833.0000
759	533.3250	832.0000
760	540.1500	834.0000
761	548.9250	833.0000
762	556.7250	835.0000
763	564.0375	833.0000
764	571.5125	835.0000
765	579.3125	834.0000
766	586.7875	834.0000
767	592.9625	834.0000
768	601.5750	834.0000
769	609.8625	835.0000
770	617.5000	835.0000
771	624.0000	836.0000
772	631.4750	835.0000
773	636.1875	836.0000
774	643.3375	835.0000
775	647.8875	837.0000
776	654.8750	835.0000
777	658.9375	837.0000
778	664.7875	835.0000
779	668.5250	838.0000
780	672.7500	835.0000
781	677.3000	838.0000
782	680.5500	836.0000
783	682.8250	839.0000
784	687.2125	838.0000
785	690.1375	839.0000
786	693.2250	836.0000
787	695.6625	839.0000
788	696.9625	837.0000
789	699.5625	838.0000
790	701.1875	838.0000
791	702.9750	839.0000
792	703.9500	839.0000
793	705.5750	838.0000
794	705.5750	839.0000
795	706.0625	838.0000
796	706.7125	839.0000
797	708.0125	838.0000
798	707.6875	840.0000
799	707.8500	838.0000
800	707.2000	840.0000
801	706.8750	838.0000
802	707.2000	840.0000
803	707.0375	838.0000
804	705.4125	840.0000
805	705.7375	838.0000
806	705.5750	840.0000
807	704.6000	838.0000
808	703.1375	840.0000
809	702.0000	838.0000
810	701.5125	840.0000
811	698.9125	838.0000
812	697.9375	840.0000
813	695.5000	838.0000
814	695.0125	840.0000
815	693.7125	839.0000
816	690.7875	839.0000
817	689.8125	839.0000
818	687.7000	839.0000
819	685.7500	839.0000
820	683.3125	839.0000
821	679.7375	840.0000
822	678.1125	838.0000
823	675.1875	840.0000
824	672.1000	838.0000
825	668.8500	840.0000
826	665.7625	838.0000
827	662.1875	840.0000
828	658.6125	837.0000
829	654.3875	839.0000
830	651.7875	838.0000
831	648.2125	840.0000
832	644.3125	837.0000
833	640.2500	839.0000
834	636.6750	837.0000
835	633.1000	837.0000
836	628.8750	837.0000
837	623.8375	839.0000
838	620.4250	837.0000
839	616.5250	839.0000
840	612.9500	838.0000
841	608.2375	838.0000
842	604.0125	838.0000
843	600.1125	837.0000
844	595.4000	838.0000
845	590.0375	836.0000
846	586.1375	838.0000
847	581.7500	836.0000
848	576.5500	838.0000
849	571.8375	835.0000
850	566.9625	838.0000
851	562.2500	835.0000
852	557.5375	837.0000
853	552.1750	835.0000
854	546.9750	837.0000
855	541.2875	835.0000
856	536.5750	837.0000
857	530.7250	835.0000
858	525.3625	838.0000
859	520.4875	835.0000
860	514.6375	837.0000
861	509.4375	834.0000
862	502.4500	836.0000
863	497.9000	835.0000
864	492.0500	835.0000
865	486.6875	835.0000
866	479.7000	835.0000
867	465.8875	835.0000
868	468.9750	834.0000
869	463.1250	835.0000
870	456.4625	834.0000
871	450.1250	835.0000
872	444.6000	833.0000
873	438.5875	835.0000
874	432.4125	832.0000
875	425.4250	835.0000
876	420.0625	832.0000
877	414.0500	835.0000
878	407.2250	832.0000
879	401.0500	834.0000
880	393.5750	832.0000
881	388.3750	834.0000
882	381.8750	831.0000
883	375.5375	833.0000
884	369.0375	831.0000
885	362.2125	833.0000
886	355.3875	831.0000
887	349.3750	832.0000
888	342.3875	831.0000
889	335.8875	834.0000
890	328.9000	831.0000
891	321.7500	831.0000
892	314.7625	831.0000
893	308.7500	830.0000
894	301.6000	831.0000
895	290.2250	830.0000
896	287.6250	831.0000
897	281.1250	829.0000
898	274.4625	831.0000
899	266.5000	828.0000
900	260.0000	831.0000
901	253.0125	829.0000
902	245.8625	831.0000
903	238.7125	828.0000
904	230.5875	830.0000
905	223.9250	828.0000
906	217.2625	830.0000
907	210.2750	828.0000
908	202.4750	830.0000
909	195.4875	827.0000
910	188.0125	829.0000
911	180.8625	827.0000
912	172.5750	829.0000
913	166.2375	827.0000
914	159.0875	828.0000
915	151.6125	826.0000
916	143.9750	827.0000
917	136.5000	827.0000
918	129.1875	827.0000
919	121.8750	828.0000
920	113.4250	826.0000
921	106.6000	828.0000
922	99.1250	826.0000
923	91.8125	828.0000
924	84.0125	825.0000
925	77.6750	828.0000
926	72.3125	825.0000
927	68.2500	828.0000
928	64.1875	825.0000
929	60.9375	827.0000
930	58.9875	825.0000
931	57.0375	827.0000
932	54.1125	825.0000
933	52.9750	827.0000
934	51.5125	824.0000
935	49.7250	827.0000
936	48.5875	825.0000
937	45.9875	826.0000
938	44.3625	825.0000
939	45.6625	826.0000
940	44.5250	825.0000
941	43.5500	825.0000
942	41.9250	825.0000
943	42.0875	825.0000
944	41.2750	826.0000
945	39.3250	824.0000
946	40.4625	826.0000
947	39.6500	824.0000
948	39.0000	827.0000
949	38.6750	824.0000
950	38.1875	827.0000
951	37.8625	823.0000
952	36.8875	826.0000
953	36.8875	824.0000
954	36.5625	826.0000
955	35.1000	824.0000
956	35.7500	826.0000
957	35.4250	824.0000
958	34.9375	826.0000
959	34.7750	824.0000
960	34.1250	826.0000
961	34.2875	824.0000
962	32.8250	826.0000
963	33.3125	824.0000
964	33.6375	825.0000
965	33.3125	825.0000
966	33.1500	825.0000
967	32.6625	825.0000
968	32.5000	825.0000
969	31.8500	827.0000
970	31.3625	824.0000
971	31.5250	826.0000
972	31.8500	824.0000
973	30.5500	826.0000
974	31.0375	824.0000
975	30.7125	826.0000
976	31.0375	824.0000
977	30.7125	826.0000
978	30.8750	823.0000
979	30.5500	826.0000
980	30.5500	824.0000
981	30.0625	825.0000
982	29.4125	824.0000
983	30.0625	826.0000
984	29.9000	824.0000
985	29.0875	826.0000
986	29.4125	824.0000
987	29.4125	825.0000
988	28.2750	824.0000
989	29.0875	825.0000
990	29.0875	825.0000
991	28.7625	825.0000
992	26.3250	825.0000
993	28.2750	824.0000
994	26.9750	825.0000
995	28.6000	824.0000
996	28.6000	825.0000
997	28.2750	824.0000
998	28.1125	826.0000
999	28.4375	824.0000
1000	28.1125	826.0000
1001	28.1125	824.0000
1002	28.1125	826.0000
1003	27.9500	824.0000
1004	28.1125	826.0000
1005	26.8125	824.0000
1006	26.8125	826.0000
1007	26.1625	823.0000
1008	26.9750	826.0000
1009	27.4625	824.0000
1010	27.4625	826.0000
1011	27.1375	824.0000
1012	27.4625	826.0000
1013	25.3500	824.0000
1014	27.1375	828.0000
1015	27.1375	824.0000
1016	26.9750	825.0000
1017	26.6500	826.0000
1018	25.1875	823.0000
1019	26.8125	825.0000
1020	25.1875	824.0000
1021	25.6750	825.0000
1022	26.4875	824.0000
1023	24.7000	826.0000
#8328
