#	-6.34	3993.16
#	-17.23	3993.16
#	-17.87	4002.93
#	-17.06	3988.27
#	-17.71	3988.27
#	-17.23	3993.16
#	-18.20	3993.16
#	-17.39	3988.27
#	-17.06	4017.59
#	-17.71	4037.15
#	-18.36	3993.16
#	-17.39	3998.04
#	-23.24	3988.27
#	-18.20	3998.04
#	-18.20	3993.16
#	-17.71	3998.04
#	-19.34	3993.16
#	-17.71	3993.16
#	-17.39	3988.27
#	-18.20	3993.16
0	-17.7125	816.0000
1	-16.5750	816.0000
2	-17.7125	817.0000
3	-16.9000	818.0000
4	-16.7375	817.0000
5	-16.5750	817.0000
6	-17.2250	817.0000
7	-16.7375	816.0000
8	-17.3875	817.0000
9	-17.0625	817.0000
10	-17.0625	817.0000
11	-16.9000	817.0000
12	-16.7375	820.0000
13	-16.9000	818.0000
14	-16.9000	817.0000
15	-16.9000	817.0000
16	-17.8750	817.0000
17	-17.5500	817.0000
18	-17.3875	817.0000
19	-17.0625	817.0000
20	-16.9000	817.0000
21	-16.9000	817.0000
22	-16.9000	817.0000
23	-17.2250	817.0000
24	-17.0625	817.0000
25	-17.2250	817.0000
26	-18.0375	818.0000
27	-16.9000	817.0000
28	-16.9000	817.0000
29	-17.2250	817.0000
30	-17.2250	817.0000
31	-17.2250	817.0000
32	-18.3625	817.0000
33	-27.4625	817.0000
34	-16.9000	817.0000
35	-17.2250	817.0000
36	-17.2250	817.0000
37	-17.8750	819.0000
38	-17.0625	819.0000
39	-16.9000	818.0000
40	-16.9000	818.0000
41	-17.0625	817.0000
42	-17.3875	819.0000
43	-17.0625	817.0000
44	-17.3875	817.0000
45	-17.0625	817.0000
46	-17.3875	817.0000
47	-17.0625	817.0000
48	-16.9000	817.0000
49	-16.9000	817.0000
50	-19.9875	818.0000
51	-17.5500	816.0000
52	-17.2250	817.0000
53	-18.5250	816.0000
54	-17.3875	817.0000
55	-17.3875	817.0000
56	-17.2250	817.0000
57	-17.8750	817.0000
58	-17.0625	817.0000
59	-18.0375	817.0000
60	-18.0375	817.0000
61	-18.0375	816.0000
62	-17.7125	817.0000
63	-17.5500	817.0000
64	-17.8750	817.0000
65	-18.0375	817.0000
66	-17.5500	817.0000
67	-18.0375	817.0000
68	-17.8750	817.0000
69	-17.5500	818.0000
70	-18.0375	820.0000
71	-17.7125	820.0000
72	-17.5500	819.0000
73	-17.3875	818.0000
74	-17.7125	821.0000
75	-17.7125	821.0000
76	-17.8750	821.0000
77	-18.0375	821.0000
78	-18.0375	822.0000
79	-18.0375	820.0000
80	-17.7125	820.0000
81	-18.5250	819.0000
82	-18.5250	820.0000
83	-18.5250	820.0000
84	-17.7125	821.0000
85	-18.2000	817.0000
86	-18.0375	819.0000
87	-18.0375	816.0000
88	-18.0375	817.0000
89	-17.7125	817.0000
90	-17.8750	817.0000
91	-17.7125	817.0000
92	-17.8750	819.0000
93	-17.8750	819.0000
94	-17.8750	817.0000
95	-18.6875	818.0000
96	-18.0375	817.0000
97	-18.2000	816.0000
98	-17.8750	817.0000
99	-18.6875	817.0000
100	-18.2000	819.0000
101	-18.2000	819.0000
102	-18.5250	818.0000
103	-18.2000	820.0000
104	-20.1500	819.0000
105	-25.6750	819.0000
106	-18.5250	819.0000
107	-18.5250	818.0000
108	-18.5250	817.0000
109	-19.0125	817.0000
110	-18.5250	817.0000
111	-18.5250	817.0000
112	-18.8500	817.0000
113	-18.6875	817.0000
114	-18.6875	817.0000
115	-18.6875	817.0000
116	-18.5250	817.0000
117	-18.8500	819.0000
118	-19.6625	816.0000
119	-19.8250	820.0000
120	-19.5000	816.0000
121	-19.0125	822.0000
122	-19.0125	816.0000
123	-19.0125	822.0000
124	-18.8500	819.0000
125	-19.8250	824.0000
126	-19.1750	822.0000
127	-19.1750	825.0000
128	-19.3375	821.0000
129	-19.6625	824.0000
130	-19.6625	822.0000
131	-19.3375	823.0000
132	-19.8250	823.0000
133	-19.8250	820.0000
134	-19.8250	823.0000
135	-19.5000	821.0000
136	-19.9875	824.0000
137	-19.6625	821.0000
138	-19.6625	824.0000
139	-19.8250	822.0000
140	-19.8250	823.0000
141	-20.9625	821.0000
142	-25.1875	820.0000
143	-20.4750	819.0000
144	-20.1500	819.0000
145	-20.1500	818.0000
146	-20.9625	818.0000
147	-20.8000	819.0000
148	-20.8000	821.0000
149	-20.6375	820.0000
150	-21.1250	818.0000
151	-21.1250	819.0000
152	-21.6125	819.0000
153	-22.1000	819.0000
154	-22.9125	819.0000
155	-23.7250	820.0000
156	-24.7000	819.0000
157	-25.5125	821.0000
158	-26.0000	819.0000
159	-26.3250	820.0000
160	-27.1375	819.0000
161	-27.9500	819.0000
162	-28.7625	820.0000
163	-29.0875	819.0000
164	-30.0625	822.0000
165	-31.0375	819.0000
166	-32.1750	824.0000
167	-33.1500	819.0000
168	-34.2875	820.0000
169	-36.5625	819.0000
170	-37.5375	823.0000
171	-38.6750	823.0000
172	-39.4875	823.0000
173	-41.1125	822.0000
174	-42.0875	824.0000
175	-43.8750	821.0000
176	-45.0125	824.0000
177	-46.4750	820.0000
178	-48.2625	824.0000
179	-49.7250	821.0000
180	-51.1875	824.0000
181	-52.8125	822.0000
182	-59.9625	824.0000
183	-56.2250	822.0000
184	-57.6875	823.0000
185	-59.4750	822.0000
186	-60.9375	824.0000
187	-62.7250	822.0000
188	-64.3500	823.0000
189	-66.1375	822.0000
190	-67.4375	822.0000
191	-69.7125	823.0000
192	-71.1750	823.0000
193	-73.4500	823.0000
194	-74.7500	823.0000
195	-76.3750	823.0000
196	-77.8375	823.0000
197	-80.1125	823.0000
198	-81.5750	823.0000
199	-83.3625	823.0000
200	-85.1500	825.0000
201	-86.9375	823.0000
202	-88.8875	824.0000
203	-90.6750	823.0000
204	-92.6250	823.0000
205	-94.4125	823.0000
206	-96.6875	823.0000
207	-98.3125	822.0000
208	-100.4250	822.0000
209	-101.4000	822.0000
210	-103.5125	823.0000
211	-105.3000	822.0000
212	-107.4125	822.0000
213	-109.5250	822.0000
214	-110.9875	822.0000
215	-113.1000	822.0000
216	-114.8875	822.0000
217	-116.8375	822.0000
218	-118.6250	822.0000
219	-120.7375	822.0000
220	-123.1750	822.0000
221	-124.6375	822.0000
222	-126.5875	822.0000
223	-128.5375	822.0000
224	-130.8125	822.0000
225	-132.1125	822.0000
226	-134.2250	823.0000
227	-136.3375	822.0000
228	-137.9625	824.0000
229	-139.9125	821.0000
230	-142.3500	823.0000
231	-143.8125	822.0000
232	-146.0875	823.0000
233	-148.0375	822.0000
234	-149.9875	823.0000
235	-152.1000	823.0000
236	-153.5625	824.0000
237	-156.0000	823.0000
238	-157.4625	825.0000
239	-159.4125	822.0000
240	-161.6875	824.0000
241	-163.4750	823.0000
242	-165.4250	824.0000
243	-167.7000	824.0000
244	-169.4875	824.0000
245	-171.4375	824.0000
246	-173.5500	824.0000
247	-175.1750	825.0000
248	-177.1250	824.0000
249	-178.9125	824.0000
250	-181.5125	825.0000
251	-183.1375	824.0000
252	-185.5750	824.0000
253	-187.2000	825.0000
254	-189.4750	822.0000
255	-191.5875	824.0000
256	-193.5375	823.0000
257	-197.6000	824.0000
258	-196.4625	823.0000
259	-196.6250	826.0000
260	-196.3000	823.0000
261	-195.8125	823.0000
262	-194.5125	825.0000
263	-193.7000	825.0000
264	-192.8875	825.0000
265	-191.2625	824.0000
266	-190.2875	825.0000
267	-188.9875	825.0000
268	-187.6875	825.0000
269	-186.3875	825.0000
270	-185.2500	825.0000
271	-184.2750	824.0000
272	-182.6500	825.0000
273	-181.5125	824.0000
274	-179.7250	825.0000
275	-178.1000	823.0000
276	-176.1500	826.0000
277	-174.8500	823.0000
278	-173.7125	826.0000
279	-171.7625	824.0000
280	-170.3000	825.0000
281	-168.8375	823.0000
282	-168.5125	824.0000
283	-165.4250	823.0000
284	-163.9625	824.0000
285	-161.8500	824.0000
286	-161.2000	823.0000
287	-158.9250	824.0000
288	-157.1375	824.0000
289	-156.0000	823.0000
290	-153.5625	823.0000
291	-152.1000	823.0000
292	-150.4750	824.0000
293	-148.6875	823.0000
294	-147.2250	823.0000
295	-145.1125	824.0000
296	-143.4875	824.0000
297	-142.0250	823.0000
298	-140.4000	824.0000
299	-139.2625	822.0000
300	-137.3125	824.0000
301	-135.2000	821.0000
302	-133.0875	824.0000
303	-132.1125	821.0000
304	-129.5125	824.0000
305	-127.7250	822.0000
306	-126.1000	823.0000
307	-124.3125	822.0000
308	-122.8500	821.0000
309	-121.2250	824.0000
310	-119.6000	822.0000
311	-117.3250	823.0000
312	-115.5375	823.0000
313	-113.5875	823.0000
314	-111.8000	823.0000
315	-110.3375	823.0000
316	-108.2250	823.0000
317	-106.7625	819.0000
318	-104.4875	824.0000
319	-102.3750	821.0000
320	-100.7500	824.0000
321	-98.8000	821.0000
322	-96.8500	825.0000
323	-95.0625	822.0000
324	-99.4500	825.0000
325	-91.4875	824.0000
326	-89.5375	823.0000
327	-90.3500	824.0000
328	-85.8000	820.0000
329	-84.9875	825.0000
330	-84.8250	821.0000
331	-80.2750	823.0000
332	-78.3250	820.0000
333	-76.7000	822.0000
334	-74.9125	822.0000
335	-79.1375	822.0000
336	-72.3125	822.0000
337	-70.3625	822.0000
338	-67.6000	822.0000
339	-66.3000	822.0000
340	-64.3500	822.0000
341	-62.7250	823.0000
342	-60.9375	822.0000
343	-59.1500	822.0000
344	-56.7125	822.0000
345	-55.0875	822.0000
346	-53.1375	823.0000
347	-51.3500	824.0000
348	-49.5625	824.0000
349	-47.9375	826.0000
350	-46.9625	826.0000
351	-44.6875	826.0000
352	-43.0625	826.0000
353	-41.4375	827.0000
354	-39.9750	826.0000
355	-42.5750	826.0000
356	-37.7000	825.0000
357	-36.5625	827.0000
358	-35.2625	827.0000
359	-34.4500	826.0000
360	-33.8000	827.0000
361	-32.8250	826.0000
362	-31.5250	827.0000
363	-30.8750	826.0000
364	-30.2250	827.0000
365	-29.2500	826.0000
366	-28.9250	826.0000
367	-28.6000	828.0000
368	-28.4375	827.0000
369	-28.6000	826.0000
370	-28.2750	827.0000
371	-27.9500	826.0000
372	-27.7875	827.0000
373	-27.9500	827.0000
374	-28.4375	827.0000
375	-27.9500	827.0000
376	-27.6250	826.0000
377	-27.6250	827.0000
378	-27.4625	826.0000
379	-27.3000	827.0000
380	-27.1375	822.0000
381	-27.9500	824.0000
382	-27.6250	821.0000
383	-27.3000	824.0000
384	-27.3000	822.0000
385	-27.1375	822.0000
386	-27.3000	824.0000
387	-27.3000	821.0000
388	-26.6500	824.0000
389	-26.6500	822.0000
390	-26.4875	822.0000
391	-26.4875	825.0000
392	-30.8750	819.0000
393	-26.8125	825.0000
394	-26.6500	818.0000
395	-26.4875	827.0000
396	-26.3250	819.0000
397	-26.3250	828.0000
398	-26.3250	823.0000
399	-26.3250	830.0000
400	-26.1625	822.0000
401	-26.4875	830.0000
402	-26.3250	821.0000
403	-26.1625	829.0000
404	-26.1625	823.0000
405	-26.1625	825.0000
406	-25.6750	824.0000
407	-25.8375	826.0000
408	-25.8375	823.0000
409	-25.5125	826.0000
410	-25.8375	823.0000
411	-25.8375	828.0000
412	-25.8375	822.0000
413	-25.5125	829.0000
414	-25.6750	818.0000
415	-25.5125	829.0000
416	-25.5125	824.0000
417	-25.5125	830.0000
418	-25.5125	826.0000
419	-25.3500	830.0000
420	-25.1875	825.0000
421	-25.3500	831.0000
422	-25.1875	825.0000
423	-25.1875	831.0000
424	-30.5500	825.0000
425	-25.1875	830.0000
426	-25.1875	822.0000
427	-25.6750	829.0000
428	-26.3250	824.0000
429	-25.0250	827.0000
430	-24.8625	829.0000
431	-25.0250	826.0000
432	-25.1875	827.0000
433	-25.0250	823.0000
434	-25.0250	829.0000
435	-25.0250	825.0000
436	-24.8625	828.0000
437	-24.8625	826.0000
438	-26.1625	830.0000
439	-24.8625	825.0000
440	-24.5375	829.0000
441	-24.7000	827.0000
442	-24.7000	826.0000
443	-31.5250	827.0000
444	-24.3750	829.0000
445	-24.7000	825.0000
446	-24.3750	828.0000
447	-24.8625	826.0000
448	-24.7000	828.0000
449	-25.0250	829.0000
450	-24.5375	829.0000
451	-25.1875	827.0000
452	-24.7000	832.0000
453	-24.3750	821.0000
454	-24.2125	831.0000
455	-24.2125	819.0000
456	-24.3750	832.0000
457	-25.1875	822.0000
458	-25.1875	834.0000
459	-24.8625	823.0000
460	-24.5375	833.0000
461	-24.3750	823.0000
462	-24.0500	833.0000
463	-24.8625	826.0000
464	-23.8875	833.0000
465	-24.7000	827.0000
466	-24.8625	833.0000
467	-24.8625	828.0000
468	-24.7000	833.0000
469	-24.2125	829.0000
470	-24.7000	833.0000
471	-24.3750	829.0000
472	-24.3750	832.0000
473	-24.2125	830.0000
474	-24.0500	832.0000
475	-25.0250	831.0000
476	-24.0500	832.0000
477	-23.8875	831.0000
478	-24.0500	831.0000
479	-23.8875	832.0000
480	-23.8875	831.0000
481	-24.0500	831.0000
482	-23.8875	832.0000
483	-24.5375	830.0000
484	-23.8875	832.0000
485	-24.0500	831.0000
486	-24.0500	832.0000
487	-23.8875	832.0000
488	-24.5375	830.0000
489	-24.7000	830.0000
490	-23.8875	831.0000
491	-23.7250	831.0000
492	-23.8875	832.0000
493	-23.8875	831.0000
494	-24.3750	830.0000
495	-24.3750	831.0000
496	-24.3750	830.0000
497	-23.7250	830.0000
498	-23.8875	832.0000
499	-23.7250	831.0000
500	-23.4000	831.0000
501	-23.8875	831.0000
502	-24.8625	831.0000
503	-24.5375	831.0000
504	-24.3750	831.0000
505	-24.3750	831.0000
506	-28.6000	831.0000
507	-39.9750	832.0000
508	-23.5625	832.0000
509	-23.5625	832.0000
510	-23.8875	832.0000
511	-23.8875	833.0000
512	-25.6750	833.0000
513	-23.0750	833.0000
514	-23.2375	832.0000
515	-23.4000	833.0000
516	-22.9125	833.0000
517	-23.2375	833.0000
518	-22.9125	832.0000
519	-23.2375	832.0000
520	-23.2375	832.0000
521	-23.0750	832.0000
522	-23.0750	833.0000
523	-23.2375	832.0000
524	-23.2375	832.0000
525	-24.0500	833.0000
526	-23.7250	833.0000
527	-23.2375	832.0000
528	-23.5625	831.0000
529	-23.7250	831.0000
530	-23.2375	830.0000
531	-23.2375	830.0000
532	-23.4000	830.0000
533	-23.2375	830.0000
534	-23.4000	831.0000
535	-23.5625	831.0000
536	-23.4000	831.0000
537	-30.8750	831.0000
538	-23.5625	831.0000
539	-23.7250	831.0000
540	-24.2125	831.0000
541	-23.8875	831.0000
542	-23.8875	831.0000
543	-23.2375	831.0000
544	-23.0750	831.0000
545	-23.0750	832.0000
546	-23.2375	832.0000
547	-23.2375	832.0000
548	-23.4000	831.0000
549	-23.0750	832.0000
550	-23.0750	832.0000
551	-22.7500	833.0000
552	-22.7500	833.0000
553	-23.4000	833.0000
554	-23.0750	833.0000
555	-23.0750	834.0000
556	-22.9125	834.0000
557	-23.0750	834.0000
558	-22.9125	834.0000
559	-22.7500	834.0000
560	-23.0750	834.0000
561	-24.0500	834.0000
562	-23.0750	834.0000
563	-22.7500	834.0000
564	-22.7500	834.0000
565	-23.5625	833.0000
566	-22.5875	831.0000
567	-22.5875	833.0000
568	-22.5875	833.0000
569	-22.7500	833.0000
570	-22.7500	833.0000
571	-23.0750	832.0000
572	-22.9125	833.0000
573	-22.5875	832.0000
574	-22.9125	832.0000
575	-22.5875	832.0000
576	-22.5875	833.0000
577	-23.7250	833.0000
578	-23.2375	831.0000
579	-23.0750	833.0000
580	-22.2625	833.0000
581	-22.7500	833.0000
582	-22.1000	833.0000
583	-22.2625	833.0000
584	-22.5875	833.0000
585	-22.2625	832.0000
586	-22.1000	833.0000
587	-22.1000	833.0000
588	-22.1000	833.0000
589	-22.1000	834.0000
590	-21.9375	834.0000
591	-22.5875	834.0000
592	-22.1000	834.0000
593	-21.7750	835.0000
594	-21.7750	834.0000
595	-22.4250	835.0000
596	-21.4500	835.0000
597	-22.1000	835.0000
598	-21.7750	835.0000
599	-21.9375	835.0000
600	-21.7750	834.0000
601	-21.6125	835.0000
602	-21.7750	835.0000
603	-21.4500	835.0000
604	-22.7500	835.0000
605	-23.5625	835.0000
606	-21.7750	835.0000
607	-21.6125	835.0000
608	-21.4500	835.0000
609	-21.2875	835.0000
610	-21.9375	835.0000
611	-22.1000	835.0000
612	-21.7750	835.0000
613	-21.9375	835.0000
614	-22.4250	835.0000
615	-21.7750	835.0000
616	-21.9375	834.0000
617	-21.1250	835.0000
618	-21.1250	835.0000
619	-20.9625	835.0000
620	-20.9625	834.0000
621	-21.6125	835.0000
622	-20.9625	835.0000
623	-20.6375	835.0000
624	-20.8000	835.0000
625	-20.8000	835.0000
626	-22.1000	835.0000
627	-20.6375	835.0000
628	-20.8000	835.0000
629	-20.3125	836.0000
630	-20.4750	835.0000
631	-20.3125	838.0000
632	-20.6375	835.0000
633	-20.3125	835.0000
634	-19.9875	835.0000
635	-20.3125	835.0000
636	-20.3125	835.0000
637	-20.1500	835.0000
638	-19.9875	835.0000
639	-22.2625	835.0000
640	-19.9875	836.0000
641	-19.6625	835.0000
642	-22.1000	835.0000
643	-19.6625	835.0000
644	-19.3375	835.0000
645	-19.6625	838.0000
646	-19.3375	835.0000
647	-20.1500	835.0000
648	-19.9875	835.0000
649	-47.9375	835.0000
650	-47.4500	835.0000
651	-46.9625	836.0000
652	-47.6125	835.0000
653	-47.6125	836.0000
654	-47.2875	836.0000
655	-47.2875	838.0000
656	-18.6875	836.0000
657	-19.0125	837.0000
658	-19.3375	837.0000
659	-18.2000	836.0000
660	-18.0375	835.0000
661	-18.6875	836.0000
662	-17.8750	835.0000
663	-18.0375	836.0000
664	-17.0625	835.0000
665	-17.0625	836.0000
666	-15.4375	836.0000
667	-14.6250	836.0000
668	-13.8125	835.0000
669	-13.0000	836.0000
670	-11.8625	835.0000
671	-11.0500	834.0000
672	-10.8875	836.0000
673	-9.9125	831.0000
674	-8.6125	836.0000
675	-7.3125	830.0000
676	-6.5000	837.0000
677	-5.2000	829.0000
678	-5.0375	835.0000
679	-3.5750	832.0000
680	-1.3000	834.0000
681	0.0000	833.0000
682	1.6250	833.0000
683	3.7375	833.0000
684	5.0375	834.0000
685	6.6625	833.0000
686	7.6375	834.0000
687	10.0750	833.0000
688	12.3500	835.0000
689	13.3250	832.0000
690	15.1125	835.0000
691	17.2250	832.0000
692	19.0125	834.0000
693	21.1250	831.0000
694	23.7250	834.0000
695	25.5125	832.0000
696	27.4625	834.0000
697	29.4125	831.0000
698	25.3500	835.0000
699	33.8000	831.0000
700	35.7500	833.0000
701	37.5375	832.0000
702	37.5375	833.0000
703	41.9250	832.0000
704	44.0375	832.0000
705	45.8250	833.0000
706	46.9625	832.0000
707	50.3750	833.0000
708	52.0000	833.0000
709	54.2750	832.0000
710	56.7125	833.0000
711	58.6625	832.0000
712	60.7750	834.0000
713	62.7250	832.0000
714	64.8375	835.0000
715	66.3000	832.0000
716	65.3250	835.0000
717	71.3375	833.0000
718	73.7750	833.0000
719	75.7250	834.0000
720	77.6750	833.0000
721	80.1125	832.0000
722	82.3875	834.0000
723	84.3375	833.0000
724	86.2875	835.0000
725	88.7250	834.0000
726	90.1875	834.0000
727	92.3000	834.0000
728	94.0875	833.0000
729	97.0125	835.0000
730	97.6625	834.0000
731	100.1000	835.0000
732	102.8625	835.0000
733	105.9500	834.0000
734	108.0625	834.0000
735	110.1750	835.0000
736	112.4500	833.0000
737	114.7250	835.0000
738	117.0000	834.0000
739	118.9500	835.0000
740	121.5500	834.0000
741	123.6625	834.0000
742	125.6125	835.0000
743	127.8875	835.0000
744	129.1875	835.0000
745	131.4625	834.0000
746	133.5750	835.0000
747	136.5000	835.0000
748	138.7750	834.0000
749	141.0500	835.0000
750	143.1625	834.0000
751	145.2750	836.0000
752	147.5500	834.0000
753	149.9875	835.0000
754	151.7750	835.0000
755	153.7250	835.0000
756	155.8375	836.0000
757	158.4375	835.0000
758	160.7125	837.0000
759	162.1750	835.0000
760	165.2625	838.0000
761	167.0500	836.0000
762	169.4875	837.0000
763	170.7875	836.0000
764	173.0625	837.0000
765	175.3375	836.0000
766	178.1000	837.0000
767	179.2375	836.0000
768	182.9750	837.0000
769	184.7625	837.0000
770	186.0625	838.0000
771	186.2250	837.0000
772	186.3875	837.0000
773	185.2500	838.0000
774	184.4375	837.0000
775	183.4625	839.0000
776	182.3250	837.0000
777	181.1875	838.0000
778	180.2125	838.0000
779	178.5875	838.0000
780	177.1250	838.0000
781	175.0125	837.0000
782	173.7125	838.0000
783	172.7375	838.0000
784	172.2500	838.0000
785	170.4625	838.0000
786	168.6750	838.0000
787	167.5375	838.0000
788	166.0750	837.0000
789	164.2875	837.0000
790	162.6625	838.0000
791	161.3625	837.0000
792	159.5750	838.0000
793	157.7875	836.0000
794	156.3250	839.0000
795	154.8625	836.0000
796	152.9125	838.0000
797	151.4500	837.0000
798	148.5250	839.0000
799	148.2000	837.0000
800	145.7625	838.0000
801	143.9750	837.0000
802	142.3500	838.0000
803	141.2125	838.0000
804	139.4250	838.0000
805	137.8000	838.0000
806	135.8500	836.0000
807	134.2250	840.0000
808	132.6000	835.0000
809	130.4875	839.0000
810	129.1875	836.0000
811	127.4000	839.0000
812	125.4500	836.0000
813	123.8250	839.0000
814	121.5500	836.0000
815	120.0875	838.0000
816	118.6250	837.0000
817	111.3125	837.0000
818	113.9125	837.0000
819	112.1250	836.0000
820	110.1750	837.0000
821	109.3625	836.0000
822	107.4125	840.0000
823	105.6250	836.0000
824	103.5125	836.0000
825	101.0750	837.0000
826	99.7750	837.0000
827	98.1500	837.0000
828	96.0375	836.0000
829	93.7625	837.0000
830	92.3000	837.0000
831	90.5125	837.0000
832	87.7500	837.0000
833	86.4500	835.0000
834	84.6625	837.0000
835	82.7125	837.0000
836	81.0875	835.0000
837	78.1625	837.0000
838	76.5375	835.0000
839	74.5875	837.0000
840	73.2875	836.0000
841	71.3375	836.0000
842	69.5500	835.0000
843	67.9250	838.0000
844	65.6500	834.0000
845	64.1875	838.0000
846	61.5875	833.0000
847	60.1250	837.0000
848	58.0125	835.0000
849	56.3875	835.0000
850	54.4375	834.0000
851	52.3250	834.0000
852	50.5375	836.0000
853	48.2625	834.0000
854	46.9625	834.0000
855	41.6000	835.0000
856	42.4125	833.0000
857	40.7875	833.0000
858	39.8125	834.0000
859	37.7000	833.0000
860	35.4250	834.0000
861	34.2875	833.0000
862	32.8250	834.0000
863	30.8750	832.0000
864	29.0875	835.0000
865	27.7875	832.0000
866	26.4875	835.0000
867	25.1875	833.0000
868	23.8875	835.0000
869	21.9375	833.0000
870	21.9375	838.0000
871	20.9625	834.0000
872	19.8250	835.0000
873	18.8500	835.0000
874	18.3625	837.0000
875	17.0625	835.0000
876	16.5750	836.0000
877	15.7625	833.0000
878	15.6000	835.0000
879	15.2750	833.0000
880	15.2750	834.0000
881	14.7875	835.0000
882	15.1125	833.0000
883	13.6500	834.0000
884	13.9750	833.0000
885	13.9750	835.0000
886	14.4625	835.0000
887	13.9750	835.0000
888	13.9750	836.0000
889	13.8125	835.0000
890	14.4625	838.0000
891	13.9750	835.0000
892	11.2125	838.0000
893	13.4875	836.0000
894	13.9750	837.0000
895	13.8125	835.0000
896	13.8125	837.0000
897	13.3250	837.0000
898	13.6500	839.0000
899	13.3250	837.0000
900	13.8125	838.0000
901	13.1625	837.0000
902	12.6750	836.0000
903	12.8375	836.0000
904	13.1625	835.0000
905	13.0000	836.0000
906	12.8375	836.0000
907	12.8375	837.0000
908	12.8375	836.0000
909	13.0000	837.0000
910	12.8375	836.0000
911	13.3250	836.0000
912	12.8375	837.0000
913	13.0000	835.0000
914	12.6750	836.0000
915	12.6750	836.0000
916	12.5125	836.0000
917	12.5125	836.0000
918	12.3500	836.0000
919	11.7000	836.0000
920	11.3750	837.0000
921	11.5375	836.0000
922	11.5375	837.0000
923	12.1875	837.0000
924	12.0250	836.0000
925	12.3500	837.0000
926	11.7000	836.0000
927	12.0250	837.0000
928	12.0250	836.0000
929	12.1875	835.0000
930	12.0250	836.0000
931	11.7000	836.0000
932	12.1875	835.0000
933	11.8625	836.0000
934	11.3750	836.0000
935	11.5375	836.0000
936	11.8625	835.0000
937	11.5375	836.0000
938	11.7000	836.0000
939	9.9125	836.0000
940	11.2125	836.0000
941	11.5375	835.0000
942	11.2125	836.0000
943	11.3750	837.0000
944	11.5375	836.0000
945	11.0500	836.0000
946	10.4000	835.0000
947	11.3750	836.0000
948	11.2125	835.0000
949	11.5375	837.0000
950	11.3750	836.0000
951	11.0500	836.0000
952	11.2125	836.0000
953	10.4000	836.0000
954	10.7250	837.0000
955	10.5625	836.0000
956	11.2125	836.0000
957	10.7250	835.0000
958	10.2375	835.0000
959	10.2375	836.0000
960	9.9125	836.0000
961	10.8875	836.0000
962	10.7250	836.0000
963	10.7250	838.0000
964	11.0500	836.0000
965	10.2375	836.0000
966	10.7250	835.0000
967	10.8875	837.0000
968	11.0500	835.0000
969	11.0500	836.0000
970	10.8875	840.0000
971	9.7500	836.0000
972	10.8875	841.0000
973	11.2125	835.0000
974	10.5625	843.0000
975	10.8875	835.0000
976	9.2625	843.0000
977	10.0750	836.0000
978	10.4000	841.0000
979	10.2375	837.0000
980	10.7250	840.0000
981	10.2375	838.0000
982	6.5000	839.0000
983	10.8875	839.0000
984	10.4000	838.0000
985	10.2375	838.0000
986	10.7250	838.0000
987	10.8875	838.0000
988	10.2375	838.0000
989	10.7250	837.0000
990	9.7500	838.0000
991	9.7500	839.0000
992	9.9125	838.0000
993	8.2875	838.0000
994	10.2375	838.0000
995	9.5875	838.0000
996	9.7500	838.0000
997	9.7500	838.0000
998	9.9125	838.0000
999	9.9125	838.0000
1000	9.9125	838.0000
1001	10.2375	838.0000
1002	9.4250	838.0000
1003	9.9125	838.0000
1004	9.7500	838.0000
1005	9.9125	838.0000
1006	10.0750	839.0000
1007	10.0750	837.0000
1008	8.6125	837.0000
1009	10.4000	838.0000
1010	9.9125	839.0000
1011	10.2375	838.0000
1012	9.9125	838.0000
1013	9.2625	838.0000
1014	9.2625	838.0000
1015	10.0750	838.0000
1016	10.0750	838.0000
1017	9.7500	838.0000
1018	9.9125	838.0000
1019	9.4250	839.0000
1020	10.0750	838.0000
1021	9.9125	838.0000
1022	9.1000	838.0000
1023	9.9125	838.0000
#110728
