# Jueves 8 de febrero de 2018
# Medida Efecto Kerr Magneto óptico
# Muestra Andreas - 1 
# Polarizadores LPVI050 ThorLabs
# Láser polarizado 500 mWatts
# Photodiodo vtb 6061
# ángulo de reflexión aproximado 45°
# eje del polarizador en S (242°)
# eje de extinción del analizador 93°
# intensidad en la extinción 175 mV 
# intensidad en 98°: 4500 mV
# delay 0 ms
# ángulo azimutal 0°
#	-10.73	3152.49
#	-10.56	3157.38
#	-9.75	3157.38
#	-10.56	3157.38
#	-10.08	3162.27
#	-9.91	3157.38
#	-9.75	3162.27
#	-10.24	3162.27
#	-9.91	3167.16
#	-10.56	3162.27
#	-10.56	3167.16
#	-10.73	3167.16
#	-10.56	3172.04
#	-10.56	3167.16
#	-9.91	3172.04
#	-10.73	3172.04
0	-37.8625	649.0000
1	-9.2625	649.0000
2	-9.5875	649.0000
3	-9.2625	650.0000
4	-14.7875	649.0000
5	-13.4875	651.0000
6	-9.7500	650.0000
7	-9.2625	650.0000
8	-12.6750	649.0000
9	-9.4250	650.0000
10	-9.4250	649.0000
11	-9.2625	650.0000
12	-9.4250	649.0000
13	-9.7500	650.0000
14	-9.4250	649.0000
15	-9.5875	651.0000
16	-9.2625	650.0000
17	-9.7500	651.0000
18	-9.5875	650.0000
19	-9.5875	650.0000
20	-9.4250	650.0000
21	-9.5875	650.0000
22	-9.5875	651.0000
23	-10.2375	650.0000
24	-10.0750	651.0000
25	-9.9125	651.0000
26	-9.9125	651.0000
27	-9.4250	651.0000
28	-9.9125	651.0000
29	-9.9125	651.0000
30	-9.9125	651.0000
31	-9.7500	651.0000
32	-10.0750	651.0000
33	-10.4000	651.0000
34	-9.7500	651.0000
35	-9.9125	651.0000
36	-13.3250	652.0000
37	-10.0750	651.0000
38	-9.7500	651.0000
39	-9.9125	651.0000
40	-9.9125	651.0000
41	-9.5875	652.0000
42	-9.5875	651.0000
43	-10.4000	652.0000
44	-9.7500	651.0000
45	-10.2375	652.0000
46	-9.7500	651.0000
47	-10.0750	652.0000
48	-10.4000	651.0000
49	-9.9125	652.0000
50	-9.7500	651.0000
51	-10.2375	652.0000
52	-9.9125	651.0000
53	-9.9125	652.0000
54	-9.7500	651.0000
55	-10.7250	652.0000
56	-10.0750	652.0000
57	-10.0750	652.0000
58	-9.9125	652.0000
59	-10.0750	652.0000
60	-10.5625	652.0000
61	-10.7250	652.0000
62	-10.5625	652.0000
63	-10.0750	652.0000
64	-10.0750	652.0000
65	-10.0750	652.0000
66	-10.0750	653.0000
67	-9.9125	652.0000
68	-12.0250	653.0000
69	-10.8875	652.0000
70	-10.7250	653.0000
71	-11.2125	652.0000
72	-10.4000	653.0000
73	-10.7250	652.0000
74	-10.7250	653.0000
75	-10.4000	652.0000
76	-10.0750	653.0000
77	-10.2375	652.0000
78	-10.5625	653.0000
79	-10.2375	653.0000
80	-10.4000	653.0000
81	-10.4000	653.0000
82	-10.4000	653.0000
83	-10.4000	654.0000
84	-10.4000	652.0000
85	-10.5625	653.0000
86	-10.4000	653.0000
87	-10.7250	654.0000
88	-11.2125	653.0000
89	-10.2375	655.0000
90	-10.4000	653.0000
91	-10.4000	654.0000
92	-10.5625	653.0000
93	-10.5625	654.0000
94	-10.5625	654.0000
95	-10.5625	654.0000
96	-12.1875	653.0000
97	-11.2125	654.0000
98	-11.7000	653.0000
99	-11.3750	654.0000
100	-11.0500	654.0000
101	-11.5375	654.0000
102	-11.3750	654.0000
103	-11.3750	654.0000
104	-10.8875	654.0000
105	-11.2125	654.0000
106	-11.5375	655.0000
107	-11.5375	654.0000
108	-11.5375	655.0000
109	-11.2125	654.0000
110	-13.9750	655.0000
111	-11.2125	654.0000
112	-11.7000	655.0000
113	-11.3750	654.0000
114	-11.0500	655.0000
115	-11.2125	654.0000
116	-11.0500	655.0000
117	-11.2125	654.0000
118	-11.5375	655.0000
119	-11.5375	654.0000
120	-11.2125	655.0000
121	-11.8625	655.0000
122	-39.9750	655.0000
123	-33.4750	655.0000
124	-16.0875	654.0000
125	-22.7500	655.0000
126	-35.1000	655.0000
127	-39.8125	655.0000
128	-35.5875	654.0000
129	-11.5375	655.0000
130	-11.7000	655.0000
131	-11.7000	655.0000
132	-11.7000	655.0000
133	-14.4625	655.0000
134	-11.7000	654.0000
135	-33.4750	656.0000
136	-28.4375	655.0000
137	-17.8750	655.0000
138	-12.6750	655.0000
139	-12.8375	656.0000
140	-12.6750	655.0000
141	-12.8375	656.0000
142	-13.0000	655.0000
143	-13.0000	655.0000
144	-17.5500	655.0000
145	-13.0000	655.0000
146	-13.3250	655.0000
147	-12.6750	655.0000
148	-12.3500	656.0000
149	-13.0000	655.0000
150	-13.4875	656.0000
151	-13.4875	655.0000
152	-13.4875	656.0000
153	-13.9750	655.0000
154	-14.3000	656.0000
155	-14.9500	655.0000
156	-15.6000	656.0000
157	-16.2500	655.0000
158	-16.7375	656.0000
159	-17.3875	655.0000
160	-18.2000	656.0000
161	-19.3375	655.0000
162	-20.1500	657.0000
163	-20.6375	655.0000
164	-21.1250	656.0000
165	-22.1000	656.0000
166	-22.9125	656.0000
167	-23.8875	656.0000
168	-25.1875	655.0000
169	-26.1625	656.0000
170	-39.8125	655.0000
171	-29.2500	656.0000
172	-30.0625	656.0000
173	-32.0125	656.0000
174	-33.3125	656.0000
175	-34.7750	656.0000
176	-36.5625	655.0000
177	-37.7000	657.0000
178	-39.6500	655.0000
179	-41.6000	656.0000
180	-43.5500	656.0000
181	-44.2000	657.0000
182	-46.1500	656.0000
183	-52.6500	657.0000
184	-49.4000	656.0000
185	-51.1875	657.0000
186	-52.8125	656.0000
187	-54.7625	657.0000
188	-56.5500	656.0000
189	-58.6625	657.0000
190	-61.2625	657.0000
191	-62.0750	657.0000
192	-63.3750	657.0000
193	-65.8125	657.0000
194	-67.4375	657.0000
195	-68.9000	656.0000
196	-70.5250	657.0000
197	-72.6375	656.0000
198	-75.2375	657.0000
199	-76.7000	656.0000
200	-78.3250	657.0000
201	-80.1125	656.0000
202	-81.9000	657.0000
203	-84.0125	657.0000
204	-85.6375	657.0000
205	-87.7500	656.0000
206	-89.7000	657.0000
207	-102.3750	656.0000
208	-93.7625	657.0000
209	-95.5500	656.0000
210	-97.0125	659.0000
211	-98.9625	657.0000
212	-100.4250	658.0000
213	-102.8625	657.0000
214	-105.1375	658.0000
215	-106.4375	657.0000
216	-108.2250	658.0000
217	-110.5000	658.0000
218	-112.1250	657.0000
219	-114.5625	658.0000
220	-116.1875	657.0000
221	-118.4625	658.0000
222	-120.2500	658.0000
223	-122.2000	658.0000
224	-124.4750	657.0000
225	-126.2625	658.0000
226	-128.8625	657.0000
227	-131.1375	658.0000
228	-133.0875	658.0000
229	-134.5500	658.0000
230	-136.8250	657.0000
231	-138.7750	659.0000
232	-140.8875	658.0000
233	-143.0000	659.0000
234	-145.1125	657.0000
235	-147.8750	659.0000
236	-149.9875	658.0000
237	-152.1000	659.0000
238	-153.8875	658.0000
239	-155.8375	659.0000
240	-158.1125	658.0000
241	-160.2250	659.0000
242	-162.3375	659.0000
243	-164.6125	659.0000
244	-168.8375	659.0000
245	-169.3250	658.0000
246	-171.6000	659.0000
247	-172.9000	659.0000
248	-175.1750	659.0000
249	-177.4500	658.0000
250	-179.7250	659.0000
251	-181.6750	659.0000
252	-183.4625	659.0000
253	-186.5500	659.0000
254	-188.5000	659.0000
255	-190.7750	659.0000
256	-193.5375	660.0000
257	-194.5125	659.0000
258	-195.9750	660.0000
259	-196.3000	659.0000
260	-195.6500	660.0000
261	-195.1625	659.0000
262	-194.1875	660.0000
263	-193.3750	659.0000
264	-192.0750	660.0000
265	-191.2625	659.0000
266	-190.1250	660.0000
267	-188.3375	659.0000
268	-187.6875	659.0000
269	-185.7375	661.0000
270	-184.2750	659.0000
271	-183.3000	660.0000
272	-181.5125	659.0000
273	-180.2125	660.0000
274	-178.5875	659.0000
275	-177.2875	660.0000
276	-175.6625	659.0000
277	-174.3625	660.0000
278	-172.5750	660.0000
279	-171.1125	660.0000
280	-169.4875	659.0000
281	-168.3500	660.0000
282	-166.8875	659.0000
283	-165.2625	660.0000
284	-163.1500	659.0000
285	-161.5250	660.0000
286	-159.9000	659.0000
287	-158.1125	660.0000
288	-156.4875	659.0000
289	-154.7000	660.0000
290	-153.4000	659.0000
291	-154.2125	660.0000
292	-150.1500	659.0000
293	-148.2000	660.0000
294	-146.4125	659.0000
295	-144.4625	660.0000
296	-142.6750	660.0000
297	-140.8875	659.0000
298	-139.4250	660.0000
299	-137.6375	659.0000
300	-136.1750	660.0000
301	-134.7125	659.0000
302	-132.6000	660.0000
303	-130.8125	659.0000
304	-129.3500	660.0000
305	-126.7500	659.0000
306	-124.9625	660.0000
307	-123.3375	659.0000
308	-121.3875	660.0000
309	-119.7625	659.0000
310	-117.6500	659.0000
311	-115.8625	659.0000
312	-114.4000	660.0000
313	-112.6125	659.0000
314	-110.3375	660.0000
315	-108.7125	660.0000
316	-106.6000	660.0000
317	-104.9750	660.0000
318	-103.0250	660.0000
319	-101.8875	660.0000
320	-99.7750	660.0000
321	-97.6625	660.0000
322	-96.2000	659.0000
323	-93.7625	660.0000
324	-92.1375	659.0000
325	-89.8625	660.0000
326	-88.0750	659.0000
327	-86.7750	660.0000
328	-84.9875	660.0000
329	-83.2000	660.0000
330	-83.5250	659.0000
331	-78.6500	660.0000
332	-77.0250	659.0000
333	-75.0750	660.0000
334	-73.4500	659.0000
335	-72.1500	660.0000
336	-69.7125	659.0000
337	-68.0875	660.0000
338	-66.4625	660.0000
339	-64.0250	660.0000
340	-62.0750	660.0000
341	-61.1000	660.0000
342	-58.5000	660.0000
343	-56.5500	660.0000
344	-54.9250	660.0000
345	-53.1375	659.0000
346	-51.5125	660.0000
347	-49.5625	659.0000
348	-47.9375	660.0000
349	-45.9875	659.0000
350	-44.2000	660.0000
351	-42.7375	659.0000
352	-41.2750	660.0000
353	-39.6500	659.0000
354	-38.3500	660.0000
355	-37.2125	659.0000
356	-36.4000	660.0000
357	-35.2625	659.0000
358	-33.9625	660.0000
359	-32.5000	660.0000
360	-32.1750	660.0000
361	-30.7125	660.0000
362	-30.0625	660.0000
363	-28.7625	660.0000
364	-27.9500	660.0000
365	-27.6250	661.0000
366	-27.6250	660.0000
367	-27.3000	660.0000
368	-26.4875	660.0000
369	-26.8125	660.0000
370	-26.3250	659.0000
371	-26.1625	660.0000
372	-26.9750	660.0000
373	-26.1625	660.0000
374	-26.6500	659.0000
375	-26.3250	660.0000
376	-25.8375	659.0000
377	-25.8375	660.0000
378	-25.5125	659.0000
379	-25.5125	661.0000
380	-25.5125	659.0000
381	-25.3500	660.0000
382	-25.3500	660.0000
383	-25.5125	660.0000
384	-25.3500	660.0000
385	-25.1875	660.0000
386	-25.1875	660.0000
387	-24.8625	659.0000
388	-24.7000	659.0000
389	-25.0250	659.0000
390	-24.8625	661.0000
391	-24.7000	659.0000
392	-24.7000	661.0000
393	-25.1875	660.0000
394	-25.1875	661.0000
395	-24.7000	659.0000
396	-24.5375	660.0000
397	-24.8625	659.0000
398	-24.2125	660.0000
399	-24.5375	659.0000
400	-24.2125	660.0000
401	-24.2125	659.0000
402	-24.7000	660.0000
403	-24.7000	660.0000
404	-24.0500	660.0000
405	-24.2125	660.0000
406	-24.2125	660.0000
407	-24.0500	661.0000
408	-24.0500	659.0000
409	-23.7250	661.0000
410	-23.8875	659.0000
411	-24.0500	660.0000
412	-24.2125	660.0000
413	-23.8875	661.0000
414	-23.7250	661.0000
415	-23.8875	661.0000
416	-23.5625	659.0000
417	-24.7000	661.0000
418	-23.8875	660.0000
419	-23.4000	661.0000
420	-25.0250	660.0000
421	-23.4000	660.0000
422	-23.4000	660.0000
423	-23.4000	660.0000
424	-23.2375	661.0000
425	-23.2375	660.0000
426	-23.0750	661.0000
427	-23.0750	659.0000
428	-22.9125	661.0000
429	-23.0750	660.0000
430	-24.0500	661.0000
431	-23.5625	660.0000
432	-23.2375	661.0000
433	-22.9125	660.0000
434	-23.2375	661.0000
435	-23.2375	660.0000
436	-23.0750	661.0000
437	-22.9125	660.0000
438	-22.7500	661.0000
439	-23.4000	660.0000
440	-23.2375	661.0000
441	-23.2375	660.0000
442	-22.9125	660.0000
443	-23.2375	661.0000
444	-22.7500	660.0000
445	-22.9125	660.0000
446	-22.7500	660.0000
447	-22.9125	661.0000
448	-23.0750	660.0000
449	-23.0750	661.0000
450	-22.5875	660.0000
451	-23.0750	661.0000
452	-22.4250	660.0000
453	-22.7500	661.0000
454	-22.5875	660.0000
455	-22.5875	661.0000
456	-22.4250	660.0000
457	-26.9750	661.0000
458	-22.9125	660.0000
459	-22.7500	661.0000
460	-23.0750	660.0000
461	-22.9125	661.0000
462	-22.5875	660.0000
463	-22.2625	661.0000
464	-22.2625	660.0000
465	-22.2625	660.0000
466	-22.4250	661.0000
467	-22.5875	660.0000
468	-22.7500	660.0000
469	-22.4250	660.0000
470	-22.4250	661.0000
471	-22.2625	660.0000
472	-22.2625	661.0000
473	-22.4250	660.0000
474	-22.2625	661.0000
475	-22.1000	660.0000
476	-22.7500	661.0000
477	-22.2625	660.0000
478	-22.1000	661.0000
479	-22.5875	660.0000
480	-21.9375	661.0000
481	-22.1000	660.0000
482	-21.9375	661.0000
483	-22.1000	660.0000
484	-21.7750	661.0000
485	-22.5875	660.0000
486	-22.2625	661.0000
487	-22.1000	660.0000
488	-21.9375	661.0000
489	-22.1000	661.0000
490	-21.7750	660.0000
491	-21.7750	661.0000
492	-21.7750	661.0000
493	-21.7750	661.0000
494	-24.8625	660.0000
495	-21.9375	663.0000
496	-22.1000	660.0000
497	-21.9375	661.0000
498	-22.4250	660.0000
499	-21.7750	661.0000
500	-22.2625	660.0000
501	-21.7750	661.0000
502	-21.7750	660.0000
503	-21.7750	661.0000
504	-21.9375	660.0000
505	-22.4250	661.0000
506	-22.1000	660.0000
507	-21.7750	661.0000
508	-22.1000	661.0000
509	-21.7750	661.0000
510	-21.9375	660.0000
511	-21.9375	661.0000
512	-21.9375	661.0000
513	-21.7750	661.0000
514	-21.7750	661.0000
515	-21.2875	661.0000
516	-21.2875	661.0000
517	-21.6125	660.0000
518	-21.2875	661.0000
519	-21.2875	660.0000
520	-21.2875	661.0000
521	-21.4500	660.0000
522	-21.9375	661.0000
523	-21.9375	660.0000
524	-21.1250	661.0000
525	-21.4500	660.0000
526	-21.4500	661.0000
527	-21.1250	660.0000
528	-21.2875	661.0000
529	-21.1250	660.0000
530	-21.7750	661.0000
531	-21.2875	660.0000
532	-21.7750	661.0000
533	-21.4500	660.0000
534	-21.2875	661.0000
535	-22.1000	661.0000
536	-21.2875	661.0000
537	-21.4500	660.0000
538	-20.9625	661.0000
539	-21.1250	661.0000
540	-21.2875	661.0000
541	-21.4500	661.0000
542	-21.6125	661.0000
543	-21.4500	660.0000
544	-21.2875	660.0000
545	-21.2875	661.0000
546	-21.1250	660.0000
547	-21.1250	661.0000
548	-21.1250	660.0000
549	-21.1250	661.0000
550	-21.9375	660.0000
551	-21.1250	661.0000
552	-21.6125	661.0000
553	-20.9625	661.0000
554	-21.1250	660.0000
555	-20.8000	661.0000
556	-20.8000	660.0000
557	-20.9625	663.0000
558	-20.9625	660.0000
559	-21.6125	661.0000
560	-21.1250	660.0000
561	-20.8000	661.0000
562	-20.8000	660.0000
563	-20.9625	662.0000
564	-20.8000	661.0000
565	-20.6375	661.0000
566	-20.6375	660.0000
567	-20.6375	661.0000
568	-20.8000	661.0000
569	-21.1250	660.0000
570	-20.6375	661.0000
571	-20.4750	661.0000
572	-20.6375	660.0000
573	-20.6375	661.0000
574	-20.8000	661.0000
575	-20.8000	661.0000
576	-20.6375	661.0000
577	-20.4750	660.0000
578	-21.1250	661.0000
579	-20.9625	660.0000
580	-20.8000	661.0000
581	-20.6375	660.0000
582	-20.4750	661.0000
583	-20.4750	660.0000
584	-20.4750	661.0000
585	-20.3125	660.0000
586	-20.3125	661.0000
587	-20.8000	660.0000
588	-20.9625	661.0000
589	-20.6375	660.0000
590	-20.1500	661.0000
591	-20.1500	660.0000
592	-19.9875	661.0000
593	-20.1500	660.0000
594	-19.8250	661.0000
595	-20.1500	660.0000
596	-20.6375	661.0000
597	-20.4750	660.0000
598	-20.3125	661.0000
599	-20.1500	660.0000
600	-20.3125	660.0000
601	-19.8250	661.0000
602	-19.6625	660.0000
603	-19.6625	661.0000
604	-19.6625	660.0000
605	-19.5000	661.0000
606	-20.3125	660.0000
607	-19.6625	661.0000
608	-19.6625	660.0000
609	-19.6625	660.0000
610	-19.6625	660.0000
611	-19.5000	661.0000
612	-19.8250	660.0000
613	-19.5000	661.0000
614	-19.3375	659.0000
615	-20.3125	661.0000
616	-19.8250	660.0000
617	-19.6625	661.0000
618	-19.1750	660.0000
619	-19.1750	661.0000
620	-19.6625	660.0000
621	-19.1750	661.0000
622	-18.8500	660.0000
623	-18.8500	661.0000
624	-19.3375	660.0000
625	-19.6625	661.0000
626	-19.3375	660.0000
627	-18.5250	660.0000
628	-18.6875	660.0000
629	-18.6875	660.0000
630	-18.6875	660.0000
631	-18.5250	661.0000
632	-18.5250	660.0000
633	-19.0125	660.0000
634	-19.0125	661.0000
635	-18.5250	660.0000
636	-18.8500	660.0000
637	-18.6875	660.0000
638	-18.2000	661.0000
639	-18.0375	659.0000
640	-18.0375	661.0000
641	-17.7125	660.0000
642	-18.0375	660.0000
643	-18.2000	660.0000
644	-18.3625	660.0000
645	-17.7125	660.0000
646	-17.8750	661.0000
647	-17.5500	660.0000
648	-17.5500	660.0000
649	-17.5500	659.0000
650	-17.7125	661.0000
651	-17.3875	660.0000
652	-17.7125	660.0000
653	-17.7125	660.0000
654	-17.2250	660.0000
655	-16.9000	660.0000
656	-16.5750	660.0000
657	-16.4125	660.0000
658	-16.5750	660.0000
659	-16.5750	660.0000
660	-16.0875	660.0000
661	-16.5750	660.0000
662	-16.7375	660.0000
663	-16.0875	660.0000
664	-15.1125	660.0000
665	-14.6250	659.0000
666	-13.8125	660.0000
667	-13.1625	660.0000
668	-12.0250	660.0000
669	-11.2125	660.0000
670	-21.6125	660.0000
671	-10.2375	660.0000
672	-8.9375	660.0000
673	-7.6375	660.0000
674	-6.3375	659.0000
675	-5.6875	660.0000
676	-4.0625	660.0000
677	-3.0875	661.0000
678	-2.1125	659.0000
679	-0.3250	661.0000
680	0.3250	660.0000
681	2.1125	660.0000
682	3.9000	660.0000
683	5.5250	660.0000
684	7.1500	660.0000
685	8.9375	659.0000
686	10.4000	660.0000
687	12.1875	660.0000
688	14.1375	660.0000
689	16.0875	659.0000
690	17.3875	661.0000
691	19.1750	659.0000
692	21.6125	660.0000
693	23.5625	663.0000
694	25.5125	661.0000
695	27.6250	659.0000
696	29.5750	661.0000
697	31.3625	660.0000
698	33.1500	659.0000
699	34.6125	659.0000
700	36.7250	660.0000
701	39.1625	659.0000
702	41.2750	660.0000
703	43.3875	659.0000
704	45.5000	660.0000
705	47.6125	660.0000
706	49.2375	660.0000
707	47.6125	660.0000
708	53.9500	660.0000
709	55.9000	660.0000
710	57.8500	660.0000
711	60.1250	660.0000
712	62.2375	660.0000
713	63.7000	660.0000
714	66.6250	659.0000
715	68.5750	660.0000
716	70.8500	659.0000
717	72.1500	660.0000
718	74.7500	659.0000
719	76.7000	660.0000
720	79.3000	659.0000
721	81.4125	660.0000
722	83.5250	660.0000
723	85.6375	660.0000
724	87.7500	659.0000
725	89.8625	660.0000
726	92.3000	660.0000
727	93.7625	660.0000
728	96.0375	663.0000
729	98.3125	661.0000
730	100.5875	660.0000
731	102.8625	660.0000
732	105.1375	660.0000
733	107.0875	660.0000
734	109.5250	662.0000
735	111.6375	660.0000
736	107.7375	660.0000
737	116.0250	660.0000
738	117.9750	660.0000
739	119.9250	660.0000
740	122.3625	661.0000
741	124.6375	660.0000
742	126.7500	661.0000
743	129.0250	660.0000
744	127.5625	661.0000
745	132.9250	660.0000
746	135.0375	658.0000
747	137.6375	660.0000
748	139.7500	661.0000
749	142.0250	661.0000
750	144.1375	661.0000
751	146.0875	659.0000
752	148.2000	661.0000
753	150.8000	660.0000
754	152.9125	661.0000
755	154.7000	660.0000
756	156.8125	661.0000
757	159.5750	660.0000
758	161.8500	660.0000
759	164.1250	660.0000
760	165.9125	660.0000
761	168.0250	660.0000
762	169.9750	660.0000
763	172.9000	661.0000
764	174.0375	660.0000
765	176.9625	661.0000
766	179.4000	660.0000
767	181.6750	661.0000
768	183.4625	660.0000
769	186.5500	661.0000
770	187.6875	661.0000
771	188.0125	661.0000
772	187.6875	660.0000
773	186.8750	661.0000
774	186.2250	660.0000
775	185.2500	661.0000
776	183.9500	660.0000
777	182.4875	661.0000
778	181.5125	660.0000
779	176.3125	660.0000
780	176.6375	660.0000
781	177.6125	661.0000
782	175.9875	659.0000
783	174.0375	661.0000
784	173.5500	660.0000
785	172.0875	660.0000
786	170.6250	663.0000
787	168.1875	660.0000
788	167.5375	660.0000
789	165.7500	660.0000
790	164.1250	659.0000
791	162.6625	658.0000
792	160.3875	659.0000
793	158.9250	659.0000
794	157.1375	659.0000
795	155.6750	659.0000
796	154.3750	659.0000
797	152.9125	658.0000
798	151.2875	659.0000
799	149.3375	658.0000
800	147.8750	659.0000
801	145.2750	657.0000
802	143.8125	659.0000
803	142.5125	658.0000
804	140.8875	659.0000
805	138.7750	658.0000
806	134.0625	659.0000
807	135.3625	658.0000
808	133.9000	659.0000
809	131.7875	658.0000
810	127.5625	658.0000
811	127.5625	658.0000
812	126.7500	658.0000
813	124.4750	658.0000
814	123.0125	657.0000
815	120.9000	658.0000
816	119.4375	657.0000
817	117.6500	658.0000
818	115.7000	657.0000
819	113.2625	658.0000
820	111.4750	656.0000
821	109.6875	658.0000
822	108.3875	657.0000
823	101.7250	658.0000
824	104.6500	657.0000
825	102.5375	657.0000
826	100.9125	659.0000
827	98.8000	657.0000
828	97.3375	657.0000
829	94.7375	658.0000
830	93.2750	657.0000
831	90.6750	658.0000
832	89.5375	657.0000
833	87.9125	658.0000
834	85.6375	657.0000
835	83.6875	658.0000
836	82.0625	657.0000
837	79.9500	657.0000
838	77.8375	657.0000
839	75.5625	657.0000
840	73.7750	657.0000
841	72.3125	657.0000
842	70.5250	656.0000
843	68.4125	656.0000
844	66.4625	657.0000
845	65.0000	657.0000
846	63.0500	657.0000
847	60.2875	657.0000
848	58.8250	657.0000
849	56.8750	656.0000
850	55.0875	657.0000
851	53.4625	656.0000
852	50.8625	657.0000
853	49.5625	656.0000
854	47.6125	657.0000
855	46.1500	656.0000
856	43.5500	657.0000
857	41.7625	656.0000
858	40.4625	657.0000
859	38.5125	656.0000
860	36.8875	657.0000
861	35.1000	656.0000
862	33.1500	657.0000
863	31.5250	656.0000
864	30.0625	657.0000
865	28.6000	656.0000
866	27.1375	656.0000
867	25.6750	656.0000
868	24.8625	655.0000
869	23.5625	656.0000
870	22.5875	656.0000
871	21.6125	657.0000
872	20.8000	656.0000
873	19.6625	656.0000
874	19.0125	656.0000
875	17.5500	657.0000
876	16.9000	655.0000
877	16.0875	656.0000
878	16.2500	655.0000
879	16.0875	655.0000
880	16.0875	655.0000
881	15.6000	656.0000
882	15.6000	655.0000
883	15.4375	654.0000
884	15.1125	655.0000
885	15.2750	656.0000
886	14.9500	655.0000
887	15.1125	656.0000
888	15.1125	654.0000
889	14.1375	655.0000
890	14.6250	655.0000
891	15.1125	655.0000
892	15.1125	654.0000
893	14.4625	655.0000
894	14.3000	655.0000
895	14.3000	655.0000
896	14.7875	654.0000
897	14.9500	655.0000
898	14.6250	655.0000
899	14.6250	655.0000
900	14.4625	655.0000
901	14.3000	655.0000
902	14.1375	655.0000
903	14.3000	654.0000
904	14.3000	655.0000
905	14.3000	654.0000
906	13.9750	655.0000
907	13.6500	655.0000
908	13.9750	655.0000
909	13.9750	652.0000
910	13.9750	655.0000
911	13.6500	654.0000
912	13.4875	655.0000
913	13.1625	654.0000
914	13.1625	655.0000
915	13.3250	654.0000
916	13.8125	653.0000
917	13.3250	654.0000
918	13.3250	659.0000
919	13.4875	658.0000
920	13.0000	655.0000
921	12.6750	654.0000
922	12.6750	654.0000
923	12.8375	654.0000
924	13.1625	653.0000
925	13.1625	653.0000
926	10.7250	653.0000
927	13.0000	653.0000
928	13.1625	653.0000
929	13.1625	653.0000
930	12.5125	653.0000
931	12.6750	653.0000
932	12.5125	653.0000
933	12.6750	653.0000
934	12.3500	652.0000
935	12.8375	653.0000
936	12.6750	651.0000
937	12.6750	653.0000
938	12.8375	652.0000
939	12.8375	653.0000
940	12.8375	652.0000
941	12.5125	653.0000
942	12.6750	653.0000
943	12.5125	653.0000
944	12.5125	652.0000
945	12.3500	653.0000
946	12.3500	652.0000
947	12.0250	653.0000
948	11.8625	652.0000
949	11.8625	652.0000
950	11.8625	652.0000
951	11.8625	653.0000
952	12.3500	652.0000
953	11.8625	652.0000
954	11.8625	652.0000
955	12.0250	653.0000
956	12.0250	652.0000
957	5.8500	652.0000
958	11.8625	652.0000
959	11.5375	652.0000
960	11.2125	652.0000
961	11.8625	652.0000
962	11.8625	652.0000
963	12.0250	652.0000
964	11.8625	652.0000
965	11.8625	652.0000
966	11.8625	653.0000
967	11.8625	652.0000
968	11.5375	652.0000
969	11.2125	652.0000
970	11.8625	652.0000
971	11.8625	652.0000
972	11.5375	652.0000
973	11.3750	652.0000
974	11.8625	652.0000
975	11.8625	652.0000
976	11.2125	653.0000
977	11.8625	652.0000
978	11.5375	652.0000
979	11.7000	652.0000
980	10.8875	652.0000
981	11.7000	654.0000
982	11.7000	652.0000
983	11.7000	651.0000
984	10.8875	652.0000
985	10.2375	651.0000
986	10.8875	652.0000
987	10.8875	652.0000
988	11.0500	652.0000
989	11.2125	651.0000
990	11.5375	652.0000
991	10.8875	652.0000
992	11.2125	652.0000
993	10.4000	651.0000
994	6.6625	651.0000
995	11.0500	652.0000
996	10.7250	651.0000
997	10.5625	657.0000
998	11.0500	653.0000
999	10.4000	652.0000
1000	11.0500	651.0000
1001	10.7250	652.0000
1002	11.2125	651.0000
1003	11.0500	652.0000
1004	11.2125	651.0000
1005	10.7250	652.0000
1006	10.7250	651.0000
1007	11.2125	652.0000
1008	11.2125	651.0000
1009	11.0500	652.0000
1010	11.0500	651.0000
1011	11.2125	651.0000
1012	11.2125	651.0000
1013	11.2125	651.0000
1014	10.5625	650.0000
1015	11.0500	651.0000
1016	11.0500	651.0000
1017	10.8875	651.0000
1018	10.5625	651.0000
1019	10.8875	651.0000
1020	11.0500	651.0000
1021	10.8875	651.0000
1022	10.7250	651.0000
1023	10.4000	650.0000
#110728
0	10.4000	650.0000
1	10.5625	650.0000
2	10.7250	649.0000
3	10.7250	651.0000
4	11.0500	650.0000
5	10.8875	650.0000
6	10.4000	649.0000
7	10.5625	650.0000
8	10.8875	650.0000
9	10.7250	650.0000
10	10.8875	650.0000
11	11.0500	649.0000
12	11.0500	651.0000
13	10.8875	649.0000
14	11.0500	649.0000
15	10.4000	648.0000
16	10.4000	649.0000
17	10.7250	649.0000
18	10.5625	649.0000
19	10.8875	648.0000
20	10.8875	649.0000
21	10.4000	649.0000
22	10.7250	649.0000
23	11.0500	649.0000
24	10.7250	649.0000
25	10.0750	648.0000
26	10.4000	649.0000
27	10.2375	648.0000
28	10.7250	649.0000
29	10.7250	649.0000
30	10.7250	649.0000
31	10.7250	648.0000
32	10.2375	649.0000
33	10.7250	648.0000
34	10.2375	649.0000
35	10.0750	648.0000
36	10.2375	652.0000
37	10.5625	648.0000
38	10.5625	648.0000
39	10.4000	648.0000
40	10.2375	648.0000
41	10.7250	648.0000
42	10.8875	648.0000
43	9.9125	648.0000
44	10.0750	648.0000
45	10.2375	648.0000
46	5.8500	648.0000
47	10.4000	648.0000
48	10.0750	647.0000
49	10.5625	648.0000
50	10.4000	647.0000
51	10.2375	648.0000
52	10.0750	647.0000
53	9.7500	648.0000
54	9.9125	647.0000
55	10.0750	647.0000
56	9.9125	647.0000
57	10.0750	648.0000
58	10.0750	646.0000
59	10.0750	647.0000
60	9.9125	647.0000
61	10.0750	647.0000
62	10.0750	647.0000
63	9.7500	648.0000
64	9.9125	647.0000
65	9.9125	648.0000
66	9.7500	647.0000
67	9.9125	649.0000
68	10.2375	647.0000
69	9.9125	648.0000
70	9.7500	647.0000
71	8.6125	647.0000
72	9.4250	647.0000
73	9.2625	647.0000
74	9.5875	647.0000
75	9.4250	646.0000
76	9.5875	646.0000
77	9.1000	646.0000
78	9.4250	647.0000
79	9.1000	646.0000
80	8.9375	647.0000
81	8.7750	647.0000
82	8.6125	647.0000
83	8.7750	646.0000
84	9.1000	647.0000
85	9.1000	647.0000
86	8.9375	647.0000
87	9.1000	646.0000
88	8.9375	646.0000
89	8.9375	645.0000
90	8.6125	646.0000
91	8.4500	645.0000
92	8.9375	646.0000
93	8.9375	644.0000
94	9.1000	646.0000
95	9.1000	645.0000
96	8.9375	646.0000
97	9.1000	648.0000
98	8.9375	646.0000
99	8.4500	645.0000
100	8.7750	645.0000
101	8.7750	645.0000
102	8.6125	645.0000
103	8.4500	645.0000
104	8.7750	645.0000
105	8.7750	645.0000
106	8.2875	644.0000
107	7.9625	645.0000
108	6.0125	644.0000
109	7.6375	645.0000
110	7.9625	643.0000
111	8.2875	645.0000
112	7.9625	644.0000
113	7.9625	645.0000
114	7.6375	644.0000
115	8.1250	645.0000
116	7.8000	643.0000
117	7.6375	644.0000
118	7.3125	643.0000
119	7.3125	643.0000
120	7.8000	643.0000
121	7.4750	644.0000
122	7.4750	643.0000
123	6.9875	644.0000
124	7.4750	643.0000
125	7.6375	644.0000
126	7.3125	643.0000
127	6.3375	644.0000
128	6.9875	643.0000
129	6.9875	644.0000
130	7.1500	643.0000
131	6.9875	643.0000
132	7.3125	643.0000
133	6.8250	643.0000
134	6.1750	643.0000
135	6.6625	643.0000
136	6.3375	643.0000
137	6.5000	643.0000
138	6.6625	643.0000
139	6.6625	643.0000
140	6.3375	643.0000
141	6.0125	642.0000
142	6.3375	643.0000
143	6.3375	642.0000
144	5.6875	643.0000
145	5.3625	643.0000
146	5.3625	643.0000
147	5.3625	642.0000
148	5.3625	643.0000
149	5.2000	641.0000
150	5.0375	643.0000
151	4.7125	641.0000
152	4.0625	641.0000
153	3.5750	641.0000
154	1.7875	642.0000
155	1.6250	640.0000
156	0.8125	642.0000
157	0.1625	641.0000
158	-0.8125	642.0000
159	-1.7875	642.0000
160	-2.7625	643.0000
161	-3.4125	642.0000
162	-5.5250	642.0000
163	-5.6875	642.0000
164	-7.4750	641.0000
165	-8.6125	641.0000
166	-9.5875	641.0000
167	-11.0500	642.0000
168	-12.6750	641.0000
169	-13.8125	641.0000
170	-15.2750	641.0000
171	-21.7750	641.0000
172	-19.0125	640.0000
173	-20.6375	641.0000
174	-22.2625	640.0000
175	-23.7250	640.0000
176	-25.6750	640.0000
177	-27.4625	641.0000
178	-29.5750	639.0000
179	-31.2000	641.0000
180	-33.3125	640.0000
181	-35.4250	640.0000
182	-37.7000	639.0000
183	-39.3250	640.0000
184	-41.2750	639.0000
185	-43.2250	640.0000
186	-44.8500	640.0000
187	-46.9625	639.0000
188	-49.0750	640.0000
189	-50.8625	640.0000
190	-52.6500	640.0000
191	-60.6125	639.0000
192	-57.3625	640.0000
193	-59.3125	639.0000
194	-61.1000	640.0000
195	-63.2125	639.0000
196	-65.1625	639.0000
197	-67.2750	636.0000
198	-69.2250	639.0000
199	-71.5000	638.0000
200	-73.2875	639.0000
201	-75.8875	638.0000
202	-78.0000	639.0000
203	-80.1125	638.0000
204	-81.9000	636.0000
205	-84.0125	638.0000
206	-86.2875	639.0000
207	-88.2375	639.0000
208	-90.0250	640.0000
209	-92.1375	639.0000
210	-94.9000	639.0000
211	-97.6625	639.0000
212	-98.8000	639.0000
213	-100.4250	639.0000
214	-102.8625	638.0000
215	-105.1375	639.0000
216	-107.2500	638.0000
217	-109.8500	639.0000
218	-111.8000	638.0000
219	-113.7500	639.0000
220	-115.8625	638.0000
221	-118.1375	638.0000
222	-120.2500	638.0000
223	-122.5250	638.0000
224	-124.4750	638.0000
225	-126.2625	638.0000
226	-128.2125	637.0000
227	-130.4875	638.0000
228	-137.3125	638.0000
229	-135.2000	639.0000
230	-137.8000	638.0000
231	-139.1000	638.0000
232	-141.2125	637.0000
233	-143.1625	638.0000
234	-145.2750	637.0000
235	-147.7125	637.0000
236	-149.9875	637.0000
237	-151.7750	637.0000
238	-154.7000	637.0000
239	-156.6500	637.0000
240	-158.2750	637.0000
241	-160.3875	636.0000
242	-163.3125	637.0000
243	-164.7750	637.0000
244	-166.8875	639.0000
245	-169.1625	636.0000
246	-170.9500	638.0000
247	-173.7125	637.0000
248	-175.8250	637.0000
249	-177.4500	636.0000
250	-179.5625	637.0000
251	-182.1625	636.0000
252	-183.9500	637.0000
253	-186.0625	637.0000
254	-188.3375	638.0000
255	-190.7750	637.0000
256	-193.3750	637.0000
257	-195.0000	636.0000
258	-196.7875	636.0000
259	-196.3000	636.0000
260	-195.8125	636.0000
261	-195.4875	636.0000
262	-194.5125	636.0000
263	-193.5375	636.0000
264	-192.2375	636.0000
265	-191.1000	636.0000
266	-190.2875	636.0000
267	-188.9875	639.0000
268	-187.3625	636.0000
269	-186.2250	636.0000
270	-184.4375	635.0000
271	-183.1375	636.0000
272	-182.0000	635.0000
273	-180.3750	635.0000
274	-179.4000	634.0000
275	-177.6125	635.0000
276	-176.1500	635.0000
277	-175.6625	635.0000
278	-172.9000	635.0000
279	-171.4375	635.0000
280	-169.9750	634.0000
281	-168.5125	634.0000
282	-166.2375	635.0000
283	-165.2625	634.0000
284	-163.4750	635.0000
285	-162.1750	633.0000
286	-159.7375	635.0000
287	-158.9250	634.0000
288	-156.8125	634.0000
289	-155.0250	633.0000
290	-153.4000	636.0000
291	-151.6125	635.0000
292	-150.1500	635.0000
293	-148.6875	635.0000
294	-146.5750	635.0000
295	-144.6250	634.0000
296	-142.8375	634.0000
297	-141.2125	633.0000
298	-139.2625	634.0000
299	-137.8000	634.0000
300	-136.1750	634.0000
301	-137.8000	634.0000
302	-132.2750	634.0000
303	-131.1375	634.0000
304	-129.0250	633.0000
305	-127.0750	633.0000
306	-125.1250	633.0000
307	-123.5000	634.0000
308	-121.5500	633.0000
309	-119.9250	634.0000
310	-117.8125	633.0000
311	-116.0250	634.0000
312	-114.5625	633.0000
313	-112.9375	634.0000
314	-110.6625	632.0000
315	-109.6875	633.0000
316	-106.9250	632.0000
317	-105.3000	635.0000
318	-103.1875	632.0000
319	-101.5625	634.0000
320	-99.7750	634.0000
321	-97.9875	634.0000
322	-96.0375	633.0000
323	-94.0875	633.0000
324	-91.6500	634.0000
325	-90.0250	633.0000
326	-88.2375	633.0000
327	-86.6125	633.0000
328	-84.5000	634.0000
329	-83.3625	633.0000
330	-81.4125	633.0000
331	-79.3000	633.0000
332	-77.1875	633.0000
333	-75.5625	633.0000
334	-73.6125	634.0000
335	-71.5000	634.0000
336	-69.5500	635.0000
337	-67.7625	634.0000
338	-66.3000	635.0000
339	-64.0250	634.0000
340	-62.5625	635.0000
341	-60.4500	634.0000
342	-58.9875	634.0000
343	-57.0375	634.0000
344	-55.0875	635.0000
345	-53.4625	634.0000
346	-51.1875	635.0000
347	-49.5625	634.0000
348	-47.7750	634.0000
349	-46.4750	634.0000
350	-44.6875	634.0000
351	-42.9000	634.0000
352	-41.2750	634.0000
353	-39.4875	634.0000
354	-38.5125	634.0000
355	-37.0500	634.0000
356	-35.9125	634.0000
357	-34.7750	634.0000
358	-34.6125	634.0000
359	-32.9875	635.0000
360	-31.6875	634.0000
361	-30.5500	635.0000
362	-29.9000	634.0000
363	-29.0875	634.0000
364	-28.1125	633.0000
365	-27.6250	635.0000
366	-27.4625	633.0000
367	-27.6250	635.0000
368	-26.9750	633.0000
369	-26.3250	635.0000
370	-26.8125	634.0000
371	-26.8125	634.0000
372	-26.3250	635.0000
373	-26.1625	634.0000
374	-26.1625	634.0000
375	-26.0000	634.0000
376	-25.8375	633.0000
377	-26.0000	635.0000
378	-26.1625	635.0000
379	-26.0000	634.0000
380	-25.6750	634.0000
381	-25.5125	633.0000
382	-26.0000	634.0000
383	-25.5125	633.0000
384	-25.1875	634.0000
385	-25.0250	634.0000
386	-25.3500	634.0000
387	-25.5125	633.0000
388	-25.3500	634.0000
389	-25.5125	633.0000
390	-24.7000	634.0000
391	-24.7000	633.0000
392	-24.8625	634.0000
393	-24.5375	633.0000
394	-24.5375	634.0000
395	-24.8625	632.0000
396	-25.3500	633.0000
397	-24.5375	633.0000
398	-25.8375	633.0000
399	-24.8625	633.0000
400	-24.2125	633.0000
401	-24.0500	633.0000
402	-24.0500	633.0000
403	-24.7000	633.0000
404	-25.8375	633.0000
405	-24.5375	633.0000
406	-24.0500	633.0000
407	-24.2125	633.0000
408	-24.2125	633.0000
409	-23.8875	633.0000
410	-23.7250	633.0000
411	-23.7250	633.0000
412	-23.5625	637.0000
413	-23.5625	635.0000
414	-23.8875	633.0000
415	-24.0500	634.0000
416	-24.0500	634.0000
417	-23.4000	634.0000
418	-23.4000	633.0000
419	-23.7250	634.0000
420	-23.2375	633.0000
421	-23.2375	634.0000
422	-23.5625	634.0000
423	-23.5625	638.0000
424	-23.8875	634.0000
425	-23.4000	633.0000
426	-23.2375	633.0000
427	-23.0750	633.0000
428	-23.2375	632.0000
429	-23.0750	633.0000
430	-23.0750	633.0000
431	-23.2375	634.0000
432	-23.5625	634.0000
433	-23.2375	633.0000
434	-23.2375	634.0000
435	-22.9125	633.0000
436	-23.0750	633.0000
437	-22.4250	633.0000
438	-22.5875	634.0000
439	-22.5875	633.0000
440	-23.5625	634.0000
441	-29.0875	631.0000
442	-23.2375	635.0000
443	-22.5875	634.0000
444	-22.9125	634.0000
445	-23.2375	633.0000
446	-22.5875	634.0000
447	-22.7500	636.0000
448	-23.5625	634.0000
449	-22.7500	633.0000
450	-22.5875	634.0000
451	-22.7500	633.0000
452	-22.5875	634.0000
453	-22.5875	633.0000
454	-22.4250	634.0000
455	-22.4250	633.0000
456	-22.2625	633.0000
457	-22.2625	633.0000
458	-22.1000	633.0000
459	-22.7500	633.0000
460	-23.0750	632.0000
461	-22.7500	633.0000
462	-22.7500	632.0000
463	-22.4250	633.0000
464	-22.2625	633.0000
465	-22.1000	634.0000
466	-22.1000	633.0000
467	-22.4250	634.0000
468	-22.1000	633.0000
469	-22.7500	635.0000
470	-22.4250	634.0000
471	-22.2625	635.0000
472	-22.2625	634.0000
473	-22.2625	635.0000
474	-21.9375	634.0000
475	-22.2625	635.0000
476	-22.1000	633.0000
477	-21.9375	633.0000
478	-27.7875	633.0000
479	-22.4250	634.0000
480	-22.4250	634.0000
481	-21.9375	633.0000
482	-22.1000	633.0000
483	-22.1000	633.0000
484	-21.9375	633.0000
485	-22.1000	633.0000
486	-21.7750	633.0000
487	-21.7750	632.0000
488	-21.4500	633.0000
489	-21.7750	632.0000
490	-21.7750	633.0000
491	-21.9375	629.0000
492	-21.7750	633.0000
493	-21.6125	633.0000
494	-21.6125	633.0000
495	-23.4000	633.0000
496	-21.9375	633.0000
497	-21.9375	633.0000
498	-21.9375	633.0000
499	-22.2625	632.0000
500	-21.6125	633.0000
501	-21.7750	633.0000
502	-21.7750	633.0000
503	-21.6125	633.0000
504	-21.6125	633.0000
505	-21.7750	633.0000
506	-22.2625	633.0000
507	-22.1000	633.0000
508	-22.2625	633.0000
509	-21.7750	634.0000
510	-22.1000	633.0000
511	-21.7750	634.0000
512	-21.6125	633.0000
513	-21.2875	634.0000
514	-22.2625	634.0000
515	-21.2875	633.0000
516	-21.7750	636.0000
517	-21.7750	639.0000
518	-22.2625	639.0000
519	-21.2875	640.0000
520	-21.4500	634.0000
521	-21.1250	633.0000
522	-21.4500	632.0000
523	-21.4500	632.0000
524	-21.7750	633.0000
525	-21.6125	633.0000
526	-21.2875	632.0000
527	-21.7750	632.0000
528	-21.4500	633.0000
529	-21.7750	632.0000
530	-21.6125	633.0000
531	-21.4500	632.0000
532	-21.4500	633.0000
533	-21.2875	632.0000
534	-21.9375	633.0000
535	-21.7750	633.0000
536	-21.7750	633.0000
537	-21.6125	632.0000
538	-21.2875	633.0000
539	-21.9375	632.0000
540	-21.2875	633.0000
541	-21.6125	632.0000
542	-21.4500	633.0000
543	-21.9375	633.0000
544	-21.6125	633.0000
545	-21.6125	632.0000
546	-21.4500	634.0000
547	-21.2875	633.0000
548	-21.4500	633.0000
549	-21.4500	633.0000
550	-21.1250	632.0000
551	-21.1250	633.0000
552	-22.5875	632.0000
553	-21.7750	633.0000
554	-21.4500	632.0000
555	-20.9625	634.0000
556	-21.2875	633.0000
557	-21.1250	633.0000
558	-21.2875	632.0000
559	-20.9625	633.0000
560	-21.1250	632.0000
561	-21.1250	633.0000
562	-20.9625	632.0000
563	-20.8000	633.0000
564	-20.9625	632.0000
565	-21.1250	633.0000
566	-20.8000	633.0000
567	-20.8000	633.0000
568	-20.9625	634.0000
569	-20.8000	633.0000
570	-20.8000	634.0000
571	-21.7750	633.0000
572	-21.4500	633.0000
573	-21.1250	632.0000
574	-20.4750	633.0000
575	-24.8625	632.0000
576	-21.2875	633.0000
577	-20.8000	632.0000
578	-20.4750	633.0000
579	-20.9625	632.0000
580	-20.9625	633.0000
581	-20.8000	632.0000
582	-20.9625	632.0000
583	-20.4750	632.0000
584	-20.4750	633.0000
585	-20.3125	633.0000
586	-20.1500	634.0000
587	-20.1500	632.0000
588	-19.9875	632.0000
589	-19.9875	633.0000
590	-20.3125	633.0000
591	-20.8000	633.0000
592	-20.1500	633.0000
593	-21.6125	632.0000
594	-20.1500	632.0000
595	-19.8250	633.0000
596	-19.9875	633.0000
597	-19.8250	633.0000
598	-19.8250	632.0000
599	-19.6625	633.0000
600	-19.9875	632.0000
601	-20.9625	633.0000
602	-30.8750	633.0000
603	-19.8250	633.0000
604	-19.6625	635.0000
605	-19.8250	638.0000
606	-19.3375	635.0000
607	-19.6625	634.0000
608	-19.6625	633.0000
609	-19.5000	634.0000
610	-19.5000	633.0000
611	-19.3375	633.0000
612	-19.3375	634.0000
613	-19.3375	634.0000
614	-19.1750	633.0000
615	-19.3375	632.0000
616	-19.1750	632.0000
617	-19.5000	632.0000
618	-19.3375	633.0000
619	-19.5000	633.0000
620	-19.5000	634.0000
621	-19.0125	633.0000
622	-19.0125	634.0000
623	-19.0125	633.0000
624	-19.1750	634.0000
625	-18.6875	633.0000
626	-18.8500	633.0000
627	-19.1750	633.0000
628	-19.0125	634.0000
629	-18.6875	632.0000
630	-19.0125	633.0000
631	-18.5250	633.0000
632	-18.2000	633.0000
633	-18.3625	633.0000
634	-18.5250	633.0000
635	-18.5250	633.0000
636	-18.2000	633.0000
637	-18.2000	633.0000
638	-18.5250	633.0000
639	-18.0375	633.0000
640	-18.0375	632.0000
641	-17.7125	634.0000
642	-18.0375	633.0000
643	-17.7125	634.0000
644	-17.5500	633.0000
645	-17.8750	633.0000
646	-17.5500	633.0000
647	-17.3875	631.0000
648	-17.5500	633.0000
649	-17.2250	634.0000
650	-17.3875	633.0000
651	-17.2250	634.0000
652	-17.2250	632.0000
653	-17.0625	633.0000
654	-19.3375	632.0000
655	-17.2250	633.0000
656	-16.9000	632.0000
657	-16.4125	633.0000
658	-16.5750	633.0000
659	-16.9000	633.0000
660	-16.0875	632.0000
661	-16.0875	632.0000
662	-15.9250	632.0000
663	-15.4375	632.0000
664	-15.1125	633.0000
665	-14.4625	632.0000
666	-13.3250	633.0000
667	-12.8375	632.0000
668	-12.5125	633.0000
669	-11.0500	632.0000
670	-10.0750	633.0000
671	-9.5875	632.0000
672	-8.7750	633.0000
673	-7.8000	632.0000
674	-6.5000	633.0000
675	-5.2000	632.0000
676	-4.2250	633.0000
677	-3.0875	632.0000
678	-1.9500	634.0000
679	-0.4875	632.0000
680	0.9750	633.0000
681	1.9500	632.0000
682	3.7375	633.0000
683	5.8500	632.0000
684	6.9875	632.0000
685	8.9375	632.0000
686	10.7250	632.0000
687	12.3500	632.0000
688	14.1375	632.0000
689	16.2500	632.0000
690	17.8750	632.0000
691	15.1125	632.0000
692	21.4500	632.0000
693	23.4000	633.0000
694	25.8375	632.0000
695	27.6250	633.0000
696	29.7375	632.0000
697	31.2000	633.0000
698	33.4750	632.0000
699	35.5875	633.0000
700	37.5375	632.0000
701	39.3250	633.0000
702	41.6000	633.0000
703	43.8750	633.0000
704	45.9875	634.0000
705	47.6125	633.0000
706	50.2125	632.0000
707	52.4875	633.0000
708	54.6000	633.0000
709	56.3875	633.0000
710	58.6625	633.0000
711	60.9375	633.0000
712	62.5625	633.0000
713	64.8375	632.0000
714	66.7875	632.0000
715	69.0625	632.0000
716	71.1750	633.0000
717	73.2875	632.0000
718	75.4000	633.0000
719	77.5125	632.0000
720	79.9500	635.0000
721	81.9000	637.0000
722	84.0125	635.0000
723	86.2875	633.0000
724	88.5625	633.0000
725	90.3500	632.0000
726	92.7875	633.0000
727	94.9000	632.0000
728	91.8125	633.0000
729	98.6375	632.0000
730	100.9125	633.0000
731	103.3500	632.0000
732	104.0000	634.0000
733	107.7375	633.0000
734	110.0125	635.0000
735	111.6375	634.0000
736	113.4250	635.0000
737	116.5125	633.0000
738	118.3000	634.0000
739	120.4125	634.0000
740	123.3375	634.0000
741	125.4500	634.0000
742	127.5625	634.0000
743	129.6750	634.0000
744	131.7875	635.0000
745	134.0625	635.0000
746	136.1750	633.0000
747	138.4500	634.0000
748	140.4000	634.0000
749	142.6750	639.0000
750	144.9500	638.0000
751	147.2250	640.0000
752	149.1750	639.0000
753	151.6125	640.0000
754	153.8875	639.0000
755	155.5125	637.0000
756	157.6250	634.0000
757	160.3875	635.0000
758	162.6625	633.0000
759	164.9375	634.0000
760	167.2125	634.0000
761	169.0000	635.0000
762	171.2750	634.0000
763	173.3875	634.0000
764	175.6625	634.0000
765	177.7750	635.0000
766	179.8875	634.0000
767	181.8375	635.0000
768	184.7625	634.0000
769	186.7125	635.0000
770	188.5000	634.0000
771	188.3375	634.0000
772	188.1750	636.0000
773	187.3625	635.0000
774	186.2250	635.0000
775	185.0875	634.0000
776	183.7875	635.0000
777	182.9750	635.0000
778	182.0000	635.0000
779	180.5375	634.0000
780	179.4000	635.0000
781	177.7750	634.0000
782	176.3125	635.0000
783	173.5500	633.0000
784	173.3875	635.0000
785	171.7625	635.0000
786	170.7875	634.0000
787	168.3500	634.0000
788	167.5375	634.0000
789	166.0750	634.0000
790	164.2875	634.0000
791	162.5000	634.0000
792	161.2000	634.0000
793	159.4125	634.0000
794	158.2750	633.0000
795	156.3250	634.0000
796	154.8625	633.0000
797	153.2375	634.0000
798	151.6125	633.0000
799	149.8250	634.0000
800	148.2000	633.0000
801	146.2500	634.0000
802	144.7875	633.0000
803	143.0000	634.0000
804	141.3750	633.0000
805	139.1000	634.0000
806	137.8000	633.0000
807	135.8500	634.0000
808	134.2250	632.0000
809	132.4375	634.0000
810	130.6500	630.0000
811	129.0250	634.0000
812	126.4250	633.0000
813	124.8000	634.0000
814	122.6875	633.0000
815	121.5500	633.0000
816	119.7625	633.0000
817	117.9750	633.0000
818	116.1875	633.0000
819	114.0750	633.0000
820	112.4500	632.0000
821	109.6875	633.0000
822	108.2250	632.0000
823	106.2750	632.0000
824	104.8125	633.0000
825	103.0250	633.0000
826	100.9125	633.0000
827	99.1250	632.0000
828	97.3375	633.0000
829	95.7125	632.0000
830	93.9250	633.0000
831	91.4875	633.0000
832	89.7000	635.0000
833	87.9125	633.0000
834	85.4750	633.0000
835	84.0125	632.0000
836	82.2250	632.0000
837	80.2750	632.0000
838	78.1625	633.0000
839	76.3750	632.0000
840	74.4250	632.0000
841	72.6375	633.0000
842	70.6875	633.0000
843	68.7375	631.0000
844	66.7875	632.0000
845	64.8375	631.0000
846	63.0500	632.0000
847	61.1000	631.0000
848	59.3125	634.0000
849	57.0375	636.0000
850	55.2500	638.0000
851	52.9750	638.0000
852	51.6750	638.0000
853	49.7250	638.0000
854	47.6125	638.0000
855	46.3125	638.0000
856	44.5250	638.0000
857	42.5750	638.0000
858	40.1375	638.0000
859	38.5125	639.0000
860	36.8875	637.0000
861	35.2625	638.0000
862	33.8000	637.0000
863	32.0125	639.0000
864	29.7375	636.0000
865	29.2500	635.0000
866	27.6250	632.0000
867	26.3250	633.0000
868	24.8625	632.0000
869	24.0500	632.0000
870	22.9125	632.0000
871	21.7750	633.0000
872	20.9625	632.0000
873	19.8250	632.0000
874	18.6875	632.0000
875	18.3625	632.0000
876	17.2250	631.0000
877	17.0625	632.0000
878	16.7375	632.0000
879	16.4125	632.0000
880	16.4125	632.0000
881	16.2500	633.0000
882	16.0875	632.0000
883	15.7625	632.0000
884	15.4375	632.0000
885	15.4375	632.0000
886	14.7875	632.0000
887	15.1125	632.0000
888	14.6250	632.0000
889	15.1125	632.0000
890	15.2750	634.0000
891	14.9500	632.0000
892	15.1125	632.0000
893	14.7875	631.0000
894	14.9500	632.0000
895	14.1375	632.0000
896	14.4625	632.0000
897	14.1375	632.0000
898	14.6250	632.0000
899	14.1375	631.0000
900	14.6250	632.0000
901	13.8125	631.0000
902	14.3000	632.0000
903	14.3000	631.0000
904	11.5375	632.0000
905	14.1375	631.0000
906	14.3000	632.0000
907	13.9750	632.0000
908	13.9750	633.0000
909	13.9750	632.0000
910	13.9750	632.0000
911	13.4875	632.0000
912	13.1625	632.0000
913	13.9750	632.0000
914	13.8125	632.0000
915	13.6500	632.0000
916	13.4875	632.0000
917	13.6500	632.0000
918	13.6500	632.0000
919	13.4875	632.0000
920	13.3250	631.0000
921	13.3250	630.0000
922	13.4875	632.0000
923	13.1625	632.0000
924	13.6500	632.0000
925	13.3250	632.0000
926	13.3250	631.0000
927	13.1625	632.0000
928	13.0000	632.0000
929	13.3250	633.0000
930	13.1625	631.0000
931	13.0000	632.0000
932	12.3500	632.0000
933	12.6750	634.0000
934	12.5125	632.0000
935	13.0000	632.0000
936	13.0000	632.0000
937	12.8375	632.0000
938	12.6750	632.0000
939	12.5125	632.0000
940	12.8375	632.0000
941	8.6125	632.0000
942	12.6750	632.0000
943	12.8375	632.0000
944	12.6750	632.0000
945	12.3500	632.0000
946	12.5125	632.0000
947	12.5125	632.0000
948	12.1875	633.0000
949	12.5125	632.0000
950	12.5125	632.0000
951	12.6750	631.0000
952	12.1875	632.0000
953	12.3500	632.0000
954	12.3500	630.0000
955	12.3500	631.0000
956	12.1875	633.0000
957	12.3500	632.0000
958	12.1875	632.0000
959	12.1875	631.0000
960	11.2125	632.0000
961	12.1875	631.0000
962	12.1875	632.0000
963	12.1875	632.0000
964	12.1875	632.0000
965	5.2000	631.0000
966	12.0250	632.0000
967	12.0250	631.0000
968	12.0250	632.0000
969	11.0500	631.0000
970	11.3750	632.0000
971	11.5375	631.0000
972	11.8625	632.0000
973	11.5375	632.0000
974	11.8625	632.0000
975	11.8625	632.0000
976	12.0250	632.0000
977	11.5375	631.0000
978	7.9625	631.0000
979	11.8625	632.0000
980	11.8625	630.0000
981	11.5375	632.0000
982	11.7000	631.0000
983	11.7000	632.0000
984	11.5375	629.0000
985	11.3750	632.0000
986	10.5625	631.0000
987	11.7000	632.0000
988	11.5375	631.0000
989	11.5375	632.0000
990	11.7000	632.0000
991	11.3750	631.0000
992	11.3750	631.0000
993	11.5375	632.0000
994	11.5375	631.0000
995	11.3750	632.0000
996	11.3750	631.0000
997	11.3750	632.0000
998	11.3750	631.0000
999	11.3750	632.0000
1000	11.2125	631.0000
1001	11.2125	632.0000
1002	11.2125	632.0000
1003	11.3750	632.0000
1004	11.2125	632.0000
1005	11.3750	631.0000
1006	10.5625	632.0000
1007	10.5625	632.0000
1008	11.0500	632.0000
1009	11.0500	632.0000
1010	11.0500	632.0000
1011	11.0500	631.0000
1012	11.3750	632.0000
1013	11.2125	631.0000
1014	10.8875	632.0000
1015	11.0500	632.0000
1016	11.2125	632.0000
1017	11.0500	631.0000
1018	11.2125	632.0000
1019	11.2125	631.0000
1020	10.8875	632.0000
1021	11.0500	631.0000
1022	11.0500	632.0000
1023	11.2125	631.0000
#110728
