#	-20.31	3954.06
#	9.75	3993.16
#	9.59	3963.83
#	9.10	3954.06
#	9.43	3973.61
#	9.59	3988.27
#	9.43	3934.51
#	9.59	3958.94
#	8.61	3768.33
#	9.10	3885.63
#	9.10	3734.11
#	8.94	3954.06
#	9.26	3646.14
#	9.10	3812.32
#	9.43	3875.85
#	3.25	4007.82
#	9.59	3763.44
#	9.43	3787.88
#	9.10	3826.98
#	8.61	3826.98
0	9.1000	776.0000
1	9.9125	778.0000
2	9.9125	780.0000
3	9.9125	782.0000
4	10.0750	782.0000
5	9.9125	782.0000
6	9.7500	780.0000
7	10.0750	778.0000
8	10.2375	776.0000
9	9.7500	775.0000
10	10.4000	775.0000
11	10.4000	775.0000
12	10.0750	780.0000
13	10.0750	780.0000
14	10.2375	781.0000
15	10.2375	782.0000
16	10.4000	782.0000
17	10.2375	781.0000
18	10.2375	779.0000
19	10.4000	776.0000
20	10.4000	775.0000
21	9.7500	774.0000
22	10.2375	774.0000
23	10.2375	776.0000
24	10.2375	778.0000
25	10.2375	780.0000
26	9.7500	781.0000
27	10.0750	781.0000
28	9.7500	781.0000
29	9.9125	779.0000
30	9.4250	777.0000
31	10.0750	775.0000
32	9.9125	775.0000
33	9.9125	775.0000
34	9.5875	775.0000
35	9.9125	777.0000
36	9.9125	779.0000
37	9.9125	780.0000
38	10.0750	781.0000
39	9.5875	781.0000
40	9.7500	780.0000
41	9.5875	778.0000
42	9.9125	776.0000
43	9.7500	775.0000
44	9.7500	775.0000
45	9.7500	775.0000
46	9.7500	776.0000
47	9.5875	777.0000
48	9.7500	779.0000
49	9.5875	780.0000
50	9.2625	780.0000
51	9.7500	780.0000
52	9.9125	779.0000
53	3.0875	777.0000
54	9.7500	776.0000
55	9.7500	775.0000
56	9.7500	775.0000
57	9.5875	776.0000
58	9.7500	777.0000
59	9.7500	779.0000
60	9.7500	779.0000
61	9.5875	780.0000
62	8.7750	779.0000
63	8.9375	779.0000
64	8.6125	777.0000
65	8.9375	776.0000
66	8.7750	775.0000
67	8.7750	775.0000
68	8.7750	776.0000
69	8.7750	777.0000
70	8.7750	779.0000
71	8.6125	780.0000
72	8.6125	780.0000
73	8.7750	780.0000
74	9.1000	779.0000
75	9.1000	777.0000
76	8.7750	776.0000
77	9.2625	775.0000
78	9.2625	775.0000
79	8.9375	775.0000
80	8.9375	776.0000
81	8.7750	778.0000
82	8.7750	779.0000
83	8.7750	780.0000
84	9.1000	780.0000
85	8.7750	780.0000
86	8.9375	779.0000
87	8.7750	778.0000
88	8.4500	776.0000
89	8.9375	775.0000
90	7.6375	775.0000
91	7.9625	775.0000
92	8.4500	777.0000
93	8.7750	779.0000
94	8.6125	780.0000
95	8.4500	780.0000
96	8.1250	780.0000
97	8.4500	780.0000
98	8.1250	779.0000
99	7.9625	777.0000
100	6.0125	775.0000
101	7.9625	775.0000
102	7.9625	775.0000
103	6.5000	775.0000
104	8.1250	776.0000
105	8.1250	777.0000
106	8.1250	779.0000
107	7.8000	780.0000
108	7.8000	780.0000
109	7.8000	780.0000
110	6.9875	780.0000
111	7.4750	778.0000
112	7.1500	776.0000
113	7.6375	775.0000
114	7.6375	775.0000
115	7.8000	775.0000
116	7.9625	775.0000
117	7.3125	777.0000
118	7.4750	778.0000
119	7.6375	779.0000
120	7.6375	780.0000
121	7.3125	780.0000
122	7.3125	780.0000
123	7.3125	778.0000
124	7.1500	777.0000
125	7.1500	776.0000
126	6.9875	775.0000
127	6.6625	775.0000
128	6.6625	775.0000
129	6.8250	775.0000
130	6.6625	777.0000
131	6.9875	778.0000
132	7.1500	778.0000
133	6.8250	779.0000
134	0.9750	780.0000
135	6.8250	779.0000
136	6.6625	779.0000
137	6.5000	778.0000
138	6.5000	777.0000
139	6.5000	775.0000
140	6.1750	775.0000
141	6.3375	775.0000
142	6.0125	775.0000
143	6.1750	776.0000
144	5.8500	778.0000
145	4.7125	779.0000
146	4.8750	779.0000
147	4.7125	781.0000
148	4.7125	779.0000
149	4.5500	778.0000
150	4.2250	777.0000
151	4.2250	776.0000
152	4.0625	775.0000
153	4.0625	775.0000
154	3.7375	775.0000
155	3.0875	776.0000
156	2.7625	777.0000
157	2.2750	777.0000
158	1.7875	779.0000
159	1.3000	779.0000
160	0.6500	779.0000
161	0.0000	778.0000
162	-2.6000	778.0000
163	-1.6250	776.0000
164	-2.6000	776.0000
165	-2.7625	775.0000
166	-3.2500	775.0000
167	-4.2250	777.0000
168	-5.0375	777.0000
169	-5.8500	777.0000
170	-6.6625	777.0000
171	-7.6375	777.0000
172	-8.4500	777.0000
173	-9.9125	777.0000
174	-10.2375	777.0000
175	-11.3750	776.0000
176	-12.5125	776.0000
177	-20.8000	775.0000
178	-14.6250	775.0000
179	-16.2500	775.0000
180	-16.9000	777.0000
181	-18.2000	777.0000
182	-19.3375	778.0000
183	-20.9625	777.0000
184	-22.4250	778.0000
185	-24.2125	777.0000
186	-25.0250	775.0000
187	-27.1375	776.0000
188	-28.1125	776.0000
189	-29.7375	775.0000
190	-31.3625	776.0000
191	-35.7500	776.0000
192	-34.2875	776.0000
193	-35.4250	776.0000
194	-37.0500	777.0000
195	-38.5125	777.0000
196	-40.4625	777.0000
197	-42.4125	777.0000
198	-44.0375	777.0000
199	-45.8250	777.0000
200	-47.7750	776.0000
201	-51.5125	775.0000
202	-51.5125	775.0000
203	-52.4875	775.0000
204	-54.1125	775.0000
205	-56.0625	775.0000
206	-58.1750	776.0000
207	-59.8000	777.0000
208	-61.5875	777.0000
209	-63.3750	777.0000
210	-65.9750	778.0000
211	-67.6000	777.0000
212	-69.2250	777.0000
213	-71.3375	776.0000
214	-76.8625	775.0000
215	-75.8875	775.0000
216	-77.5125	775.0000
217	-78.6500	775.0000
218	-80.6000	775.0000
219	-82.7125	777.0000
220	-89.0500	777.0000
221	-87.1000	777.0000
222	-88.5625	777.0000
223	-90.3500	780.0000
224	-92.6250	777.0000
225	-94.2500	775.0000
226	-96.5250	775.0000
227	-98.4750	775.0000
228	-100.4250	775.0000
229	-103.6750	776.0000
230	-104.8125	776.0000
231	-107.0875	777.0000
232	-109.0375	777.0000
233	-111.1500	778.0000
234	-113.1000	777.0000
235	-117.8125	776.0000
236	-117.4875	776.0000
237	-119.2750	775.0000
238	-121.2250	775.0000
239	-123.3375	773.0000
240	-125.4500	776.0000
241	-127.4000	776.0000
242	-129.5125	776.0000
243	-131.7875	777.0000
244	-133.2500	777.0000
245	-135.3625	777.0000
246	-137.8000	777.0000
247	-139.5875	776.0000
248	-141.7000	776.0000
249	-144.4625	775.0000
250	-145.9250	776.0000
251	-147.5500	776.0000
252	-149.6625	776.0000
253	-151.6125	776.0000
254	-153.7250	778.0000
255	-155.8375	778.0000
256	-159.7375	778.0000
257	-160.5500	777.0000
258	-162.1750	777.0000
259	-164.1250	776.0000
260	-165.5875	776.0000
261	-167.2125	776.0000
262	-168.5125	775.0000
263	-169.3250	776.0000
264	-170.3000	776.0000
265	-170.9500	777.0000
266	-171.4375	777.0000
267	-172.7375	777.0000
268	-173.3875	777.0000
269	-172.7375	777.0000
270	-172.5750	777.0000
271	-172.5750	776.0000
272	-172.4125	777.0000
273	-172.2500	776.0000
274	-172.0875	776.0000
275	-171.7625	776.0000
276	-171.2750	777.0000
277	-171.2750	777.0000
278	-170.6250	777.0000
279	-169.8125	777.0000
280	-169.4875	777.0000
281	-168.6750	777.0000
282	-168.0250	776.0000
283	-167.0500	776.0000
284	-167.2125	776.0000
285	-166.4000	776.0000
286	-165.4250	776.0000
287	-164.2875	776.0000
288	-166.7250	777.0000
289	-162.5000	777.0000
290	-161.5250	777.0000
291	-160.3875	777.0000
292	-159.2500	777.0000
293	-158.1125	777.0000
294	-156.8125	777.0000
295	-155.6750	776.0000
296	-154.5375	776.0000
297	-153.0750	776.0000
298	-151.6125	776.0000
299	-150.1500	776.0000
300	-149.1750	776.0000
301	-147.5500	777.0000
302	-146.4125	776.0000
303	-145.4375	777.0000
304	-143.6500	776.0000
305	-142.1875	775.0000
306	-141.5375	775.0000
307	-140.8875	777.0000
308	-138.7750	778.0000
309	-136.6625	777.0000
310	-135.0375	775.0000
311	-133.7375	775.0000
312	-134.8750	776.0000
313	-130.6500	776.0000
314	-129.0250	776.0000
315	-127.4000	776.0000
316	-125.9375	776.0000
317	-124.3125	775.0000
318	-123.6625	775.0000
319	-121.5500	775.0000
320	-119.9250	775.0000
321	-118.1375	776.0000
322	-116.5125	775.0000
323	-114.8875	776.0000
324	-113.1000	778.0000
325	-115.5375	778.0000
326	-109.6875	777.0000
327	-108.0625	777.0000
328	-106.4375	776.0000
329	-104.6500	775.0000
330	-103.0250	774.0000
331	-104.3250	775.0000
332	-99.7750	773.0000
333	-97.8250	775.0000
334	-96.5250	775.0000
335	-94.5750	776.0000
336	-93.1125	778.0000
337	-91.1625	781.0000
338	-89.3750	781.0000
339	-87.9125	780.0000
340	-88.7250	778.0000
341	-84.1750	779.0000
342	-82.7125	774.0000
343	-80.4375	772.0000
344	-78.4875	771.0000
345	-76.8625	774.0000
346	-78.8125	775.0000
347	-73.2875	779.0000
348	-71.3375	780.0000
349	-69.7125	782.0000
350	-67.9250	781.0000
351	-69.8750	778.0000
352	-64.3500	777.0000
353	-62.8875	776.0000
354	-61.1000	774.0000
355	-59.1500	772.0000
356	-57.3625	772.0000
357	-55.7375	774.0000
358	-53.7875	775.0000
359	-52.1625	777.0000
360	-50.2125	779.0000
361	-48.4250	782.0000
362	-46.8000	783.0000
363	-45.0125	781.0000
364	-43.0625	777.0000
365	-41.4375	774.0000
366	-39.9750	772.0000
367	-38.3500	771.0000
368	-37.0500	772.0000
369	-35.2625	775.0000
370	-34.4500	779.0000
371	-32.3375	780.0000
372	-31.3625	780.0000
373	-30.0625	779.0000
374	-28.7625	779.0000
375	-28.4375	778.0000
376	-27.1375	775.0000
377	-27.1375	773.0000
378	-26.0000	771.0000
379	-25.8375	771.0000
380	-25.5125	772.0000
381	-25.1875	774.0000
382	-25.0250	778.0000
383	-24.7000	783.0000
384	-24.8625	783.0000
385	-24.7000	783.0000
386	-24.5375	780.0000
387	-24.3750	777.0000
388	-24.3750	774.0000
389	-23.8875	771.0000
390	-23.7250	771.0000
391	-23.7250	772.0000
392	-23.7250	775.0000
393	-23.5625	778.0000
394	-23.5625	781.0000
395	-24.7000	783.0000
396	-23.5625	783.0000
397	-23.5625	781.0000
398	-23.5625	778.0000
399	-23.5625	775.0000
400	-23.4000	772.0000
401	-23.4000	770.0000
402	-23.0750	769.0000
403	-22.9125	772.0000
404	-22.9125	776.0000
405	-22.7500	780.0000
406	-23.0750	783.0000
407	-23.0750	787.0000
408	-22.7500	788.0000
409	-22.9125	786.0000
410	-25.0250	781.0000
411	-23.0750	774.0000
412	-22.9125	767.0000
413	-22.5875	763.0000
414	-22.5875	763.0000
415	-22.5875	766.0000
416	-22.7500	770.0000
417	-22.5875	776.0000
418	-22.4250	780.0000
419	-22.5875	786.0000
420	-22.4250	789.0000
421	-22.4250	790.0000
422	-22.2625	788.0000
423	-22.7500	784.0000
424	-22.2625	779.0000
425	-22.1000	772.0000
426	-22.2625	767.0000
427	-22.1000	765.0000
428	-22.1000	766.0000
429	-21.9375	770.0000
430	-22.2625	775.0000
431	-22.2625	780.0000
432	-22.1000	785.0000
433	-22.1000	788.0000
434	-22.1000	789.0000
435	-22.1000	787.0000
436	-21.7750	783.0000
437	-21.7750	777.0000
438	-21.7750	772.0000
439	-21.9375	768.0000
440	-21.7750	767.0000
441	-21.9375	769.0000
442	-26.1625	773.0000
443	-23.2375	777.0000
444	-21.9375	781.0000
445	-21.9375	784.0000
446	-21.6125	787.0000
447	-21.4500	786.0000
448	-21.4500	784.0000
449	-21.6125	779.0000
450	-21.4500	775.0000
451	-22.4250	771.0000
452	-22.2625	768.0000
453	-22.1000	769.0000
454	-21.9375	771.0000
455	-21.9375	775.0000
456	-22.1000	777.0000
457	-22.1000	780.0000
458	-21.9375	780.0000
459	-21.7750	782.0000
460	-21.9375	780.0000
461	-21.7750	777.0000
462	-21.7750	776.0000
463	-21.9375	775.0000
464	-21.7750	773.0000
465	-21.6125	774.0000
466	-21.6125	774.0000
467	-21.4500	775.0000
468	-21.1250	776.0000
469	-24.5375	777.0000
470	-23.4000	778.0000
471	-21.1250	776.0000
472	-21.2875	775.0000
473	-20.8000	773.0000
474	-20.8000	773.0000
475	-21.4500	774.0000
476	-20.8000	775.0000
477	-20.9625	776.0000
478	-20.8000	777.0000
479	-22.9125	778.0000
480	-20.6375	779.0000
481	-20.9625	778.0000
482	-20.9625	777.0000
483	-20.8000	775.0000
484	-21.2875	772.0000
485	-21.4500	769.0000
486	-21.1250	769.0000
487	-20.9625	770.0000
488	-20.8000	774.0000
489	-20.6375	779.0000
490	-20.9625	782.0000
491	-20.8000	785.0000
492	-20.9625	784.0000
493	-20.4750	782.0000
494	-20.8000	778.0000
495	-20.8000	773.0000
496	-20.8000	769.0000
497	-20.6375	768.0000
498	-20.6375	766.0000
499	-20.9625	770.0000
500	-20.6375	774.0000
501	-20.4750	779.0000
502	-20.4750	783.0000
503	-20.3125	788.0000
504	-20.6375	782.0000
505	-20.6375	775.0000
506	-20.8000	759.0000
507	-21.6125	747.0000
508	-21.6125	741.0000
509	-21.4500	741.0000
510	-21.4500	744.0000
511	-21.6125	755.0000
512	-21.4500	771.0000
513	-21.1250	785.0000
514	-21.2875	796.0000
515	-21.1250	796.0000
516	-21.1250	783.0000
517	-21.1250	759.0000
518	-20.9625	730.0000
519	-21.1250	710.0000
520	-20.3125	704.0000
521	-20.6375	713.0000
522	-20.9625	729.0000
523	-21.1250	749.0000
524	-20.8000	767.0000
525	-20.8000	781.0000
526	-20.3125	787.0000
527	-20.9625	779.0000
528	-20.6375	754.0000
529	-20.3125	722.0000
530	-20.1500	698.0000
531	-20.3125	689.0000
532	-20.3125	698.0000
533	-20.4750	717.0000
534	-20.6375	739.0000
535	-20.9625	760.0000
536	-20.4750	775.0000
537	-20.6375	784.0000
538	-20.6375	781.0000
539	-20.6375	761.0000
540	-20.6375	729.0000
541	-20.4750	701.0000
542	-20.3125	688.0000
543	-20.1500	693.0000
544	-20.3125	709.0000
545	-20.4750	731.0000
546	-20.8000	752.0000
547	-20.4750	769.0000
548	-20.6375	782.0000
549	-20.3125	786.0000
550	-20.6375	775.0000
551	-20.1500	751.0000
552	-20.1500	717.0000
553	-22.9125	692.0000
554	-20.8000	683.0000
555	-20.1500	695.0000
556	-20.1500	716.0000
557	-20.3125	739.0000
558	-20.4750	759.0000
559	-20.4750	775.0000
560	-20.1500	783.0000
561	-19.9875	778.0000
562	-21.4500	756.0000
563	-19.8250	722.0000
564	-19.8250	694.0000
565	-19.9875	684.0000
566	-19.8250	691.0000
567	-19.8250	709.0000
568	-19.9875	731.0000
569	-20.1500	752.0000
570	-19.9875	769.0000
571	-19.6625	781.0000
572	-19.8250	785.0000
573	-19.6625	781.0000
574	-19.8250	766.0000
575	-19.5000	743.0000
576	-19.6625	719.0000
577	-19.5000	705.0000
578	-19.9875	705.0000
579	-19.6625	714.0000
580	-19.5000	727.0000
581	-19.5000	740.0000
582	-19.6625	756.0000
583	-19.5000	770.0000
584	-19.5000	782.0000
585	-19.6625	789.0000
586	-19.5000	792.0000
587	-19.3375	789.0000
588	-19.3375	779.0000
589	-19.0125	760.0000
590	-19.8250	739.0000
591	-19.1750	723.0000
592	-19.1750	715.0000
593	-19.0125	718.0000
594	-19.0125	730.0000
595	-19.1750	747.0000
596	-19.1750	765.0000
597	-19.0125	779.0000
598	-19.5000	787.0000
599	-19.8250	789.0000
600	-19.3375	780.0000
601	-19.0125	761.0000
602	-19.1750	736.0000
603	-19.0125	716.0000
604	-18.8500	707.0000
605	-19.1750	711.0000
606	-18.8500	725.0000
607	-19.0125	742.0000
608	-18.8500	760.0000
609	-19.1750	775.0000
610	-19.0125	785.0000
611	-18.6875	787.0000
612	-18.6875	782.0000
613	-19.1750	765.0000
614	-18.6875	741.0000
615	-18.5250	718.0000
616	-18.3625	707.0000
617	-18.3625	711.0000
618	-19.0125	725.0000
619	-18.5250	742.0000
620	-18.3625	759.0000
621	-18.3625	774.0000
622	-18.5250	783.0000
623	-18.2000	786.0000
624	-18.3625	781.0000
625	-17.8750	767.0000
626	-18.3625	746.0000
627	-18.2000	727.0000
628	-18.2000	717.0000
629	-17.8750	718.0000
630	-17.8750	728.0000
631	-18.2000	742.0000
632	-17.7125	758.0000
633	-17.7125	772.0000
634	-17.7125	783.0000
635	-17.8750	787.0000
636	-17.7125	785.0000
637	-17.3875	775.0000
638	-17.8750	759.0000
639	-19.0125	745.0000
640	-17.2250	736.0000
641	-17.2250	733.0000
642	-17.5500	735.0000
643	-17.0625	744.0000
644	-17.3875	755.0000
645	-17.2250	767.0000
646	-18.8500	776.0000
647	-16.9000	784.0000
648	-17.0625	790.0000
649	-16.5750	791.0000
650	-16.4125	789.0000
651	-16.7375	783.0000
652	-16.7375	774.0000
653	-30.3875	763.0000
654	-16.9000	753.0000
655	-16.0875	750.0000
656	-16.2500	753.0000
657	-15.7625	760.0000
658	-15.9250	768.0000
659	-15.9250	776.0000
660	-15.6000	784.0000
661	-15.4375	790.0000
662	-15.4375	791.0000
663	-15.4375	789.0000
664	-19.1750	783.0000
665	-14.6250	774.0000
666	-14.6250	766.0000
667	-14.1375	760.0000
668	-13.8125	759.0000
669	-13.3250	762.0000
670	-13.0000	767.0000
671	-12.5125	772.0000
672	-12.1875	777.0000
673	-11.2125	782.0000
674	-11.0500	783.0000
675	-10.0750	783.0000
676	-9.4250	782.0000
677	-8.7750	779.0000
678	-7.8000	777.0000
679	-6.9875	775.0000
680	-6.3375	770.0000
681	-5.6875	773.0000
682	-4.8750	773.0000
683	-4.0625	773.0000
684	-3.4125	772.0000
685	-1.9500	771.0000
686	-1.1375	771.0000
687	0.0000	772.0000
688	1.1375	775.0000
689	2.2750	776.0000
690	3.4125	779.0000
691	4.5500	780.0000
692	5.8500	780.0000
693	7.1500	778.0000
694	8.1250	775.0000
695	9.5875	773.0000
696	10.7250	771.0000
697	12.1875	766.0000
698	13.3250	772.0000
699	14.9500	774.0000
700	16.5750	776.0000
701	17.2250	777.0000
702	19.5000	778.0000
703	21.1250	780.0000
704	22.2625	781.0000
705	24.2125	781.0000
706	25.8375	777.0000
707	27.3000	775.0000
708	29.0875	772.0000
709	30.3875	768.0000
710	32.5000	767.0000
711	33.6375	767.0000
712	35.9125	770.0000
713	37.5375	774.0000
714	39.1625	779.0000
715	41.2750	784.0000
716	42.7375	787.0000
717	44.6875	788.0000
718	46.3125	787.0000
719	48.5875	784.0000
720	45.0125	780.0000
721	52.1625	775.0000
722	53.4625	769.0000
723	55.9000	767.0000
724	57.8500	767.0000
725	59.8000	768.0000
726	58.6625	771.0000
727	63.5375	775.0000
728	65.4875	780.0000
729	66.6250	783.0000
730	68.5750	786.0000
731	70.6875	787.0000
732	71.8250	786.0000
733	74.4250	783.0000
734	76.5375	779.0000
735	78.6500	774.0000
736	80.4375	771.0000
737	82.5500	770.0000
738	84.3375	770.0000
739	86.9375	772.0000
740	88.7250	773.0000
741	90.8375	775.0000
742	92.9500	779.0000
743	95.2250	784.0000
744	97.6625	783.0000
745	98.9625	785.0000
746	101.5625	784.0000
747	99.2875	781.0000
748	105.6250	777.0000
749	107.7375	773.0000
750	106.4375	770.0000
751	111.9625	769.0000
752	114.0750	770.0000
753	116.3500	773.0000
754	118.3000	777.0000
755	120.4125	781.0000
756	122.8500	783.0000
757	124.3125	785.0000
758	126.7500	785.0000
759	128.3750	783.0000
760	130.9750	781.0000
761	132.9250	778.0000
762	134.7125	775.0000
763	137.1500	773.0000
764	138.9375	773.0000
765	141.5375	774.0000
766	143.0000	778.0000
767	145.7625	780.0000
768	143.6500	782.0000
769	149.5000	783.0000
770	151.6125	781.0000
771	153.7250	779.0000
772	155.3500	775.0000
773	156.8125	773.0000
774	158.2750	772.0000
775	159.0875	772.0000
776	157.4625	775.0000
777	161.0375	779.0000
778	161.2000	782.0000
779	160.7125	783.0000
780	162.1750	784.0000
781	162.5000	783.0000
782	162.8250	780.0000
783	162.8250	777.0000
784	162.6625	775.0000
785	161.8500	774.0000
786	162.1750	775.0000
787	162.3375	777.0000
788	161.6875	779.0000
789	161.3625	782.0000
790	160.2250	786.0000
791	160.0625	783.0000
792	159.5750	780.0000
793	159.0875	776.0000
794	158.1125	772.0000
795	157.3000	770.0000
796	156.3250	771.0000
797	155.5125	772.0000
798	154.2125	776.0000
799	153.7250	781.0000
800	152.9125	785.0000
801	151.6125	787.0000
802	150.8000	787.0000
803	148.8500	783.0000
804	148.6875	777.0000
805	147.3875	772.0000
806	146.5750	769.0000
807	145.2750	769.0000
808	143.9750	771.0000
809	142.8375	775.0000
810	141.3750	780.0000
811	140.2375	783.0000
812	138.7750	786.0000
813	136.9875	788.0000
814	135.8500	787.0000
815	134.8750	783.0000
816	133.2500	778.0000
817	131.7875	775.0000
818	130.6500	771.0000
819	129.3500	770.0000
820	128.2125	769.0000
821	126.4250	773.0000
822	124.8000	776.0000
823	123.1750	779.0000
824	121.7125	782.0000
825	119.6000	783.0000
826	118.9500	782.0000
827	116.8375	780.0000
828	115.3750	779.0000
829	113.7500	777.0000
830	112.1250	777.0000
831	108.2250	776.0000
832	109.3625	776.0000
833	107.7375	778.0000
834	105.9500	777.0000
835	104.3250	776.0000
836	102.7000	774.0000
837	101.0750	772.0000
838	99.4500	770.0000
839	97.5000	770.0000
840	94.4125	772.0000
841	94.0875	775.0000
842	92.1375	775.0000
843	90.6750	780.0000
844	89.0500	782.0000
845	86.6125	783.0000
846	85.1500	783.0000
847	83.8500	782.0000
848	82.2250	780.0000
849	80.1125	777.0000
850	78.6500	773.0000
851	76.2125	773.0000
852	74.7500	773.0000
853	72.9625	775.0000
854	71.3375	776.0000
855	69.5500	778.0000
856	67.6000	779.0000
857	65.9750	781.0000
858	64.0250	781.0000
859	62.5625	782.0000
860	53.9500	781.0000
861	58.6625	779.0000
862	56.7125	776.0000
863	55.0875	772.0000
864	53.1375	768.0000
865	51.3500	767.0000
866	49.0750	767.0000
867	47.4500	770.0000
868	45.1750	774.0000
869	43.8750	778.0000
870	41.9250	780.0000
871	39.8125	783.0000
872	38.5125	783.0000
873	36.7250	783.0000
874	35.1000	780.0000
875	32.9875	777.0000
876	31.6875	773.0000
877	29.9000	770.0000
878	28.2750	767.0000
879	26.8125	767.0000
880	20.8000	767.0000
881	23.2375	769.0000
882	21.9375	774.0000
883	20.6375	779.0000
884	19.3375	782.0000
885	17.8750	785.0000
886	17.0625	784.0000
887	16.0875	781.0000
888	15.6000	775.0000
889	15.1125	770.0000
890	14.6250	765.0000
891	14.1375	765.0000
892	13.9750	767.0000
893	13.3250	769.0000
894	9.5875	775.0000
895	13.0000	780.0000
896	12.3500	784.0000
897	12.8375	787.0000
898	13.1625	787.0000
899	12.6750	785.0000
900	12.6750	780.0000
901	12.3500	774.0000
902	12.3500	768.0000
903	12.3500	764.0000
904	12.1875	764.0000
905	12.0250	767.0000
906	11.8625	772.0000
907	12.0250	777.0000
908	11.3750	782.0000
909	11.8625	784.0000
910	11.8625	784.0000
911	11.8625	783.0000
912	11.5375	779.0000
913	11.5375	775.0000
914	7.1500	772.0000
915	11.3750	771.0000
916	11.2125	771.0000
917	11.0500	772.0000
918	11.3750	774.0000
919	11.3750	775.0000
920	3.4125	776.0000
921	11.2125	777.0000
922	11.3750	777.0000
923	9.7500	776.0000
924	10.7250	775.0000
925	11.0500	775.0000
926	11.2125	774.0000
927	10.4000	774.0000
928	10.4000	775.0000
929	10.4000	776.0000
930	10.5625	777.0000
931	10.7250	778.0000
932	10.7250	778.0000
933	10.7250	777.0000
934	10.4000	776.0000
935	10.7250	773.0000
936	10.4000	771.0000
937	10.5625	770.0000
938	10.5625	770.0000
939	8.4500	771.0000
940	9.5875	772.0000
941	10.4000	775.0000
942	2.6000	778.0000
943	10.4000	777.0000
944	9.7500	778.0000
945	10.0750	778.0000
946	9.4250	777.0000
947	9.9125	775.0000
948	10.2375	774.0000
949	10.4000	773.0000
950	10.2375	773.0000
951	10.2375	774.0000
952	9.1000	775.0000
953	9.5875	776.0000
954	9.4250	776.0000
955	9.4250	775.0000
956	9.4250	775.0000
957	9.4250	774.0000
958	9.2625	773.0000
959	9.4250	772.0000
960	9.4250	772.0000
961	9.2625	774.0000
962	9.2625	775.0000
963	9.1000	778.0000
964	9.1000	779.0000
965	9.2625	778.0000
966	9.7500	776.0000
967	9.7500	774.0000
968	9.1000	771.0000
969	9.5875	769.0000
970	9.7500	769.0000
971	8.7750	769.0000
972	8.7750	772.0000
973	9.4250	775.0000
974	9.4250	779.0000
975	9.4250	783.0000
976	9.4250	783.0000
977	9.4250	781.0000
978	8.9375	777.0000
979	7.1500	773.0000
980	9.1000	769.0000
981	9.4250	767.0000
982	9.1000	766.0000
983	9.1000	767.0000
984	9.2625	771.0000
985	9.1000	776.0000
986	9.1000	780.0000
987	9.2625	783.0000
988	9.1000	784.0000
989	8.7750	783.0000
990	8.9375	779.0000
991	8.2875	773.0000
992	8.6125	768.0000
993	9.1000	765.0000
994	8.9375	765.0000
995	9.1000	767.0000
996	8.9375	771.0000
997	8.9375	775.0000
998	8.9375	780.0000
999	8.9375	783.0000
1000	8.7750	785.0000
1001	8.7750	783.0000
1002	8.7750	779.0000
1003	8.9375	773.0000
1004	8.6125	769.0000
1005	9.1000	766.0000
1006	8.7750	765.0000
1007	8.4500	767.0000
1008	8.9375	771.0000
1009	8.7750	775.0000
1010	8.9375	779.0000
1011	8.7750	782.0000
1012	8.9375	783.0000
1013	8.6125	782.0000
1014	7.6375	779.0000
1015	8.6125	775.0000
1016	8.9375	770.0000
1017	8.7750	770.0000
1018	8.7750	767.0000
1019	8.9375	768.0000
1020	8.7750	771.0000
1021	8.9375	773.0000
1022	8.6125	778.0000
1023	8.7750	780.0000
#18567
0	8.6125	770.0000
1	8.4500	773.0000
2	4.0625	776.0000
3	7.8000	777.0000
4	8.1250	779.0000
5	8.1250	778.0000
6	8.2875	777.0000
7	7.9625	775.0000
8	7.9625	773.0000
9	8.1250	772.0000
10	7.9625	771.0000
11	8.1250	771.0000
12	8.1250	772.0000
13	8.2875	774.0000
14	8.7750	775.0000
15	8.7750	776.0000
16	8.6125	777.0000
17	8.6125	776.0000
18	8.4500	775.0000
19	8.2875	774.0000
20	8.4500	772.0000
21	7.6375	772.0000
22	5.0375	772.0000
23	8.2875	772.0000
24	8.1250	774.0000
25	8.4500	775.0000
26	8.6125	776.0000
27	8.4500	776.0000
28	8.6125	776.0000
29	8.7750	775.0000
30	8.6125	774.0000
31	6.6625	773.0000
32	7.8000	771.0000
33	7.8000	771.0000
34	7.9625	773.0000
35	7.8000	774.0000
36	7.6375	775.0000
37	7.8000	775.0000
38	7.6375	776.0000
39	7.6375	775.0000
40	7.8000	775.0000
41	7.8000	773.0000
42	7.6375	772.0000
43	7.8000	771.0000
44	7.8000	772.0000
45	7.8000	773.0000
46	7.8000	774.0000
47	7.6375	775.0000
48	7.4750	776.0000
49	7.6375	776.0000
50	7.9625	775.0000
51	8.1250	774.0000
52	8.2875	774.0000
53	8.1250	772.0000
54	7.9625	772.0000
55	8.1250	771.0000
56	7.9625	772.0000
57	8.2875	773.0000
58	7.8000	774.0000
59	7.8000	775.0000
60	7.6375	776.0000
61	8.1250	776.0000
62	7.8000	775.0000
63	7.8000	774.0000
64	7.8000	772.0000
65	7.6375	771.0000
66	7.4750	771.0000
67	7.8000	771.0000
68	7.6375	772.0000
69	7.8000	773.0000
70	7.6375	774.0000
71	7.6375	776.0000
72	7.6375	776.0000
73	7.4750	777.0000
74	7.3125	776.0000
75	7.3125	774.0000
76	7.4750	773.0000
77	2.1125	771.0000
78	7.6375	770.0000
79	7.4750	771.0000
80	7.6375	771.0000
81	7.6375	772.0000
82	7.4750	774.0000
83	7.4750	776.0000
84	7.6375	776.0000
85	7.3125	777.0000
86	7.4750	776.0000
87	6.8250	774.0000
88	7.1500	772.0000
89	7.1500	771.0000
90	6.9875	771.0000
91	7.1500	771.0000
92	7.1500	772.0000
93	7.1500	773.0000
94	6.9875	775.0000
95	7.3125	775.0000
96	6.9875	776.0000
97	6.9875	776.0000
98	6.9875	775.0000
99	6.9875	774.0000
100	6.6625	772.0000
101	6.6625	771.0000
102	6.6625	771.0000
103	5.6875	771.0000
104	6.5000	772.0000
105	6.6625	773.0000
106	6.5000	774.0000
107	5.8500	775.0000
108	6.5000	775.0000
109	6.5000	774.0000
110	6.5000	773.0000
111	5.8500	772.0000
112	5.6875	772.0000
113	6.1750	772.0000
114	6.0125	772.0000
115	5.5250	773.0000
116	6.0125	774.0000
117	6.1750	775.0000
118	5.0375	775.0000
119	5.6875	775.0000
120	5.8500	774.0000
121	5.6875	773.0000
122	5.8500	772.0000
123	6.0125	771.0000
124	6.0125	771.0000
125	5.8500	772.0000
126	5.6875	774.0000
127	4.8750	774.0000
128	5.5250	775.0000
129	5.2000	775.0000
130	5.2000	775.0000
131	5.3625	774.0000
132	5.2000	772.0000
133	4.5500	771.0000
134	5.3625	771.0000
135	5.3625	770.0000
136	5.0375	771.0000
137	5.2000	772.0000
138	5.0375	774.0000
139	5.0375	775.0000
140	4.5500	775.0000
141	4.8750	775.0000
142	4.5500	774.0000
143	3.4125	772.0000
144	3.5750	770.0000
145	3.5750	769.0000
146	3.4125	770.0000
147	3.4125	771.0000
148	3.2500	772.0000
149	3.0875	774.0000
150	2.9250	775.0000
151	2.7625	775.0000
152	2.6000	775.0000
153	2.2750	774.0000
154	1.9500	772.0000
155	1.6250	771.0000
156	1.4625	770.0000
157	0.9750	769.0000
158	-1.3000	771.0000
159	-0.3250	771.0000
160	-0.3250	773.0000
161	-1.6250	774.0000
162	-8.1250	775.0000
163	-2.1125	775.0000
164	-2.7625	774.0000
165	-3.2500	773.0000
166	-3.9000	771.0000
167	-4.8750	770.0000
168	-5.8500	769.0000
169	-6.8250	770.0000
170	-8.2875	771.0000
171	-8.9375	772.0000
172	-9.2625	774.0000
173	-10.2375	774.0000
174	-11.3750	774.0000
175	-13.0000	774.0000
176	-14.3000	773.0000
177	-14.7875	772.0000
178	-15.7625	771.0000
179	-17.0625	770.0000
180	-18.5250	770.0000
181	-19.9875	771.0000
182	-20.8000	772.0000
183	-21.9375	773.0000
184	-23.7250	774.0000
185	-24.7000	774.0000
186	-26.3250	774.0000
187	-27.7875	773.0000
188	-29.5750	772.0000
189	-31.0375	771.0000
190	-32.1750	770.0000
191	-33.6375	770.0000
192	-35.5875	771.0000
193	-37.0500	771.0000
194	-38.6750	773.0000
195	-39.9750	774.0000
196	-41.4375	775.0000
197	-43.2250	774.0000
198	-45.6625	774.0000
199	-46.9625	773.0000
200	-48.1000	771.0000
201	-49.8875	770.0000
202	-52.4875	770.0000
203	-53.4625	771.0000
204	-55.4125	771.0000
205	-57.0375	772.0000
206	-58.9875	773.0000
207	-60.9375	773.0000
208	-62.7250	772.0000
209	-64.3500	771.0000
210	-66.3000	769.0000
211	-68.0875	770.0000
212	-70.5250	771.0000
213	-72.1500	773.0000
214	-73.9375	775.0000
215	-76.0500	777.0000
216	-77.6750	779.0000
217	-79.7875	780.0000
218	-82.3875	779.0000
219	-83.3625	777.0000
220	-85.3125	772.0000
221	-87.4250	767.0000
222	-89.2125	762.0000
223	-91.1625	760.0000
224	-93.4375	761.0000
225	-94.9000	764.0000
226	-97.5000	769.0000
227	-98.9625	774.0000
228	-100.7500	779.0000
229	-102.8625	782.0000
230	-104.6500	783.0000
231	-106.7625	781.0000
232	-108.7125	777.0000
233	-110.6625	771.0000
234	-112.9375	766.0000
235	-114.5625	763.0000
236	-117.0000	762.0000
237	-119.1125	764.0000
238	-121.5500	767.0000
239	-123.5000	770.0000
240	-125.7750	774.0000
241	-127.4000	778.0000
242	-129.1875	780.0000
243	-131.3000	780.0000
244	-134.7125	780.0000
245	-137.1500	776.0000
246	-137.9625	772.0000
247	-140.0750	767.0000
248	-142.1875	768.0000
249	-143.9750	763.0000
250	-146.0875	765.0000
251	-147.8750	767.0000
252	-150.3125	773.0000
253	-152.2625	776.0000
254	-155.0250	779.0000
255	-156.9750	780.0000
256	-159.0875	777.0000
257	-161.0375	772.0000
258	-162.9875	770.0000
259	-167.2125	770.0000
260	-166.4000	768.0000
261	-168.0250	764.0000
262	-169.1625	764.0000
263	-169.8125	769.0000
264	-170.4625	772.0000
265	-171.2750	776.0000
266	-171.6000	776.0000
267	-172.2500	775.0000
268	-172.4125	774.0000
269	-172.5750	772.0000
270	-172.5750	771.0000
271	-173.3875	772.0000
272	-172.2500	773.0000
273	-172.7375	772.0000
274	-172.0875	773.0000
275	-171.7625	774.0000
276	-171.4375	775.0000
277	-171.1125	773.0000
278	-170.4625	770.0000
279	-169.6500	768.0000
280	-169.3250	767.0000
281	-168.3500	768.0000
282	-168.1875	771.0000
283	-166.8875	773.0000
284	-166.2375	776.0000
285	-165.5875	778.0000
286	-164.6125	779.0000
287	-163.6375	779.0000
288	-162.8250	776.0000
289	-161.8500	772.0000
290	-160.5500	767.0000
291	-159.7375	763.0000
292	-158.6000	763.0000
293	-157.6250	766.0000
294	-156.1625	769.0000
295	-155.1875	773.0000
296	-153.8875	777.0000
297	-152.4250	780.0000
298	-151.4500	781.0000
299	-150.3125	780.0000
300	-154.0500	776.0000
301	-147.7125	771.0000
302	-147.0625	766.0000
303	-145.1125	764.0000
304	-144.1375	761.0000
305	-142.1875	766.0000
306	-141.0500	770.0000
307	-141.2125	774.0000
308	-138.1250	778.0000
309	-136.5000	780.0000
310	-134.7125	780.0000
311	-133.4125	777.0000
312	-131.9500	774.0000
313	-130.4875	768.0000
314	-129.1875	765.0000
315	-128.3750	764.0000
316	-126.1000	765.0000
317	-124.3125	768.0000
318	-123.0125	771.0000
319	-121.2250	775.0000
320	-120.0875	778.0000
321	-117.6500	779.0000
322	-116.1875	779.0000
323	-115.0500	775.0000
324	-113.2625	770.0000
325	-111.4750	767.0000
326	-110.3375	764.0000
327	-108.0625	765.0000
328	-106.6000	767.0000
329	-104.8125	769.0000
330	-102.8625	772.0000
331	-101.0750	776.0000
332	-99.6125	778.0000
333	-99.2875	778.0000
334	-96.2000	776.0000
335	-94.9000	773.0000
336	-92.6250	769.0000
337	-91.9750	767.0000
338	-89.7000	766.0000
339	-87.5875	765.0000
340	-85.8000	767.0000
341	-83.8500	769.0000
342	-82.3875	773.0000
343	-80.7625	774.0000
344	-78.9750	777.0000
345	-77.0250	777.0000
346	-75.4000	774.0000
347	-73.6125	771.0000
348	-72.3125	767.0000
349	-70.6875	766.0000
350	-68.9000	765.0000
351	-67.1125	766.0000
352	-65.1625	768.0000
353	-63.3750	771.0000
354	-61.5875	775.0000
355	-66.3000	777.0000
356	-58.0125	777.0000
357	-56.2250	776.0000
358	-54.4375	773.0000
359	-52.8125	770.0000
360	-51.1875	767.0000
361	-48.7500	765.0000
362	-46.9625	765.0000
363	-45.8250	766.0000
364	-43.5500	769.0000
365	-41.9250	772.0000
366	-40.3000	774.0000
367	-38.5125	775.0000
368	-36.8875	776.0000
369	-35.5875	774.0000
370	-38.8375	772.0000
371	-32.5000	769.0000
372	-32.1750	768.0000
373	-29.9000	767.0000
374	-29.0875	767.0000
375	-27.9500	768.0000
376	-27.6250	770.0000
377	-27.1375	773.0000
378	-26.4875	774.0000
379	-25.8375	775.0000
380	-25.6750	775.0000
381	-25.3500	772.0000
382	-24.8625	769.0000
383	-24.8625	768.0000
384	-24.8625	766.0000
385	-25.0250	767.0000
386	-24.3750	768.0000
387	-24.0500	770.0000
388	-24.0500	772.0000
389	-23.8875	774.0000
390	-24.0500	775.0000
391	-23.8875	773.0000
392	-23.8875	774.0000
393	-24.5375	772.0000
394	-23.8875	769.0000
395	-23.5625	768.0000
396	-23.7250	767.0000
397	-23.2375	767.0000
398	-23.5625	767.0000
399	-23.4000	769.0000
400	-23.2375	771.0000
401	-23.0750	773.0000
402	-25.0250	774.0000
403	-23.8875	774.0000
404	-23.5625	774.0000
405	-23.8875	772.0000
406	-23.0750	770.0000
407	-23.0750	768.0000
408	-22.7500	767.0000
409	-23.2375	767.0000
410	-23.5625	767.0000
411	-22.7500	768.0000
412	-22.5875	770.0000
413	-22.5875	771.0000
414	-22.5875	773.0000
415	-22.5875	773.0000
416	-22.4250	772.0000
417	-22.5875	772.0000
418	-22.5875	771.0000
419	-22.2625	770.0000
420	-22.9125	769.0000
421	-22.7500	767.0000
422	-22.2625	768.0000
423	-22.2625	768.0000
424	-22.1000	768.0000
425	-22.1000	769.0000
426	-22.2625	770.0000
427	-22.1000	771.0000
428	-22.1000	771.0000
429	-22.1000	771.0000
430	-22.1000	771.0000
431	-22.2625	771.0000
432	-22.2625	770.0000
433	-21.9375	770.0000
434	-22.1000	770.0000
435	-21.9375	770.0000
436	-21.6125	769.0000
437	-21.7750	769.0000
438	-21.6125	770.0000
439	-21.7750	770.0000
440	-21.9375	769.0000
441	-21.6125	769.0000
442	-22.2625	769.0000
443	-21.9375	770.0000
444	-21.9375	770.0000
445	-21.7750	771.0000
446	-21.4500	771.0000
447	-21.6125	771.0000
448	-22.2625	771.0000
449	-21.7750	770.0000
450	-21.1250	770.0000
451	-21.2875	769.0000
452	-21.9375	768.0000
453	-21.4500	769.0000
454	-21.2875	769.0000
455	-21.6125	770.0000
456	-21.4500	770.0000
457	-21.2875	771.0000
458	-21.2875	771.0000
459	-21.1250	771.0000
460	-21.1250	772.0000
461	-21.1250	771.0000
462	-21.4500	771.0000
463	-20.9625	770.0000
464	-20.9625	769.0000
465	-20.9625	768.0000
466	-25.5125	768.0000
467	-20.9625	766.0000
468	-21.1250	769.0000
469	-20.9625	770.0000
470	-21.1250	771.0000
471	-21.1250	771.0000
472	-21.2875	771.0000
473	-20.8000	771.0000
474	-20.8000	771.0000
475	-20.9625	770.0000
476	-21.6125	769.0000
477	-21.6125	769.0000
478	-21.6125	768.0000
479	-21.6125	768.0000
480	-21.6125	768.0000
481	-21.4500	768.0000
482	-21.4500	769.0000
483	-21.4500	771.0000
484	-21.4500	771.0000
485	-21.2875	772.0000
486	-20.9625	771.0000
487	-20.6375	771.0000
488	-20.9625	770.0000
489	-20.6375	769.0000
490	-20.9625	768.0000
491	-20.9625	768.0000
492	-21.6125	767.0000
493	-21.4500	768.0000
494	-21.2875	769.0000
495	-20.9625	770.0000
496	-20.8000	771.0000
497	-20.8000	772.0000
498	-20.6375	771.0000
499	-20.8000	771.0000
500	-20.3125	771.0000
501	-20.8000	769.0000
502	-20.6375	768.0000
503	-20.8000	767.0000
504	-21.6125	767.0000
505	-20.8000	767.0000
506	-20.6375	768.0000
507	-20.6375	769.0000
508	-20.4750	770.0000
509	-20.3125	771.0000
510	-20.6375	771.0000
511	-20.3125	772.0000
512	-20.3125	771.0000
513	-20.1500	770.0000
514	-20.3125	768.0000
515	-20.1500	767.0000
516	-20.4750	767.0000
517	-20.4750	766.0000
518	-20.3125	767.0000
519	-20.3125	768.0000
520	-20.3125	769.0000
521	-20.4750	771.0000
522	-20.1500	772.0000
523	-20.4750	773.0000
524	-20.1500	771.0000
525	-20.3125	770.0000
526	-20.6375	768.0000
527	-20.4750	767.0000
528	-20.4750	767.0000
529	-20.4750	767.0000
530	-20.3125	768.0000
531	-20.3125	768.0000
532	-20.9625	769.0000
533	-20.3125	771.0000
534	-20.6375	771.0000
535	-20.1500	772.0000
536	-20.3125	771.0000
537	-20.6375	771.0000
538	-20.4750	769.0000
539	-20.1500	768.0000
540	-20.1500	766.0000
541	-20.3125	766.0000
542	-20.3125	766.0000
543	-20.1500	768.0000
544	-20.1500	769.0000
545	-20.4750	771.0000
546	-20.1500	771.0000
547	-20.1500	771.0000
548	-20.1500	770.0000
549	-19.9875	769.0000
550	-20.1500	768.0000
551	-26.1625	767.0000
552	-19.8250	766.0000
553	-19.9875	767.0000
554	-19.9875	767.0000
555	-19.8250	768.0000
556	-19.8250	769.0000
557	-20.1500	771.0000
558	-20.3125	771.0000
559	-19.6625	769.0000
560	-20.3125	770.0000
561	-19.6625	769.0000
562	-19.6625	767.0000
563	-19.5000	766.0000
564	-19.5000	766.0000
565	-19.6625	766.0000
566	-19.6625	769.0000
567	-19.9875	769.0000
568	-19.6625	770.0000
569	-19.9875	771.0000
570	-19.6625	772.0000
571	-19.9875	771.0000
572	-20.1500	770.0000
573	-20.1500	768.0000
574	-20.3125	765.0000
575	-20.1500	765.0000
576	-20.1500	765.0000
577	-27.1375	766.0000
578	-20.3125	767.0000
579	-20.3125	768.0000
580	-19.9875	770.0000
581	-20.1500	771.0000
582	-20.1500	772.0000
583	-19.9875	772.0000
584	-19.3375	770.0000
585	-19.3375	768.0000
586	-19.3375	767.0000
587	-19.6625	765.0000
588	-19.3375	764.0000
589	-19.1750	765.0000
590	-19.6625	766.0000
591	-19.6625	768.0000
592	-19.6625	769.0000
593	-19.3375	771.0000
594	-19.1750	772.0000
595	-19.6625	772.0000
596	-18.8500	771.0000
597	-19.1750	769.0000
598	-19.0125	767.0000
599	-19.1750	765.0000
600	-18.8500	764.0000
601	-18.8500	764.0000
602	-18.8500	765.0000
603	-18.8500	768.0000
604	-19.3375	769.0000
605	-18.5250	771.0000
606	-18.8500	772.0000
607	-18.6875	772.0000
608	-18.5250	771.0000
609	-18.6875	768.0000
610	-18.5250	767.0000
611	-19.1750	765.0000
612	-18.5250	764.0000
613	-18.3625	765.0000
614	-18.2000	767.0000
615	-18.6875	767.0000
616	-18.6875	769.0000
617	-18.5250	771.0000
618	-18.3625	771.0000
619	-19.5000	771.0000
620	-18.0375	770.0000
621	-17.8750	768.0000
622	-18.0375	767.0000
623	-18.0375	764.0000
624	-17.8750	764.0000
625	-17.7125	765.0000
626	-17.8750	767.0000
627	-18.5250	768.0000
628	-18.0375	770.0000
629	-17.8750	771.0000
630	-18.3625	771.0000
631	-17.7125	771.0000
632	-18.2000	769.0000
633	-18.2000	767.0000
634	-17.7125	766.0000
635	-17.3875	765.0000
636	-17.3875	764.0000
637	-17.2250	765.0000
638	-17.2250	767.0000
639	-17.2250	768.0000
640	-17.3875	770.0000
641	-17.0625	771.0000
642	-17.2250	771.0000
643	-18.8500	771.0000
644	-17.2250	769.0000
645	-17.2250	767.0000
646	-16.9000	766.0000
647	-17.0625	765.0000
648	-16.9000	765.0000
649	-16.5750	766.0000
650	-16.9000	767.0000
651	-16.2500	768.0000
652	-16.4125	769.0000
653	-16.2500	771.0000
654	-16.4125	771.0000
655	-16.4125	770.0000
656	-15.9250	769.0000
657	-15.9250	768.0000
658	-15.7625	766.0000
659	-15.6000	765.0000
660	-15.4375	765.0000
661	-15.6000	765.0000
662	-15.2750	766.0000
663	-15.2750	767.0000
664	-14.9500	768.0000
665	-14.9500	769.0000
666	-14.4625	770.0000
667	-14.3000	770.0000
668	-13.9750	770.0000
669	-13.4875	769.0000
670	-12.8375	767.0000
671	-13.3250	766.0000
672	-11.7000	765.0000
673	-11.2125	765.0000
674	-10.5625	765.0000
675	-12.8375	767.0000
676	-9.5875	768.0000
677	-8.4500	769.0000
678	-8.1250	769.0000
679	-6.8250	770.0000
680	-6.8250	769.0000
681	-5.5250	769.0000
682	-4.8750	767.0000
683	-4.8750	767.0000
684	-2.9250	766.0000
685	-1.9500	766.0000
686	-0.9750	766.0000
687	-0.8125	767.0000
688	-0.1625	767.0000
689	2.2750	768.0000
690	3.2500	769.0000
691	4.0625	769.0000
692	6.0125	768.0000
693	6.8250	768.0000
694	8.6125	767.0000
695	9.7500	766.0000
696	10.8875	766.0000
697	12.1875	766.0000
698	13.8125	766.0000
699	14.3000	767.0000
700	15.7625	768.0000
701	17.5500	768.0000
702	19.0125	769.0000
703	20.6375	768.0000
704	22.1000	768.0000
705	23.8875	767.0000
706	25.3500	767.0000
707	26.9750	767.0000
708	28.6000	767.0000
709	30.8750	767.0000
710	32.5000	767.0000
711	34.4500	767.0000
712	35.9125	767.0000
713	38.0250	767.0000
714	39.3250	768.0000
715	40.9500	767.0000
716	43.0625	767.0000
717	44.8500	767.0000
718	46.8000	767.0000
719	48.2625	767.0000
720	49.4000	767.0000
721	52.1625	767.0000
722	53.1375	767.0000
723	55.9000	768.0000
724	57.6875	768.0000
725	59.8000	768.0000
726	61.4250	767.0000
727	62.8875	767.0000
728	65.0000	766.0000
729	66.9500	767.0000
730	68.4125	767.0000
731	70.6875	768.0000
732	72.6375	768.0000
733	74.4250	768.0000
734	76.3750	768.0000
735	78.6500	768.0000
736	80.6000	767.0000
737	82.7125	767.0000
738	84.8250	764.0000
739	86.7750	767.0000
740	88.7250	767.0000
741	90.8375	766.0000
742	92.7875	767.0000
743	94.9000	768.0000
744	95.5500	768.0000
745	99.6125	769.0000
746	100.5875	769.0000
747	103.0250	768.0000
748	104.8125	768.0000
749	107.2500	767.0000
750	109.2000	766.0000
751	111.9625	766.0000
752	114.0750	767.0000
753	116.1875	767.0000
754	117.8125	768.0000
755	120.0875	769.0000
756	122.6875	770.0000
757	124.6375	769.0000
758	126.7500	769.0000
759	128.5375	768.0000
760	130.8125	767.0000
761	133.0875	767.0000
762	134.8750	766.0000
763	137.1500	766.0000
764	139.2625	767.0000
765	141.2125	768.0000
766	142.0250	769.0000
767	145.6000	770.0000
768	147.2250	771.0000
769	150.1500	771.0000
770	152.4250	769.0000
771	154.2125	768.0000
772	155.5125	767.0000
773	156.9750	766.0000
774	157.7875	767.0000
775	159.2500	767.0000
776	159.9000	767.0000
777	160.8750	769.0000
778	161.5250	770.0000
779	162.0125	771.0000
780	162.5000	771.0000
781	162.3375	769.0000
782	162.0125	768.0000
783	162.6625	767.0000
784	162.8250	767.0000
785	162.5000	767.0000
786	161.8500	767.0000
787	161.5250	767.0000
788	161.5250	768.0000
789	160.8750	769.0000
790	160.2250	769.0000
791	160.2250	769.0000
792	159.0875	769.0000
793	158.1125	769.0000
794	157.3000	768.0000
795	156.6500	768.0000
796	156.0000	767.0000
797	155.0250	767.0000
798	154.0500	767.0000
799	153.0750	767.0000
800	151.9375	768.0000
801	150.8000	768.0000
802	149.8250	769.0000
803	148.8500	768.0000
804	147.7125	769.0000
805	146.9000	768.0000
806	145.7625	768.0000
807	145.1125	768.0000
808	144.1375	767.0000
809	142.6750	767.0000
810	140.8875	767.0000
811	140.0750	765.0000
812	138.4500	767.0000
813	137.3125	768.0000
814	135.8500	767.0000
815	134.7125	768.0000
816	133.4125	768.0000
817	131.9500	768.0000
818	130.4875	767.0000
819	129.0250	768.0000
820	127.7250	767.0000
821	126.2625	767.0000
822	124.4750	767.0000
823	122.8500	767.0000
824	121.3875	766.0000
825	120.0875	766.0000
826	118.4625	767.0000
827	116.8375	767.0000
828	115.3750	767.0000
829	113.7500	767.0000
830	112.1250	768.0000
831	110.5000	768.0000
832	109.0375	768.0000
833	107.4125	768.0000
834	105.9500	767.0000
835	104.1625	766.0000
836	102.2125	765.0000
837	100.7500	764.0000
838	97.9875	765.0000
839	97.0125	765.0000
840	95.3875	766.0000
841	93.9250	767.0000
842	92.1375	768.0000
843	90.6750	768.0000
844	88.7250	768.0000
845	87.2625	768.0000
846	85.1500	767.0000
847	83.5250	766.0000
848	82.0625	766.0000
849	80.1125	764.0000
850	78.1625	764.0000
851	76.0500	764.0000
852	74.7500	765.0000
853	72.8000	766.0000
854	71.1750	768.0000
855	65.3250	768.0000
856	65.8125	768.0000
857	65.6500	768.0000
858	63.8625	767.0000
859	62.2375	767.0000
860	60.6125	765.0000
861	58.6625	763.0000
862	56.3875	763.0000
863	54.9250	764.0000
864	53.1375	765.0000
865	51.1875	766.0000
866	48.5875	768.0000
867	46.8000	768.0000
868	45.3375	769.0000
869	43.5500	768.0000
870	41.6000	767.0000
871	39.6500	765.0000
872	37.7000	764.0000
873	36.0750	763.0000
874	34.2875	763.0000
875	32.0125	763.0000
876	30.2250	764.0000
877	28.7625	766.0000
878	28.1125	769.0000
879	26.1625	768.0000
880	24.7000	768.0000
881	21.9375	768.0000
882	21.2875	767.0000
883	20.3125	765.0000
884	18.8500	763.0000
885	17.5500	762.0000
886	16.4125	761.0000
887	15.7625	762.0000
888	15.1125	764.0000
889	14.4625	766.0000
890	14.3000	767.0000
891	13.8125	767.0000
892	13.8125	768.0000
893	13.0000	768.0000
894	12.6750	767.0000
895	12.6750	765.0000
896	12.8375	764.0000
897	11.7000	762.0000
898	12.6750	762.0000
899	12.5125	763.0000
900	12.3500	764.0000
901	12.3500	765.0000
902	12.0250	767.0000
903	12.0250	767.0000
904	11.5375	767.0000
905	10.0750	768.0000
906	12.0250	767.0000
907	12.0250	765.0000
908	11.7000	764.0000
909	11.8625	763.0000
910	11.3750	763.0000
911	11.5375	763.0000
912	11.7000	764.0000
913	11.8625	765.0000
914	11.5375	766.0000
915	11.5375	766.0000
916	11.3750	767.0000
917	11.3750	766.0000
918	11.3750	765.0000
919	11.0500	764.0000
920	11.2125	763.0000
921	8.1250	763.0000
922	10.4000	763.0000
923	10.4000	765.0000
924	10.2375	765.0000
925	10.4000	766.0000
926	10.4000	767.0000
927	10.4000	767.0000
928	10.2375	765.0000
929	10.2375	765.0000
930	10.0750	764.0000
931	10.2375	763.0000
932	10.4000	762.0000
933	10.4000	763.0000
934	10.4000	764.0000
935	10.7250	764.0000
936	10.2375	766.0000
937	10.4000	767.0000
938	10.2375	767.0000
939	10.5625	767.0000
940	10.7250	766.0000
941	10.5625	765.0000
942	10.5625	764.0000
943	10.0750	763.0000
944	10.4000	762.0000
945	10.4000	762.0000
946	9.9125	763.0000
947	9.5875	764.0000
948	10.4000	766.0000
949	8.7750	767.0000
950	9.2625	767.0000
951	9.4250	767.0000
952	9.4250	766.0000
953	9.1000	765.0000
954	9.2625	760.0000
955	9.2625	763.0000
956	9.2625	762.0000
957	9.1000	763.0000
958	9.1000	763.0000
959	9.1000	763.0000
960	9.1000	765.0000
961	9.1000	765.0000
962	9.2625	766.0000
963	9.1000	767.0000
964	9.1000	766.0000
965	8.9375	765.0000
966	4.8750	765.0000
967	9.4250	764.0000
968	9.5875	763.0000
969	9.7500	763.0000
970	9.4250	763.0000
971	9.5875	763.0000
972	9.1000	764.0000
973	9.2625	764.0000
974	9.4250	765.0000
975	9.2625	765.0000
976	9.2625	766.0000
977	8.6125	765.0000
978	9.2625	764.0000
979	9.4250	764.0000
980	9.2625	765.0000
981	9.2625	763.0000
982	9.1000	763.0000
983	8.9375	764.0000
984	8.6125	764.0000
985	9.1000	764.0000
986	8.1250	764.0000
987	8.7750	765.0000
988	9.1000	765.0000
989	9.1000	764.0000
990	9.2625	764.0000
991	9.1000	764.0000
992	9.2625	762.0000
993	8.9375	762.0000
994	9.4250	762.0000
995	9.1000	763.0000
996	9.2625	764.0000
997	9.2625	765.0000
998	8.7750	766.0000
999	8.9375	766.0000
1000	8.9375	765.0000
1001	9.1000	765.0000
1002	8.7750	763.0000
1003	8.9375	763.0000
1004	9.1000	761.0000
1005	8.4500	761.0000
1006	9.1000	761.0000
1007	8.9375	763.0000
1008	8.9375	765.0000
1009	8.9375	764.0000
1010	8.6125	766.0000
1011	8.6125	766.0000
1012	8.7750	766.0000
1013	8.7750	765.0000
1014	8.7750	762.0000
1015	8.6125	762.0000
1016	8.1250	761.0000
1017	8.1250	761.0000
1018	7.9625	761.0000
1019	8.2875	763.0000
1020	8.1250	764.0000
1021	8.1250	765.0000
1022	8.1250	766.0000
1023	8.1250	766.0000
#18568
0	8.1250	762.0000
1	8.2875	764.0000
2	4.3875	766.0000
3	8.1250	766.0000
4	8.1250	767.0000
5	8.2875	766.0000
6	7.9625	765.0000
7	8.1250	763.0000
8	7.9625	761.0000
9	8.1250	760.0000
10	8.1250	760.0000
11	8.2875	760.0000
12	8.2875	761.0000
13	8.1250	763.0000
14	7.9625	765.0000
15	8.1250	766.0000
16	8.7750	767.0000
17	8.6125	767.0000
18	8.4500	765.0000
19	7.4750	764.0000
20	8.7750	761.0000
21	8.6125	760.0000
22	8.4500	760.0000
23	8.6125	760.0000
24	7.6375	761.0000
25	8.6125	763.0000
26	8.6125	765.0000
27	8.4500	766.0000
28	8.4500	766.0000
29	7.1500	766.0000
30	8.2875	765.0000
31	8.4500	762.0000
32	8.2875	760.0000
33	7.9625	760.0000
34	8.1250	759.0000
35	8.2875	760.0000
36	8.2875	762.0000
37	8.4500	764.0000
38	7.9625	765.0000
39	8.2875	766.0000
40	8.1250	767.0000
41	7.9625	765.0000
42	5.8500	763.0000
43	5.3625	761.0000
44	7.6375	760.0000
45	7.9625	759.0000
46	8.1250	760.0000
47	8.1250	762.0000
48	8.1250	763.0000
49	7.9625	765.0000
50	7.3125	766.0000
51	8.1250	766.0000
52	8.1250	766.0000
53	8.1250	764.0000
54	7.9625	763.0000
55	7.8000	761.0000
56	6.6625	760.0000
57	7.6375	759.0000
58	8.1250	760.0000
59	7.8000	761.0000
60	7.8000	762.0000
61	7.6375	765.0000
62	7.8000	766.0000
63	6.3375	766.0000
64	7.4750	766.0000
65	7.6375	764.0000
66	7.6375	762.0000
67	7.6375	760.0000
68	7.6375	760.0000
69	7.8000	759.0000
70	7.1500	760.0000
71	7.4750	761.0000
72	7.4750	762.0000
73	7.8000	764.0000
74	7.1500	765.0000
75	7.3125	766.0000
76	6.9875	766.0000
77	7.4750	766.0000
78	7.4750	764.0000
79	7.1500	762.0000
80	7.3125	760.0000
81	7.3125	760.0000
82	7.3125	759.0000
83	7.1500	759.0000
84	6.9875	760.0000
85	6.8250	761.0000
86	7.1500	763.0000
87	7.3125	764.0000
88	6.8250	766.0000
89	6.8250	766.0000
90	6.9875	766.0000
91	7.1500	764.0000
92	6.9875	763.0000
93	6.9875	762.0000
94	6.9875	757.0000
95	6.9875	757.0000
96	6.0125	758.0000
97	6.0125	760.0000
98	6.0125	762.0000
99	5.8500	764.0000
100	5.8500	767.0000
101	4.3875	767.0000
102	6.0125	767.0000
103	6.0125	766.0000
104	6.1750	763.0000
105	6.8250	760.0000
106	6.5000	758.0000
107	5.5250	756.0000
108	6.0125	756.0000
109	4.0625	758.0000
110	6.1750	761.0000
111	6.3375	764.0000
112	5.6875	766.0000
113	6.1750	768.0000
114	6.3375	768.0000
115	6.1750	767.0000
116	6.0125	763.0000
117	6.1750	760.0000
118	6.0125	755.0000
119	6.1750	755.0000
120	5.8500	755.0000
121	6.0125	758.0000
122	5.5250	760.0000
123	6.0125	764.0000
124	3.0875	766.0000
125	5.3625	768.0000
126	5.5250	767.0000
127	5.3625	767.0000
128	5.0375	764.0000
129	4.8750	760.0000
130	5.2000	757.0000
131	5.3625	755.0000
132	5.5250	756.0000
133	5.3625	757.0000
134	5.2000	760.0000
135	5.0375	763.0000
136	5.2000	765.0000
137	5.0375	767.0000
138	4.5500	767.0000
139	4.5500	766.0000
140	3.0875	764.0000
141	3.9000	761.0000
142	3.7375	758.0000
143	3.5750	756.0000
144	1.9500	757.0000
145	3.5750	758.0000
146	3.4125	760.0000
147	3.4125	763.0000
148	3.2500	765.0000
149	3.0875	766.0000
150	2.9250	767.0000
151	2.7625	766.0000
152	2.6000	764.0000
153	2.4375	761.0000
154	2.1125	759.0000
155	1.6250	758.0000
156	1.1375	758.0000
157	0.8125	759.0000
158	0.4875	760.0000
159	-0.1625	762.0000
160	-0.8125	764.0000
161	-1.1375	765.0000
162	-1.7875	764.0000
163	-2.6000	765.0000
164	-3.4125	763.0000
165	-4.0625	761.0000
166	-4.8750	761.0000
167	-5.2000	760.0000
168	-7.6375	759.0000
169	-6.5000	760.0000
170	-7.4750	761.0000
171	-8.4500	762.0000
172	-9.2625	763.0000
173	-10.2375	763.0000
174	-11.2125	763.0000
175	-12.8375	762.0000
176	-13.6500	761.0000
177	-15.7625	761.0000
178	-15.9250	760.0000
179	-16.9000	761.0000
180	-18.2000	761.0000
181	-19.8250	762.0000
182	-20.8000	762.0000
183	-22.5875	762.0000
184	-23.7250	762.0000
185	-24.7000	762.0000
186	-26.3250	761.0000
187	-27.6250	761.0000
188	-29.0875	761.0000
189	-30.7125	761.0000
190	-32.3375	761.0000
191	-34.4500	761.0000
192	-35.4250	762.0000
193	-36.8875	762.0000
194	-38.5125	763.0000
195	-40.1375	763.0000
196	-42.0875	762.0000
197	-43.2250	761.0000
198	-44.8500	761.0000
199	-47.1250	760.0000
200	-48.5875	758.0000
201	-50.3750	760.0000
202	-52.0000	761.0000
203	-53.6250	761.0000
204	-55.2500	762.0000
205	-57.2000	762.0000
206	-59.4750	762.0000
207	-60.9375	762.0000
208	-62.7250	761.0000
209	-64.3500	761.0000
210	-66.6250	761.0000
211	-68.0875	761.0000
212	-72.9625	762.0000
213	-72.1500	761.0000
214	-74.1000	761.0000
215	-75.8875	762.0000
216	-77.6750	761.0000
217	-79.6250	761.0000
218	-81.7375	763.0000
219	-83.2000	761.0000
220	-85.3125	761.0000
221	-87.4250	761.0000
222	-89.0500	761.0000
223	-91.9750	761.0000
224	-93.2750	757.0000
225	-95.2250	761.0000
226	-97.0125	762.0000
227	-99.1250	763.0000
228	-101.0750	761.0000
229	-103.0250	761.0000
230	-105.1375	761.0000
231	-106.9250	762.0000
232	-115.2125	761.0000
233	-110.9875	761.0000
234	-114.5625	761.0000
235	-117.0000	761.0000
236	-117.3250	761.0000
237	-119.2750	761.0000
238	-123.6625	761.0000
239	-125.2875	761.0000
240	-125.4500	761.0000
241	-127.4000	761.0000
242	-129.3500	761.0000
243	-131.1375	761.0000
244	-133.4125	760.0000
245	-135.5250	761.0000
246	-137.8000	760.0000
247	-139.9125	761.0000
248	-141.8625	761.0000
249	-144.1375	761.0000
250	-145.9250	761.0000
251	-149.6625	761.0000
252	-150.6375	761.0000
253	-153.0750	761.0000
254	-159.4125	762.0000
255	-156.6500	761.0000
256	-158.4375	762.0000
257	-160.5500	761.0000
258	-162.5000	761.0000
259	-164.1250	760.0000
260	-165.7500	761.0000
261	-167.0500	761.0000
262	-168.5125	760.0000
263	-169.9750	760.0000
264	-170.9500	761.0000
265	-171.4375	761.0000
266	-172.0875	761.0000
267	-172.5750	758.0000
268	-173.2250	761.0000
269	-173.2250	761.0000
270	-173.2250	761.0000
271	-173.8750	760.0000
272	-174.3625	761.0000
273	-173.2250	761.0000
274	-172.2500	761.0000
275	-172.2500	761.0000
276	-171.6000	761.0000
277	-171.2750	762.0000
278	-170.6250	761.0000
279	-171.7625	761.0000
280	-169.4875	761.0000
281	-168.6750	761.0000
282	-168.8375	760.0000
283	-167.3750	760.0000
284	-166.5625	761.0000
285	-165.7500	761.0000
286	-165.4250	761.0000
287	-163.8000	761.0000
288	-162.9875	761.0000
289	-161.8500	761.0000
290	-160.7125	761.0000
291	-160.0625	760.0000
292	-158.6000	760.0000
293	-157.4625	760.0000
294	-156.3250	760.0000
295	-155.0250	760.0000
296	-153.8875	761.0000
297	-153.0750	760.0000
298	-151.4500	761.0000
299	-150.3125	759.0000
300	-149.1750	760.0000
301	-147.8750	760.0000
302	-146.2500	760.0000
303	-144.7875	760.0000
304	-143.3250	760.0000
305	-142.0250	760.0000
306	-141.0500	760.0000
307	-140.0750	760.0000
308	-137.9625	760.0000
309	-136.3375	760.0000
310	-134.8750	760.0000
311	-133.7375	760.0000
312	-132.2750	761.0000
313	-130.6500	759.0000
314	-129.0250	760.0000
315	-127.4000	760.0000
316	-125.7750	760.0000
317	-124.3125	759.0000
318	-122.6875	760.0000
319	-121.0625	760.0000
320	-119.6000	760.0000
321	-118.1375	760.0000
322	-116.1875	760.0000
323	-114.5625	760.0000
324	-112.9375	759.0000
325	-111.3125	759.0000
326	-110.0125	759.0000
327	-108.0625	759.0000
328	-106.6000	759.0000
329	-104.6500	759.0000
330	-103.0250	760.0000
331	-101.4000	760.0000
332	-99.4500	760.0000
333	-97.8250	760.0000
334	-96.2000	760.0000
335	-94.5750	760.0000
336	-92.9500	760.0000
337	-91.0000	759.0000
338	-89.3750	759.0000
339	-87.7500	758.0000
340	-85.4750	758.0000
341	-84.0125	758.0000
342	-82.3875	759.0000
343	-80.6000	759.0000
344	-78.8125	760.0000
345	-77.0250	760.0000
346	-75.0750	761.0000
347	-73.2875	761.0000
348	-71.5000	760.0000
349	-69.8750	759.0000
350	-67.9250	757.0000
351	-66.4625	757.0000
352	-64.5125	757.0000
353	-62.8875	757.0000
354	-61.1000	758.0000
355	-59.1500	759.0000
356	-57.5250	760.0000
357	-55.4125	761.0000
358	-54.2750	762.0000
359	-51.8375	760.0000
360	-50.3750	760.0000
361	-48.9125	758.0000
362	-48.1000	757.0000
363	-45.5000	755.0000
364	-43.0625	755.0000
365	-42.0875	756.0000
366	-39.9750	758.0000
367	-38.6750	759.0000
368	-36.7250	761.0000
369	-36.7250	762.0000
370	-34.2875	762.0000
371	-32.6625	761.0000
372	-31.6875	759.0000
373	-30.2250	757.0000
374	-28.7625	756.0000
375	-28.6000	755.0000
376	-27.3000	755.0000
377	-26.6500	756.0000
378	-26.1625	758.0000
379	-32.0125	760.0000
380	-25.3500	761.0000
381	-25.3500	762.0000
382	-25.1875	762.0000
383	-24.7000	761.0000
384	-24.8625	759.0000
385	-24.5375	757.0000
386	-24.2125	756.0000
387	-24.2125	755.0000
388	-24.0500	755.0000
389	-23.8875	756.0000
390	-24.2125	758.0000
391	-24.0500	759.0000
392	-23.7250	761.0000
393	-23.4000	760.0000
394	-23.5625	760.0000
395	-24.0500	759.0000
396	-23.5625	758.0000
397	-23.5625	757.0000
398	-23.7250	756.0000
399	-23.4000	756.0000
400	-23.4000	757.0000
401	-23.0750	758.0000
402	-23.2375	759.0000
403	-23.0750	759.0000
404	-22.9125	759.0000
405	-22.9125	760.0000
406	-23.2375	759.0000
407	-23.0750	758.0000
408	-22.7500	757.0000
409	-22.7500	756.0000
410	-22.5875	756.0000
411	-22.9125	756.0000
412	-23.0750	758.0000
413	-24.2125	759.0000
414	-22.9125	760.0000
415	-22.7500	761.0000
416	-22.4250	760.0000
417	-22.5875	759.0000
418	-23.0750	758.0000
419	-22.7500	756.0000
420	-22.9125	756.0000
421	-22.2625	755.0000
422	-22.5875	755.0000
423	-22.5875	758.0000
424	-22.7500	759.0000
425	-22.7500	759.0000
426	-22.7500	759.0000
427	-22.4250	759.0000
428	-22.2625	758.0000
429	-22.4250	758.0000
430	-22.1000	758.0000
431	-21.9375	757.0000
432	-21.7750	758.0000
433	-22.1000	758.0000
434	-22.1000	758.0000
435	-21.9375	758.0000
436	-21.9375	758.0000
437	-21.9375	759.0000
438	-21.9375	758.0000
439	-21.9375	758.0000
440	-21.9375	757.0000
441	-21.9375	757.0000
442	-21.6125	757.0000
443	-21.4500	757.0000
444	-21.6125	757.0000
445	-21.6125	758.0000
446	-23.7250	759.0000
447	-21.9375	759.0000
448	-21.9375	759.0000
449	-21.6125	758.0000
450	-22.1000	757.0000
451	-21.6125	756.0000
452	-21.6125	757.0000
453	-21.4500	757.0000
454	-22.1000	757.0000
455	-21.2875	757.0000
456	-21.2875	757.0000
457	-21.2875	758.0000
458	-21.2875	758.0000
459	-21.2875	760.0000
460	-21.4500	759.0000
461	-21.6125	758.0000
462	-21.6125	757.0000
463	-21.2875	757.0000
464	-20.9625	756.0000
465	-21.1250	756.0000
466	-21.4500	756.0000
467	-21.4500	757.0000
468	-21.1250	758.0000
469	-20.9625	759.0000
470	-21.7750	759.0000
471	-20.8000	759.0000
472	-20.8000	758.0000
473	-20.9625	757.0000
474	-21.9375	756.0000
475	-21.1250	756.0000
476	-21.1250	756.0000
477	-21.7750	756.0000
478	-21.6125	757.0000
479	-21.6125	757.0000
480	-20.6375	758.0000
481	-20.9625	758.0000
482	-20.4750	758.0000
483	-20.6375	759.0000
484	-20.8000	758.0000
485	-20.9625	757.0000
486	-21.6125	757.0000
487	-21.4500	756.0000
488	-21.6125	755.0000
489	-21.4500	756.0000
490	-24.0500	756.0000
491	-21.6125	757.0000
492	-21.2875	758.0000
493	-21.2875	758.0000
494	-21.1250	758.0000
495	-21.2875	759.0000
496	-21.1250	758.0000
497	-20.6375	757.0000
498	-20.8000	756.0000
499	-20.6375	755.0000
500	-20.8000	755.0000
501	-20.8000	756.0000
502	-21.1250	756.0000
503	-20.9625	758.0000
504	-20.8000	758.0000
505	-21.2875	758.0000
506	-20.6375	758.0000
507	-20.6375	757.0000
508	-20.6375	757.0000
509	-20.8000	756.0000
510	-20.9625	756.0000
511	-20.4750	755.0000
512	-20.4750	755.0000
513	-20.4750	755.0000
514	-20.4750	756.0000
515	-20.4750	758.0000
516	-20.8000	757.0000
517	-20.4750	758.0000
518	-20.3125	758.0000
519	-20.3125	758.0000
520	-20.4750	757.0000
521	-20.3125	756.0000
522	-20.1500	756.0000
523	-20.4750	755.0000
524	-20.8000	755.0000
525	-20.6375	755.0000
526	-20.6375	755.0000
527	-20.4750	756.0000
528	-20.1500	757.0000
529	-20.8000	757.0000
530	-20.3125	758.0000
531	-19.8250	758.0000
532	-19.9875	757.0000
533	-20.1500	756.0000
534	-20.3125	756.0000
535	-20.1500	755.0000
536	-20.1500	755.0000
537	-20.4750	755.0000
538	-20.1500	755.0000
539	-20.3125	756.0000
540	-20.6375	757.0000
541	-20.1500	757.0000
542	-20.3125	757.0000
543	-20.1500	757.0000
544	-20.4750	757.0000
545	-19.9875	757.0000
546	-19.9875	755.0000
547	-20.3125	755.0000
548	-20.3125	755.0000
549	-19.9875	756.0000
550	-20.1500	755.0000
551	-20.4750	756.0000
552	-20.1500	758.0000
553	-19.9875	756.0000
554	-19.9875	756.0000
555	-20.1500	756.0000
556	-28.1125	756.0000
557	-20.4750	756.0000
558	-19.8250	755.0000
559	-19.6625	756.0000
560	-19.5000	756.0000
561	-19.6625	756.0000
562	-19.6625	756.0000
563	-19.6625	756.0000
564	-19.6625	756.0000
565	-19.5000	756.0000
566	-19.6625	755.0000
567	-19.5000	755.0000
568	-19.6625	755.0000
569	-19.6625	756.0000
570	-20.3125	756.0000
571	-19.5000	756.0000
572	-19.6625	756.0000
573	-19.6625	756.0000
574	-19.5000	756.0000
575	-19.5000	756.0000
576	-19.8250	755.0000
577	-19.8250	755.0000
578	-19.3375	755.0000
579	-19.5000	755.0000
580	-19.5000	755.0000
581	-19.6625	756.0000
582	-20.6375	757.0000
583	-19.6625	757.0000
584	-19.3375	759.0000
585	-20.6375	757.0000
586	-19.3375	756.0000
587	-19.1750	755.0000
588	-19.0125	754.0000
589	-19.1750	753.0000
590	-19.5000	753.0000
591	-19.1750	754.0000
592	-19.1750	755.0000
593	-19.1750	755.0000
594	-19.3375	757.0000
595	-19.0125	758.0000
596	-19.1750	758.0000
597	-19.9875	757.0000
598	-19.5000	756.0000
599	-19.9875	754.0000
600	-18.8500	753.0000
601	-24.2125	752.0000
602	-18.8500	752.0000
603	-18.6875	753.0000
604	-18.6875	754.0000
605	-19.0125	756.0000
606	-18.6875	757.0000
607	-18.8500	758.0000
608	-18.6875	758.0000
609	-18.5250	758.0000
610	-18.5250	757.0000
611	-19.1750	755.0000
612	-20.6375	753.0000
613	-19.1750	752.0000
614	-18.3625	752.0000
615	-18.3625	752.0000
616	-18.5250	754.0000
617	-18.3625	754.0000
618	-18.5250	756.0000
619	-18.2000	757.0000
620	-21.6125	758.0000
621	-18.2000	758.0000
622	-18.2000	757.0000
623	-17.8750	756.0000
624	-18.2000	754.0000
625	-17.8750	752.0000
626	-17.8750	752.0000
627	-17.7125	752.0000
628	-19.1750	753.0000
629	-17.7125	755.0000
630	-17.7125	757.0000
631	-17.7125	757.0000
632	-17.3875	757.0000
633	-17.5500	757.0000
634	-17.3875	755.0000
635	-17.3875	755.0000
636	-17.7125	754.0000
637	-17.3875	753.0000
638	-17.2250	752.0000
639	-17.2250	755.0000
640	-18.5250	753.0000
641	-17.7125	755.0000
642	-17.0625	756.0000
643	-16.9000	756.0000
644	-17.5500	756.0000
645	-17.7125	756.0000
646	-17.2250	756.0000
647	-16.9000	755.0000
648	-17.3875	754.0000
649	-16.2500	753.0000
650	-16.4125	753.0000
651	-16.2500	752.0000
652	-16.4125	754.0000
653	-16.5750	755.0000
654	-16.4125	756.0000
655	-16.2500	756.0000
656	-16.5750	756.0000
657	-16.2500	756.0000
658	-15.6000	755.0000
659	-15.6000	754.0000
660	-15.6000	753.0000
661	-15.6000	752.0000
662	-15.4375	752.0000
663	-15.2750	753.0000
664	-15.1125	754.0000
665	-14.7875	754.0000
666	-14.3000	755.0000
667	-14.3000	756.0000
668	-14.1375	756.0000
669	-13.3250	756.0000
670	-12.8375	756.0000
671	-12.1875	755.0000
672	-11.8625	753.0000
673	-11.0500	752.0000
674	-10.7250	752.0000
675	-10.2375	751.0000
676	-9.5875	752.0000
677	-8.6125	754.0000
678	-7.9625	755.0000
679	-7.1500	756.0000
680	-6.5000	756.0000
681	-5.8500	757.0000
682	-5.0375	755.0000
683	-3.9000	753.0000
684	-3.2500	752.0000
685	-1.9500	751.0000
686	-1.4625	751.0000
687	-0.4875	752.0000
688	1.1375	753.0000
689	2.1125	754.0000
690	3.2500	755.0000
691	4.3875	756.0000
692	5.0375	756.0000
693	7.1500	756.0000
694	8.2875	754.0000
695	9.5875	753.0000
696	7.9625	752.0000
697	12.0250	751.0000
698	13.3250	751.0000
699	14.6250	752.0000
700	16.7375	754.0000
701	17.8750	755.0000
702	19.6625	756.0000
703	21.2875	756.0000
704	22.7500	755.0000
705	23.8875	754.0000
706	25.6750	752.0000
707	27.3000	752.0000
708	29.0875	751.0000
709	30.0625	751.0000
710	31.6875	752.0000
711	33.1500	753.0000
712	32.1750	755.0000
713	36.7250	757.0000
714	38.8375	757.0000
715	40.6250	756.0000
716	42.4125	755.0000
717	44.2000	753.0000
718	45.6625	752.0000
719	47.6125	750.0000
720	50.0500	750.0000
721	51.6750	751.0000
722	53.6250	752.0000
723	55.7375	754.0000
724	56.3875	752.0000
725	58.9875	757.0000
726	61.4250	758.0000
727	63.5375	756.0000
728	65.3250	755.0000
729	67.2750	753.0000
730	68.9000	751.0000
731	66.7875	750.0000
732	72.9625	750.0000
733	74.2625	752.0000
734	77.1875	753.0000
735	78.9750	755.0000
736	81.0875	756.0000
737	83.2000	757.0000
738	85.4750	757.0000
739	87.5875	756.0000
740	89.7000	754.0000
741	91.4875	752.0000
742	93.2750	751.0000
743	95.3875	751.0000
744	97.3375	751.0000
745	99.4500	752.0000
746	101.0750	753.0000
747	103.3500	755.0000
748	105.7875	756.0000
749	107.7375	758.0000
750	109.8500	756.0000
751	111.4750	758.0000
752	113.4250	754.0000
753	116.1875	752.0000
754	117.6500	751.0000
755	120.2500	751.0000
756	122.2000	751.0000
757	124.6375	752.0000
758	126.5875	754.0000
759	128.8625	755.0000
760	130.8125	756.0000
761	132.2750	757.0000
762	135.0375	757.0000
763	137.1500	756.0000
764	139.1000	755.0000
765	141.2125	753.0000
766	143.4875	752.0000
767	145.2750	752.0000
768	147.0625	752.0000
769	149.8250	753.0000
770	151.6125	754.0000
771	153.8875	754.0000
772	154.7000	755.0000
773	156.6500	756.0000
774	158.1125	756.0000
775	159.4125	755.0000
776	160.2250	755.0000
777	161.2000	754.0000
778	161.3625	754.0000
779	154.5375	753.0000
780	162.1750	753.0000
781	162.1750	753.0000
782	162.3375	755.0000
783	162.3375	755.0000
784	162.1750	755.0000
785	162.1750	755.0000
786	162.1750	755.0000
787	161.8500	755.0000
788	155.6750	754.0000
789	161.0375	754.0000
790	160.3875	754.0000
791	160.0625	753.0000
792	158.9250	754.0000
793	158.9250	754.0000
794	158.1125	754.0000
795	157.1375	754.0000
796	156.3250	754.0000
797	155.5125	755.0000
798	154.7000	755.0000
799	153.8875	754.0000
800	152.1000	754.0000
801	151.7750	755.0000
802	150.6375	753.0000
803	149.6625	753.0000
804	148.3625	753.0000
805	147.2250	754.0000
806	146.2500	754.0000
807	144.3000	754.0000
808	143.4875	754.0000
809	142.8375	756.0000
810	141.2125	754.0000
811	139.7500	754.0000
812	138.6125	753.0000
813	137.4750	754.0000
814	136.0125	753.0000
815	134.3875	753.0000
816	132.7625	753.0000
817	131.6250	753.0000
818	129.6750	753.0000
819	128.8625	753.0000
820	127.5625	753.0000
821	126.1000	754.0000
822	124.4750	755.0000
823	123.1750	754.0000
824	121.5500	754.0000
825	119.7625	753.0000
826	118.6250	752.0000
827	117.1625	752.0000
828	115.3750	751.0000
829	113.2625	751.0000
830	111.9625	752.0000
831	110.6625	752.0000
832	109.0375	753.0000
833	107.4125	754.0000
834	105.7875	755.0000
835	103.1875	753.0000
836	101.5625	753.0000
837	99.9375	752.0000
838	98.1500	752.0000
839	96.3625	751.0000
840	94.7375	751.0000
841	93.4375	751.0000
842	91.3250	752.0000
843	89.7000	752.0000
844	88.0750	753.0000
845	86.2875	753.0000
846	84.5000	753.0000
847	82.8750	753.0000
848	81.0875	752.0000
849	79.3000	751.0000
850	77.5125	751.0000
851	75.8875	750.0000
852	73.9375	751.0000
853	72.6375	751.0000
854	70.2000	752.0000
855	68.9000	753.0000
856	67.2750	753.0000
857	65.6500	752.0000
858	63.3750	752.0000
859	61.4250	752.0000
860	60.1250	751.0000
861	58.1750	750.0000
862	56.3875	750.0000
863	53.9500	750.0000
864	52.6500	751.0000
865	51.0250	751.0000
866	48.9125	752.0000
867	47.4500	752.0000
868	44.8500	752.0000
869	43.7125	752.0000
870	41.7625	751.0000
871	40.4625	751.0000
872	38.3500	747.0000
873	36.5625	750.0000
874	34.7750	750.0000
875	32.8250	748.0000
876	31.5250	751.0000
877	29.5750	751.0000
878	27.7875	752.0000
879	19.0125	752.0000
880	25.0250	752.0000
881	23.4000	751.0000
882	21.7750	749.0000
883	20.4750	749.0000
884	19.1750	749.0000
885	17.7125	748.0000
886	16.7375	752.0000
887	15.9250	750.0000
888	15.1125	751.0000
889	14.6250	751.0000
890	14.4625	751.0000
891	13.6500	751.0000
892	13.9750	751.0000
893	7.9625	752.0000
894	13.0000	749.0000
895	13.1625	749.0000
896	12.8375	748.0000
897	12.6750	749.0000
898	13.0000	750.0000
899	12.3500	750.0000
900	12.6750	751.0000
901	12.3500	751.0000
902	12.3500	751.0000
903	12.3500	751.0000
904	12.1875	750.0000
905	12.0250	749.0000
906	12.0250	748.0000
907	11.8625	748.0000
908	11.8625	748.0000
909	11.7000	748.0000
910	11.7000	750.0000
911	11.5375	750.0000
912	11.7000	751.0000
913	11.7000	752.0000
914	11.7000	752.0000
915	11.7000	751.0000
916	11.5375	751.0000
917	11.3750	749.0000
918	11.0500	748.0000
919	10.8875	747.0000
920	11.3750	747.0000
921	11.0500	748.0000
922	11.2125	748.0000
923	11.2125	750.0000
924	10.5625	751.0000
925	11.2125	752.0000
926	11.2125	752.0000
927	11.0500	751.0000
928	11.0500	750.0000
929	10.2375	748.0000
930	10.2375	747.0000
931	10.2375	747.0000
932	10.0750	748.0000
933	10.2375	748.0000
934	9.9125	749.0000
935	9.9125	750.0000
936	9.7500	751.0000
937	9.7500	751.0000
938	9.7500	751.0000
939	9.5875	750.0000
940	9.9125	749.0000
941	9.7500	749.0000
942	10.2375	748.0000
943	10.4000	747.0000
944	10.4000	747.0000
945	10.2375	748.0000
946	9.7500	749.0000
947	10.2375	750.0000
948	9.9125	750.0000
949	9.5875	750.0000
950	9.9125	750.0000
951	9.9125	749.0000
952	9.9125	749.0000
953	9.5875	748.0000
954	9.9125	748.0000
955	10.0750	747.0000
956	9.9125	749.0000
957	9.9125	749.0000
958	9.7500	750.0000
959	10.0750	750.0000
960	9.7500	749.0000
961	9.5875	749.0000
962	9.9125	749.0000
963	9.9125	748.0000
964	9.7500	748.0000
965	9.7500	748.0000
966	9.7500	749.0000
967	9.5875	749.0000
968	9.5875	749.0000
969	9.7500	750.0000
970	9.5875	750.0000
971	9.2625	749.0000
972	9.5875	749.0000
973	9.5875	748.0000
974	9.1000	748.0000
975	9.1000	747.0000
976	9.5875	748.0000
977	9.5875	748.0000
978	9.4250	749.0000
979	9.4250	749.0000
980	9.4250	750.0000
981	8.9375	750.0000
982	8.7750	749.0000
983	9.1000	748.0000
984	9.2625	748.0000
985	9.4250	748.0000
986	9.2625	747.0000
987	9.4250	747.0000
988	9.4250	748.0000
989	9.1000	748.0000
990	8.4500	749.0000
991	9.4250	748.0000
992	8.9375	747.0000
993	8.7750	748.0000
994	9.1000	748.0000
995	8.7750	748.0000
996	9.1000	748.0000
997	8.9375	748.0000
998	9.1000	748.0000
999	8.9375	749.0000
1000	8.9375	748.0000
1001	8.7750	749.0000
1002	7.4750	748.0000
1003	8.4500	747.0000
1004	8.2875	747.0000
1005	8.7750	746.0000
1006	8.7750	746.0000
1007	8.4500	746.0000
1008	8.7750	748.0000
1009	8.7750	749.0000
1010	8.4500	749.0000
1011	9.1000	750.0000
1012	8.9375	750.0000
1013	8.9375	749.0000
1014	8.9375	748.0000
1015	8.9375	746.0000
1016	8.7750	745.0000
1017	9.1000	745.0000
1018	8.9375	745.0000
1019	9.1000	746.0000
1020	9.1000	748.0000
1021	8.9375	750.0000
1022	9.1000	751.0000
1023	9.1000	751.0000
#18568
0	8.7750	747.0000
1	8.2875	750.0000
2	1.7875	752.0000
3	8.2875	753.0000
4	8.1250	752.0000
5	8.2875	751.0000
6	7.9625	748.0000
7	8.1250	744.0000
8	8.2875	743.0000
9	8.2875	741.0000
10	8.1250	743.0000
11	8.2875	745.0000
12	8.2875	747.0000
13	8.2875	750.0000
14	4.5500	751.0000
15	8.1250	752.0000
16	8.2875	751.0000
17	8.2875	750.0000
18	8.2875	748.0000
19	8.1250	745.0000
20	8.1250	743.0000
21	8.1250	743.0000
22	8.1250	743.0000
23	8.2875	744.0000
24	8.1250	746.0000
25	8.1250	747.0000
26	7.9625	749.0000
27	7.8000	748.0000
28	7.9625	750.0000
29	7.9625	749.0000
30	7.9625	748.0000
31	7.9625	746.0000
32	7.9625	745.0000
33	8.1250	745.0000
34	7.9625	744.0000
35	7.9625	745.0000
36	7.9625	745.0000
37	8.1250	745.0000
38	7.8000	746.0000
39	7.9625	747.0000
40	7.9625	748.0000
41	7.9625	748.0000
42	7.9625	747.0000
43	7.9625	748.0000
44	8.1250	747.0000
45	8.2875	746.0000
46	8.2875	745.0000
47	8.2875	744.0000
48	7.9625	744.0000
49	8.2875	745.0000
50	8.1250	745.0000
51	8.1250	747.0000
52	8.4500	747.0000
53	8.2875	748.0000
54	5.8500	748.0000
55	7.9625	748.0000
56	8.1250	747.0000
57	7.9625	746.0000
58	7.9625	745.0000
59	6.3375	744.0000
60	7.6375	743.0000
61	8.1250	743.0000
62	7.8000	745.0000
63	7.8000	746.0000
64	6.3375	748.0000
65	8.1250	749.0000
66	7.9625	749.0000
67	7.8000	749.0000
68	7.8000	748.0000
69	7.6375	747.0000
70	7.4750	745.0000
71	8.1250	743.0000
72	7.8000	742.0000
73	7.3125	742.0000
74	7.6375	743.0000
75	7.1500	744.0000
76	7.8000	746.0000
77	7.8000	747.0000
78	7.3125	749.0000
79	7.3125	750.0000
80	7.6375	750.0000
81	7.4750	749.0000
82	6.1750	746.0000
83	7.3125	742.0000
84	7.1500	741.0000
85	7.3125	739.0000
86	7.1500	739.0000
87	7.4750	742.0000
88	7.4750	744.0000
89	7.4750	747.0000
90	7.3125	749.0000
91	7.3125	751.0000
92	6.6625	751.0000
93	7.3125	750.0000
94	7.1500	749.0000
95	7.1500	747.0000
96	6.9875	743.0000
97	6.8250	741.0000
98	6.9875	739.0000
99	7.3125	739.0000
100	7.1500	741.0000
101	6.9875	743.0000
102	7.1500	746.0000
103	6.8250	747.0000
104	6.8250	748.0000
105	6.6625	746.0000
106	6.6625	745.0000
107	6.3375	743.0000
108	6.8250	741.0000
109	6.1750	741.0000
110	6.5000	743.0000
111	6.5000	742.0000
112	6.3375	744.0000
113	6.3375	745.0000
114	6.3375	745.0000
115	6.1750	744.0000
116	6.5000	743.0000
117	6.3375	743.0000
118	6.3375	742.0000
119	5.5250	742.0000
120	5.3625	742.0000
121	5.2000	742.0000
122	5.0375	742.0000
123	5.2000	744.0000
124	5.2000	744.0000
125	4.2250	744.0000
126	3.9000	743.0000
127	4.5500	744.0000
128	4.3875	742.0000
129	4.5500	741.0000
130	4.8750	740.0000
131	4.7125	739.0000
132	4.5500	741.0000
133	4.7125	742.0000
134	5.2000	744.0000
135	5.0375	746.0000
136	4.5500	746.0000
137	4.2250	745.0000
138	4.7125	744.0000
139	4.8750	743.0000
140	4.8750	743.0000
141	4.3875	741.0000
142	0.8125	740.0000
143	4.3875	740.0000
144	4.2250	740.0000
145	4.2250	741.0000
146	3.5750	742.0000
147	3.9000	741.0000
148	3.5750	741.0000
149	3.4125	740.0000
150	3.2500	740.0000
151	3.5750	739.0000
152	3.4125	737.0000
153	2.9250	738.0000
154	2.4375	738.0000
155	2.4375	740.0000
156	1.7875	742.0000
157	1.7875	744.0000
158	0.9750	744.0000
159	0.3250	743.0000
160	-0.4875	742.0000
161	-0.6500	740.0000
162	-1.6250	738.0000
163	-2.6000	737.0000
164	-3.2500	736.0000
165	-4.2250	738.0000
166	-4.0625	739.0000
167	-4.8750	741.0000
168	-5.6875	743.0000
169	-6.5000	744.0000
170	-7.3125	744.0000
171	-8.4500	743.0000
172	-9.2625	741.0000
173	-10.2375	739.0000
174	-11.0500	736.0000
175	-12.3500	735.0000
176	-13.4875	734.0000
177	-14.6250	735.0000
178	-15.9250	737.0000
179	-20.1500	740.0000
180	-17.8750	743.0000
181	-19.3375	744.0000
182	-20.6375	745.0000
183	-22.2625	743.0000
184	-23.5625	740.0000
185	-25.1875	738.0000
186	-26.6500	735.0000
187	-27.7875	733.0000
188	-29.0875	733.0000
189	-30.7125	736.0000
190	-32.3375	739.0000
191	-33.9625	742.0000
192	-35.2625	745.0000
193	-37.2125	746.0000
194	-38.5125	745.0000
195	-40.1375	743.0000
196	-41.7625	742.0000
197	-44.0375	740.0000
198	-45.3375	737.0000
199	-47.6125	736.0000
200	-48.5875	735.0000
201	-50.2125	736.0000
202	-52.0000	737.0000
203	-53.6250	740.0000
204	-55.2500	741.0000
205	-57.3625	741.0000
206	-59.1500	742.0000
207	-60.6125	741.0000
208	-62.7250	740.0000
209	-64.5125	738.0000
210	-66.4625	737.0000
211	-68.5750	737.0000
212	-70.2000	738.0000
213	-72.1500	739.0000
214	-77.1875	742.0000
215	-75.8875	743.0000
216	-78.0000	743.0000
217	-79.6250	743.0000
218	-81.5750	741.0000
219	-83.3625	738.0000
220	-85.4750	737.0000
221	-87.4250	736.0000
222	-90.6750	737.0000
223	-91.3250	738.0000
224	-93.4375	740.0000
225	-95.2250	742.0000
226	-100.7500	743.0000
227	-102.8625	744.0000
228	-102.0500	743.0000
229	-104.0000	742.0000
230	-106.1125	740.0000
231	-107.9000	738.0000
232	-109.6875	736.0000
233	-112.4500	735.0000
234	-113.9125	737.0000
235	-116.0250	737.0000
236	-121.0625	739.0000
237	-119.9250	741.0000
238	-122.0375	742.0000
239	-123.9875	742.0000
240	-125.7750	742.0000
241	-127.4000	741.0000
242	-129.3500	739.0000
243	-131.4625	738.0000
244	-133.5750	737.0000
245	-135.8500	737.0000
246	-138.2875	738.0000
247	-139.9125	739.0000
248	-141.8625	741.0000
249	-143.6500	742.0000
250	-145.9250	743.0000
251	-148.2000	742.0000
252	-150.3125	741.0000
253	-152.1000	738.0000
254	-154.3750	737.0000
255	-157.7875	736.0000
256	-158.6000	736.0000
257	-160.3875	736.0000
258	-162.3375	737.0000
259	-164.1250	739.0000
260	-165.5875	741.0000
261	-167.0500	743.0000
262	-168.3500	743.0000
263	-169.8125	743.0000
264	-172.5750	742.0000
265	-170.7875	738.0000
266	-174.5250	737.0000
267	-171.9250	736.0000
268	-172.0875	736.0000
269	-172.4125	737.0000
270	-172.4125	737.0000
271	-173.0625	739.0000
272	-175.3375	741.0000
273	-172.2500	742.0000
274	-172.0875	742.0000
275	-171.9250	742.0000
276	-171.4375	740.0000
277	-170.7875	739.0000
278	-170.3000	737.0000
279	-169.9750	738.0000
280	-169.1625	735.0000
281	-168.5125	737.0000
282	-167.8625	738.0000
283	-167.0500	739.0000
284	-166.2375	740.0000
285	-165.4250	740.0000
286	-164.6125	740.0000
287	-163.9625	740.0000
288	-162.8250	738.0000
289	-161.5250	738.0000
290	-160.7125	736.0000
291	-159.9000	736.0000
292	-161.6875	736.0000
293	-158.1125	736.0000
294	-156.1625	738.0000
295	-155.0250	739.0000
296	-153.5625	740.0000
297	-152.4250	741.0000
298	-151.6125	741.0000
299	-150.4750	739.0000
300	-149.1750	738.0000
301	-147.3875	737.0000
302	-146.5750	735.0000
303	-145.1125	735.0000
304	-143.8125	734.0000
305	-142.1875	735.0000
306	-140.7250	736.0000
307	-139.1000	738.0000
308	-137.6375	740.0000
309	-136.3375	740.0000
310	-134.8750	741.0000
311	-133.4125	740.0000
312	-131.9500	738.0000
313	-130.4875	736.0000
314	-129.0250	735.0000
315	-127.4000	734.0000
316	-125.9375	734.0000
317	-124.3125	735.0000
318	-122.6875	737.0000
319	-121.2250	739.0000
320	-119.7625	740.0000
321	-117.6500	740.0000
322	-116.3500	740.0000
323	-114.5625	739.0000
324	-113.1000	737.0000
325	-111.3125	735.0000
326	-109.6875	735.0000
327	-108.5500	734.0000
328	-106.2750	734.0000
329	-104.6500	735.0000
330	-103.0250	736.0000
331	-101.2375	737.0000
332	-99.4500	739.0000
333	-97.9875	740.0000
334	-95.8750	740.0000
335	-94.2500	739.0000
336	-92.6250	737.0000
337	-91.4875	735.0000
338	-89.8625	734.0000
339	-88.0750	732.0000
340	-86.2875	732.0000
341	-84.5000	733.0000
342	-83.0375	736.0000
343	-81.2500	737.0000
344	-79.4625	739.0000
345	-77.8375	739.0000
346	-75.8875	739.0000
347	-74.2625	738.0000
348	-72.3125	736.0000
349	-70.5250	734.0000
350	-68.5750	734.0000
351	-66.9500	733.0000
352	-65.1625	733.0000
353	-63.3750	733.0000
354	-61.7500	735.0000
355	-59.8000	736.0000
356	-57.8500	737.0000
357	-55.7375	737.0000
358	-54.1125	737.0000
359	-52.3250	736.0000
360	-50.3750	736.0000
361	-48.7500	735.0000
362	-46.9625	735.0000
363	-45.1750	734.0000
364	-43.3875	733.0000
365	-41.7625	734.0000
366	-39.8125	734.0000
367	-38.3500	735.0000
368	-36.8875	736.0000
369	-35.2625	737.0000
370	-34.1250	737.0000
371	-32.8250	737.0000
372	-31.2000	736.0000
373	-30.0625	735.0000
374	-28.7625	734.0000
375	-27.7875	732.0000
376	-27.1375	732.0000
377	-26.6500	731.0000
378	-26.3250	732.0000
379	-25.8375	733.0000
380	-25.5125	735.0000
381	-25.3500	737.0000
382	-25.0250	739.0000
383	-25.1875	739.0000
384	-24.8625	739.0000
385	-24.3750	737.0000
386	-24.5375	735.0000
387	-24.2125	732.0000
388	-24.2125	731.0000
389	-24.0500	730.0000
390	-23.8875	730.0000
391	-23.7250	732.0000
392	-23.5625	734.0000
393	-23.8875	736.0000
394	-23.8875	737.0000
395	-23.4000	738.0000
396	-23.4000	739.0000
397	-23.2375	738.0000
398	-23.2375	736.0000
399	-23.5625	734.0000
400	-23.4000	731.0000
401	-23.2375	731.0000
402	-23.2375	730.0000
403	-25.1875	731.0000
404	-23.0750	732.0000
405	-23.0750	733.0000
406	-24.3750	735.0000
407	-23.8875	736.0000
408	-23.2375	737.0000
409	-23.4000	738.0000
410	-23.0750	737.0000
411	-22.9125	735.0000
412	-22.9125	733.0000
413	-22.7500	731.0000
414	-22.9125	730.0000
415	-22.7500	730.0000
416	-23.0750	730.0000
417	-22.7500	732.0000
418	-23.7250	734.0000
419	-23.2375	736.0000
420	-23.2375	737.0000
421	-27.1375	737.0000
422	-23.2375	737.0000
423	-23.2375	735.0000
424	-23.0750	733.0000
425	-23.0750	731.0000
426	-22.9125	730.0000
427	-23.2375	729.0000
428	-22.7500	730.0000
429	-22.7500	732.0000
430	-22.7500	734.0000
431	-22.7500	736.0000
432	-22.7500	737.0000
433	-22.7500	737.0000
434	-22.7500	737.0000
435	-22.5875	735.0000
436	-22.1000	733.0000
437	-21.7750	731.0000
438	-21.6125	728.0000
439	-21.7750	728.0000
440	-22.1000	729.0000
441	-21.7750	731.0000
442	-21.7750	733.0000
443	-21.4500	735.0000
444	-21.9375	737.0000
445	-21.6125	738.0000
446	-21.7750	737.0000
447	-21.7750	736.0000
448	-21.7750	733.0000
449	-21.4500	731.0000
450	-21.4500	728.0000
451	-21.6125	728.0000
452	-21.4500	727.0000
453	-21.6125	728.0000
454	-21.7750	731.0000
455	-21.6125	734.0000
456	-21.4500	732.0000
457	-20.9625	738.0000
458	-21.4500	739.0000
459	-21.4500	738.0000
460	-21.2875	735.0000
461	-21.4500	732.0000
462	-21.1250	727.0000
463	-20.9625	725.0000
464	-21.1250	724.0000
465	-21.2875	726.0000
466	-20.9625	729.0000
467	-20.9625	734.0000
468	-20.8000	738.0000
469	-21.1250	739.0000
470	-20.9625	740.0000
471	-20.8000	739.0000
472	-20.8000	735.0000
473	-20.8000	731.0000
474	-20.8000	727.0000
475	-21.1250	724.0000
476	-21.4500	724.0000
477	-20.8000	726.0000
478	-20.9625	729.0000
479	-20.9625	734.0000
480	-20.8000	738.0000
481	-20.4750	741.0000
482	-20.8000	742.0000
483	-20.4750	739.0000
484	-20.6375	735.0000
485	-20.4750	731.0000
486	-20.8000	726.0000
487	-20.6375	723.0000
488	-20.6375	723.0000
489	-20.8000	725.0000
490	-20.8000	730.0000
491	-20.6375	733.0000
492	-20.4750	738.0000
493	-20.4750	741.0000
494	-20.6375	742.0000
495	-20.4750	739.0000
496	-20.3125	735.0000
497	-20.3125	730.0000
498	-20.4750	728.0000
499	-20.4750	722.0000
500	-20.3125	723.0000
501	-20.4750	725.0000
502	-20.4750	730.0000
503	-20.6375	734.0000
504	-20.8000	738.0000
505	-20.4750	740.0000
506	-20.3125	741.0000
507	-20.1500	739.0000
508	-20.3125	734.0000
509	-20.4750	729.0000
510	-20.4750	725.0000
511	-20.1500	723.0000
512	-20.1500	723.0000
513	-20.3125	725.0000
514	-25.8375	728.0000
515	-20.3125	734.0000
516	-20.3125	737.0000
517	-20.4750	738.0000
518	-20.3125	739.0000
519	-20.3125	737.0000
520	-20.3125	733.0000
521	-20.3125	729.0000
522	-20.1500	726.0000
523	-20.1500	724.0000
524	-20.1500	724.0000
525	-20.1500	727.0000
526	-20.1500	727.0000
527	-20.1500	733.0000
528	-20.3125	736.0000
529	-20.1500	736.0000
530	-20.3125	737.0000
531	-20.4750	735.0000
532	-20.4750	730.0000
533	-20.1500	729.0000
534	-20.1500	726.0000
535	-20.1500	725.0000
536	-20.1500	727.0000
537	-19.9875	727.0000
538	-20.4750	729.0000
539	-20.3125	732.0000
540	-20.1500	734.0000
541	-20.3125	734.0000
542	-20.1500	735.0000
543	-20.3125	734.0000
544	-20.1500	731.0000
545	-20.3125	728.0000
546	-20.3125	727.0000
547	-19.9875	726.0000
548	-19.9875	726.0000
549	-19.9875	727.0000
550	-20.4750	729.0000
551	-19.9875	732.0000
552	-20.3125	734.0000
553	-19.9875	735.0000
554	-19.9875	733.0000
555	-20.1500	732.0000
556	-19.8250	732.0000
557	-19.8250	729.0000
558	-19.9875	728.0000
559	-20.3125	727.0000
560	-19.9875	726.0000
561	-19.8250	727.0000
562	-19.6625	728.0000
563	-19.6625	730.0000
564	-19.8250	731.0000
565	-19.8250	732.0000
566	-19.8250	731.0000
567	-19.8250	730.0000
568	-19.8250	730.0000
569	-19.8250	729.0000
570	-19.6625	728.0000
571	-19.5000	727.0000
572	-19.3375	727.0000
573	-19.6625	728.0000
574	-19.5000	730.0000
575	-19.5000	731.0000
576	-19.6625	731.0000
577	-19.5000	731.0000
578	-20.3125	731.0000
579	-19.3375	729.0000
580	-19.5000	728.0000
581	-19.1750	727.0000
582	-19.5000	727.0000
583	-19.5000	728.0000
584	-19.3375	728.0000
585	-19.3375	729.0000
586	-19.3375	731.0000
587	-19.9875	731.0000
588	-19.5000	731.0000
589	-19.3375	730.0000
590	-19.3375	728.0000
591	-19.6625	727.0000
592	-19.1750	727.0000
593	-20.1500	725.0000
594	-19.0125	727.0000
595	-19.0125	728.0000
596	-18.8500	730.0000
597	-19.0125	732.0000
598	-18.8500	733.0000
599	-18.8500	733.0000
600	-19.0125	733.0000
601	-18.8500	729.0000
602	-19.0125	727.0000
603	-18.8500	724.0000
604	-18.8500	723.0000
605	-19.0125	724.0000
606	-18.5250	725.0000
607	-18.8500	727.0000
608	-18.8500	730.0000
609	-18.6875	732.0000
610	-19.0125	734.0000
611	-18.3625	734.0000
612	-18.3625	732.0000
613	-18.2000	729.0000
614	-18.5250	724.0000
615	-18.8500	724.0000
616	-18.5250	722.0000
617	-18.3625	723.0000
618	-18.3625	725.0000
619	-18.0375	728.0000
620	-18.0375	731.0000
621	-18.0375	733.0000
622	-18.0375	734.0000
623	-18.2000	734.0000
624	-18.2000	731.0000
625	-18.6875	729.0000
626	-18.0375	725.0000
627	-17.7125	723.0000
628	-17.8750	722.0000
629	-17.8750	723.0000
630	-17.7125	726.0000
631	-17.5500	728.0000
632	-17.7125	731.0000
633	-18.8500	732.0000
634	-17.5500	733.0000
635	-17.3875	733.0000
636	-17.3875	731.0000
637	-17.2250	728.0000
638	-17.2250	726.0000
639	-17.2250	724.0000
640	-17.0625	724.0000
641	-16.9000	724.0000
642	-16.9000	725.0000
643	-16.9000	727.0000
644	-17.2250	729.0000
645	-16.7375	729.0000
646	-16.7375	730.0000
647	-16.7375	730.0000
648	-16.4125	729.0000
649	-17.2250	728.0000
650	-16.5750	728.0000
651	-16.0875	727.0000
652	-16.2500	726.0000
653	-16.4125	725.0000
654	-16.0875	725.0000
655	-16.2500	727.0000
656	-16.0875	727.0000
657	-15.9250	728.0000
658	-15.9250	728.0000
659	-15.6000	729.0000
660	-15.7625	728.0000
661	-15.7625	728.0000
662	-15.4375	727.0000
663	-15.2750	726.0000
664	-14.7875	726.0000
665	-14.6250	727.0000
666	-14.7875	727.0000
667	-14.1375	727.0000
668	-13.8125	727.0000
669	-13.6500	727.0000
670	-13.0000	728.0000
671	-12.5125	728.0000
672	-12.1875	727.0000
673	-11.2125	727.0000
674	-10.7250	726.0000
675	-10.4000	727.0000
676	-9.4250	726.0000
677	-8.4500	726.0000
678	-7.9625	726.0000
679	-8.4500	726.0000
680	-7.1500	726.0000
681	-6.8250	727.0000
682	-6.6625	727.0000
683	-4.3875	727.0000
684	-3.5750	727.0000
685	-2.6000	726.0000
686	-1.7875	726.0000
687	-0.8125	726.0000
688	0.1625	726.0000
689	1.3000	726.0000
690	2.4375	726.0000
691	3.9000	726.0000
692	5.0375	726.0000
693	6.3375	726.0000
694	7.6375	724.0000
695	9.5875	725.0000
696	11.0500	726.0000
697	12.1875	726.0000
698	13.6500	727.0000
699	15.1125	727.0000
700	16.5750	728.0000
701	18.0375	727.0000
702	18.5250	727.0000
703	20.8000	726.0000
704	22.5875	726.0000
705	24.2125	725.0000
706	25.8375	725.0000
707	27.1375	724.0000
708	29.2500	724.0000
709	30.8750	725.0000
710	32.5000	727.0000
711	34.1250	727.0000
712	35.7500	728.0000
713	37.5375	727.0000
714	39.4875	727.0000
715	41.2750	726.0000
716	43.0625	724.0000
717	44.8500	723.0000
718	46.6375	723.0000
719	48.5875	723.0000
720	50.2125	724.0000
721	52.1625	726.0000
722	53.9500	728.0000
723	55.5750	728.0000
724	57.6875	729.0000
725	58.9875	729.0000
726	61.4250	727.0000
727	62.0750	726.0000
728	65.4875	724.0000
729	67.1125	723.0000
730	68.4125	721.0000
731	70.2000	723.0000
732	71.6625	724.0000
733	74.1000	724.0000
734	76.2125	728.0000
735	78.3250	729.0000
736	76.3750	730.0000
737	82.3875	729.0000
738	84.3375	727.0000
739	86.4500	725.0000
740	88.4000	722.0000
741	90.5125	721.0000
742	92.7875	721.0000
743	94.7375	723.0000
744	96.6875	725.0000
745	98.4750	728.0000
746	100.7500	730.0000
747	102.8625	731.0000
748	105.4625	731.0000
749	107.4125	730.0000
750	109.8500	727.0000
751	111.4750	724.0000
752	113.9125	721.0000
753	115.5375	720.0000
754	118.1375	721.0000
755	120.2500	723.0000
756	122.2000	725.0000
757	123.9875	728.0000
758	124.9625	730.0000
759	128.2125	732.0000
760	130.1625	732.0000
761	132.7625	731.0000
762	134.5500	728.0000
763	137.1500	725.0000
764	139.1000	722.0000
765	139.2625	721.0000
766	143.1625	721.0000
767	145.1125	723.0000
768	147.5500	724.0000
769	149.8250	729.0000
770	152.1000	731.0000
771	153.8875	733.0000
772	155.3500	732.0000
773	156.6500	731.0000
774	157.9500	730.0000
775	158.9250	727.0000
776	160.2250	724.0000
777	161.0375	722.0000
778	161.3625	721.0000
779	161.8500	722.0000
780	162.1750	724.0000
781	162.3375	726.0000
782	162.5000	728.0000
783	162.5000	731.0000
784	162.3375	731.0000
785	162.5000	731.0000
786	160.7125	729.0000
787	162.0125	727.0000
788	161.3625	724.0000
789	161.0375	723.0000
790	160.3875	722.0000
791	159.9000	722.0000
792	159.4125	723.0000
793	158.6000	728.0000
794	157.9500	728.0000
795	157.1375	729.0000
796	156.3250	729.0000
797	155.3500	728.0000
798	154.5375	728.0000
799	153.5625	726.0000
800	152.5875	725.0000
801	151.4500	723.0000
802	150.3125	723.0000
803	149.0125	723.0000
804	148.2000	723.0000
805	146.9000	726.0000
806	146.5750	727.0000
807	145.2750	727.0000
808	143.8125	726.0000
809	142.8375	726.0000
810	141.2125	726.0000
811	140.0750	724.0000
812	138.4500	724.0000
813	137.3125	724.0000
814	134.3875	723.0000
815	134.3875	724.0000
816	133.0875	725.0000
817	131.9500	725.0000
818	130.3250	725.0000
819	129.1875	726.0000
820	127.5625	724.0000
821	126.1000	724.0000
822	124.6375	724.0000
823	123.0125	724.0000
824	121.5500	724.0000
825	119.7625	725.0000
826	118.3000	725.0000
827	116.8375	725.0000
828	115.3750	725.0000
829	113.5875	724.0000
830	111.6375	723.0000
831	110.3375	723.0000
832	108.2250	723.0000
833	107.0875	723.0000
834	105.4625	723.0000
835	104.0000	724.0000
836	102.3750	723.0000
837	100.5875	725.0000
838	98.9625	725.0000
839	97.0125	724.0000
840	95.3875	724.0000
841	92.4625	723.0000
842	91.3250	722.0000
843	89.8625	721.0000
844	88.7250	721.0000
845	87.1000	721.0000
846	85.3125	722.0000
847	83.5250	723.0000
848	81.7375	724.0000
849	80.1125	725.0000
850	78.1625	726.0000
851	76.5375	725.0000
852	74.5875	724.0000
853	72.9625	722.0000
854	71.0125	720.0000
855	69.3875	720.0000
856	67.2750	719.0000
857	65.6500	719.0000
858	63.7000	722.0000
859	62.0750	723.0000
860	59.9625	724.0000
861	58.1750	725.0000
862	56.5500	726.0000
863	45.1750	726.0000
864	52.8125	724.0000
865	50.2125	723.0000
866	48.9125	721.0000
867	46.9625	719.0000
868	44.6875	718.0000
869	42.0875	717.0000
870	41.9250	718.0000
871	39.0000	720.0000
872	38.3500	724.0000
873	36.5625	725.0000
874	34.7750	726.0000
875	32.9875	727.0000
876	31.6875	725.0000
877	29.9000	723.0000
878	27.7875	721.0000
879	26.3250	718.0000
880	24.5375	717.0000
881	23.2375	716.0000
882	21.6125	717.0000
883	20.3125	719.0000
884	19.0125	722.0000
885	17.7125	724.0000
886	16.4125	726.0000
887	15.6000	727.0000
888	14.9500	726.0000
889	14.3000	723.0000
890	14.6250	721.0000
891	13.8125	718.0000
892	13.6500	716.0000
893	13.3250	716.0000
894	12.8375	716.0000
895	13.0000	718.0000
896	12.8375	721.0000
897	12.0250	723.0000
898	12.3500	725.0000
899	12.6750	726.0000
900	12.3500	726.0000
901	12.3500	725.0000
902	12.0250	722.0000
903	5.6875	719.0000
904	12.0250	717.0000
905	11.8625	715.0000
906	11.8625	716.0000
907	8.1250	718.0000
908	11.7000	719.0000
909	11.7000	722.0000
910	10.7250	724.0000
911	11.5375	725.0000
912	10.8875	725.0000
913	11.3750	723.0000
914	11.5375	720.0000
915	11.5375	719.0000
916	11.3750	717.0000
917	11.2125	716.0000
918	9.2625	716.0000
919	10.8875	718.0000
920	11.2125	719.0000
921	11.0500	721.0000
922	11.2125	722.0000
923	10.8875	723.0000
924	10.8875	723.0000
925	10.5625	722.0000
926	10.8875	721.0000
927	10.8875	719.0000
928	10.8875	718.0000
929	7.1500	718.0000
930	10.8875	718.0000
931	10.7250	719.0000
932	10.7250	719.0000
933	10.8875	720.0000
934	10.7250	721.0000
935	10.7250	721.0000
936	10.5625	721.0000
937	10.7250	721.0000
938	10.5625	721.0000
939	10.5625	719.0000
940	10.5625	718.0000
941	10.5625	718.0000
942	10.2375	718.0000
943	10.0750	715.0000
944	10.0750	719.0000
945	10.0750	720.0000
946	10.0750	720.0000
947	10.4000	720.0000
948	9.9125	720.0000
949	10.2375	719.0000
950	9.5875	719.0000
951	10.2375	718.0000
952	10.0750	718.0000
953	8.7750	719.0000
954	9.2625	718.0000
955	6.6625	719.0000
956	9.1000	719.0000
957	9.1000	720.0000
958	8.9375	720.0000
959	6.1750	720.0000
960	9.1000	719.0000
961	8.2875	719.0000
962	9.1000	718.0000
963	9.1000	718.0000
964	9.1000	717.0000
965	9.1000	717.0000
966	8.9375	717.0000
967	8.7750	718.0000
968	7.8000	719.0000
969	8.7750	720.0000
970	8.7750	719.0000
971	9.2625	720.0000
972	9.1000	720.0000
973	9.2625	719.0000
974	9.4250	720.0000
975	9.5875	718.0000
976	9.5875	718.0000
977	9.4250	717.0000
978	9.4250	717.0000
979	9.1000	717.0000
980	8.6125	718.0000
981	8.6125	719.0000
982	9.1000	719.0000
983	9.1000	720.0000
984	8.9375	720.0000
985	8.9375	720.0000
986	9.1000	719.0000
987	8.9375	717.0000
988	9.1000	717.0000
989	9.2625	716.0000
990	9.2625	715.0000
991	9.1000	716.0000
992	8.6125	718.0000
993	8.6125	719.0000
994	8.7750	720.0000
995	8.9375	721.0000
996	8.9375	721.0000
997	8.7750	720.0000
998	9.2625	718.0000
999	9.1000	716.0000
1000	9.1000	716.0000
1001	8.9375	715.0000
1002	8.9375	716.0000
1003	8.6125	716.0000
1004	8.9375	718.0000
1005	8.9375	719.0000
1006	8.7750	720.0000
1007	8.7750	720.0000
1008	7.3125	719.0000
1009	8.2875	719.0000
1010	8.1250	718.0000
1011	8.2875	716.0000
1012	8.2875	714.0000
1013	8.1250	714.0000
1014	3.7375	715.0000
1015	8.1250	716.0000
1016	8.1250	716.0000
1017	7.9625	718.0000
1018	7.3125	719.0000
1019	8.1250	719.0000
1020	7.8000	719.0000
1021	8.1250	718.0000
1022	8.2875	717.0000
1023	8.1250	716.0000
#18568
