2.506352	2.174423	
2.598181	2.174423	
2.598181	2.173790	
2.598181	2.173790	
2.598181	2.173790	
2.598181	2.173790	
2.598181	2.173790	
2.598181	2.173790	
2.598181	2.173790	
2.602962	2.173790	
2.602962	2.174971	
2.602962	2.174971	
2.602962	2.174971	
2.602962	2.174971	
2.602962	2.174971	
2.602962	2.174971	
2.602962	2.174971	
2.602943	2.174971	
2.602943	2.175015	
2.602943	2.175015	
2.602943	2.175015	
2.602943	2.175015	
2.602943	2.175015	
2.602943	2.175015	
2.602943	2.175015	
2.602829	2.175015	
2.602829	2.174681	
2.602829	2.174681	
2.602829	2.174681	
2.602829	2.174681	
2.602829	2.174681	
2.602829	2.174681	
2.602829	2.174681	
2.602804	2.174681	
2.602804	2.173789	
2.602804	2.173789	
2.602804	2.173789	
2.602804	2.173789	
2.602804	2.173789	
2.602804	2.173789	
2.602804	2.173789	
2.602938	2.173789	
2.602938	2.174332	
2.602938	2.174332	
2.602938	2.174332	
2.602938	2.174332	
2.602938	2.174332	
2.602938	2.174332	
2.602938	2.174332	
2.602962	2.174332	
2.602962	2.174990	
2.602962	2.174990	
2.602962	2.174990	
2.602962	2.174990	
2.602962	2.174990	
2.602962	2.174990	
2.602962	2.174990	
2.602989	2.174990	
2.602989	2.174701	
2.602989	2.174701	
2.602989	2.174701	
2.602989	2.174701	
2.602989	2.174701	
2.602989	2.174701	
2.602989	2.174701	
2.602800	2.174701	
2.602800	2.174077	
2.602800	2.174077	
2.602800	2.174077	
2.602800	2.174077	
2.602800	2.174077	
2.602800	2.174077	
2.602800	2.174077	
2.603033	2.174077	
2.603033	2.174192	
2.603033	2.174192	
2.603033	2.174192	
2.603033	2.174192	
2.603033	2.174192	
2.603033	2.174192	
2.603033	2.174192	
2.602726	2.174192	
2.602726	2.175207	
2.602726	2.175207	
2.602726	2.175207	
2.602726	2.175207	
2.602726	2.175207	
2.602726	2.175207	
2.602726	2.175207	
2.602580	2.175207	
2.602580	2.174951	
2.602580	2.174951	
2.602580	2.174951	
2.602580	2.174951	
2.602580	2.174951	
2.602580	2.174951	
2.602580	2.174951	
2.602689	2.174951	
2.602689	2.174367	
2.602689	2.174367	
2.602689	2.174367	
2.602689	2.174367	
2.602689	2.174367	
2.602689	2.174367	
2.602689	2.174367	
2.602402	2.174367	
2.602402	2.173903	
2.602402	2.173903	
2.602402	2.173903	
2.602402	2.173903	
2.602402	2.173903	
2.602402	2.173903	
2.602402	2.173903	
2.602256	2.173903	
2.602256	2.175129	
2.602256	2.175129	
2.602256	2.175129	
2.602256	2.175129	
2.602256	2.175129	
2.602256	2.175129	
2.602256	2.175129	
2.602430	2.175129	
2.602430	2.175083	
2.602430	2.175083	
2.602430	2.175083	
2.602430	2.175083	
2.602430	2.175083	
2.602430	2.175083	
2.602430	2.175083	
2.602210	2.175083	
2.602210	2.174838	
2.602210	2.174838	
2.602210	2.174838	
2.602210	2.174838	
2.602210	2.174838	
2.602210	2.174838	
2.602210	2.174838	
2.602112	2.174838	
2.602112	2.173895	
2.602112	2.173895	
2.602112	2.173895	
2.602112	2.173895	
2.602112	2.173895	
2.602112	2.173895	
2.602112	2.173895	
2.601944	2.173895	
2.601944	2.174462	
2.601944	2.174462	
2.601944	2.174462	
2.601944	2.174462	
2.601944	2.174462	
2.601944	2.174462	
2.601944	2.174462	
2.601843	2.174462	
2.601843	2.175167	
2.601843	2.175167	
2.601843	2.175167	
2.601843	2.175167	
2.601843	2.175167	
2.601843	2.175167	
2.601843	2.175167	
2.601953	2.175167	
2.601953	2.174710	
2.601953	2.174710	
2.601953	2.174710	
2.601953	2.174710	
2.601953	2.174710	
2.601953	2.174710	
2.601953	2.174710	
2.601683	2.174710	
2.601683	2.174143	
2.601683	2.174143	
2.601683	2.174143	
2.601683	2.174143	
2.601683	2.174143	
2.601683	2.174143	
2.601683	2.174143	
2.601640	2.174143	
2.601640	2.174050	
2.601640	2.174050	
2.601640	2.174050	
2.601640	2.174050	
2.601640	2.174050	
2.601640	2.174050	
2.601640	2.174050	
2.601635	2.174050	
2.601635	2.175104	
2.601635	2.175104	
2.601635	2.175104	
2.601635	2.175104	
2.601635	2.175104	
2.601635	2.175104	
2.601635	2.175104	
2.601378	2.175104	
2.601378	2.175069	
2.601378	2.175069	
2.601378	2.175069	
2.601378	2.175069	
2.601378	2.175069	
2.601378	2.175069	
2.601378	2.175069	
2.601494	2.175069	
2.601494	2.174197	
2.601494	2.174197	
2.601494	2.174197	
2.601494	2.174197	
2.601494	2.174197	
2.601494	2.174197	
2.601494	2.174197	
2.601276	2.174197	
2.601276	2.174038	
2.601276	2.174038	
2.601276	2.174038	
2.601276	2.174038	
2.601276	2.174038	
2.601276	2.174038	
2.601276	2.174038	
2.600974	2.174038	
2.600974	2.174907	
2.600974	2.174907	
2.600974	2.174907	
2.600974	2.174907	
2.600974	2.174907	
2.600974	2.174907	
2.600974	2.174907	
2.600954	2.174907	
2.600954	2.175011	
2.600954	2.175011	
2.600954	2.175011	
2.600954	2.175011	
2.600954	2.175011	
2.600954	2.175011	
2.600954	2.175011	
2.600779	2.175011	
2.600779	2.174736	
2.600779	2.174736	
2.600779	2.174736	
2.600779	2.174736	
2.600779	2.174736	
2.600779	2.174736	
2.600779	2.174736	
2.600960	2.174736	
2.600960	2.173868	
2.600960	2.173868	
2.600960	2.173868	
2.600960	2.173868	
2.600960	2.173868	
2.600960	2.173868	
2.600960	2.173868	
2.600508	2.173868	
2.600508	2.174792	
2.600508	2.174792	
2.600508	2.174792	
2.600508	2.174792	
2.600508	2.174792	
2.600508	2.174792	
2.600508	2.174792	
2.600255	2.174792	
2.600255	2.175267	
2.600255	2.175267	
2.600255	2.175267	
2.600255	2.175267	
2.600255	2.175267	
2.600255	2.175267	
2.600255	2.175267	
2.600399	2.175267	
2.600399	2.174866	
2.600399	2.174866	
2.600399	2.174866	
2.600399	2.174866	
2.600399	2.174866	
2.600399	2.174866	
2.600399	2.174866	
2.600158	2.174866	
2.600158	2.174137	
2.600158	2.174137	
2.600158	2.174137	
2.600158	2.174137	
2.600158	2.174137	
2.600158	2.174137	
2.600158	2.174137	
2.599795	2.174137	
2.599795	2.174511	
2.599795	2.174511	
2.599795	2.174511	
2.599795	2.174511	
2.599795	2.174511	
2.599795	2.174511	
2.599795	2.174511	
2.599631	2.174511	
2.599631	2.175261	
2.599631	2.175261	
2.599631	2.175261	
2.599631	2.175261	
2.599631	2.175261	
2.599631	2.175261	
2.599631	2.175261	
2.599592	2.175261	
2.599592	2.175029	
2.599592	2.175029	
2.599592	2.175029	
2.599592	2.175029	
2.599592	2.175029	
2.599592	2.175029	
2.599592	2.175029	
2.599340	2.175029	
2.599340	2.174270	
2.599340	2.174270	
2.599340	2.174270	
2.599340	2.174270	
2.599340	2.174270	
2.599340	2.174270	
2.599340	2.174270	
2.599129	2.174270	
2.599129	2.174192	
2.599129	2.174192	
2.599129	2.174192	
2.599129	2.174192	
2.599129	2.174192	
2.599129	2.174192	
2.599129	2.174192	
2.599050	2.174192	
2.599050	2.175297	
2.599050	2.175297	
2.599050	2.175297	
2.599050	2.175297	
2.599050	2.175297	
2.599050	2.175297	
2.599050	2.175297	
2.598813	2.175297	
2.598813	2.175215	
2.598813	2.175215	
2.598813	2.175215	
2.598813	2.175215	
2.598813	2.175215	
2.598813	2.175215	
2.598813	2.175215	
2.598631	2.175215	
2.598631	2.174710	
2.598631	2.174710	
2.598631	2.174710	
2.598631	2.174710	
2.598631	2.174710	
2.598631	2.174710	
2.598631	2.174710	
2.598755	2.174710	
2.598755	2.174217	
2.598755	2.174217	
2.598755	2.174217	
2.598755	2.174217	
2.598755	2.174217	
2.598755	2.174217	
2.598755	2.174217	
2.598153	2.174217	
2.598153	2.175317	
2.598153	2.175317	
2.598153	2.175317	
2.598153	2.175317	
2.598153	2.175317	
2.598153	2.175317	
2.598153	2.175317	
2.598261	2.175317	
2.598261	2.175404	
2.598261	2.175404	
2.598261	2.175404	
2.598261	2.175404	
2.598261	2.175404	
2.598261	2.175404	
2.598261	2.175404	
2.598007	2.175404	
2.598007	2.175083	
2.598007	2.175083	
2.598007	2.175083	
2.598007	2.175083	
2.598007	2.175083	
2.598007	2.175083	
2.598007	2.175083	
2.597624	2.175083	
2.597624	2.174373	
2.597624	2.174373	
2.597624	2.174373	
2.597624	2.174373	
2.597624	2.174373	
2.597624	2.174373	
2.597624	2.174373	
2.597421	2.174373	
2.597421	2.174703	
2.597421	2.174703	
2.597421	2.174703	
2.597421	2.174703	
2.597421	2.174703	
2.597421	2.174703	
2.597421	2.174703	
2.597702	2.174703	
2.597702	2.175440	
2.597702	2.175440	
2.597702	2.175440	
2.597702	2.175440	
2.597702	2.175440	
2.597702	2.175440	
2.597702	2.175440	
2.597035	2.175440	
2.597035	2.175168	
2.597035	2.175168	
2.597035	2.175168	
2.597035	2.175168	
2.597035	2.175168	
2.597035	2.175168	
2.597035	2.175168	
2.596999	2.175168	
2.596999	2.174154	
2.596999	2.174154	
2.596999	2.174154	
2.596999	2.174154	
2.596999	2.174154	
2.596999	2.174154	
2.596999	2.174154	
2.596755	2.174154	
2.596755	2.174306	
2.596755	2.174306	
2.596755	2.174306	
2.596755	2.174306	
2.596755	2.174306	
2.596755	2.174306	
2.596755	2.174306	
2.596915	2.174306	
2.596915	2.175466	
2.596915	2.175466	
2.596915	2.175466	
2.596915	2.175466	
2.596915	2.175466	
2.596915	2.175466	
2.596915	2.175466	
2.595892	2.175466	
2.595892	2.175443	
2.595892	2.175443	
2.595892	2.175443	
2.595892	2.175443	
2.595892	2.175443	
2.595892	2.175443	
2.595892	2.175443	
2.595634	2.175443	
2.595634	2.174713	
2.595634	2.174713	
2.595634	2.174713	
2.595634	2.174713	
2.595634	2.174713	
2.595634	2.174713	
2.595634	2.174713	
2.595677	2.174713	
2.595677	2.174335	
2.595677	2.174335	
2.595677	2.174335	
2.595677	2.174335	
2.595677	2.174335	
2.595677	2.174335	
2.595677	2.174335	
2.595449	2.174335	
2.595449	2.175493	
2.595449	2.175493	
2.595449	2.175493	
2.595449	2.175493	
2.595449	2.175493	
2.595449	2.175493	
2.595449	2.175493	
2.595313	2.175493	
2.595313	2.175529	
2.595313	2.175529	
2.595313	2.175529	
2.595313	2.175529	
2.595313	2.175529	
2.595313	2.175529	
2.595313	2.175529	
2.595504	2.175529	
2.595504	2.175265	
2.595504	2.175265	
2.595504	2.175265	
2.595504	2.175265	
2.595504	2.175265	
2.595504	2.175265	
2.595504	2.175265	
2.595798	2.175265	
2.595798	2.174393	
2.595798	2.174393	
2.595798	2.174393	
2.595798	2.174393	
2.595798	2.174393	
2.595798	2.174393	
2.595798	2.174393	
2.595445	2.174393	
2.595445	2.175032	
2.595445	2.175032	
2.595445	2.175032	
2.595445	2.175032	
2.595445	2.175032	
2.595445	2.175032	
2.595445	2.175032	
2.595622	2.175032	
2.595622	2.175368	
2.595622	2.175368	
2.595622	2.175368	
2.595622	2.175368	
2.595622	2.175368	
2.595622	2.175368	
2.595622	2.175368	
2.595205	2.175368	
2.595205	2.174964	
2.595205	2.174964	
2.595205	2.174964	
2.595205	2.174964	
2.595205	2.174964	
2.595205	2.174964	
2.595205	2.174964	
2.594894	2.174964	
2.594894	2.174177	
2.594894	2.174177	
2.594894	2.174177	
2.594894	2.174177	
2.594894	2.174177	
2.594894	2.174177	
2.594894	2.174177	
2.595270	2.174177	
2.595270	2.174408	
2.595270	2.174408	
2.595270	2.174408	
2.595270	2.174408	
2.595270	2.174408	
2.595270	2.174408	
2.595270	2.174408	
2.594347	2.174408	
2.594347	2.175265	
2.594347	2.175265	
2.594347	2.175265	
2.594347	2.175265	
2.594347	2.175265	
2.594347	2.175265	
2.594347	2.175265	
2.592360	2.175265	
2.592360	2.175097	
2.592360	2.175097	
2.592360	2.175097	
2.592360	2.175097	
2.592360	2.175097	
2.592360	2.175097	
2.592360	2.175097	
2.589686	2.175097	
2.589686	2.174404	
2.589686	2.174404	
2.589686	2.174404	
2.589686	2.174404	
2.589686	2.174404	
2.589686	2.174404	
2.589686	2.174404	
2.586404	2.174404	
2.586404	2.174344	
2.586404	2.174344	
2.586404	2.174344	
2.586404	2.174344	
2.586404	2.174344	
2.586404	2.174344	
2.586404	2.174344	
2.583604	2.174344	
2.583604	2.175428	
2.583604	2.175428	
2.583604	2.175428	
2.583604	2.175428	
2.583604	2.175428	
2.583604	2.175428	
2.583604	2.175428	
2.580871	2.175428	
2.580871	2.175311	
2.580871	2.175311	
2.580871	2.175311	
2.580871	2.175311	
2.580871	2.175311	
2.580871	2.175311	
2.580871	2.175311	
2.577624	2.175311	
2.577624	2.175041	
2.577624	2.175041	
2.577624	2.175041	
2.577624	2.175041	
2.577624	2.175041	
2.577624	2.175041	
2.577624	2.175041	
2.574772	2.175041	
2.574772	2.174270	
2.574772	2.174270	
2.574772	2.174270	
2.574772	2.174270	
2.574772	2.174270	
2.574772	2.174270	
2.574772	2.174270	
2.572134	2.174270	
2.572134	2.175138	
2.572134	2.175138	
2.572134	2.175138	
2.572134	2.175138	
2.572134	2.175138	
2.572134	2.175138	
2.572134	2.175138	
2.568934	2.175138	
2.568934	2.175544	
2.568934	2.175544	
2.568934	2.175544	
2.568934	2.175544	
2.568934	2.175544	
2.568934	2.175544	
2.568934	2.175544	
2.566150	2.175544	
2.566150	2.175148	
2.566150	2.175148	
2.566150	2.175148	
2.566150	2.175148	
2.566150	2.175148	
2.566150	2.175148	
2.566150	2.175148	
2.563393	2.175148	
2.563393	2.174438	
2.563393	2.174438	
2.563393	2.174438	
2.563393	2.174438	
2.563393	2.174438	
2.563393	2.174438	
2.563393	2.174438	
2.560376	2.174438	
2.560376	2.174659	
2.560376	2.174659	
2.560376	2.174659	
2.560376	2.174659	
2.560376	2.174659	
2.560376	2.174659	
2.560376	2.174659	
2.557653	2.174659	
2.557653	2.175630	
2.557653	2.175630	
2.557653	2.175630	
2.557653	2.175630	
2.557653	2.175630	
2.557653	2.175630	
2.557653	2.175630	
2.554868	2.175630	
2.554868	2.175469	
2.554868	2.175469	
2.554868	2.175469	
2.554868	2.175469	
2.554868	2.175469	
2.554868	2.175469	
2.554868	2.175469	
2.552073	2.175469	
2.552073	2.174691	
2.552073	2.174691	
2.552073	2.174691	
2.552073	2.174691	
2.552073	2.174691	
2.552073	2.174691	
2.552073	2.174691	
2.549067	2.174691	
2.549067	2.174600	
2.549067	2.174600	
2.549067	2.174600	
2.549067	2.174600	
2.549067	2.174600	
2.549067	2.174600	
2.549067	2.174600	
2.546422	2.174600	
2.546422	2.175726	
2.546422	2.175726	
2.546422	2.175726	
2.546422	2.175726	
2.546422	2.175726	
2.546422	2.175726	
2.546422	2.175726	
2.543528	2.175726	
2.543528	2.175796	
2.543528	2.175796	
2.543528	2.175796	
2.543528	2.175796	
2.543528	2.175796	
2.543528	2.175796	
2.543528	2.175796	
2.540913	2.175796	
2.540913	2.175395	
2.540913	2.175395	
2.540913	2.175395	
2.540913	2.175395	
2.540913	2.175395	
2.540913	2.175395	
2.540913	2.175395	
2.538352	2.175395	
2.538352	2.174620	
2.538352	2.174620	
2.538352	2.174620	
2.538352	2.174620	
2.538352	2.174620	
2.538352	2.174620	
2.538352	2.174620	
2.535418	2.174620	
2.535418	2.175677	
2.535418	2.175677	
2.535418	2.175677	
2.535418	2.175677	
2.535418	2.175677	
2.535418	2.175677	
2.535418	2.175677	
2.532609	2.175677	
2.532609	2.175902	
2.532609	2.175902	
2.532609	2.175902	
2.532609	2.175902	
2.532609	2.175902	
2.532609	2.175902	
2.532609	2.175902	
2.529810	2.175902	
2.529810	2.175585	
2.529810	2.175585	
2.529810	2.175585	
2.529810	2.175585	
2.529810	2.175585	
2.529810	2.175585	
2.529810	2.175585	
2.528056	2.175585	
2.528056	2.174761	
2.528056	2.174761	
2.528056	2.174761	
2.528056	2.174761	
2.528056	2.174761	
2.528056	2.174761	
2.528056	2.174761	
2.524945	2.174761	
2.524945	2.175166	
2.524945	2.175166	
2.524945	2.175166	
2.524945	2.175166	
2.524945	2.175166	
2.524945	2.175166	
2.524945	2.175166	
2.522541	2.175166	
2.522541	2.175884	
2.522541	2.175884	
2.522541	2.175884	
2.522541	2.175884	
2.522541	2.175884	
2.522541	2.175884	
2.522541	2.175884	
2.519869	2.175884	
2.519869	2.175664	
2.519869	2.175664	
2.519869	2.175664	
2.519869	2.175664	
2.519869	2.175664	
2.519869	2.175664	
2.519869	2.175664	
2.517451	2.175664	
2.517451	2.174864	
2.517451	2.174864	
2.517451	2.174864	
2.517451	2.174864	
2.517451	2.174864	
2.517451	2.174864	
2.517451	2.174864	
2.515095	2.174864	
2.515095	2.174954	
2.515095	2.174954	
2.515095	2.174954	
2.515095	2.174954	
2.515095	2.174954	
2.515095	2.174954	
2.515095	2.174954	
2.512647	2.174954	
2.512647	2.175982	
2.512647	2.175982	
2.512647	2.175982	
2.512647	2.175982	
2.512647	2.175982	
2.512647	2.175982	
2.512647	2.175982	
2.510238	2.175982	
2.510238	2.175903	
2.510238	2.175903	
2.510238	2.175903	
2.510238	2.175903	
2.510238	2.175903	
2.510238	2.175903	
2.510238	2.175903	
2.508123	2.175903	
2.508123	2.175473	
2.508123	2.175473	
2.508123	2.175473	
2.508123	2.175473	
2.508123	2.175473	
2.508123	2.175473	
2.508123	2.175473	
2.505807	2.175473	
2.505807	2.174792	
2.505807	2.174792	
2.505807	2.174792	
2.505807	2.174792	
2.505807	2.174792	
2.505807	2.174792	
2.505807	2.174792	
2.503661	2.174792	
2.503661	2.176011	
2.503661	2.176011	
2.503661	2.176011	
2.503661	2.176011	
2.503661	2.176011	
2.503661	2.176011	
2.503661	2.176011	
2.505433	2.176011	
2.505433	2.176050	
2.505433	2.176050	
2.505433	2.176050	
2.505433	2.176050	
2.505433	2.176050	
2.505433	2.176050	
2.505433	2.176050	
2.508161	2.176050	
2.508161	2.175647	
2.508161	2.175647	
2.508161	2.175647	
2.508161	2.175647	
2.508161	2.175647	
2.508161	2.175647	
2.508161	2.175647	
2.510006	2.175647	
2.510006	2.174617	
2.510006	2.174617	
2.510006	2.174617	
2.510006	2.174617	
2.510006	2.174617	
2.510006	2.174617	
2.510006	2.174617	
2.512104	2.174617	
2.512104	2.175414	
2.512104	2.175414	
2.512104	2.175414	
2.512104	2.175414	
2.512104	2.175414	
2.512104	2.175414	
2.512104	2.175414	
2.514923	2.175414	
2.514923	2.176040	
2.514923	2.176040	
2.514923	2.176040	
2.514923	2.176040	
2.514923	2.176040	
2.514923	2.176040	
2.514923	2.176040	
2.517246	2.176040	
2.517246	2.175654	
2.517246	2.175654	
2.517246	2.175654	
2.517246	2.175654	
2.517246	2.175654	
2.517246	2.175654	
2.517246	2.175654	
2.519632	2.175654	
2.519632	2.174970	
2.519632	2.174970	
2.519632	2.174970	
2.519632	2.174970	
2.519632	2.174970	
2.519632	2.174970	
2.519632	2.174970	
2.522113	2.174970	
2.522113	2.174861	
2.522113	2.174861	
2.522113	2.174861	
2.522113	2.174861	
2.522113	2.174861	
2.522113	2.174861	
2.522113	2.174861	
2.524595	2.174861	
2.524595	2.175892	
2.524595	2.175892	
2.524595	2.175892	
2.524595	2.175892	
2.524595	2.175892	
2.524595	2.175892	
2.524595	2.175892	
2.526938	2.175892	
2.526938	2.175608	
2.526938	2.175608	
2.526938	2.175608	
2.526938	2.175608	
2.526938	2.175608	
2.526938	2.175608	
2.526938	2.175608	
2.529874	2.175608	
2.529874	2.175019	
2.529874	2.175019	
2.529874	2.175019	
2.529874	2.175019	
2.529874	2.175019	
2.529874	2.175019	
2.529874	2.175019	
2.532125	2.175019	
2.532125	2.174620	
2.532125	2.174620	
2.532125	2.174620	
2.532125	2.174620	
2.532125	2.174620	
2.532125	2.174620	
2.532125	2.174620	
2.534739	2.174620	
2.534739	2.175723	
2.534739	2.175723	
2.534739	2.175723	
2.534739	2.175723	
2.534739	2.175723	
2.534739	2.175723	
2.534739	2.175723	
2.537822	2.175723	
2.537822	2.175649	
2.537822	2.175649	
2.537822	2.175649	
2.537822	2.175649	
2.537822	2.175649	
2.537822	2.175649	
2.537822	2.175649	
2.540197	2.175649	
2.540197	2.175311	
2.540197	2.175311	
2.540197	2.175311	
2.540197	2.175311	
2.540197	2.175311	
2.540197	2.175311	
2.540197	2.175311	
2.543024	2.175311	
2.543024	2.174571	
2.543024	2.174571	
2.543024	2.174571	
2.543024	2.174571	
2.543024	2.174571	
2.543024	2.174571	
2.543024	2.174571	
2.545923	2.174571	
2.545923	2.175304	
2.545923	2.175304	
2.545923	2.175304	
2.545923	2.175304	
2.545923	2.175304	
2.545923	2.175304	
2.545923	2.175304	
2.548527	2.175304	
2.548527	2.175789	
2.548527	2.175789	
2.548527	2.175789	
2.548527	2.175789	
2.548527	2.175789	
2.548527	2.175789	
2.548527	2.175789	
2.550829	2.175789	
2.550829	2.175351	
2.550829	2.175351	
2.550829	2.175351	
2.550829	2.175351	
2.550829	2.175351	
2.550829	2.175351	
2.550829	2.175351	
2.554231	2.175351	
2.554231	2.174578	
2.554231	2.174578	
2.554231	2.174578	
2.554231	2.174578	
2.554231	2.174578	
2.554231	2.174578	
2.554231	2.174578	
2.556955	2.174578	
2.556955	2.174638	
2.556955	2.174638	
2.556955	2.174638	
2.556955	2.174638	
2.556955	2.174638	
2.556955	2.174638	
2.556955	2.174638	
2.559569	2.174638	
2.559569	2.175507	
2.559569	2.175507	
2.559569	2.175507	
2.559569	2.175507	
2.559569	2.175507	
2.559569	2.175507	
2.559569	2.175507	
2.562729	2.175507	
2.562729	2.175579	
2.562729	2.175579	
2.562729	2.175579	
2.562729	2.175579	
2.562729	2.175579	
2.562729	2.175579	
2.562729	2.175579	
2.565332	2.175579	
2.565332	2.174644	
2.565332	2.174644	
2.565332	2.174644	
2.565332	2.174644	
2.565332	2.174644	
2.565332	2.174644	
2.565332	2.174644	
2.568116	2.174644	
2.568116	2.174486	
2.568116	2.174486	
2.568116	2.174486	
2.568116	2.174486	
2.568116	2.174486	
2.568116	2.174486	
2.568116	2.174486	
2.571062	2.174486	
2.571062	2.175601	
2.571062	2.175601	
2.571062	2.175601	
2.571062	2.175601	
2.571062	2.175601	
2.571062	2.175601	
2.571062	2.175601	
2.574374	2.175601	
2.574374	2.175510	
2.574374	2.175510	
2.574374	2.175510	
2.574374	2.175510	
2.574374	2.175510	
2.574374	2.175510	
2.574374	2.175510	
2.576773	2.175510	
2.576773	2.174895	
2.576773	2.174895	
2.576773	2.174895	
2.576773	2.174895	
2.576773	2.174895	
2.576773	2.174895	
2.576773	2.174895	
2.580110	2.174895	
2.580110	2.174082	
2.580110	2.174082	
2.580110	2.174082	
2.580110	2.174082	
2.580110	2.174082	
2.580110	2.174082	
2.580110	2.174082	
2.582997	2.174082	
2.582997	2.175059	
2.582997	2.175059	
2.582997	2.175059	
2.582997	2.175059	
2.582997	2.175059	
2.582997	2.175059	
2.582997	2.175059	
2.585885	2.175059	
2.585885	2.175320	
2.585885	2.175320	
2.585885	2.175320	
2.585885	2.175320	
2.585885	2.175320	
2.585885	2.175320	
2.585885	2.175320	
2.588694	2.175320	
2.588694	2.174885	
2.588694	2.174885	
2.588694	2.174885	
2.588694	2.174885	
2.588694	2.174885	
2.588694	2.174885	
2.588694	2.174885	
2.591659	2.174885	
2.591659	2.173924	
2.591659	2.173924	
2.591659	2.173924	
2.591659	2.173924	
2.591659	2.173924	
2.591659	2.173924	
2.591659	2.173924	
2.594085	2.173924	
2.594085	2.174279	
2.594085	2.174279	
2.594085	2.174279	
2.594085	2.174279	
2.594085	2.174279	
2.594085	2.174279	
2.594085	2.174279	
2.594895	2.174279	
2.594895	2.175104	
2.594895	2.175104	
2.594895	2.175104	
2.594895	2.175104	
2.594895	2.175104	
2.594895	2.175104	
2.594895	2.175104	
2.595278	2.175104	
2.595278	2.174823	
2.595278	2.174823	
2.595278	2.174823	
2.595278	2.174823	
2.595278	2.174823	
2.595278	2.174823	
2.595278	2.174823	
2.595216	2.174823	
2.595216	2.174171	
2.595216	2.174171	
2.595216	2.174171	
2.595216	2.174171	
2.595216	2.174171	
2.595216	2.174171	
2.595216	2.174171	
2.595577	2.174171	
2.595577	2.174016	
2.595577	2.174016	
2.595577	2.174016	
2.595577	2.174016	
2.595577	2.174016	
2.595577	2.174016	
2.595577	2.174016	
2.595664	2.174016	
2.595664	2.175005	
2.595664	2.175005	
2.595664	2.175005	
2.595664	2.175005	
2.595664	2.175005	
2.595664	2.175005	
2.595664	2.175005	
2.595376	2.175005	
2.595376	2.175080	
2.595376	2.175080	
2.595376	2.175080	
2.595376	2.175080	
2.595376	2.175080	
2.595376	2.175080	
2.595376	2.175080	
2.595538	2.175080	
2.595538	2.174548	
2.595538	2.174548	
2.595538	2.174548	
2.595538	2.174548	
2.595538	2.174548	
2.595538	2.174548	
2.595538	2.174548	
2.595853	2.174548	
2.595853	2.173903	
2.595853	2.173903	
2.595853	2.173903	
2.595853	2.173903	
2.595853	2.173903	
2.595853	2.173903	
2.595853	2.173903	
2.595474	2.173903	
2.595474	2.175049	
2.595474	2.175049	
2.595474	2.175049	
2.595474	2.175049	
2.595474	2.175049	
2.595474	2.175049	
2.595474	2.175049	
2.595202	2.175049	
2.595202	2.175287	
2.595202	2.175287	
2.595202	2.175287	
2.595202	2.175287	
2.595202	2.175287	
2.595202	2.175287	
2.595202	2.175287	
2.596164	2.175287	
2.596164	2.174868	
2.596164	2.174868	
2.596164	2.174868	
2.596164	2.174868	
2.596164	2.174868	
2.596164	2.174868	
2.596164	2.174868	
2.595750	2.174868	
2.595750	2.173931	
2.595750	2.173931	
2.595750	2.173931	
2.595750	2.173931	
2.595750	2.173931	
2.595750	2.173931	
2.595750	2.173931	
2.596421	2.173931	
2.596421	2.174404	
2.596421	2.174404	
2.596421	2.174404	
2.596421	2.174404	
2.596421	2.174404	
2.596421	2.174404	
2.596421	2.174404	
2.596971	2.174404	
2.596971	2.175050	
2.596971	2.175050	
2.596971	2.175050	
2.596971	2.175050	
2.596971	2.175050	
2.596971	2.175050	
2.596971	2.175050	
2.596614	2.175050	
2.596614	2.174649	
2.596614	2.174649	
2.596614	2.174649	
2.596614	2.174649	
2.596614	2.174649	
2.596614	2.174649	
2.596614	2.174649	
2.597119	2.174649	
2.597119	2.174014	
2.597119	2.174014	
2.597119	2.174014	
2.597119	2.174014	
2.597119	2.174014	
2.597119	2.174014	
2.597119	2.174014	
2.597290	2.174014	
2.597290	2.174174	
2.597290	2.174174	
2.597290	2.174174	
2.597290	2.174174	
2.597290	2.174174	
2.597290	2.174174	
2.597290	2.174174	
2.597170	2.174174	
2.597170	2.175082	
2.597170	2.175082	
2.597170	2.175082	
2.597170	2.175082	
2.597170	2.175082	
2.597170	2.175082	
2.597170	2.175082	
2.597680	2.175082	
2.597680	2.174983	
2.597680	2.174983	
2.597680	2.174983	
2.597680	2.174983	
2.597680	2.174983	
2.597680	2.174983	
2.597680	2.174983	
2.598019	2.174983	
2.598019	2.174394	
2.598019	2.174394	
2.598019	2.174394	
2.598019	2.174394	
2.598019	2.174394	
2.598019	2.174394	
2.598019	2.174394	
2.598235	2.174394	
2.598235	2.173980	
2.598235	2.173980	
2.598235	2.173980	
2.598235	2.173980	
2.598235	2.173980	
2.598235	2.173980	
2.598235	2.173980	
2.598091	2.173980	
2.598091	2.174990	
2.598091	2.174990	
2.598091	2.174990	
2.598091	2.174990	
2.598091	2.174990	
2.598091	2.174990	
2.598091	2.174990	
2.598512	2.174990	
2.598512	2.175129	
2.598512	2.175129	
2.598512	2.175129	
2.598512	2.175129	
2.598512	2.175129	
2.598512	2.175129	
2.598512	2.175129	
2.598765	2.175129	
2.598765	2.174853	
2.598765	2.174853	
2.598765	2.174853	
2.598765	2.174853	
2.598765	2.174853	
2.598765	2.174853	
2.598765	2.174853	
2.598661	2.174853	
2.598661	2.173762	
2.598661	2.173762	
2.598661	2.173762	
2.598661	2.173762	
2.598661	2.173762	
2.598661	2.173762	
2.598661	2.173762	
2.599011	2.173762	
2.599011	2.174610	
2.599011	2.174610	
2.599011	2.174610	
2.599011	2.174610	
2.599011	2.174610	
2.599011	2.174610	
2.599011	2.174610	
2.599231	2.174610	
2.599231	2.174949	
2.599231	2.174949	
2.599231	2.174949	
2.599231	2.174949	
2.599231	2.174949	
2.599231	2.174949	
2.599231	2.174949	
2.599675	2.174949	
2.599675	2.174600	
2.599675	2.174600	
2.599675	2.174600	
2.599675	2.174600	
2.599675	2.174600	
2.599675	2.174600	
2.599675	2.174600	
2.599419	2.174600	
2.599419	2.173813	
2.599419	2.173813	
2.599419	2.173813	
2.599419	2.173813	
2.599419	2.173813	
2.599419	2.173813	
2.599419	2.173813	
2.599640	2.173813	
2.599640	2.174065	
2.599640	2.174065	
2.599640	2.174065	
2.599640	2.174065	
2.599640	2.174065	
2.599640	2.174065	
2.599640	2.174065	
2.599711	2.174065	
2.599711	2.174962	
2.599711	2.174962	
2.599711	2.174962	
2.599711	2.174962	
2.599711	2.174962	
2.599711	2.174962	
2.599711	2.174962	
2.599908	2.174962	
2.599908	2.174802	
2.599908	2.174802	
2.599908	2.174802	
2.599908	2.174802	
2.599908	2.174802	
2.599908	2.174802	
2.599908	2.174802	
2.600290	2.174802	
2.600290	2.174290	
2.600290	2.174290	
2.600290	2.174290	
2.600290	2.174290	
2.600290	2.174290	
2.600290	2.174290	
2.600290	2.174290	
2.600736	2.174290	
2.600736	2.173944	
2.600736	2.173944	
2.600736	2.173944	
2.600736	2.173944	
2.600736	2.173944	
2.600736	2.173944	
2.600736	2.173944	
2.600607	2.173944	
2.600607	2.174989	
2.600607	2.174989	
2.600607	2.174989	
2.600607	2.174989	
2.600607	2.174989	
2.600607	2.174989	
2.600607	2.174989	
2.600885	2.174989	
2.600885	2.175062	
2.600885	2.175062	
2.600885	2.175062	
2.600885	2.175062	
2.600885	2.175062	
2.600885	2.175062	
2.600885	2.175062	
2.601117	2.175062	
2.601117	2.174720	
2.601117	2.174720	
2.601117	2.174720	
2.601117	2.174720	
2.601117	2.174720	
2.601117	2.174720	
2.601117	2.174720	
2.601100	2.174720	
2.601100	2.173928	
2.601100	2.173928	
2.601100	2.173928	
2.601100	2.173928	
2.601100	2.173928	
2.601100	2.173928	
2.601100	2.173928	
2.601139	2.173928	
2.601139	2.174861	
2.601139	2.174861	
2.601139	2.174861	
2.601139	2.174861	
2.601139	2.174861	
2.601139	2.174861	
2.601139	2.174861	
2.600887	2.174861	
2.600887	2.175349	
2.600887	2.175349	
2.600887	2.175349	
2.600887	2.175349	
2.600887	2.175349	
2.600887	2.175349	
2.600887	2.175349	
2.601385	2.175349	
2.601385	2.174636	
2.601385	2.174636	
2.601385	2.174636	
2.601385	2.174636	
2.601385	2.174636	
2.601385	2.174636	
2.601385	2.174636	
2.601182	2.174636	
2.601182	2.173970	
2.601182	2.173970	
2.601182	2.173970	
2.601182	2.173970	
2.601182	2.173970	
2.601182	2.173970	
2.601182	2.173970	
2.601417	2.173970	
2.601417	2.174295	
2.601417	2.174295	
2.601417	2.174295	
2.601417	2.174295	
2.601417	2.174295	
2.601417	2.174295	
2.601417	2.174295	
2.601615	2.174295	
2.601615	2.175064	
2.601615	2.175064	
2.601615	2.175064	
2.601615	2.175064	
2.601615	2.175064	
2.601615	2.175064	
2.601615	2.175064	
2.601638	2.175064	
2.601638	2.174923	
2.601638	2.174923	
2.601638	2.174923	
2.601638	2.174923	
2.601638	2.174923	
2.601638	2.174923	
2.601638	2.174923	
2.601529	2.174923	
2.601529	2.174242	
2.601529	2.174242	
2.601529	2.174242	
2.601529	2.174242	
2.601529	2.174242	
2.601529	2.174242	
2.601529	2.174242	
2.601832	2.174242	
2.601832	2.174113	
2.601832	2.174113	
2.601832	2.174113	
2.601832	2.174113	
2.601832	2.174113	
2.601832	2.174113	
2.601832	2.174113	
2.602035	2.174113	
2.602035	2.175050	
2.602035	2.175050	
2.602035	2.175050	
2.602035	2.175050	
2.602035	2.175050	
2.602035	2.175050	
2.602035	2.175050	
2.602153	2.175050	
2.602153	2.175025	
2.602153	2.175025	
2.602153	2.175025	
2.602153	2.175025	
2.602153	2.175025	
2.602153	2.175025	
2.602153	2.175025	
2.602344	2.175025	
2.602344	2.174840	
2.602344	2.174840	
2.602344	2.174840	
2.602344	2.174840	
2.602344	2.174840	
2.602344	2.174840	
2.602344	2.174840	
2.602305	2.174840	
2.602305	2.174100	
2.602305	2.174100	
2.602305	2.174100	
2.602305	2.174100	
2.602305	2.174100	
2.602305	2.174100	
2.602305	2.174100	
2.602183	2.174100	
2.602183	2.175257	
2.602183	2.175257	
2.602183	2.175257	
2.602183	2.175257	
2.602183	2.175257	
2.602183	2.175257	
2.602183	2.175257	
2.602316	2.175257	
2.602316	2.175402	
2.602316	2.175402	
2.602316	2.175402	
2.602316	2.175402	
2.602316	2.175402	
2.602316	2.175402	
2.602316	2.175402	
2.602378	2.175402	
2.602378	2.175096	
2.602378	2.175096	
2.602378	2.175096	
2.602378	2.175096	
2.602378	2.175096	
2.602378	2.175096	
2.602378	2.175096	
2.602405	2.175096	
2.602405	2.174025	
2.602405	2.174025	
2.602405	2.174025	
2.602405	2.174025	
2.602405	2.174025	
2.602405	2.174025	
2.602405	2.174025	
2.602711	2.174025	
2.602711	2.174465	
2.602711	2.174465	
2.602711	2.174465	
2.602711	2.174465	
2.602711	2.174465	
2.602711	2.174465	
2.602711	2.174465	
2.602704	2.174465	
2.602704	2.175289	
2.602704	2.175289	
2.602704	2.175289	
2.602704	2.175289	
2.602704	2.175289	
2.602704	2.175289	
2.602704	2.175289	
2.602811	2.175289	
2.602811	2.175035	
2.602811	2.175035	
2.602811	2.175035	
2.602811	2.175035	
2.602811	2.175035	
2.602811	2.175035	
2.602811	2.175035	
2.602825	2.175035	
2.602825	2.174419	
2.602825	2.174419	
2.602825	2.174419	
2.602825	2.174419	
2.602825	2.174419	
2.602825	2.174419	
2.602825	2.174419	
2.602732	2.174419	
2.602732	2.174273	
2.602732	2.174273	
2.602732	2.174273	
2.602732	2.174273	
2.602732	2.174273	
2.602732	2.174273	
2.602732	2.174273	
2.602946	2.174273	
2.602946	2.175375	
2.602946	2.175375	
2.602946	2.175375	
2.602946	2.175375	
2.602946	2.175375	
2.602946	2.175375	
2.602946	2.175375	
2.602629	2.175375	
2.602629	2.175267	
2.602629	2.175267	
2.602629	2.175267	
2.602629	2.175267	
2.602629	2.175267	
2.602629	2.175267	
2.602629	2.175267	
2.602967	2.175267	
2.602967	2.174798	
2.602967	2.174798	
2.602967	2.174798	
2.602967	2.174798	
2.602967	2.174798	
2.602967	2.174798	
2.602967	2.174798	
2.602965	2.174798	
2.602965	2.174250	
2.602965	2.174250	
2.602965	2.174250	
2.602965	2.174250	
2.602965	2.174250	
2.602965	2.174250	
2.602965	2.174250	
2.602952	2.174250	
2.602952	2.175326	
2.602952	2.175326	
2.602952	2.175326	
2.602952	2.175326	
2.602952	2.175326	
2.602952	2.175326	
2.602952	2.175326	
2.602815	2.175326	
2.602815	2.175346	
2.602815	2.175346	
2.602815	2.175346	
2.602815	2.175346	
2.602815	2.175346	
2.602815	2.175346	
2.602815	2.175346	
2.603161	2.175346	
2.603161	2.175267	
2.603161	2.175267	
2.603161	2.175267	
2.603161	2.175267	
2.603161	2.175267	
2.603161	2.175267	
2.603161	2.175267	
2.602923	2.175267	
2.602923	2.174213	
2.602923	2.174213	
2.602923	2.174213	
2.602923	2.174213	
2.602923	2.174213	
2.602923	2.174213	
2.602923	2.174213	
2.603070	2.174213	
2.603070	2.174676	
2.603070	2.174676	
2.603070	2.174676	
2.603070	2.174676	
2.603070	2.174676	
2.603070	2.174676	
2.603070	2.174676	
2.603217	2.174676	
2.603217	2.175331	
2.603217	2.175331	
2.603217	2.175331	
2.603217	2.175331	
2.603217	2.175331	
2.603217	2.175331	
2.603217	2.175331	
2.603159	2.175331	
2.603159	2.174950	
2.603159	2.174950	
2.603159	2.174950	
2.603159	2.174950	
2.603159	2.174950	
2.603159	2.174950	
2.603159	2.174950	
2.603286	2.174950	
2.603286	2.174352	
2.603286	2.174352	
2.603286	2.174352	
2.603286	2.174352	
2.603286	2.174352	
2.603286	2.174352	
2.603286	2.174352	
2.603185	2.174352	
2.603185	2.174380	
2.603185	2.174380	
2.603185	2.174380	
2.603185	2.174380	
2.603185	2.174380	
2.603185	2.174380	
2.603185	2.174380	
2.603450	2.174380	
2.603450	2.175309	
2.603450	2.175309	
2.603450	2.175309	
2.603450	2.175309	
2.603450	2.175309	
2.603450	2.175309	
2.603450	2.175309	
2.603344	2.175309	
2.603344	2.175317	
2.603344	2.175317	
2.603344	2.175317	
2.603344	2.175317	
2.603344	2.175317	
2.603344	2.175317	
2.603344	2.175317	
2.603270	2.175317	
2.603270	2.174543	
2.603270	2.174543	
2.603270	2.174543	
2.603270	2.174543	
2.603270	2.174543	
2.603270	2.174543	
2.603270	2.174543	
2.603502	2.174543	
2.603502	2.174206	
2.603502	2.174206	
2.603502	2.174206	
2.603502	2.174206	
2.603502	2.174206	
2.603502	2.174206	
2.603502	2.174206	
2.603614	2.174206	
2.603614	2.175171	
2.603614	2.175171	
2.603614	2.175171	
2.603614	2.175171	
2.603614	2.175171	
2.603614	2.175171	
2.603614	2.175171	
2.603433	2.175171	
2.603433	2.175577	
2.603433	2.175577	
2.603433	2.175577	
2.603433	2.175577	
2.603433	2.175577	
2.603433	2.175577	
2.603433	2.175577	
2.603792	2.175577	
2.603792	2.175126	
2.603792	2.175126	
2.603792	2.175126	
2.603792	2.175126	
2.603792	2.175126	
2.603792	2.175126	
2.603792	2.175126	
2.603735	2.175126	
2.603735	2.174077	
2.603735	2.174077	
2.603735	2.174077	
2.603735	2.174077	
2.603735	2.174077	
2.603735	2.174077	
2.603735	2.174077	
2.603708	2.174077	
2.603708	2.174882	
2.603708	2.174882	
2.603708	2.174882	
2.603708	2.174882	
2.603708	2.174882	
2.603708	2.174882	
2.603708	2.174882	
2.604055	2.174882	
2.604055	2.175314	
2.604055	2.175314	
2.604055	2.175314	
2.604055	2.175314	
2.604055	2.175314	
2.604055	2.175314	
2.604055	2.175314	
2.604214	2.175314	
2.604214	2.175092	
2.604214	2.175092	
2.604214	2.175092	
2.604214	2.175092	
2.604214	2.175092	
2.604214	2.175092	
2.604214	2.175092	
2.604044	2.175092	
2.604044	2.174083	
2.604044	2.174083	
2.604044	2.174083	
2.604044	2.174083	
2.604044	2.174083	
2.604044	2.174083	
2.604044	2.174083	
2.604560	2.174083	
2.604560	2.174288	
2.604560	2.174288	
2.604560	2.174288	
2.604560	2.174288	
2.604560	2.174288	
2.604560	2.174288	
2.604560	2.174288	
2.604126	2.174288	
2.604126	2.175355	
2.604126	2.175355	
2.604126	2.175355	
2.604126	2.175355	
2.604126	2.175355	
2.604126	2.175355	
2.604126	2.175355	
2.604365	2.175355	
2.604365	2.175212	
2.604365	2.175212	
2.604365	2.175212	
2.604365	2.175212	
2.604365	2.175212	
2.604365	2.175212	
2.604365	2.175212	
2.604310	2.175212	
2.604310	2.174541	
2.604310	2.174541	
2.604310	2.174541	
2.604310	2.174541	
2.604310	2.174541	
2.604310	2.174541	
2.604310	2.174541	
2.604653	2.174541	
2.604653	2.174391	
2.604653	2.174391	
2.604653	2.174391	
2.604653	2.174391	
2.604653	2.174391	
2.604653	2.174391	
2.604653	2.174391	
2.604811	2.174391	
2.604811	2.175265	
2.604811	2.175265	
2.604811	2.175265	
2.604811	2.175265	
2.604811	2.175265	
2.604811	2.175265	
2.604811	2.175265	
2.604852	2.175265	
2.604852	2.175352	
2.604852	2.175352	
2.604852	2.175352	
2.604852	2.175352	
2.604852	2.175352	
2.604852	2.175352	
2.604852	2.175352	
2.605085	2.175352	
2.605085	2.174840	
2.605085	2.174840	
2.605085	2.174840	
2.605085	2.174840	
2.605085	2.174840	
2.605085	2.174840	
2.605085	2.174840	
2.605071	2.174840	
2.605071	2.174052	
2.605071	2.174052	
2.605071	2.174052	
2.605071	2.174052	
2.605071	2.174052	
2.605071	2.174052	
2.605071	2.174052	
2.605296	2.174052	
2.605296	2.175044	
2.605296	2.175044	
2.605296	2.175044	
2.605296	2.175044	
2.605296	2.175044	
2.605296	2.175044	
2.605296	2.175044	
2.605322	2.175044	
2.605322	2.175570	
2.605322	2.175570	
2.605322	2.175570	
2.605322	2.175570	
2.605322	2.175570	
2.605322	2.175570	
2.605322	2.175570	
2.605421	2.175570	
2.605421	2.174894	
2.605421	2.174894	
2.605421	2.174894	
2.605421	2.174894	
2.605421	2.174894	
2.605421	2.174894	
2.605421	2.174894	
2.605615	2.174894	
2.605615	2.174310	
2.605615	2.174310	
2.605615	2.174310	
2.605615	2.174310	
2.605615	2.174310	
2.605615	2.174310	
2.605615	2.174310	
2.605759	2.174310	
2.605759	2.174356	
2.605759	2.174356	
2.605759	2.174356	
2.605759	2.174356	
2.605759	2.174356	
2.605759	2.174356	
2.605759	2.174356	
2.605808	2.174356	
2.605808	2.175110	
2.605808	2.175110	
2.605808	2.175110	
2.605808	2.175110	
2.605808	2.175110	
2.605808	2.175110	
2.605808	2.175110	
2.606053	2.175110	
2.606053	2.175237	
2.606053	2.175237	
2.606053	2.175237	
2.606053	2.175237	
2.606053	2.175237	
2.606053	2.175237	
2.606053	2.175237	
2.606146	2.175237	
2.606146	2.174363	
2.606146	2.174363	
2.606146	2.174363	
2.606146	2.174363	
2.606146	2.174363	
2.606146	2.174363	
2.606146	2.174363	
2.606572	2.174363	
2.606572	2.174108	
2.606572	2.174108	
2.606572	2.174108	
2.606572	2.174108	
2.606572	2.174108	
2.606572	2.174108	
2.606572	2.174108	
2.606661	2.174108	
2.606661	2.175419	
2.606661	2.175419	
2.606661	2.175419	
2.606661	2.175419	
2.606661	2.175419	
2.606661	2.175419	
2.606661	2.175419	
2.606698	2.175419	
2.606698	2.175349	
2.606698	2.175349	
2.606698	2.175349	
2.606698	2.175349	
2.606698	2.175349	
2.606698	2.175349	
2.606698	2.175349	
2.607161	2.175349	
2.607161	2.174794	
2.607161	2.174794	
2.607161	2.174794	
2.607161	2.174794	
2.607161	2.174794	
2.607161	2.174794	
2.607161	2.174794	
2.607062	2.174794	
2.607062	2.174285	
2.607062	2.174285	
2.607062	2.174285	
2.607062	2.174285	
2.607062	2.174285	
2.607062	2.174285	
2.607062	2.174285	
2.607223	2.174285	
2.607223	2.175401	
2.607223	2.175401	
2.607223	2.175401	
2.607223	2.175401	
2.607223	2.175401	
2.607223	2.175401	
2.607223	2.175401	
2.607577	2.175401	
2.607577	2.175349	
2.607577	2.175349	
2.607577	2.175349	
2.607577	2.175349	
2.607577	2.175349	
2.607577	2.175349	
2.607577	2.175349	
2.607805	2.175349	
2.607805	2.175029	
2.607805	2.175029	
2.607805	2.175029	
2.607805	2.175029	
2.607805	2.175029	
2.607805	2.175029	
2.607805	2.175029	
2.607868	2.175029	
2.607868	2.174297	
2.607868	2.174297	
2.607868	2.174297	
2.607868	2.174297	
2.607868	2.174297	
2.607868	2.174297	
2.607868	2.174297	
2.607965	2.174297	
2.607965	2.174821	
2.607965	2.174821	
2.607965	2.174821	
2.607965	2.174821	
2.607965	2.174821	
2.607965	2.174821	
2.607965	2.174821	
2.608334	2.174821	
2.608334	2.175673	
2.608334	2.175673	
2.608334	2.175673	
2.608334	2.175673	
2.608334	2.175673	
2.608334	2.175673	
2.608334	2.175673	
2.608404	2.175673	
2.608404	2.175058	
2.608404	2.175058	
2.608404	2.175058	
2.608404	2.175058	
2.608404	2.175058	
2.608404	2.175058	
2.608404	2.175058	
2.608597	2.175058	
2.608597	2.174283	
2.608597	2.174283	
2.608597	2.174283	
2.608597	2.174283	
2.608597	2.174283	
2.608597	2.174283	
2.608597	2.174283	
2.609287	2.174283	
2.609287	2.174280	
2.609287	2.174280	
2.609287	2.174280	
2.609287	2.174280	
2.609287	2.174280	
2.609287	2.174280	
2.609287	2.174280	
2.609176	2.174280	
2.609176	2.175216	
2.609176	2.175216	
2.609176	2.175216	
2.609176	2.175216	
2.609176	2.175216	
2.609176	2.175216	
2.609176	2.175216	
2.609195	2.175216	
2.609195	2.174976	
2.609195	2.174976	
2.609195	2.174976	
2.609195	2.174976	
2.609195	2.174976	
2.609195	2.174976	
2.609195	2.174976	
2.609731	2.174976	
2.609731	2.174546	
2.609731	2.174546	
2.609731	2.174546	
2.609731	2.174546	
2.609731	2.174546	
2.609731	2.174546	
2.609731	2.174546	
2.609699	2.174546	
2.609699	2.173985	
2.609699	2.173985	
2.609699	2.173985	
2.609699	2.173985	
2.609699	2.173985	
2.609699	2.173985	
2.609699	2.173985	
2.609880	2.173985	
2.609880	2.175293	
2.609880	2.175293	
2.609880	2.175293	
2.609880	2.175293	
2.609880	2.175293	
2.609880	2.175293	
2.609880	2.175293	
2.610732	2.175293	
2.610732	2.175272	
2.610732	2.175272	
2.610732	2.175272	
2.610732	2.175272	
2.610732	2.175272	
2.610732	2.175272	
2.610732	2.175272	
2.610909	2.175272	
2.610909	2.175137	
2.610909	2.175137	
2.610909	2.175137	
2.610909	2.175137	
2.610909	2.175137	
2.610909	2.175137	
2.610909	2.175137	
2.610600	2.175137	
2.610600	2.174164	
2.610600	2.174164	
2.610600	2.174164	
2.610600	2.174164	
2.610600	2.174164	
2.610600	2.174164	
2.610600	2.174164	
2.610783	2.174164	
2.610783	2.174981	
2.610783	2.174981	
2.610783	2.174981	
2.610783	2.174981	
2.610783	2.174981	
2.610783	2.174981	
2.610783	2.174981	
2.610890	2.174981	
2.610890	2.175531	
2.610890	2.175531	
2.610890	2.175531	
2.610890	2.175531	
2.610890	2.175531	
2.610890	2.175531	
2.610890	2.175531	
2.610783	2.175531	
2.610783	2.174778	
2.610783	2.174778	
2.610783	2.174778	
2.610783	2.174778	
2.610783	2.174778	
2.610783	2.174778	
2.610783	2.174778	
2.610626	2.174778	
2.610626	2.174444	
2.610626	2.174444	
2.610626	2.174444	
2.610626	2.174444	
2.610626	2.174444	
2.610626	2.174444	
2.610626	2.174444	
2.610827	2.174444	
2.610827	2.174705	
2.610827	2.174705	
2.610827	2.174705	
2.610827	2.174705	
2.610827	2.174705	
2.610827	2.174705	
2.610827	2.174705	
2.610809	2.174705	
2.610809	2.175453	
2.610809	2.175453	
2.610809	2.175453	
2.610809	2.175453	
2.610809	2.175453	
2.610809	2.175453	
2.610809	2.175453	
2.610800	2.175453	
2.610800	2.175317	
2.610800	2.175317	
2.610800	2.175317	
2.610800	2.175317	
2.610800	2.175317	
2.610800	2.175317	
2.610800	2.175317	
2.611314	2.175317	
2.611314	2.174561	
2.611314	2.174561	
2.611314	2.174561	
2.611314	2.174561	
2.611314	2.174561	
2.611314	2.174561	
2.611314	2.174561	
2.613538	2.174561	
2.613538	2.117563	
2.613538	2.117563	
2.613538	2.117563	
2.613538	2.117563	
2.613538	2.117563	
2.613538	2.117563	
2.613538	2.117563	
2.616207	2.117563	
2.616207	2.118212	
2.616207	2.118212	
2.616207	2.118212	
2.616207	2.118212	
2.616207	2.118212	
2.616207	2.118212	
2.616207	2.118212	
2.619653	2.118212	
2.619653	2.118035	
2.619653	2.118035	
2.619653	2.118035	
2.619653	2.118035	
2.619653	2.118035	
2.619653	2.118035	
2.619653	2.118035	
2.622289	2.118035	
2.622289	2.117578	
2.622289	2.117578	
2.622289	2.117578	
2.622289	2.117578	
2.622289	2.117578	
2.622289	2.117578	
2.622289	2.117578	
2.625444	2.117578	
2.625444	2.116770	
2.625444	2.116770	
2.625444	2.116770	
2.625444	2.116770	
2.625444	2.116770	
2.625444	2.116770	
2.625444	2.116770	
2.628179	2.116770	
2.628179	2.117456	
2.628179	2.117456	
2.628179	2.117456	
2.628179	2.117456	
2.628179	2.117456	
2.628179	2.117456	
2.628179	2.117456	
2.631304	2.117456	
2.631304	2.117652	
2.631304	2.117652	
2.631304	2.117652	
2.631304	2.117652	
2.631304	2.117652	
2.631304	2.117652	
2.631304	2.117652	
2.634374	2.117652	
2.634374	2.117061	
2.634374	2.117061	
2.634374	2.117061	
2.634374	2.117061	
2.634374	2.117061	
2.634374	2.117061	
2.634374	2.117061	
2.637367	2.117061	
2.637367	2.116195	
2.637367	2.116195	
2.637367	2.116195	
2.637367	2.116195	
2.637367	2.116195	
2.637367	2.116195	
2.637367	2.116195	
2.640497	2.116195	
2.640497	2.116476	
2.640497	2.116476	
2.640497	2.116476	
2.640497	2.116476	
2.640497	2.116476	
2.640497	2.116476	
2.640497	2.116476	
2.643088	2.116476	
2.643088	2.117243	
2.643088	2.117243	
2.643088	2.117243	
2.643088	2.117243	
2.643088	2.117243	
2.643088	2.117243	
2.643088	2.117243	
2.646344	2.117243	
2.646344	2.117122	
2.646344	2.117122	
2.646344	2.117122	
2.646344	2.117122	
2.646344	2.117122	
2.646344	2.117122	
2.646344	2.117122	
2.649124	2.117122	
2.649124	2.116329	
2.649124	2.116329	
2.649124	2.116329	
2.649124	2.116329	
2.649124	2.116329	
2.649124	2.116329	
2.649124	2.116329	
2.652056	2.116329	
2.652056	2.116056	
2.652056	2.116056	
2.652056	2.116056	
2.652056	2.116056	
2.652056	2.116056	
2.652056	2.116056	
2.652056	2.116056	
2.654807	2.116056	
2.654807	2.117077	
2.654807	2.117077	
2.654807	2.117077	
2.654807	2.117077	
2.654807	2.117077	
2.654807	2.117077	
2.654807	2.117077	
2.657523	2.117077	
2.657523	2.117056	
2.657523	2.117056	
2.657523	2.117056	
2.657523	2.117056	
2.657523	2.117056	
2.657523	2.117056	
2.657523	2.117056	
2.660620	2.117056	
2.660620	2.116695	
2.660620	2.116695	
2.660620	2.116695	
2.660620	2.116695	
2.660620	2.116695	
2.660620	2.116695	
2.660620	2.116695	
2.663164	2.116695	
2.663164	2.115951	
2.663164	2.115951	
2.663164	2.115951	
2.663164	2.115951	
2.663164	2.115951	
2.663164	2.115951	
2.663164	2.115951	
2.666090	2.115951	
2.666090	2.116941	
2.666090	2.116941	
2.666090	2.116941	
2.666090	2.116941	
2.666090	2.116941	
2.666090	2.116941	
2.666090	2.116941	
2.668694	2.116941	
2.668694	2.117061	
2.668694	2.117061	
2.668694	2.117061	
2.668694	2.117061	
2.668694	2.117061	
2.668694	2.117061	
2.668694	2.117061	
2.671382	2.117061	
2.671382	2.116874	
2.671382	2.116874	
2.671382	2.116874	
2.671382	2.116874	
2.671382	2.116874	
2.671382	2.116874	
2.671382	2.116874	
2.674183	2.116874	
2.674183	2.116170	
2.674183	2.116170	
2.674183	2.116170	
2.674183	2.116170	
2.674183	2.116170	
2.674183	2.116170	
2.674183	2.116170	
2.677127	2.116170	
2.677127	2.116572	
2.677127	2.116572	
2.677127	2.116572	
2.677127	2.116572	
2.677127	2.116572	
2.677127	2.116572	
2.677127	2.116572	
2.679845	2.116572	
2.679845	2.117239	
2.679845	2.117239	
2.679845	2.117239	
2.679845	2.117239	
2.679845	2.117239	
2.679845	2.117239	
2.679845	2.117239	
2.682467	2.117239	
2.682467	2.117234	
2.682467	2.117234	
2.682467	2.117234	
2.682467	2.117234	
2.682467	2.117234	
2.682467	2.117234	
2.682467	2.117234	
2.684726	2.117234	
2.684726	2.116430	
2.684726	2.116430	
2.684726	2.116430	
2.684726	2.116430	
2.684726	2.116430	
2.684726	2.116430	
2.684726	2.116430	
2.687718	2.116430	
2.687718	2.116449	
2.687718	2.116449	
2.687718	2.116449	
2.687718	2.116449	
2.687718	2.116449	
2.687718	2.116449	
2.687718	2.116449	
2.690329	2.116449	
2.690329	2.117220	
2.690329	2.117220	
2.690329	2.117220	
2.690329	2.117220	
2.690329	2.117220	
2.690329	2.117220	
2.690329	2.117220	
2.692780	2.117220	
2.692780	2.117019	
2.692780	2.117019	
2.692780	2.117019	
2.692780	2.117019	
2.692780	2.117019	
2.692780	2.117019	
2.692780	2.117019	
2.695235	2.117019	
2.695235	2.116697	
2.695235	2.116697	
2.695235	2.116697	
2.695235	2.116697	
2.695235	2.116697	
2.695235	2.116697	
2.695235	2.116697	
2.697629	2.116697	
2.697629	2.115782	
2.697629	2.115782	
2.697629	2.115782	
2.697629	2.115782	
2.697629	2.115782	
2.697629	2.115782	
2.697629	2.115782	
2.700025	2.115782	
2.700025	2.116768	
2.700025	2.116768	
2.700025	2.116768	
2.700025	2.116768	
2.700025	2.116768	
2.700025	2.116768	
2.700025	2.116768	
2.702632	2.116768	
2.702632	2.116857	
2.702632	2.116857	
2.702632	2.116857	
2.702632	2.116857	
2.702632	2.116857	
2.702632	2.116857	
2.702632	2.116857	
2.705034	2.116857	
2.705034	2.116604	
2.705034	2.116604	
2.705034	2.116604	
2.705034	2.116604	
2.705034	2.116604	
2.705034	2.116604	
2.705034	2.116604	
2.703050	2.116604	
2.703050	2.115645	
2.703050	2.115645	
2.703050	2.115645	
2.703050	2.115645	
2.703050	2.115645	
2.703050	2.115645	
2.703050	2.115645	
2.700467	2.115645	
2.700467	2.116339	
2.700467	2.116339	
2.700467	2.116339	
2.700467	2.116339	
2.700467	2.116339	
2.700467	2.116339	
2.700467	2.116339	
2.697832	2.116339	
2.697832	2.117022	
2.697832	2.117022	
2.697832	2.117022	
2.697832	2.117022	
2.697832	2.117022	
2.697832	2.117022	
2.697832	2.117022	
2.695638	2.117022	
2.695638	2.116635	
2.695638	2.116635	
2.695638	2.116635	
2.695638	2.116635	
2.695638	2.116635	
2.695638	2.116635	
2.695638	2.116635	
2.693121	2.116635	
2.693121	2.115825	
2.693121	2.115825	
2.693121	2.115825	
2.693121	2.115825	
2.693121	2.115825	
2.693121	2.115825	
2.693121	2.115825	
2.690796	2.115825	
2.690796	2.115873	
2.690796	2.115873	
2.690796	2.115873	
2.690796	2.115873	
2.690796	2.115873	
2.690796	2.115873	
2.690796	2.115873	
2.688208	2.115873	
2.688208	2.116880	
2.688208	2.116880	
2.688208	2.116880	
2.688208	2.116880	
2.688208	2.116880	
2.688208	2.116880	
2.688208	2.116880	
2.685708	2.116880	
2.685708	2.116729	
2.685708	2.116729	
2.685708	2.116729	
2.685708	2.116729	
2.685708	2.116729	
2.685708	2.116729	
2.685708	2.116729	
2.682850	2.116729	
2.682850	2.116276	
2.682850	2.116276	
2.682850	2.116276	
2.682850	2.116276	
2.682850	2.116276	
2.682850	2.116276	
2.682850	2.116276	
2.680346	2.116276	
2.680346	2.115815	
2.680346	2.115815	
2.680346	2.115815	
2.680346	2.115815	
2.680346	2.115815	
2.680346	2.115815	
2.680346	2.115815	
2.677505	2.115815	
2.677505	2.116814	
2.677505	2.116814	
2.677505	2.116814	
2.677505	2.116814	
2.677505	2.116814	
2.677505	2.116814	
2.677505	2.116814	
2.674666	2.116814	
2.674666	2.116995	
2.674666	2.116995	
2.674666	2.116995	
2.674666	2.116995	
2.674666	2.116995	
2.674666	2.116995	
2.674666	2.116995	
2.672071	2.116995	
2.672071	2.116703	
2.672071	2.116703	
2.672071	2.116703	
2.672071	2.116703	
2.672071	2.116703	
2.672071	2.116703	
2.672071	2.116703	
2.669616	2.116703	
2.669616	2.115731	
2.669616	2.115731	
2.669616	2.115731	
2.669616	2.115731	
2.669616	2.115731	
2.669616	2.115731	
2.669616	2.115731	
2.666854	2.115731	
2.666854	2.116490	
2.666854	2.116490	
2.666854	2.116490	
2.666854	2.116490	
2.666854	2.116490	
2.666854	2.116490	
2.666854	2.116490	
2.663681	2.116490	
2.663681	2.117659	
2.663681	2.117659	
2.663681	2.117659	
2.663681	2.117659	
2.663681	2.117659	
2.663681	2.117659	
2.663681	2.117659	
2.661143	2.117659	
2.661143	2.116908	
2.661143	2.116908	
2.661143	2.116908	
2.661143	2.116908	
2.661143	2.116908	
2.661143	2.116908	
2.661143	2.116908	
2.658177	2.116908	
2.658177	2.116213	
2.658177	2.116213	
2.658177	2.116213	
2.658177	2.116213	
2.658177	2.116213	
2.658177	2.116213	
2.658177	2.116213	
2.655560	2.116213	
2.655560	2.116291	
2.655560	2.116291	
2.655560	2.116291	
2.655560	2.116291	
2.655560	2.116291	
2.655560	2.116291	
2.655560	2.116291	
2.652502	2.116291	
2.652502	2.117306	
2.652502	2.117306	
2.652502	2.117306	
2.652502	2.117306	
2.652502	2.117306	
2.652502	2.117306	
2.652502	2.117306	
2.649589	2.117306	
2.649589	2.117176	
2.649589	2.117176	
2.649589	2.117176	
2.649589	2.117176	
2.649589	2.117176	
2.649589	2.117176	
2.649589	2.117176	
2.646523	2.117176	
2.646523	2.116644	
2.646523	2.116644	
2.646523	2.116644	
2.646523	2.116644	
2.646523	2.116644	
2.646523	2.116644	
2.646523	2.116644	
2.644108	2.116644	
2.644108	2.116295	
2.644108	2.116295	
2.644108	2.116295	
2.644108	2.116295	
2.644108	2.116295	
2.644108	2.116295	
2.644108	2.116295	
2.640868	2.116295	
2.640868	2.117308	
2.640868	2.117308	
2.640868	2.117308	
2.640868	2.117308	
2.640868	2.117308	
2.640868	2.117308	
2.640868	2.117308	
2.637890	2.117308	
2.637890	2.117279	
2.637890	2.117279	
2.637890	2.117279	
2.637890	2.117279	
2.637890	2.117279	
2.637890	2.117279	
2.637890	2.117279	
2.635353	2.117279	
2.635353	2.116958	
2.635353	2.116958	
2.635353	2.116958	
2.635353	2.116958	
2.635353	2.116958	
2.635353	2.116958	
2.635353	2.116958	
2.632180	2.116958	
2.632180	2.116182	
2.632180	2.116182	
2.632180	2.116182	
2.632180	2.116182	
2.632180	2.116182	
2.632180	2.116182	
2.632180	2.116182	
2.628634	2.116182	
2.628634	2.117201	
2.628634	2.117201	
2.628634	2.117201	
2.628634	2.117201	
2.628634	2.117201	
2.628634	2.117201	
2.628634	2.117201	
2.626577	2.117201	
2.626577	2.117335	
2.626577	2.117335	
2.626577	2.117335	
2.626577	2.117335	
2.626577	2.117335	
2.626577	2.117335	
2.626577	2.117335	
2.623109	2.117335	
2.623109	2.117050	
2.623109	2.117050	
2.623109	2.117050	
2.623109	2.117050	
2.623109	2.117050	
2.623109	2.117050	
2.623109	2.117050	
2.620240	2.117050	
2.620240	2.116551	
2.620240	2.116551	
2.620240	2.116551	
2.620240	2.116551	
2.620240	2.116551	
2.620240	2.116551	
2.620240	2.116551	
2.617215	2.116551	
2.617215	2.116404	
2.617215	2.116404	
2.617215	2.116404	
2.617215	2.116404	
2.617215	2.116404	
2.617215	2.116404	
2.617215	2.116404	
2.614167	2.116404	
2.614167	2.117186	
2.614167	2.117186	
2.614167	2.117186	
2.614167	2.117186	
2.614167	2.117186	
2.614167	2.117186	
2.614167	2.117186	
2.611425	2.117186	
2.611425	2.116911	
2.611425	2.116911	
2.611425	2.116911	
2.611425	2.116911	
2.611425	2.116911	
2.611425	2.116911	
2.611425	2.116911	
2.611034	2.116911	
2.611034	2.116413	
2.611034	2.116413	
2.611034	2.116413	
2.611034	2.116413	
2.611034	2.116413	
2.611034	2.116413	
2.611034	2.116413	
2.610670	2.116413	
2.610670	2.116268	
2.610670	2.116268	
2.610670	2.116268	
2.610670	2.116268	
2.610670	2.116268	
2.610670	2.116268	
2.610670	2.116268	
2.610473	2.116268	
2.610473	2.117247	
2.610473	2.117247	
2.610473	2.117247	
2.610473	2.117247	
2.610473	2.117247	
2.610473	2.117247	
2.610473	2.117247	
2.610711	2.117247	
2.610711	2.117232	
2.610711	2.117232	
2.610711	2.117232	
2.610711	2.117232	
2.610711	2.117232	
2.610711	2.117232	
2.610711	2.117232	
2.610816	2.117232	
2.610816	2.116700	
2.610816	2.116700	
2.610816	2.116700	
2.610816	2.116700	
2.610816	2.116700	
2.610816	2.116700	
2.610816	2.116700	
2.610382	2.116700	
2.610382	2.116066	
2.610382	2.116066	
2.610382	2.116066	
2.610382	2.116066	
2.610382	2.116066	
2.610382	2.116066	
2.610382	2.116066	
2.610609	2.116066	
2.610609	2.116993	
2.610609	2.116993	
2.610609	2.116993	
2.610609	2.116993	
2.610609	2.116993	
2.610609	2.116993	
2.610609	2.116993	
2.610717	2.116993	
2.610717	2.117183	
2.610717	2.117183	
2.610717	2.117183	
2.610717	2.117183	
2.610717	2.117183	
2.610717	2.117183	
2.610717	2.117183	
2.610372	2.117183	
2.610372	2.116955	
2.610372	2.116955	
2.610372	2.116955	
2.610372	2.116955	
2.610372	2.116955	
2.610372	2.116955	
2.610372	2.116955	
2.610711	2.116955	
2.610711	2.115962	
2.610711	2.115962	
2.610711	2.115962	
2.610711	2.115962	
2.610711	2.115962	
2.610711	2.115962	
2.610711	2.115962	
2.610395	2.115962	
2.610395	2.116459	
2.610395	2.116459	
2.610395	2.116459	
2.610395	2.116459	
2.610395	2.116459	
2.610395	2.116459	
2.610395	2.116459	
2.609368	2.116459	
2.609368	2.117212	
2.609368	2.117212	
2.609368	2.117212	
2.609368	2.117212	
2.609368	2.117212	
2.609368	2.117212	
2.609368	2.117212	
2.609423	2.117212	
2.609423	2.116684	
2.609423	2.116684	
2.609423	2.116684	
2.609423	2.116684	
2.609423	2.116684	
2.609423	2.116684	
2.609423	2.116684	
2.609367	2.116684	
2.609367	2.116210	
2.609367	2.116210	
2.609367	2.116210	
2.609367	2.116210	
2.609367	2.116210	
2.609367	2.116210	
2.609367	2.116210	
2.608670	2.116210	
2.608670	2.116263	
2.608670	2.116263	
2.608670	2.116263	
2.608670	2.116263	
2.608670	2.116263	
2.608670	2.116263	
2.608670	2.116263	
2.608758	2.116263	
2.608758	2.117211	
2.608758	2.117211	
2.608758	2.117211	
2.608758	2.117211	
2.608758	2.117211	
2.608758	2.117211	
2.608758	2.117211	
2.608752	2.117211	
2.608752	2.117153	
2.608752	2.117153	
2.608752	2.117153	
2.608752	2.117153	
2.608752	2.117153	
2.608752	2.117153	
2.608752	2.117153	
2.608262	2.117153	
2.608262	2.116619	
2.608262	2.116619	
2.608262	2.116619	
2.608262	2.116619	
2.608262	2.116619	
2.608262	2.116619	
2.608262	2.116619	
2.608297	2.116619	
2.608297	2.116145	
2.608297	2.116145	
2.608297	2.116145	
2.608297	2.116145	
2.608297	2.116145	
2.608297	2.116145	
2.608297	2.116145	
2.608057	2.116145	
2.608057	2.117223	
2.608057	2.117223	
2.608057	2.117223	
2.608057	2.117223	
2.608057	2.117223	
2.608057	2.117223	
2.608057	2.117223	
2.607794	2.117223	
2.607794	2.117168	
2.607794	2.117168	
2.607794	2.117168	
2.607794	2.117168	
2.607794	2.117168	
2.607794	2.117168	
2.607794	2.117168	
2.607979	2.117168	
2.607979	2.117034	
2.607979	2.117034	
2.607979	2.117034	
2.607979	2.117034	
2.607979	2.117034	
2.607979	2.117034	
2.607979	2.117034	
2.607872	2.117034	
2.607872	2.116095	
2.607872	2.116095	
2.607872	2.116095	
2.607872	2.116095	
2.607872	2.116095	
2.607872	2.116095	
2.607872	2.116095	
2.607196	2.116095	
2.607196	2.116683	
2.607196	2.116683	
2.607196	2.116683	
2.607196	2.116683	
2.607196	2.116683	
2.607196	2.116683	
2.607196	2.116683	
2.606898	2.116683	
2.606898	2.117252	
2.606898	2.117252	
2.606898	2.117252	
2.606898	2.117252	
2.606898	2.117252	
2.606898	2.117252	
2.606898	2.117252	
2.606995	2.117252	
2.606995	2.116941	
2.606995	2.116941	
2.606995	2.116941	
2.606995	2.116941	
2.606995	2.116941	
2.606995	2.116941	
2.606995	2.116941	
2.606587	2.116941	
2.606587	2.116037	
2.606587	2.116037	
2.606587	2.116037	
2.606587	2.116037	
2.606587	2.116037	
2.606587	2.116037	
2.606587	2.116037	
2.606550	2.116037	
2.606550	2.116485	
2.606550	2.116485	
2.606550	2.116485	
2.606550	2.116485	
2.606550	2.116485	
2.606550	2.116485	
2.606550	2.116485	
2.606475	2.116485	
2.606475	2.117242	
2.606475	2.117242	
2.606475	2.117242	
2.606475	2.117242	
2.606475	2.117242	
2.606475	2.117242	
2.606475	2.117242	
2.606259	2.117242	
2.606259	2.117308	
2.606259	2.117308	
2.606259	2.117308	
2.606259	2.117308	
2.606259	2.117308	
2.606259	2.117308	
2.606259	2.117308	
2.605922	2.117308	
2.605922	2.116689	
2.605922	2.116689	
2.605922	2.116689	
2.605922	2.116689	
2.605922	2.116689	
2.605922	2.116689	
2.605922	2.116689	
2.605886	2.116689	
2.605886	2.116385	
2.605886	2.116385	
2.605886	2.116385	
2.605886	2.116385	
2.605886	2.116385	
2.605886	2.116385	
2.605886	2.116385	
2.605939	2.116385	
2.605939	2.117382	
2.605939	2.117382	
2.605939	2.117382	
2.605939	2.117382	
2.605939	2.117382	
2.605939	2.117382	
2.605939	2.117382	
2.605413	2.117382	
2.605413	2.117135	
2.605413	2.117135	
2.605413	2.117135	
2.605413	2.117135	
2.605413	2.117135	
2.605413	2.117135	
2.605413	2.117135	
2.605539	2.117135	
2.605539	2.116833	
2.605539	2.116833	
2.605539	2.116833	
2.605539	2.116833	
2.605539	2.116833	
2.605539	2.116833	
2.605539	2.116833	
2.605194	2.116833	
2.605194	2.116044	
2.605194	2.116044	
2.605194	2.116044	
2.605194	2.116044	
2.605194	2.116044	
2.605194	2.116044	
2.605194	2.116044	
2.605195	2.116044	
2.605195	2.116871	
2.605195	2.116871	
2.605195	2.116871	
2.605195	2.116871	
2.605195	2.116871	
2.605195	2.116871	
2.605195	2.116871	
2.604955	2.116871	
2.604955	2.117400	
2.604955	2.117400	
2.604955	2.117400	
2.604955	2.117400	
2.604955	2.117400	
2.604955	2.117400	
2.604955	2.117400	
2.604830	2.117400	
2.604830	2.117044	
2.604830	2.117044	
2.604830	2.117044	
2.604830	2.117044	
2.604830	2.117044	
2.604830	2.117044	
2.604830	2.117044	
2.604619	2.117044	
2.604619	2.116263	
2.604619	2.116263	
2.604619	2.116263	
2.604619	2.116263	
2.604619	2.116263	
2.604619	2.116263	
2.604619	2.116263	
2.604183	2.116263	
2.604183	2.116472	
2.604183	2.116472	
2.604183	2.116472	
2.604183	2.116472	
2.604183	2.116472	
2.604183	2.116472	
2.604183	2.116472	
2.604635	2.116472	
2.604635	2.117320	
2.604635	2.117320	
2.604635	2.117320	
2.604635	2.117320	
2.604635	2.117320	
2.604635	2.117320	
2.604635	2.117320	
2.604431	2.117320	
2.604431	2.116898	
2.604431	2.116898	
2.604431	2.116898	
2.604431	2.116898	
2.604431	2.116898	
2.604431	2.116898	
2.604431	2.116898	
2.604422	2.116898	
2.604422	2.116197	
2.604422	2.116197	
2.604422	2.116197	
2.604422	2.116197	
2.604422	2.116197	
2.604422	2.116197	
2.604422	2.116197	
2.603848	2.116197	
2.603848	2.116274	
2.603848	2.116274	
2.603848	2.116274	
2.603848	2.116274	
2.603848	2.116274	
2.603848	2.116274	
2.603848	2.116274	
2.604029	2.116274	
2.604029	2.117358	
2.604029	2.117358	
2.604029	2.117358	
2.604029	2.117358	
2.604029	2.117358	
2.604029	2.117358	
2.604029	2.117358	
2.604215	2.117358	
2.604215	2.117322	
2.604215	2.117322	
2.604215	2.117322	
2.604215	2.117322	
2.604215	2.117322	
2.604215	2.117322	
2.604215	2.117322	
2.604110	2.117322	
2.604110	2.116835	
2.604110	2.116835	
2.604110	2.116835	
2.604110	2.116835	
2.604110	2.116835	
2.604110	2.116835	
2.604110	2.116835	
2.603842	2.116835	
2.603842	2.116189	
2.603842	2.116189	
2.603842	2.116189	
2.603842	2.116189	
2.603842	2.116189	
2.603842	2.116189	
2.603842	2.116189	
2.603739	2.116189	
2.603739	2.116826	
2.603739	2.116826	
2.603739	2.116826	
2.603739	2.116826	
2.603739	2.116826	
2.603739	2.116826	
2.603739	2.116826	
2.603736	2.116826	
2.603736	2.117177	
2.603736	2.117177	
2.603736	2.117177	
2.603736	2.117177	
2.603736	2.117177	
2.603736	2.117177	
2.603736	2.117177	
2.603584	2.117177	
2.603584	2.117016	
2.603584	2.117016	
2.603584	2.117016	
2.603584	2.117016	
2.603584	2.117016	
2.603584	2.117016	
2.603584	2.117016	
2.603731	2.117016	
2.603731	2.116180	
2.603731	2.116180	
2.603731	2.116180	
2.603731	2.116180	
2.603731	2.116180	
2.603731	2.116180	
2.603731	2.116180	
2.603713	2.116180	
2.603713	2.116619	
2.603713	2.116619	
2.603713	2.116619	
2.603713	2.116619	
2.603713	2.116619	
2.603713	2.116619	
2.603713	2.116619	
2.603289	2.116619	
2.603289	2.117199	
2.603289	2.117199	
2.603289	2.117199	
2.603289	2.117199	
2.603289	2.117199	
2.603289	2.117199	
2.603289	2.117199	
2.603599	2.117199	
2.603599	2.116982	
2.603599	2.116982	
2.603599	2.116982	
2.603599	2.116982	
2.603599	2.116982	
2.603599	2.116982	
2.603599	2.116982	
2.603408	2.116982	
2.603408	2.116113	
2.603408	2.116113	
2.603408	2.116113	
2.603408	2.116113	
2.603408	2.116113	
2.603408	2.116113	
2.603408	2.116113	
2.603198	2.116113	
2.603198	2.116249	
2.603198	2.116249	
2.603198	2.116249	
2.603198	2.116249	
2.603198	2.116249	
2.603198	2.116249	
2.603198	2.116249	
2.603400	2.116249	
2.603400	2.117135	
2.603400	2.117135	
2.603400	2.117135	
2.603400	2.117135	
2.603400	2.117135	
2.603400	2.117135	
2.603400	2.117135	
2.603103	2.117135	
2.603103	2.116919	
2.603103	2.116919	
2.603103	2.116919	
2.603103	2.116919	
2.603103	2.116919	
2.603103	2.116919	
2.603103	2.116919	
2.603399	2.116919	
2.603399	2.116293	
2.603399	2.116293	
2.603399	2.116293	
2.603399	2.116293	
2.603399	2.116293	
2.603399	2.116293	
2.603399	2.116293	
2.603241	2.116293	
2.603241	2.115786	
2.603241	2.115786	
2.603241	2.115786	
2.603241	2.115786	
2.603241	2.115786	
2.603241	2.115786	
2.603241	2.115786	
2.603080	2.115786	
2.603080	2.116799	
2.603080	2.116799	
2.603080	2.116799	
2.603080	2.116799	
2.603080	2.116799	
2.603080	2.116799	
2.603080	2.116799	
2.603258	2.116799	
2.603258	2.116950	
2.603258	2.116950	
2.603258	2.116950	
2.603258	2.116950	
2.603258	2.116950	
2.603258	2.116950	
2.603258	2.116950	
2.603178	2.116950	
2.603178	2.116754	
2.603178	2.116754	
2.603178	2.116754	
2.603178	2.116754	
2.603178	2.116754	
2.603178	2.116754	
2.603178	2.116754	
2.603308	2.116754	
2.603308	2.115775	
2.603308	2.115775	
2.603308	2.115775	
2.603308	2.115775	
2.603308	2.115775	
2.603308	2.115775	
2.603308	2.115775	
2.603023	2.115775	
2.603023	2.116444	
2.603023	2.116444	
2.603023	2.116444	
2.603023	2.116444	
2.603023	2.116444	
2.603023	2.116444	
2.603023	2.116444	
2.603125	2.116444	
2.603125	2.117001	
2.603125	2.117001	
2.603125	2.117001	
2.603125	2.117001	
2.603125	2.117001	
2.603125	2.117001	
2.603125	2.117001	
2.602844	2.117001	
2.602844	2.116835	
2.602844	2.116835	
2.602844	2.116835	
2.602844	2.116835	
2.602844	2.116835	
2.602844	2.116835	
2.602844	2.116835	
2.602969	2.116835	
2.602969	2.116347	
2.602969	2.116347	
2.602969	2.116347	
2.602969	2.116347	
2.602969	2.116347	
2.602969	2.116347	
2.602969	2.116347	
2.603013	2.116347	
2.603013	2.116391	
2.603013	2.116391	
2.603013	2.116391	
2.603013	2.116391	
2.603013	2.116391	
2.603013	2.116391	
2.603013	2.116391	
2.603001	2.116391	
2.603001	2.117345	
2.603001	2.117345	
2.603001	2.117345	
2.603001	2.117345	
2.603001	2.117345	
2.603001	2.117345	
2.603001	2.117345	
2.602752	2.117345	
2.602752	2.117224	
2.602752	2.117224	
2.602752	2.117224	
2.602752	2.117224	
2.602752	2.117224	
2.602752	2.117224	
2.602752	2.117224	
2.602906	2.117224	
2.602906	2.116433	
2.602906	2.116433	
2.602906	2.116433	
2.602906	2.116433	
2.602906	2.116433	
2.602906	2.116433	
2.602906	2.116433	
2.603004	2.116433	
2.603004	2.116140	
2.603004	2.116140	
2.603004	2.116140	
2.603004	2.116140	
2.603004	2.116140	
2.603004	2.116140	
2.603004	2.116140	
2.602895	2.116140	
2.602895	2.116997	
2.602895	2.116997	
2.602895	2.116997	
2.602895	2.116997	
2.602895	2.116997	
2.602895	2.116997	
2.602895	2.116997	
2.602741	2.116997	
2.602741	2.117051	
2.602741	2.117051	
2.602741	2.117051	
2.602741	2.117051	
2.602741	2.117051	
2.602741	2.117051	
2.602741	2.117051	
2.602480	2.117051	
2.602480	2.116741	
2.602480	2.116741	
2.602480	2.116741	
2.602480	2.116741	
2.602480	2.116741	
2.602480	2.116741	
2.602480	2.116741	
2.602316	2.116741	
2.602316	2.115828	
2.602316	2.115828	
2.602316	2.115828	
2.602316	2.115828	
2.602316	2.115828	
2.602316	2.115828	
2.602316	2.115828	
2.602620	2.115828	
2.602620	2.116688	
2.602620	2.116688	
2.602620	2.116688	
2.602620	2.116688	
2.602620	2.116688	
2.602620	2.116688	
2.602620	2.116688	
2.602250	2.116688	
2.602250	2.117108	
2.602250	2.117108	
2.602250	2.117108	
2.602250	2.117108	
2.602250	2.117108	
2.602250	2.117108	
2.602250	2.117108	
2.602305	2.117108	
2.602305	2.116698	
2.602305	2.116698	
2.602305	2.116698	
2.602305	2.116698	
2.602305	2.116698	
2.602305	2.116698	
2.602305	2.116698	
2.602187	2.116698	
2.602187	2.116016	
2.602187	2.116016	
2.602187	2.116016	
2.602187	2.116016	
2.602187	2.116016	
2.602187	2.116016	
2.602187	2.116016	
2.602014	2.116016	
2.602014	2.116001	
2.602014	2.116001	
2.602014	2.116001	
2.602014	2.116001	
2.602014	2.116001	
2.602014	2.116001	
2.602014	2.116001	
2.602180	2.116001	
2.602180	2.116971	
2.602180	2.116971	
2.602180	2.116971	
2.602180	2.116971	
2.602180	2.116971	
2.602180	2.116971	
2.602180	2.116971	
2.601938	2.116971	
2.601938	2.116867	
2.601938	2.116867	
2.601938	2.116867	
2.601938	2.116867	
2.601938	2.116867	
2.601938	2.116867	
2.601938	2.116867	
2.602065	2.116867	
2.602065	2.116252	
2.602065	2.116252	
2.602065	2.116252	
2.602065	2.116252	
2.602065	2.116252	
2.602065	2.116252	
2.602065	2.116252	
2.601582	2.116252	
2.601582	2.115967	
2.601582	2.115967	
2.601582	2.115967	
2.601582	2.115967	
2.601582	2.115967	
2.601582	2.115967	
2.601582	2.115967	
2.601461	2.115967	
2.601461	2.117039	
2.601461	2.117039	
2.601461	2.117039	
2.601461	2.117039	
2.601461	2.117039	
2.601461	2.117039	
2.601461	2.117039	
2.601448	2.117039	
2.601448	2.117127	
2.601448	2.117127	
2.601448	2.117127	
2.601448	2.117127	
2.601448	2.117127	
2.601448	2.117127	
2.601448	2.117127	
2.601340	2.117127	
2.601340	2.116658	
2.601340	2.116658	
2.601340	2.116658	
2.601340	2.116658	
2.601340	2.116658	
2.601340	2.116658	
2.601340	2.116658	
2.601311	2.116658	
2.601311	2.115979	
2.601311	2.115979	
2.601311	2.115979	
2.601311	2.115979	
2.601311	2.115979	
2.601311	2.115979	
2.601311	2.115979	
2.601205	2.115979	
2.601205	2.116981	
2.601205	2.116981	
2.601205	2.116981	
2.601205	2.116981	
2.601205	2.116981	
2.601205	2.116981	
2.601205	2.116981	
2.600832	2.116981	
2.600832	2.117117	
2.600832	2.117117	
2.600832	2.117117	
2.600832	2.117117	
2.600832	2.117117	
2.600832	2.117117	
2.600832	2.117117	
2.601380	2.117117	
2.601380	2.116616	
2.601380	2.116616	
2.601380	2.116616	
2.601380	2.116616	
2.601380	2.116616	
2.601380	2.116616	
2.601380	2.116616	
2.600834	2.116616	
2.600834	2.115965	
2.600834	2.115965	
2.600834	2.115965	
2.600834	2.115965	
2.600834	2.115965	
2.600834	2.115965	
2.600834	2.115965	
2.600658	2.115965	
2.600658	2.116268	
2.600658	2.116268	
2.600658	2.116268	
2.600658	2.116268	
2.600658	2.116268	
2.600658	2.116268	
2.600658	2.116268	
2.600529	2.116268	
2.600529	2.117043	
2.600529	2.117043	
2.600529	2.117043	
2.600529	2.117043	
2.600529	2.117043	
2.600529	2.117043	
2.600529	2.117043	
2.600101	2.117043	
2.600101	2.116864	
2.600101	2.116864	
2.600101	2.116864	
2.600101	2.116864	
2.600101	2.116864	
2.600101	2.116864	
2.600101	2.116864	
2.600056	2.116864	
2.600056	2.116169	
2.600056	2.116169	
2.600056	2.116169	
2.600056	2.116169	
2.600056	2.116169	
2.600056	2.116169	
2.600056	2.116169	
2.600059	2.116169	
2.600059	2.116014	
2.600059	2.116014	
2.600059	2.116014	
2.600059	2.116014	
2.600059	2.116014	
2.600059	2.116014	
2.600059	2.116014	
2.600076	2.116014	
2.600076	2.116984	
2.600076	2.116984	
2.600076	2.116984	
2.600076	2.116984	
2.600076	2.116984	
2.600076	2.116984	
2.600076	2.116984	
2.599404	2.116984	
2.599404	2.117058	
2.599404	2.117058	
2.599404	2.117058	
2.599404	2.117058	
2.599404	2.117058	
2.599404	2.117058	
2.599404	2.117058	
2.599487	2.117058	
2.599487	2.116614	
2.599487	2.116614	
2.599487	2.116614	
2.599487	2.116614	
2.599487	2.116614	
2.599487	2.116614	
2.599487	2.116614	
2.599621	2.116614	
2.599621	2.115801	
2.599621	2.115801	
2.599621	2.115801	
2.599621	2.115801	
2.599621	2.115801	
2.599621	2.115801	
2.599621	2.115801	
2.598797	2.115801	
2.598797	2.116895	
2.598797	2.116895	
2.598797	2.116895	
2.598797	2.116895	
2.598797	2.116895	
2.598797	2.116895	
2.598797	2.116895	
2.598923	2.116895	
2.598923	2.117176	
2.598923	2.117176	
2.598923	2.117176	
2.598923	2.117176	
2.598923	2.117176	
2.598923	2.117176	
2.598923	2.117176	
2.598803	2.117176	
2.598803	2.116750	
2.598803	2.116750	
2.598803	2.116750	
2.598803	2.116750	
2.598803	2.116750	
2.598803	2.116750	
2.598803	2.116750	
2.598416	2.116750	
2.598416	2.115958	
2.598416	2.115958	
2.598416	2.115958	
2.598416	2.115958	
2.598416	2.115958	
2.598416	2.115958	
2.598416	2.115958	
2.598273	2.115958	
2.598273	2.116297	
2.598273	2.116297	
2.598273	2.116297	
2.598273	2.116297	
2.598273	2.116297	
2.598273	2.116297	
2.598273	2.116297	
2.598134	2.116297	
2.598134	2.117059	
2.598134	2.117059	
2.598134	2.117059	
2.598134	2.117059	
2.598134	2.117059	
2.598134	2.117059	
2.598134	2.117059	
2.597849	2.117059	
2.597849	2.116737	
2.597849	2.116737	
2.597849	2.116737	
2.597849	2.116737	
2.597849	2.116737	
2.597849	2.116737	
2.597849	2.116737	
2.597376	2.116737	
2.597376	2.116165	
2.597376	2.116165	
2.597376	2.116165	
2.597376	2.116165	
2.597376	2.116165	
2.597376	2.116165	
2.597376	2.116165	
2.597527	2.116165	
2.597527	2.116086	
2.597527	2.116086	
2.597527	2.116086	
2.597527	2.116086	
2.597527	2.116086	
2.597527	2.116086	
2.597527	2.116086	
2.597287	2.116086	
2.597287	2.116965	
2.597287	2.116965	
2.597287	2.116965	
2.597287	2.116965	
2.597287	2.116965	
2.597287	2.116965	
2.597287	2.116965	
2.596782	2.116965	
2.596782	2.116968	
2.596782	2.116968	
2.596782	2.116968	
2.596782	2.116968	
2.596782	2.116968	
2.596782	2.116968	
2.596782	2.116968	
2.597075	2.116968	
2.597075	2.116397	
2.597075	2.116397	
2.597075	2.116397	
2.597075	2.116397	
2.597075	2.116397	
2.597075	2.116397	
2.597075	2.116397	
2.597038	2.116397	
2.597038	2.115899	
2.597038	2.115899	
2.597038	2.115899	
2.597038	2.115899	
2.597038	2.115899	
2.597038	2.115899	
2.597038	2.115899	
2.596646	2.115899	
2.596646	2.116994	
2.596646	2.116994	
2.596646	2.116994	
2.596646	2.116994	
2.596646	2.116994	
2.596646	2.116994	
2.596646	2.116994	
2.595812	2.116994	
2.595812	2.117079	
2.595812	2.117079	
2.595812	2.117079	
2.595812	2.117079	
2.595812	2.117079	
2.595812	2.117079	
2.595812	2.117079	
2.595717	2.117079	
2.595717	2.116857	
2.595717	2.116857	
2.595717	2.116857	
2.595717	2.116857	
2.595717	2.116857	
2.595717	2.116857	
2.595717	2.116857	
2.595376	2.116857	
2.595376	2.115910	
2.595376	2.115910	
2.595376	2.115910	
2.595376	2.115910	
2.595376	2.115910	
2.595376	2.115910	
2.595376	2.115910	
2.595254	2.115910	
2.595254	2.116655	
2.595254	2.116655	
2.595254	2.116655	
2.595254	2.116655	
2.595254	2.116655	
2.595254	2.116655	
2.595254	2.116655	
2.595477	2.116655	
2.595477	2.116966	
2.595477	2.116966	
2.595477	2.116966	
2.595477	2.116966	
2.595477	2.116966	
2.595477	2.116966	
2.595477	2.116966	
2.595234	2.116966	
2.595234	2.116723	
2.595234	2.116723	
2.595234	2.116723	
2.595234	2.116723	
2.595234	2.116723	
2.595234	2.116723	
2.595234	2.116723	
2.595436	2.116723	
2.595436	2.116092	
2.595436	2.116092	
2.595436	2.116092	
2.595436	2.116092	
2.595436	2.116092	
2.595436	2.116092	
2.595436	2.116092	
2.595573	2.116092	
2.595573	2.116188	
2.595573	2.116188	
2.595573	2.116188	
2.595573	2.116188	
2.595573	2.116188	
2.595573	2.116188	
2.595573	2.116188	
2.595185	2.116188	
2.595185	2.117053	
2.595185	2.117053	
2.595185	2.117053	
2.595185	2.117053	
2.595185	2.117053	
2.595185	2.117053	
2.595185	2.117053	
2.595583	2.117053	
2.595583	2.117257	
2.595583	2.117257	
2.595583	2.117257	
2.595583	2.117257	
2.595583	2.117257	
2.595583	2.117257	
2.595583	2.117257	
2.595269	2.117257	
2.595269	2.116553	
2.595269	2.116553	
2.595269	2.116553	
2.595269	2.116553	
2.595269	2.116553	
2.595269	2.116553	
2.595269	2.116553	
2.594605	2.116553	
2.594605	2.116265	
2.594605	2.116265	
2.594605	2.116265	
2.594605	2.116265	
2.594605	2.116265	
2.594605	2.116265	
2.594605	2.116265	
2.594320	2.116265	
2.594320	2.117259	
2.594320	2.117259	
2.594320	2.117259	
2.594320	2.117259	
2.594320	2.117259	
2.594320	2.117259	
2.594320	2.117259	
2.592044	2.117259	
2.592044	2.174729	
2.592044	2.174729	
2.592044	2.174729	
2.592044	2.174729	
2.592044	2.174729	
2.592044	2.174729	
2.592044	2.174729	
2.589516	2.174729	
2.589516	2.174466	
2.589516	2.174466	
2.589516	2.174466	
2.589516	2.174466	
2.589516	2.174466	
2.589516	2.174466	
2.589516	2.174466	
2.586765	2.174466	
2.586765	2.173674	
2.586765	2.173674	
2.586765	2.173674	
2.586765	2.173674	
2.586765	2.173674	
2.586765	2.173674	
2.586765	2.173674	
2.583767	2.173674	
2.583767	2.174798	
2.583767	2.174798	
2.583767	2.174798	
2.583767	2.174798	
2.583767	2.174798	
2.583767	2.174798	
2.583767	2.174798	
2.580546	2.174798	
2.580546	2.174892	
2.580546	2.174892	
2.580546	2.174892	
2.580546	2.174892	
2.580546	2.174892	
2.580546	2.174892	
2.580546	2.174892	
2.578002	2.174892	
2.578002	2.174646	
2.578002	2.174646	
2.578002	2.174646	
2.578002	2.174646	
2.578002	2.174646	
2.578002	2.174646	
2.578002	2.174646	
2.575268	2.174646	
2.575268	2.173858	
2.575268	2.173858	
2.575268	2.173858	
2.575268	2.173858	
2.575268	2.173858	
2.575268	2.173858	
2.575268	2.173858	
2.571810	2.173858	
2.571810	2.174355	
2.571810	2.174355	
2.571810	2.174355	
2.571810	2.174355	
2.571810	2.174355	
2.571810	2.174355	
2.571810	2.174355	
2.568965	2.174355	
2.568965	2.175136	
2.568965	2.175136	
2.568965	2.175136	
2.568965	2.175136	
2.568965	2.175136	
2.568965	2.175136	
2.568965	2.175136	
2.566513	2.175136	
2.566513	2.174937	
2.566513	2.174937	
2.566513	2.174937	
2.566513	2.174937	
2.566513	2.174937	
2.566513	2.174937	
2.566513	2.174937	
2.563454	2.174937	
2.563454	2.174219	
2.563454	2.174219	
2.563454	2.174219	
2.563454	2.174219	
2.563454	2.174219	
2.563454	2.174219	
2.563454	2.174219	
2.560411	2.174219	
2.560411	2.174140	
2.560411	2.174140	
2.560411	2.174140	
2.560411	2.174140	
2.560411	2.174140	
2.560411	2.174140	
2.560411	2.174140	
2.557609	2.174140	
2.557609	2.175352	
2.557609	2.175352	
2.557609	2.175352	
2.557609	2.175352	
2.557609	2.175352	
2.557609	2.175352	
2.557609	2.175352	
2.554694	2.175352	
2.554694	2.175434	
2.554694	2.175434	
2.554694	2.175434	
2.554694	2.175434	
2.554694	2.175434	
2.554694	2.175434	
2.554694	2.175434	
2.551853	2.175434	
2.551853	2.174892	
2.551853	2.174892	
2.551853	2.174892	
2.551853	2.174892	
2.551853	2.174892	
2.551853	2.174892	
2.551853	2.174892	
2.549283	2.174892	
2.549283	2.174138	
2.549283	2.174138	
2.549283	2.174138	
2.549283	2.174138	
2.549283	2.174138	
2.549283	2.174138	
2.549283	2.174138	
2.546111	2.174138	
2.546111	2.175413	
2.546111	2.175413	
2.546111	2.175413	
2.546111	2.175413	
2.546111	2.175413	
2.546111	2.175413	
2.546111	2.175413	
2.543722	2.175413	
2.543722	2.175465	
2.543722	2.175465	
2.543722	2.175465	
2.543722	2.175465	
2.543722	2.175465	
2.543722	2.175465	
2.543722	2.175465	
2.540977	2.175465	
2.540977	2.175055	
2.540977	2.175055	
2.540977	2.175055	
2.540977	2.175055	
2.540977	2.175055	
2.540977	2.175055	
2.540977	2.175055	
2.538534	2.175055	
2.538534	2.174213	
2.538534	2.174213	
2.538534	2.174213	
2.538534	2.174213	
2.538534	2.174213	
2.538534	2.174213	
2.538534	2.174213	
2.535546	2.174213	
2.535546	2.174698	
2.535546	2.174698	
2.535546	2.174698	
2.535546	2.174698	
2.535546	2.174698	
2.535546	2.174698	
2.535546	2.174698	
2.532833	2.174698	
2.532833	2.175460	
2.532833	2.175460	
2.532833	2.175460	
2.532833	2.175460	
2.532833	2.175460	
2.532833	2.175460	
2.532833	2.175460	
2.530624	2.175460	
2.530624	2.175262	
2.530624	2.175262	
2.530624	2.175262	
2.530624	2.175262	
2.530624	2.175262	
2.530624	2.175262	
2.530624	2.175262	
2.527317	2.175262	
2.527317	2.174441	
2.527317	2.174441	
2.527317	2.174441	
2.527317	2.174441	
2.527317	2.174441	
2.527317	2.174441	
2.527317	2.174441	
2.524971	2.174441	
2.524971	2.174376	
2.524971	2.174376	
2.524971	2.174376	
2.524971	2.174376	
2.524971	2.174376	
2.524971	2.174376	
2.524971	2.174376	
2.522635	2.174376	
2.522635	2.175465	
2.522635	2.175465	
2.522635	2.175465	
2.522635	2.175465	
2.522635	2.175465	
2.522635	2.175465	
2.522635	2.175465	
2.520155	2.175465	
2.520155	2.175383	
2.520155	2.175383	
2.520155	2.175383	
2.520155	2.175383	
2.520155	2.175383	
2.520155	2.175383	
2.520155	2.175383	
2.517955	2.175383	
2.517955	2.174805	
2.517955	2.174805	
2.517955	2.174805	
2.517955	2.174805	
2.517955	2.174805	
2.517955	2.174805	
2.517955	2.174805	
2.515273	2.174805	
2.515273	2.174201	
2.515273	2.174201	
2.515273	2.174201	
2.515273	2.174201	
2.515273	2.174201	
2.515273	2.174201	
2.515273	2.174201	
2.513117	2.174201	
2.513117	2.175466	
2.513117	2.175466	
2.513117	2.175466	
2.513117	2.175466	
2.513117	2.175466	
2.513117	2.175466	
2.513117	2.175466	
2.510452	2.175466	
2.510452	2.175643	
2.510452	2.175643	
2.510452	2.175643	
2.510452	2.175643	
2.510452	2.175643	
2.510452	2.175643	
2.510452	2.175643	
2.508228	2.175643	
2.508228	2.175307	
2.508228	2.175307	
2.508228	2.175307	
2.508228	2.175307	
2.508228	2.175307	
2.508228	2.175307	
2.508228	2.175307	
2.506150	2.175307	
2.506150	2.174237	
2.506150	2.174237	
2.506150	2.174237	
2.506150	2.174237	
2.506150	2.174237	
2.506150	2.174237	