#	6.50	3098.73
#	6.17	3103.62
#	5.53	3103.62
#	-22.59	3103.62
#	7.15	3108.50
#	6.99	3108.50
#	-20.48	3108.50
#	6.83	3113.39
#	5.36	3118.28
#	7.31	3137.83
#	6.83	3172.04
#	6.50	3211.14
#	6.99	3220.92
#	7.48	3235.58
#	7.48	3245.36
#	7.48	3245.36
#	6.66	3250.24
#	7.48	3240.47
0	6.9875	661.0000
1	8.2875	660.0000
2	7.9625	660.0000
3	8.1250	660.0000
4	7.4750	660.0000
5	8.2875	660.0000
6	8.4500	660.0000
7	8.1250	660.0000
8	7.6375	659.0000
9	8.2875	660.0000
10	8.2875	659.0000
11	8.1250	660.0000
12	8.2875	659.0000
13	6.8250	660.0000
14	8.2875	659.0000
15	7.9625	660.0000
16	7.9625	659.0000
17	8.2875	659.0000
18	8.1250	658.0000
19	8.1250	659.0000
20	7.1500	659.0000
21	8.1250	659.0000
22	7.9625	659.0000
23	8.1250	659.0000
24	8.1250	659.0000
25	7.6375	658.0000
26	7.8000	658.0000
27	8.1250	658.0000
28	8.1250	659.0000
29	7.9625	658.0000
30	7.8000	658.0000
31	8.1250	659.0000
32	7.9625	658.0000
33	8.2875	658.0000
34	7.9625	657.0000
35	7.9625	658.0000
36	7.6375	657.0000
37	7.9625	658.0000
38	3.0875	657.0000
39	7.9625	658.0000
40	7.9625	657.0000
41	7.8000	658.0000
42	8.1250	657.0000
43	8.1250	657.0000
44	8.1250	657.0000
45	7.9625	657.0000
46	7.9625	657.0000
47	8.1250	657.0000
48	7.9625	657.0000
49	7.8000	657.0000
50	7.6375	657.0000
51	7.8000	656.0000
52	7.6375	657.0000
53	7.8000	656.0000
54	7.3125	657.0000
55	7.6375	657.0000
56	7.4750	656.0000
57	7.6375	657.0000
58	7.6375	656.0000
59	7.3125	656.0000
60	7.1500	656.0000
61	7.3125	656.0000
62	7.6375	656.0000
63	7.1500	656.0000
64	7.4750	655.0000
65	7.4750	656.0000
66	7.1500	655.0000
67	7.1500	656.0000
68	7.1500	656.0000
69	7.4750	655.0000
70	6.0125	655.0000
71	7.4750	655.0000
72	7.3125	655.0000
73	7.4750	655.0000
74	7.1500	655.0000
75	7.1500	655.0000
76	7.1500	655.0000
77	6.9875	654.0000
78	6.9875	655.0000
79	7.3125	654.0000
80	-12.6750	654.0000
81	-23.0750	654.0000
82	-7.8000	654.0000
83	6.5000	654.0000
84	6.8250	654.0000
85	6.9875	654.0000
86	6.6625	653.0000
87	6.3375	654.0000
88	6.5000	654.0000
89	6.5000	654.0000
90	6.6625	653.0000
91	6.5000	653.0000
92	6.5000	653.0000
93	6.5000	653.0000
94	6.5000	653.0000
95	6.6625	653.0000
96	6.6625	653.0000
97	6.5000	652.0000
98	6.6625	653.0000
99	6.6625	652.0000
100	6.0125	653.0000
101	6.6625	652.0000
102	6.8250	653.0000
103	6.5000	652.0000
104	6.3375	652.0000
105	6.1750	652.0000
106	6.5000	652.0000
107	6.3375	652.0000
108	5.8500	652.0000
109	6.1750	652.0000
110	6.3375	651.0000
111	6.0125	652.0000
112	6.0125	652.0000
113	5.8500	652.0000
114	6.1750	651.0000
115	6.0125	653.0000
116	5.6875	651.0000
117	6.0125	651.0000
118	5.8500	651.0000
119	5.2000	650.0000
120	5.6875	651.0000
121	5.8500	650.0000
122	5.5250	651.0000
123	5.5250	650.0000
124	5.6875	651.0000
125	5.8500	650.0000
126	5.6875	651.0000
127	5.5250	650.0000
128	5.5250	650.0000
129	5.5250	648.0000
130	4.7125	649.0000
131	5.2000	649.0000
132	5.3625	649.0000
133	5.5250	649.0000
134	5.3625	649.0000
135	5.5250	649.0000
136	4.8750	648.0000
137	5.0375	649.0000
138	4.7125	648.0000
139	5.2000	649.0000
140	4.5500	648.0000
141	4.8750	649.0000
142	4.8750	648.0000
143	4.7125	648.0000
144	4.8750	648.0000
145	4.2250	648.0000
146	4.2250	648.0000
147	4.3875	647.0000
148	3.7375	648.0000
149	-0.1625	647.0000
150	4.5500	648.0000
151	4.3875	647.0000
152	3.9000	647.0000
153	4.0625	647.0000
154	3.9000	647.0000
155	3.9000	647.0000
156	3.0875	647.0000
157	3.2500	647.0000
158	3.4125	646.0000
159	2.6000	647.0000
160	2.6000	646.0000
161	2.1125	647.0000
162	1.7875	646.0000
163	1.4625	646.0000
164	0.9750	646.0000
165	0.8125	645.0000
166	0.1625	646.0000
167	-0.3250	646.0000
168	-0.4875	646.0000
169	-0.9750	645.0000
170	-2.2750	646.0000
171	-1.7875	645.0000
172	-2.4375	645.0000
173	-3.0875	644.0000
174	-4.3875	645.0000
175	-3.9000	644.0000
176	-4.3875	646.0000
177	-5.2000	644.0000
178	-5.8500	644.0000
179	-6.5000	644.0000
180	-7.1500	644.0000
181	-7.9625	644.0000
182	-8.4500	643.0000
183	-9.2625	644.0000
184	-9.9125	643.0000
185	-10.5625	644.0000
186	-11.3750	643.0000
187	-12.5125	644.0000
188	-13.0000	643.0000
189	-13.8125	643.0000
190	-14.6250	643.0000
191	-15.2750	644.0000
192	-16.4125	643.0000
193	-16.9000	643.0000
194	-17.8750	642.0000
195	-18.8500	642.0000
196	-19.9875	643.0000
197	-20.6375	642.0000
198	-21.6125	642.0000
199	-22.7500	641.0000
200	-23.5625	642.0000
201	-24.5375	641.0000
202	-25.5125	642.0000
203	-26.6500	639.0000
204	-27.9500	641.0000
205	-28.6000	641.0000
206	-29.4125	641.0000
207	-30.8750	641.0000
208	-31.5250	640.0000
209	-32.6625	641.0000
210	-33.9625	640.0000
211	-35.5875	641.0000
212	-35.9125	640.0000
213	-37.0500	640.0000
214	-38.0250	640.0000
215	-39.1625	640.0000
216	-40.3000	640.0000
217	-41.4375	640.0000
218	-42.5750	640.0000
219	-43.7125	640.0000
220	-44.8500	640.0000
221	-46.1500	639.0000
222	-47.1250	640.0000
223	-48.4250	639.0000
224	-49.4000	640.0000
225	-50.7000	639.0000
226	-52.0000	640.0000
227	-53.1375	639.0000
228	-54.1125	639.0000
229	-55.4125	639.0000
230	-56.2250	639.0000
231	-57.8500	639.0000
232	-58.6625	639.0000
233	-59.8000	639.0000
234	-60.9375	639.0000
235	-62.0750	639.0000
236	-63.7000	639.0000
237	-64.6750	639.0000
238	-65.8125	639.0000
239	-66.7875	639.0000
240	-68.2500	639.0000
241	-69.3875	639.0000
242	-70.5250	639.0000
243	-71.6625	638.0000
244	-72.9625	639.0000
245	-73.9375	639.0000
246	-75.2375	637.0000
247	-76.3750	639.0000
248	-77.8375	639.0000
249	-78.8125	638.0000
250	-80.2750	639.0000
251	-81.4125	638.0000
252	-82.5500	639.0000
253	-83.6875	639.0000
254	-84.8250	640.0000
255	-86.1250	639.0000
256	-87.4250	638.0000
257	-88.2375	639.0000
258	-89.5375	638.0000
259	-91.0000	639.0000
260	-95.3875	638.0000
261	-96.8500	639.0000
262	-94.2500	638.0000
263	-95.0625	639.0000
264	-96.0375	638.0000
265	-96.6875	639.0000
266	-97.5000	638.0000
267	-97.8250	638.0000
268	-98.3125	639.0000
269	-98.9625	638.0000
270	-99.4500	639.0000
271	-99.9375	638.0000
272	-100.2625	639.0000
273	-100.5875	638.0000
274	-100.7500	639.0000
275	-101.0750	638.0000
276	-101.4000	639.0000
277	-101.2375	638.0000
278	-101.7250	638.0000
279	-101.7250	638.0000
280	-101.7250	638.0000
281	-101.8875	638.0000
282	-101.8875	638.0000
283	-101.7250	638.0000
284	-101.7250	638.0000
285	-101.5625	638.0000
286	-101.5625	637.0000
287	-101.4000	638.0000
288	-101.0750	638.0000
289	-100.5875	638.0000
290	-100.4250	638.0000
291	-100.1000	638.0000
292	-99.7750	638.0000
293	-99.1250	638.0000
294	-98.8000	638.0000
295	-98.4750	637.0000
296	-97.9875	638.0000
297	-97.5000	638.0000
298	-97.1750	638.0000
299	-96.6875	637.0000
300	-96.3625	638.0000
301	-95.8750	637.0000
302	-95.3875	638.0000
303	-94.9000	637.0000
304	-94.4125	638.0000
305	-93.7625	637.0000
306	-93.4375	637.0000
307	-93.6000	638.0000
308	-92.4625	637.0000
309	-91.8125	638.0000
310	-91.6500	637.0000
311	-90.1875	638.0000
312	-89.7000	637.0000
313	-89.2125	638.0000
314	-88.7250	637.0000
315	-87.5875	637.0000
316	-87.2625	637.0000
317	-85.9625	637.0000
318	-86.6125	637.0000
319	-84.5000	637.0000
320	-84.0125	637.0000
321	-83.5250	637.0000
322	-84.1750	638.0000
323	-81.7375	637.0000
324	-80.9250	638.0000
325	-80.2750	636.0000
326	-78.9750	638.0000
327	-78.1625	637.0000
328	-77.1875	638.0000
329	-77.5125	637.0000
330	-75.4000	637.0000
331	-74.4250	637.0000
332	-74.1000	636.0000
333	-72.6375	637.0000
334	-71.9875	637.0000
335	-70.8500	637.0000
336	-70.3625	637.0000
337	-69.0625	637.0000
338	-67.9250	636.0000
339	-67.6000	637.0000
340	-66.7875	637.0000
341	-65.0000	637.0000
342	-64.1875	637.0000
343	-64.3500	637.0000
344	-62.4000	637.0000
345	-61.2625	636.0000
346	-59.8000	637.0000
347	-58.9875	637.0000
348	-57.8500	637.0000
349	-56.7125	636.0000
350	-56.5500	637.0000
351	-55.2500	636.0000
352	-53.4625	637.0000
353	-52.1625	637.0000
354	-51.3500	637.0000
355	-49.8875	637.0000
356	-49.7250	636.0000
357	-47.6125	637.0000
358	-46.8000	636.0000
359	-45.3375	637.0000
360	-44.0375	636.0000
361	-43.0625	637.0000
362	-41.9250	636.0000
363	-41.6000	637.0000
364	-39.3250	636.0000
365	-38.3500	637.0000
366	-38.0250	636.0000
367	-35.9125	637.0000
368	-34.7750	637.0000
369	-34.1250	636.0000
370	-32.3375	637.0000
371	-33.4750	636.0000
372	-29.7375	637.0000
373	-29.2500	636.0000
374	-28.6000	637.0000
375	-26.9750	636.0000
376	-25.1875	637.0000
377	-24.0500	636.0000
378	-22.9125	637.0000
379	-21.7750	636.0000
380	-21.7750	637.0000
381	-19.6625	637.0000
382	-18.5250	636.0000
383	-17.5500	637.0000
384	-18.3625	636.0000
385	-16.2500	637.0000
386	-15.6000	636.0000
387	-15.2750	637.0000
388	-15.9250	636.0000
389	-14.1375	637.0000
390	-13.9750	636.0000
391	-13.9750	636.0000
392	-13.4875	637.0000
393	-13.3250	636.0000
394	-13.1625	637.0000
395	-15.1125	636.0000
396	-12.8375	637.0000
397	-12.8375	636.0000
398	-12.3500	637.0000
399	-12.5125	636.0000
400	-12.3500	639.0000
401	-12.0250	636.0000
402	-12.5125	637.0000
403	-11.7000	636.0000
404	-11.8625	636.0000
405	-11.5375	636.0000
406	-11.5375	636.0000
407	-11.7000	637.0000
408	-11.5375	636.0000
409	-11.8625	637.0000
410	-11.2125	636.0000
411	-12.0250	637.0000
412	-11.2125	636.0000
413	-11.3750	637.0000
414	-11.2125	636.0000
415	-11.3750	637.0000
416	-11.2125	636.0000
417	-11.5375	636.0000
418	-11.2125	637.0000
419	-10.7250	636.0000
420	-11.0500	637.0000
421	-11.5375	636.0000
422	-10.8875	637.0000
423	-10.8875	636.0000
424	-10.7250	637.0000
425	-10.8875	636.0000
426	-10.7250	639.0000
427	-11.2125	636.0000
428	-10.8875	636.0000
429	-11.0500	636.0000
430	-10.4000	636.0000
431	-10.4000	637.0000
432	-10.7250	636.0000
433	-10.4000	637.0000
434	-10.5625	636.0000
435	-10.4000	637.0000
436	-10.7250	637.0000
437	-10.4000	637.0000
438	-10.4000	636.0000
439	-10.4000	637.0000
440	-10.2375	636.0000
441	-10.0750	636.0000
442	-10.0750	636.0000
443	-10.5625	636.0000
444	-10.0750	636.0000
445	-9.9125	636.0000
446	-9.9125	637.0000
447	-9.9125	636.0000
448	-10.0750	637.0000
449	-9.5875	636.0000
450	-9.9125	637.0000
451	-9.7500	636.0000
452	-9.9125	636.0000
453	-9.5875	636.0000
454	-9.7500	636.0000
455	-9.9125	636.0000
456	-9.7500	636.0000
457	-9.7500	639.0000
458	-9.9125	636.0000
459	-9.5875	637.0000
460	-9.5875	636.0000
461	-9.5875	637.0000
462	-9.5875	636.0000
463	-9.5875	639.0000
464	-9.5875	636.0000
465	-9.5875	636.0000
466	-9.5875	636.0000
467	-9.2625	636.0000
468	-9.5875	637.0000
469	-9.4250	636.0000
470	-9.7500	633.0000
471	-9.4250	636.0000
472	-9.5875	637.0000
473	-9.2625	636.0000
474	-9.4250	636.0000
475	-9.2625	636.0000
476	-9.2625	637.0000
477	-9.5875	638.0000
478	-9.5875	636.0000
479	-9.7500	636.0000
480	-9.5875	636.0000
481	-9.4250	636.0000
482	-9.5875	636.0000
483	-13.1625	636.0000
484	-9.4250	636.0000
485	-9.1000	637.0000
486	-9.2625	636.0000
487	-9.2625	637.0000
488	-9.1000	636.0000
489	-9.1000	636.0000
490	-9.1000	633.0000
491	-8.9375	636.0000
492	-9.1000	636.0000
493	-9.1000	636.0000
494	-9.2625	636.0000
495	-8.7750	636.0000
496	-9.1000	636.0000
497	-8.9375	636.0000
498	-9.2625	636.0000
499	-9.2625	636.0000
500	-9.2625	636.0000
501	-9.1000	636.0000
502	-9.2625	636.0000
503	-9.2625	636.0000
504	-8.9375	637.0000
505	-9.1000	636.0000
506	-9.1000	636.0000
507	-9.2625	636.0000
508	-8.9375	636.0000
509	-9.5875	637.0000
510	-8.7750	636.0000
511	-9.1000	637.0000
512	-9.1000	636.0000
513	-8.7750	636.0000
514	-8.9375	636.0000
515	-8.7750	636.0000
516	-8.7750	636.0000
517	-8.6125	636.0000
518	-8.7750	636.0000
519	-8.6125	636.0000
520	-9.2625	636.0000
521	-8.7750	636.0000
522	-8.7750	636.0000
523	-8.7750	636.0000
524	-8.7750	638.0000
525	-9.1000	636.0000
526	-8.6125	636.0000
527	-8.9375	636.0000
528	-8.7750	636.0000
529	-8.6125	636.0000
530	-8.6125	636.0000
531	-9.4250	636.0000
532	-9.2625	636.0000
533	-8.6125	636.0000
534	-8.7750	636.0000
535	-8.7750	636.0000
536	-9.1000	636.0000
537	-8.4500	636.0000
538	-9.2625	636.0000
539	-10.4000	636.0000
540	-8.7750	636.0000
541	-8.6125	636.0000
542	-8.7750	636.0000
543	-8.4500	636.0000
544	-8.4500	636.0000
545	-8.6125	636.0000
546	-8.6125	636.0000
547	-8.6125	635.0000
548	-8.9375	636.0000
549	-8.4500	636.0000
550	-8.4500	636.0000
551	-8.4500	636.0000
552	-8.6125	636.0000
553	-8.4500	636.0000
554	-8.2875	636.0000
555	-8.6125	636.0000
556	-8.4500	636.0000
557	-8.6125	636.0000
558	-8.6125	636.0000
559	-9.2625	636.0000
560	-8.6125	636.0000
561	-8.7750	636.0000
562	-8.7750	636.0000
563	-8.4500	636.0000
564	-8.4500	636.0000
565	-8.2875	636.0000
566	-8.7750	636.0000
567	-8.4500	636.0000
568	-8.4500	636.0000
569	-8.4500	636.0000
570	-8.4500	636.0000
571	-8.2875	635.0000
572	-8.2875	636.0000
573	-8.1250	635.0000
574	-8.1250	636.0000
575	-7.9625	636.0000
576	-8.1250	636.0000
577	-7.8000	636.0000
578	-8.1250	636.0000
579	-8.1250	636.0000
580	-7.9625	636.0000
581	-7.8000	636.0000
582	-8.4500	636.0000
583	-7.9625	636.0000
584	-7.8000	636.0000
585	-7.8000	636.0000
586	-7.8000	635.0000
587	-7.9625	636.0000
588	-7.8000	635.0000
589	-7.8000	636.0000
590	-7.9625	636.0000
591	-7.8000	636.0000
592	-7.9625	636.0000
593	-7.8000	636.0000
594	-13.0000	636.0000
595	-7.9625	635.0000
596	-7.6375	633.0000
597	-7.4750	635.0000
598	-8.1250	636.0000
599	-7.6375	636.0000
600	-7.6375	636.0000
601	-7.4750	636.0000
602	-7.4750	636.0000
603	-7.4750	636.0000
604	-7.4750	636.0000
605	-7.3125	636.0000
606	-7.3125	636.0000
607	-7.4750	636.0000
608	-7.4750	636.0000
609	-7.3125	637.0000
610	-7.3125	635.0000
611	-7.1500	636.0000
612	-7.3125	635.0000
613	-7.1500	636.0000
614	-7.4750	635.0000
615	-7.1500	636.0000
616	-7.4750	636.0000
617	-7.1500	636.0000
618	-6.9875	636.0000
619	-7.1500	635.0000
620	-7.3125	636.0000
621	-7.1500	635.0000
622	-6.8250	636.0000
623	-7.1500	635.0000
624	-6.8250	636.0000
625	-6.9875	635.0000
626	-6.8250	636.0000
627	-6.9875	636.0000
628	-6.6625	636.0000
629	-6.6625	636.0000
630	-6.5000	636.0000
631	-7.6375	636.0000
632	-6.5000	635.0000
633	-6.5000	636.0000
634	-6.5000	635.0000
635	-6.5000	636.0000
636	-6.6625	635.0000
637	-6.3375	636.0000
638	-6.3375	635.0000
639	-6.1750	636.0000
640	-6.3375	635.0000
641	-6.1750	636.0000
642	-6.1750	636.0000
643	-6.6625	635.0000
644	-6.1750	636.0000
645	-5.8500	635.0000
646	-5.8500	636.0000
647	-6.0125	635.0000
648	-5.6875	636.0000
649	-6.0125	635.0000
650	-5.6875	636.0000
651	-5.5250	635.0000
652	-5.5250	636.0000
653	-5.5250	636.0000
654	-5.5250	636.0000
655	-5.3625	636.0000
656	-5.3625	635.0000
657	-5.2000	636.0000
658	-5.2000	635.0000
659	-5.0375	636.0000
660	-5.0375	635.0000
661	-4.8750	636.0000
662	-4.8750	635.0000
663	-4.7125	636.0000
664	-4.8750	635.0000
665	-4.5500	635.0000
666	-4.3875	635.0000
667	-4.3875	635.0000
668	-4.2250	636.0000
669	-4.2250	635.0000
670	-3.7375	636.0000
671	-3.7375	635.0000
672	-3.4125	636.0000
673	-2.9250	635.0000
674	-2.7625	636.0000
675	-2.4375	635.0000
676	-2.1125	636.0000
677	-1.6250	635.0000
678	-1.3000	636.0000
679	-0.9750	637.0000
680	-0.9750	635.0000
681	-0.1625	636.0000
682	-0.1625	635.0000
683	0.9750	635.0000
684	1.1375	635.0000
685	1.9500	636.0000
686	2.4375	635.0000
687	1.6250	636.0000
688	3.5750	635.0000
689	4.2250	636.0000
690	4.8750	635.0000
691	5.0375	636.0000
692	5.8500	635.0000
693	6.3375	635.0000
694	7.6375	635.0000
695	7.8000	636.0000
696	8.9375	636.0000
697	9.4250	635.0000
698	10.0750	636.0000
699	10.8875	635.0000
700	11.8625	635.0000
701	12.8375	635.0000
702	13.4875	635.0000
703	14.4625	635.0000
704	14.9500	635.0000
705	11.7000	635.0000
706	15.1125	635.0000
707	17.2250	635.0000
708	18.0375	635.0000
709	19.1750	636.0000
710	19.9875	635.0000
711	21.1250	636.0000
712	21.9375	635.0000
713	23.0750	636.0000
714	24.0500	635.0000
715	25.0250	635.0000
716	26.0000	635.0000
717	26.9750	635.0000
718	27.9500	636.0000
719	29.0875	635.0000
720	30.0625	636.0000
721	31.2000	635.0000
722	32.1750	636.0000
723	33.3125	634.0000
724	34.4500	636.0000
725	35.5875	635.0000
726	36.7250	636.0000
727	37.7000	635.0000
728	38.8375	635.0000
729	39.8125	635.0000
730	41.1125	635.0000
731	42.2500	636.0000
732	43.2250	635.0000
733	44.3625	636.0000
734	45.5000	635.0000
735	46.6375	635.0000
736	47.7750	635.0000
737	49.0750	636.0000
738	50.7000	635.0000
739	52.0000	636.0000
740	53.1375	635.0000
741	54.1125	635.0000
742	55.2500	635.0000
743	56.5500	635.0000
744	57.5250	635.0000
745	58.6625	635.0000
746	60.1250	635.0000
747	61.1000	635.0000
748	62.4000	636.0000
749	63.3750	635.0000
750	64.1875	635.0000
751	65.9750	635.0000
752	66.3000	635.0000
753	68.4125	635.0000
754	69.2250	635.0000
755	70.6875	635.0000
756	70.6875	635.0000
757	72.4750	635.0000
758	73.4500	636.0000
759	74.5875	636.0000
760	75.7250	635.0000
761	77.1875	635.0000
762	78.4875	635.0000
763	79.7875	636.0000
764	80.6000	635.0000
765	82.3875	635.0000
766	83.2000	635.0000
767	83.2000	635.0000
768	86.1250	635.0000
769	87.4250	635.0000
770	88.7250	635.0000
771	89.5375	635.0000
772	90.5125	635.0000
773	91.6500	635.0000
774	92.6250	636.0000
775	93.7625	635.0000
776	94.5750	635.0000
777	95.5500	635.0000
778	95.7125	635.0000
779	96.3625	635.0000
780	96.5250	635.0000
781	97.9875	636.0000
782	98.1500	635.0000
783	98.8000	636.0000
784	98.9625	635.0000
785	99.2875	636.0000
786	100.1000	635.0000
787	100.2625	636.0000
788	100.4250	635.0000
789	99.4500	636.0000
790	100.5875	635.0000
791	100.2625	635.0000
792	100.9125	635.0000
793	100.5875	635.0000
794	100.5875	636.0000
795	100.9125	635.0000
796	100.7500	636.0000
797	100.7500	635.0000
798	99.1250	636.0000
799	100.5875	635.0000
800	99.9375	635.0000
801	100.4250	635.0000
802	100.1000	635.0000
803	99.7750	635.0000
804	99.4500	635.0000
805	98.8000	635.0000
806	98.9625	635.0000
807	98.4750	635.0000
808	98.3125	635.0000
809	97.6625	636.0000
810	97.5000	635.0000
811	96.8500	636.0000
812	96.5250	635.0000
813	96.2000	636.0000
814	95.2250	635.0000
815	94.7375	635.0000
816	88.0750	635.0000
817	93.9250	635.0000
818	93.4375	636.0000
819	93.1125	635.0000
820	92.3000	635.0000
821	91.6500	637.0000
822	91.1625	635.0000
823	90.1875	635.0000
824	89.5375	636.0000
825	89.0500	635.0000
826	88.5625	635.0000
827	87.5875	635.0000
828	87.1000	635.0000
829	86.4500	634.0000
830	85.8000	635.0000
831	85.1500	635.0000
832	84.0125	635.0000
833	83.5250	636.0000
834	82.7125	635.0000
835	81.7375	636.0000
836	81.0875	635.0000
837	79.3000	635.0000
838	79.3000	635.0000
839	78.1625	635.0000
840	77.5125	635.0000
841	76.5375	635.0000
842	75.7250	635.0000
843	74.9125	635.0000
844	72.9625	635.0000
845	73.1250	635.0000
846	71.3375	636.0000
847	71.1750	635.0000
848	69.2250	636.0000
849	69.0625	635.0000
850	67.9250	635.0000
851	67.2750	635.0000
852	65.9750	635.0000
853	65.0000	636.0000
854	64.0250	635.0000
855	62.4000	635.0000
856	61.7500	635.0000
857	60.7750	635.0000
858	59.9625	636.0000
859	58.5000	636.0000
860	57.8500	635.0000
861	56.7125	635.0000
862	55.7375	635.0000
863	54.1125	635.0000
864	53.1375	635.0000
865	52.3250	635.0000
866	51.0250	635.0000
867	50.0500	635.0000
868	48.5875	635.0000
869	47.6125	635.0000
870	46.3125	635.0000
871	45.0125	635.0000
872	43.7125	635.0000
873	42.9000	635.0000
874	41.4375	635.0000
875	40.4625	635.0000
876	39.0000	635.0000
877	38.0250	635.0000
878	35.9125	635.0000
879	35.4250	635.0000
880	34.1250	635.0000
881	32.8250	635.0000
882	31.6875	635.0000
883	30.5500	635.0000
884	29.2500	635.0000
885	27.7875	635.0000
886	26.8125	635.0000
887	25.5125	635.0000
888	24.5375	635.0000
889	23.2375	635.0000
890	22.1000	635.0000
891	20.8000	635.0000
892	19.3375	635.0000
893	19.0125	635.0000
894	17.8750	635.0000
895	17.0625	635.0000
896	15.7625	635.0000
897	15.7625	635.0000
898	14.9500	635.0000
899	14.6250	635.0000
900	13.9750	636.0000
901	13.9750	635.0000
902	13.6500	635.0000
903	12.6750	635.0000
904	13.1625	635.0000
905	12.8375	635.0000
906	12.6750	635.0000
907	10.8875	635.0000
908	12.1875	635.0000
909	12.1875	635.0000
910	11.8625	635.0000
911	11.5375	635.0000
912	11.5375	635.0000
913	11.7000	635.0000
914	11.2125	635.0000
915	11.5375	635.0000
916	10.8875	635.0000
917	11.3750	634.0000
918	11.0500	635.0000
919	10.7250	635.0000
920	10.8875	635.0000
921	10.8875	635.0000
922	10.5625	635.0000
923	10.5625	635.0000
924	10.7250	635.0000
925	10.5625	635.0000
926	10.5625	635.0000
927	6.6625	635.0000
928	10.2375	635.0000
929	10.4000	635.0000
930	10.4000	635.0000
931	10.5625	635.0000
932	10.0750	635.0000
933	10.2375	635.0000
934	10.2375	635.0000
935	10.2375	635.0000
936	10.2375	635.0000
937	10.2375	635.0000
938	9.9125	636.0000
939	9.9125	635.0000
940	9.7500	635.0000
941	9.9125	635.0000
942	9.7500	635.0000
943	9.9125	635.0000
944	9.7500	635.0000
945	9.9125	635.0000
946	9.5875	635.0000
947	9.5875	635.0000
948	9.1000	635.0000
949	9.5875	634.0000
950	9.4250	636.0000
951	9.4250	635.0000
952	9.4250	635.0000
953	9.5875	635.0000
954	9.4250	635.0000
955	8.9375	635.0000
956	9.4250	635.0000
957	9.4250	635.0000
958	9.4250	635.0000
959	9.4250	635.0000
960	9.4250	635.0000
961	9.2625	635.0000
962	9.1000	635.0000
963	9.4250	635.0000
964	9.1000	635.0000
965	8.7750	635.0000
966	8.9375	635.0000
967	8.9375	635.0000
968	8.9375	635.0000
969	8.6125	635.0000
970	8.4500	635.0000
971	9.1000	635.0000
972	9.1000	635.0000
973	8.7750	635.0000
974	9.1000	635.0000
975	8.1250	635.0000
976	8.7750	636.0000
977	8.9375	635.0000
978	8.6125	635.0000
979	8.9375	635.0000
980	8.7750	635.0000
981	8.7750	635.0000
982	8.4500	635.0000
983	8.2875	635.0000
984	8.4500	635.0000
985	8.2875	635.0000
986	8.7750	635.0000
987	8.6125	637.0000
988	8.4500	635.0000
989	8.1250	635.0000
990	8.7750	635.0000
991	8.2875	635.0000
992	8.2875	635.0000
993	8.7750	635.0000
994	8.4500	636.0000
995	8.1250	635.0000
996	8.2875	636.0000
997	8.6125	635.0000
998	8.2875	636.0000
999	7.4750	635.0000
1000	8.4500	636.0000
1001	8.6125	635.0000
1002	8.6125	636.0000
1003	7.9625	635.0000
1004	8.2875	635.0000
1005	8.2875	636.0000
1006	8.6125	638.0000
1007	8.4500	635.0000
1008	8.6125	635.0000
1009	8.6125	636.0000
1010	8.2875	635.0000
1011	8.4500	636.0000
1012	8.4500	635.0000
1013	8.4500	636.0000
1014	7.9625	635.0000
1015	8.6125	635.0000
1016	8.6125	635.0000
1017	8.1250	635.0000
1018	7.3125	636.0000
1019	7.9625	635.0000
1020	7.6375	636.0000
1021	7.1500	635.0000
1022	7.6375	636.0000
1023	7.9625	635.0000
#9351
0	7.4750	636.0000
1	8.1250	636.0000
2	3.4125	635.0000
3	6.1750	636.0000
4	4.3875	635.0000
5	6.9875	636.0000
6	0.3250	635.0000
7	7.3125	635.0000
8	7.1500	635.0000
9	7.4750	636.0000
10	7.6375	635.0000
11	7.6375	636.0000
12	7.4750	636.0000
13	7.6375	636.0000
14	7.4750	636.0000
15	7.4750	635.0000
16	7.4750	635.0000
17	7.6375	635.0000
18	7.8000	636.0000
19	7.6375	635.0000
20	7.8000	636.0000
21	7.8000	635.0000
22	7.6375	636.0000
23	7.6375	635.0000
24	7.4750	636.0000
25	7.4750	635.0000
26	7.6375	636.0000
27	7.6375	635.0000
28	7.4750	635.0000
29	7.4750	636.0000
30	7.4750	635.0000
31	7.4750	636.0000
32	7.4750	635.0000
33	7.4750	636.0000
34	7.3125	636.0000
35	7.3125	636.0000
36	7.3125	635.0000
37	7.3125	636.0000
38	7.3125	636.0000
39	7.4750	636.0000
40	7.3125	636.0000
41	7.3125	636.0000
42	7.3125	636.0000
43	6.8250	635.0000
44	7.3125	636.0000
45	7.1500	635.0000
46	7.4750	636.0000
47	7.3125	635.0000
48	7.1500	636.0000
49	7.4750	635.0000
50	7.3125	636.0000
51	7.1500	636.0000
52	7.1500	636.0000
53	7.3125	635.0000
54	7.3125	636.0000
55	7.3125	636.0000
56	7.6375	639.0000
57	7.8000	636.0000
58	7.8000	635.0000
59	7.4750	636.0000
60	7.6375	636.0000
61	7.3125	636.0000
62	7.6375	636.0000
63	7.4750	636.0000
64	7.3125	636.0000
65	7.4750	636.0000
66	7.3125	636.0000
67	7.3125	636.0000
68	7.4750	636.0000
69	7.3125	635.0000
70	6.8250	636.0000
71	6.3375	635.0000
72	7.1500	636.0000
73	6.9875	635.0000
74	6.9875	636.0000
75	6.8250	635.0000
76	7.1500	636.0000
77	6.9875	636.0000
78	6.8250	636.0000
79	6.8250	636.0000
80	6.5000	636.0000
81	6.9875	636.0000
82	5.2000	635.0000
83	6.8250	636.0000
84	6.8250	635.0000
85	6.5000	636.0000
86	6.5000	633.0000
87	6.6625	636.0000
88	6.5000	636.0000
89	6.1750	636.0000
90	6.6625	636.0000
91	6.8250	636.0000
92	5.8500	636.0000
93	3.5750	636.0000
94	6.0125	636.0000
95	6.1750	636.0000
96	5.0375	636.0000
97	6.3375	635.0000
98	6.5000	636.0000
99	6.5000	635.0000
100	6.1750	636.0000
101	6.5000	636.0000
102	6.3375	636.0000
103	6.8250	636.0000
104	6.5000	636.0000
105	6.6625	636.0000
106	6.6625	636.0000
107	6.5000	636.0000
108	6.5000	636.0000
109	6.1750	636.0000
110	0.1625	636.0000
111	0.0000	636.0000
112	5.5250	636.0000
113	5.5250	636.0000
114	5.5250	633.0000
115	5.5250	636.0000
116	5.3625	636.0000
117	5.5250	636.0000
118	5.5250	636.0000
119	5.3625	636.0000
120	5.3625	636.0000
121	5.5250	636.0000
122	5.3625	636.0000
123	5.2000	636.0000
124	5.2000	636.0000
125	5.0375	636.0000
126	5.0375	636.0000
127	5.0375	636.0000
128	5.0375	636.0000
129	5.0375	636.0000
130	5.0375	636.0000
131	4.8750	636.0000
132	5.0375	636.0000
133	4.8750	637.0000
134	4.8750	636.0000
135	4.7125	636.0000
136	4.7125	636.0000
137	4.5500	636.0000
138	4.5500	636.0000
139	4.5500	636.0000
140	4.7125	636.0000
141	4.3875	636.0000
142	4.3875	636.0000
143	4.3875	636.0000
144	4.3875	636.0000
145	4.5500	636.0000
146	4.5500	636.0000
147	4.3875	636.0000
148	3.0875	637.0000
149	4.3875	636.0000
150	4.3875	636.0000
151	4.2250	636.0000
152	3.9000	636.0000
153	4.0625	636.0000
154	3.9000	636.0000
155	3.4125	636.0000
156	3.5750	636.0000
157	3.0875	636.0000
158	3.0875	636.0000
159	2.7625	636.0000
160	2.6000	636.0000
161	2.4375	637.0000
162	1.7875	636.0000
163	1.6250	636.0000
164	0.9750	636.0000
165	0.9750	636.0000
166	-0.3250	636.0000
167	-0.1625	636.0000
168	-0.8125	636.0000
169	-0.8125	636.0000
170	-1.4625	636.0000
171	-2.1125	635.0000
172	-2.6000	636.0000
173	-2.9250	636.0000
174	-3.5750	636.0000
175	-3.9000	636.0000
176	-4.3875	636.0000
177	-5.2000	636.0000
178	-5.6875	636.0000
179	-6.5000	636.0000
180	-7.1500	636.0000
181	-7.8000	637.0000
182	-8.4500	636.0000
183	-9.2625	637.0000
184	-9.9125	636.0000
185	-10.8875	637.0000
186	-11.7000	636.0000
187	-12.5125	637.0000
188	-13.8125	636.0000
189	-14.6250	636.0000
190	-14.9500	636.0000
191	-15.9250	636.0000
192	-17.5500	636.0000
193	-17.2250	636.0000
194	-18.2000	637.0000
195	-19.0125	636.0000
196	-21.7750	637.0000
197	-20.9625	636.0000
198	-21.7750	636.0000
199	-23.0750	636.0000
200	-23.7250	637.0000
201	-25.1875	636.0000
202	-25.6750	636.0000
203	-26.6500	637.0000
204	-27.6250	636.0000
205	-28.6000	637.0000
206	-29.5750	636.0000
207	-30.7125	637.0000
208	-31.8500	636.0000
209	-32.8250	637.0000
210	-33.8000	636.0000
211	-34.9375	637.0000
212	-35.9125	636.0000
213	-37.0500	637.0000
214	-38.6750	637.0000
215	-39.8125	636.0000
216	-40.7875	634.0000
217	-41.6000	636.0000
218	-42.9000	637.0000
219	-44.0375	636.0000
220	-44.8500	637.0000
221	-50.3750	636.0000
222	-49.7250	637.0000
223	-48.5875	636.0000
224	-49.7250	637.0000
225	-50.7000	638.0000
226	-52.0000	637.0000
227	-52.9750	637.0000
228	-54.4375	636.0000
229	-55.5750	637.0000
230	-57.2000	636.0000
231	-57.8500	637.0000
232	-58.9875	636.0000
233	-60.4500	637.0000
234	-61.4250	636.0000
235	-62.4000	637.0000
236	-63.7000	636.0000
237	-65.0000	637.0000
238	-65.8125	637.0000
239	-67.2750	637.0000
240	-68.7375	637.0000
241	-69.7125	637.0000
242	-70.6875	637.0000
243	-71.9875	637.0000
244	-73.6125	637.0000
245	-74.4250	636.0000
246	-75.7250	637.0000
247	-76.8625	636.0000
248	-78.0000	637.0000
249	-79.1375	637.0000
250	-80.2750	637.0000
251	-81.9000	637.0000
252	-82.7125	637.0000
253	-83.8500	637.0000
254	-84.9875	637.0000
255	-87.1000	637.0000
256	-87.2625	637.0000
257	-88.7250	637.0000
258	-90.0250	636.0000
259	-91.0000	637.0000
260	-91.8125	637.0000
261	-92.7875	638.0000
262	-94.2500	637.0000
263	-94.7375	637.0000
264	-95.7125	637.0000
265	-96.2000	637.0000
266	-97.6625	637.0000
267	-97.6625	637.0000
268	-98.1500	638.0000
269	-99.1250	637.0000
270	-99.1250	638.0000
271	-99.7750	637.0000
272	-99.9375	638.0000
273	-101.0750	637.0000
274	-100.5875	638.0000
275	-100.7500	637.0000
276	-100.9125	637.0000
277	-101.5625	638.0000
278	-101.0750	637.0000
279	-101.0750	638.0000
280	-101.0750	637.0000
281	-101.2375	638.0000
282	-101.5625	637.0000
283	-101.2375	638.0000
284	-101.4000	637.0000
285	-101.0750	638.0000
286	-101.0750	637.0000
287	-100.7500	638.0000
288	-100.7500	637.0000
289	-100.4250	638.0000
290	-99.9375	638.0000
291	-99.7750	637.0000
292	-99.4500	638.0000
293	-99.2875	637.0000
294	-98.6375	638.0000
295	-98.6375	637.0000
296	-98.1500	638.0000
297	-97.8250	638.0000
298	-97.3375	638.0000
299	-97.1750	637.0000
300	-96.5250	638.0000
301	-96.0375	638.0000
302	-95.2250	638.0000
303	-95.2250	638.0000
304	-94.4125	638.0000
305	-93.9250	638.0000
306	-93.4375	637.0000
307	-92.6250	638.0000
308	-92.1375	637.0000
309	-91.3250	638.0000
310	-91.0000	637.0000
311	-90.1875	638.0000
312	-89.5375	638.0000
313	-88.8875	638.0000
314	-88.5625	638.0000
315	-88.2375	638.0000
316	-87.1000	638.0000
317	-86.2875	638.0000
318	-85.3125	639.0000
319	-84.6625	638.0000
320	-83.6875	638.0000
321	-83.2000	638.0000
322	-82.2250	638.0000
323	-81.4125	638.0000
324	-80.7625	638.0000
325	-80.6000	638.0000
326	-79.1375	638.0000
327	-78.0000	638.0000
328	-77.5125	637.0000
329	-76.3750	638.0000
330	-75.5625	638.0000
331	-74.4250	639.0000
332	-76.5375	638.0000
333	-73.2875	639.0000
334	-71.6625	638.0000
335	-70.6875	639.0000
336	-69.8750	638.0000
337	-68.9000	639.0000
338	-67.7625	638.0000
339	-67.1125	638.0000
340	-65.8125	639.0000
341	-65.0000	638.0000
342	-64.0250	639.0000
343	-62.8875	638.0000
344	-61.9125	639.0000
345	-60.7750	638.0000
346	-59.8000	639.0000
347	-58.8250	638.0000
348	-57.5250	639.0000
349	-56.5500	638.0000
350	-55.5750	639.0000
351	-54.4375	639.0000
352	-53.4625	638.0000
353	-53.1375	639.0000
354	-51.5125	638.0000
355	-50.3750	639.0000
356	-48.9125	638.0000
357	-47.7750	640.0000
358	-47.1250	638.0000
359	-45.3375	639.0000
360	-44.0375	639.0000
361	-42.9000	639.0000
362	-42.7375	639.0000
363	-40.6250	639.0000
364	-39.6500	639.0000
365	-38.3500	639.0000
366	-37.2125	642.0000
367	-35.7500	639.0000
368	-34.6125	639.0000
369	-33.4750	639.0000
370	-32.1750	639.0000
371	-30.8750	639.0000
372	-29.5750	640.0000
373	-28.9250	639.0000
374	-27.1375	640.0000
375	-26.1625	640.0000
376	-25.1875	640.0000
377	-23.7250	640.0000
378	-22.4250	640.0000
379	-21.4500	641.0000
380	-20.4750	640.0000
381	-19.3375	641.0000
382	-18.3625	640.0000
383	-17.3875	641.0000
384	-16.7375	641.0000
385	-16.0875	641.0000
386	-15.6000	641.0000
387	-15.2750	641.0000
388	-14.9500	641.0000
389	-14.3000	641.0000
390	-13.9750	642.0000
391	-13.8125	641.0000
392	-13.6500	642.0000
393	-13.3250	642.0000
394	-13.3250	643.0000
395	-14.7875	642.0000
396	-12.8375	642.0000
397	-12.5125	642.0000
398	-12.5125	643.0000
399	-12.6750	643.0000
400	-12.3500	643.0000
401	-12.0250	643.0000
402	-13.3250	643.0000
403	-12.6750	644.0000
404	-11.8625	643.0000
405	-12.0250	643.0000
406	-12.1875	643.0000
407	-11.7000	644.0000
408	-11.5375	643.0000
409	-11.3750	644.0000
410	-11.5375	643.0000
411	-11.3750	644.0000
412	-11.0500	644.0000
413	-11.5375	644.0000
414	-11.2125	644.0000
415	-11.2125	644.0000
416	-10.8875	645.0000
417	-11.5375	644.0000
418	-10.8875	645.0000
419	-10.8875	645.0000
420	-10.8875	646.0000
421	-10.8875	645.0000
422	-10.8875	645.0000
423	-10.8875	645.0000
424	-10.8875	646.0000
425	-10.4000	646.0000
426	-10.7250	645.0000
427	-10.2375	646.0000
428	-10.7250	646.0000
429	-10.2375	646.0000
430	-10.5625	646.0000
431	-10.2375	647.0000
432	-10.5625	646.0000
433	-10.4000	648.0000
434	-10.0750	646.0000
435	-10.4000	647.0000
436	-10.4000	646.0000
437	-10.5625	647.0000
438	-10.0750	647.0000
439	-10.4000	647.0000
440	-10.0750	647.0000
441	-10.4000	647.0000
442	-10.0750	648.0000
443	-10.0750	647.0000
444	-11.2125	650.0000
445	-9.7500	647.0000
446	-9.9125	648.0000
447	-9.5875	647.0000
448	-9.7500	648.0000
449	-9.5875	648.0000
450	-9.9125	648.0000
451	-9.7500	648.0000
452	-9.4250	648.0000
453	-9.4250	649.0000
454	-9.7500	648.0000
455	-9.9125	649.0000
456	-9.9125	648.0000
457	-10.0750	649.0000
458	-9.7500	649.0000
459	-9.5875	650.0000
460	-9.5875	649.0000
461	-9.9125	650.0000
462	-9.7500	649.0000
463	-9.9125	650.0000
464	-9.9125	649.0000
465	-9.7500	649.0000
466	-9.7500	650.0000
467	-9.4250	650.0000
468	-9.9125	650.0000
469	-9.9125	650.0000
470	-9.5875	651.0000
471	-9.7500	650.0000
472	-10.0750	651.0000
473	-9.5875	650.0000
474	-9.4250	651.0000
475	-9.4250	650.0000
476	-10.2375	651.0000
477	-9.2625	651.0000
478	-9.5875	651.0000
479	-9.7500	651.0000
480	-9.2625	651.0000
481	-9.2625	652.0000
482	-9.1000	651.0000
483	-9.4250	652.0000
484	-9.2625	651.0000
485	-9.9125	652.0000
486	-9.2625	652.0000
487	-9.4250	652.0000
488	-9.2625	652.0000
489	-9.2625	652.0000
490	-9.4250	652.0000
491	-9.2625	652.0000
492	-9.2625	652.0000
493	-9.1000	652.0000
494	-9.4250	653.0000
495	-9.2625	652.0000
496	-9.2625	653.0000
497	-9.2625	652.0000
498	-9.1000	653.0000
499	-9.1000	653.0000
500	-9.2625	653.0000
501	-8.9375	653.0000
502	-8.7750	653.0000
503	-8.9375	654.0000
504	-9.1000	653.0000
505	-9.2625	654.0000
506	-9.2625	653.0000
507	-8.9375	654.0000
508	-8.9375	653.0000
509	-8.9375	654.0000
510	-8.7750	654.0000
511	-8.9375	654.0000
512	-8.9375	654.0000
513	-8.6125	654.0000
514	-8.6125	654.0000
515	-8.7750	654.0000
516	-8.6125	655.0000
517	-8.7750	654.0000
518	-8.6125	655.0000
519	-8.6125	654.0000
520	-8.9375	655.0000
521	-8.7750	654.0000
522	-8.9375	655.0000
523	-8.7750	655.0000
524	-8.9375	655.0000
525	-8.7750	655.0000
526	-8.7750	655.0000
527	-8.9375	655.0000
528	-8.9375	655.0000
529	-8.7750	656.0000
530	-8.6125	656.0000
531	-8.6125	656.0000
532	-8.7750	655.0000
533	-9.1000	656.0000
534	-8.6125	655.0000
535	-8.9375	656.0000
536	-8.6125	656.0000
537	-8.6125	656.0000
538	-8.6125	656.0000
539	-8.6125	657.0000
540	-8.6125	656.0000
541	-8.7750	656.0000
542	-8.7750	657.0000
543	-8.6125	656.0000
544	-8.9375	657.0000
545	-8.6125	656.0000
546	-8.7750	657.0000
547	-8.7750	656.0000
548	-8.6125	657.0000
549	-8.6125	657.0000
550	-8.4500	657.0000
551	-8.6125	656.0000
552	-8.4500	657.0000
553	-8.7750	657.0000
554	-8.7750	657.0000
555	-14.9500	658.0000
556	-9.5875	657.0000
557	-10.0750	658.0000
558	-9.4250	657.0000
559	-9.4250	658.0000
560	-9.5875	657.0000
561	-9.4250	658.0000
562	-9.2625	658.0000
563	-9.1000	659.0000
564	-9.1000	658.0000
565	-8.9375	658.0000
566	-8.7750	659.0000
567	-8.9375	658.0000
568	-8.7750	659.0000
569	-8.7750	658.0000
570	-8.7750	659.0000
571	-8.9375	658.0000
572	-8.7750	659.0000
573	-8.7750	658.0000
574	-8.7750	659.0000
575	-8.6125	659.0000
576	-15.1125	659.0000
577	-31.2000	659.0000
578	-35.2625	659.0000
579	-14.1375	659.0000
580	-8.9375	659.0000
581	-9.1000	659.0000
582	-10.7250	659.0000
583	-9.1000	660.0000
584	-9.1000	659.0000
585	-9.4250	660.0000
586	-8.4500	659.0000
587	-8.4500	660.0000
588	-8.2875	659.0000
589	-8.2875	659.0000
590	-8.1250	660.0000
591	-7.9625	659.0000
592	-8.1250	660.0000
593	-7.9625	663.0000
594	-8.1250	660.0000
595	-7.9625	659.0000
596	-7.6375	660.0000
597	-7.9625	660.0000
598	-7.6375	660.0000
599	-7.8000	660.0000
600	-7.4750	660.0000
601	-8.2875	660.0000
602	-7.6375	660.0000
603	-7.6375	661.0000
604	-7.6375	660.0000
605	-7.8000	661.0000
606	-7.6375	660.0000
607	-7.6375	661.0000
608	-7.9625	659.0000
609	-7.4750	661.0000
610	-7.8000	661.0000
611	-7.8000	661.0000
612	-8.6125	661.0000
613	-7.4750	661.0000
614	-7.1500	663.0000
615	-6.9875	661.0000
616	-7.3125	661.0000
617	-7.4750	661.0000
618	-6.9875	662.0000
619	-7.1500	661.0000
620	-6.8250	662.0000
621	-6.9875	661.0000
622	-6.9875	662.0000
623	-6.8250	661.0000
624	-7.1500	662.0000
625	-7.3125	662.0000
626	-6.8250	662.0000
627	-6.8250	662.0000
628	-6.9875	662.0000
629	-6.6625	662.0000
630	-6.6625	662.0000
631	-6.6625	662.0000
632	-6.8250	662.0000
633	-6.5000	663.0000
634	-6.5000	662.0000
635	-6.5000	662.0000
636	-6.8250	662.0000
637	-6.6625	663.0000
638	-6.6625	662.0000
639	-6.3375	662.0000
640	-6.1750	663.0000
641	-6.3375	662.0000
642	-6.5000	663.0000
643	-6.0125	663.0000
644	-5.6875	663.0000
645	-6.0125	662.0000
646	-6.0125	663.0000
647	-5.8500	663.0000
648	-5.6875	663.0000
649	-5.6875	663.0000
650	-5.6875	663.0000
651	-5.5250	663.0000
652	-5.5250	663.0000
653	-5.5250	663.0000
654	-5.3625	663.0000
655	-5.2000	663.0000
656	-5.5250	663.0000
657	-5.5250	664.0000
658	-5.2000	663.0000
659	-5.0375	664.0000
660	-5.3625	663.0000
661	-5.2000	664.0000
662	-5.2000	664.0000
663	-4.7125	663.0000
664	-4.7125	663.0000
665	-4.7125	663.0000
666	-11.3750	663.0000
667	-4.3875	663.0000
668	-4.2250	666.0000
669	-3.7375	662.0000
670	-3.5750	664.0000
671	-3.5750	663.0000
672	-3.2500	664.0000
673	-2.7625	663.0000
674	-2.4375	664.0000
675	-1.9500	664.0000
676	-1.7875	664.0000
677	-1.4625	664.0000
678	-1.1375	663.0000
679	-0.4875	664.0000
680	-0.1625	664.0000
681	0.0000	664.0000
682	0.3250	664.0000
683	0.6500	664.0000
684	1.4625	664.0000
685	1.7875	664.0000
686	2.7625	664.0000
687	2.9250	664.0000
688	3.5750	664.0000
689	4.3875	664.0000
690	5.0375	664.0000
691	5.6875	664.0000
692	6.5000	667.0000
693	6.8250	664.0000
694	7.3125	664.0000
695	8.1250	664.0000
696	8.9375	664.0000
697	9.4250	664.0000
698	10.4000	664.0000
699	11.2125	664.0000
700	12.0250	664.0000
701	12.8375	664.0000
702	13.6500	664.0000
703	14.6250	664.0000
704	15.1125	664.0000
705	16.4125	665.0000
706	17.2250	664.0000
707	18.0375	665.0000
708	18.8500	664.0000
709	19.8250	665.0000
710	20.8000	664.0000
711	21.6125	664.0000
712	22.7500	662.0000
713	23.7250	664.0000
714	24.7000	665.0000
715	25.5125	664.0000
716	26.6500	665.0000
717	27.4625	664.0000
718	28.7625	665.0000
719	29.5750	664.0000
720	30.7125	665.0000
721	31.8500	664.0000
722	32.6625	665.0000
723	33.9625	664.0000
724	35.1000	665.0000
725	36.2375	664.0000
726	37.0500	664.0000
727	37.5375	665.0000
728	38.8375	665.0000
729	40.6250	665.0000
730	41.7625	664.0000
731	42.9000	662.0000
732	44.0375	664.0000
733	45.3375	665.0000
734	46.3125	664.0000
735	47.1250	665.0000
736	48.4250	665.0000
737	49.5625	665.0000
738	50.7000	665.0000
739	52.3250	665.0000
740	53.6250	665.0000
741	54.6000	665.0000
742	55.9000	665.0000
743	57.0375	664.0000
744	58.0125	665.0000
745	59.4750	665.0000
746	60.6125	665.0000
747	61.5875	665.0000
748	62.8875	665.0000
749	64.0250	665.0000
750	65.4875	665.0000
751	66.6250	665.0000
752	67.6000	665.0000
753	68.7375	665.0000
754	69.8750	665.0000
755	71.1750	665.0000
756	71.9875	664.0000
757	73.2875	665.0000
758	74.5875	665.0000
759	75.7250	665.0000
760	77.0250	665.0000
761	78.3250	665.0000
762	79.3000	665.0000
763	80.1125	665.0000
764	81.2500	665.0000
765	82.7125	665.0000
766	84.1750	665.0000
767	85.3125	665.0000
768	86.4500	665.0000
769	87.5875	665.0000
770	89.0500	665.0000
771	89.3750	665.0000
772	91.0000	666.0000
773	91.9750	665.0000
774	92.7875	665.0000
775	93.6000	665.0000
776	94.9000	665.0000
777	88.7250	665.0000
778	92.6250	665.0000
779	96.8500	665.0000
780	97.6625	665.0000
781	98.1500	665.0000
782	98.6375	665.0000
783	98.6375	665.0000
784	98.9625	665.0000
785	99.7750	665.0000
786	100.2625	665.0000
787	100.4250	665.0000
788	100.9125	665.0000
789	100.9125	665.0000
790	101.0750	665.0000
791	101.0750	665.0000
792	101.0750	665.0000
793	101.0750	665.0000
794	100.9125	665.0000
795	101.0750	664.0000
796	100.5875	665.0000
797	100.9125	665.0000
798	100.7500	665.0000
799	100.7500	665.0000
800	100.4250	665.0000
801	100.4250	665.0000
802	100.1000	665.0000
803	99.1250	667.0000
804	99.4500	664.0000
805	98.8000	665.0000
806	98.8000	664.0000
807	98.4750	665.0000
808	97.8250	664.0000
809	97.6625	665.0000
810	97.0125	665.0000
811	96.8500	665.0000
812	96.3625	665.0000
813	96.2000	665.0000
814	95.7125	665.0000
815	95.0625	664.0000
816	94.5750	665.0000
817	93.7625	664.0000
818	93.4375	665.0000
819	92.6250	664.0000
820	92.4625	665.0000
821	91.8125	664.0000
822	91.0000	665.0000
823	90.3500	664.0000
824	89.5375	665.0000
825	89.2125	664.0000
826	88.5625	664.0000
827	87.7500	667.0000
828	87.1000	664.0000
829	86.4500	665.0000
830	85.6375	664.0000
831	84.9875	665.0000
832	84.1750	664.0000
833	82.8750	664.0000
834	82.7125	664.0000
835	81.9000	664.0000
836	81.4125	663.0000
837	80.4375	664.0000
838	79.4625	664.0000
839	78.3250	664.0000
840	77.3500	664.0000
841	76.8625	664.0000
842	76.0500	664.0000
843	75.2375	664.0000
844	74.2625	664.0000
845	73.2875	663.0000
846	72.3125	664.0000
847	71.3375	663.0000
848	69.7125	664.0000
849	69.2250	664.0000
850	68.2500	664.0000
851	67.2750	664.0000
852	66.3000	663.0000
853	65.1625	664.0000
854	64.3500	663.0000
855	63.0500	663.0000
856	61.9125	663.0000
857	61.1000	664.0000
858	59.6375	663.0000
859	58.8250	664.0000
860	57.3625	663.0000
861	56.5500	664.0000
862	55.4125	663.0000
863	54.4375	663.0000
864	53.4625	664.0000
865	52.0000	663.0000
866	50.8625	663.0000
867	49.2375	663.0000
868	48.7500	664.0000
869	47.6125	662.0000
870	45.3375	663.0000
871	44.6875	663.0000
872	43.7125	663.0000
873	42.7375	663.0000
874	41.6000	663.0000
875	40.4625	663.0000
876	39.3250	662.0000
877	37.8625	663.0000
878	36.5625	663.0000
879	35.5875	663.0000
880	34.4500	662.0000
881	32.9875	663.0000
882	31.8500	662.0000
883	30.5500	663.0000
884	29.2500	662.0000
885	28.1125	663.0000
886	26.6500	662.0000
887	25.5125	662.0000
888	20.1500	661.0000
889	19.9875	662.0000
890	22.1000	662.0000
891	20.9625	662.0000
892	19.6625	662.0000
893	18.6875	662.0000
894	17.5500	662.0000
895	16.7375	662.0000
896	16.2500	662.0000
897	15.6000	661.0000
898	15.1125	662.0000
899	14.6250	661.0000
900	14.3000	662.0000
901	13.8125	662.0000
902	13.8125	661.0000
903	13.3250	661.0000
904	13.0000	661.0000
905	12.8375	662.0000
906	12.6750	661.0000
907	12.5125	661.0000
908	12.0250	661.0000
909	12.0250	662.0000
910	11.8625	661.0000
911	11.8625	661.0000
912	11.7000	661.0000
913	11.5375	661.0000
914	11.5375	661.0000
915	11.2125	661.0000
916	11.3750	661.0000
917	11.2125	660.0000
918	11.0500	661.0000
919	10.8875	660.0000
920	10.8875	661.0000
921	10.8875	660.0000
922	10.8875	661.0000
923	10.7250	660.0000
924	10.7250	661.0000
925	10.5625	660.0000
926	10.4000	660.0000
927	10.5625	660.0000
928	10.5625	660.0000
929	10.4000	660.0000
930	10.4000	660.0000
931	10.2375	661.0000
932	10.4000	659.0000
933	10.2375	660.0000
934	10.0750	659.0000
935	10.0750	660.0000
936	9.9125	659.0000
937	9.7500	660.0000
938	9.5875	659.0000
939	9.5875	659.0000
940	9.2625	659.0000
941	9.5875	659.0000
942	9.2625	659.0000
943	9.5875	658.0000
944	9.5875	659.0000
945	9.4250	659.0000
946	9.5875	659.0000
947	8.7750	658.0000
948	9.5875	659.0000
949	9.2625	658.0000
950	8.9375	659.0000
951	9.2625	659.0000
952	9.1000	658.0000
953	9.2625	659.0000
954	8.9375	658.0000
955	9.4250	659.0000
956	8.9375	658.0000
957	9.2625	659.0000
958	9.1000	658.0000
959	9.1000	658.0000
960	8.9375	658.0000
961	8.9375	658.0000
962	8.6125	658.0000
963	8.4500	658.0000
964	9.1000	658.0000
965	8.9375	657.0000
966	9.2625	658.0000
967	9.1000	657.0000
968	9.1000	657.0000
969	8.9375	657.0000
970	8.4500	657.0000
971	9.1000	657.0000
972	8.9375	658.0000
973	8.7750	657.0000
974	8.6125	657.0000
975	8.6125	657.0000
976	8.7750	657.0000
977	8.7750	657.0000
978	8.7750	656.0000
979	8.7750	656.0000
980	8.6125	659.0000
981	8.1250	657.0000
982	8.4500	656.0000
983	8.6125	657.0000
984	8.2875	656.0000
985	8.7750	656.0000
986	8.7750	656.0000
987	8.7750	656.0000
988	8.2875	656.0000
989	8.1250	657.0000
990	8.2875	656.0000
991	8.2875	655.0000
992	8.2875	656.0000
993	8.1250	655.0000
994	8.6125	656.0000
995	7.8000	655.0000
996	7.9625	656.0000
997	8.1250	655.0000
998	8.4500	655.0000
999	4.8750	655.0000
1000	8.1250	655.0000
1001	7.6375	655.0000
1002	7.8000	655.0000
1003	7.8000	655.0000
1004	7.6375	654.0000
1005	7.6375	655.0000
1006	7.6375	654.0000
1007	7.8000	655.0000
1008	7.8000	654.0000
1009	7.8000	655.0000
1010	7.6375	654.0000
1011	7.6375	654.0000
1012	7.6375	652.0000
1013	7.8000	654.0000
1014	7.8000	654.0000
1015	7.6375	653.0000
1016	7.6375	654.0000
1017	7.8000	653.0000
1018	7.6375	654.0000
1019	7.6375	653.0000
1020	7.6375	654.0000
1021	7.8000	653.0000
1022	7.8000	653.0000
1023	7.8000	653.0000
#9351
0	7.6375	651.0000
1	7.6375	652.0000
2	4.7125	651.0000
3	7.8000	651.0000
4	7.6375	651.0000
5	4.2250	651.0000
6	4.8750	651.0000
7	7.8000	651.0000
8	7.6375	650.0000
9	7.6375	651.0000
10	7.4750	650.0000
11	7.6375	650.0000
12	7.4750	650.0000
13	7.6375	650.0000
14	7.6375	651.0000
15	7.4750	650.0000
16	7.4750	650.0000
17	7.6375	649.0000
18	7.6375	650.0000
19	7.6375	649.0000
20	7.6375	650.0000
21	7.4750	649.0000
22	7.3125	649.0000
23	7.8000	649.0000
24	7.4750	649.0000
25	7.6375	649.0000
26	7.6375	649.0000
27	7.4750	649.0000
28	7.3125	648.0000
29	7.3125	649.0000
30	7.3125	648.0000
31	7.4750	649.0000
32	7.4750	648.0000
33	7.4750	648.0000
34	7.4750	648.0000
35	7.4750	648.0000
36	7.4750	648.0000
37	7.4750	647.0000
38	7.3125	648.0000
39	7.4750	647.0000
40	7.3125	647.0000
41	7.3125	650.0000
42	7.4750	645.0000
43	7.4750	647.0000
44	7.3125	647.0000
45	7.1500	647.0000
46	7.3125	647.0000
47	7.3125	647.0000
48	7.3125	647.0000
49	7.3125	647.0000
50	7.3125	646.0000
51	6.9875	646.0000
52	7.1500	647.0000
53	7.8000	646.0000
54	7.1500	646.0000
55	7.1500	646.0000
56	7.6375	645.0000
57	7.6375	646.0000
58	7.1500	645.0000
59	7.3125	646.0000
60	7.1500	645.0000
61	7.4750	645.0000
62	7.6375	645.0000
63	6.9875	644.0000
64	7.4750	645.0000
65	7.4750	644.0000
66	7.3125	645.0000
67	7.6375	644.0000
68	7.4750	645.0000
69	7.1500	644.0000
70	7.3125	644.0000
71	3.5750	644.0000
72	7.1500	644.0000
73	7.4750	644.0000
74	7.3125	644.0000
75	7.4750	643.0000
76	7.1500	643.0000
77	7.3125	644.0000
78	7.1500	643.0000
79	6.9875	644.0000
80	7.1500	643.0000
81	7.1500	643.0000
82	7.1500	643.0000
83	7.1500	643.0000
84	6.9875	642.0000
85	6.9875	643.0000
86	6.9875	642.0000
87	6.9875	642.0000
88	7.1500	642.0000
89	7.1500	642.0000
90	6.9875	642.0000
91	6.9875	641.0000
92	6.3375	642.0000
93	6.6625	641.0000
94	6.6625	641.0000
95	6.6625	640.0000
96	5.6875	641.0000
97	6.6625	640.0000
98	6.6625	641.0000
99	6.5000	640.0000
100	6.5000	641.0000
101	6.5000	641.0000
102	6.3375	640.0000
103	6.5000	640.0000
104	6.3375	640.0000
105	6.3375	640.0000
106	5.3625	640.0000
107	6.1750	640.0000
108	6.0125	640.0000
109	6.0125	640.0000
110	6.3375	639.0000
111	6.1750	640.0000
112	6.0125	640.0000
113	6.3375	640.0000
114	6.0125	640.0000
115	5.8500	639.0000
116	6.0125	640.0000
117	6.1750	639.0000
118	5.6875	640.0000
119	4.7125	639.0000
120	6.0125	640.0000
121	6.0125	639.0000
122	5.6875	640.0000
123	5.6875	639.0000
124	5.5250	639.0000
125	5.2000	639.0000
126	5.5250	639.0000
127	5.3625	639.0000
128	5.5250	639.0000
129	5.5250	639.0000
130	5.5250	639.0000
131	5.6875	639.0000
132	5.5250	638.0000
133	5.3625	639.0000
134	5.2000	639.0000
135	5.2000	639.0000
136	4.7125	639.0000
137	5.2000	639.0000
138	5.0375	639.0000
139	5.0375	639.0000
140	4.7125	636.0000
141	4.7125	639.0000
142	4.7125	639.0000
143	4.8750	638.0000
144	4.8750	639.0000
145	4.7125	639.0000
146	4.7125	639.0000
147	4.0625	638.0000
148	4.2250	639.0000
149	3.9000	639.0000
150	4.2250	639.0000
151	4.2250	639.0000
152	4.0625	638.0000
153	4.0625	639.0000
154	4.0625	638.0000
155	3.7375	639.0000
156	3.4125	638.0000
157	3.2500	638.0000
158	3.0875	638.0000
159	2.9250	639.0000
160	2.2750	638.0000
161	1.9500	639.0000
162	0.8125	638.0000
163	0.3250	638.0000
164	-0.9750	638.0000
165	-0.9750	638.0000
166	-1.6250	639.0000
167	-1.1375	638.0000
168	-0.9750	638.0000
169	-1.6250	638.0000
170	-1.6250	638.0000
171	-2.1125	638.0000
172	-2.7625	639.0000
173	-4.2250	638.0000
174	-4.3875	638.0000
175	-4.0625	638.0000
176	-4.7125	638.0000
177	-6.0125	638.0000
178	-6.1750	638.0000
179	-6.3375	638.0000
180	-7.3125	637.0000
181	-8.1250	638.0000
182	-13.1625	637.0000
183	-12.3500	638.0000
184	-11.8625	637.0000
185	-11.5375	638.0000
186	-12.1875	638.0000
187	-13.0000	638.0000
188	-13.6500	638.0000
189	-14.4625	638.0000
190	-15.6000	638.0000
191	-16.0875	637.0000
192	-17.0625	638.0000
193	-17.7125	637.0000
194	-18.6875	638.0000
195	-19.5000	637.0000
196	-20.4750	638.0000
197	-21.4500	638.0000
198	-22.2625	638.0000
199	-23.2375	637.0000
200	-24.3750	638.0000
201	-25.3500	638.0000
202	-26.1625	637.0000
203	-27.1375	638.0000
204	-28.2750	637.0000
205	-29.2500	638.0000
206	-30.3875	637.0000
207	-31.3625	638.0000
208	-32.5000	637.0000
209	-33.4750	638.0000
210	-34.2875	637.0000
211	-34.9375	638.0000
212	-36.0750	637.0000
213	-37.2125	636.0000
214	-38.3500	638.0000
215	-39.4875	637.0000
216	-40.4625	638.0000
217	-41.6000	637.0000
218	-42.7375	638.0000
219	-43.8750	637.0000
220	-45.0125	638.0000
221	-46.1500	637.0000
222	-47.4500	638.0000
223	-48.5875	637.0000
224	-49.7250	638.0000
225	-50.8625	637.0000
226	-52.1625	637.0000
227	-53.3000	637.0000
228	-54.4375	637.0000
229	-55.5750	638.0000
230	-56.7125	637.0000
231	-57.8500	638.0000
232	-59.1500	637.0000
233	-60.1250	638.0000
234	-61.4250	636.0000
235	-62.7250	638.0000
236	-63.7000	637.0000
237	-65.0000	637.0000
238	-66.6250	638.0000
239	-67.4375	637.0000
240	-68.4125	637.0000
241	-69.7125	637.0000
242	-72.1500	637.0000
243	-72.4750	637.0000
244	-73.4500	637.0000
245	-75.2375	637.0000
246	-75.7250	638.0000
247	-76.7000	637.0000
248	-78.1625	638.0000
249	-79.9500	637.0000
250	-80.1125	637.0000
251	-81.2500	637.0000
252	-82.8750	637.0000
253	-83.8500	638.0000
254	-85.1500	637.0000
255	-86.1250	638.0000
256	-87.4250	636.0000
257	-88.2375	638.0000
258	-89.8625	637.0000
259	-90.5125	637.0000
260	-91.6500	637.0000
261	-92.4625	638.0000
262	-93.6000	637.0000
263	-95.7125	637.0000
264	-95.5500	637.0000
265	-96.2000	637.0000
266	-96.8500	638.0000
267	-97.3375	637.0000
268	-98.1500	637.0000
269	-98.6375	636.0000
270	-98.9625	638.0000
271	-99.6125	637.0000
272	-99.7750	638.0000
273	-99.9375	640.0000
274	-100.5875	637.0000
275	-100.7500	637.0000
276	-101.4000	637.0000
277	-100.9125	637.0000
278	-101.2375	636.0000
279	-101.2375	638.0000
280	-101.4000	636.0000
281	-101.4000	637.0000
282	-101.4000	637.0000
283	-102.0500	637.0000
284	-101.4000	636.0000
285	-100.9125	638.0000
286	-101.2375	637.0000
287	-100.7500	637.0000
288	-100.2625	637.0000
289	-100.2625	637.0000
290	-100.1000	638.0000
291	-99.7750	637.0000
292	-99.6125	637.0000
293	-102.7000	637.0000
294	-101.7250	638.0000
295	-113.4250	637.0000
296	-102.0500	637.0000
297	-97.8250	637.0000
298	-97.3375	638.0000
299	-97.0125	637.0000
300	-96.2000	637.0000
301	-96.0375	637.0000
302	-95.5500	637.0000
303	-94.7375	637.0000
304	-94.4125	636.0000
305	-93.6000	637.0000
306	-93.2750	637.0000
307	-92.6250	637.0000
308	-92.1375	637.0000
309	-91.3250	638.0000
310	-90.8375	636.0000
311	-90.1875	636.0000
312	-89.5375	637.0000
313	-88.8875	637.0000
314	-88.2375	637.0000
315	-87.5875	636.0000
316	-86.7750	637.0000
317	-86.1250	637.0000
318	-85.4750	637.0000
319	-84.5000	636.0000
320	-83.8500	637.0000
321	-83.0375	636.0000
322	-82.2250	637.0000
323	-81.4125	636.0000
324	-80.7625	637.0000
325	-79.7875	636.0000
326	-78.9750	636.0000
327	-78.1625	637.0000
328	-77.3500	636.0000
329	-76.3750	637.0000
330	-75.5625	636.0000
331	-74.7500	637.0000
332	-73.7750	636.0000
333	-72.9625	637.0000
334	-71.9875	637.0000
335	-71.0125	637.0000
336	-70.2000	636.0000
337	-69.0625	637.0000
338	-68.2500	636.0000
339	-67.1125	636.0000
340	-66.1375	637.0000
341	-65.1625	636.0000
342	-64.1875	637.0000
343	-63.0500	636.0000
344	-62.0750	637.0000
345	-60.9375	636.0000
346	-59.9625	637.0000
347	-58.9875	636.0000
348	-57.8500	637.0000
349	-56.8750	636.0000
350	-55.7375	637.0000
351	-54.6000	636.0000
352	-53.3000	636.0000
353	-52.1625	637.0000
354	-51.1875	636.0000
355	-50.0500	637.0000
356	-49.2375	636.0000
357	-47.9375	637.0000
358	-46.8000	636.0000
359	-45.5000	637.0000
360	-44.2000	636.0000
361	-43.0625	637.0000
362	-41.9250	636.0000
363	-40.7875	636.0000
364	-39.4875	636.0000
365	-38.3500	636.0000
366	-37.0500	637.0000
367	-35.9125	636.0000
368	-34.7750	637.0000
369	-33.4750	636.0000
370	-32.1750	636.0000
371	-31.0375	636.0000
372	-29.7375	637.0000
373	-28.6000	636.0000
374	-27.3000	637.0000
375	-26.0000	636.0000
376	-25.0250	637.0000
377	-23.7250	635.0000
378	-22.5875	636.0000
379	-21.6125	636.0000
380	-20.4750	636.0000
381	-19.5000	637.0000
382	-18.8500	635.0000
383	-17.5500	637.0000
384	-17.0625	636.0000
385	-16.0875	637.0000
386	-15.7625	635.0000
387	-15.4375	639.0000
388	-14.9500	636.0000
389	-14.7875	636.0000
390	-14.4625	636.0000
391	-13.8125	636.0000
392	-13.8125	636.0000
393	-13.4875	636.0000
394	-13.4875	636.0000
395	-13.8125	636.0000
396	-13.0000	636.0000
397	-12.8375	636.0000
398	-12.8375	636.0000
399	-12.6750	636.0000
400	-12.3500	636.0000
401	-12.0250	636.0000
402	-11.8625	636.0000
403	-12.0250	636.0000
404	-12.0250	636.0000
405	-12.3500	636.0000
406	-12.1875	636.0000
407	-12.1875	636.0000
408	-12.1875	636.0000
409	-12.0250	636.0000
410	-12.0250	636.0000
411	-11.8625	637.0000
412	-12.0250	636.0000
413	-11.8625	636.0000
414	-11.8625	636.0000
415	-11.7000	636.0000
416	-11.5375	636.0000
417	-11.5375	636.0000
418	-11.5375	636.0000
419	-11.3750	636.0000
420	-11.3750	636.0000
421	-11.3750	636.0000
422	-11.3750	636.0000
423	-11.2125	636.0000
424	-11.3750	636.0000
425	-11.2125	636.0000
426	-11.2125	636.0000
427	-11.0500	636.0000
428	-11.2125	636.0000
429	-11.0500	636.0000
430	-10.7250	636.0000
431	-10.7250	636.0000
432	-10.5625	636.0000
433	-10.7250	636.0000
434	-10.5625	636.0000
435	-10.5625	636.0000
436	-10.7250	636.0000
437	-10.5625	636.0000
438	-10.5625	636.0000
439	-10.5625	636.0000
440	-10.5625	636.0000
441	-10.5625	636.0000
442	-10.5625	636.0000
443	-10.4000	636.0000
444	-9.9125	636.0000
445	-10.4000	636.0000
446	-10.5625	636.0000
447	-10.0750	636.0000
448	-9.9125	636.0000
449	-11.3750	636.0000
450	-9.9125	636.0000
451	-9.7500	636.0000
452	-9.9125	634.0000
453	-9.9125	636.0000
454	-10.8875	636.0000
455	-9.7500	637.0000
456	-9.7500	635.0000
457	-9.7500	636.0000
458	-9.5875	635.0000
459	-9.4250	636.0000
460	-10.0750	635.0000
461	-9.9125	636.0000
462	-10.2375	635.0000
463	-9.9125	636.0000
464	-9.7500	636.0000
465	-9.4250	636.0000
466	-9.7500	636.0000
467	-10.0750	635.0000
468	-10.0750	636.0000
469	-10.0750	635.0000
470	-9.5875	636.0000
471	-9.7500	635.0000
472	-9.2625	636.0000
473	-9.2625	635.0000
474	-9.9125	636.0000
475	-10.7250	636.0000
476	-9.4250	636.0000
477	-9.9125	636.0000
478	-9.4250	636.0000
479	-9.9125	636.0000
480	-9.2625	635.0000
481	-9.1000	636.0000
482	-9.4250	635.0000
483	-9.2625	636.0000
484	-9.2625	635.0000
485	-9.4250	636.0000
486	-9.5875	635.0000
487	-9.1000	636.0000
488	-9.1000	636.0000
489	-9.2625	636.0000
490	-9.4250	636.0000
491	-9.1000	635.0000
492	-9.1000	636.0000
493	-9.2625	635.0000
494	-9.1000	636.0000
495	-9.4250	636.0000
496	-9.1000	636.0000
497	-9.2625	635.0000
498	-9.2625	636.0000
499	-9.1000	635.0000
500	-9.2625	636.0000
501	-8.9375	636.0000
502	-8.9375	636.0000
503	-8.7750	636.0000
504	-9.1000	635.0000
505	-8.9375	636.0000
506	-8.9375	635.0000
507	-8.7750	636.0000
508	-9.1000	635.0000
509	-8.7750	636.0000
510	-8.9375	635.0000
511	-9.1000	636.0000
512	-8.9375	635.0000
513	-8.7750	636.0000
514	-8.7750	635.0000
515	-8.7750	635.0000
516	-12.6750	636.0000
517	-9.5875	635.0000
518	-8.7750	634.0000
519	-8.6125	635.0000
520	-8.7750	636.0000
521	-8.7750	635.0000
522	-8.6125	636.0000
523	-8.6125	635.0000
524	-8.7750	636.0000
525	-8.6125	635.0000
526	-8.9375	636.0000
527	-9.9125	635.0000
528	-9.1000	635.0000
529	-8.6125	636.0000
530	-8.9375	635.0000
531	-8.6125	636.0000
532	-8.7750	635.0000
533	-8.6125	636.0000
534	-8.6125	635.0000
535	-8.6125	636.0000
536	-8.7750	635.0000
537	-8.7750	636.0000
538	-8.7750	635.0000
539	-8.6125	635.0000
540	-8.6125	635.0000
541	-9.1000	635.0000
542	-8.6125	636.0000
543	-9.1000	635.0000
544	-8.6125	636.0000
545	-8.9375	636.0000
546	-8.7750	636.0000
547	-8.4500	635.0000
548	-8.7750	636.0000
549	-8.6125	635.0000
550	-8.6125	636.0000
551	-8.4500	635.0000
552	-8.4500	635.0000
553	-8.4500	636.0000
554	-8.6125	634.0000
555	-8.4500	636.0000
556	-8.6125	634.0000
557	-8.2875	636.0000
558	-8.2875	635.0000
559	-8.2875	635.0000
560	-8.6125	635.0000
561	-8.2875	635.0000
562	-8.2875	635.0000
563	-8.4500	636.0000
564	-8.2875	635.0000
565	-8.2875	635.0000
566	-8.1250	635.0000
567	-8.4500	635.0000
568	-8.1250	635.0000
569	-7.9625	635.0000
570	-8.2875	635.0000
571	-8.2875	635.0000
572	-7.9625	635.0000
573	-8.4500	635.0000
574	-8.1250	636.0000
575	-8.1250	635.0000
576	-8.1250	635.0000
577	-8.1250	635.0000
578	-8.4500	635.0000
579	-8.1250	635.0000
580	-7.9625	635.0000
581	-7.9625	635.0000
582	-7.9625	635.0000
583	-7.8000	636.0000
584	-8.1250	635.0000
585	-7.9625	636.0000
586	-7.9625	635.0000
587	-7.9625	635.0000
588	-7.9625	635.0000
589	-7.9625	635.0000
590	-7.9625	635.0000
591	-7.9625	635.0000
592	-7.9625	635.0000
593	-7.9625	635.0000
594	-8.1250	636.0000
595	-7.6375	635.0000
596	-7.8000	635.0000
597	-7.9625	635.0000
598	-7.6375	636.0000
599	-7.6375	635.0000
600	-7.6375	636.0000
601	-7.6375	635.0000
602	-7.8000	635.0000
603	-7.4750	635.0000
604	-7.8000	635.0000
605	-7.4750	635.0000
606	-7.4750	635.0000
607	-7.3125	635.0000
608	-7.3125	636.0000
609	-7.3125	635.0000
610	-7.1500	635.0000
611	-7.4750	635.0000
612	-7.1500	635.0000
613	-7.4750	635.0000
614	-7.3125	635.0000
615	-7.3125	635.0000
616	-7.6375	635.0000
617	-7.1500	635.0000
618	-7.8000	635.0000
619	-7.4750	635.0000
620	-7.4750	635.0000
621	-6.9875	635.0000
622	-7.6375	635.0000
623	-7.1500	635.0000
624	-6.9875	635.0000
625	-6.9875	635.0000
626	-6.9875	635.0000
627	-10.5625	635.0000
628	-7.3125	635.0000
629	-7.3125	634.0000
630	-7.1500	635.0000
631	-7.1500	635.0000
632	-7.1500	635.0000
633	-6.9875	635.0000
634	-6.9875	635.0000
635	-6.9875	635.0000
636	-6.8250	635.0000
637	-6.8250	635.0000
638	-6.9875	631.0000
639	-6.8250	635.0000
640	-6.6625	635.0000
641	-6.6625	635.0000
642	-6.6625	635.0000
643	-6.5000	635.0000
644	-6.5000	635.0000
645	-6.3375	634.0000
646	-6.5000	634.0000
647	-6.3375	635.0000
648	-6.3375	635.0000
649	-6.1750	634.0000
650	-6.1750	635.0000
651	-6.0125	635.0000
652	-6.3375	635.0000
653	-6.1750	635.0000
654	-6.1750	635.0000
655	-6.0125	635.0000
656	-5.5250	635.0000
657	-5.3625	635.0000
658	-5.2000	634.0000
659	-5.2000	635.0000
660	-5.0375	634.0000
661	-4.8750	635.0000
662	-5.0375	634.0000
663	-4.7125	635.0000
664	-4.5500	634.0000
665	-4.7125	635.0000
666	-4.5500	635.0000
667	-4.3875	635.0000
668	-4.2250	635.0000
669	-4.0625	634.0000
670	-4.0625	635.0000
671	-3.7375	634.0000
672	-3.2500	635.0000
673	-2.9250	634.0000
674	-2.9250	635.0000
675	-3.7375	634.0000
676	-2.2750	635.0000
677	-2.1125	635.0000
678	-2.2750	635.0000
679	-0.9750	635.0000
680	-0.6500	635.0000
681	-0.3250	635.0000
682	0.4875	635.0000
683	0.9750	635.0000
684	1.3000	634.0000
685	1.7875	635.0000
686	1.9500	634.0000
687	3.2500	635.0000
688	3.7375	634.0000
689	4.0625	635.0000
690	4.8750	634.0000
691	5.5250	635.0000
692	6.0125	635.0000
693	6.8250	634.0000
694	7.4750	635.0000
695	8.4500	634.0000
696	8.7750	635.0000
697	9.5875	634.0000
698	10.4000	635.0000
699	11.0500	634.0000
700	11.7000	635.0000
701	12.6750	634.0000
702	13.4875	635.0000
703	14.1375	635.0000
704	14.9500	636.0000
705	16.0875	635.0000
706	16.9000	635.0000
707	17.8750	635.0000
708	18.6875	634.0000
709	19.6625	635.0000
710	20.6375	634.0000
711	21.6125	635.0000
712	22.7500	634.0000
713	23.5625	635.0000
714	24.7000	634.0000
715	25.6750	635.0000
716	26.8125	635.0000
717	27.9500	634.0000
718	28.7625	635.0000
719	29.9000	634.0000
720	30.8750	635.0000
721	32.1750	634.0000
722	33.1500	635.0000
723	34.1250	634.0000
724	35.4250	635.0000
725	36.2375	634.0000
726	37.5375	635.0000
727	38.3500	634.0000
728	39.6500	635.0000
729	40.6250	634.0000
730	41.9250	634.0000
731	42.9000	635.0000
732	44.0375	634.0000
733	44.5250	635.0000
734	46.3125	634.0000
735	47.4500	635.0000
736	48.5875	634.0000
737	49.8875	635.0000
738	45.6625	634.0000
739	52.1625	635.0000
740	53.1375	634.0000
741	54.4375	635.0000
742	55.7375	635.0000
743	56.7125	634.0000
744	58.0125	635.0000
745	59.3125	631.0000
746	60.4500	635.0000
747	61.2625	634.0000
748	62.7250	635.0000
749	63.8625	634.0000
750	65.0000	635.0000
751	66.1375	634.0000
752	67.4375	635.0000
753	68.4125	635.0000
754	69.3875	635.0000
755	70.5250	635.0000
756	71.8250	634.0000
757	73.1250	635.0000
758	74.4250	634.0000
759	75.0750	635.0000
760	76.3750	634.0000
761	78.0000	635.0000
762	78.6500	634.0000
763	80.1125	636.0000
764	81.4125	635.0000
765	82.7125	635.0000
766	83.2000	634.0000
767	84.8250	635.0000
768	86.1250	635.0000
769	87.4250	634.0000
770	88.4000	635.0000
771	89.7000	634.0000
772	91.0000	635.0000
773	91.4875	634.0000
774	92.9500	635.0000
775	93.7625	634.0000
776	94.5750	635.0000
777	95.0625	635.0000
778	95.8750	635.0000
779	96.6875	634.0000
780	97.1750	634.0000
781	97.6625	635.0000
782	98.3125	634.0000
783	98.6375	635.0000
784	98.6375	635.0000
785	99.6125	635.0000
786	99.7750	634.0000
787	100.1000	635.0000
788	98.8000	634.0000
789	100.4250	635.0000
790	100.4250	635.0000
791	100.9125	635.0000
792	100.1000	635.0000
793	100.9125	634.0000
794	100.9125	635.0000
795	100.5875	634.0000
796	100.9125	635.0000
797	100.7500	634.0000
798	100.5875	635.0000
799	99.7750	634.0000
800	100.2625	635.0000
801	100.2625	634.0000
802	100.1000	635.0000
803	99.7750	635.0000
804	99.2875	635.0000
805	99.2875	635.0000
806	98.8000	634.0000
807	98.3125	635.0000
808	97.9875	634.0000
809	97.6625	635.0000
810	97.3375	634.0000
811	96.8500	635.0000
812	96.3625	634.0000
813	95.8750	635.0000
814	95.3875	634.0000
815	94.9000	635.0000
816	94.4125	635.0000
817	93.9250	635.0000
818	93.2750	635.0000
819	92.9500	635.0000
820	92.3000	635.0000
821	90.6750	635.0000
822	90.6750	635.0000
823	90.3500	634.0000
824	89.7000	635.0000
825	88.5625	634.0000
826	88.2375	635.0000
827	87.2625	634.0000
828	86.9375	635.0000
829	85.9625	635.0000
830	85.3125	635.0000
831	84.8250	635.0000
832	83.6875	635.0000
833	83.0375	635.0000
834	82.3875	635.0000
835	81.7375	635.0000
836	79.9500	634.0000
837	79.9500	635.0000
838	79.1375	634.0000
839	78.1625	635.0000
840	76.8625	635.0000
841	76.3750	635.0000
842	75.7250	635.0000
843	74.2625	635.0000
844	74.1000	635.0000
845	72.4750	634.0000
846	71.9875	635.0000
847	70.2000	634.0000
848	70.0375	635.0000
849	62.4000	635.0000
850	67.6000	635.0000
851	67.1125	634.0000
852	66.3000	635.0000
853	65.1625	635.0000
854	64.0250	635.0000
855	63.0500	635.0000
856	62.2375	634.0000
857	61.2625	635.0000
858	59.8000	634.0000
859	58.9875	635.0000
860	57.6875	635.0000
861	56.7125	635.0000
862	55.4125	634.0000
863	54.4375	635.0000
864	53.3000	634.0000
865	52.3250	635.0000
866	51.1875	635.0000
867	49.8875	635.0000
868	48.7500	635.0000
869	47.4500	635.0000
870	46.1500	635.0000
871	45.1750	634.0000
872	43.8750	635.0000
873	42.7375	634.0000
874	41.4375	635.0000
875	40.3000	635.0000
876	38.8375	635.0000
877	37.8625	634.0000
878	36.5625	635.0000
879	35.2625	635.0000
880	33.8000	635.0000
881	32.8250	635.0000
882	31.5250	635.0000
883	30.2250	635.0000
884	28.6000	634.0000
885	27.6250	635.0000
886	26.6500	634.0000
887	25.5125	635.0000
888	24.0500	634.0000
889	23.0750	635.0000
890	21.9375	635.0000
891	20.4750	635.0000
892	19.6625	635.0000
893	18.5250	635.0000
894	17.5500	635.0000
895	16.4125	635.0000
896	15.6000	635.0000
897	15.2750	634.0000
898	14.7875	635.0000
899	13.9750	634.0000
900	13.4875	635.0000
901	13.6500	635.0000
902	13.0000	635.0000
903	12.8375	635.0000
904	12.6750	635.0000
905	12.5125	635.0000
906	12.1875	635.0000
907	12.0250	635.0000
908	11.8625	634.0000
909	11.8625	635.0000
910	11.7000	634.0000
911	11.0500	635.0000
912	11.3750	635.0000
913	11.2125	635.0000
914	11.3750	634.0000
915	11.2125	635.0000
916	11.0500	635.0000
917	10.2375	635.0000
918	10.0750	635.0000
919	10.7250	635.0000
920	10.5625	635.0000
921	10.4000	634.0000
922	10.5625	635.0000
923	10.7250	634.0000
924	10.2375	635.0000
925	10.4000	634.0000
926	10.2375	635.0000
927	10.2375	634.0000
928	10.2375	635.0000
929	10.2375	635.0000
930	10.2375	635.0000
931	10.2375	635.0000
932	9.9125	635.0000
933	9.7500	635.0000
934	9.7500	635.0000
935	9.9125	635.0000
936	9.5875	635.0000
937	9.5875	635.0000
938	9.7500	634.0000
939	9.1000	635.0000
940	9.2625	635.0000
941	9.5875	635.0000
942	9.7500	635.0000
943	9.2625	635.0000
944	9.4250	635.0000
945	9.5875	635.0000
946	9.5875	635.0000
947	9.4250	634.0000
948	8.4500	635.0000
949	9.1000	633.0000
950	9.1000	635.0000
951	9.2625	634.0000
952	9.2625	635.0000
953	9.4250	635.0000
954	8.9375	635.0000
955	8.9375	635.0000
956	9.2625	635.0000
957	9.2625	635.0000
958	8.9375	635.0000
959	7.6375	635.0000
960	1.6250	634.0000
961	5.6875	635.0000
962	8.4500	635.0000
963	8.6125	634.0000
964	8.7750	635.0000
965	8.6125	635.0000
966	8.9375	635.0000
967	9.1000	635.0000
968	8.7750	635.0000
969	8.7750	635.0000
970	8.9375	635.0000
971	8.9375	637.0000
972	8.4500	635.0000
973	8.7750	635.0000
974	8.4500	635.0000
975	8.6125	635.0000
976	8.6125	635.0000
977	8.9375	635.0000
978	8.9375	635.0000
979	8.9375	635.0000
980	8.4500	635.0000
981	8.9375	635.0000
982	8.4500	635.0000
983	8.4500	635.0000
984	8.4500	635.0000
985	8.6125	635.0000
986	8.7750	635.0000
987	8.2875	635.0000
988	8.1250	635.0000
989	8.4500	635.0000
990	8.4500	635.0000
991	7.6375	635.0000
992	8.4500	635.0000
993	8.2875	635.0000
994	7.6375	635.0000
995	8.4500	635.0000
996	8.6125	635.0000
997	8.4500	635.0000
998	6.9875	635.0000
999	8.2875	635.0000
1000	8.2875	635.0000
1001	8.2875	635.0000
1002	7.6375	635.0000
1003	8.1250	635.0000
1004	8.1250	635.0000
1005	8.1250	635.0000
1006	8.2875	635.0000
1007	7.9625	635.0000
1008	8.2875	635.0000
1009	7.1500	634.0000
1010	7.8000	636.0000
1011	8.1250	635.0000
1012	8.1250	635.0000
1013	7.1500	636.0000
1014	7.1500	635.0000
1015	8.2875	635.0000
1016	7.8000	635.0000
1017	8.1250	635.0000
1018	7.4750	635.0000
1019	8.1250	635.0000
1020	7.8000	635.0000
1021	7.4750	635.0000
1022	7.9625	636.0000
1023	8.1250	635.0000
#9351
0	8.1250	636.0000
1	-22.1000	635.0000
2	-21.2875	635.0000
3	-21.1250	635.0000
4	-21.6125	635.0000
5	-21.6125	635.0000
6	-21.6125	635.0000
7	-21.4500	635.0000
8	-21.4500	635.0000
9	-21.2875	636.0000
10	-21.2875	635.0000
11	-21.2875	636.0000
12	-21.4500	635.0000
13	-21.7750	636.0000
14	-21.4500	635.0000
15	-21.4500	635.0000
16	-21.1250	635.0000
17	-21.2875	635.0000
18	-21.2875	635.0000
19	-21.4500	635.0000
20	-21.4500	636.0000
21	-21.7750	635.0000
22	-21.4500	636.0000
23	-21.4500	635.0000
24	-21.4500	636.0000
25	-21.4500	635.0000
26	-21.4500	632.0000
27	-21.4500	633.0000
28	-21.7750	632.0000
29	-21.7750	635.0000
30	-21.6125	635.0000
31	-21.6125	635.0000
32	-23.2375	635.0000
33	-21.7750	636.0000
34	-21.7750	635.0000
35	-21.9375	636.0000
36	-21.9375	635.0000
37	-21.7750	636.0000
38	-21.7750	635.0000
39	-21.6125	636.0000
40	-21.7750	635.0000
41	-21.6125	635.0000
42	-22.2625	636.0000
43	-21.9375	635.0000
44	-22.4250	636.0000
45	-22.2625	635.0000
46	-22.1000	636.0000
47	-22.2625	635.0000
48	-22.4250	636.0000
49	-22.2625	635.0000
50	-22.4250	636.0000
51	-22.4250	635.0000
52	-22.1000	636.0000
53	-22.4250	635.0000
54	-4.0625	635.0000
55	6.6625	635.0000
56	6.9875	635.0000
57	6.8250	636.0000
58	6.8250	635.0000
59	6.8250	636.0000
60	6.8250	635.0000
61	6.6625	636.0000
62	6.9875	636.0000
63	7.1500	636.0000
64	7.1500	635.0000
65	7.3125	636.0000
66	7.1500	635.0000
67	7.3125	635.0000
68	7.1500	636.0000
69	7.4750	635.0000
70	7.1500	636.0000
71	6.9875	635.0000
72	7.1500	636.0000
73	7.4750	635.0000
74	7.3125	636.0000
75	7.1500	635.0000
76	7.1500	636.0000
77	7.1500	635.0000
78	6.9875	636.0000
79	6.6625	636.0000
80	6.8250	635.0000
81	6.9875	636.0000
82	6.9875	635.0000
83	6.9875	636.0000
84	6.6625	635.0000
85	6.5000	636.0000
86	6.5000	635.0000
87	6.9875	636.0000
88	6.3375	635.0000
89	6.6625	636.0000
90	5.2000	635.0000
91	6.6625	636.0000
92	6.5000	636.0000
93	6.6625	635.0000
94	6.6625	636.0000
95	6.3375	636.0000
96	6.3375	636.0000
97	6.5000	635.0000
98	6.8250	636.0000
99	6.3375	635.0000
100	5.6875	636.0000
101	6.3375	635.0000
102	6.3375	636.0000
103	5.8500	635.0000
104	5.2000	636.0000
105	6.3375	636.0000
106	6.1750	635.0000
107	6.1750	636.0000
108	6.0125	635.0000
109	6.1750	636.0000
110	5.6875	635.0000
111	5.8500	636.0000
112	5.8500	635.0000
113	5.2000	636.0000
114	5.5250	635.0000
115	5.8500	636.0000
116	5.6875	636.0000
117	6.0125	636.0000
118	5.8500	636.0000
119	5.6875	635.0000
120	5.6875	636.0000
121	5.0375	635.0000
122	5.5250	636.0000
123	5.6875	635.0000
124	5.3625	636.0000
125	4.7125	635.0000
126	5.0375	636.0000
127	5.3625	635.0000
128	5.0375	636.0000
129	5.5250	636.0000
130	5.2000	634.0000
131	5.3625	636.0000
132	5.0375	635.0000
133	5.2000	636.0000
134	5.0375	635.0000
135	5.3625	636.0000
136	4.8750	636.0000
137	5.0375	636.0000
138	5.0375	635.0000
139	5.0375	636.0000
140	5.0375	635.0000
141	4.7125	636.0000
142	4.8750	636.0000
143	-1.4625	636.0000
144	2.9250	636.0000
145	4.5500	636.0000
146	4.5500	636.0000
147	4.3875	635.0000
148	4.2250	636.0000
149	4.2250	635.0000
150	4.0625	636.0000
151	4.0625	635.0000
152	4.0625	636.0000
153	3.9000	636.0000
154	3.7375	636.0000
155	3.5750	636.0000
156	3.5750	636.0000
157	3.2500	636.0000
158	2.9250	636.0000
159	2.7625	636.0000
160	2.4375	635.0000
161	2.1125	636.0000
162	1.7875	636.0000
163	1.3000	636.0000
164	1.1375	635.0000
165	0.6500	636.0000
166	0.1625	636.0000
167	-0.3250	636.0000
168	-0.6500	636.0000
169	-1.1375	636.0000
170	-1.7875	636.0000
171	-2.1125	636.0000
172	-2.4375	636.0000
173	-3.0875	635.0000
174	-3.7375	636.0000
175	-4.0625	636.0000
176	-4.7125	636.0000
177	-5.2000	636.0000
178	-6.0125	636.0000
179	-6.5000	636.0000
180	-7.3125	636.0000
181	-7.8000	636.0000
182	-8.9375	636.0000
183	-9.4250	636.0000
184	-10.2375	636.0000
185	-10.7250	636.0000
186	-11.7000	636.0000
187	-12.3500	636.0000
188	-13.0000	636.0000
189	-13.9750	636.0000
190	-14.4625	636.0000
191	-15.6000	636.0000
192	-16.4125	636.0000
193	-17.3875	636.0000
194	-17.8750	636.0000
195	-19.1750	635.0000
196	-19.9875	636.0000
197	-20.6375	636.0000
198	-21.9375	636.0000
199	-22.9125	636.0000
200	-23.5625	636.0000
201	-24.7000	636.0000
202	-25.6750	636.0000
203	-26.6500	636.0000
204	-28.6000	636.0000
205	-29.0875	636.0000
206	-30.8750	636.0000
207	-31.3625	636.0000
208	-33.9625	636.0000
209	-34.4500	636.0000
210	-34.4500	635.0000
211	-35.2625	636.0000
212	-36.2375	636.0000
213	-37.3750	637.0000
214	-38.5125	636.0000
215	-39.6500	636.0000
216	-40.6250	636.0000
217	-42.2500	636.0000
218	-43.0625	636.0000
219	-44.2000	636.0000
220	-45.3375	636.0000
221	-46.6375	637.0000
222	-47.4500	637.0000
223	-48.5875	636.0000
224	-50.0500	637.0000
225	-51.0250	636.0000
226	-51.8375	637.0000
227	-53.3000	636.0000
228	-54.6000	637.0000
229	-55.5750	636.0000
230	-56.7125	637.0000
231	-57.8500	637.0000
232	-59.4750	636.0000
233	-60.4500	637.0000
234	-61.4250	636.0000
235	-62.8875	637.0000
236	-64.0250	636.0000
237	-65.1625	637.0000
238	-66.1375	636.0000
239	-67.6000	637.0000
240	-68.7375	636.0000
241	-69.7125	637.0000
242	-70.8500	637.0000
243	-72.4750	637.0000
244	-73.6125	637.0000
245	-74.2625	637.0000
246	-75.5625	637.0000
247	-76.7000	637.0000
248	-78.0000	637.0000
249	-78.9750	637.0000
250	-80.9250	637.0000
251	-81.9000	636.0000
252	-82.8750	637.0000
253	-84.0125	637.0000
254	-88.5625	638.0000
255	-86.7750	637.0000
256	-87.2625	637.0000
257	-88.5625	637.0000
258	-89.5375	637.0000
259	-90.8375	637.0000
260	-91.8125	637.0000
261	-93.1125	638.0000
262	-93.9250	637.0000
263	-94.7375	638.0000
264	-95.7125	638.0000
265	-96.5250	638.0000
266	-97.0125	637.0000
267	-97.6625	637.0000
268	-98.1500	638.0000
269	-98.4750	637.0000
270	-98.9625	638.0000
271	-99.6125	637.0000
272	-99.7750	638.0000
273	-100.1000	637.0000
274	-100.2625	638.0000
275	-100.7500	637.0000
276	-100.7500	638.0000
277	-101.0750	637.0000
278	-101.0750	638.0000
279	-101.2375	638.0000
280	-101.2375	638.0000
281	-101.2375	638.0000
282	-101.0750	638.0000
283	-101.0750	638.0000
284	-101.2375	637.0000
285	-100.9125	640.0000
286	-101.2375	638.0000
287	-101.2375	638.0000
288	-100.9125	637.0000
289	-100.2625	639.0000
290	-100.4250	638.0000
291	-99.9375	638.0000
292	-99.6125	638.0000
293	-99.7750	638.0000
294	-98.9625	638.0000
295	-98.8000	638.0000
296	-98.1500	639.0000
297	-97.5000	638.0000
298	-98.3125	639.0000
299	-96.8500	638.0000
300	-96.3625	639.0000
301	-95.5500	639.0000
302	-95.5500	639.0000
303	-94.7375	639.0000
304	-94.2500	639.0000
305	-93.6000	639.0000
306	-92.9500	639.0000
307	-92.4625	639.0000
308	-91.9750	639.0000
309	-91.4875	640.0000
310	-90.8375	640.0000
311	-90.0250	640.0000
312	-89.2125	640.0000
313	-89.7000	640.0000
314	-88.0750	640.0000
315	-87.4250	641.0000
316	-87.2625	640.0000
317	-86.1250	641.0000
318	-85.3125	641.0000
319	-84.5000	641.0000
320	-83.8500	641.0000
321	-82.8750	641.0000
322	-81.9000	641.0000
323	-81.4125	641.0000
324	-80.6000	641.0000
325	-79.9500	641.0000
326	-78.9750	642.0000
327	-78.3250	641.0000
328	-77.3500	642.0000
329	-76.3750	642.0000
330	-76.0500	642.0000
331	-74.7500	642.0000
332	-74.1000	642.0000
333	-72.8000	643.0000
334	-72.1500	642.0000
335	-71.3375	643.0000
336	-70.8500	642.0000
337	-69.0625	643.0000
338	-68.4125	643.0000
339	-67.7625	644.0000
340	-66.3000	643.0000
341	-65.4875	643.0000
342	-64.1875	643.0000
343	-63.3750	643.0000
344	-62.7250	644.0000
345	-61.1000	643.0000
346	-60.4500	644.0000
347	-58.9875	643.0000
348	-58.1750	644.0000
349	-57.2000	643.0000
350	-56.0625	644.0000
351	-54.7625	644.0000
352	-53.7875	645.0000
353	-52.6500	644.0000
354	-51.3500	645.0000
355	-50.3750	644.0000
356	-49.2375	644.0000
357	-48.7500	645.0000
358	-46.6375	645.0000
359	-45.6625	645.0000
360	-44.3625	645.0000
361	-43.2250	646.0000
362	-41.9250	645.0000
363	-40.9500	646.0000
364	-39.9750	645.0000
365	-39.0000	646.0000
366	-38.6750	646.0000
367	-36.0750	646.0000
368	-34.9375	646.0000
369	-33.4750	646.0000
370	-32.3375	646.0000
371	-31.0375	646.0000
372	-29.7375	647.0000
373	-28.7625	646.0000
374	-27.4625	647.0000
375	-27.1375	646.0000
376	-25.8375	649.0000
377	-24.2125	646.0000
378	-22.9125	647.0000
379	-21.9375	647.0000
380	-21.2875	647.0000
381	-19.8250	647.0000
382	-18.8500	647.0000
383	-17.8750	647.0000
384	-17.5500	647.0000
385	-16.4125	648.0000
386	-15.7625	647.0000
387	-15.4375	648.0000
388	-15.1125	647.0000
389	-14.6250	648.0000
390	-14.3000	648.0000
391	-13.9750	649.0000
392	-13.8125	648.0000
393	-13.6500	648.0000
394	-13.8125	649.0000
395	-13.6500	648.0000
396	-13.0000	649.0000
397	-12.8375	648.0000
398	-12.8375	649.0000
399	-12.5125	648.0000
400	-12.6750	650.0000
401	-12.3500	649.0000
402	-12.0250	649.0000
403	-12.0250	649.0000
404	-12.0250	649.0000
405	-13.3250	649.0000
406	-12.0250	649.0000
407	-12.0250	650.0000
408	-11.7000	649.0000
409	-11.8625	649.0000
410	-11.5375	650.0000
411	-11.3750	651.0000
412	-11.7000	650.0000
413	-11.2125	651.0000
414	-11.8625	650.0000
415	-11.2125	651.0000
416	-12.0250	650.0000
417	-11.3750	652.0000
418	-11.2125	654.0000
419	-11.2125	651.0000
420	-10.8875	651.0000
421	-11.0500	651.0000
422	-10.5625	651.0000
423	-11.3750	651.0000
424	-10.8875	652.0000
425	-10.7250	651.0000
426	-10.5625	652.0000
427	-10.5625	651.0000
428	-10.8875	652.0000
429	-10.5625	651.0000
430	-10.5625	652.0000
431	-10.4000	652.0000
432	-10.5625	652.0000
433	-10.2375	652.0000
434	-10.4000	653.0000
435	-10.4000	657.0000
436	-10.2375	652.0000
437	-10.0750	653.0000
438	-10.2375	652.0000
439	-10.4000	653.0000
440	-10.0750	652.0000
441	-10.0750	653.0000
442	-10.0750	652.0000
443	-9.9125	653.0000
444	-9.9125	653.0000
445	-10.2375	653.0000
446	-11.3750	653.0000
447	-10.0750	653.0000
448	-10.0750	653.0000
449	-10.0750	653.0000
450	-10.0750	654.0000
451	-9.9125	653.0000
452	-10.0750	654.0000
453	-9.9125	653.0000
454	-9.7500	654.0000
455	-10.0750	654.0000
456	-9.9125	654.0000
457	-10.0750	654.0000
458	-9.7500	654.0000
459	-9.7500	654.0000
460	-9.7500	654.0000
461	-9.7500	655.0000
462	-10.4000	654.0000
463	-9.5875	655.0000
464	-9.9125	654.0000
465	-9.5875	655.0000
466	-9.5875	655.0000
467	-9.7500	655.0000
468	-9.9125	655.0000
469	-9.4250	655.0000
470	-9.4250	655.0000
471	-9.5875	655.0000
472	-9.7500	655.0000
473	-9.5875	655.0000
474	-9.4250	655.0000
475	-10.0750	655.0000
476	-9.5875	655.0000
477	-13.6500	655.0000
478	-10.0750	654.0000
479	-10.0750	655.0000
480	-10.0750	655.0000
481	-9.9125	655.0000
482	-10.0750	655.0000
483	-9.9125	656.0000
484	-9.9125	656.0000
485	-9.9125	656.0000
486	-9.9125	656.0000
487	-9.9125	656.0000
488	-9.7500	656.0000
489	-9.7500	657.0000
490	-9.7500	656.0000
491	-9.7500	656.0000
492	-9.9125	656.0000
493	-9.7500	657.0000
494	-9.7500	657.0000
495	-9.7500	656.0000
496	-9.7500	657.0000
497	-9.7500	656.0000
498	-9.7500	657.0000
499	-9.5875	657.0000
500	-9.5875	657.0000
501	-9.5875	656.0000
502	-9.5875	657.0000
503	-9.5875	656.0000
504	-9.4250	658.0000
505	-9.4250	657.0000
506	-9.5875	657.0000
507	-9.5875	658.0000
508	-9.2625	657.0000
509	-9.4250	658.0000
510	-9.2625	657.0000
511	-8.9375	658.0000
512	-9.4250	657.0000
513	-8.9375	658.0000
514	-9.1000	657.0000
515	-9.7500	658.0000
516	-9.9125	658.0000
517	-8.9375	658.0000
518	-8.7750	658.0000
519	-9.1000	658.0000
520	-8.9375	658.0000
521	-9.7500	658.0000
522	-8.7750	659.0000
523	-9.2625	658.0000
524	-9.1000	659.0000
525	-9.2625	658.0000
526	-9.1000	658.0000
527	-9.1000	658.0000
528	-9.1000	659.0000
529	-8.7750	659.0000
530	-8.7750	659.0000
531	-8.7750	659.0000
532	-8.9375	659.0000
533	-8.7750	659.0000
534	-9.7500	659.0000
535	-8.9375	659.0000
536	-8.6125	659.0000
537	-9.2625	659.0000
538	-8.7750	659.0000
539	-9.2625	659.0000
540	-8.6125	659.0000
541	-8.7750	659.0000
542	-8.7750	659.0000
543	-8.4500	659.0000
544	-8.6125	659.0000
545	-8.9375	659.0000
546	-8.7750	660.0000
547	-8.7750	659.0000
548	-9.1000	660.0000
549	-8.6125	659.0000
550	-8.7750	660.0000
551	-8.9375	659.0000
552	-8.7750	660.0000
553	-8.6125	660.0000
554	-8.6125	660.0000
555	-8.6125	660.0000
556	-8.9375	660.0000
557	-8.6125	660.0000
558	-8.4500	660.0000
559	-8.6125	660.0000
560	-8.4500	660.0000
561	-8.2875	661.0000
562	-8.4500	660.0000
563	-8.2875	661.0000
564	-8.2875	660.0000
565	-8.2875	661.0000
566	-8.2875	660.0000
567	-8.6125	661.0000
568	-8.2875	658.0000
569	-8.2875	661.0000
570	-8.4500	661.0000
571	-8.9375	661.0000
572	-8.1250	661.0000
573	-8.1250	661.0000
574	-8.2875	661.0000
575	-8.1250	661.0000
576	-8.2875	661.0000
577	-8.1250	661.0000
578	-8.2875	661.0000
579	-7.9625	660.0000
580	-8.1250	663.0000
581	-7.9625	661.0000
582	-8.1250	661.0000
583	-8.1250	661.0000
584	-7.9625	661.0000
585	-8.1250	662.0000
586	-7.9625	661.0000
587	-7.9625	662.0000
588	-12.8375	661.0000
589	-7.9625	662.0000
590	-7.8000	661.0000
591	-7.9625	662.0000
592	-7.6375	661.0000
593	-7.6375	662.0000
594	-8.4500	662.0000
595	-7.8000	662.0000
596	-8.1250	662.0000
597	-8.4500	662.0000
598	-8.7750	662.0000
599	-7.8000	661.0000
600	-7.8000	662.0000
601	-7.8000	661.0000
602	-7.6375	662.0000
603	-7.8000	662.0000
604	-7.8000	662.0000
605	-7.8000	662.0000
606	-7.6375	662.0000
607	-7.8000	662.0000
608	-8.2875	662.0000
609	-7.6375	662.0000
610	-7.3125	662.0000
611	-7.4750	663.0000
612	-7.4750	662.0000
613	-7.4750	662.0000
614	-7.3125	662.0000
615	-7.4750	663.0000
616	-7.4750	662.0000
617	-7.1500	663.0000
618	-7.4750	662.0000
619	-7.6375	663.0000
620	-7.1500	660.0000
621	-6.9875	662.0000
622	-7.1500	663.0000
623	-7.3125	662.0000
624	-7.1500	663.0000
625	-6.9875	662.0000
626	-7.1500	663.0000
627	-6.8250	662.0000
628	-6.8250	663.0000
629	-7.1500	662.0000
630	-7.3125	663.0000
631	-6.9875	662.0000
632	-7.1500	663.0000
633	-6.6625	663.0000
634	-6.9875	663.0000
635	-6.6625	663.0000
636	-6.6625	662.0000
637	-7.9625	663.0000
638	-6.6625	662.0000
639	-6.5000	664.0000
640	-6.6625	663.0000
641	-6.3375	663.0000
642	-6.3375	662.0000
643	-6.1750	663.0000
644	-6.3375	663.0000
645	-5.8500	663.0000
646	-6.1750	663.0000
647	-5.8500	663.0000
648	-5.8500	663.0000
649	-5.8500	663.0000
650	-6.0125	663.0000
651	-5.8500	663.0000
652	-5.5250	663.0000
653	-5.6875	663.0000
654	-5.5250	663.0000
655	-5.5250	663.0000
656	-5.5250	663.0000
657	-5.3625	663.0000
658	-5.3625	663.0000
659	-5.2000	663.0000
660	-5.2000	663.0000
661	-5.0375	664.0000
662	-5.0375	663.0000
663	-4.8750	663.0000
664	-5.0375	663.0000
665	-4.8750	665.0000
666	-4.7125	663.0000
667	-4.3875	664.0000
668	-4.3875	663.0000
669	-4.0625	663.0000
670	-3.9000	663.0000
671	-3.7375	663.0000
672	-3.2500	662.0000
673	-2.9250	663.0000
674	-2.6000	664.0000
675	-2.1125	663.0000
676	-1.9500	664.0000
677	-1.6250	663.0000
678	-1.3000	663.0000
679	-0.8125	663.0000
680	-0.4875	663.0000
681	0.1625	663.0000
682	0.4875	663.0000
683	0.9750	663.0000
684	1.4625	663.0000
685	2.1125	664.0000
686	2.6000	663.0000
687	3.0875	664.0000
688	3.2500	663.0000
689	3.9000	664.0000
690	4.7125	663.0000
691	5.5250	664.0000
692	6.0125	663.0000
693	6.8250	664.0000
694	7.1500	663.0000
695	7.9625	663.0000
696	8.6125	663.0000
697	9.2625	663.0000
698	9.7500	664.0000
699	6.5000	663.0000
700	12.0250	664.0000
701	12.8375	663.0000
702	13.4875	664.0000
703	14.3000	663.0000
704	15.2750	664.0000
705	16.2500	663.0000
706	17.0625	663.0000
707	18.0375	663.0000
708	19.0125	663.0000
709	19.8250	663.0000
710	20.3125	663.0000
711	21.6125	664.0000
712	22.5875	663.0000
713	23.8875	664.0000
714	24.7000	663.0000
715	25.8375	664.0000
716	26.6500	663.0000
717	27.9500	664.0000
718	28.9250	663.0000
719	29.7375	664.0000
720	30.8750	663.0000
721	32.0125	663.0000
722	32.9875	664.0000
723	34.1250	663.0000
724	35.1000	664.0000
725	35.4250	663.0000
726	37.0500	664.0000
727	38.3500	663.0000
728	39.0000	664.0000
729	40.4625	663.0000
730	41.4375	664.0000
731	43.0625	663.0000
732	44.0375	663.0000
733	45.3375	663.0000
734	46.4750	663.0000
735	47.4500	663.0000
736	48.5875	665.0000
737	49.4000	664.0000
738	51.1875	663.0000
739	51.8375	664.0000
740	53.3000	663.0000
741	54.1125	664.0000
742	55.7375	663.0000
743	56.8750	664.0000
744	58.0125	663.0000
745	59.3125	663.0000
746	60.1250	663.0000
747	61.4250	663.0000
748	62.7250	663.0000
749	64.1875	663.0000
750	65.1625	664.0000
751	66.3000	663.0000
752	67.4375	663.0000
753	68.4125	663.0000
754	69.8750	663.0000
755	70.8500	663.0000
756	72.6375	663.0000
757	73.6125	663.0000
758	74.5875	663.0000
759	76.0500	664.0000
760	77.0250	663.0000
761	78.0000	663.0000
762	79.3000	663.0000
763	80.6000	663.0000
764	81.7375	663.0000
765	83.0375	663.0000
766	84.1750	662.0000
767	85.4750	663.0000
768	86.6125	663.0000
769	87.7500	663.0000
770	89.2125	663.0000
771	90.1875	663.0000
772	91.3250	663.0000
773	92.1375	663.0000
774	92.7875	663.0000
775	93.7625	662.0000
776	94.4125	663.0000
777	95.3875	663.0000
778	96.0375	663.0000
779	96.5250	662.0000
780	97.5000	663.0000
781	98.1500	662.0000
782	98.6375	663.0000
783	99.1250	663.0000
784	99.6125	662.0000
785	99.9375	663.0000
786	100.2625	662.0000
787	100.5875	663.0000
788	100.5875	662.0000
789	100.7500	663.0000
790	100.9125	662.0000
791	100.9125	663.0000
792	101.0750	662.0000
793	101.0750	663.0000
794	101.0750	662.0000
795	100.9125	662.0000
796	100.9125	662.0000
797	100.9125	662.0000
798	100.7500	662.0000
799	100.5875	662.0000
800	100.4250	662.0000
801	100.1000	662.0000
802	98.9625	662.0000
803	99.1250	661.0000
804	98.6375	662.0000
805	98.4750	661.0000
806	97.0125	662.0000
807	97.5000	662.0000
808	97.5000	662.0000
809	97.6625	662.0000
810	90.5125	661.0000
811	95.3875	662.0000
812	95.8750	661.0000
813	95.2250	662.0000
814	94.9000	661.0000
815	94.4125	662.0000
816	93.7625	661.0000
817	93.2750	662.0000
818	92.7875	659.0000
819	92.3000	662.0000
820	91.6500	661.0000
821	91.0000	661.0000
822	90.3500	661.0000
823	89.7000	660.0000
824	89.2125	661.0000
825	88.5625	660.0000
826	87.9125	661.0000
827	87.1000	661.0000
828	86.2875	661.0000
829	85.6375	660.0000
830	84.9875	661.0000
831	84.1750	660.0000
832	83.3625	661.0000
833	82.7125	660.0000
834	82.2250	660.0000
835	81.2500	661.0000
836	80.2750	660.0000
837	79.4625	661.0000
838	78.4875	660.0000
839	77.6750	661.0000
840	76.8625	660.0000
841	76.2125	660.0000
842	75.4000	659.0000
843	74.4250	660.0000
844	73.4500	660.0000
845	72.4750	660.0000
846	71.8250	660.0000
847	71.1750	660.0000
848	70.3625	660.0000
849	69.3875	661.0000
850	68.2500	660.0000
851	67.2750	659.0000
852	66.3000	660.0000
853	65.1625	659.0000
854	64.1875	660.0000
855	63.0500	659.0000
856	62.0750	660.0000
857	61.1000	659.0000
858	59.9625	659.0000
859	58.9875	659.0000
860	57.5250	659.0000
861	56.5500	659.0000
862	55.4125	659.0000
863	54.4375	659.0000
864	53.1375	659.0000
865	52.1625	659.0000
866	51.0250	659.0000
867	49.8875	659.0000
868	48.9125	658.0000
869	47.4500	659.0000
870	46.3125	659.0000
871	45.3375	659.0000
872	44.0375	659.0000
873	42.9000	659.0000
874	41.7625	659.0000
875	40.4625	658.0000
876	39.1625	659.0000
877	37.8625	658.0000
878	36.5625	659.0000
879	35.1000	658.0000
880	33.8000	658.0000
881	32.8250	658.0000
882	31.5250	658.0000
883	30.2250	658.0000
884	29.0875	658.0000
885	27.4625	658.0000
886	26.6500	657.0000
887	25.3500	658.0000
888	24.2125	657.0000
889	22.9125	658.0000
890	21.9375	657.0000
891	20.6375	658.0000
892	19.5000	657.0000
893	18.5250	658.0000
894	17.5500	657.0000
895	16.4125	657.0000
896	15.7625	660.0000
897	15.1125	657.0000
898	14.9500	657.0000
899	14.1375	656.0000
900	14.1375	657.0000
901	13.3250	656.0000
902	13.1625	657.0000
903	13.0000	656.0000
904	12.8375	657.0000
905	12.3500	656.0000
906	12.5125	656.0000
907	12.1875	656.0000
908	12.1875	656.0000
909	11.8625	656.0000
910	11.7000	656.0000
911	11.7000	656.0000
912	10.8875	656.0000
913	11.2125	656.0000
914	11.3750	655.0000
915	11.0500	656.0000
916	11.0500	655.0000
917	10.7250	655.0000
918	10.8875	655.0000
919	10.4000	656.0000
920	10.5625	655.0000
921	5.2000	655.0000
922	9.5875	655.0000
923	9.7500	655.0000
924	9.5875	655.0000
925	9.5875	655.0000
926	9.5875	655.0000
927	9.4250	654.0000
928	9.5875	655.0000
929	9.5875	654.0000
930	9.5875	655.0000
931	9.5875	654.0000
932	9.4250	654.0000
933	9.4250	651.0000
934	9.4250	654.0000
935	9.4250	655.0000
936	9.2625	654.0000
937	9.4250	654.0000
938	9.1000	654.0000
939	8.9375	654.0000
940	9.1000	654.0000
941	9.2625	654.0000
942	9.1000	653.0000
943	8.9375	654.0000
944	8.9375	653.0000
945	8.9375	654.0000
946	8.9375	653.0000
947	8.9375	653.0000
948	8.9375	653.0000
949	8.9375	653.0000
950	8.7750	654.0000
951	8.7750	653.0000
952	8.7750	653.0000
953	9.2625	652.0000
954	9.2625	653.0000
955	9.4250	652.0000
956	9.2625	653.0000
957	9.2625	652.0000
958	9.2625	652.0000
959	9.1000	652.0000
960	8.9375	652.0000
961	9.1000	652.0000
962	9.1000	652.0000
963	8.9375	652.0000
964	8.7750	653.0000
965	8.9375	652.0000
966	8.9375	651.0000
967	8.9375	652.0000
968	8.7750	651.0000
969	8.9375	652.0000
970	8.9375	651.0000
971	8.1250	651.0000
972	8.6125	651.0000
973	8.7750	651.0000
974	8.4500	651.0000
975	7.9625	651.0000
976	8.6125	651.0000
977	8.7750	650.0000
978	8.1250	651.0000
979	8.2875	650.0000
980	7.6375	651.0000
981	8.4500	650.0000
982	8.4500	651.0000
983	8.6125	650.0000
984	8.2875	650.0000
985	8.6125	651.0000
986	8.4500	650.0000
987	8.4500	650.0000
988	8.6125	649.0000
989	8.6125	650.0000
990	8.6125	649.0000
991	8.4500	650.0000
992	8.1250	649.0000
993	8.2875	649.0000
994	8.2875	649.0000
995	8.1250	649.0000
996	8.4500	649.0000
997	7.8000	649.0000
998	8.4500	649.0000
999	8.2875	648.0000
1000	8.4500	649.0000
1001	8.1250	648.0000
1002	8.2875	649.0000
1003	8.1250	648.0000
1004	8.1250	648.0000
1005	7.8000	648.0000
1006	8.2875	648.0000
1007	8.2875	647.0000
1008	8.1250	648.0000
1009	8.2875	648.0000
1010	8.2875	647.0000
1011	8.1250	645.0000
1012	7.1500	647.0000
1013	7.9625	648.0000
1014	8.1250	647.0000
1015	7.8000	647.0000
1016	7.6375	647.0000
1017	8.2875	647.0000
1018	7.9625	647.0000
1019	7.8000	647.0000
1020	8.1250	646.0000
1021	8.2875	647.0000
1022	8.1250	647.0000
1023	7.9625	646.0000
#9351
