#	-56.23	3157.38
#	-26.32	3162.27
#	-25.51	3157.38
#	-26.00	3162.27
#	-26.49	3157.38
#	-26.16	3162.27
#	-27.14	3157.38
#	-26.49	3162.27
#	-29.57	3157.38
#	-25.84	3157.38
#	-28.44	3157.38
#	-26.16	3157.38
#	-45.83	3162.27
#	-26.32	3157.38
#	-55.25	3162.27
#	-26.00	3157.38
#	-25.51	3162.27
#	-25.35	3147.60
#	-25.67	3162.27
#	-25.35	3157.38
0	-25.1875	646.0000
1	-24.5375	646.0000
2	-25.1875	646.0000
3	-25.0250	647.0000
4	-25.0250	646.0000
5	-24.8625	647.0000
6	-24.8625	646.0000
7	-26.0000	647.0000
8	-25.1875	646.0000
9	-25.0250	647.0000
10	-25.8375	646.0000
11	-25.1875	647.0000
12	-25.5125	646.0000
13	-25.1875	646.0000
14	-25.0250	646.0000
15	-25.3500	646.0000
16	-25.0250	646.0000
17	-25.1875	646.0000
18	-25.5125	646.0000
19	-25.1875	646.0000
20	-25.3500	646.0000
21	-25.5125	646.0000
22	-25.3500	646.0000
23	-25.3500	646.0000
24	-25.3500	647.0000
25	-25.5125	646.0000
26	-25.1875	647.0000
27	-25.8375	646.0000
28	-25.6750	647.0000
29	-25.8375	646.0000
30	-25.6750	647.0000
31	-25.8375	646.0000
32	-25.8375	647.0000
33	-25.8375	646.0000
34	-25.8375	647.0000
35	-25.8375	646.0000
36	-25.8375	647.0000
37	-38.1875	646.0000
38	-53.7875	647.0000
39	-37.8625	646.0000
40	-29.2500	647.0000
41	-25.8375	646.0000
42	-25.8375	646.0000
43	-26.0000	646.0000
44	-25.8375	646.0000
45	-26.0000	646.0000
46	-25.8375	646.0000
47	-26.0000	646.0000
48	-25.8375	646.0000
49	-25.6750	646.0000
50	-25.8375	646.0000
51	-25.8375	646.0000
52	-25.8375	646.0000
53	-25.8375	647.0000
54	-26.0000	646.0000
55	-26.0000	648.0000
56	-26.1625	646.0000
57	-26.0000	647.0000
58	-26.0000	646.0000
59	-26.1625	647.0000
60	-26.1625	646.0000
61	-26.0000	647.0000
62	-26.1625	646.0000
63	-26.0000	647.0000
64	-26.1625	646.0000
65	-26.1625	647.0000
66	-26.1625	646.0000
67	-26.1625	646.0000
68	-26.1625	646.0000
69	-26.0000	646.0000
70	-26.0000	646.0000
71	-26.1625	646.0000
72	-26.3250	646.0000
73	-26.1625	646.0000
74	-26.3250	646.0000
75	-26.3250	646.0000
76	-26.3250	647.0000
77	-26.1625	646.0000
78	-26.1625	647.0000
79	-26.3250	646.0000
80	-26.3250	647.0000
81	-26.3250	646.0000
82	-26.3250	647.0000
83	-26.3250	646.0000
84	-26.3250	647.0000
85	-26.3250	646.0000
86	-26.3250	647.0000
87	-26.3250	646.0000
88	-26.3250	646.0000
89	-26.3250	646.0000
90	-26.3250	646.0000
91	-26.4875	647.0000
92	-26.4875	646.0000
93	-26.3250	646.0000
94	-26.4875	646.0000
95	-26.3250	646.0000
96	-26.4875	646.0000
97	-26.6500	646.0000
98	-27.3000	646.0000
99	-26.3250	647.0000
100	-26.8125	646.0000
101	-26.6500	647.0000
102	-26.4875	645.0000
103	-26.3250	647.0000
104	-26.8125	646.0000
105	-26.4875	647.0000
106	-26.4875	646.0000
107	-26.6500	647.0000
108	-26.6500	646.0000
109	-26.6500	647.0000
110	-26.3250	646.0000
111	-26.4875	646.0000
112	-26.4875	646.0000
113	-26.6500	646.0000
114	-26.9750	646.0000
115	-26.6500	649.0000
116	-26.6500	646.0000
117	-26.6500	646.0000
118	-26.9750	646.0000
119	-27.3000	646.0000
120	-26.9750	646.0000
121	-26.9750	647.0000
122	-27.3000	645.0000
123	-27.3000	646.0000
124	-26.9750	647.0000
125	-27.3000	646.0000
126	-27.4625	647.0000
127	-27.6250	646.0000
128	-27.3000	647.0000
129	-27.1375	646.0000
130	-27.4625	647.0000
131	-27.1375	646.0000
132	-27.1375	647.0000
133	-27.1375	646.0000
134	-27.7875	646.0000
135	-27.1375	646.0000
136	-27.1375	646.0000
137	-27.1375	646.0000
138	-27.6250	646.0000
139	-27.1375	645.0000
140	-27.4625	646.0000
141	-27.4625	646.0000
142	-27.9500	646.0000
143	-28.4375	646.0000
144	-27.6250	646.0000
145	-27.6250	646.0000
146	-28.6000	646.0000
147	-27.9500	647.0000
148	-27.6250	646.0000
149	-27.6250	647.0000
150	-27.6250	646.0000
151	-27.6250	645.0000
152	-27.6250	646.0000
153	-27.9500	647.0000
154	-27.9500	646.0000
155	-27.7875	646.0000
156	-27.9500	646.0000
157	-28.1125	646.0000
158	-27.7875	646.0000
159	-28.1125	646.0000
160	-28.2750	646.0000
161	-28.2750	646.0000
162	-33.8000	646.0000
163	-28.7625	646.0000
164	-28.7625	646.0000
165	-29.2500	646.0000
166	-29.2500	646.0000
167	-29.5750	646.0000
168	-29.7375	646.0000
169	-29.7375	646.0000
170	-30.2250	646.0000
171	-30.5500	645.0000
172	-30.7125	646.0000
173	-31.0375	646.0000
174	-31.3625	647.0000
175	-31.6875	646.0000
176	-32.0125	646.0000
177	-32.3375	645.0000
178	-32.6625	646.0000
179	-32.9875	646.0000
180	-33.4750	647.0000
181	-33.8000	646.0000
182	-33.9625	646.0000
183	-34.4500	646.0000
184	-34.7750	646.0000
185	-35.2625	646.0000
186	-35.5875	647.0000
187	-36.0750	646.0000
188	-36.4000	646.0000
189	-37.0500	646.0000
190	-37.7000	646.0000
191	-37.8625	646.0000
192	-38.6750	646.0000
193	-38.5125	646.0000
194	-39.0000	646.0000
195	-39.4875	647.0000
196	-40.4625	646.0000
197	-40.4625	647.0000
198	-40.9500	646.0000
199	-41.6000	647.0000
200	-42.0875	646.0000
201	-42.7375	647.0000
202	-42.9000	646.0000
203	-43.8750	647.0000
204	-44.8500	646.0000
205	-45.0125	647.0000
206	-45.5000	646.0000
207	-46.3125	647.0000
208	-46.9625	646.0000
209	-47.6125	646.0000
210	-48.2625	646.0000
211	-48.9125	647.0000
212	-49.5625	646.0000
213	-50.2125	646.0000
214	-50.8625	646.0000
215	-51.6750	646.0000
216	-52.1625	647.0000
217	-53.1375	645.0000
218	-53.7875	646.0000
219	-54.6000	646.0000
220	-55.2500	647.0000
221	-55.9000	646.0000
222	-56.5500	646.0000
223	-57.3625	646.0000
224	-57.8500	647.0000
225	-58.6625	645.0000
226	-59.3125	646.0000
227	-60.1250	646.0000
228	-60.9375	646.0000
229	-61.5875	646.0000
230	-62.5625	647.0000
231	-63.5375	646.0000
232	-63.8625	647.0000
233	-64.8375	646.0000
234	-65.8125	646.0000
235	-66.6250	644.0000
236	-67.4375	646.0000
237	-68.2500	646.0000
238	-68.9000	646.0000
239	-70.0375	646.0000
240	-70.8500	646.0000
241	-71.6625	646.0000
242	-72.4750	646.0000
243	-72.8000	647.0000
244	-73.7750	646.0000
245	-74.9125	647.0000
246	-76.8625	644.0000
247	-76.5375	647.0000
248	-77.1875	646.0000
249	-78.1625	647.0000
250	-79.4625	646.0000
251	-79.7875	647.0000
252	-80.6000	646.0000
253	-81.5750	647.0000
254	-82.5500	646.0000
255	-83.2000	647.0000
256	-84.0125	646.0000
257	-84.6625	647.0000
258	-85.6375	646.0000
259	-86.6125	647.0000
260	-87.1000	646.0000
261	-87.7500	647.0000
262	-88.4000	646.0000
263	-88.8875	646.0000
264	-89.7000	646.0000
265	-90.0250	646.0000
266	-90.5125	647.0000
267	-91.1625	646.0000
268	-91.3250	647.0000
269	-91.8125	646.0000
270	-91.9750	647.0000
271	-92.7875	646.0000
272	-92.7875	648.0000
273	-92.9500	646.0000
274	-93.1125	647.0000
275	-93.2750	646.0000
276	-93.6000	647.0000
277	-93.4375	646.0000
278	-93.6000	647.0000
279	-94.4125	646.0000
280	-93.9250	647.0000
281	-93.9250	646.0000
282	-94.0875	646.0000
283	-93.9250	646.0000
284	-93.7625	646.0000
285	-93.7625	646.0000
286	-93.6000	646.0000
287	-97.0125	646.0000
288	-93.4375	646.0000
289	-93.2750	646.0000
290	-93.1125	646.0000
291	-92.7875	645.0000
292	-92.6250	646.0000
293	-92.1375	647.0000
294	-91.9750	646.0000
295	-91.6500	647.0000
296	-91.3250	646.0000
297	-91.0000	647.0000
298	-90.6750	646.0000
299	-90.3500	647.0000
300	-89.8625	646.0000
301	-89.5375	647.0000
302	-89.2125	646.0000
303	-88.8875	647.0000
304	-88.4000	646.0000
305	-87.9125	646.0000
306	-87.5875	646.0000
307	-87.1000	647.0000
308	-86.4500	646.0000
309	-86.1250	646.0000
310	-85.6375	646.0000
311	-85.1500	647.0000
312	-84.6625	646.0000
313	-84.0125	645.0000
314	-83.5250	647.0000
315	-82.8750	646.0000
316	-82.2250	647.0000
317	-81.7375	646.0000
318	-80.9250	647.0000
319	-80.6000	646.0000
320	-79.9500	647.0000
321	-79.7875	648.0000
322	-78.8125	647.0000
323	-78.1625	646.0000
324	-77.5125	647.0000
325	-77.5125	646.0000
326	-76.7000	647.0000
327	-75.2375	646.0000
328	-74.9125	647.0000
329	-74.4250	646.0000
330	-73.2875	647.0000
331	-72.6375	646.0000
332	-72.1500	646.0000
333	-71.9875	646.0000
334	-71.5000	646.0000
335	-70.0375	646.0000
336	-69.0625	646.0000
337	-68.5750	646.0000
338	-67.6000	646.0000
339	-66.9500	647.0000
340	-66.4625	646.0000
341	-65.1625	647.0000
342	-64.3500	646.0000
343	-63.5375	647.0000
344	-62.8875	646.0000
345	-62.0750	647.0000
346	-61.2625	645.0000
347	-60.4500	647.0000
348	-60.1250	646.0000
349	-59.4750	647.0000
350	-58.0125	646.0000
351	-57.0375	649.0000
352	-56.0625	646.0000
353	-55.2500	647.0000
354	-55.5750	646.0000
355	-53.6250	646.0000
356	-52.6500	646.0000
357	-51.6750	646.0000
358	-51.0250	646.0000
359	-49.8875	646.0000
360	-48.9125	646.0000
361	-48.1000	646.0000
362	-47.1250	646.0000
363	-46.3125	646.0000
364	-45.5000	647.0000
365	-44.3625	646.0000
366	-43.7125	647.0000
367	-42.7375	646.0000
368	-41.9250	647.0000
369	-41.4375	646.0000
370	-40.3000	647.0000
371	-39.8125	646.0000
372	-38.6750	647.0000
373	-38.5125	646.0000
374	-37.2125	646.0000
375	-36.5625	646.0000
376	-35.5875	646.0000
377	-35.1000	646.0000
378	-34.2875	646.0000
379	-33.4750	646.0000
380	-32.9875	646.0000
381	-32.8250	646.0000
382	-32.0125	646.0000
383	-31.8500	645.0000
384	-31.6875	646.0000
385	-31.2000	646.0000
386	-31.0375	646.0000
387	-31.0375	646.0000
388	-30.5500	646.0000
389	-30.0625	646.0000
390	-30.0625	646.0000
391	-30.0625	646.0000
392	-29.9000	646.0000
393	-29.5750	646.0000
394	-29.5750	646.0000
395	-29.5750	646.0000
396	-29.4125	645.0000
397	-29.2500	647.0000
398	-29.0875	646.0000
399	-29.2500	646.0000
400	-28.9250	646.0000
401	-28.9250	646.0000
402	-28.9250	646.0000
403	-28.7625	646.0000
404	-28.6000	646.0000
405	-28.4375	646.0000
406	-28.2750	646.0000
407	-28.9250	646.0000
408	-28.4375	646.0000
409	-28.1125	646.0000
410	-28.4375	646.0000
411	-28.4375	646.0000
412	-32.0125	646.0000
413	-28.4375	646.0000
414	-28.4375	649.0000
415	-28.2750	646.0000
416	-28.2750	647.0000
417	-28.1125	645.0000
418	-28.2750	647.0000
419	-28.2750	646.0000
420	-28.1125	646.0000
421	-28.1125	646.0000
422	-28.1125	646.0000
423	-28.1125	646.0000
424	-27.9500	646.0000
425	-27.7875	646.0000
426	-27.9500	646.0000
427	-27.9500	646.0000
428	-27.7875	646.0000
429	-27.9500	646.0000
430	-27.7875	646.0000
431	-27.7875	646.0000
432	-27.7875	646.0000
433	-27.7875	646.0000
434	-27.6250	646.0000
435	-27.6250	646.0000
436	-27.1375	646.0000
437	-27.3000	647.0000
438	-27.3000	646.0000
439	-27.1375	647.0000
440	-26.9750	646.0000
441	-27.1375	647.0000
442	-27.1375	646.0000
443	-27.1375	647.0000
444	-26.8125	646.0000
445	-27.1375	646.0000
446	-27.1375	646.0000
447	-27.1375	646.0000
448	-26.9750	646.0000
449	-26.8125	646.0000
450	-26.9750	645.0000
451	-26.8125	646.0000
452	-26.8125	646.0000
453	-26.8125	646.0000
454	-26.6500	646.0000
455	-26.6500	646.0000
456	-26.8125	646.0000
457	-27.1375	646.0000
458	-26.6500	646.0000
459	-26.8125	646.0000
460	-26.8125	647.0000
461	-26.8125	646.0000
462	-26.9750	646.0000
463	-26.4875	645.0000
464	-26.6500	646.0000
465	-27.1375	646.0000
466	-26.6500	646.0000
467	-26.4875	646.0000
468	-26.4875	646.0000
469	-27.7875	646.0000
470	-26.6500	646.0000
471	-26.4875	646.0000
472	-26.4875	647.0000
473	-26.6500	646.0000
474	-26.8125	646.0000
475	-26.4875	646.0000
476	-26.3250	646.0000
477	-26.6500	646.0000
478	-26.6500	646.0000
479	-26.6500	646.0000
480	-26.4875	646.0000
481	-27.1375	646.0000
482	-26.4875	646.0000
483	-26.4875	646.0000
484	-26.4875	646.0000
485	-27.4625	647.0000
486	-26.4875	646.0000
487	-26.3250	646.0000
488	-26.4875	646.0000
489	-26.6500	647.0000
490	-26.1625	646.0000
491	-26.8125	647.0000
492	-26.1625	646.0000
493	-26.3250	646.0000
494	-26.4875	646.0000
495	-26.6500	646.0000
496	-26.6500	646.0000
497	-26.0000	647.0000
498	-26.0000	646.0000
499	-26.3250	646.0000
500	-26.3250	646.0000
501	-26.0000	646.0000
502	-26.1625	646.0000
503	-26.9750	646.0000
504	-26.0000	646.0000
505	-26.0000	646.0000
506	-26.0000	645.0000
507	-26.1625	646.0000
508	-26.0000	646.0000
509	-26.3250	646.0000
510	-26.0000	646.0000
511	-26.3250	646.0000
512	-26.0000	647.0000
513	-25.6750	646.0000
514	-26.1625	646.0000
515	-26.1625	646.0000
516	-26.0000	646.0000
517	-26.0000	646.0000
518	-26.0000	646.0000
519	-25.6750	646.0000
520	-25.5125	646.0000
521	-25.6750	646.0000
522	-25.5125	646.0000
523	-25.8375	646.0000
524	-25.5125	647.0000
525	-25.6750	647.0000
526	-25.6750	646.0000
527	-26.1625	646.0000
528	-26.3250	646.0000
529	-26.1625	646.0000
530	-26.1625	646.0000
531	-26.3250	646.0000
532	-26.3250	646.0000
533	-26.4875	646.0000
534	-26.3250	646.0000
535	-26.3250	647.0000
536	-26.3250	646.0000
537	-31.3625	646.0000
538	-26.9750	646.0000
539	-26.4875	646.0000
540	-26.4875	645.0000
541	-26.3250	647.0000
542	-26.4875	646.0000
543	-26.4875	646.0000
544	-26.3250	646.0000
545	-26.3250	647.0000
546	-26.3250	646.0000
547	-26.3250	646.0000
548	-26.3250	646.0000
549	-26.1625	646.0000
550	-26.1625	646.0000
551	-26.3250	646.0000
552	-26.1625	646.0000
553	-26.1625	646.0000
554	-26.0000	646.0000
555	-26.0000	646.0000
556	-26.0000	646.0000
557	-26.1625	646.0000
558	-26.1625	646.0000
559	-26.1625	645.0000
560	-26.1625	647.0000
561	-26.0000	646.0000
562	-26.1625	647.0000
563	-26.0000	646.0000
564	-26.0000	647.0000
565	-26.0000	646.0000
566	-26.1625	646.0000
567	-26.1625	646.0000
568	-26.1625	646.0000
569	-26.1625	646.0000
570	-26.0000	646.0000
571	-26.0000	646.0000
572	-26.0000	646.0000
573	-26.0000	646.0000
574	-26.0000	646.0000
575	-26.0000	646.0000
576	-25.8375	646.0000
577	-26.0000	646.0000
578	-25.8375	646.0000
579	-25.8375	646.0000
580	-25.8375	646.0000
581	-25.6750	647.0000
582	-25.5125	646.0000
583	-25.6750	646.0000
584	-25.5125	646.0000
585	-25.6750	647.0000
586	-25.6750	646.0000
587	-25.6750	646.0000
588	-25.5125	646.0000
589	-25.5125	646.0000
590	-25.6750	646.0000
591	-25.6750	646.0000
592	-25.5125	646.0000
593	-25.5125	646.0000
594	-25.5125	646.0000
595	-25.5125	646.0000
596	-25.3500	646.0000
597	-26.3250	646.0000
598	-25.3500	646.0000
599	-26.0000	646.0000
600	-25.5125	646.0000
601	-25.3500	646.0000
602	-25.1875	646.0000
603	-25.5125	646.0000
604	-25.0250	646.0000
605	-25.5125	646.0000
606	-25.1875	646.0000
607	-25.0250	646.0000
608	-24.8625	647.0000
609	-24.8625	645.0000
610	-24.8625	647.0000
611	-25.5125	646.0000
612	-24.7000	647.0000
613	-24.8625	646.0000
614	-25.1875	646.0000
615	-25.0250	646.0000
616	-25.0250	646.0000
617	-24.7000	645.0000
618	-24.8625	646.0000
619	-25.5125	646.0000
620	-25.0250	647.0000
621	-24.7000	646.0000
622	-24.7000	646.0000
623	-25.1875	646.0000
624	-25.0250	646.0000
625	-25.1875	646.0000
626	-25.0250	646.0000
627	-24.5375	646.0000
628	-24.5375	646.0000
629	-24.5375	646.0000
630	-24.5375	646.0000
631	-24.3750	646.0000
632	-24.3750	646.0000
633	-24.3750	647.0000
634	-25.0250	645.0000
635	-24.3750	647.0000
636	-24.2125	646.0000
637	-24.2125	647.0000
638	-24.2125	645.0000
639	-24.2125	647.0000
640	-24.2125	646.0000
641	-24.3750	646.0000
642	-24.2125	646.0000
643	-24.3750	647.0000
644	-24.2125	646.0000
645	-24.3750	648.0000
646	-23.7250	646.0000
647	-24.5375	646.0000
648	-24.2125	646.0000
649	-24.0500	646.0000
650	-23.7250	646.0000
651	-24.5375	646.0000
652	-23.7250	646.0000
653	-23.7250	646.0000
654	-23.8875	646.0000
655	-25.8375	646.0000
656	-24.8625	647.0000
657	-24.3750	646.0000
658	-24.3750	647.0000
659	-24.3750	646.0000
660	-24.5375	647.0000
661	-23.5625	646.0000
662	-28.4375	647.0000
663	-23.2375	646.0000
664	-23.7250	647.0000
665	-24.3750	646.0000
666	-22.9125	646.0000
667	-22.9125	646.0000
668	-23.2375	646.0000
669	-22.7500	646.0000
670	-22.7500	646.0000
671	-22.5875	646.0000
672	-22.5875	646.0000
673	-22.5875	646.0000
674	-22.1000	646.0000
675	-22.1000	646.0000
676	-22.2625	646.0000
677	-21.7750	646.0000
678	-21.1250	646.0000
679	-20.9625	647.0000
680	-21.2875	644.0000
681	-20.6375	647.0000
682	-20.1500	646.0000
683	-20.3125	647.0000
684	-19.5000	646.0000
685	-19.6625	646.0000
686	-19.0125	646.0000
687	-19.0125	646.0000
688	-18.3625	646.0000
689	-17.8750	646.0000
690	-17.3875	646.0000
691	-17.2250	647.0000
692	-16.7375	646.0000
693	-16.5750	647.0000
694	-15.9250	646.0000
695	-15.7625	649.0000
696	-14.7875	646.0000
697	-15.9250	647.0000
698	-14.1375	646.0000
699	-13.4875	646.0000
700	-12.8375	646.0000
701	-12.5125	646.0000
702	-11.8625	646.0000
703	-11.3750	646.0000
704	-10.7250	647.0000
705	-9.9125	645.0000
706	-9.5875	647.0000
707	-8.9375	646.0000
708	-8.2875	647.0000
709	-7.6375	646.0000
710	-6.9875	647.0000
711	-6.3375	646.0000
712	-5.6875	646.0000
713	-5.2000	646.0000
714	-4.3875	646.0000
715	-3.7375	646.0000
716	-3.2500	646.0000
717	-2.4375	646.0000
718	-1.6250	646.0000
719	-0.8125	646.0000
720	-0.1625	646.0000
721	0.6500	646.0000
722	0.8125	646.0000
723	2.1125	646.0000
724	2.9250	646.0000
725	3.9000	646.0000
726	4.7125	646.0000
727	5.5250	647.0000
728	6.3375	646.0000
729	7.1500	646.0000
730	8.2875	646.0000
731	8.9375	647.0000
732	9.9125	645.0000
733	10.0750	647.0000
734	11.2125	646.0000
735	12.1875	647.0000
736	13.3250	646.0000
737	14.3000	646.0000
738	15.1125	646.0000
739	16.0875	646.0000
740	17.2250	646.0000
741	17.7125	646.0000
742	18.5250	646.0000
743	19.8250	646.0000
744	20.8000	643.0000
745	21.7750	646.0000
746	22.4250	649.0000
747	23.7250	646.0000
748	24.8625	646.0000
749	25.5125	646.0000
750	26.8125	646.0000
751	28.1125	646.0000
752	28.7625	647.0000
753	29.5750	646.0000
754	30.8750	647.0000
755	31.8500	646.0000
756	32.8250	647.0000
757	33.8000	646.0000
758	34.9375	647.0000
759	35.7500	645.0000
760	36.7250	647.0000
761	37.8625	646.0000
762	38.8375	646.0000
763	39.0000	646.0000
764	40.4625	647.0000
765	41.6000	646.0000
766	42.4125	646.0000
767	43.5500	646.0000
768	44.5250	646.0000
769	45.8250	646.0000
770	46.9625	646.0000
771	47.7750	644.0000
772	48.9125	646.0000
773	49.8875	646.0000
774	50.7000	646.0000
775	51.3500	647.0000
776	52.0000	646.0000
777	52.9750	647.0000
778	53.4625	646.0000
779	53.7875	647.0000
780	54.2750	646.0000
781	54.7625	647.0000
782	55.2500	646.0000
783	55.5750	647.0000
784	56.2250	646.0000
785	56.3875	647.0000
786	56.7125	646.0000
787	53.6250	647.0000
788	57.0375	646.0000
789	57.3625	646.0000
790	57.5250	646.0000
791	57.8500	646.0000
792	57.8500	646.0000
793	57.8500	646.0000
794	58.0125	646.0000
795	58.0125	646.0000
796	58.0125	646.0000
797	58.1750	646.0000
798	58.1750	647.0000
799	58.0125	646.0000
800	58.0125	646.0000
801	57.8500	646.0000
802	57.6875	647.0000
803	57.5250	646.0000
804	57.3625	646.0000
805	57.3625	646.0000
806	57.2000	647.0000
807	56.8750	646.0000
808	56.5500	646.0000
809	56.3875	646.0000
810	56.2250	647.0000
811	55.7375	646.0000
812	55.5750	647.0000
813	55.2500	646.0000
814	54.9250	646.0000
815	54.4375	646.0000
816	54.2750	646.0000
817	54.2750	646.0000
818	53.7875	646.0000
819	53.4625	646.0000
820	52.9750	646.0000
821	52.6500	646.0000
822	52.1625	646.0000
823	51.5125	646.0000
824	51.0250	646.0000
825	50.5375	647.0000
826	49.4000	646.0000
827	49.5625	647.0000
828	49.2375	646.0000
829	48.1000	647.0000
830	47.7750	646.0000
831	47.1250	647.0000
832	46.4750	646.0000
833	45.1750	646.0000
834	45.8250	646.0000
835	45.0125	647.0000
836	44.5250	646.0000
837	43.5500	647.0000
838	43.2250	646.0000
839	42.5750	646.0000
840	42.0875	646.0000
841	41.1125	646.0000
842	40.6250	646.0000
843	39.8125	646.0000
844	39.3250	646.0000
845	38.6750	646.0000
846	37.8625	646.0000
847	36.4000	646.0000
848	36.2375	647.0000
849	35.2625	646.0000
850	34.9375	647.0000
851	33.8000	646.0000
852	33.3125	647.0000
853	32.6625	646.0000
854	31.8500	647.0000
855	30.8750	646.0000
856	29.9000	647.0000
857	29.4125	646.0000
858	29.0875	646.0000
859	27.6250	646.0000
860	27.1375	647.0000
861	26.1625	646.0000
862	25.5125	647.0000
863	24.3750	646.0000
864	23.7250	645.0000
865	23.0750	646.0000
866	22.1000	646.0000
867	21.2875	646.0000
868	20.3125	646.0000
869	19.3375	647.0000
870	18.5250	646.0000
871	17.7125	646.0000
872	16.0875	646.0000
873	15.9250	647.0000
874	15.1125	646.0000
875	13.8125	647.0000
876	13.4875	646.0000
877	12.1875	647.0000
878	11.7000	646.0000
879	10.5625	647.0000
880	9.9125	646.0000
881	9.2625	647.0000
882	8.4500	646.0000
883	7.1500	646.0000
884	6.3375	646.0000
885	5.6875	647.0000
886	5.0375	646.0000
887	3.9000	647.0000
888	3.4125	646.0000
889	2.7625	646.0000
890	2.1125	646.0000
891	1.1375	646.0000
892	0.8125	646.0000
893	0.8125	646.0000
894	0.1625	646.0000
895	0.0000	646.0000
896	-0.3250	647.0000
897	-0.4875	646.0000
898	-0.9750	647.0000
899	-1.1375	646.0000
900	-1.1375	647.0000
901	-0.9750	646.0000
902	-1.3000	647.0000
903	-1.9500	646.0000
904	-1.6250	647.0000
905	-1.6250	646.0000
906	-1.7875	647.0000
907	-1.9500	646.0000
908	-2.2750	647.0000
909	-3.2500	646.0000
910	-2.2750	646.0000
911	-2.7625	646.0000
912	-8.1250	646.0000
913	-2.9250	646.0000
914	-3.0875	646.0000
915	-3.0875	646.0000
916	-3.4125	646.0000
917	-3.0875	646.0000
918	-3.2500	645.0000
919	-3.4125	646.0000
920	-3.4125	646.0000
921	-3.5750	647.0000
922	-3.4125	646.0000
923	-3.4125	647.0000
924	-3.7375	646.0000
925	-3.5750	647.0000
926	-3.5750	646.0000
927	-3.7375	647.0000
928	-3.7375	646.0000
929	-3.7375	646.0000
930	-3.7375	645.0000
931	-3.9000	647.0000
932	-3.9000	646.0000
933	-3.9000	647.0000
934	-3.9000	646.0000
935	-3.9000	646.0000
936	-4.0625	646.0000
937	-3.9000	646.0000
938	-3.5750	646.0000
939	-3.5750	646.0000
940	-3.7375	646.0000
941	-3.9000	647.0000
942	-3.9000	647.0000
943	-3.7375	646.0000
944	-3.7375	646.0000
945	-3.7375	646.0000
946	-3.7375	647.0000
947	-3.9000	646.0000
948	-3.9000	647.0000
949	-3.9000	646.0000
950	-3.9000	647.0000
951	-3.9000	646.0000
952	-4.0625	646.0000
953	-3.9000	646.0000
954	-4.0625	647.0000
955	-4.0625	646.0000
956	-3.7375	646.0000
957	-3.9000	646.0000
958	-4.2250	646.0000
959	-4.2250	646.0000
960	-4.2250	646.0000
961	-4.0625	646.0000
962	-4.2250	646.0000
963	-4.2250	646.0000
964	-4.0625	646.0000
965	-4.0625	646.0000
966	-4.0625	645.0000
967	-4.3875	646.0000
968	-4.0625	646.0000
969	-4.2250	646.0000
970	-4.3875	646.0000
971	-4.3875	647.0000
972	-4.3875	646.0000
973	-4.3875	647.0000
974	-4.5500	646.0000
975	-4.5500	647.0000
976	-4.2250	646.0000
977	-4.2250	647.0000
978	-4.3875	646.0000
979	-4.8750	646.0000
980	-4.3875	646.0000
981	-4.3875	646.0000
982	-4.3875	646.0000
983	-4.7125	646.0000
984	-5.3625	646.0000
985	-4.5500	646.0000
986	-4.5500	646.0000
987	-4.8750	646.0000
988	-4.3875	646.0000
989	-4.5500	646.0000
990	-4.5500	646.0000
991	-4.7125	646.0000
992	-4.7125	646.0000
993	-4.3875	646.0000
994	-4.3875	647.0000
995	-4.2250	646.0000
996	-4.7125	647.0000
997	-4.2250	649.0000
998	-4.5500	646.0000
999	-4.5500	645.0000
1000	-4.5500	647.0000
1001	-4.3875	646.0000
1002	-4.5500	647.0000
1003	-4.5500	646.0000
1004	-4.5500	647.0000
1005	-4.3875	646.0000
1006	-4.5500	646.0000
1007	-4.5500	646.0000
1008	-4.7125	646.0000
1009	-4.5500	646.0000
1010	-5.3625	646.0000
1011	-4.7125	646.0000
1012	-4.5500	646.0000
1013	-4.7125	646.0000
1014	-4.5500	646.0000
1015	-4.5500	647.0000
1016	-4.5500	646.0000
1017	-4.5500	646.0000
1018	-4.5500	646.0000
1019	-4.7125	646.0000
1020	-4.8750	646.0000
1021	-4.8750	647.0000
1022	-4.7125	646.0000
1023	-4.8750	647.0000
#8327
0	-5.0375	646.0000
1	-13.9750	647.0000
2	-6.0125	646.0000
3	-5.8500	647.0000
4	-5.8500	646.0000
5	-11.8625	647.0000
6	-5.3625	646.0000
7	-5.2000	647.0000
8	-5.3625	646.0000
9	-5.2000	647.0000
10	-5.2000	646.0000
11	-5.2000	647.0000
12	-5.2000	646.0000
13	-5.2000	647.0000
14	-5.3625	646.0000
15	-5.2000	646.0000
16	-5.2000	647.0000
17	-5.0375	646.0000
18	-5.2000	646.0000
19	-5.2000	646.0000
20	-5.0375	646.0000
21	-5.0375	646.0000
22	-5.0375	646.0000
23	-5.2000	646.0000
24	-5.2000	646.0000
25	-5.2000	646.0000
26	-5.2000	647.0000
27	-5.2000	646.0000
28	-5.2000	647.0000
29	-5.2000	646.0000
30	-5.3625	647.0000
31	-5.3625	646.0000
32	-5.3625	647.0000
33	-5.2000	646.0000
34	-5.5250	646.0000
35	-5.3625	646.0000
36	-5.2000	647.0000
37	-5.0375	646.0000
38	-5.3625	646.0000
39	-5.2000	646.0000
40	-5.0375	647.0000
41	-5.2000	647.0000
42	-5.6875	646.0000
43	-5.0375	646.0000
44	-5.5250	646.0000
45	-5.3625	646.0000
46	-6.1750	646.0000
47	-5.2000	647.0000
48	-5.2000	646.0000
49	-5.3625	647.0000
50	-5.6875	646.0000
51	-5.6875	647.0000
52	-5.0375	646.0000
53	-5.6875	647.0000
54	-5.5250	645.0000
55	-5.3625	647.0000
56	-5.3625	646.0000
57	-5.5250	647.0000
58	-5.5250	646.0000
59	-5.6875	647.0000
60	-5.3625	646.0000
61	-5.3625	647.0000
62	-5.5250	646.0000
63	-5.8500	647.0000
64	-5.5250	647.0000
65	-5.3625	646.0000
66	-5.5250	646.0000
67	-5.6875	646.0000
68	-5.5250	646.0000
69	-5.5250	646.0000
70	-5.8500	646.0000
71	-6.0125	646.0000
72	-5.6875	646.0000
73	-5.6875	646.0000
74	-6.1750	647.0000
75	-6.0125	646.0000
76	-5.6875	647.0000
77	-5.6875	646.0000
78	-5.8500	647.0000
79	-5.8500	646.0000
80	-6.0125	646.0000
81	-5.8500	645.0000
82	-6.0125	647.0000
83	-5.8500	646.0000
84	-6.0125	647.0000
85	-5.8500	646.0000
86	-5.8500	646.0000
87	-6.0125	646.0000
88	-6.0125	647.0000
89	-5.8500	646.0000
90	-6.0125	646.0000
91	-6.0125	646.0000
92	-6.6625	646.0000
93	-6.1750	646.0000
94	-6.8250	646.0000
95	-6.3375	646.0000
96	-6.6625	646.0000
97	-6.1750	647.0000
98	-6.1750	646.0000
99	-6.1750	647.0000
100	-7.1500	646.0000
101	-6.5000	646.0000
102	-6.5000	646.0000
103	-6.8250	647.0000
104	-6.3375	646.0000
105	-6.3375	647.0000
106	-6.8250	646.0000
107	-7.6375	646.0000
108	-6.6625	646.0000
109	-6.9875	646.0000
110	-7.1500	646.0000
111	-6.8250	647.0000
112	-7.1500	646.0000
113	-6.8250	646.0000
114	-7.3125	646.0000
115	-6.8250	646.0000
116	-7.1500	646.0000
117	-6.8250	645.0000
118	-7.1500	646.0000
119	-7.9625	646.0000
120	-7.1500	646.0000
121	-13.1625	646.0000
122	-7.1500	647.0000
123	-7.3125	646.0000
124	-6.9875	646.0000
125	-7.1500	645.0000
126	-7.1500	647.0000
127	-7.3125	646.0000
128	-7.4750	647.0000
129	-7.3125	646.0000
130	-7.4750	647.0000
131	-7.3125	646.0000
132	-7.3125	647.0000
133	-7.4750	646.0000
134	-7.4750	646.0000
135	-7.1500	646.0000
136	-7.6375	646.0000
137	-7.4750	646.0000
138	-7.6375	646.0000
139	-7.4750	646.0000
140	-7.6375	647.0000
141	-7.6375	646.0000
142	-7.8000	646.0000
143	-7.6375	646.0000
144	-8.4500	646.0000
145	-9.1000	646.0000
146	-8.9375	645.0000
147	-8.1250	647.0000
148	-8.1250	646.0000
149	-7.9625	646.0000
150	-7.9625	646.0000
151	-7.8000	647.0000
152	-8.1250	646.0000
153	-8.1250	647.0000
154	-8.2875	646.0000
155	-8.2875	647.0000
156	-8.6125	646.0000
157	-8.6125	647.0000
158	-8.6125	646.0000
159	-8.9375	647.0000
160	-9.1000	646.0000
161	-9.2625	647.0000
162	-9.4250	646.0000
163	-9.4250	646.0000
164	-9.7500	646.0000
165	-9.9125	646.0000
166	-10.2375	646.0000
167	-10.5625	646.0000
168	-10.8875	646.0000
169	-11.7000	646.0000
170	-11.7000	646.0000
171	-11.5375	646.0000
172	-12.1875	647.0000
173	-12.6750	646.0000
174	-12.8375	646.0000
175	-13.0000	646.0000
176	-13.4875	647.0000
177	-13.9750	646.0000
178	-14.3000	647.0000
179	-15.1125	646.0000
180	-15.2750	646.0000
181	-15.6000	646.0000
182	-16.0875	647.0000
183	-16.5750	645.0000
184	-16.9000	647.0000
185	-17.7125	646.0000
186	-17.7125	647.0000
187	-18.2000	646.0000
188	-18.6875	646.0000
189	-19.3375	646.0000
190	-19.8250	646.0000
191	-20.6375	646.0000
192	-20.8000	646.0000
193	-21.1250	646.0000
194	-21.9375	646.0000
195	-22.5875	646.0000
196	-22.9125	646.0000
197	-23.4000	647.0000
198	-24.3750	646.0000
199	-25.1875	647.0000
200	-25.6750	646.0000
201	-25.8375	647.0000
202	-26.6500	646.0000
203	-27.3000	647.0000
204	-28.1125	646.0000
205	-28.6000	647.0000
206	-29.4125	646.0000
207	-30.2250	647.0000
208	-31.3625	646.0000
209	-31.6875	647.0000
210	-32.5000	646.0000
211	-32.9875	646.0000
212	-33.9625	646.0000
213	-34.2875	646.0000
214	-35.1000	646.0000
215	-36.2375	646.0000
216	-37.0500	646.0000
217	-37.3750	646.0000
218	-38.3500	646.0000
219	-39.1625	644.0000
220	-40.1375	647.0000
221	-40.9500	646.0000
222	-41.7625	647.0000
223	-42.7375	646.0000
224	-43.5500	647.0000
225	-44.8500	646.0000
226	-45.0125	647.0000
227	-45.9875	646.0000
228	-46.9625	645.0000
229	-47.6125	646.0000
230	-48.7500	647.0000
231	-49.7250	646.0000
232	-50.3750	647.0000
233	-51.1875	646.0000
234	-52.3250	649.0000
235	-53.1375	646.0000
236	-54.1125	647.0000
237	-55.0875	646.0000
238	-56.2250	647.0000
239	-57.3625	646.0000
240	-58.1750	646.0000
241	-59.1500	646.0000
242	-59.9625	646.0000
243	-60.9375	646.0000
244	-61.5875	646.0000
245	-62.5625	646.0000
246	-67.2750	646.0000
247	-64.6750	646.0000
248	-65.6500	646.0000
249	-66.4625	647.0000
250	-67.6000	646.0000
251	-68.4125	647.0000
252	-69.3875	646.0000
253	-70.3625	647.0000
254	-71.3375	642.0000
255	-72.3125	647.0000
256	-73.1250	646.0000
257	-73.9375	647.0000
258	-74.9125	646.0000
259	-75.7250	647.0000
260	-76.5375	646.0000
261	-77.5125	647.0000
262	-78.1625	645.0000
263	-78.8125	646.0000
264	-79.4625	646.0000
265	-79.9500	647.0000
266	-80.6000	646.0000
267	-81.0875	646.0000
268	-81.5750	646.0000
269	-82.0625	646.0000
270	-82.5500	646.0000
271	-82.7125	645.0000
272	-83.2000	647.0000
273	-83.3625	646.0000
274	-83.6875	647.0000
275	-83.8500	646.0000
276	-84.0125	647.0000
277	-84.0125	646.0000
278	-84.1750	647.0000
279	-84.0125	646.0000
280	-84.1750	647.0000
281	-84.6625	646.0000
282	-84.5000	647.0000
283	-84.1750	646.0000
284	-84.3375	647.0000
285	-84.9875	646.0000
286	-84.0125	647.0000
287	-83.8500	646.0000
288	-83.8500	647.0000
289	-83.6875	647.0000
290	-83.3625	647.0000
291	-83.2000	646.0000
292	-83.3625	646.0000
293	-82.8750	647.0000
294	-83.0375	646.0000
295	-82.7125	647.0000
296	-81.9000	646.0000
297	-81.9000	647.0000
298	-81.5750	646.0000
299	-81.2500	647.0000
300	-80.7625	646.0000
301	-80.4375	647.0000
302	-80.6000	646.0000
303	-80.4375	647.0000
304	-79.4625	646.0000
305	-78.9750	647.0000
306	-78.8125	646.0000
307	-78.4875	647.0000
308	-78.3250	646.0000
309	-77.0250	647.0000
310	-78.0000	646.0000
311	-76.5375	647.0000
312	-75.7250	646.0000
313	-75.0750	646.0000
314	-75.2375	646.0000
315	-74.5875	647.0000
316	-73.6125	647.0000
317	-72.9625	647.0000
318	-73.4500	647.0000
319	-71.8250	646.0000
320	-71.5000	647.0000
321	-70.8500	646.0000
322	-70.6875	647.0000
323	-69.7125	646.0000
324	-69.0625	647.0000
325	-68.7375	646.0000
326	-67.9250	647.0000
327	-67.2750	646.0000
328	-66.7875	647.0000
329	-65.4875	646.0000
330	-65.3250	647.0000
331	-64.3500	646.0000
332	-63.7000	646.0000
333	-62.8875	646.0000
334	-62.8875	647.0000
335	-61.5875	646.0000
336	-60.7750	647.0000
337	-59.9625	646.0000
338	-59.1500	646.0000
339	-58.3375	648.0000
340	-57.3625	646.0000
341	-56.7125	646.0000
342	-56.0625	646.0000
343	-55.2500	646.0000
344	-54.4375	646.0000
345	-53.7875	646.0000
346	-52.8125	646.0000
347	-52.0000	646.0000
348	-51.1875	646.0000
349	-50.5375	647.0000
350	-49.5625	646.0000
351	-48.7500	647.0000
352	-48.1000	646.0000
353	-47.2875	647.0000
354	-46.1500	646.0000
355	-45.1750	647.0000
356	-44.3625	646.0000
357	-44.3625	647.0000
358	-42.7375	646.0000
359	-41.6000	646.0000
360	-41.1125	646.0000
361	-40.3000	647.0000
362	-39.1625	646.0000
363	-38.1875	646.0000
364	-37.5375	646.0000
365	-36.5625	646.0000
366	-35.7500	646.0000
367	-34.9375	646.0000
368	-35.1000	647.0000
369	-33.3125	646.0000
370	-32.3375	647.0000
371	-37.0500	646.0000
372	-31.8500	647.0000
373	-29.9000	646.0000
374	-28.9250	647.0000
375	-28.1125	646.0000
376	-27.4625	647.0000
377	-26.6500	646.0000
378	-25.8375	647.0000
379	-25.1875	646.0000
380	-24.8625	647.0000
381	-24.2125	646.0000
382	-23.8875	646.0000
383	-23.5625	646.0000
384	-23.4000	646.0000
385	-23.0750	646.0000
386	-22.9125	646.0000
387	-22.9125	645.0000
388	-22.5875	646.0000
389	-22.2625	646.0000
390	-22.1000	646.0000
391	-21.9375	646.0000
392	-21.6125	646.0000
393	-21.4500	647.0000
394	-21.4500	646.0000
395	-21.4500	646.0000
396	-21.1250	646.0000
397	-21.4500	646.0000
398	-21.1250	646.0000
399	-21.1250	647.0000
400	-21.2875	646.0000
401	-20.8000	647.0000
402	-20.8000	646.0000
403	-20.6375	647.0000
404	-20.4750	646.0000
405	-20.4750	647.0000
406	-20.1500	646.0000
407	-20.3125	646.0000
408	-20.3125	646.0000
409	-19.9875	646.0000
410	-20.4750	646.0000
411	-20.1500	646.0000
412	-20.3125	646.0000
413	-20.1500	649.0000
414	-19.9875	646.0000
415	-19.9875	646.0000
416	-20.1500	646.0000
417	-19.9875	646.0000
418	-19.9875	646.0000
419	-19.8250	646.0000
420	-19.8250	647.0000
421	-19.8250	646.0000
422	-20.3125	647.0000
423	-19.8250	646.0000
424	-19.8250	646.0000
425	-19.5000	646.0000
426	-19.9875	647.0000
427	-19.6625	646.0000
428	-19.5000	646.0000
429	-19.3375	646.0000
430	-19.8250	646.0000
431	-19.6625	646.0000
432	-19.5000	646.0000
433	-19.8250	646.0000
434	-19.5000	646.0000
435	-19.6625	646.0000
436	-19.3375	646.0000
437	-19.1750	646.0000
438	-19.1750	646.0000
439	-19.3375	646.0000
440	-19.3375	646.0000
441	-19.5000	646.0000
442	-19.3375	646.0000
443	-19.5000	646.0000
444	-19.3375	646.0000
445	-19.3375	646.0000
446	-19.5000	646.0000
447	-19.1750	646.0000
448	-19.5000	645.0000
449	-19.1750	647.0000
450	-19.3375	646.0000
451	-19.5000	647.0000
452	-19.3375	646.0000
453	-19.3375	646.0000
454	-19.1750	646.0000
455	-19.1750	647.0000
456	-19.5000	646.0000
457	-19.1750	647.0000
458	-19.0125	646.0000
459	-19.5000	646.0000
460	-18.6875	646.0000
461	-18.8500	646.0000
462	-19.1750	646.0000
463	-19.1750	646.0000
464	-19.0125	646.0000
465	-18.8500	646.0000
466	-19.0125	647.0000
467	-18.8500	646.0000
468	-19.1750	646.0000
469	-18.8500	646.0000
470	-18.8500	646.0000
471	-18.8500	646.0000
472	-19.1750	647.0000
473	-19.0125	646.0000
474	-19.1750	647.0000
475	-19.0125	646.0000
476	-19.1750	647.0000
477	-19.0125	645.0000
478	-18.8500	647.0000
479	-18.6875	646.0000
480	-19.0125	647.0000
481	-19.1750	646.0000
482	-18.6875	647.0000
483	-19.0125	646.0000
484	-19.3375	646.0000
485	-18.5250	646.0000
486	-18.6875	646.0000
487	-19.0125	646.0000
488	-18.6875	646.0000
489	-18.8500	646.0000
490	-18.6875	646.0000
491	-19.0125	647.0000
492	-18.6875	646.0000
493	-18.5250	646.0000
494	-19.0125	646.0000
495	-19.3375	647.0000
496	-23.2375	646.0000
497	-18.6875	647.0000
498	-19.0125	646.0000
499	-19.0125	647.0000
500	-19.0125	646.0000
501	-18.8500	647.0000
502	-18.8500	646.0000
503	-18.8500	647.0000
504	-18.6875	646.0000
505	-18.6875	647.0000
506	-18.6875	646.0000
507	-18.5250	646.0000
508	-18.5250	646.0000
509	-18.6875	647.0000
510	-18.6875	647.0000
511	-18.5250	646.0000
512	-18.5250	646.0000
513	-18.3625	646.0000
514	-18.5250	646.0000
515	-18.5250	646.0000
516	-18.5250	646.0000
517	-18.3625	646.0000
518	-18.5250	646.0000
519	-18.3625	646.0000
520	-18.5250	646.0000
521	-18.5250	646.0000
522	-18.6875	647.0000
523	-18.5250	646.0000
524	-18.5250	646.0000
525	-18.5250	646.0000
526	-18.6875	647.0000
527	-18.6875	646.0000
528	-18.5250	647.0000
529	-18.6875	646.0000
530	-18.5250	646.0000
531	-18.5250	646.0000
532	-18.5250	646.0000
533	-18.5250	646.0000
534	-18.5250	646.0000
535	-18.5250	646.0000
536	-18.6875	646.0000
537	-18.6875	646.0000
538	-18.2000	646.0000
539	-18.0375	647.0000
540	-18.0375	646.0000
541	-18.2000	646.0000
542	-18.2000	646.0000
543	-18.2000	646.0000
544	-18.3625	646.0000
545	-18.2000	647.0000
546	-18.2000	646.0000
547	-18.2000	647.0000
548	-18.0375	646.0000
549	-18.2000	647.0000
550	-18.3625	646.0000
551	-18.2000	646.0000
552	-18.2000	646.0000
553	-18.0375	647.0000
554	-18.2000	646.0000
555	-18.0375	646.0000
556	-18.2000	646.0000
557	-18.0375	646.0000
558	-18.3625	646.0000
559	-18.2000	646.0000
560	-18.2000	646.0000
561	-18.0375	646.0000
562	-18.0375	646.0000
563	-18.0375	646.0000
564	-19.6625	646.0000
565	-18.2000	646.0000
566	-18.2000	646.0000
567	-18.2000	646.0000
568	-19.0125	646.0000
569	-17.8750	646.0000
570	-18.2000	646.0000
571	-18.2000	646.0000
572	-18.3625	647.0000
573	-17.8750	646.0000
574	-18.2000	647.0000
575	-18.0375	646.0000
576	-18.0375	646.0000
577	-17.7125	646.0000
578	-17.7125	646.0000
579	-17.7125	646.0000
580	-17.7125	646.0000
581	-17.7125	646.0000
582	-17.7125	646.0000
583	-17.8750	646.0000
584	-17.8750	646.0000
585	-17.7125	646.0000
586	-17.7125	646.0000
587	-17.8750	646.0000
588	-17.7125	646.0000
589	-17.5500	646.0000
590	-17.7125	646.0000
591	-17.7125	646.0000
592	-17.7125	646.0000
593	-17.7125	647.0000
594	-17.5500	646.0000
595	-17.5500	647.0000
596	-18.8500	646.0000
597	-17.7125	646.0000
598	-17.3875	646.0000
599	-17.7125	647.0000
600	-17.8750	646.0000
601	-17.5500	647.0000
602	-17.5500	646.0000
603	-17.2250	647.0000
604	-17.5500	646.0000
605	-17.7125	646.0000
606	-17.7125	646.0000
607	-17.0625	647.0000
608	-17.5500	646.0000
609	-17.2250	646.0000
610	-17.2250	646.0000
611	-17.0625	646.0000
612	-17.3875	646.0000
613	-17.2250	646.0000
614	-17.5500	646.0000
615	-17.0625	646.0000
616	-17.0625	646.0000
617	-17.2250	646.0000
618	-17.2250	647.0000
619	-17.2250	646.0000
620	-17.0625	647.0000
621	-21.1250	646.0000
622	-17.0625	647.0000
623	-17.2250	646.0000
624	-16.9000	647.0000
625	-16.9000	646.0000
626	-16.9000	647.0000
627	-16.9000	646.0000
628	-16.5750	647.0000
629	-17.0625	646.0000
630	-16.7375	647.0000
631	-16.7375	646.0000
632	-16.7375	647.0000
633	-16.7375	646.0000
634	-16.5750	646.0000
635	-16.4125	646.0000
636	-16.5750	646.0000
637	-16.7375	646.0000
638	-16.4125	646.0000
639	-16.4125	646.0000
640	-16.4125	646.0000
641	-16.4125	646.0000
642	-16.5750	646.0000
643	-16.7375	647.0000
644	-16.2500	646.0000
645	-17.0625	647.0000
646	-16.4125	646.0000
647	-16.4125	647.0000
648	-16.2500	646.0000
649	-16.2500	647.0000
650	-16.4125	646.0000
651	-16.2500	647.0000
652	-16.0875	646.0000
653	-16.7375	646.0000
654	-16.2500	646.0000
655	-16.0875	646.0000
656	-16.2500	646.0000
657	-16.0875	646.0000
658	-15.9250	646.0000
659	-15.7625	646.0000
660	-15.9250	646.0000
661	-15.4375	646.0000
662	-15.7625	647.0000
663	-15.6000	646.0000
664	-15.6000	646.0000
665	-15.4375	646.0000
666	-15.7625	647.0000
667	-15.2750	646.0000
668	-15.6000	647.0000
669	-15.2750	646.0000
670	-15.2750	650.0000
671	-15.2750	646.0000
672	-14.9500	647.0000
673	-14.7875	646.0000
674	-14.7875	647.0000
675	-14.7875	646.0000
676	-13.9750	647.0000
677	-13.8125	646.0000
678	-13.4875	647.0000
679	-13.3250	646.0000
680	-13.3250	647.0000
681	-12.8375	646.0000
682	-12.5125	647.0000
683	-12.3500	646.0000
684	-12.0250	647.0000
685	-11.7000	646.0000
686	-11.3750	646.0000
687	-11.2125	646.0000
688	-10.7250	646.0000
689	-10.2375	647.0000
690	-9.9125	646.0000
691	-9.5875	647.0000
692	-8.9375	646.0000
693	-8.7750	647.0000
694	-8.2875	646.0000
695	-7.8000	647.0000
696	-7.4750	646.0000
697	-6.9875	647.0000
698	-6.5000	646.0000
699	-6.0125	647.0000
700	-5.6875	646.0000
701	-5.0375	647.0000
702	-4.8750	646.0000
703	-4.2250	647.0000
704	-3.5750	646.0000
705	-3.0875	647.0000
706	-2.6000	646.0000
707	-1.9500	647.0000
708	-1.3000	646.0000
709	-0.9750	647.0000
710	-0.1625	646.0000
711	0.4875	646.0000
712	0.9750	647.0000
713	1.6250	647.0000
714	2.2750	647.0000
715	2.9250	646.0000
716	3.5750	647.0000
717	4.3875	646.0000
718	4.8750	647.0000
719	5.6875	646.0000
720	6.5000	647.0000
721	6.9875	646.0000
722	7.8000	647.0000
723	8.4500	646.0000
724	9.2625	647.0000
725	9.9125	646.0000
726	10.8875	647.0000
727	11.5375	646.0000
728	12.1875	647.0000
729	13.0000	646.0000
730	13.8125	647.0000
731	14.6250	646.0000
732	15.2750	647.0000
733	14.9500	646.0000
734	16.0875	646.0000
735	16.2500	646.0000
736	17.8750	646.0000
737	17.7125	647.0000
738	19.6625	646.0000
739	20.9625	647.0000
740	21.9375	646.0000
741	22.5875	647.0000
742	23.7250	646.0000
743	24.8625	647.0000
744	25.5125	646.0000
745	26.4875	647.0000
746	23.8875	646.0000
747	26.9750	646.0000
748	28.6000	646.0000
749	29.9000	647.0000
750	30.5500	646.0000
751	31.3625	646.0000
752	32.1750	646.0000
753	33.1500	647.0000
754	34.2875	646.0000
755	35.5875	647.0000
756	36.4000	646.0000
757	37.7000	647.0000
758	38.3500	646.0000
759	39.3250	647.0000
760	40.3000	647.0000
761	41.2750	646.0000
762	42.0875	646.0000
763	42.9000	646.0000
764	44.0375	647.0000
765	45.0125	646.0000
766	45.8250	647.0000
767	46.8000	646.0000
768	47.6125	647.0000
769	48.5875	646.0000
770	49.5625	647.0000
771	50.0500	646.0000
772	51.5125	647.0000
773	52.1625	646.0000
774	52.6500	647.0000
775	53.6250	646.0000
776	53.4625	647.0000
777	54.7625	646.0000
778	55.2500	647.0000
779	55.9000	646.0000
780	56.5500	647.0000
781	57.0375	646.0000
782	57.2000	647.0000
783	57.5250	646.0000
784	58.1750	647.0000
785	58.5000	646.0000
786	58.6625	646.0000
787	58.5000	647.0000
788	59.3125	646.0000
789	59.4750	647.0000
790	59.6375	646.0000
791	59.3125	647.0000
792	59.8000	646.0000
793	59.9625	647.0000
794	59.6375	646.0000
795	59.9625	647.0000
796	59.8000	646.0000
797	59.8000	647.0000
798	59.8000	646.0000
799	59.6375	647.0000
800	59.3125	646.0000
801	59.6375	647.0000
802	59.1500	647.0000
803	58.6625	647.0000
804	58.6625	646.0000
805	58.6625	647.0000
806	57.6875	646.0000
807	57.8500	646.0000
808	57.3625	646.0000
809	57.6875	646.0000
810	57.2000	647.0000
811	57.0375	646.0000
812	56.7125	647.0000
813	56.5500	646.0000
814	56.0625	647.0000
815	55.9000	646.0000
816	55.0875	647.0000
817	54.7625	646.0000
818	54.4375	647.0000
819	53.9500	646.0000
820	53.6250	647.0000
821	52.6500	646.0000
822	52.8125	647.0000
823	52.4875	646.0000
824	51.8375	647.0000
825	51.0250	646.0000
826	50.7000	647.0000
827	50.3750	646.0000
828	49.7250	647.0000
829	49.2375	646.0000
830	48.9125	646.0000
831	48.1000	646.0000
832	47.6125	646.0000
833	46.8000	646.0000
834	46.3125	646.0000
835	45.8250	647.0000
836	45.1750	646.0000
837	44.5250	647.0000
838	44.0375	646.0000
839	43.5500	647.0000
840	42.5750	646.0000
841	42.2500	647.0000
842	41.4375	646.0000
843	40.7875	647.0000
844	39.9750	646.0000
845	39.4875	647.0000
846	38.6750	646.0000
847	38.0250	647.0000
848	37.0500	646.0000
849	36.4000	647.0000
850	35.5875	646.0000
851	34.9375	647.0000
852	34.1250	646.0000
853	33.1500	647.0000
854	32.5000	647.0000
855	32.0125	647.0000
856	30.8750	646.0000
857	30.2250	646.0000
858	28.7625	646.0000
859	28.6000	646.0000
860	27.4625	646.0000
861	26.6500	646.0000
862	25.8375	647.0000
863	25.3500	646.0000
864	24.2125	647.0000
865	23.4000	646.0000
866	22.4250	647.0000
867	21.9375	647.0000
868	20.8000	647.0000
869	19.3375	646.0000
870	18.6875	647.0000
871	12.1875	646.0000
872	5.8500	647.0000
873	11.8625	646.0000
874	14.4625	647.0000
875	14.1375	646.0000
876	13.3250	647.0000
877	12.8375	646.0000
878	11.7000	647.0000
879	10.7250	647.0000
880	10.0750	647.0000
881	9.4250	647.0000
882	8.7750	646.0000
883	7.9625	647.0000
884	6.9875	646.0000
885	6.3375	647.0000
886	5.5250	646.0000
887	4.5500	647.0000
888	4.0625	646.0000
889	3.0875	647.0000
890	2.6000	646.0000
891	1.7875	647.0000
892	1.6250	646.0000
893	1.1375	647.0000
894	0.3250	646.0000
895	0.1625	650.0000
896	0.1625	646.0000
897	0.0000	647.0000
898	-1.1375	646.0000
899	-0.6500	646.0000
900	-0.6500	646.0000
901	-0.8125	647.0000
902	-1.1375	646.0000
903	-1.3000	647.0000
904	-1.4625	646.0000
905	-1.4625	647.0000
906	-1.6250	646.0000
907	-1.7875	647.0000
908	-1.7875	646.0000
909	-1.7875	646.0000
910	-2.1125	646.0000
911	-2.2750	646.0000
912	-2.6000	647.0000
913	-2.4375	646.0000
914	-2.2750	647.0000
915	-2.7625	646.0000
916	-3.2500	646.0000
917	-2.6000	646.0000
918	-2.6000	647.0000
919	-2.7625	646.0000
920	-3.2500	647.0000
921	-2.6000	646.0000
922	-2.9250	647.0000
923	-2.7625	646.0000
924	-2.9250	650.0000
925	-2.9250	646.0000
926	-2.9250	647.0000
927	-3.0875	646.0000
928	-3.0875	647.0000
929	-3.0875	646.0000
930	-2.9250	646.0000
931	-3.2500	646.0000
932	-3.0875	647.0000
933	-3.7375	647.0000
934	-3.2500	646.0000
935	-3.4125	647.0000
936	-3.2500	646.0000
937	-3.4125	647.0000
938	-3.4125	646.0000
939	-3.4125	647.0000
940	-3.7375	646.0000
941	-4.5500	647.0000
942	-3.5750	646.0000
943	-3.5750	647.0000
944	-3.5750	646.0000
945	-3.7375	647.0000
946	-3.4125	646.0000
947	-3.4125	647.0000
948	-3.5750	646.0000
949	-3.5750	647.0000
950	-3.7375	646.0000
951	-3.4125	647.0000
952	-3.9000	646.0000
953	-3.5750	647.0000
954	-3.4125	646.0000
955	-3.7375	647.0000
956	-3.9000	646.0000
957	-3.7375	647.0000
958	-3.7375	646.0000
959	-3.9000	646.0000
960	-3.5750	647.0000
961	-3.5750	646.0000
962	-3.5750	647.0000
963	-3.7375	646.0000
964	-3.5750	647.0000
965	-3.7375	645.0000
966	-3.7375	647.0000
967	-3.9000	646.0000
968	-3.9000	647.0000
969	-4.2250	646.0000
970	-3.9000	644.0000
971	-3.9000	647.0000
972	-3.9000	647.0000
973	-4.0625	646.0000
974	-3.9000	647.0000
975	-3.9000	649.0000
976	-4.0625	647.0000
977	-4.2250	646.0000
978	-4.0625	646.0000
979	-4.0625	646.0000
980	-4.0625	647.0000
981	-4.3875	646.0000
982	-4.2250	646.0000
983	-4.2250	647.0000
984	-4.2250	646.0000
985	-4.2250	648.0000
986	-4.5500	646.0000
987	-4.2250	647.0000
988	-4.0625	646.0000
989	-4.2250	647.0000
990	-4.2250	646.0000
991	-4.2250	647.0000
992	-4.2250	646.0000
993	-4.2250	647.0000
994	-4.5500	646.0000
995	-4.5500	647.0000
996	-7.9625	646.0000
997	-4.0625	647.0000
998	-4.8750	646.0000
999	-4.8750	647.0000
1000	-4.8750	647.0000
1001	-4.8750	644.0000
1002	-5.0375	646.0000
1003	-4.8750	647.0000
1004	-4.8750	646.0000
1005	-4.7125	647.0000
1006	-4.8750	647.0000
1007	-4.7125	647.0000
1008	-4.7125	647.0000
1009	-4.7125	646.0000
1010	-4.8750	647.0000
1011	-4.7125	646.0000
1012	-4.7125	647.0000
1013	-4.7125	646.0000
1014	-4.5500	647.0000
1015	-4.7125	646.0000
1016	-4.7125	647.0000
1017	-4.7125	646.0000
1018	-4.5500	647.0000
1019	-4.7125	646.0000
1020	-4.7125	647.0000
1021	-4.8750	646.0000
1022	-4.8750	647.0000
1023	-4.7125	646.0000
#8327
0	-4.8750	647.0000
1	-4.3875	646.0000
2	-4.7125	647.0000
3	-4.7125	649.0000
4	-7.9625	647.0000
5	-4.5500	646.0000
6	-4.7125	647.0000
7	-4.8750	646.0000
8	-4.7125	647.0000
9	-4.8750	646.0000
10	-4.7125	647.0000
11	-4.7125	646.0000
12	-4.7125	647.0000
13	-4.8750	647.0000
14	-4.8750	647.0000
15	-4.7125	648.0000
16	-4.8750	646.0000
17	-4.8750	647.0000
18	-4.8750	646.0000
19	-4.8750	647.0000
20	-5.0375	646.0000
21	-4.8750	647.0000
22	-4.8750	646.0000
23	-5.0375	647.0000
24	-5.0375	646.0000
25	-5.0375	646.0000
26	-4.8750	646.0000
27	-4.8750	647.0000
28	-5.0375	646.0000
29	-4.8750	647.0000
30	-4.8750	646.0000
31	-5.0375	647.0000
32	-5.2000	646.0000
33	-4.8750	647.0000
34	-5.2000	646.0000
35	-5.0375	647.0000
36	-5.0375	646.0000
37	-5.0375	647.0000
38	-5.0375	646.0000
39	-4.8750	647.0000
40	-5.0375	647.0000
41	-4.8750	646.0000
42	-5.0375	647.0000
43	-5.2000	646.0000
44	-5.0375	647.0000
45	-5.3625	646.0000
46	-5.0375	647.0000
47	-5.2000	646.0000
48	-5.2000	647.0000
49	-5.2000	646.0000
50	-5.3625	647.0000
51	-5.2000	646.0000
52	-5.2000	647.0000
53	-5.2000	646.0000
54	-5.3625	647.0000
55	-5.3625	646.0000
56	-5.2000	649.0000
57	-5.3625	646.0000
58	-4.8750	647.0000
59	-5.2000	646.0000
60	-5.0375	647.0000
61	-5.3625	647.0000
62	-5.2000	646.0000
63	-5.3625	647.0000
64	-5.3625	647.0000
65	-5.2000	647.0000
66	-5.3625	646.0000
67	-5.3625	647.0000
68	-5.3625	646.0000
69	-5.3625	647.0000
70	-5.3625	646.0000
71	-5.3625	647.0000
72	-5.3625	646.0000
73	-5.6875	647.0000
74	-5.5250	646.0000
75	-5.5250	647.0000
76	-5.6875	646.0000
77	-5.5250	647.0000
78	-6.1750	646.0000
79	-6.0125	646.0000
80	-11.0500	646.0000
81	-6.1750	647.0000
82	-6.8250	647.0000
83	-5.6875	647.0000
84	-6.0125	647.0000
85	-5.8500	647.0000
86	-5.8500	647.0000
87	-5.5250	647.0000
88	-6.0125	647.0000
89	-6.0125	646.0000
90	-5.8500	647.0000
91	-5.6875	646.0000
92	-5.6875	647.0000
93	-6.1750	646.0000
94	-6.0125	647.0000
95	-6.5000	646.0000
96	-5.8500	647.0000
97	-5.8500	646.0000
98	-6.0125	647.0000
99	-6.5000	646.0000
100	-5.8500	647.0000
101	-6.0125	646.0000
102	-6.0125	647.0000
103	-6.6625	646.0000
104	-5.8500	647.0000
105	-6.0125	646.0000
106	-6.1750	647.0000
107	-6.9875	646.0000
108	-5.8500	647.0000
109	-6.1750	644.0000
110	-6.1750	647.0000
111	-6.5000	647.0000
112	-6.3375	647.0000
113	-6.1750	647.0000
114	-6.8250	646.0000
115	-6.3375	647.0000
116	-6.3375	647.0000
117	-6.5000	647.0000
118	-6.5000	646.0000
119	-6.9875	647.0000
120	-6.1750	646.0000
121	-6.3375	647.0000
122	-6.5000	646.0000
123	-6.6625	647.0000
124	-6.8250	646.0000
125	-6.5000	647.0000
126	-6.5000	646.0000
127	-6.8250	647.0000
128	-6.8250	646.0000
129	-6.6625	647.0000
130	-6.8250	646.0000
131	-6.8250	647.0000
132	-6.9875	646.0000
133	-6.6625	647.0000
134	-6.9875	646.0000
135	-6.9875	647.0000
136	-6.9875	647.0000
137	-7.1500	647.0000
138	-7.1500	647.0000
139	-7.1500	646.0000
140	-6.9875	647.0000
141	-7.3125	646.0000
142	-7.4750	647.0000
143	-7.4750	646.0000
144	-7.6375	647.0000
145	-7.6375	646.0000
146	-7.4750	647.0000
147	-7.6375	646.0000
148	-7.6375	647.0000
149	-7.9625	646.0000
150	-7.6375	647.0000
151	-7.6375	646.0000
152	-7.9625	647.0000
153	-8.1250	646.0000
154	-7.8000	647.0000
155	-7.9625	646.0000
156	-8.1250	647.0000
157	-8.7750	647.0000
158	-8.2875	647.0000
159	-8.6125	646.0000
160	-9.1000	647.0000
161	-9.4250	647.0000
162	-9.1000	647.0000
163	-8.9375	647.0000
164	-10.4000	647.0000
165	-9.7500	647.0000
166	-9.7500	648.0000
167	-10.0750	647.0000
168	-11.0500	646.0000
169	-10.7250	647.0000
170	-10.8875	646.0000
171	-11.3750	647.0000
172	-11.7000	647.0000
173	-12.1875	647.0000
174	-12.3500	646.0000
175	-12.5125	647.0000
176	-13.0000	646.0000
177	-13.6500	647.0000
178	-14.1375	646.0000
179	-14.1375	647.0000
180	-14.6250	646.0000
181	-15.1125	647.0000
182	-15.6000	647.0000
183	-15.9250	647.0000
184	-16.2500	646.0000
185	-16.9000	647.0000
186	-17.3875	647.0000
187	-17.8750	647.0000
188	-18.0375	647.0000
189	-19.3375	646.0000
190	-19.8250	647.0000
191	-19.8250	644.0000
192	-20.3125	647.0000
193	-21.6125	646.0000
194	-21.9375	647.0000
195	-21.9375	647.0000
196	-22.2625	647.0000
197	-22.9125	646.0000
198	-24.0500	648.0000
199	-24.3750	646.0000
200	-24.8625	647.0000
201	-26.0000	646.0000
202	-26.6500	647.0000
203	-27.1375	646.0000
204	-27.7875	647.0000
205	-35.1000	647.0000
206	-29.5750	647.0000
207	-30.3875	646.0000
208	-30.8750	647.0000
209	-31.5250	647.0000
210	-32.3375	647.0000
211	-32.9875	647.0000
212	-33.8000	647.0000
213	-34.4500	647.0000
214	-35.2625	646.0000
215	-36.0750	647.0000
216	-36.8875	646.0000
217	-37.7000	647.0000
218	-38.3500	646.0000
219	-39.1625	647.0000
220	-40.1375	646.0000
221	-40.9500	647.0000
222	-41.6000	646.0000
223	-42.5750	647.0000
224	-43.3875	646.0000
225	-44.2000	647.0000
226	-45.1750	646.0000
227	-45.6625	647.0000
228	-46.4750	647.0000
229	-47.4500	647.0000
230	-48.2625	647.0000
231	-49.2375	647.0000
232	-50.0500	647.0000
233	-51.0250	647.0000
234	-52.0000	647.0000
235	-52.9750	647.0000
236	-53.9500	647.0000
237	-54.9250	647.0000
238	-55.2500	647.0000
239	-56.3875	647.0000
240	-57.2000	647.0000
241	-57.8500	646.0000
242	-58.6625	647.0000
243	-59.8000	646.0000
244	-60.7750	647.0000
245	-61.5875	646.0000
246	-62.7250	645.0000
247	-63.7000	646.0000
248	-64.3500	647.0000
249	-65.3250	647.0000
250	-66.3000	647.0000
251	-67.4375	647.0000
252	-68.4125	647.0000
253	-69.0625	646.0000
254	-70.0375	647.0000
255	-71.0125	647.0000
256	-72.1500	647.0000
257	-72.8000	647.0000
258	-73.7750	647.0000
259	-74.5875	647.0000
260	-75.4000	647.0000
261	-76.2125	647.0000
262	-76.8625	647.0000
263	-77.6750	647.0000
264	-78.4875	646.0000
265	-78.8125	647.0000
266	-79.3000	647.0000
267	-79.9500	647.0000
268	-80.4375	647.0000
269	-80.6000	647.0000
270	-81.4125	646.0000
271	-81.5750	647.0000
272	-82.0625	647.0000
273	-82.2250	647.0000
274	-82.3875	647.0000
275	-82.5500	647.0000
276	-83.0375	647.0000
277	-83.0375	647.0000
278	-83.2000	647.0000
279	-83.2000	647.0000
280	-83.2000	647.0000
281	-83.3625	647.0000
282	-83.2000	647.0000
283	-83.3625	647.0000
284	-83.3625	647.0000
285	-83.3625	647.0000
286	-83.2000	647.0000
287	-83.2000	646.0000
288	-82.8750	647.0000
289	-82.7125	646.0000
290	-82.5500	647.0000
291	-82.3875	646.0000
292	-82.2250	647.0000
293	-82.0625	646.0000
294	-81.7375	647.0000
295	-81.4125	646.0000
296	-81.0875	647.0000
297	-80.9250	647.0000
298	-80.6000	647.0000
299	-80.2750	647.0000
300	-79.7875	646.0000
301	-79.4625	647.0000
302	-79.3000	647.0000
303	-78.9750	647.0000
304	-78.3250	647.0000
305	-78.0000	647.0000
306	-77.5125	647.0000
307	-77.0250	647.0000
308	-76.7000	647.0000
309	-76.3750	647.0000
310	-77.0250	647.0000
311	-75.5625	647.0000
312	-75.0750	647.0000
313	-74.4250	647.0000
314	-73.9375	646.0000
315	-73.4500	647.0000
316	-72.9625	646.0000
317	-72.9625	647.0000
318	-71.9875	646.0000
319	-71.5000	647.0000
320	-70.5250	646.0000
321	-70.3625	647.0000
322	-69.7125	647.0000
323	-68.7375	647.0000
324	-68.0875	647.0000
325	-67.4375	647.0000
326	-66.7875	647.0000
327	-66.1375	647.0000
328	-65.3250	647.0000
329	-64.8375	647.0000
330	-69.7125	647.0000
331	-63.5375	647.0000
332	-62.8875	647.0000
333	-62.0750	646.0000
334	-61.4250	649.0000
335	-60.4500	646.0000
336	-59.9625	647.0000
337	-59.1500	647.0000
338	-58.5000	647.0000
339	-57.6875	646.0000
340	-56.7125	647.0000
341	-56.2250	646.0000
342	-55.2500	647.0000
343	-54.6000	646.0000
344	-53.6250	647.0000
345	-52.9750	646.0000
346	-52.1625	647.0000
347	-51.1875	646.0000
348	-50.3750	647.0000
349	-49.7250	646.0000
350	-48.9125	647.0000
351	-48.1000	647.0000
352	-47.4500	647.0000
353	-46.1500	646.0000
354	-45.3375	647.0000
355	-44.3625	647.0000
356	-43.7125	647.0000
357	-42.5750	647.0000
358	-41.7625	647.0000
359	-40.9500	647.0000
360	-40.3000	646.0000
361	-39.1625	647.0000
362	-38.3500	644.0000
363	-37.5375	647.0000
364	-36.8875	646.0000
365	-35.7500	647.0000
366	-34.7750	646.0000
367	-33.9625	647.0000
368	-32.9875	646.0000
369	-32.1750	647.0000
370	-31.5250	646.0000
371	-30.7125	647.0000
372	-29.9000	646.0000
373	-29.0875	647.0000
374	-28.6000	647.0000
375	-27.7875	644.0000
376	-27.1375	646.0000
377	-26.1625	647.0000
378	-26.0000	647.0000
379	-25.1875	647.0000
380	-24.5375	647.0000
381	-23.8875	647.0000
382	-23.2375	647.0000
383	-23.4000	646.0000
384	-23.0750	647.0000
385	-24.0500	646.0000
386	-22.2625	647.0000
387	-21.9375	647.0000
388	-21.6125	647.0000
389	-21.7750	647.0000
390	-21.2875	647.0000
391	-21.1250	646.0000
392	-21.1250	647.0000
393	-20.9625	646.0000
394	-20.6375	647.0000
395	-20.9625	647.0000
396	-20.6375	647.0000
397	-20.6375	646.0000
398	-20.3125	647.0000
399	-20.4750	646.0000
400	-20.6375	646.0000
401	-21.1250	646.0000
402	-20.4750	647.0000
403	-19.9875	647.0000
404	-19.9875	647.0000
405	-20.4750	647.0000
406	-20.1500	647.0000
407	-19.8250	647.0000
408	-19.9875	647.0000
409	-19.8250	647.0000
410	-19.5000	646.0000
411	-19.5000	647.0000
412	-19.3375	647.0000
413	-19.6625	647.0000
414	-20.3125	646.0000
415	-19.3375	647.0000
416	-19.9875	646.0000
417	-19.6625	647.0000
418	-19.5000	646.0000
419	-19.0125	647.0000
420	-19.0125	646.0000
421	-19.1750	647.0000
422	-19.3375	646.0000
423	-19.0125	647.0000
424	-18.8500	646.0000
425	-19.0125	646.0000
426	-19.0125	646.0000
427	-19.0125	647.0000
428	-18.8500	647.0000
429	-19.9875	647.0000
430	-19.0125	647.0000
431	-19.1750	647.0000
432	-18.8500	647.0000
433	-19.0125	646.0000
434	-18.6875	647.0000
435	-18.5250	646.0000
436	-18.6875	647.0000
437	-18.6875	646.0000
438	-18.5250	647.0000
439	-18.8500	646.0000
440	-18.5250	647.0000
441	-18.6875	646.0000
442	-18.6875	647.0000
443	-18.5250	646.0000
444	-18.3625	647.0000
445	-18.6875	646.0000
446	-18.5250	647.0000
447	-18.5250	646.0000
448	-18.3625	647.0000
449	-18.3625	646.0000
450	-18.5250	647.0000
451	-18.6875	646.0000
452	-18.3625	647.0000
453	-18.3625	647.0000
454	-18.3625	647.0000
455	-23.7250	647.0000
456	-18.8500	647.0000
457	-18.2000	647.0000
458	-18.2000	646.0000
459	-18.2000	647.0000
460	-18.0375	646.0000
461	-18.2000	647.0000
462	-18.2000	646.0000
463	-18.0375	647.0000
464	-18.3625	646.0000
465	-18.0375	647.0000
466	-18.0375	646.0000
467	-18.0375	647.0000
468	-18.2000	646.0000
469	-18.0375	647.0000
470	-18.0375	646.0000
471	-18.0375	647.0000
472	-18.0375	646.0000
473	-18.0375	647.0000
474	-17.8750	646.0000
475	-18.0375	647.0000
476	-18.0375	647.0000
477	-18.2000	647.0000
478	-17.8750	646.0000
479	-18.2000	643.0000
480	-18.2000	647.0000
481	-17.8750	647.0000
482	-17.8750	647.0000
483	-17.8750	646.0000
484	-17.7125	647.0000
485	-17.8750	646.0000
486	-17.8750	647.0000
487	-17.7125	646.0000
488	-17.7125	647.0000
489	-17.8750	646.0000
490	-17.7125	647.0000
491	-17.7125	646.0000
492	-17.7125	647.0000
493	-17.8750	646.0000
494	-17.7125	648.0000
495	-17.8750	646.0000
496	-17.7125	647.0000
497	-17.5500	646.0000
498	-17.8750	647.0000
499	-17.5500	647.0000
500	-18.2000	647.0000
501	-18.2000	646.0000
502	-18.2000	647.0000
503	-17.7125	647.0000
504	-17.8750	646.0000
505	-17.8750	649.0000
506	-18.0375	646.0000
507	-17.7125	647.0000
508	-17.7125	646.0000
509	-18.0375	647.0000
510	-18.6875	646.0000
511	-17.8750	647.0000
512	-17.7125	646.0000
513	-17.8750	647.0000
514	-17.8750	646.0000
515	-17.7125	647.0000
516	-17.7125	646.0000
517	-17.8750	647.0000
518	-17.7125	646.0000
519	-17.5500	647.0000
520	-17.8750	646.0000
521	-17.8750	647.0000
522	-17.2250	647.0000
523	-17.7125	647.0000
524	-17.3875	647.0000
525	-17.8750	647.0000
526	-17.5500	647.0000
527	-17.5500	647.0000
528	-17.5500	647.0000
529	-17.7125	647.0000
530	-17.8750	647.0000
531	-17.7125	646.0000
532	-17.3875	647.0000
533	-17.7125	646.0000
534	-17.8750	647.0000
535	-17.5500	646.0000
536	-17.7125	647.0000
537	-17.7125	646.0000
538	-17.3875	647.0000
539	-17.5500	646.0000
540	-17.3875	647.0000
541	-17.8750	646.0000
542	-17.5500	646.0000
543	-17.7125	646.0000
544	-17.7125	647.0000
545	-17.5500	647.0000
546	-17.5500	647.0000
547	-17.2250	646.0000
548	-17.3875	647.0000
549	-17.3875	647.0000
550	-17.2250	647.0000
551	-17.2250	647.0000
552	-17.3875	647.0000
553	-17.2250	647.0000
554	-17.7125	648.0000
555	-17.5500	647.0000
556	-17.3875	646.0000
557	-17.7125	647.0000
558	-17.5500	646.0000
559	-17.7125	647.0000
560	-17.5500	646.0000
561	-17.3875	647.0000
562	-18.0375	646.0000
563	-17.5500	647.0000
564	-17.7125	646.0000
565	-17.3875	647.0000
566	-17.3875	646.0000
567	-17.5500	647.0000
568	-17.3875	646.0000
569	-17.2250	647.0000
570	-17.3875	646.0000
571	-17.5500	647.0000
572	-17.2250	646.0000
573	-17.3875	647.0000
574	-17.2250	646.0000
575	-17.3875	647.0000
576	-16.9000	647.0000
577	-17.2250	647.0000
578	-17.0625	647.0000
579	-18.5250	647.0000
580	-20.9625	647.0000
581	-17.0625	646.0000
582	-17.0625	647.0000
583	-17.2250	646.0000
584	-16.9000	647.0000
585	-17.0625	646.0000
586	-16.9000	647.0000
587	-16.7375	646.0000
588	-16.7375	647.0000
589	-16.9000	646.0000
590	-16.9000	647.0000
591	-17.0625	646.0000
592	-16.9000	647.0000
593	-16.7375	646.0000
594	-16.9000	647.0000
595	-16.9000	643.0000
596	-17.3875	647.0000
597	-16.9000	647.0000
598	-17.3875	647.0000
599	-17.0625	647.0000
600	-17.5500	647.0000
601	-16.7375	647.0000
602	-16.9000	647.0000
603	-17.0625	647.0000
604	-16.9000	647.0000
605	-17.0625	647.0000
606	-16.9000	646.0000
607	-16.9000	647.0000
608	-17.5500	646.0000
609	-16.7375	647.0000
610	-16.9000	646.0000
611	-16.5750	647.0000
612	-16.5750	646.0000
613	-16.5750	647.0000
614	-16.4125	646.0000
615	-16.5750	647.0000
616	-16.5750	646.0000
617	-16.9000	647.0000
618	-16.4125	646.0000
619	-16.4125	647.0000
620	-16.7375	647.0000
621	-16.5750	647.0000
622	-16.4125	647.0000
623	-16.5750	647.0000
624	-16.4125	647.0000
625	-16.5750	647.0000
626	-16.2500	647.0000
627	-16.2500	647.0000
628	-16.2500	647.0000
629	-16.9000	647.0000
630	-16.0875	645.0000
631	-16.2500	646.0000
632	-16.0875	647.0000
633	-16.4125	646.0000
634	-15.9250	647.0000
635	-15.9250	646.0000
636	-15.9250	647.0000
637	-16.5750	646.0000
638	-16.2500	647.0000
639	-16.2500	646.0000
640	-16.2500	647.0000
641	-15.7625	646.0000
642	-15.7625	647.0000
643	-15.7625	646.0000
644	-15.6000	647.0000
645	-15.7625	647.0000
646	-15.7625	647.0000
647	-15.4375	647.0000
648	-15.7625	647.0000
649	-15.7625	647.0000
650	-15.7625	647.0000
651	-15.7625	647.0000
652	-15.4375	647.0000
653	-15.6000	647.0000
654	-15.4375	647.0000
655	-15.4375	647.0000
656	-15.4375	646.0000
657	-15.2750	647.0000
658	-15.2750	646.0000
659	-15.1125	647.0000
660	-15.1125	647.0000
661	-15.1125	647.0000
662	-15.1125	646.0000
663	-15.1125	647.0000
664	-15.1125	646.0000
665	-14.9500	647.0000
666	-15.1125	646.0000
667	-15.1125	647.0000
668	-14.4625	647.0000
669	-14.9500	647.0000
670	-14.7875	647.0000
671	-14.6250	647.0000
672	-14.3000	647.0000
673	-14.1375	647.0000
674	-13.9750	647.0000
675	-13.8125	647.0000
676	-13.4875	647.0000
677	-13.6500	647.0000
678	-13.1625	647.0000
679	-13.6500	647.0000
680	-12.6750	647.0000
681	-12.5125	646.0000
682	-12.5125	647.0000
683	-13.0000	647.0000
684	-11.7000	647.0000
685	-12.8375	646.0000
686	-10.8875	647.0000
687	-10.8875	646.0000
688	-10.4000	647.0000
689	-9.9125	646.0000
690	-9.7500	647.0000
691	-9.2625	647.0000
692	-9.1000	647.0000
693	-8.6125	646.0000
694	-8.1250	647.0000
695	-9.1000	647.0000
696	-7.3125	647.0000
697	-6.8250	647.0000
698	-7.1500	647.0000
699	-6.3375	647.0000
700	-5.8500	647.0000
701	-5.2000	647.0000
702	-4.7125	646.0000
703	-4.0625	647.0000
704	-3.7375	647.0000
705	-14.6250	647.0000
706	-3.9000	646.0000
707	-4.3875	647.0000
708	-4.5500	646.0000
709	-1.7875	647.0000
710	-1.3000	646.0000
711	-0.6500	647.0000
712	0.0000	646.0000
713	0.6500	647.0000
714	1.3000	646.0000
715	1.9500	647.0000
716	3.0875	647.0000
717	3.7375	647.0000
718	4.3875	647.0000
719	5.2000	647.0000
720	5.6875	647.0000
721	6.6625	647.0000
722	7.1500	649.0000
723	7.9625	647.0000
724	8.7750	647.0000
725	9.4250	646.0000
726	10.0750	647.0000
727	10.7250	647.0000
728	6.5000	647.0000
729	12.3500	647.0000
730	13.3250	647.0000
731	14.1375	647.0000
732	14.9500	647.0000
733	15.6000	647.0000
734	16.5750	647.0000
735	17.2250	647.0000
736	18.2000	647.0000
737	19.0125	646.0000
738	19.9875	647.0000
739	21.1250	646.0000
740	21.9375	647.0000
741	22.5875	647.0000
742	23.5625	647.0000
743	24.3750	647.0000
744	25.3500	647.0000
745	26.1625	647.0000
746	27.1375	647.0000
747	27.9500	647.0000
748	28.7625	647.0000
749	29.5750	647.0000
750	30.5500	647.0000
751	31.5250	647.0000
752	32.5000	647.0000
753	33.3125	647.0000
754	34.1250	646.0000
755	35.1000	647.0000
756	36.0750	646.0000
757	36.8875	647.0000
758	37.8625	647.0000
759	39.1625	647.0000
760	40.4625	645.0000
761	41.2750	647.0000
762	42.4125	646.0000
763	43.2250	647.0000
764	44.2000	646.0000
765	45.0125	647.0000
766	45.8250	647.0000
767	45.1750	647.0000
768	47.9375	646.0000
769	47.4500	647.0000
770	48.2625	647.0000
771	49.7250	647.0000
772	46.3125	647.0000
773	52.1625	647.0000
774	52.9750	647.0000
775	53.7875	647.0000
776	54.4375	647.0000
777	54.9250	647.0000
778	55.2500	647.0000
779	54.1125	647.0000
780	56.5500	647.0000
781	56.0625	647.0000
782	57.0375	648.0000
783	56.3875	646.0000
784	57.5250	647.0000
785	57.2000	647.0000
786	56.8750	647.0000
787	58.1750	647.0000
788	58.8250	646.0000
789	58.8250	647.0000
790	58.8250	647.0000
791	57.8500	647.0000
792	58.9875	647.0000
793	59.3125	647.0000
794	58.1750	647.0000
795	59.3125	647.0000
796	59.4750	647.0000
797	59.3125	647.0000
798	59.3125	646.0000
799	58.9875	647.0000
800	58.9875	647.0000
801	58.9875	647.0000
802	58.6625	647.0000
803	58.0125	647.0000
804	58.8250	647.0000
805	58.1750	647.0000
806	57.6875	647.0000
807	57.6875	647.0000
808	57.6875	646.0000
809	57.3625	647.0000
810	57.0375	647.0000
811	56.7125	647.0000
812	56.3875	647.0000
813	55.4125	647.0000
814	55.5750	647.0000
815	55.0875	647.0000
816	54.9250	647.0000
817	54.4375	647.0000
818	54.2750	647.0000
819	53.6250	647.0000
820	52.3250	647.0000
821	52.8125	647.0000
822	52.3250	647.0000
823	51.6750	647.0000
824	51.1875	647.0000
825	50.7000	647.0000
826	50.3750	647.0000
827	49.8875	647.0000
828	47.7750	647.0000
829	48.7500	647.0000
830	39.4875	647.0000
831	45.0125	647.0000
832	41.6000	647.0000
833	46.4750	649.0000
834	45.9875	647.0000
835	45.3375	647.0000
836	45.0125	647.0000
837	44.3625	646.0000
838	43.7125	647.0000
839	42.9000	647.0000
840	42.4125	647.0000
841	41.6000	647.0000
842	41.2750	649.0000
843	40.3000	647.0000
844	37.3750	647.0000
845	38.5125	647.0000
846	38.1875	647.0000
847	37.5375	647.0000
848	36.5625	647.0000
849	34.7750	647.0000
850	35.2625	647.0000
851	34.4500	648.0000
852	33.4750	647.0000
853	31.5250	647.0000
854	32.1750	647.0000
855	28.6000	647.0000
856	25.0250	646.0000
857	28.4375	647.0000
858	27.9500	646.0000
859	27.4625	647.0000
860	26.6500	646.0000
861	25.5125	647.0000
862	24.8625	647.0000
863	23.8875	647.0000
864	23.2375	647.0000
865	22.5875	647.0000
866	21.7750	647.0000
867	20.8000	647.0000
868	19.9875	647.0000
869	19.0125	647.0000
870	18.2000	647.0000
871	17.2250	647.0000
872	16.2500	647.0000
873	15.2750	647.0000
874	14.4625	647.0000
875	13.6500	647.0000
876	12.8375	647.0000
877	11.8625	647.0000
878	10.8875	647.0000
879	10.5625	647.0000
880	9.9125	647.0000
881	9.2625	647.0000
882	8.2875	647.0000
883	7.6375	646.0000
884	6.6625	647.0000
885	5.8500	646.0000
886	5.2000	647.0000
887	4.2250	647.0000
888	3.5750	647.0000
889	2.9250	646.0000
890	2.2750	647.0000
891	1.6250	647.0000
892	1.1375	647.0000
893	0.8125	647.0000
894	-0.4875	647.0000
895	-5.6875	647.0000
896	-0.8125	647.0000
897	-0.8125	647.0000
898	-0.9750	647.0000
899	-0.9750	647.0000
900	-1.1375	647.0000
901	-1.3000	647.0000
902	-1.6250	647.0000
903	-1.6250	647.0000
904	-1.9500	647.0000
905	-1.7875	647.0000
906	-1.9500	647.0000
907	-1.9500	647.0000
908	-3.0875	647.0000
909	-2.7625	647.0000
910	-2.6000	647.0000
911	-3.0875	647.0000
912	-4.3875	647.0000
913	-3.0875	648.0000
914	-2.9250	648.0000
915	-3.2500	647.0000
916	-2.7625	647.0000
917	-2.9250	647.0000
918	-2.7625	647.0000
919	-2.9250	647.0000
920	-2.9250	647.0000
921	-2.9250	647.0000
922	-2.9250	647.0000
923	-3.0875	647.0000
924	-3.0875	647.0000
925	-3.2500	647.0000
926	-3.2500	647.0000
927	-3.2500	647.0000
928	-3.4125	647.0000
929	-3.2500	647.0000
930	-3.4125	647.0000
931	-3.2500	647.0000
932	-3.2500	647.0000
933	-3.2500	647.0000
934	-3.4125	647.0000
935	-10.5625	647.0000
936	-6.1750	647.0000
937	-5.6875	647.0000
938	-3.4125	647.0000
939	-3.4125	647.0000
940	-3.7375	647.0000
941	-3.4125	647.0000
942	-3.5750	647.0000
943	-6.0125	647.0000
944	-8.9375	647.0000
945	-4.3875	647.0000
946	-4.3875	647.0000
947	-4.2250	647.0000
948	-4.5500	647.0000
949	-9.9125	647.0000
950	-4.7125	647.0000
951	-4.5500	647.0000
952	-4.5500	647.0000
953	-4.7125	647.0000
954	-4.7125	647.0000
955	-8.4500	648.0000
956	-6.5000	646.0000
957	-4.7125	648.0000
958	-4.7125	647.0000
959	-4.7125	647.0000
960	-4.7125	647.0000
961	-4.7125	647.0000
962	-4.7125	647.0000
963	-4.7125	647.0000
964	-4.7125	647.0000
965	-4.7125	647.0000
966	-4.8750	647.0000
967	-4.8750	647.0000
968	-4.8750	647.0000
969	-4.8750	647.0000
970	-4.8750	647.0000
971	-4.7125	647.0000
972	-4.7125	647.0000
973	-4.8750	647.0000
974	-4.8750	647.0000
975	-5.0375	647.0000
976	-4.8750	647.0000
977	-4.8750	647.0000
978	-4.8750	647.0000
979	-4.8750	646.0000
980	-4.5500	647.0000
981	-4.5500	647.0000
982	-4.5500	647.0000
983	-4.3875	647.0000
984	-4.5500	647.0000
985	-4.5500	647.0000
986	-4.5500	647.0000
987	-4.7125	647.0000
988	-4.5500	647.0000
989	-4.5500	647.0000
990	-4.8750	647.0000
991	-5.0375	647.0000
992	-5.0375	647.0000
993	-4.5500	647.0000
994	-4.3875	647.0000
995	-4.2250	647.0000
996	-4.3875	647.0000
997	-4.5500	647.0000
998	-4.3875	647.0000
999	-4.3875	647.0000
1000	-4.5500	647.0000
1001	-4.7125	647.0000
1002	-4.5500	647.0000
1003	-4.5500	647.0000
1004	-4.3875	646.0000
1005	-4.7125	646.0000
1006	-4.5500	647.0000
1007	-4.5500	647.0000
1008	-4.5500	647.0000
1009	-4.7125	647.0000
1010	-4.7125	647.0000
1011	-4.3875	647.0000
1012	-4.5500	646.0000
1013	-4.8750	647.0000
1014	-4.7125	647.0000
1015	-4.7125	647.0000
1016	-4.7125	647.0000
1017	-4.7125	647.0000
1018	-4.7125	647.0000
1019	-4.7125	647.0000
1020	-4.7125	647.0000
1021	-4.7125	648.0000
1022	-4.7125	647.0000
1023	-4.5500	647.0000
#8328
