#	-37.70	78.20
#	-17.39	78.20
#	-17.87	78.20
#	-18.04	78.20
#	-18.04	78.20
#	-18.04	78.20
#	-19.99	78.20
#	-17.87	78.20
#	-18.04	78.20
#	-18.20	78.20
#	-19.66	78.20
#	-18.04	78.20
#	-18.20	78.20
#	-18.36	78.20
#	-18.04	78.20
#	-18.04	78.20
#	-17.71	73.31
#	-17.71	78.20
#	-18.20	73.31
#	-18.20	78.20
#	-19.01	73.31
#	-18.20	78.20
#	-18.04	3655.91
#	-18.20	4618.77
#	-18.53	4750.73
#	-18.20	4731.18
#	-17.87	4721.41
#	-19.66	4726.29
#	-19.34	4726.29
#	-18.20	4731.18
#	-17.23	4731.18
#	-18.69	4731.18
#	-18.20	4731.18
#	-18.36	4731.18
#	-19.17	4736.07
#	-18.20	4731.18
#	-18.20	4736.07
#	-18.20	4731.18
#	-18.53	4736.07
#	-18.04	4731.18
#	-18.04	4736.07
#	-18.36	4750.73
#	-18.53	4736.07
#	-18.20	4731.18
#	-18.20	4745.85
#	-18.36	4731.18
#	-18.20	4736.07
#	-18.20	4736.07
0	-18.2000	969.0000
1	-17.3875	969.0000
2	-17.7125	969.0000
3	-17.7125	969.0000
4	-18.2000	969.0000
5	-18.0375	969.0000
6	-17.8750	969.0000
7	-17.3875	969.0000
8	-17.5500	970.0000
9	-17.5500	969.0000
10	-17.8750	966.0000
11	-16.7375	970.0000
12	-17.2250	970.0000
13	-16.7375	970.0000
14	-16.9000	970.0000
15	-16.7375	970.0000
16	-16.7375	970.0000
17	-16.4125	970.0000
18	-17.0625	970.0000
19	-17.7125	970.0000
20	-17.7125	970.0000
21	-17.2250	970.0000
22	-16.7375	970.0000
23	-16.9000	969.0000
24	-17.3875	970.0000
25	-17.0625	970.0000
26	-16.7375	970.0000
27	-16.5750	970.0000
28	-16.7375	970.0000
29	-16.9000	970.0000
30	-16.4125	970.0000
31	-16.7375	970.0000
32	-17.5500	970.0000
33	-16.5750	970.0000
34	-18.5250	970.0000
35	-17.5500	969.0000
36	-17.8750	970.0000
37	-17.5500	969.0000
38	-17.5500	970.0000
39	-17.7125	971.0000
40	-17.7125	969.0000
41	-17.5500	969.0000
42	-17.7125	969.0000
43	-17.7125	969.0000
44	-17.7125	969.0000
45	-17.7125	969.0000
46	-16.9000	969.0000
47	-17.0625	969.0000
48	-17.0625	969.0000
49	-17.2250	969.0000
50	-17.2250	969.0000
51	-16.9000	969.0000
52	-17.0625	969.0000
53	-17.2250	969.0000
54	-17.0625	970.0000
55	-17.3875	970.0000
56	-16.9000	970.0000
57	-17.0625	970.0000
58	-17.0625	969.0000
59	-17.0625	970.0000
60	-17.2250	970.0000
61	-16.9000	970.0000
62	-16.9000	970.0000
63	-17.8750	970.0000
64	-17.0625	970.0000
65	-17.2250	971.0000
66	-17.0625	970.0000
67	-16.9000	970.0000
68	-17.3875	970.0000
69	-16.9000	970.0000
70	-17.0625	970.0000
71	-17.0625	970.0000
72	-17.0625	971.0000
73	-17.0625	970.0000
74	-17.0625	971.0000
75	-17.2250	971.0000
76	-17.3875	970.0000
77	-17.5500	970.0000
78	-17.8750	971.0000
79	-17.3875	970.0000
80	-16.9000	970.0000
81	-17.3875	969.0000
82	-17.0625	970.0000
83	-17.2250	969.0000
84	-17.2250	970.0000
85	-17.2250	970.0000
86	-17.3875	970.0000
87	-17.3875	971.0000
88	-18.2000	969.0000
89	-17.7125	969.0000
90	-17.3875	970.0000
91	-17.3875	970.0000
92	-17.5500	972.0000
93	-18.8500	969.0000
94	-17.3875	970.0000
95	-19.5000	970.0000
96	-17.8750	970.0000
97	-17.3875	969.0000
98	-18.0375	970.0000
99	-17.5500	969.0000
100	-17.5500	970.0000
101	-18.3625	970.0000
102	-17.8750	970.0000
103	-17.5500	970.0000
104	-17.7125	970.0000
105	-17.7125	970.0000
106	-17.7125	970.0000
107	-17.8750	970.0000
108	-18.8500	970.0000
109	-18.3625	971.0000
110	-17.8750	970.0000
111	-18.5250	970.0000
112	-18.0375	971.0000
113	-17.8750	971.0000
114	-18.3625	970.0000
115	-18.0375	970.0000
116	-18.0375	971.0000
117	-17.8750	971.0000
118	-18.2000	971.0000
119	-18.0375	971.0000
120	-18.2000	971.0000
121	-18.0375	971.0000
122	-18.3625	971.0000
123	-19.1750	971.0000
124	-18.6875	971.0000
125	-18.2000	971.0000
126	-18.3625	971.0000
127	-19.0125	971.0000
128	-18.5250	971.0000
129	-18.5250	971.0000
130	-18.3625	971.0000
131	-18.5250	971.0000
132	-18.3625	970.0000
133	-18.3625	970.0000
134	-18.5250	970.0000
135	-18.5250	970.0000
136	-21.1250	970.0000
137	-18.8500	970.0000
138	-18.8500	970.0000
139	-19.3375	967.0000
140	-19.1750	970.0000
141	-18.8500	970.0000
142	-18.8500	970.0000
143	-19.1750	970.0000
144	-19.1750	969.0000
145	-19.5000	969.0000
146	-19.5000	970.0000
147	-19.0125	970.0000
148	-19.9875	970.0000
149	-19.3375	970.0000
150	-19.9875	970.0000
151	-19.8250	970.0000
152	-19.8250	970.0000
153	-20.1500	970.0000
154	-21.6125	970.0000
155	-20.3125	970.0000
156	-20.1500	971.0000
157	-20.6375	971.0000
158	-20.8000	969.0000
159	-21.1250	971.0000
160	-22.4250	971.0000
161	-22.7500	971.0000
162	-23.0750	971.0000
163	-23.5625	971.0000
164	-24.0500	972.0000
165	-24.3750	971.0000
166	-24.5375	971.0000
167	-24.5375	971.0000
168	-25.8375	971.0000
169	-26.3250	971.0000
170	-26.1625	972.0000
171	-26.8125	971.0000
172	-27.4625	971.0000
173	-28.6000	971.0000
174	-28.7625	971.0000
175	-29.4125	972.0000
176	-30.7125	971.0000
177	-30.3875	971.0000
178	-31.5250	971.0000
179	-31.8500	971.0000
180	-33.1500	971.0000
181	-33.6375	971.0000
182	-34.9375	971.0000
183	-36.5625	971.0000
184	-36.0750	971.0000
185	-37.2125	971.0000
186	-38.8375	971.0000
187	-39.0000	970.0000
188	-40.4625	971.0000
189	-41.4375	970.0000
190	-45.5000	971.0000
191	-44.5250	970.0000
192	-46.4750	970.0000
193	-45.3375	970.0000
194	-47.4500	970.0000
195	-48.1000	970.0000
196	-49.7250	971.0000
197	-49.8875	971.0000
198	-51.5125	970.0000
199	-52.4875	971.0000
200	-54.6000	971.0000
201	-55.0875	971.0000
202	-56.2250	971.0000
203	-58.0125	971.0000
204	-59.4750	971.0000
205	-60.4500	971.0000
206	-62.4000	971.0000
207	-63.7000	971.0000
208	-64.6750	971.0000
209	-66.1375	971.0000
210	-67.4375	971.0000
211	-68.5750	972.0000
212	-70.3625	971.0000
213	-71.5000	971.0000
214	-72.8000	971.0000
215	-75.0750	971.0000
216	-75.0750	971.0000
217	-77.3500	972.0000
218	-78.1625	972.0000
219	-79.9500	972.0000
220	-81.4125	973.0000
221	-82.5500	972.0000
222	-84.8250	972.0000
223	-85.9625	972.0000
224	-87.2625	972.0000
225	-88.4000	972.0000
226	-89.7000	972.0000
227	-91.4875	972.0000
228	-92.7875	971.0000
229	-94.4125	971.0000
230	-96.5250	971.0000
231	-97.1750	972.0000
232	-99.1250	971.0000
233	-100.1000	971.0000
234	-101.7250	971.0000
235	-103.3500	971.0000
236	-105.3000	971.0000
237	-106.4375	971.0000
238	-107.7375	971.0000
239	-109.5250	971.0000
240	-110.8250	971.0000
241	-112.4500	971.0000
242	-113.7500	971.0000
243	-115.5375	971.0000
244	-117.1625	971.0000
245	-119.7625	971.0000
246	-120.0875	971.0000
247	-121.7125	971.0000
248	-124.8000	972.0000
249	-125.1250	972.0000
250	-126.5875	971.0000
251	-128.3750	971.0000
252	-130.0000	971.0000
253	-131.3000	972.0000
254	-133.0875	972.0000
255	-134.2250	972.0000
256	-136.0125	972.0000
257	-137.3125	972.0000
258	-138.7750	972.0000
259	-139.9125	972.0000
260	-141.3750	972.0000
261	-141.5375	973.0000
262	-142.0250	972.0000
263	-142.5125	972.0000
264	-142.0250	972.0000
265	-141.8625	973.0000
266	-141.5375	972.0000
267	-141.3750	972.0000
268	-140.8875	972.0000
269	-140.5625	973.0000
270	-139.7500	973.0000
271	-139.2625	972.0000
272	-138.6125	972.0000
273	-137.4750	972.0000
274	-136.6625	972.0000
275	-136.0125	972.0000
276	-135.5250	972.0000
277	-134.2250	972.0000
278	-133.4125	972.0000
279	-132.4375	972.0000
280	-131.4625	972.0000
281	-131.3000	972.0000
282	-130.3250	972.0000
283	-129.1875	972.0000
284	-128.2125	972.0000
285	-126.9125	972.0000
286	-125.7750	972.0000
287	-124.8000	972.0000
288	-122.8500	972.0000
289	-121.7125	972.0000
290	-120.0875	972.0000
291	-119.7625	972.0000
292	-118.1375	971.0000
293	-117.4875	972.0000
294	-115.3750	971.0000
295	-114.2375	971.0000
296	-113.2625	971.0000
297	-112.1250	972.0000
298	-110.3375	971.0000
299	-109.2000	971.0000
300	-108.2250	972.0000
301	-106.1125	972.0000
302	-105.1375	972.0000
303	-103.6750	972.0000
304	-102.5375	972.0000
305	-101.4000	972.0000
306	-100.2625	972.0000
307	-98.3125	972.0000
308	-97.6625	972.0000
309	-96.2000	972.0000
310	-94.4125	972.0000
311	-92.6250	972.0000
312	-92.1375	973.0000
313	-89.8625	972.0000
314	-88.8875	973.0000
315	-87.5875	972.0000
316	-85.8000	972.0000
317	-84.1750	973.0000
318	-82.7125	972.0000
319	-81.4125	972.0000
320	-79.7875	972.0000
321	-79.3000	972.0000
322	-76.8625	972.0000
323	-75.5625	972.0000
324	-74.2625	972.0000
325	-72.6375	972.0000
326	-71.3375	972.0000
327	-70.2000	972.0000
328	-68.4125	972.0000
329	-66.7875	972.0000
330	-65.4875	972.0000
331	-63.8625	972.0000
332	-62.5625	972.0000
333	-60.9375	971.0000
334	-59.6375	972.0000
335	-58.1750	972.0000
336	-57.3625	971.0000
337	-56.2250	972.0000
338	-54.7625	971.0000
339	-61.5875	971.0000
340	-52.0000	971.0000
341	-50.3750	972.0000
342	-48.9125	972.0000
343	-47.6125	971.0000
344	-46.3125	971.0000
345	-44.6875	972.0000
346	-42.4125	972.0000
347	-42.0875	972.0000
348	-39.8125	972.0000
349	-39.9750	969.0000
350	-42.0875	972.0000
351	-35.9125	972.0000
352	-35.2625	972.0000
353	-33.6375	972.0000
354	-32.1750	972.0000
355	-37.0500	972.0000
356	-30.2250	972.0000
357	-30.7125	972.0000
358	-29.2500	972.0000
359	-28.1125	973.0000
360	-27.4625	973.0000
361	-26.4875	972.0000
362	-25.8375	972.0000
363	-25.1875	972.0000
364	-24.3750	973.0000
365	-25.3500	972.0000
366	-23.5625	972.0000
367	-23.2375	973.0000
368	-26.9750	971.0000
369	-22.4250	973.0000
370	-22.4250	972.0000
371	-22.2625	972.0000
372	-22.1000	972.0000
373	-22.1000	972.0000
374	-22.1000	972.0000
375	-21.2875	972.0000
376	-20.8000	972.0000
377	-20.9625	972.0000
378	-20.8000	972.0000
379	-21.6125	972.0000
380	-20.4750	972.0000
381	-20.6375	972.0000
382	-20.6375	972.0000
383	-22.7500	972.0000
384	-20.8000	972.0000
385	-20.4750	972.0000
386	-20.4750	972.0000
387	-19.9875	972.0000
388	-19.9875	971.0000
389	-20.3125	972.0000
390	-19.9875	971.0000
391	-19.9875	972.0000
392	-19.9875	972.0000
393	-19.8250	972.0000
394	-19.8250	973.0000
395	-19.6625	972.0000
396	-19.8250	973.0000
397	-19.6625	972.0000
398	-19.6625	972.0000
399	-19.8250	972.0000
400	-19.8250	972.0000
401	-19.3375	973.0000
402	-19.6625	973.0000
403	-20.4750	973.0000
404	-19.3375	972.0000
405	-19.3375	973.0000
406	-19.3375	973.0000
407	-19.1750	973.0000
408	-19.3375	973.0000
409	-19.1750	973.0000
410	-19.1750	973.0000
411	-19.1750	973.0000
412	-19.1750	973.0000
413	-20.3125	973.0000
414	-19.9875	973.0000
415	-19.3375	973.0000
416	-19.1750	973.0000
417	-19.1750	973.0000
418	-19.0125	972.0000
419	-18.8500	972.0000
420	-19.0125	973.0000
421	-18.8500	973.0000
422	-18.8500	973.0000
423	-18.8500	972.0000
424	-18.8500	972.0000
425	-18.8500	972.0000
426	-18.6875	972.0000
427	-18.8500	972.0000
428	-18.8500	973.0000
429	-18.6875	972.0000
430	-18.8500	973.0000
431	-18.5250	972.0000
432	-18.3625	972.0000
433	-18.6875	972.0000
434	-18.8500	969.0000
435	-18.8500	972.0000
436	-19.0125	972.0000
437	-18.5250	972.0000
438	-19.5000	972.0000
439	-18.8500	972.0000
440	-18.6875	972.0000
441	-18.8500	972.0000
442	-18.5250	972.0000
443	-18.3625	972.0000
444	-18.6875	972.0000
445	-18.0375	969.0000
446	-18.2000	973.0000
447	-18.2000	973.0000
448	-18.2000	973.0000
449	-18.2000	973.0000
450	-18.2000	973.0000
451	-18.3625	973.0000
452	-18.3625	973.0000
453	-17.7125	974.0000
454	-18.3625	973.0000
455	-18.5250	972.0000
456	-18.8500	973.0000
457	-18.3625	973.0000
458	-17.8750	974.0000
459	-18.2000	973.0000
460	-18.2000	973.0000
461	-18.0375	973.0000
462	-19.0125	974.0000
463	-18.6875	973.0000
464	-18.8500	973.0000
465	-18.6875	973.0000
466	-18.8500	973.0000
467	-18.5250	973.0000
468	-18.0375	973.0000
469	-19.1750	973.0000
470	-19.0125	973.0000
471	-18.5250	973.0000
472	-17.7125	973.0000
473	-17.7125	973.0000
474	-18.3625	972.0000
475	-17.8750	972.0000
476	-17.8750	973.0000
477	-18.2000	973.0000
478	-17.8750	972.0000
479	-18.3625	973.0000
480	-17.5500	972.0000
481	-17.5500	972.0000
482	-17.5500	972.0000
483	-17.3875	972.0000
484	-17.5500	972.0000
485	-17.3875	972.0000
486	-17.3875	972.0000
487	-17.7125	973.0000
488	-17.7125	972.0000
489	-18.2000	973.0000
490	-17.3875	973.0000
491	-19.0125	972.0000
492	-18.5250	973.0000
493	-23.7250	973.0000
494	-18.8500	973.0000
495	-19.3375	973.0000
496	-18.5250	974.0000
497	-18.3625	973.0000
498	-18.2000	973.0000
499	-18.2000	973.0000
500	-18.3625	973.0000
501	-19.3375	973.0000
502	-18.2000	974.0000
503	-18.2000	973.0000
504	-18.2000	974.0000
505	-18.3625	973.0000
506	-18.2000	973.0000
507	-17.5500	974.0000
508	-17.3875	973.0000
509	-19.6625	973.0000
510	-17.7125	973.0000
511	-17.3875	973.0000
512	-19.1750	973.0000
513	-18.2000	974.0000
514	-18.0375	973.0000
515	-18.0375	973.0000
516	-18.3625	973.0000
517	-18.2000	973.0000
518	-18.3625	973.0000
519	-18.2000	973.0000
520	-18.2000	973.0000
521	-18.2000	973.0000
522	-18.2000	973.0000
523	-18.0375	972.0000
524	-18.3625	973.0000
525	-18.3625	973.0000
526	-20.6375	973.0000
527	-18.2000	972.0000
528	-18.2000	972.0000
529	-19.0125	973.0000
530	-20.6375	973.0000
531	-18.2000	973.0000
532	-18.2000	974.0000
533	-18.6875	973.0000
534	-18.0375	972.0000
535	-18.0375	973.0000
536	-18.0375	973.0000
537	-18.0375	972.0000
538	-18.0375	973.0000
539	-18.0375	973.0000
540	-18.2000	974.0000
541	-17.3875	973.0000
542	-16.9000	973.0000
543	-17.2250	974.0000
544	-17.2250	974.0000
545	-17.0625	974.0000
546	-17.5500	973.0000
547	-16.9000	974.0000
548	-17.0625	974.0000
549	-17.0625	974.0000
550	-19.0125	974.0000
551	-17.8750	974.0000
552	-17.7125	974.0000
553	-17.7125	974.0000
554	-17.7125	974.0000
555	-17.8750	974.0000
556	-17.8750	974.0000
557	-17.7125	974.0000
558	-17.7125	974.0000
559	-17.7125	974.0000
560	-16.9000	974.0000
561	-16.7375	974.0000
562	-16.9000	973.0000
563	-16.7375	974.0000
564	-16.9000	974.0000
565	-16.5750	973.0000
566	-16.5750	973.0000
567	-16.7375	973.0000
568	-16.4125	973.0000
569	-17.8750	973.0000
570	-17.3875	973.0000
571	-17.2250	973.0000
572	-17.7125	973.0000
573	-16.5750	974.0000
574	-16.5750	974.0000
575	-16.2500	973.0000
576	-16.4125	973.0000
577	-16.0875	973.0000
578	-16.2500	973.0000
579	-16.2500	973.0000
580	-16.9000	973.0000
581	-16.2500	974.0000
582	-17.7125	973.0000
583	-16.4125	973.0000
584	-16.2500	974.0000
585	-16.4125	973.0000
586	-16.2500	974.0000
587	-17.0625	974.0000
588	-16.5750	974.0000
589	-16.0875	974.0000
590	-16.2500	974.0000
591	-16.9000	974.0000
592	-16.2500	974.0000
593	-15.7625	975.0000
594	-15.7625	974.0000
595	-16.4125	974.0000
596	-16.0875	974.0000
597	-16.9000	974.0000
598	-16.5750	975.0000
599	-16.4125	974.0000
600	-16.4125	974.0000
601	-15.7625	974.0000
602	-15.7625	975.0000
603	-16.0875	974.0000
604	-15.7625	975.0000
605	-15.6000	974.0000
606	-17.2250	974.0000
607	-16.4125	974.0000
608	-16.2500	974.0000
609	-15.4375	974.0000
610	-15.6000	975.0000
611	-15.9250	974.0000
612	-15.4375	974.0000
613	-16.0875	974.0000
614	-16.2500	974.0000
615	-16.0875	974.0000
616	-15.4375	974.0000
617	-15.6000	974.0000
618	-15.2750	973.0000
619	-15.2750	974.0000
620	-15.2750	973.0000
621	-15.6000	973.0000
622	-16.0875	974.0000
623	-15.9250	973.0000
624	-15.6000	974.0000
625	-16.2500	974.0000
626	-15.6000	974.0000
627	-15.1125	974.0000
628	-15.9250	973.0000
629	-15.7625	974.0000
630	-15.9250	974.0000
631	-15.7625	974.0000
632	-15.9250	974.0000
633	-15.6000	975.0000
634	-15.7625	974.0000
635	-15.6000	974.0000
636	-15.6000	974.0000
637	-15.4375	975.0000
638	-15.1125	974.0000
639	-15.9250	974.0000
640	-15.1125	974.0000
641	-15.7625	975.0000
642	-14.7875	975.0000
643	-15.1125	975.0000
644	-15.1125	975.0000
645	-15.1125	975.0000
646	-14.9500	975.0000
647	-14.9500	975.0000
648	-14.9500	975.0000
649	-14.7875	975.0000
650	-14.7875	975.0000
651	-14.9500	974.0000
652	-15.1125	974.0000
653	-14.1375	975.0000
654	-14.4625	975.0000
655	-13.4875	974.0000
656	-13.6500	975.0000
657	-13.6500	974.0000
658	-16.0875	974.0000
659	-13.4875	975.0000
660	-13.8125	975.0000
661	-13.8125	974.0000
662	-13.1625	974.0000
663	-13.9750	974.0000
664	-13.6500	974.0000
665	-13.3250	974.0000
666	-12.6750	974.0000
667	-12.6750	974.0000
668	-12.1875	974.0000
669	-12.1875	973.0000
670	-11.3750	974.0000
671	-11.3750	974.0000
672	-11.2125	974.0000
673	-11.5375	974.0000
674	-9.4250	974.0000
675	-8.7750	974.0000
676	-8.4500	974.0000
677	-8.1250	973.0000
678	-7.1500	974.0000
679	-6.5000	974.0000
680	-6.0125	974.0000
681	-4.8750	975.0000
682	-4.0625	975.0000
683	-3.7375	975.0000
684	-3.2500	975.0000
685	-1.6250	975.0000
686	-1.1375	975.0000
687	0.0000	974.0000
688	-1.7875	975.0000
689	0.9750	975.0000
690	2.2750	974.0000
691	3.5750	975.0000
692	4.2250	975.0000
693	4.2250	975.0000
694	6.8250	975.0000
695	7.8000	975.0000
696	9.1000	975.0000
697	9.9125	975.0000
698	11.0500	975.0000
699	11.8625	975.0000
700	13.9750	975.0000
701	14.9500	975.0000
702	16.7375	975.0000
703	17.8750	975.0000
704	19.3375	975.0000
705	21.1250	975.0000
706	22.1000	976.0000
707	23.5625	974.0000
708	24.5375	974.0000
709	26.6500	974.0000
710	28.1125	975.0000
711	29.5750	975.0000
712	31.0375	974.0000
713	32.3375	974.0000
714	34.2875	974.0000
715	35.7500	975.0000
716	37.0500	974.0000
717	39.1625	974.0000
718	40.4625	974.0000
719	41.2750	974.0000
720	43.7125	974.0000
721	45.3375	975.0000
722	47.1250	975.0000
723	49.0750	974.0000
724	50.5375	975.0000
725	51.3500	975.0000
726	53.7875	974.0000
727	55.4125	975.0000
728	57.2000	975.0000
729	57.5250	975.0000
730	59.9625	975.0000
731	62.0750	975.0000
732	63.7000	975.0000
733	64.5125	975.0000
734	66.1375	975.0000
735	68.7375	976.0000
736	70.3625	975.0000
737	71.9875	975.0000
738	73.1250	976.0000
739	75.5625	977.0000
740	77.1875	976.0000
741	78.8125	976.0000
742	80.4375	976.0000
743	82.5500	976.0000
744	84.3375	976.0000
745	86.1250	976.0000
746	87.2625	975.0000
747	89.3750	976.0000
748	91.0000	976.0000
749	91.1625	975.0000
750	94.7375	976.0000
751	96.5250	975.0000
752	98.4750	976.0000
753	99.9375	976.0000
754	101.7250	975.0000
755	103.6750	975.0000
756	105.4625	975.0000
757	107.2500	975.0000
758	108.8750	975.0000
759	110.9875	975.0000
760	111.8000	975.0000
761	114.4000	976.0000
762	114.5625	975.0000
763	116.8375	976.0000
764	117.9750	975.0000
765	120.2500	976.0000
766	122.0375	976.0000
767	123.8250	975.0000
768	125.6125	976.0000
769	127.5625	976.0000
770	129.1875	976.0000
771	130.1625	976.0000
772	131.1375	976.0000
773	131.7875	976.0000
774	132.9250	976.0000
775	133.2500	976.0000
776	133.9000	977.0000
777	133.2500	976.0000
778	132.4375	977.0000
779	132.6000	977.0000
780	132.7625	977.0000
781	132.4375	977.0000
782	131.7875	977.0000
783	131.1375	977.0000
784	130.4875	977.0000
785	129.6750	977.0000
786	128.7000	977.0000
787	127.7250	976.0000
788	126.9125	977.0000
789	126.5875	977.0000
790	125.4500	977.0000
791	124.6375	977.0000
792	122.8500	977.0000
793	122.5250	977.0000
794	121.2250	977.0000
795	119.7625	976.0000
796	118.7875	977.0000
797	118.1375	977.0000
798	116.5125	976.0000
799	116.0250	976.0000
800	114.8875	976.0000
801	113.5875	976.0000
802	112.6125	976.0000
803	111.1500	976.0000
804	109.8500	976.0000
805	108.8750	975.0000
806	107.5750	975.0000
807	106.2750	975.0000
808	104.9750	977.0000
809	103.6750	975.0000
810	101.4000	975.0000
811	100.7500	975.0000
812	99.6125	975.0000
813	98.3125	975.0000
814	96.6875	976.0000
815	95.7125	975.0000
816	94.0875	977.0000
817	92.9500	975.0000
818	91.4875	976.0000
819	90.1875	976.0000
820	88.2375	976.0000
821	87.4250	976.0000
822	85.9625	976.0000
823	84.0125	976.0000
824	82.0625	976.0000
825	80.9250	976.0000
826	80.2750	976.0000
827	78.6500	976.0000
828	77.0250	976.0000
829	75.7250	976.0000
830	74.7500	979.0000
831	72.9625	978.0000
832	71.6625	976.0000
833	70.0375	976.0000
834	68.7375	976.0000
835	66.9500	976.0000
836	65.6500	976.0000
837	64.3500	976.0000
838	62.4000	976.0000
839	61.2625	976.0000
840	57.8500	976.0000
841	58.1750	976.0000
842	56.3875	976.0000
843	55.2500	975.0000
844	53.7875	976.0000
845	52.1625	976.0000
846	50.5375	975.0000
847	49.4000	975.0000
848	47.7750	975.0000
849	46.4750	976.0000
850	44.6875	976.0000
851	43.3875	975.0000
852	40.9500	976.0000
853	40.1375	975.0000
854	38.8375	975.0000
855	34.9375	975.0000
856	35.7500	975.0000
857	34.4500	975.0000
858	32.9875	975.0000
859	30.7125	975.0000
860	30.0625	976.0000
861	28.9250	975.0000
862	27.1375	975.0000
863	26.1625	975.0000
864	24.8625	975.0000
865	23.0750	975.0000
866	22.7500	976.0000
867	21.4500	975.0000
868	20.3125	975.0000
869	19.6625	976.0000
870	16.9000	975.0000
871	17.3875	975.0000
872	16.5750	976.0000
873	15.6000	975.0000
874	14.4625	976.0000
875	13.4875	976.0000
876	13.4875	976.0000
877	13.1625	976.0000
878	11.8625	976.0000
879	12.3500	976.0000
880	11.5375	976.0000
881	10.0750	976.0000
882	11.5375	976.0000
883	11.3750	976.0000
884	10.8875	976.0000
885	11.5375	976.0000
886	10.4000	976.0000
887	10.4000	976.0000
888	10.4000	976.0000
889	10.4000	976.0000
890	10.0750	976.0000
891	10.0750	976.0000
892	10.0750	975.0000
893	10.0750	976.0000
894	10.0750	976.0000
895	10.7250	975.0000
896	10.7250	975.0000
897	10.7250	975.0000
898	10.5625	975.0000
899	10.4000	975.0000
900	10.2375	975.0000
901	9.5875	975.0000
902	8.9375	975.0000
903	9.7500	975.0000
904	9.1000	975.0000
905	9.9125	975.0000
906	10.2375	975.0000
907	9.1000	975.0000
908	9.7500	975.0000
909	8.7750	975.0000
910	9.7500	975.0000
911	8.7750	975.0000
912	8.9375	979.0000
913	9.1000	976.0000
914	9.2625	975.0000
915	8.7750	975.0000
916	9.1000	976.0000
917	9.4250	976.0000
918	9.5875	975.0000
919	9.2625	978.0000
920	8.1250	976.0000
921	9.4250	976.0000
922	9.1000	976.0000
923	9.4250	976.0000
924	9.2625	976.0000
925	9.1000	980.0000
926	8.4500	976.0000
927	9.5875	976.0000
928	9.1000	976.0000
929	8.7750	976.0000
930	8.7750	976.0000
931	7.1500	977.0000
932	8.9375	976.0000
933	9.2625	976.0000
934	9.4250	977.0000
935	9.1000	976.0000
936	8.9375	976.0000
937	8.2875	976.0000
938	9.1000	976.0000
939	9.1000	976.0000
940	9.1000	976.0000
941	8.9375	976.0000
942	9.4250	976.0000
943	8.6125	976.0000
944	9.1000	975.0000
945	9.1000	976.0000
946	7.4750	977.0000
947	8.1250	976.0000
948	7.8000	976.0000
949	7.9625	975.0000
950	8.1250	975.0000
951	7.9625	975.0000
952	7.8000	977.0000
953	7.8000	976.0000
954	8.6125	975.0000
955	8.6125	975.0000
956	8.6125	975.0000
957	8.9375	975.0000
958	8.4500	976.0000
959	8.7750	975.0000
960	8.7750	976.0000
961	7.8000	976.0000
962	8.6125	975.0000
963	7.8000	976.0000
964	8.6125	975.0000
965	8.4500	976.0000
966	8.4500	976.0000
967	7.6375	976.0000
968	8.7750	977.0000
969	8.7750	976.0000
970	8.7750	976.0000
971	8.1250	976.0000
972	8.6125	976.0000
973	8.4500	977.0000
974	8.6125	976.0000
975	8.6125	977.0000
976	7.4750	976.0000
977	7.9625	977.0000
978	7.9625	976.0000
979	8.4500	977.0000
980	7.9625	977.0000
981	8.2875	977.0000
982	8.2875	976.0000
983	8.4500	977.0000
984	8.4500	977.0000
985	8.4500	977.0000
986	8.1250	977.0000
987	8.1250	977.0000
988	8.2875	977.0000
989	8.2875	976.0000
990	7.9625	976.0000
991	8.1250	977.0000
992	7.6375	977.0000
993	8.2875	976.0000
994	8.1250	976.0000
995	7.8000	976.0000
996	7.9625	976.0000
997	7.9625	976.0000
998	7.9625	976.0000
999	8.1250	976.0000
1000	7.9625	976.0000
1001	7.9625	976.0000
1002	7.8000	976.0000
1003	8.1250	976.0000
1004	7.9625	976.0000
1005	7.3125	975.0000
1006	7.8000	975.0000
1007	6.9875	976.0000
1008	6.8250	976.0000
1009	6.9875	977.0000
1010	6.8250	976.0000
1011	6.8250	976.0000
1012	6.8250	976.0000
1013	6.9875	976.0000
1014	6.8250	976.0000
1015	6.8250	977.0000
1016	6.8250	976.0000
1017	6.5000	977.0000
1018	7.8000	976.0000
1019	7.8000	977.0000
1020	7.3125	977.0000
1021	7.6375	976.0000
1022	5.3625	977.0000
1023	7.4750	977.0000
#33928
0	7.6375	979.0000
1	7.9625	979.0000
2	7.9625	978.0000
3	7.1500	979.0000
4	6.3375	978.0000
5	7.8000	978.0000
6	7.6375	978.0000
7	7.8000	978.0000
8	6.5000	978.0000
9	7.6375	978.0000
10	7.8000	978.0000
11	7.4750	978.0000
12	6.9875	979.0000
13	7.1500	978.0000
14	6.8250	978.0000
15	6.9875	978.0000
16	7.6375	978.0000
17	7.4750	978.0000
18	6.9875	978.0000
19	6.0125	978.0000
20	6.9875	979.0000
21	7.1500	977.0000
22	6.9875	978.0000
23	7.6375	978.0000
24	7.6375	978.0000
25	7.8000	978.0000
26	7.4750	978.0000
27	7.3125	978.0000
28	7.4750	978.0000
29	7.3125	979.0000
30	6.5000	978.0000
31	7.6375	979.0000
32	7.1500	979.0000
33	7.8000	979.0000
34	6.8250	979.0000
35	6.8250	979.0000
36	6.8250	979.0000
37	6.9875	979.0000
38	7.3125	979.0000
39	6.8250	979.0000
40	5.8500	979.0000
41	7.6375	979.0000
42	7.4750	979.0000
43	6.9875	979.0000
44	7.3125	979.0000
45	6.5000	979.0000
46	6.1750	979.0000
47	6.9875	979.0000
48	6.6625	979.0000
49	6.9875	979.0000
50	5.3625	979.0000
51	6.1750	979.0000
52	6.3375	979.0000
53	6.3375	979.0000
54	6.1750	979.0000
55	6.8250	979.0000
56	6.8250	979.0000
57	6.6625	979.0000
58	6.8250	979.0000
59	6.8250	979.0000
60	6.6625	979.0000
61	7.1500	979.0000
62	6.0125	979.0000
63	6.9875	978.0000
64	6.6625	979.0000
65	6.8250	979.0000
66	6.3375	978.0000
67	7.1500	978.0000
68	6.8250	979.0000
69	6.9875	979.0000
70	6.8250	978.0000
71	6.5000	977.0000
72	6.9875	979.0000
73	6.8250	978.0000
74	6.8250	979.0000
75	6.8250	978.0000
76	6.8250	979.0000
77	6.6625	979.0000
78	6.6625	979.0000
79	6.1750	978.0000
80	5.8500	979.0000
81	6.5000	979.0000
82	6.6625	979.0000
83	6.3375	979.0000
84	6.3375	979.0000
85	6.1750	979.0000
86	6.3375	979.0000
87	6.3375	979.0000
88	5.5250	979.0000
89	6.0125	979.0000
90	6.1750	979.0000
91	6.3375	979.0000
92	6.0125	979.0000
93	6.3375	979.0000
94	6.0125	980.0000
95	3.9000	979.0000
96	5.8500	979.0000
97	6.3375	980.0000
98	5.8500	979.0000
99	4.7125	980.0000
100	5.8500	979.0000
101	5.0375	979.0000
102	4.7125	979.0000
103	5.0375	979.0000
104	5.0375	979.0000
105	4.8750	979.0000
106	4.8750	979.0000
107	4.7125	979.0000
108	5.0375	979.0000
109	4.5500	979.0000
110	3.9000	979.0000
111	4.3875	979.0000
112	5.3625	979.0000
113	5.3625	979.0000
114	5.0375	979.0000
115	5.2000	979.0000
116	4.7125	979.0000
117	5.3625	979.0000
118	5.2000	979.0000
119	5.3625	979.0000
120	4.8750	979.0000
121	5.0375	978.0000
122	4.8750	979.0000
123	5.0375	979.0000
124	5.0375	979.0000
125	4.3875	979.0000
126	4.2250	979.0000
127	4.8750	979.0000
128	4.3875	979.0000
129	4.5500	979.0000
130	4.3875	980.0000
131	3.7375	979.0000
132	3.7375	979.0000
133	2.9250	979.0000
134	4.8750	979.0000
135	4.2250	979.0000
136	4.0625	979.0000
137	0.4875	979.0000
138	3.5750	979.0000
139	3.5750	979.0000
140	3.2500	979.0000
141	4.0625	979.0000
142	3.7375	979.0000
143	3.9000	979.0000
144	3.5750	979.0000
145	3.9000	979.0000
146	3.4125	979.0000
147	3.7375	979.0000
148	3.5750	980.0000
149	3.4125	979.0000
150	3.4125	980.0000
151	3.4125	980.0000
152	2.2750	981.0000
153	2.9250	979.0000
154	2.9250	979.0000
155	2.1125	979.0000
156	2.2750	979.0000
157	1.7875	979.0000
158	1.4625	980.0000
159	0.8125	979.0000
160	0.1625	979.0000
161	0.0000	979.0000
162	-1.6250	979.0000
163	-2.2750	979.0000
164	-2.9250	979.0000
165	-3.2500	979.0000
166	-4.2250	979.0000
167	-3.9000	979.0000
168	-4.7125	979.0000
169	-5.5250	979.0000
170	-6.0125	979.0000
171	-7.6375	979.0000
172	-7.8000	979.0000
173	-8.2875	978.0000
174	-9.4250	979.0000
175	-10.4000	983.0000
176	-11.0500	979.0000
177	-11.8625	979.0000
178	-13.0000	979.0000
179	-14.1375	979.0000
180	-14.7875	979.0000
181	-15.9250	979.0000
182	-16.9000	979.0000
183	-18.2000	980.0000
184	-19.3375	979.0000
185	-20.8000	979.0000
186	-24.3750	979.0000
187	-24.0500	979.0000
188	-25.3500	980.0000
189	-26.4875	979.0000
190	-27.9500	980.0000
191	-29.4125	980.0000
192	-30.7125	980.0000
193	-32.0125	979.0000
194	-33.3125	980.0000
195	-34.9375	980.0000
196	-36.2375	980.0000
197	-36.7250	980.0000
198	-39.1625	980.0000
199	-39.4875	980.0000
200	-41.7625	980.0000
201	-44.6875	980.0000
202	-46.1500	980.0000
203	-45.8250	980.0000
204	-47.6125	977.0000
205	-49.0750	980.0000
206	-51.1875	980.0000
207	-52.3250	980.0000
208	-54.4375	980.0000
209	-56.2250	979.0000
210	-57.3625	980.0000
211	-58.6625	979.0000
212	-60.1250	980.0000
213	-62.2375	979.0000
214	-63.3750	980.0000
215	-65.0000	979.0000
216	-67.2750	979.0000
217	-68.7375	979.0000
218	-70.0375	979.0000
219	-72.1500	979.0000
220	-73.7750	983.0000
221	-75.0750	980.0000
222	-77.5125	979.0000
223	-79.1375	979.0000
224	-80.9250	979.0000
225	-83.0375	979.0000
226	-87.5875	979.0000
227	-85.4750	979.0000
228	-87.2625	979.0000
229	-89.2125	979.0000
230	-90.6750	979.0000
231	-92.4625	980.0000
232	-93.6000	979.0000
233	-95.2250	980.0000
234	-97.3375	979.0000
235	-100.2625	980.0000
236	-101.2375	980.0000
237	-103.5125	980.0000
238	-104.3250	982.0000
239	-106.2750	981.0000
240	-107.0875	980.0000
241	-110.0125	981.0000
242	-110.6625	980.0000
243	-112.7750	981.0000
244	-113.9125	980.0000
245	-115.7000	980.0000
246	-117.8125	981.0000
247	-118.9500	980.0000
248	-120.5750	981.0000
249	-122.5250	981.0000
250	-124.6375	980.0000
251	-126.1000	983.0000
252	-128.8625	981.0000
253	-129.5125	981.0000
254	-131.3000	981.0000
255	-132.7625	980.0000
256	-134.5500	981.0000
257	-136.1750	981.0000
258	-137.6375	980.0000
259	-138.9375	981.0000
260	-139.9125	981.0000
261	-140.8875	981.0000
262	-141.7000	980.0000
263	-141.3750	980.0000
264	-141.7000	978.0000
265	-141.2125	980.0000
266	-141.0500	980.0000
267	-141.0500	981.0000
268	-140.7250	980.0000
269	-140.5625	980.0000
270	-139.5875	980.0000
271	-139.1000	980.0000
272	-138.7750	980.0000
273	-137.8000	980.0000
274	-136.8250	980.0000
275	-135.6875	980.0000
276	-135.3625	981.0000
277	-136.1750	980.0000
278	-133.7375	980.0000
279	-132.2750	980.0000
280	-131.4625	980.0000
281	-130.1625	980.0000
282	-129.5125	980.0000
283	-128.8625	981.0000
284	-128.0500	980.0000
285	-126.7500	977.0000
286	-125.9375	981.0000
287	-124.4750	981.0000
288	-122.6875	981.0000
289	-121.8750	981.0000
290	-120.2500	981.0000
291	-118.7875	978.0000
292	-119.2750	980.0000
293	-116.5125	981.0000
294	-114.8875	981.0000
295	-113.9125	981.0000
296	-113.1000	981.0000
297	-111.9625	981.0000
298	-109.8500	981.0000
299	-108.8750	981.0000
300	-107.2500	982.0000
301	-106.1125	981.0000
302	-104.6500	981.0000
303	-103.8375	981.0000
304	-102.5375	981.0000
305	-100.5875	981.0000
306	-99.1250	981.0000
307	-98.8000	982.0000
308	-97.5000	982.0000
309	-96.0375	981.0000
310	-94.9000	981.0000
311	-93.6000	980.0000
312	-92.1375	982.0000
313	-90.3500	981.0000
314	-89.2125	981.0000
315	-87.7500	981.0000
316	-86.2875	980.0000
317	-84.8250	981.0000
318	-82.8750	980.0000
319	-81.2500	980.0000
320	-79.9500	980.0000
321	-78.6500	980.0000
322	-76.8625	981.0000
323	-75.8875	980.0000
324	-73.9375	980.0000
325	-73.2875	980.0000
326	-71.8250	980.0000
327	-70.2000	980.0000
328	-68.5750	980.0000
329	-67.4375	980.0000
330	-65.1625	980.0000
331	-63.8625	980.0000
332	-63.2125	979.0000
333	-60.9375	981.0000
334	-59.4750	980.0000
335	-57.8500	982.0000
336	-57.0375	981.0000
337	-54.9250	980.0000
338	-53.6250	980.0000
339	-52.1625	980.0000
340	-51.3500	981.0000
341	-49.2375	981.0000
342	-47.7750	981.0000
343	-47.4500	981.0000
344	-45.9875	981.0000
345	-44.5250	981.0000
346	-42.7375	981.0000
347	-41.6000	981.0000
348	-40.4625	981.0000
349	-39.0000	981.0000
350	-37.8625	981.0000
351	-35.2625	981.0000
352	-33.9625	981.0000
353	-32.8250	981.0000
354	-31.5250	982.0000
355	-30.5500	981.0000
356	-29.5750	981.0000
357	-28.4375	981.0000
358	-27.9500	981.0000
359	-26.6500	981.0000
360	-25.8375	981.0000
361	-24.5375	981.0000
362	-24.2125	981.0000
363	-23.2375	980.0000
364	-22.7500	981.0000
365	-21.7750	981.0000
366	-21.4500	980.0000
367	-21.1250	980.0000
368	-22.5875	980.0000
369	-20.4750	980.0000
370	-20.6375	980.0000
371	-21.1250	980.0000
372	-20.6375	981.0000
373	-20.3125	984.0000
374	-20.1500	980.0000
375	-20.3125	980.0000
376	-20.4750	980.0000
377	-19.9875	980.0000
378	-19.6625	980.0000
379	-19.6625	981.0000
380	-19.8250	980.0000
381	-19.3375	980.0000
382	-19.3375	980.0000
383	-21.1250	980.0000
384	-19.8250	980.0000
385	-19.3375	980.0000
386	-19.1750	980.0000
387	-19.5000	981.0000
388	-19.3375	981.0000
389	-19.0125	981.0000
390	-19.0125	980.0000
391	-20.3125	981.0000
392	-19.3375	981.0000
393	-19.0125	981.0000
394	-19.1750	981.0000
395	-18.8500	978.0000
396	-19.0125	981.0000
397	-19.1750	981.0000
398	-19.1750	981.0000
399	-19.0125	981.0000
400	-19.0125	982.0000
401	-19.0125	982.0000
402	-19.1750	981.0000
403	-20.1500	981.0000
404	-20.1500	983.0000
405	-19.8250	981.0000
406	-19.5000	981.0000
407	-19.5000	979.0000
408	-19.5000	982.0000
409	-19.5000	982.0000
410	-18.5250	982.0000
411	-18.5250	982.0000
412	-19.1750	981.0000
413	-18.3625	981.0000
414	-18.3625	981.0000
415	-18.3625	981.0000
416	-18.5250	980.0000
417	-18.3625	981.0000
418	-18.2000	982.0000
419	-18.0375	980.0000
420	-18.0375	980.0000
421	-18.0375	981.0000
422	-17.8750	981.0000
423	-18.3625	981.0000
424	-18.0375	980.0000
425	-17.8750	981.0000
426	-17.8750	980.0000
427	-18.6875	981.0000
428	-18.5250	981.0000
429	-18.3625	981.0000
430	-17.8750	980.0000
431	-18.8500	981.0000
432	-18.3625	981.0000
433	-17.8750	981.0000
434	-17.8750	980.0000
435	-18.2000	981.0000
436	-18.2000	981.0000
437	-17.8750	981.0000
438	-17.7125	981.0000
439	-18.5250	981.0000
440	-17.8750	981.0000
441	-17.5500	981.0000
442	-17.8750	982.0000
443	-17.7125	982.0000
444	-17.8750	982.0000
445	-17.5500	981.0000
446	-17.7125	982.0000
447	-17.8750	982.0000
448	-18.2000	982.0000
449	-17.7125	982.0000
450	-17.7125	982.0000
451	-17.8750	982.0000
452	-17.8750	982.0000
453	-18.5250	982.0000
454	-17.7125	982.0000
455	-17.7125	981.0000
456	-17.8750	982.0000
457	-17.8750	982.0000
458	-17.3875	982.0000
459	-19.5000	982.0000
460	-17.2250	982.0000
461	-17.3875	982.0000
462	-17.5500	982.0000
463	-17.2250	981.0000
464	-18.3625	985.0000
465	-18.2000	982.0000
466	-18.3625	982.0000
467	-18.2000	981.0000
468	-18.2000	981.0000
469	-18.0375	981.0000
470	-18.0375	981.0000
471	-17.8750	981.0000
472	-18.0375	981.0000
473	-17.3875	981.0000
474	-18.8500	981.0000
475	-17.2250	981.0000
476	-17.3875	981.0000
477	-16.9000	981.0000
478	-16.9000	981.0000
479	-17.0625	981.0000
480	-17.0625	981.0000
481	-17.0625	980.0000
482	-17.3875	981.0000
483	-17.0625	981.0000
484	-16.9000	981.0000
485	-17.7125	981.0000
486	-16.9000	981.0000
487	-17.0625	982.0000
488	-16.7375	981.0000
489	-18.6875	981.0000
490	-16.7375	981.0000
491	-17.0625	981.0000
492	-17.0625	982.0000
493	-17.5500	978.0000
494	-17.2250	983.0000
495	-16.5750	981.0000
496	-17.7125	982.0000
497	-16.7375	983.0000
498	-16.7375	982.0000
499	-16.4125	982.0000
500	-16.5750	982.0000
501	-16.4125	982.0000
502	-16.7375	982.0000
503	-16.7375	982.0000
504	-16.5750	982.0000
505	-16.5750	982.0000
506	-16.7375	982.0000
507	-16.4125	982.0000
508	-16.5750	982.0000
509	-16.5750	982.0000
510	-16.4125	978.0000
511	-16.2500	982.0000
512	-16.4125	982.0000
513	-16.9000	981.0000
514	-16.2500	982.0000
515	-16.9000	982.0000
516	-16.0875	982.0000
517	-16.0875	981.0000
518	-16.0875	982.0000
519	-16.2500	982.0000
520	-16.4125	981.0000
521	-16.2500	981.0000
522	-16.2500	981.0000
523	-16.7375	981.0000
524	-17.5500	981.0000
525	-17.0625	982.0000
526	-17.2250	982.0000
527	-17.3875	981.0000
528	-17.2250	981.0000
529	-17.0625	981.0000
530	-17.2250	981.0000
531	-17.3875	981.0000
532	-16.7375	982.0000
533	-17.3875	981.0000
534	-16.4125	981.0000
535	-16.2500	981.0000
536	-16.5750	981.0000
537	-16.4125	982.0000
538	-16.4125	980.0000
539	-16.4125	982.0000
540	-16.2500	981.0000
541	-16.2500	982.0000
542	-16.2500	982.0000
543	-16.4125	982.0000
544	-16.5750	982.0000
545	-15.9250	982.0000
546	-16.4125	982.0000
547	-16.0875	982.0000
548	-16.2500	982.0000
549	-17.2250	982.0000
550	-17.5500	982.0000
551	-16.0875	983.0000
552	-16.4125	982.0000
553	-15.9250	982.0000
554	-16.4125	982.0000
555	-15.9250	983.0000
556	-16.7375	982.0000
557	-15.9250	982.0000
558	-16.2500	982.0000
559	-16.5750	983.0000
560	-15.9250	983.0000
561	-16.2500	983.0000
562	-15.9250	982.0000
563	-15.7625	983.0000
564	-15.9250	983.0000
565	-16.9000	982.0000
566	-15.9250	982.0000
567	-16.0875	983.0000
568	-16.0875	982.0000
569	-15.7625	982.0000
570	-15.6000	982.0000
571	-16.0875	982.0000
572	-15.7625	981.0000
573	-15.6000	981.0000
574	-16.0875	982.0000
575	-15.7625	982.0000
576	-15.7625	982.0000
577	-15.4375	981.0000
578	-15.7625	982.0000
579	-15.6000	982.0000
580	-16.2500	981.0000
581	-15.4375	982.0000
582	-15.7625	982.0000
583	-15.7625	982.0000
584	-15.4375	982.0000
585	-15.7625	982.0000
586	-16.4125	984.0000
587	-16.4125	982.0000
588	-17.3875	982.0000
589	-16.4125	982.0000
590	-16.4125	982.0000
591	-16.4125	982.0000
592	-16.2500	982.0000
593	-16.2500	982.0000
594	-15.6000	982.0000
595	-15.9250	982.0000
596	-15.9250	983.0000
597	-15.6000	982.0000
598	-15.4375	983.0000
599	-15.9250	979.0000
600	-18.5250	983.0000
601	-15.1125	983.0000
602	-16.0875	983.0000
603	-15.6000	983.0000
604	-15.1125	983.0000
605	-14.9500	983.0000
606	-14.9500	983.0000
607	-14.9500	983.0000
608	-15.2750	983.0000
609	-14.6250	982.0000
610	-15.2750	983.0000
611	-14.7875	983.0000
612	-14.7875	982.0000
613	-15.4375	983.0000
614	-15.6000	982.0000
615	-15.1125	983.0000
616	-14.6250	983.0000
617	-14.4625	983.0000
618	-14.6250	982.0000
619	-14.7875	983.0000
620	-14.6250	983.0000
621	-14.4625	982.0000
622	-14.3000	982.0000
623	-14.3000	982.0000
624	-14.3000	982.0000
625	-14.1375	982.0000
626	-15.2750	982.0000
627	-15.1125	982.0000
628	-14.3000	982.0000
629	-14.3000	982.0000
630	-14.6250	982.0000
631	-14.3000	982.0000
632	-14.7875	983.0000
633	-13.8125	982.0000
634	-13.8125	982.0000
635	-13.9750	982.0000
636	-14.3000	982.0000
637	-13.8125	983.0000
638	-14.3000	983.0000
639	-13.6500	982.0000
640	-13.6500	982.0000
641	-15.1125	982.0000
642	-13.3250	983.0000
643	-13.9750	982.0000
644	-13.4875	982.0000
645	-13.8125	983.0000
646	-13.6500	983.0000
647	-14.3000	983.0000
648	-14.1375	983.0000
649	-14.1375	983.0000
650	-13.9750	983.0000
651	-14.1375	983.0000
652	-13.9750	983.0000
653	-14.4625	983.0000
654	-14.4625	983.0000
655	-14.7875	983.0000
656	-15.6000	983.0000
657	-13.4875	983.0000
658	-13.3250	983.0000
659	-13.4875	983.0000
660	-14.3000	983.0000
661	-13.1625	983.0000
662	-13.8125	983.0000
663	-12.6750	983.0000
664	-12.6750	984.0000
665	-12.6750	983.0000
666	-12.8375	983.0000
667	-13.0000	983.0000
668	-11.5375	983.0000
669	-11.3750	983.0000
670	-11.2125	983.0000
671	-11.8625	983.0000
672	-10.2375	983.0000
673	-9.2625	983.0000
674	-8.4500	983.0000
675	-8.1250	982.0000
676	-7.6375	982.0000
677	-6.8250	982.0000
678	-6.1750	982.0000
679	-6.5000	983.0000
680	-5.8500	982.0000
681	-4.7125	983.0000
682	-3.7375	983.0000
683	-2.7625	982.0000
684	-1.9500	982.0000
685	-1.1375	983.0000
686	-0.8125	983.0000
687	0.0000	983.0000
688	0.9750	982.0000
689	1.9500	983.0000
690	2.7625	982.0000
691	3.7375	983.0000
692	5.0375	983.0000
693	5.8500	983.0000
694	6.9875	983.0000
695	8.4500	983.0000
696	9.5875	983.0000
697	10.8875	983.0000
698	12.0250	983.0000
699	13.3250	984.0000
700	14.7875	983.0000
701	15.9250	984.0000
702	16.4125	984.0000
703	18.5250	983.0000
704	19.5000	984.0000
705	20.3125	984.0000
706	22.7500	984.0000
707	24.2125	984.0000
708	24.7000	983.0000
709	26.1625	984.0000
710	27.7875	984.0000
711	29.0875	984.0000
712	30.7125	984.0000
713	32.3375	984.0000
714	33.6375	983.0000
715	35.2625	984.0000
716	37.5375	984.0000
717	38.3500	984.0000
718	40.1375	983.0000
719	42.4125	984.0000
720	43.5500	983.0000
721	44.6875	984.0000
722	47.1250	983.0000
723	48.4250	983.0000
724	50.5375	983.0000
725	52.1625	983.0000
726	53.7875	983.0000
727	55.5750	983.0000
728	57.3625	983.0000
729	58.3375	983.0000
730	60.6125	983.0000
731	61.9125	984.0000
732	62.8875	983.0000
733	65.8125	983.0000
734	67.1125	983.0000
735	68.5750	983.0000
736	70.3625	984.0000
737	72.4750	983.0000
738	74.1000	984.0000
739	75.8875	983.0000
740	77.6750	984.0000
741	79.4625	983.0000
742	80.9250	984.0000
743	82.8750	984.0000
744	84.1750	984.0000
745	86.2875	984.0000
746	88.0750	984.0000
747	87.9125	984.0000
748	90.0250	984.0000
749	91.0000	981.0000
750	94.9000	984.0000
751	96.5250	985.0000
752	98.3125	984.0000
753	100.2625	985.0000
754	101.8875	984.0000
755	103.8375	985.0000
756	105.4625	985.0000
757	107.4125	984.0000
758	109.0375	984.0000
759	110.6625	985.0000
760	112.2875	985.0000
761	114.0750	985.0000
762	115.7000	985.0000
763	116.8375	985.0000
764	119.4375	985.0000
765	121.2250	985.0000
766	122.3625	985.0000
767	124.8000	985.0000
768	125.6125	985.0000
769	127.5625	984.0000
770	129.3500	985.0000
771	130.3250	984.0000
772	131.1375	985.0000
773	131.9500	984.0000
774	132.7625	984.0000
775	133.0875	984.0000
776	133.7375	984.0000
777	132.6000	985.0000
778	133.5750	985.0000
779	132.2750	984.0000
780	132.6000	984.0000
781	131.9500	984.0000
782	131.6250	985.0000
783	130.3250	984.0000
784	130.4875	985.0000
785	129.5125	984.0000
786	128.7000	984.0000
787	128.2125	984.0000
788	126.5875	984.0000
789	126.7500	985.0000
790	125.4500	984.0000
791	124.4750	985.0000
792	123.6625	983.0000
793	121.7125	985.0000
794	120.7375	985.0000
795	119.6000	985.0000
796	118.7875	985.0000
797	118.3000	985.0000
798	115.8625	985.0000
799	115.0500	985.0000
800	114.8875	985.0000
801	113.1000	985.0000
802	112.6125	985.0000
803	110.5000	985.0000
804	108.3875	985.0000
805	108.5500	985.0000
806	107.5750	985.0000
807	105.7875	985.0000
808	103.0250	985.0000
809	102.5375	986.0000
810	101.0750	985.0000
811	99.9375	985.0000
812	98.3125	985.0000
813	97.1750	985.0000
814	95.5500	985.0000
815	94.2500	985.0000
816	92.7875	985.0000
817	91.6500	985.0000
818	91.1625	984.0000
819	89.5375	984.0000
820	88.2375	985.0000
821	86.7750	984.0000
822	85.1500	985.0000
823	81.4125	984.0000
824	82.5500	984.0000
825	80.6000	984.0000
826	79.9500	984.0000
827	78.4875	984.0000
828	76.8625	984.0000
829	74.7500	984.0000
830	73.1250	984.0000
831	71.6625	984.0000
832	70.2000	984.0000
833	68.9000	984.0000
834	67.2750	982.0000
835	65.8125	983.0000
836	64.3500	984.0000
837	63.2125	983.0000
838	61.5875	984.0000
839	60.1250	984.0000
840	59.3125	984.0000
841	57.5250	984.0000
842	56.2250	984.0000
843	54.6000	984.0000
844	52.4875	984.0000
845	51.8375	984.0000
846	49.5625	984.0000
847	48.9125	984.0000
848	46.8000	984.0000
849	46.3125	984.0000
850	44.5250	984.0000
851	43.3875	984.0000
852	40.7875	984.0000
853	40.3000	985.0000
854	38.1875	984.0000
855	36.4000	984.0000
856	35.7500	984.0000
857	34.7750	984.0000
858	32.3375	984.0000
859	31.6875	985.0000
860	30.2250	984.0000
861	28.7625	985.0000
862	26.9750	984.0000
863	26.0000	985.0000
864	24.0500	984.0000
865	23.5625	984.0000
866	21.9375	984.0000
867	21.2875	984.0000
868	19.8250	984.0000
869	19.1750	984.0000
870	18.3625	984.0000
871	17.7125	984.0000
872	15.7625	983.0000
873	15.2750	984.0000
874	13.9750	984.0000
875	13.9750	984.0000
876	13.0000	984.0000
877	12.5125	983.0000
878	12.5125	984.0000
879	12.5125	984.0000
880	11.5375	984.0000
881	11.8625	984.0000
882	12.0250	984.0000
883	11.3750	984.0000
884	11.5375	984.0000
885	11.5375	984.0000
886	11.5375	984.0000
887	11.3750	984.0000
888	11.3750	984.0000
889	10.2375	984.0000
890	10.0750	984.0000
891	10.0750	985.0000
892	10.0750	984.0000
893	10.0750	984.0000
894	10.0750	985.0000
895	9.9125	985.0000
896	10.4000	985.0000
897	10.5625	985.0000
898	10.5625	984.0000
899	9.5875	986.0000
900	10.0750	984.0000
901	10.4000	985.0000
902	10.5625	985.0000
903	9.9125	985.0000
904	10.2375	984.0000
905	9.7500	984.0000
906	10.4000	984.0000
907	10.2375	985.0000
908	9.5875	985.0000
909	8.7750	984.0000
910	10.0750	984.0000
911	4.2250	984.0000
912	6.9875	984.0000
913	3.9000	984.0000
914	1.4625	984.0000
915	6.0125	984.0000
916	5.0375	984.0000
917	7.8000	984.0000
918	9.5875	985.0000
919	9.7500	984.0000
920	9.5875	984.0000
921	9.9125	984.0000
922	9.5875	984.0000
923	9.2625	984.0000
924	9.2625	984.0000
925	9.7500	984.0000
926	9.2625	984.0000
927	9.4250	984.0000
928	8.7750	984.0000
929	7.6375	984.0000
930	8.2875	985.0000
931	8.2875	984.0000
932	8.2875	984.0000
933	8.2875	984.0000
934	8.1250	984.0000
935	8.2875	984.0000
936	8.1250	984.0000
937	8.2875	984.0000
938	8.4500	984.0000
939	8.9375	985.0000
940	8.9375	985.0000
941	9.1000	984.0000
942	8.7750	984.0000
943	8.1250	985.0000
944	8.6125	985.0000
945	8.6125	985.0000
946	8.6125	985.0000
947	8.6125	985.0000
948	8.7750	985.0000
949	8.7750	985.0000
950	7.8000	985.0000
951	7.8000	985.0000
952	7.9625	985.0000
953	7.9625	985.0000
954	7.8000	985.0000
955	7.6375	985.0000
956	7.6375	985.0000
957	7.8000	985.0000
958	7.6375	985.0000
959	8.4500	985.0000
960	7.8000	984.0000
961	7.8000	985.0000
962	8.4500	984.0000
963	8.2875	984.0000
964	8.6125	984.0000
965	8.4500	984.0000
966	8.6125	984.0000
967	8.1250	984.0000
968	8.2875	984.0000
969	8.1250	984.0000
970	8.6125	984.0000
971	8.4500	984.0000
972	8.2875	984.0000
973	8.4500	984.0000
974	8.4500	984.0000
975	7.4750	984.0000
976	8.4500	984.0000
977	8.4500	984.0000
978	8.2875	984.0000
979	8.2875	984.0000
980	8.4500	985.0000
981	8.2875	984.0000
982	6.9875	984.0000
983	7.4750	984.0000
984	8.2875	985.0000
985	8.4500	985.0000
986	7.8000	985.0000
987	8.4500	985.0000
988	8.2875	985.0000
989	8.2875	985.0000
990	7.1500	984.0000
991	8.1250	985.0000
992	7.9625	985.0000
993	7.8000	986.0000
994	8.1250	985.0000
995	7.8000	985.0000
996	8.1250	985.0000
997	7.9625	985.0000
998	8.1250	985.0000
999	7.3125	987.0000
1000	7.9625	985.0000
1001	8.1250	985.0000
1002	7.6375	985.0000
1003	8.1250	984.0000
1004	7.3125	985.0000
1005	7.1500	985.0000
1006	7.6375	985.0000
1007	7.9625	985.0000
1008	6.9875	985.0000
1009	7.9625	985.0000
1010	6.6625	984.0000
1011	6.9875	985.0000
1012	6.8250	984.0000
1013	6.8250	985.0000
1014	6.8250	985.0000
1015	6.8250	985.0000
1016	6.8250	984.0000
1017	6.9875	985.0000
1018	7.4750	984.0000
1019	7.4750	984.0000
1020	6.1750	984.0000
1021	7.4750	984.0000
1022	7.4750	985.0000
1023	7.3125	984.0000
#33928
