#	-33.15	4780.06
#	-18.20	4775.17
#	-19.01	4780.06
#	-17.39	4780.06
#	-18.04	4780.06
#	-17.87	4784.95
#	-17.87	4775.17
#	-19.34	4784.95
#	-18.20	4780.06
#	-18.20	4784.95
#	-18.53	4784.95
#	-18.85	4784.95
#	-20.64	4784.95
#	-18.69	4789.83
#	-17.71	4784.95
#	-17.87	4794.72
#	-18.36	4784.95
#	-18.53	4794.72
#	-18.53	4789.83
#	-19.66	4794.72
#	-18.20	4789.83
#	-18.36	4799.61
#	-18.04	4794.72
#	-18.36	4799.61
#	-18.36	4794.72
#	-18.36	4799.61
#	-19.50	4794.72
#	-18.20	4745.85
#	-18.36	4740.96
#	-18.04	4750.73
#	-18.36	4740.96
#	-18.36	4740.96
#	-18.36	4740.96
#	-20.31	4745.85
#	-18.20	4750.73
#	-18.20	4745.85
#	-18.04	4750.73
#	-18.20	4750.73
#	-17.87	4750.73
#	-18.36	4750.73
#	-19.17	4755.62
#	-18.20	4750.73
#	-18.20	4755.62
#	-18.04	4750.73
#	-18.20	4760.51
#	-18.20	4750.73
#	-18.53	4770.28
#	-18.20	4755.62
0	-18.2000	975.0000
1	-17.3875	974.0000
2	-17.5500	974.0000
3	-17.5500	974.0000
4	-17.2250	974.0000
5	-17.2250	974.0000
6	-17.3875	975.0000
7	-17.5500	975.0000
8	-16.9000	974.0000
9	-16.9000	975.0000
10	-17.7125	975.0000
11	-17.7125	975.0000
12	-17.5500	975.0000
13	-17.5500	975.0000
14	-17.5500	975.0000
15	-18.5250	975.0000
16	-17.0625	975.0000
17	-16.7375	976.0000
18	-16.9000	975.0000
19	-16.9000	976.0000
20	-16.5750	975.0000
21	-16.9000	976.0000
22	-17.0625	975.0000
23	-17.2250	976.0000
24	-16.9000	975.0000
25	-16.5750	976.0000
26	-16.5750	975.0000
27	-16.9000	976.0000
28	-16.5750	975.0000
29	-16.7375	976.0000
30	-16.7375	976.0000
31	-17.0625	976.0000
32	-16.7375	976.0000
33	-17.3875	976.0000
34	-17.0625	977.0000
35	-16.7375	976.0000
36	-16.9000	977.0000
37	-17.7125	977.0000
38	-17.7125	977.0000
39	-17.5500	977.0000
40	-16.9000	977.0000
41	-16.9000	977.0000
42	-17.2250	978.0000
43	-18.0375	977.0000
44	-18.6875	978.0000
45	-17.7125	974.0000
46	-18.5250	978.0000
47	-17.8750	977.0000
48	-17.3875	978.0000
49	-18.0375	977.0000
50	-17.5500	977.0000
51	-19.8250	977.0000
52	-18.3625	978.0000
53	-17.7125	977.0000
54	-17.0625	978.0000
55	-18.6875	978.0000
56	-17.2250	978.0000
57	-16.9000	978.0000
58	-17.2250	979.0000
59	-17.5500	978.0000
60	-17.7125	979.0000
61	-17.3875	977.0000
62	-17.2250	978.0000
63	-17.5500	978.0000
64	-17.0625	978.0000
65	-17.3875	979.0000
66	-17.7125	978.0000
67	-19.5000	979.0000
68	-17.7125	978.0000
69	-17.5500	979.0000
70	-17.7125	978.0000
71	-18.2000	979.0000
72	-18.2000	979.0000
73	-18.5250	979.0000
74	-18.2000	978.0000
75	-18.2000	979.0000
76	-17.2250	979.0000
77	-19.5000	979.0000
78	-18.2000	978.0000
79	-18.8500	980.0000
80	-17.2250	979.0000
81	-17.8750	979.0000
82	-17.2250	979.0000
83	-18.6875	980.0000
84	-17.7125	979.0000
85	-17.7125	979.0000
86	-17.5500	979.0000
87	-17.7125	979.0000
88	-18.2000	979.0000
89	-18.0375	980.0000
90	-17.8750	980.0000
91	-17.8750	979.0000
92	-17.3875	980.0000
93	-17.5500	979.0000
94	-17.3875	980.0000
95	-18.3625	979.0000
96	-17.7125	980.0000
97	-17.7125	979.0000
98	-17.5500	981.0000
99	-18.3625	979.0000
100	-17.7125	981.0000
101	-18.2000	981.0000
102	-18.3625	980.0000
103	-19.1750	980.0000
104	-17.8750	980.0000
105	-18.5250	980.0000
106	-18.8500	981.0000
107	-18.6875	980.0000
108	-18.6875	981.0000
109	-18.2000	981.0000
110	-18.3625	982.0000
111	-18.3625	980.0000
112	-18.0375	980.0000
113	-17.8750	981.0000
114	-18.2000	980.0000
115	-18.6875	981.0000
116	-17.8750	981.0000
117	-18.0375	982.0000
118	-18.0375	981.0000
119	-18.8500	981.0000
120	-19.6625	981.0000
121	-18.2000	982.0000
122	-18.5250	980.0000
123	-18.6875	982.0000
124	-18.3625	981.0000
125	-18.6875	982.0000
126	-18.3625	981.0000
127	-19.0125	984.0000
128	-18.3625	981.0000
129	-19.0125	982.0000
130	-18.2000	980.0000
131	-18.6875	982.0000
132	-18.2000	981.0000
133	-18.5250	982.0000
134	-18.6875	982.0000
135	-18.8500	981.0000
136	-18.5250	982.0000
137	-21.4500	982.0000
138	-18.8500	982.0000
139	-19.1750	982.0000
140	-19.6625	982.0000
141	-19.8250	982.0000
142	-19.9875	982.0000
143	-20.1500	982.0000
144	-20.1500	982.0000
145	-19.9875	982.0000
146	-19.8250	983.0000
147	-19.6625	982.0000
148	-19.3375	983.0000
149	-20.3125	982.0000
150	-19.5000	982.0000
151	-19.9875	982.0000
152	-20.3125	983.0000
153	-19.8250	982.0000
154	-19.8250	983.0000
155	-20.3125	982.0000
156	-20.8000	983.0000
157	-20.8000	982.0000
158	-21.7750	983.0000
159	-22.5875	982.0000
160	-22.1000	982.0000
161	-22.4250	983.0000
162	-22.7500	983.0000
163	-23.4000	983.0000
164	-24.3750	983.0000
165	-25.1875	983.0000
166	-24.5375	983.0000
167	-26.4875	983.0000
168	-26.4875	983.0000
169	-26.8125	983.0000
170	-27.3000	983.0000
171	-28.1125	983.0000
172	-29.5750	983.0000
173	-29.0875	984.0000
174	-29.5750	983.0000
175	-31.2000	983.0000
176	-32.1750	983.0000
177	-32.8250	984.0000
178	-33.1500	982.0000
179	-35.2625	984.0000
180	-35.1000	983.0000
181	-35.9125	984.0000
182	-36.5625	983.0000
183	-38.5125	984.0000
184	-38.8375	984.0000
185	-39.8125	983.0000
186	-40.7875	983.0000
187	-42.2500	984.0000
188	-43.3875	984.0000
189	-44.3625	983.0000
190	-45.3375	984.0000
191	-46.6375	984.0000
192	-48.1000	984.0000
193	-49.8875	983.0000
194	-51.0250	984.0000
195	-52.8125	983.0000
196	-52.8125	984.0000
197	-54.2750	984.0000
198	-55.5750	985.0000
199	-56.8750	984.0000
200	-58.5000	984.0000
201	-59.8000	984.0000
202	-61.5875	985.0000
203	-62.5625	983.0000
204	-63.3750	985.0000
205	-65.0000	984.0000
206	-66.9500	985.0000
207	-68.0875	984.0000
208	-69.7125	985.0000
209	-71.3375	985.0000
210	-73.7750	985.0000
211	-74.2625	985.0000
212	-75.8875	985.0000
213	-77.0250	985.0000
214	-78.9750	985.0000
215	-80.7625	985.0000
216	-80.7625	985.0000
217	-82.3875	985.0000
218	-84.8250	984.0000
219	-85.4750	986.0000
220	-86.4500	985.0000
221	-88.8875	985.0000
222	-90.1875	985.0000
223	-91.4875	984.0000
224	-92.9500	985.0000
225	-93.9250	986.0000
226	-96.8500	986.0000
227	-97.3375	986.0000
228	-99.1250	985.0000
229	-100.7500	986.0000
230	-103.1875	985.0000
231	-104.0000	986.0000
232	-105.1375	985.0000
233	-106.4375	986.0000
234	-109.0375	985.0000
235	-109.5250	985.0000
236	-110.9875	986.0000
237	-112.7750	986.0000
238	-114.4000	986.0000
239	-116.0250	986.0000
240	-117.0000	986.0000
241	-120.9000	986.0000
242	-121.2250	986.0000
243	-121.8750	986.0000
244	-124.4750	986.0000
245	-125.9375	986.0000
246	-131.6250	986.0000
247	-129.3500	986.0000
248	-130.6500	987.0000
249	-147.2250	986.0000
250	-134.3875	987.0000
251	-135.3625	986.0000
252	-136.6625	986.0000
253	-137.8000	986.0000
254	-139.5875	987.0000
255	-141.2125	984.0000
256	-143.1625	987.0000
257	-144.4625	987.0000
258	-145.6000	987.0000
259	-146.2500	987.0000
260	-146.4125	987.0000
261	-146.5750	987.0000
262	-146.4125	987.0000
263	-145.9250	988.0000
264	-145.6000	987.0000
265	-144.6250	988.0000
266	-144.6250	987.0000
267	-143.4875	988.0000
268	-142.6750	987.0000
269	-141.2125	988.0000
270	-140.5625	987.0000
271	-139.4250	988.0000
272	-138.9375	987.0000
273	-137.3125	988.0000
274	-137.1500	987.0000
275	-135.2000	988.0000
276	-134.3875	986.0000
277	-133.7375	988.0000
278	-131.9500	987.0000
279	-130.4875	988.0000
280	-129.6750	987.0000
281	-128.5375	988.0000
282	-127.2375	987.0000
283	-126.5875	988.0000
284	-124.8000	988.0000
285	-123.8250	987.0000
286	-122.6875	988.0000
287	-120.7375	988.0000
288	-119.4375	988.0000
289	-118.4625	988.0000
290	-118.3000	988.0000
291	-115.3750	987.0000
292	-114.7250	988.0000
293	-112.9375	988.0000
294	-113.9125	988.0000
295	-111.4750	987.0000
296	-109.6875	988.0000
297	-108.5500	987.0000
298	-107.2500	988.0000
299	-105.7875	988.0000
300	-104.1625	988.0000
301	-102.7000	987.0000
302	-102.2125	988.0000
303	-99.7750	987.0000
304	-97.8250	988.0000
305	-96.3625	988.0000
306	-95.7125	988.0000
307	-93.7625	988.0000
308	-92.6250	988.0000
309	-90.5125	988.0000
310	-90.3500	988.0000
311	-88.2375	988.0000
312	-87.2625	988.0000
313	-85.6375	988.0000
314	-84.3375	988.0000
315	-82.8750	989.0000
316	-81.5750	988.0000
317	-79.6250	989.0000
318	-78.9750	989.0000
319	-77.1875	989.0000
320	-77.0250	988.0000
321	-73.7750	989.0000
322	-73.1250	988.0000
323	-70.6875	989.0000
324	-69.0625	988.0000
325	-67.4375	989.0000
326	-66.3000	988.0000
327	-64.1875	989.0000
328	-63.0500	988.0000
329	-61.2625	989.0000
330	-60.1250	988.0000
331	-58.9875	988.0000
332	-57.3625	988.0000
333	-55.7375	989.0000
334	-54.9250	989.0000
335	-52.6500	989.0000
336	-51.8375	989.0000
337	-50.2125	988.0000
338	-50.0500	989.0000
339	-47.4500	989.0000
340	-46.1500	989.0000
341	-44.0375	989.0000
342	-43.2250	989.0000
343	-41.6000	989.0000
344	-40.1375	990.0000
345	-38.8375	989.0000
346	-38.1875	990.0000
347	-35.9125	989.0000
348	-35.1000	990.0000
349	-33.6375	989.0000
350	-33.1500	990.0000
351	-31.6875	989.0000
352	-31.0375	990.0000
353	-30.0625	990.0000
354	-29.4125	989.0000
355	-29.9000	990.0000
356	-27.7875	990.0000
357	-27.6250	990.0000
358	-26.0000	989.0000
359	-25.6750	990.0000
360	-24.3750	989.0000
361	-23.7250	990.0000
362	-23.0750	990.0000
363	-24.2125	990.0000
364	-22.2625	990.0000
365	-22.4250	990.0000
366	-22.4250	990.0000
367	-21.9375	990.0000
368	-21.6125	989.0000
369	-22.1000	990.0000
370	-21.6125	990.0000
371	-21.1250	990.0000
372	-21.2875	990.0000
373	-21.4500	991.0000
374	-21.2875	990.0000
375	-21.6125	991.0000
376	-20.9625	990.0000
377	-20.8000	991.0000
378	-21.1250	990.0000
379	-20.4750	990.0000
380	-20.6375	991.0000
381	-21.4500	990.0000
382	-21.6125	991.0000
383	-21.4500	990.0000
384	-21.4500	991.0000
385	-21.2875	990.0000
386	-21.6125	991.0000
387	-20.3125	990.0000
388	-20.8000	991.0000
389	-22.2625	990.0000
390	-21.7750	991.0000
391	-20.9625	990.0000
392	-20.8000	991.0000
393	-20.3125	990.0000
394	-20.3125	991.0000
395	-20.4750	990.0000
396	-20.6375	991.0000
397	-19.8250	991.0000
398	-19.8250	992.0000
399	-19.5000	990.0000
400	-19.3375	991.0000
401	-19.3375	991.0000
402	-20.1500	991.0000
403	-19.5000	991.0000
404	-19.3375	991.0000
405	-19.6625	991.0000
406	-20.3125	991.0000
407	-19.3375	991.0000
408	-19.1750	991.0000
409	-19.0125	991.0000
410	-19.5000	991.0000
411	-19.1750	992.0000
412	-19.0125	991.0000
413	-18.8500	992.0000
414	-19.8250	991.0000
415	-20.6375	992.0000
416	-18.8500	991.0000
417	-18.8500	992.0000
418	-19.0125	991.0000
419	-18.8500	994.0000
420	-19.3375	991.0000
421	-19.0125	992.0000
422	-19.1750	992.0000
423	-19.6625	992.0000
424	-19.5000	991.0000
425	-18.8500	992.0000
426	-20.1500	992.0000
427	-18.8500	992.0000
428	-20.8000	993.0000
429	-19.1750	992.0000
430	-19.9875	992.0000
431	-18.5250	992.0000
432	-19.5000	992.0000
433	-18.5250	992.0000
434	-19.3375	992.0000
435	-18.3625	992.0000
436	-18.2000	993.0000
437	-18.5250	992.0000
438	-19.0125	993.0000
439	-18.2000	991.0000
440	-18.2000	993.0000
441	-18.6875	992.0000
442	-18.6875	993.0000
443	-18.3625	992.0000
444	-18.8500	992.0000
445	-19.0125	992.0000
446	-19.0125	993.0000
447	-18.3625	992.0000
448	-18.6875	992.0000
449	-18.3625	992.0000
450	-19.3375	992.0000
451	-19.0125	993.0000
452	-19.0125	992.0000
453	-19.0125	993.0000
454	-19.3375	992.0000
455	-18.3625	992.0000
456	-18.6875	992.0000
457	-18.5250	993.0000
458	-20.8000	992.0000
459	-18.2000	993.0000
460	-18.3625	993.0000
461	-18.5250	993.0000
462	-18.3625	992.0000
463	-17.7125	993.0000
464	-18.3625	992.0000
465	-18.0375	993.0000
466	-18.2000	992.0000
467	-18.6875	993.0000
468	-18.2000	993.0000
469	-18.3625	989.0000
470	-17.7125	993.0000
471	-17.8750	993.0000
472	-18.0375	993.0000
473	-17.7125	993.0000
474	-18.0375	994.0000
475	-17.7125	993.0000
476	-18.6875	993.0000
477	-18.2000	993.0000
478	-18.2000	994.0000
479	-17.8750	993.0000
480	-18.2000	994.0000
481	-18.3625	993.0000
482	-18.0375	993.0000
483	-17.7125	992.0000
484	-19.5000	994.0000
485	-17.3875	992.0000
486	-17.7125	994.0000
487	-17.3875	993.0000
488	-17.5500	994.0000
489	-17.3875	992.0000
490	-17.8750	993.0000
491	-17.3875	993.0000
492	-17.3875	993.0000
493	-17.5500	994.0000
494	-17.5500	993.0000
495	-17.5500	993.0000
496	-17.5500	993.0000
497	-17.5500	994.0000
498	-18.0375	993.0000
499	-17.5500	995.0000
500	-17.3875	994.0000
501	-17.8750	992.0000
502	-17.2250	995.0000
503	-17.3875	995.0000
504	-17.3875	993.0000
505	-17.2250	994.0000
506	-17.0625	994.0000
507	-17.2250	993.0000
508	-17.3875	993.0000
509	-17.3875	994.0000
510	-17.3875	993.0000
511	-17.5500	991.0000
512	-17.7125	994.0000
513	-17.3875	994.0000
514	-17.2250	994.0000
515	-17.7125	994.0000
516	-18.0375	994.0000
517	-18.8500	994.0000
518	-17.5500	994.0000
519	-18.2000	994.0000
520	-18.0375	994.0000
521	-18.0375	993.0000
522	-17.8750	995.0000
523	-17.8750	994.0000
524	-17.7125	994.0000
525	-17.2250	993.0000
526	-17.3875	994.0000
527	-18.6875	994.0000
528	-17.2250	994.0000
529	-17.3875	994.0000
530	-17.3875	994.0000
531	-17.5500	994.0000
532	-17.5500	994.0000
533	-17.5500	994.0000
534	-16.9000	994.0000
535	-18.2000	994.0000
536	-17.0625	994.0000
537	-17.2250	995.0000
538	-16.9000	995.0000
539	-16.7375	995.0000
540	-16.9000	994.0000
541	-18.2000	995.0000
542	-16.9000	994.0000
543	-17.2250	995.0000
544	-16.9000	994.0000
545	-17.0625	995.0000
546	-16.9000	993.0000
547	-17.2250	995.0000
548	-17.3875	994.0000
549	-17.7125	995.0000
550	-17.2250	994.0000
551	-16.9000	995.0000
552	-17.5500	994.0000
553	-20.3125	995.0000
554	-16.9000	994.0000
555	-17.0625	995.0000
556	-16.9000	994.0000
557	-18.0375	994.0000
558	-16.7375	995.0000
559	-17.0625	994.0000
560	-16.7375	995.0000
561	-17.3875	994.0000
562	-17.5500	995.0000
563	-16.9000	994.0000
564	-16.9000	995.0000
565	-18.0375	994.0000
566	-17.3875	995.0000
567	-17.2250	994.0000
568	-16.7375	995.0000
569	-17.3875	994.0000
570	-17.5500	995.0000
571	-16.9000	994.0000
572	-16.9000	994.0000
573	-17.7125	994.0000
574	-16.7375	995.0000
575	-17.2250	994.0000
576	-16.5750	995.0000
577	-16.9000	994.0000
578	-16.5750	994.0000
579	-17.7125	994.0000
580	-17.3875	995.0000
581	-17.5500	995.0000
582	-17.2250	995.0000
583	-17.3875	995.0000
584	-17.3875	994.0000
585	-17.3875	995.0000
586	-16.7375	995.0000
587	-17.0625	995.0000
588	-17.2250	994.0000
589	-17.3875	995.0000
590	-17.3875	995.0000
591	-17.2250	995.0000
592	-17.2250	994.0000
593	-17.2250	995.0000
594	-16.4125	994.0000
595	-16.5750	995.0000
596	-17.5500	995.0000
597	-17.7125	995.0000
598	-17.2250	994.0000
599	-16.5750	994.0000
600	-16.0875	995.0000
601	-16.7375	995.0000
602	-16.5750	995.0000
603	-16.0875	995.0000
604	-15.7625	995.0000
605	-17.0625	994.0000
606	-15.7625	995.0000
607	-16.0875	995.0000
608	-15.4375	995.0000
609	-15.4375	994.0000
610	-15.4375	995.0000
611	-16.2500	994.0000
612	-15.4375	995.0000
613	-15.9250	994.0000
614	-15.9250	995.0000
615	-15.2750	993.0000
616	-15.1125	995.0000
617	-15.2750	995.0000
618	-15.1125	995.0000
619	-16.4125	994.0000
620	-15.2750	995.0000
621	-15.6000	995.0000
622	-16.4125	995.0000
623	-16.5750	995.0000
624	-16.5750	995.0000
625	-15.9250	995.0000
626	-15.2750	995.0000
627	-14.9500	995.0000
628	-14.7875	995.0000
629	-17.7125	995.0000
630	-14.9500	994.0000
631	-15.2750	995.0000
632	-14.7875	994.0000
633	-15.2750	995.0000
634	-14.7875	994.0000
635	-14.6250	995.0000
636	-14.9500	995.0000
637	-14.9500	996.0000
638	-15.2750	994.0000
639	-14.6250	995.0000
640	-15.1125	994.0000
641	-15.1125	992.0000
642	-14.6250	995.0000
643	-14.6250	995.0000
644	-14.1375	995.0000
645	-14.6250	995.0000
646	-14.1375	995.0000
647	-14.3000	995.0000
648	-15.6000	995.0000
649	-14.9500	995.0000
650	-14.9500	995.0000
651	-14.7875	995.0000
652	-14.7875	996.0000
653	-14.6250	995.0000
654	-13.9750	995.0000
655	-13.8125	994.0000
656	-14.1375	996.0000
657	-14.6250	995.0000
658	-16.9000	996.0000
659	-14.3000	995.0000
660	-14.3000	995.0000
661	-14.1375	994.0000
662	-13.0000	995.0000
663	-13.1625	994.0000
664	-13.0000	995.0000
665	-13.0000	994.0000
666	-12.6750	995.0000
667	-12.1875	995.0000
668	-11.7000	995.0000
669	-11.7000	995.0000
670	-11.0500	995.0000
671	-10.2375	995.0000
672	-9.5875	994.0000
673	-10.2375	995.0000
674	-9.2625	995.0000
675	-7.6375	995.0000
676	-6.8250	995.0000
677	-7.4750	995.0000
678	-5.3625	995.0000
679	-5.2000	992.0000
680	-4.2250	992.0000
681	-3.4125	995.0000
682	-2.4375	994.0000
683	-1.6250	995.0000
684	-0.8125	994.0000
685	-0.3250	995.0000
686	1.1375	994.0000
687	1.6250	995.0000
688	2.9250	995.0000
689	3.7375	995.0000
690	5.2000	995.0000
691	4.3875	995.0000
692	7.1500	995.0000
693	8.7750	995.0000
694	9.7500	995.0000
695	11.2125	995.0000
696	12.3500	995.0000
697	13.3250	995.0000
698	15.6000	995.0000
699	16.7375	995.0000
700	17.2250	995.0000
701	19.8250	995.0000
702	20.9625	995.0000
703	22.7500	995.0000
704	24.2125	995.0000
705	26.0000	995.0000
706	27.4625	995.0000
707	28.2750	993.0000
708	30.5500	995.0000
709	32.3375	995.0000
710	33.3125	995.0000
711	34.9375	995.0000
712	36.7250	995.0000
713	38.0250	995.0000
714	40.1375	995.0000
715	41.2750	995.0000
716	43.3875	995.0000
717	42.7375	995.0000
718	46.8000	995.0000
719	48.4250	995.0000
720	50.2125	995.0000
721	51.6750	995.0000
722	53.4625	995.0000
723	55.2500	995.0000
724	57.2000	995.0000
725	58.0125	996.0000
726	59.3125	995.0000
727	60.7750	996.0000
728	63.0500	995.0000
729	64.5125	996.0000
730	66.3000	995.0000
731	68.0875	996.0000
732	70.5250	995.0000
733	70.3625	996.0000
734	73.9375	995.0000
735	75.0750	995.0000
736	77.3500	995.0000
737	78.6500	995.0000
738	80.9250	995.0000
739	82.3875	996.0000
740	83.8500	996.0000
741	86.2875	995.0000
742	88.4000	996.0000
743	89.7000	995.0000
744	91.8125	996.0000
745	93.4375	996.0000
746	95.2250	996.0000
747	96.2000	995.0000
748	98.1500	996.0000
749	99.7750	995.0000
750	102.2125	996.0000
751	103.3500	995.0000
752	105.9500	996.0000
753	107.7375	995.0000
754	109.6875	997.0000
755	110.9875	995.0000
756	113.1000	996.0000
757	114.2375	996.0000
758	116.3500	997.0000
759	118.3000	996.0000
760	118.3000	996.0000
761	121.5500	996.0000
762	123.3375	996.0000
763	124.8000	996.0000
764	126.9125	996.0000
765	128.3750	997.0000
766	130.3250	996.0000
767	132.4375	997.0000
768	134.3875	996.0000
769	135.5250	996.0000
770	137.6375	997.0000
771	138.6125	997.0000
772	138.9375	996.0000
773	138.9375	997.0000
774	138.6125	996.0000
775	138.2875	997.0000
776	137.9625	996.0000
777	136.5000	997.0000
778	136.5000	996.0000
779	135.0375	997.0000
780	134.8750	996.0000
781	132.7625	997.0000
782	133.2500	996.0000
783	131.3000	996.0000
784	130.8125	995.0000
785	128.3750	996.0000
786	127.4000	996.0000
787	126.4250	996.0000
788	126.9125	996.0000
789	125.6125	996.0000
790	123.3375	997.0000
791	123.0125	996.0000
792	122.0375	996.0000
793	120.9000	996.0000
794	119.4375	997.0000
795	117.3250	995.0000
796	116.1875	996.0000
797	114.5625	996.0000
798	113.1000	997.0000
799	112.1250	995.0000
800	110.9875	996.0000
801	108.8750	995.0000
802	107.7375	996.0000
803	106.2750	995.0000
804	105.6250	996.0000
805	104.8125	995.0000
806	103.6750	996.0000
807	101.7250	995.0000
808	100.7500	996.0000
809	99.1250	996.0000
810	98.3125	996.0000
811	96.8500	996.0000
812	93.2750	996.0000
813	94.0875	995.0000
814	92.4625	996.0000
815	91.1625	995.0000
816	89.7000	995.0000
817	88.4000	996.0000
818	87.1000	995.0000
819	85.3125	996.0000
820	83.6875	995.0000
821	82.7125	996.0000
822	80.9250	995.0000
823	79.4625	995.0000
824	78.1625	995.0000
825	75.2375	996.0000
826	74.5875	995.0000
827	73.4500	996.0000
828	71.9875	995.0000
829	69.7125	995.0000
830	68.5750	995.0000
831	67.2750	995.0000
832	66.1375	996.0000
833	63.8625	995.0000
834	62.5625	995.0000
835	61.5875	995.0000
836	59.9625	995.0000
837	57.6875	995.0000
838	56.2250	995.0000
839	55.7375	995.0000
840	54.1125	995.0000
841	51.8375	995.0000
842	50.7000	995.0000
843	49.4000	995.0000
844	48.1000	995.0000
845	45.8250	995.0000
846	45.1750	995.0000
847	43.5500	995.0000
848	42.0875	995.0000
849	39.9750	995.0000
850	38.8375	994.0000
851	37.3750	994.0000
852	35.9125	995.0000
853	33.8000	994.0000
854	33.1500	995.0000
855	30.7125	995.0000
856	30.7125	995.0000
857	28.2750	994.0000
858	27.7875	995.0000
859	25.3500	994.0000
860	25.5125	995.0000
861	23.5625	995.0000
862	22.7500	995.0000
863	21.6125	995.0000
864	19.9875	994.0000
865	19.0125	995.0000
866	18.3625	994.0000
867	17.5500	995.0000
868	16.7375	994.0000
869	15.7625	995.0000
870	15.9250	994.0000
871	15.2750	995.0000
872	14.1375	994.0000
873	12.5125	995.0000
874	13.0000	994.0000
875	12.6750	995.0000
876	11.8625	994.0000
877	11.8625	995.0000
878	12.5125	994.0000
879	12.5125	995.0000
880	12.0250	994.0000
881	10.5625	995.0000
882	12.0250	994.0000
883	12.0250	995.0000
884	11.8625	994.0000
885	10.5625	995.0000
886	11.5375	995.0000
887	11.7000	994.0000
888	11.3750	995.0000
889	10.7250	994.0000
890	11.5375	995.0000
891	11.5375	994.0000
892	11.2125	995.0000
893	10.5625	994.0000
894	11.2125	995.0000
895	11.0500	994.0000
896	11.0500	995.0000
897	11.0500	993.0000
898	11.2125	995.0000
899	11.2125	994.0000
900	10.7250	994.0000
901	10.7250	994.0000
902	10.7250	994.0000
903	10.8875	996.0000
904	10.0750	994.0000
905	10.4000	993.0000
906	10.5625	994.0000
907	9.7500	993.0000
908	8.7750	994.0000
909	10.0750	994.0000
910	9.9125	994.0000
911	10.4000	994.0000
912	9.7500	994.0000
913	10.5625	994.0000
914	10.2375	994.0000
915	10.0750	994.0000
916	7.9625	994.0000
917	6.9875	994.0000
918	9.9125	993.0000
919	9.9125	994.0000
920	8.9375	993.0000
921	9.9125	994.0000
922	9.9125	993.0000
923	9.2625	994.0000
924	7.3125	993.0000
925	10.0750	994.0000
926	9.2625	993.0000
927	9.2625	995.0000
928	7.8000	993.0000
929	9.2625	994.0000
930	9.7500	993.0000
931	9.7500	993.0000
932	9.2625	993.0000
933	8.2875	994.0000
934	7.6375	993.0000
935	8.6125	993.0000
936	8.1250	993.0000
937	8.4500	993.0000
938	8.2875	993.0000
939	9.1000	993.0000
940	7.4750	993.0000
941	8.7750	993.0000
942	7.9625	994.0000
943	8.7750	993.0000
944	7.9625	994.0000
945	7.9625	993.0000
946	7.8000	993.0000
947	8.2875	993.0000
948	8.1250	994.0000
949	9.1000	993.0000
950	7.6375	993.0000
951	8.7750	992.0000
952	8.4500	993.0000
953	9.2625	992.0000
954	8.9375	991.0000
955	9.1000	992.0000
956	8.6125	993.0000
957	8.9375	992.0000
958	8.9375	993.0000
959	8.2875	992.0000
960	8.4500	993.0000
961	9.1000	993.0000
962	7.9625	993.0000
963	8.6125	992.0000
964	8.7750	993.0000
965	8.9375	993.0000
966	9.2625	993.0000
967	9.1000	993.0000
968	8.7750	992.0000
969	8.9375	993.0000
970	8.9375	992.0000
971	8.9375	993.0000
972	8.4500	992.0000
973	8.9375	993.0000
974	8.6125	992.0000
975	8.2875	993.0000
976	5.6875	992.0000
977	8.4500	993.0000
978	8.6125	992.0000
979	8.1250	994.0000
980	7.9625	992.0000
981	8.4500	993.0000
982	7.9625	991.0000
983	8.4500	993.0000
984	7.6375	992.0000
985	8.4500	993.0000
986	8.6125	992.0000
987	8.7750	993.0000
988	8.1250	992.0000
989	8.6125	992.0000
990	8.2875	992.0000
991	8.4500	992.0000
992	8.4500	992.0000
993	8.4500	992.0000
994	8.1250	992.0000
995	8.2875	991.0000
996	7.6375	992.0000
997	7.6375	992.0000
998	7.9625	992.0000
999	8.4500	992.0000
1000	8.2875	992.0000
1001	7.8000	991.0000
1002	8.1250	992.0000
1003	5.8500	991.0000
1004	8.4500	992.0000
1005	8.4500	991.0000
1006	8.6125	992.0000
1007	7.4750	991.0000
1008	8.4500	992.0000
1009	8.2875	991.0000
1010	8.4500	992.0000
1011	8.1250	991.0000
1012	7.9625	992.0000
1013	8.1250	991.0000
1014	8.1250	992.0000
1015	7.3125	991.0000
1016	8.1250	992.0000
1017	7.8000	991.0000
1018	8.2875	992.0000
1019	6.9875	991.0000
1020	8.4500	991.0000
1021	8.6125	991.0000
1022	8.2875	991.0000
1023	8.1250	991.0000
#59528
0	8.4500	984.0000
1	7.3125	983.0000
2	7.6375	983.0000
3	6.5000	983.0000
4	7.1500	984.0000
5	7.1500	983.0000
6	7.9625	984.0000
7	6.8250	983.0000
8	7.6375	983.0000
9	7.3125	984.0000
10	7.8000	983.0000
11	6.8250	983.0000
12	7.6375	983.0000
13	7.9625	983.0000
14	7.9625	982.0000
15	7.8000	983.0000
16	8.1250	982.0000
17	7.3125	983.0000
18	8.2875	982.0000
19	8.1250	983.0000
20	8.2875	982.0000
21	8.1250	983.0000
22	7.9625	982.0000
23	7.4750	983.0000
24	7.6375	982.0000
25	7.6375	983.0000
26	6.0125	981.0000
27	6.9875	983.0000
28	7.4750	982.0000
29	7.1500	982.0000
30	7.6375	982.0000
31	7.8000	982.0000
32	7.8000	982.0000
33	7.3125	982.0000
34	6.8250	982.0000
35	7.1500	983.0000
36	7.8000	982.0000
37	7.8000	982.0000
38	6.6625	982.0000
39	7.4750	982.0000
40	7.6375	982.0000
41	7.4750	982.0000
42	6.3375	982.0000
43	7.6375	982.0000
44	7.9625	982.0000
45	6.9875	981.0000
46	6.9875	982.0000
47	7.3125	980.0000
48	7.8000	982.0000
49	7.4750	981.0000
50	6.6625	982.0000
51	7.8000	980.0000
52	6.9875	982.0000
53	7.3125	981.0000
54	7.3125	982.0000
55	7.6375	980.0000
56	7.4750	982.0000
57	7.3125	980.0000
58	6.8250	981.0000
59	7.1500	981.0000
60	7.4750	981.0000
61	7.4750	981.0000
62	5.6875	981.0000
63	7.1500	981.0000
64	6.6625	980.0000
65	6.3375	981.0000
66	6.8250	980.0000
67	7.1500	981.0000
68	6.9875	980.0000
69	6.0125	981.0000
70	6.9875	980.0000
71	7.3125	981.0000
72	6.6625	980.0000
73	6.5000	980.0000
74	6.8250	980.0000
75	6.8250	980.0000
76	6.9875	980.0000
77	6.9875	981.0000
78	6.6625	979.0000
79	6.9875	980.0000
80	6.3375	980.0000
81	6.0125	980.0000
82	6.3375	976.0000
83	6.6625	980.0000
84	6.3375	980.0000
85	6.8250	979.0000
86	6.5000	980.0000
87	6.6625	979.0000
88	6.8250	980.0000
89	6.3375	979.0000
90	6.3375	977.0000
91	6.3375	979.0000
92	6.3375	979.0000
93	6.0125	979.0000
94	5.6875	979.0000
95	5.8500	979.0000
96	6.3375	980.0000
97	5.8500	979.0000
98	5.2000	979.0000
99	6.3375	978.0000
100	5.2000	979.0000
101	6.0125	979.0000
102	6.1750	979.0000
103	6.3375	978.0000
104	6.3375	979.0000
105	6.0125	978.0000
106	6.1750	979.0000
107	6.3375	979.0000
108	6.0125	979.0000
109	6.0125	978.0000
110	5.3625	979.0000
111	6.0125	979.0000
112	5.8500	978.0000
113	5.6875	978.0000
114	5.2000	978.0000
115	5.8500	979.0000
116	5.3625	978.0000
117	5.3625	979.0000
118	4.0625	978.0000
119	5.5250	978.0000
120	5.3625	977.0000
121	4.2250	978.0000
122	5.5250	978.0000
123	5.3625	978.0000
124	5.3625	977.0000
125	5.3625	978.0000
126	4.5500	975.0000
127	5.0375	978.0000
128	4.8750	977.0000
129	5.0375	978.0000
130	4.8750	977.0000
131	4.8750	978.0000
132	4.8750	977.0000
133	4.8750	978.0000
134	3.5750	977.0000
135	4.3875	977.0000
136	3.5750	977.0000
137	3.2500	977.0000
138	2.7625	977.0000
139	4.5500	977.0000
140	4.0625	977.0000
141	4.2250	977.0000
142	3.5750	977.0000
143	3.4125	976.0000
144	3.9000	977.0000
145	3.9000	976.0000
146	3.0875	977.0000
147	4.0625	977.0000
148	3.5750	977.0000
149	0.6500	976.0000
150	2.2750	977.0000
151	2.9250	975.0000
152	3.0875	976.0000
153	2.9250	975.0000
154	1.6250	977.0000
155	1.7875	975.0000
156	1.1375	976.0000
157	0.9750	976.0000
158	0.4875	976.0000
159	0.1625	976.0000
160	-1.1375	976.0000
161	-1.3000	976.0000
162	-2.2750	976.0000
163	-1.9500	976.0000
164	-4.7125	975.0000
165	-3.9000	975.0000
166	-5.5250	975.0000
167	-5.2000	976.0000
168	-5.6875	975.0000
169	-6.9875	975.0000
170	-8.4500	975.0000
171	-8.1250	976.0000
172	-9.5875	975.0000
173	-10.8875	975.0000
174	-11.7000	975.0000
175	-11.8625	975.0000
176	-13.0000	975.0000
177	-14.4625	975.0000
178	-16.2500	975.0000
179	-16.7375	975.0000
180	-18.2000	974.0000
181	-18.8500	975.0000
182	-20.6375	975.0000
183	-21.1250	975.0000
184	-23.7250	974.0000
185	-24.5375	975.0000
186	-26.1625	975.0000
187	-27.4625	975.0000
188	-29.2500	975.0000
189	-30.2250	974.0000
190	-33.3125	974.0000
191	-33.1500	974.0000
192	-34.4500	974.0000
193	-36.7250	976.0000
194	-37.7000	974.0000
195	-39.3250	974.0000
196	-40.9500	974.0000
197	-42.9000	973.0000
198	-44.2000	974.0000
199	-46.3125	973.0000
200	-47.9375	974.0000
201	-49.2375	973.0000
202	-51.0250	974.0000
203	-52.4875	973.0000
204	-53.9500	973.0000
205	-55.7375	972.0000
206	-57.8500	974.0000
207	-58.9875	972.0000
208	-60.7750	973.0000
209	-62.4000	976.0000
210	-63.5375	973.0000
211	-65.0000	973.0000
212	-68.7375	973.0000
213	-68.2500	973.0000
214	-69.7125	973.0000
215	-71.3375	973.0000
216	-73.7750	973.0000
217	-75.0750	973.0000
218	-78.4875	972.0000
219	-78.1625	972.0000
220	-80.2750	972.0000
221	-81.5750	973.0000
222	-83.2000	972.0000
223	-85.3125	973.0000
224	-87.1000	972.0000
225	-88.4000	973.0000
226	-91.3250	972.0000
227	-91.8125	972.0000
228	-93.7625	972.0000
229	-95.0625	972.0000
230	-97.9875	972.0000
231	-98.9625	972.0000
232	-100.4250	972.0000
233	-103.1875	973.0000
234	-104.4875	972.0000
235	-105.4625	972.0000
236	-107.2500	972.0000
237	-109.0375	972.0000
238	-110.9875	972.0000
239	-112.6125	971.0000
240	-114.2375	971.0000
241	-116.3500	971.0000
242	-117.8125	972.0000
243	-119.7625	971.0000
244	-121.7125	972.0000
245	-122.6875	971.0000
246	-125.4500	971.0000
247	-126.2625	971.0000
248	-128.0500	972.0000
249	-129.6750	971.0000
250	-131.6250	971.0000
251	-133.0875	970.0000
252	-135.5250	972.0000
253	-136.9875	970.0000
254	-138.2875	971.0000
255	-140.7250	971.0000
256	-142.0250	971.0000
257	-144.1375	971.0000
258	-144.7875	971.0000
259	-147.2250	970.0000
260	-146.2500	971.0000
261	-147.2250	970.0000
262	-146.0875	970.0000
263	-145.9250	971.0000
264	-145.7625	970.0000
265	-145.6000	970.0000
266	-143.8125	971.0000
267	-143.0000	970.0000
268	-143.1625	969.0000
269	-142.3500	970.0000
270	-141.3750	969.0000
271	-140.4000	970.0000
272	-139.2625	969.0000
273	-138.2875	969.0000
274	-137.3125	969.0000
275	-136.3375	969.0000
276	-134.7125	968.0000
277	-133.7375	969.0000
278	-133.0875	968.0000
279	-131.3000	969.0000
280	-129.6750	968.0000
281	-129.0250	969.0000
282	-127.2375	968.0000
283	-125.9375	968.0000
284	-124.4750	968.0000
285	-124.4750	968.0000
286	-122.2000	968.0000
287	-120.7375	968.0000
288	-119.4375	968.0000
289	-117.9750	967.0000
290	-116.8375	968.0000
291	-115.7000	967.0000
292	-114.2375	967.0000
293	-114.2375	968.0000
294	-112.1250	968.0000
295	-110.0125	967.0000
296	-108.7125	968.0000
297	-108.2250	967.0000
298	-106.2750	967.0000
299	-104.6500	967.0000
300	-103.8375	969.0000
301	-103.0250	967.0000
302	-102.2125	967.0000
303	-98.9625	966.0000
304	-97.6625	967.0000
305	-96.2000	964.0000
306	-94.7375	967.0000
307	-94.9000	966.0000
308	-91.9750	967.0000
309	-90.8375	966.0000
310	-89.5375	967.0000
311	-87.7500	966.0000
312	-86.2875	966.0000
313	-85.6375	966.0000
314	-85.1500	966.0000
315	-83.2000	966.0000
316	-80.9250	966.0000
317	-79.3000	965.0000
318	-77.3500	966.0000
319	-76.0500	966.0000
320	-74.7500	965.0000
321	-72.9625	966.0000
322	-71.6625	965.0000
323	-70.0375	965.0000
324	-68.2500	964.0000
325	-66.7875	966.0000
326	-65.6500	964.0000
327	-64.0250	965.0000
328	-63.0500	964.0000
329	-61.1000	965.0000
330	-59.9625	964.0000
331	-58.0125	966.0000
332	-57.3625	964.0000
333	-56.0625	964.0000
334	-53.9500	964.0000
335	-52.3250	964.0000
336	-51.0250	964.0000
337	-49.8875	964.0000
338	-47.9375	963.0000
339	-46.4750	963.0000
340	-45.1750	964.0000
341	-43.8750	964.0000
342	-42.0875	964.0000
343	-40.9500	963.0000
344	-39.6500	964.0000
345	-39.9750	963.0000
346	-37.0500	963.0000
347	-35.5875	963.0000
348	-34.9375	963.0000
349	-33.8000	963.0000
350	-33.4750	963.0000
351	-31.3625	962.0000
352	-30.7125	962.0000
353	-29.5750	963.0000
354	-30.0625	963.0000
355	-27.3000	962.0000
356	-26.8125	963.0000
357	-26.3250	959.0000
358	-25.3500	960.0000
359	-24.3750	961.0000
360	-23.7250	963.0000
361	-23.7250	961.0000
362	-22.7500	962.0000
363	-22.1000	962.0000
364	-21.7750	962.0000
365	-21.4500	962.0000
366	-21.1250	962.0000
367	-21.1250	962.0000
368	-21.7750	961.0000
369	-21.9375	962.0000
370	-20.9625	960.0000
371	-20.6375	962.0000
372	-20.6375	961.0000
373	-21.1250	961.0000
374	-20.4750	960.0000
375	-20.4750	961.0000
376	-20.3125	960.0000
377	-20.4750	961.0000
378	-20.3125	960.0000
379	-20.1500	961.0000
380	-20.3125	960.0000
381	-20.4750	961.0000
382	-19.9875	960.0000
383	-19.8250	961.0000
384	-20.1500	960.0000
385	-20.9625	961.0000
386	-20.4750	959.0000
387	-19.9875	960.0000
388	-19.5000	959.0000
389	-20.9625	960.0000
390	-19.5000	959.0000
391	-19.5000	960.0000
392	-19.1750	960.0000
393	-20.4750	960.0000
394	-19.3375	959.0000
395	-19.3375	960.0000
396	-19.0125	960.0000
397	-20.3125	962.0000
398	-19.5000	960.0000
399	-19.8250	959.0000
400	-19.0125	959.0000
401	-19.9875	961.0000
402	-19.1750	959.0000
403	-19.3375	958.0000
404	-19.0125	959.0000
405	-19.6625	958.0000
406	-18.8500	959.0000
407	-20.6375	958.0000
408	-18.6875	959.0000
409	-19.0125	957.0000
410	-18.6875	958.0000
411	-18.6875	957.0000
412	-18.6875	959.0000
413	-19.3375	957.0000
414	-18.6875	958.0000
415	-19.0125	958.0000
416	-18.5250	958.0000
417	-19.0125	958.0000
418	-19.0125	958.0000
419	-18.8500	958.0000
420	-19.5000	958.0000
421	-18.5250	958.0000
422	-18.6875	958.0000
423	-20.4750	958.0000
424	-18.5250	958.0000
425	-19.0125	960.0000
426	-18.0375	957.0000
427	-18.3625	958.0000
428	-18.0375	957.0000
429	-18.6875	958.0000
430	-17.8750	957.0000
431	-18.2000	958.0000
432	-18.3625	957.0000
433	-18.2000	958.0000
434	-18.6875	956.0000
435	-19.1750	958.0000
436	-18.2000	957.0000
437	-18.2000	958.0000
438	-19.0125	957.0000
439	-18.2000	958.0000
440	-18.8500	957.0000
441	-18.2000	958.0000
442	-17.8750	957.0000
443	-18.0375	957.0000
444	-18.3625	957.0000
445	-17.8750	957.0000
446	-17.7125	957.0000
447	-18.0375	957.0000
448	-18.3625	956.0000
449	-19.1750	957.0000
450	-17.5500	957.0000
451	-17.8750	957.0000
452	-17.8750	957.0000
453	-17.7125	956.0000
454	-18.6875	957.0000
455	-18.2000	957.0000
456	-17.8750	957.0000
457	-18.0375	956.0000
458	-18.0375	957.0000
459	-18.2000	956.0000
460	-17.5500	957.0000
461	-17.3875	957.0000
462	-17.2250	958.0000
463	-17.3875	956.0000
464	-17.5500	958.0000
465	-17.0625	956.0000
466	-18.2000	957.0000
467	-17.2250	957.0000
468	-17.3875	957.0000
469	-16.9000	956.0000
470	-17.7125	957.0000
471	-18.0375	956.0000
472	-17.3875	957.0000
473	-17.3875	957.0000
474	-17.3875	956.0000
475	-17.2250	957.0000
476	-17.3875	956.0000
477	-17.3875	957.0000
478	-17.0625	957.0000
479	-17.5500	957.0000
480	-17.2250	956.0000
481	-17.3875	957.0000
482	-17.0625	956.0000
483	-17.0625	957.0000
484	-17.3875	956.0000
485	-16.9000	957.0000
486	-16.9000	956.0000
487	-16.9000	957.0000
488	-18.0375	956.0000
489	-17.0625	956.0000
490	-16.9000	956.0000
491	-17.3875	956.0000
492	-17.8750	956.0000
493	-17.3875	957.0000
494	-18.8500	956.0000
495	-17.2250	957.0000
496	-17.7125	956.0000
497	-16.7375	956.0000
498	-16.9000	957.0000
499	-16.9000	956.0000
500	-17.3875	956.0000
501	-17.3875	956.0000
502	-16.5750	956.0000
503	-17.0625	955.0000
504	-17.2250	956.0000
505	-16.9000	956.0000
506	-17.0625	956.0000
507	-19.1750	956.0000
508	-16.9000	956.0000
509	-16.7375	956.0000
510	-16.9000	957.0000
511	-17.2250	956.0000
512	-17.8750	956.0000
513	-16.7375	955.0000
514	-17.0625	956.0000
515	-16.9000	956.0000
516	-17.2250	957.0000
517	-16.9000	956.0000
518	-19.0125	956.0000
519	-16.7375	956.0000
520	-16.7375	956.0000
521	-16.5750	956.0000
522	-17.0625	956.0000
523	-16.7375	956.0000
524	-17.5500	956.0000
525	-16.9000	956.0000
526	-16.9000	956.0000
527	-17.7125	956.0000
528	-17.3875	956.0000
529	-16.7375	956.0000
530	-17.2250	956.0000
531	-16.4125	956.0000
532	-17.0625	956.0000
533	-16.5750	956.0000
534	-16.4125	955.0000
535	-17.0625	956.0000
536	-16.7375	956.0000
537	-16.5750	956.0000
538	-16.4125	955.0000
539	-17.2250	956.0000
540	-16.9000	955.0000
541	-16.5750	956.0000
542	-16.5750	955.0000
543	-16.4125	956.0000
544	-16.9000	956.0000
545	-16.4125	956.0000
546	-16.4125	956.0000
547	-16.5750	956.0000
548	-17.2250	956.0000
549	-16.0875	955.0000
550	-16.9000	955.0000
551	-16.9000	955.0000
552	-16.5750	956.0000
553	-17.2250	956.0000
554	-17.2250	956.0000
555	-17.2250	955.0000
556	-17.5500	956.0000
557	-17.3875	956.0000
558	-16.2500	956.0000
559	-16.5750	954.0000
560	-16.5750	956.0000
561	-17.5500	955.0000
562	-16.2500	956.0000
563	-16.9000	955.0000
564	-16.9000	956.0000
565	-17.5500	955.0000
566	-17.2250	956.0000
567	-16.2500	956.0000
568	-16.0875	956.0000
569	-16.0875	955.0000
570	-16.7375	956.0000
571	-15.7625	955.0000
572	-15.9250	955.0000
573	-15.9250	956.0000
574	-16.2500	955.0000
575	-16.0875	956.0000
576	-16.0875	955.0000
577	-15.9250	956.0000
578	-16.2500	955.0000
579	-16.2500	955.0000
580	-16.0875	955.0000
581	-15.9250	956.0000
582	-16.0875	955.0000
583	-16.2500	956.0000
584	-15.9250	955.0000
585	-15.6000	956.0000
586	-16.2500	955.0000
587	-17.2250	956.0000
588	-15.7625	955.0000
589	-15.7625	955.0000
590	-15.6000	955.0000
591	-16.2500	956.0000
592	-15.7625	955.0000
593	-15.4375	955.0000
594	-15.4375	955.0000
595	-16.2500	955.0000
596	-15.9250	956.0000
597	-15.2750	956.0000
598	-15.2750	956.0000
599	-16.2500	955.0000
600	-15.6000	956.0000
601	-15.6000	956.0000
602	-15.6000	955.0000
603	-15.9250	955.0000
604	-15.7625	956.0000
605	-15.6000	955.0000
606	-15.1125	955.0000
607	-15.1125	955.0000
608	-15.1125	956.0000
609	-14.9500	955.0000
610	-15.4375	956.0000
611	-15.1125	955.0000
612	-15.2750	955.0000
613	-15.6000	955.0000
614	-14.7875	956.0000
615	-14.9500	955.0000
616	-14.7875	955.0000
617	-14.6250	955.0000
618	-14.9500	955.0000
619	-15.4375	955.0000
620	-16.4125	955.0000
621	-14.4625	955.0000
622	-15.6000	955.0000
623	-15.4375	955.0000
624	-15.4375	955.0000
625	-15.6000	956.0000
626	-15.2750	955.0000
627	-15.2750	956.0000
628	-14.4625	955.0000
629	-14.3000	956.0000
630	-16.7375	955.0000
631	-14.3000	956.0000
632	-15.7625	954.0000
633	-14.3000	956.0000
634	-15.4375	955.0000
635	-14.9500	956.0000
636	-14.3000	955.0000
637	-14.6250	956.0000
638	-13.9750	955.0000
639	-13.9750	956.0000
640	-14.1375	955.0000
641	-13.8125	955.0000
642	-13.8125	955.0000
643	-13.8125	955.0000
644	-13.8125	956.0000
645	-13.8125	955.0000
646	-13.6500	955.0000
647	-14.9500	955.0000
648	-14.1375	956.0000
649	-13.9750	955.0000
650	-13.8125	955.0000
651	-13.8125	955.0000
652	-13.9750	956.0000
653	-13.1625	955.0000
654	-13.1625	955.0000
655	-13.8125	955.0000
656	-13.9750	956.0000
657	-13.0000	955.0000
658	-12.8375	956.0000
659	-13.4875	954.0000
660	-12.6750	956.0000
661	-12.3500	955.0000
662	-13.1625	955.0000
663	-12.5125	955.0000
664	-12.3500	955.0000
665	-13.0000	955.0000
666	-12.6750	955.0000
667	-12.0250	956.0000
668	-11.5375	955.0000
669	-11.5375	955.0000
670	-10.7250	955.0000
671	-10.0750	955.0000
672	-9.5875	955.0000
673	-8.6125	955.0000
674	-7.9625	955.0000
675	-7.4750	956.0000
676	-7.1500	955.0000
677	-6.1750	955.0000
678	-5.2000	955.0000
679	-4.3875	955.0000
680	-3.7375	955.0000
681	-3.0875	956.0000
682	-2.9250	955.0000
683	-1.3000	955.0000
684	-0.9750	955.0000
685	-0.1625	955.0000
686	1.4625	955.0000
687	1.4625	955.0000
688	2.4375	955.0000
689	4.5500	956.0000
690	5.5250	955.0000
691	6.3375	955.0000
692	7.9625	955.0000
693	9.2625	955.0000
694	10.5625	955.0000
695	11.7000	954.0000
696	12.6750	955.0000
697	14.1375	955.0000
698	14.7875	955.0000
699	16.9000	955.0000
700	18.8500	957.0000
701	19.9875	955.0000
702	21.4500	956.0000
703	23.2375	955.0000
704	24.3750	955.0000
705	25.8375	955.0000
706	26.9750	957.0000
707	28.6000	955.0000
708	30.0625	956.0000
709	32.1750	955.0000
710	33.9625	955.0000
711	35.1000	955.0000
712	36.4000	955.0000
713	39.1625	955.0000
714	40.6250	956.0000
715	42.2500	955.0000
716	43.7125	955.0000
717	45.6625	956.0000
718	46.9625	955.0000
719	48.7500	956.0000
720	50.5375	955.0000
721	51.6750	956.0000
722	53.7875	955.0000
723	55.0875	956.0000
724	56.7125	955.0000
725	57.6875	956.0000
726	60.1250	955.0000
727	62.0750	956.0000
728	64.0250	955.0000
729	65.8125	956.0000
730	67.6000	955.0000
731	68.7375	956.0000
732	71.0125	955.0000
733	72.9625	956.0000
734	74.1000	955.0000
735	75.7250	956.0000
736	78.0000	956.0000
737	79.6250	955.0000
738	81.2500	956.0000
739	83.0375	955.0000
740	84.8250	956.0000
741	86.2875	955.0000
742	87.4250	956.0000
743	89.2125	955.0000
744	91.3250	956.0000
745	93.1125	956.0000
746	95.0625	956.0000
747	97.1750	955.0000
748	99.1250	956.0000
749	100.1000	955.0000
750	102.7000	957.0000
751	102.7000	955.0000
752	106.1125	956.0000
753	107.9000	953.0000
754	109.3625	956.0000
755	111.3125	956.0000
756	113.2625	956.0000
757	114.7250	956.0000
758	116.5125	956.0000
759	116.6750	956.0000
760	119.2750	956.0000
761	121.2250	956.0000
762	123.1750	956.0000
763	125.1250	956.0000
764	127.2375	956.0000
765	129.1875	956.0000
766	130.9750	956.0000
767	131.9500	957.0000
768	134.3875	956.0000
769	136.0125	956.0000
770	137.6375	956.0000
771	138.4500	956.0000
772	138.9375	956.0000
773	138.9375	957.0000
774	137.9625	956.0000
775	137.8000	956.0000
776	137.8000	956.0000
777	136.6625	957.0000
778	136.5000	956.0000
779	135.8500	956.0000
780	135.0375	956.0000
781	133.9000	956.0000
782	133.0875	956.0000
783	132.2750	956.0000
784	130.9750	956.0000
785	130.0000	956.0000
786	128.8625	956.0000
787	127.7250	956.0000
788	126.9125	956.0000
789	125.7750	956.0000
790	123.8250	956.0000
791	122.6875	956.0000
792	121.5500	956.0000
793	120.4125	955.0000
794	117.6500	956.0000
795	117.0000	955.0000
796	115.8625	956.0000
797	114.7250	955.0000
798	114.2375	956.0000
799	113.2625	955.0000
800	111.9625	956.0000
801	110.5000	955.0000
802	108.7125	956.0000
803	106.4375	956.0000
804	105.6250	955.0000
805	104.1625	956.0000
806	102.8625	956.0000
807	102.3750	955.0000
808	100.1000	956.0000
809	98.9625	955.0000
810	96.8500	955.0000
811	95.7125	956.0000
812	95.3875	955.0000
813	92.9500	956.0000
814	90.8375	955.0000
815	90.1875	956.0000
816	89.5375	955.0000
817	88.0750	956.0000
818	86.4500	955.0000
819	85.4750	956.0000
820	81.9000	955.0000
821	82.5500	956.0000
822	80.6000	955.0000
823	79.4625	955.0000
824	78.0000	955.0000
825	76.5375	955.0000
826	74.7500	955.0000
827	72.4750	955.0000
828	71.0125	955.0000
829	70.2000	955.0000
830	68.7375	953.0000
831	67.2750	955.0000
832	65.6500	955.0000
833	64.6750	954.0000
834	62.7250	953.0000
835	61.5875	955.0000
836	60.2875	955.0000
837	58.0125	955.0000
838	55.9000	955.0000
839	54.4375	954.0000
840	52.9750	955.0000
841	51.6750	954.0000
842	50.0500	955.0000
843	48.1000	954.0000
844	47.6125	955.0000
845	46.4750	954.0000
846	43.7125	955.0000
847	42.7375	954.0000
848	41.2750	955.0000
849	40.3000	954.0000
850	36.0750	955.0000
851	36.8875	954.0000
852	36.2375	954.0000
853	34.9375	954.0000
854	33.3125	955.0000
855	32.0125	955.0000
856	30.5500	954.0000
857	29.0875	955.0000
858	27.9500	954.0000
859	26.4875	954.0000
860	25.5125	954.0000
861	24.3750	955.0000
862	23.0750	953.0000
863	21.1250	955.0000
864	20.9625	954.0000
865	19.9875	954.0000
866	19.0125	953.0000
867	17.3875	954.0000
868	17.7125	954.0000
869	16.2500	955.0000
870	15.7625	954.0000
871	14.6250	954.0000
872	14.1375	954.0000
873	13.6500	953.0000
874	13.0000	954.0000
875	13.0000	954.0000
876	13.0000	954.0000
877	12.6750	954.0000
878	11.7000	955.0000
879	12.1875	954.0000
880	12.1875	955.0000
881	12.1875	953.0000
882	10.8875	955.0000
883	11.3750	954.0000
884	10.8875	954.0000
885	11.7000	954.0000
886	10.7250	954.0000
887	11.3750	953.0000
888	11.5375	954.0000
889	10.8875	953.0000
890	11.5375	954.0000
891	11.5375	954.0000
892	11.5375	954.0000
893	11.3750	953.0000
894	11.3750	954.0000
895	11.5375	953.0000
896	11.0500	954.0000
897	11.2125	954.0000
898	10.8875	954.0000
899	10.5625	954.0000
900	11.3750	954.0000
901	10.4000	954.0000
902	10.2375	954.0000
903	10.0750	954.0000
904	10.5625	953.0000
905	9.9125	954.0000
906	10.7250	954.0000
907	9.7500	953.0000
908	9.5875	953.0000
909	9.4250	954.0000
910	9.2625	953.0000
911	9.5875	955.0000
912	10.4000	953.0000
913	10.2375	954.0000
914	10.2375	953.0000
915	9.2625	954.0000
916	10.4000	953.0000
917	9.9125	954.0000
918	9.5875	953.0000
919	8.6125	954.0000
920	9.7500	953.0000
921	9.5875	954.0000
922	8.6125	953.0000
923	9.4250	954.0000
924	9.4250	953.0000
925	10.2375	953.0000
926	9.5875	954.0000
927	9.5875	954.0000
928	9.7500	954.0000
929	9.9125	953.0000
930	9.5875	954.0000
931	9.5875	953.0000
932	9.4250	954.0000
933	9.9125	953.0000
934	9.2625	954.0000
935	9.5875	953.0000
936	9.5875	953.0000
937	9.5875	953.0000
938	8.2875	955.0000
939	8.9375	953.0000
940	9.5875	954.0000
941	8.4500	954.0000
942	8.4500	954.0000
943	8.6125	953.0000
944	8.6125	952.0000
945	8.6125	954.0000
946	8.7750	954.0000
947	8.9375	953.0000
948	9.2625	953.0000
949	9.4250	953.0000
950	9.1000	953.0000
951	8.1250	954.0000
952	9.1000	953.0000
953	9.1000	953.0000
954	7.9625	953.0000
955	8.7750	954.0000
956	8.9375	952.0000
957	8.1250	954.0000
958	6.6625	953.0000
959	8.4500	954.0000
960	9.2625	953.0000
961	9.1000	954.0000
962	8.7750	953.0000
963	9.1000	953.0000
964	9.2625	953.0000
965	9.2625	953.0000
966	8.9375	953.0000
967	8.1250	953.0000
968	9.1000	952.0000
969	9.2625	953.0000
970	8.7750	953.0000
971	8.7750	953.0000
972	8.7750	953.0000
973	8.4500	953.0000
974	7.9625	953.0000
975	8.2875	953.0000
976	8.6125	953.0000
977	8.2875	953.0000
978	8.4500	953.0000
979	8.6125	953.0000
980	8.9375	954.0000
981	8.6125	953.0000
982	8.7750	953.0000
983	8.1250	953.0000
984	6.9875	954.0000
985	8.2875	952.0000
986	7.6375	954.0000
987	8.2875	953.0000
988	7.3125	953.0000
989	8.7750	952.0000
990	8.4500	953.0000
991	8.2875	953.0000
992	8.1250	953.0000
993	8.2875	953.0000
994	8.2875	953.0000
995	7.6375	953.0000
996	8.7750	953.0000
997	8.6125	953.0000
998	8.6125	953.0000
999	8.4500	953.0000
1000	8.6125	953.0000
1001	8.7750	953.0000
1002	8.4500	953.0000
1003	8.6125	953.0000
1004	8.6125	952.0000
1005	8.2875	953.0000
1006	8.1250	952.0000
1007	8.4500	953.0000
1008	8.4500	952.0000
1009	8.1250	953.0000
1010	7.4750	952.0000
1011	4.8750	953.0000
1012	7.9625	953.0000
1013	7.8000	953.0000
1014	8.2875	952.0000
1015	8.2875	953.0000
1016	8.2875	952.0000
1017	8.1250	953.0000
1018	7.9625	952.0000
1019	8.2875	953.0000
1020	8.2875	953.0000
1021	8.1250	953.0000
1022	8.1250	953.0000
1023	7.9625	953.0000
#59528
